options: Options {
    input: "/benchrun/accelsim-ptx/vectoradd/sm6_gtx1080/input-1000/results/log.txt",
    output: "/benchrun/accelsim-ptx/vectoradd/sm6_gtx1080/input-1000/results/stats.csv",
    per_kernel: false,
    kernel_instance: false,
    configs_as_rows: false,
    config_list: None,
    benchmark_list: None,
    sim_name: None,
    strict: false,
}
GPGPU-sim version: Some("gpgpu-sim_git-commit-13c67115070dc2f0876254a790d0238073ca364a_modified_0.0")
stats: {
    (
        "final_kernel",
        0,
        "l2_cache_write_hit",
    ): 63.0,
    (
        "final_kernel",
        0,
        "total_dram_reads",
    ): 12.0,
    (
        "final_kernel",
        0,
        "gpu_occupancy",
    ): 46.7692,
    (
        "final_kernel",
        0,
        "gpu_tot_sim_cycle",
    ): 1434.0,
    (
        "final_kernel",
        0,
        "gpgpu_n_tot_w_icount",
    ): 704.0,
    (
        "final_kernel",
        0,
        "gpu_tot_ipc",
    ): 14.8285,
    (
        "final_kernel",
        0,
        "l2_cache_read_total",
    ): 126.0,
    (
        "final_kernel",
        0,
        "l2_cache_read_miss",
    ): 0.0,
    (
        "final_kernel",
        0,
        "l2_cache_write_total",
    ): 63.0,
    (
        "final_kernel",
        0,
        "const_cache_read_total",
    ): 1.0,
    (
        "final_kernel",
        0,
        "total_core_cache_read_mshr_hit",
    ): 0.0,
    (
        "final_kernel",
        0,
        "total_core_cache_write_hit",
    ): 0.0,
    (
        "final_kernel",
        0,
        "gpgpu_silicon_slowdown",
    ): 1120641.0,
    (
        "final_kernel",
        0,
        "total_core_cache_read_hit",
    ): 0.0,
    (
        "final_kernel",
        0,
        "gpu_ipc",
    ): 14.8285,
    (
        "final_kernel",
        0,
        "l2_cache_read_hit",
    ): 126.0,
    (
        "final_kernel",
        0,
        "l2_cache_write_miss",
    ): 0.0,
    (
        "final_kernel",
        0,
        "gpgpu_simulation_rate",
    ): 1434.0,
    (
        "final_kernel",
        0,
        "total_dram_writes",
    ): 0.0,
    (
        "final_kernel",
        0,
        "kernel_launch_uid",
    ): 1.0,
    (
        "final_kernel",
        0,
        "l2_bandwidth_gbps",
    ): 12.6907,
    (
        "final_kernel",
        0,
        "gpgpu_simulation_time_sec",
    ): 1.0,
    (
        "final_kernel",
        0,
        "gpu_total_instructions",
    ): 21264.0,
}
done in 31.453663ms: 73.56 KiB parsed (16.00 EiB/s)
