options: Options {
    input: "/benchrun/accelsim-sass/sm86_a4000/cuda10-matrixmul/input-wa128-ha128-wb128-hb128/results/log.txt",
    output: "/benchrun/accelsim-sass/sm86_a4000/cuda10-matrixmul/input-wa128-ha128-wb128-hb128/results/stats.csv",
    per_kernel: false,
    kernel_instance: false,
    configs_as_rows: false,
    config_list: None,
    benchmark_list: None,
    sim_name: None,
    strict: false,
}
GPGPU-sim version: Some("accelsim-commit-e02c99dbadefc0b9dc95317100be2a446eec142c_modified_0.0")
stats: {
    (
        "final_kernel",
        0,
        "total_core_cache_write_hit",
    ): 0.0,
    (
        "final_kernel",
        0,
        "total_dram_writes",
    ): 0.0,
    (
        "final_kernel",
        0,
        "gpgpu_simulation_time_sec",
    ): 9.0,
    (
        "final_kernel",
        0,
        "total_core_cache_write_total",
    ): 2048.0,
    (
        "final_kernel",
        0,
        "gpu_ipc",
    ): 411.4279,
    (
        "final_kernel",
        0,
        "gpgpu_simulation_rate",
    ): 1668.0,
    (
        "final_kernel",
        0,
        "l2_cache_read_hit",
    ): 42.0,
    (
        "final_kernel",
        0,
        "gpgpu_silicon_slowdown",
    ): 440647.0,
    (
        "final_kernel",
        0,
        "gpu_tot_sim_cycle",
    ): 15013.0,
    (
        "final_kernel",
        0,
        "total_core_cache_read_total",
    ): 16384.0,
    (
        "final_kernel",
        0,
        "l2_bandwidth_gbps",
    ): 28.8763,
    (
        "final_kernel",
        0,
        "l2_cache_write_miss",
    ): 512.0,
    (
        "final_kernel",
        0,
        "gpu_tot_ipc",
    ): 411.4279,
    (
        "final_kernel",
        0,
        "gpgpu_n_tot_w_icount",
    ): 194048.0,
    (
        "final_kernel",
        0,
        "l2_cache_write_total",
    ): 2048.0,
    (
        "final_kernel",
        0,
        "total_dram_reads",
    ): 4096.0,
    (
        "final_kernel",
        0,
        "total_core_cache_read_mshr_hit",
    ): 0.0,
    (
        "final_kernel",
        0,
        "l2_cache_write_hit",
    ): 0.0,
    (
        "final_kernel",
        0,
        "l2_cache_read_total",
    ): 16384.0,
    (
        "final_kernel",
        0,
        "l2_cache_read_miss",
    ): 1024.0,
    (
        "final_kernel",
        0,
        "total_core_cache_read_hit",
    ): 0.0,
    (
        "final_kernel",
        0,
        "gpu_occupancy",
    ): 66.3831,
    (
        "final_kernel",
        0,
        "gpu_total_instructions",
    ): 6176768.0,
    (
        "final_kernel",
        0,
        "kernel_launch_uid",
    ): 1.0,
}
done in 9.727722ms: 102.92 KiB parsed (16.00 EiB/s)
