(0.000601) CudaRuntime.cpp:3813: Adding external function 'malloc'
(0.000686) CudaRuntime.cpp:3813: Adding external function 'free'
(0.000712) CudaRuntime.cpp:3813: Adding external function 'vprintf'
(0.000737) CudaRuntime.cpp:3813: Adding external function 'cudaGetParameterBuffer'
(0.000819) CudaRuntime.cpp:595:  Loading module (fatbin) - CUDAStream.cu
(0.000852) CudaRuntime.cpp:738:  Registered kernel - _Z11init_kernelIdEvPT_S1_S1_S0_S0_S0_ in module 'CUDAStream.cu'
(0.000884) CudaRuntime.cpp:738:  Registered kernel - _Z10dot_kernelIdEvPKT_S2_PS0_i in module 'CUDAStream.cu'
(0.000900) CudaRuntime.cpp:738:  Registered kernel - _Z14nstream_kernelIdEvPT_PKS0_S3_ in module 'CUDAStream.cu'
(0.000909) CudaRuntime.cpp:738:  Registered kernel - _Z12triad_kernelIdEvPT_PKS0_S3_ in module 'CUDAStream.cu'
(0.000917) CudaRuntime.cpp:738:  Registered kernel - _Z10mul_kernelIdEvPT_PKS0_ in module 'CUDAStream.cu'
(0.000925) CudaRuntime.cpp:738:  Registered kernel - _Z10add_kernelIdEvPKT_S2_PS0_ in module 'CUDAStream.cu'
(0.000932) CudaRuntime.cpp:738:  Registered kernel - _Z11copy_kernelIdEvPKT_PS0_ in module 'CUDAStream.cu'
(0.000940) CudaRuntime.cpp:738:  Registered kernel - _Z11init_kernelIfEvPT_S1_S1_S0_S0_S0_ in module 'CUDAStream.cu'
(0.000948) CudaRuntime.cpp:738:  Registered kernel - _Z10dot_kernelIfEvPKT_S2_PS0_i in module 'CUDAStream.cu'
(0.000956) CudaRuntime.cpp:738:  Registered kernel - _Z14nstream_kernelIfEvPT_PKS0_S3_ in module 'CUDAStream.cu'
(0.000963) CudaRuntime.cpp:738:  Registered kernel - _Z12triad_kernelIfEvPT_PKS0_S3_ in module 'CUDAStream.cu'
(0.000971) CudaRuntime.cpp:738:  Registered kernel - _Z10mul_kernelIfEvPT_PKS0_ in module 'CUDAStream.cu'
(0.000979) CudaRuntime.cpp:738:  Registered kernel - _Z10add_kernelIfEvPKT_S2_PS0_ in module 'CUDAStream.cu'
(0.000988) CudaRuntime.cpp:738:  Registered kernel - _Z11copy_kernelIfEvPKT_PS0_ in module 'CUDAStream.cu'
BabelStream
Version: 4.0
Implementation: CUDA
Running kernels 1 times
Precision: double
Array size: 0.8 MB (=0.0 GB)
Total size: 2.5 MB (=0.0 GB)
(0.001106) CudaRuntime.cpp:446:  Creating new context for thread 0x1544070
(0.001135) CudaRuntime.cpp:2289: Setting device for thread 0x1544070 to 0
(0.001150) CudaRuntime.cpp:276:  Creating devices.
(0.001287) CudaRuntime.cpp:288:   - Added 1 emulator devices.
(0.001399) CudaRuntime.cpp:2203: cuda::CudaRuntime::cudaGetDeviceProperties(dev = 0) - major: 2, minor: 1
(0.001412) CudaRuntime.cpp:2241:   returning: prop->major = 2, prop->minor = 1
Using CUDA device Ocelot PTX Emulator
(0.001559) CudaRuntime.cpp:2289: Setting device for thread 0x1544070 to 0
(0.001572) CudaRuntime.cpp:276:  Creating devices.
(0.001653) CudaRuntime.cpp:288:   - Added 1 emulator devices.
Driver: 4000
(0.001794) CudaRuntime.cpp:276:  Creating devices.
(0.001869) CudaRuntime.cpp:288:   - Added 1 emulator devices.
(0.001931) CudaRuntime.cpp:2203: cuda::CudaRuntime::cudaGetDeviceProperties(dev = 0) - major: 2, minor: 1
(0.001941) CudaRuntime.cpp:2241:   returning: prop->major = 2, prop->minor = 1
(0.002020) CudaRuntime.cpp:276:  Creating devices.
(0.002091) CudaRuntime.cpp:288:   - Added 1 emulator devices.
(0.002159) CudaRuntime.cpp:787:  cudaMalloc( *devPtr = 0x7fbdb2796100, size = 819200)
(0.002183) CudaRuntime.cpp:787:  cudaMalloc( *devPtr = 0x7fbdb26cd100, size = 819200)
(0.002207) CudaRuntime.cpp:787:  cudaMalloc( *devPtr = 0x7fbdad514100, size = 819200)
(0.002223) CudaRuntime.cpp:787:  cudaMalloc( *devPtr = 0x1548800, size = 2048)
(0.002234) CudaRuntime.cpp:2609: cudaConfigureCall()
(0.002244) CudaRuntime.cpp:2631: cudaSetupArgument() - offset 0, size 8
(0.002254) CudaRuntime.cpp:2631: cudaSetupArgument() - offset 8, size 8
(0.002263) CudaRuntime.cpp:2631: cudaSetupArgument() - offset 16, size 8
(0.002271) CudaRuntime.cpp:2631: cudaSetupArgument() - offset 24, size 8
(0.002279) CudaRuntime.cpp:2631: cudaSetupArgument() - offset 32, size 8
(0.002287) CudaRuntime.cpp:2631: cudaSetupArgument() - offset 40, size 8
(0.013062) CudaRuntime.cpp:142:  Mapping parameter at offset 0 of size 8 to offset 0 of size 8
   data = 0x00 0x61 0x79 0xb2 0xbd 0x7f 0x00 0x00 
(0.013076) CudaRuntime.cpp:142:  Mapping parameter at offset 8 of size 8 to offset 8 of size 8
   data = 0x00 0xd1 0x6c 0xb2 0xbd 0x7f 0x00 0x00 
(0.013083) CudaRuntime.cpp:142:  Mapping parameter at offset 16 of size 8 to offset 16 of size 8
   data = 0x00 0x41 0x51 0xad 0xbd 0x7f 0x00 0x00 
(0.013091) CudaRuntime.cpp:142:  Mapping parameter at offset 24 of size 8 to offset 24 of size 8
   data = 0x9a 0x99 0x99 0x99 0x99 0x99 0xb9 0x3f 
(0.013098) CudaRuntime.cpp:142:  Mapping parameter at offset 32 of size 8 to offset 32 of size 8
   data = 0x9a 0x99 0x99 0x99 0x99 0x99 0xc9 0x3f 
(0.013105) CudaRuntime.cpp:142:  Mapping parameter at offset 40 of size 8 to offset 40 of size 8
   data = 0x00 0x00 0x00 0x00 0x00 0x00 0x00 0x00 
(0.013111) CudaRuntime.cpp:2685: kernel launch (_Z11init_kernelIdEvPT_S1_S1_S0_S0_S0_) on thread 0x1544070
(0.013127) CudaRuntime.cpp:2706:  launch completed successfully
(0.532612) CudaRuntime.cpp:2609: cudaConfigureCall()
(0.532634) CudaRuntime.cpp:2631: cudaSetupArgument() - offset 0, size 8
(0.532643) CudaRuntime.cpp:2631: cudaSetupArgument() - offset 8, size 8
(0.532670) CudaRuntime.cpp:142:  Mapping parameter at offset 0 of size 8 to offset 0 of size 8
   data = 0x00 0x61 0x79 0xb2 0xbd 0x7f 0x00 0x00 
(0.532683) CudaRuntime.cpp:142:  Mapping parameter at offset 8 of size 8 to offset 8 of size 8
   data = 0x00 0x41 0x51 0xad 0xbd 0x7f 0x00 0x00 
(0.532693) CudaRuntime.cpp:2685: kernel launch (_Z11copy_kernelIdEvPKT_PS0_) on thread 0x1544070
(0.532717) CudaRuntime.cpp:2706:  launch completed successfully
(0.960865) CudaRuntime.cpp:2609: cudaConfigureCall()
(0.960887) CudaRuntime.cpp:2631: cudaSetupArgument() - offset 0, size 8
(0.960897) CudaRuntime.cpp:2631: cudaSetupArgument() - offset 8, size 8
(0.960926) CudaRuntime.cpp:142:  Mapping parameter at offset 0 of size 8 to offset 0 of size 8
   data = 0x00 0xd1 0x6c 0xb2 0xbd 0x7f 0x00 0x00 
(0.960939) CudaRuntime.cpp:142:  Mapping parameter at offset 8 of size 8 to offset 8 of size 8
   data = 0x00 0x41 0x51 0xad 0xbd 0x7f 0x00 0x00 
(0.960949) CudaRuntime.cpp:2685: kernel launch (_Z10mul_kernelIdEvPT_PKS0_) on thread 0x1544070
(0.960973) CudaRuntime.cpp:2706:  launch completed successfully
(1.603050) CudaRuntime.cpp:2609: cudaConfigureCall()
(1.603071) CudaRuntime.cpp:2631: cudaSetupArgument() - offset 0, size 8
(1.603081) CudaRuntime.cpp:2631: cudaSetupArgument() - offset 8, size 8
(1.603089) CudaRuntime.cpp:2631: cudaSetupArgument() - offset 16, size 8
(1.603116) CudaRuntime.cpp:142:  Mapping parameter at offset 0 of size 8 to offset 0 of size 8
   data = 0x00 0x61 0x79 0xb2 0xbd 0x7f 0x00 0x00 
(1.603129) CudaRuntime.cpp:142:  Mapping parameter at offset 8 of size 8 to offset 8 of size 8
   data = 0x00 0xd1 0x6c 0xb2 0xbd 0x7f 0x00 0x00 
(1.603156) CudaRuntime.cpp:142:  Mapping parameter at offset 16 of size 8 to offset 16 of size 8
   data = 0x00 0x41 0x51 0xad 0xbd 0x7f 0x00 0x00 
(1.603166) CudaRuntime.cpp:2685: kernel launch (_Z10add_kernelIdEvPKT_S2_PS0_) on thread 0x1544070
(1.603188) CudaRuntime.cpp:2706:  launch completed successfully
(2.718795) CudaRuntime.cpp:2609: cudaConfigureCall()
(2.718807) CudaRuntime.cpp:2631: cudaSetupArgument() - offset 0, size 8
(2.718812) CudaRuntime.cpp:2631: cudaSetupArgument() - offset 8, size 8
(2.718816) CudaRuntime.cpp:2631: cudaSetupArgument() - offset 16, size 8
(2.718831) CudaRuntime.cpp:142:  Mapping parameter at offset 0 of size 8 to offset 0 of size 8
   data = 0x00 0x61 0x79 0xb2 0xbd 0x7f 0x00 0x00 
(2.718842) CudaRuntime.cpp:142:  Mapping parameter at offset 8 of size 8 to offset 8 of size 8
   data = 0x00 0xd1 0x6c 0xb2 0xbd 0x7f 0x00 0x00 
(2.718856) CudaRuntime.cpp:142:  Mapping parameter at offset 16 of size 8 to offset 16 of size 8
   data = 0x00 0x41 0x51 0xad 0xbd 0x7f 0x00 0x00 
(2.718866) CudaRuntime.cpp:2685: kernel launch (_Z12triad_kernelIdEvPT_PKS0_S3_) on thread 0x1544070
(2.718880) CudaRuntime.cpp:2706:  launch completed successfully
(3.251825) CudaRuntime.cpp:2609: cudaConfigureCall()
(3.251845) CudaRuntime.cpp:2631: cudaSetupArgument() - offset 0, size 8
(3.251855) CudaRuntime.cpp:2631: cudaSetupArgument() - offset 8, size 8
(3.251863) CudaRuntime.cpp:2631: cudaSetupArgument() - offset 16, size 8
(3.251871) CudaRuntime.cpp:2631: cudaSetupArgument() - offset 24, size 4
(3.251895) CudaRuntime.cpp:142:  Mapping parameter at offset 0 of size 8 to offset 0 of size 8
   data = 0x00 0x61 0x79 0xb2 0xbd 0x7f 0x00 0x00 
(3.251909) CudaRuntime.cpp:142:  Mapping parameter at offset 8 of size 8 to offset 8 of size 8
   data = 0x00 0xd1 0x6c 0xb2 0xbd 0x7f 0x00 0x00 
(3.251921) CudaRuntime.cpp:142:  Mapping parameter at offset 16 of size 8 to offset 16 of size 8
   data = 0x00 0x88 0x54 0x01 0x00 0x00 0x00 0x00 
(3.251932) CudaRuntime.cpp:142:  Mapping parameter at offset 24 of size 4 to offset 24 of size 4
   data = 0x00 0x90 0x01 0x00 
(3.251941) CudaRuntime.cpp:2685: kernel launch (_Z10dot_kernelIdEvPKT_S2_PS0_i) on thread 0x1544070
(3.251965) CudaRuntime.cpp:2706:  launch completed successfully
(7.544058) CudaRuntime.cpp:1131: cudaMemcpy(0x1547bd0, 0x1548800, 2048)
(7.544069) CudaRuntime.cpp:215:    _memcpy(0x1547bd0, 0x1548800, 2048 bytes) d-to-h
(7.546008) CudaRuntime.cpp:1131: cudaMemcpy(0x1595780, 0x7fbdb2796100, 819200)
(7.546014) CudaRuntime.cpp:215:    _memcpy(0x1595780, 0x7fbdb2796100, 819200 bytes) d-to-h
(7.546111) CudaRuntime.cpp:1131: cudaMemcpy(0x165d790, 0x7fbdb26cd100, 819200)
(7.546115) CudaRuntime.cpp:215:    _memcpy(0x165d790, 0x7fbdb26cd100, 819200 bytes) d-to-h
(7.546214) CudaRuntime.cpp:1131: cudaMemcpy(0x17257a0, 0x7fbdad514100, 819200)
(7.546217) CudaRuntime.cpp:215:    _memcpy(0x17257a0, 0x7fbdad514100, 819200 bytes) d-to-h
Function    MBytes/sec  Min (sec)   Max         Average     
Copy        3.826       0.42825     0.42825     0.42825     
Mul         2.551       0.64218     0.64218     0.64218     
Add         2.203       1.11575     1.11575     1.11575     
Triad       4.611       0.53302     0.53302     0.53302     
Dot         0.382       4.29227     4.29227     4.29227     
(7.553892) CudaRuntime.cpp:887:  cudaFree(0x7fbdb2796100)
(7.553982) CudaRuntime.cpp:887:  cudaFree(0x7fbdb26cd100)
(7.554046) CudaRuntime.cpp:887:  cudaFree(0x7fbdad514100)
(7.554104) CudaRuntime.cpp:887:  cudaFree(0x1548800)
