Arguments: macsim --out=/benchrun/macsim/cuda4-matrixmul/sm6_gtx1080/input-128/results/stats 
src/macsim.cc:122: (I=0  C=0):  initialize knobs
number of cores : 20
src/macsim.cc:537: (I=0  C=0):  initialize simulation
src/macsim.cc:323: (I=0  C=0):  initialize cores (0/0/20)
src/memory.cc:1568: (I=0  C=0):  Memory system(l2_decoupled_network) has been initialized.
src/network_simple.cc:92: (I=0  C=0):  TOTAL_ROUTER:35 CPU:0 GPU:20 L3:1 LLC:6 MC:8
enabling bug detector
src/macsim.cc:750: (I=0  C=0):  Initializing new noc

src/macsim.cc:838: (I=0  C=0):  Clock LCM           : 12528
src/macsim.cc:839: (I=0  C=0):  CPU clock frequency : 1 GHz
src/macsim.cc:840: (I=0  C=0):  GPU clock frequency : 1.607 GHz
src/macsim.cc:841: (I=0  C=0):  LLC clock frequency : 1.607 GHz
src/macsim.cc:842: (I=0  C=0):  NOC clock frequency : 2.962 GHz
src/macsim.cc:843: (I=0  C=0):  MC  clock frequency : 2.75 GHz
src/process_manager.cc:434: (I=0  C=0):  setup_process:0 /benchrun/macsim/cuda4-matrixmul/sm6_gtx1080/input-128/results/traces/_Z8mult_gpuPfS_S_ii_0/Trace.txt current_index:0 (1)
trace:/benchrun/macsim/cuda4-matrixmul/sm6_gtx1080/input-128/results/traces/_Z8mult_gpuPfS_S_ii_0/Trace.txt is opened 
src/process_manager.cc:541: (I=0  C=0):  thread_count:512
**Core 04 Thread 00 Finished:   insts:497         cycles:24386      (19093455)  seconds:16    -- 0.02 IPC (0.02 IPC) --  N/A  KHz (0.03 KHz) 
**Core 13 Thread 21 Finished:   insts:495         cycles:24390      (19096587)  seconds:15    -- 0.02 IPC (0.02 IPC) --  N/A  KHz (0.03 KHz) 
**Core 09 Thread 17 Finished:   insts:495         cycles:24397      (19102068)  seconds:15    -- 0.02 IPC (0.02 IPC) --  N/A  KHz (0.03 KHz) 
**Core 13 Thread 25 Finished:   insts:495         cycles:24403      (19106766)  seconds:15    -- 0.02 IPC (0.02 IPC) --  N/A  KHz (0.03 KHz) 
**Core 05 Thread 21 Finished:   insts:495         cycles:24409      (19111464)  seconds:16    -- 0.02 IPC (0.02 IPC) --  N/A  KHz (0.03 KHz) 
**Core 06 Thread 07 Finished:   insts:495         cycles:24418      (19118511)  seconds:15    -- 0.02 IPC (0.02 IPC) --  N/A  KHz (0.03 KHz) 
**Core 13 Thread 22 Finished:   insts:495         cycles:24418      (19118511)  seconds:15    -- 0.02 IPC (0.02 IPC) --  N/A  KHz (0.03 KHz) 
**Core 09 Thread 21 Finished:   insts:495         cycles:24432      (19129473)  seconds:15    -- 0.02 IPC (0.02 IPC) --  N/A  KHz (0.03 KHz) 
**Core 07 Thread 00 Finished:   insts:497         cycles:24435      (19131822)  seconds:15    -- 0.02 IPC (0.02 IPC) --  N/A  KHz (0.03 KHz) 
**Core 13 Thread 26 Finished:   insts:495         cycles:24438      (19134171)  seconds:15    -- 0.02 IPC (0.02 IPC) --  N/A  KHz (0.03 KHz) 
**Core 05 Thread 25 Finished:   insts:495         cycles:24444      (19138869)  seconds:16    -- 0.02 IPC (0.02 IPC) --  N/A  KHz (0.03 KHz) 
**Core 06 Thread 09 Finished:   insts:495         cycles:24454      (19146699)  seconds:15    -- 0.02 IPC (0.02 IPC) --  N/A  KHz (0.03 KHz) 
**Core 13 Thread 23 Finished:   insts:495         cycles:24454      (19146699)  seconds:15    -- 0.02 IPC (0.02 IPC) --  N/A  KHz (0.03 KHz) 
**Core 08 Thread 00 Finished:   insts:497         cycles:24467      (19156878)  seconds:15    -- 0.02 IPC (0.02 IPC) --  N/A  KHz (0.03 KHz) 
**Core 02 Thread 07 Finished:   insts:495         cycles:24470      (19159227)  seconds:16    -- 0.02 IPC (0.02 IPC) --  N/A  KHz (0.03 KHz) 
**Core 13 Thread 27 Finished:   insts:495         cycles:24473      (19161576)  seconds:15    -- 0.02 IPC (0.02 IPC) --  N/A  KHz (0.03 KHz) 
**Core 09 Thread 25 Finished:   insts:495         cycles:24476      (19163925)  seconds:15    -- 0.02 IPC (0.02 IPC) --  N/A  KHz (0.03 KHz) 
**Core 13 Thread 24 Finished:   insts:495         cycles:24488      (19173321)  seconds:15    -- 0.02 IPC (0.02 IPC) --  N/A  KHz (0.03 KHz) 
**Core 02 Thread 09 Finished:   insts:495         cycles:24488      (19173321)  seconds:16    -- 0.02 IPC (0.02 IPC) --  N/A  KHz (0.03 KHz) 
**Core 09 Thread 18 Finished:   insts:495         cycles:24502      (19184283)  seconds:15    -- 0.02 IPC (0.02 IPC) --  N/A  KHz (0.03 KHz) 
**Core 14 Thread 13 Finished:   insts:495         cycles:24505      (19186632)  seconds:15    -- 0.02 IPC (0.02 IPC) --  N/A  KHz (0.03 KHz) 
**Core 01 Thread 01 Finished:   insts:495         cycles:24505      (19186632)  seconds:16    -- 0.02 IPC (0.02 IPC) --  N/A  KHz (0.03 KHz) 
**Core 13 Thread 00 Finished:   insts:497         cycles:24512      (19192113)  seconds:15    -- 0.02 IPC (0.02 IPC) --  N/A  KHz (0.03 KHz) 
**Core 13 Thread 28 Finished:   insts:495         cycles:24523      (19200726)  seconds:15    -- 0.02 IPC (0.02 IPC) --  N/A  KHz (0.03 KHz) 
**Core 02 Thread 13 Finished:   insts:495         cycles:24523      (19200726)  seconds:16    -- 0.02 IPC (0.02 IPC) --  N/A  KHz (0.03 KHz) 
**Core 10 Thread 07 Finished:   insts:495         cycles:24537      (19211688)  seconds:15    -- 0.02 IPC (0.02 IPC) --  N/A  KHz (0.03 KHz) 
**Core 06 Thread 08 Finished:   insts:495         cycles:24540      (19214037)  seconds:15    -- 0.02 IPC (0.02 IPC) --  N/A  KHz (0.03 KHz) 
**Core 14 Thread 14 Finished:   insts:495         cycles:24540      (19214037)  seconds:15    -- 0.02 IPC (0.02 IPC) --  N/A  KHz (0.03 KHz) 
**Core 14 Thread 07 Finished:   insts:495         cycles:24544      (19217169)  seconds:15    -- 0.02 IPC (0.02 IPC) --  N/A  KHz (0.03 KHz) 
**Core 00 Thread 00 Finished:   insts:497         cycles:24558      (19228131)  seconds:16    -- 0.02 IPC (0.02 IPC) --  N/A  KHz (0.03 KHz) 
**Core 14 Thread 17 Finished:   insts:495         cycles:24558      (19228131)  seconds:15    -- 0.02 IPC (0.02 IPC) --  N/A  KHz (0.03 KHz) 
**Core 02 Thread 17 Finished:   insts:495         cycles:24572      (19239093)  seconds:16    -- 0.02 IPC (0.02 IPC) --  N/A  KHz (0.03 KHz) 
**Core 05 Thread 22 Finished:   insts:495         cycles:24572      (19239093)  seconds:16    -- 0.02 IPC (0.02 IPC) --  N/A  KHz (0.03 KHz) 
**Core 13 Thread 29 Finished:   insts:495         cycles:24576      (19242225)  seconds:15    -- 0.02 IPC (0.02 IPC) --  N/A  KHz (0.03 KHz) 
**Core 10 Thread 09 Finished:   insts:495         cycles:24578      (19243791)  seconds:15    -- 0.02 IPC (0.02 IPC) --  N/A  KHz (0.03 KHz) 
**Core 05 Thread 00 Finished:   insts:497         cycles:24579      (19244574)  seconds:16    -- 0.02 IPC (0.02 IPC) --  N/A  KHz (0.03 KHz) 
**Core 14 Thread 15 Finished:   insts:495         cycles:24579      (19244574)  seconds:15    -- 0.02 IPC (0.02 IPC) --  N/A  KHz (0.03 KHz) 
**Core 02 Thread 21 Finished:   insts:495         cycles:24580      (19245357)  seconds:16    -- 0.02 IPC (0.02 IPC) --  N/A  KHz (0.03 KHz) 
**Core 14 Thread 09 Finished:   insts:495         cycles:24580      (19245357)  seconds:15    -- 0.02 IPC (0.02 IPC) --  N/A  KHz (0.03 KHz) 
**Core 06 Thread 13 Finished:   insts:495         cycles:24581      (19246140)  seconds:15    -- 0.02 IPC (0.02 IPC) --  N/A  KHz (0.03 KHz) 
**Core 14 Thread 18 Finished:   insts:495         cycles:24581      (19246140)  seconds:15    -- 0.02 IPC (0.02 IPC) --  N/A  KHz (0.03 KHz) 
**Core 06 Thread 10 Finished:   insts:495         cycles:24582      (19246923)  seconds:15    -- 0.02 IPC (0.02 IPC) --  N/A  KHz (0.03 KHz) 
**Core 13 Thread 30 Finished:   insts:495         cycles:24582      (19246923)  seconds:15    -- 0.02 IPC (0.02 IPC) --  N/A  KHz (0.03 KHz) 
**Core 03 Thread 25 Finished:   insts:495         cycles:24583      (19247706)  seconds:16    -- 0.02 IPC (0.02 IPC) --  N/A  KHz (0.03 KHz) 
**Core 10 Thread 13 Finished:   insts:495         cycles:24583      (19247706)  seconds:15    -- 0.02 IPC (0.02 IPC) --  N/A  KHz (0.03 KHz) 
**Core 09 Thread 22 Finished:   insts:495         cycles:24584      (19248489)  seconds:15    -- 0.02 IPC (0.02 IPC) --  N/A  KHz (0.03 KHz) 
**Core 14 Thread 16 Finished:   insts:495         cycles:24584      (19248489)  seconds:15    -- 0.02 IPC (0.02 IPC) --  N/A  KHz (0.03 KHz) 
**Core 14 Thread 21 Finished:   insts:495         cycles:24585      (19249272)  seconds:15    -- 0.02 IPC (0.02 IPC) --  N/A  KHz (0.03 KHz) 
**Core 02 Thread 08 Finished:   insts:495         cycles:24585      (19249272)  seconds:16    -- 0.02 IPC (0.02 IPC) --  N/A  KHz (0.03 KHz) 
**Core 14 Thread 19 Finished:   insts:495         cycles:24586      (19250055)  seconds:15    -- 0.02 IPC (0.02 IPC) --  N/A  KHz (0.03 KHz) 
**Core 05 Thread 26 Finished:   insts:495         cycles:24586      (19250055)  seconds:16    -- 0.02 IPC (0.02 IPC) --  N/A  KHz (0.03 KHz) 
**Core 07 Thread 02 Finished:   insts:495         cycles:24587      (19250838)  seconds:15    -- 0.02 IPC (0.02 IPC) --  N/A  KHz (0.03 KHz) 
**Core 11 Thread 00 Finished:   insts:497         cycles:24587      (19250838)  seconds:15    -- 0.02 IPC (0.02 IPC) --  N/A  KHz (0.03 KHz) 
**Core 13 Thread 31 Finished:   insts:495         cycles:24588      (19251621)  seconds:15    -- 0.02 IPC (0.02 IPC) --  N/A  KHz (0.03 KHz) 
**Core 02 Thread 10 Finished:   insts:495         cycles:24588      (19251621)  seconds:16    -- 0.02 IPC (0.02 IPC) --  N/A  KHz (0.03 KHz) 
**Core 09 Thread 26 Finished:   insts:495         cycles:24589      (19252404)  seconds:15    -- 0.02 IPC (0.02 IPC) --  N/A  KHz (0.03 KHz) 
**Core 01 Thread 03 Finished:   insts:495         cycles:24589      (19252404)  seconds:16    -- 0.02 IPC (0.02 IPC) --  N/A  KHz (0.03 KHz) 
**Core 12 Thread 13 Finished:   insts:495         cycles:24590      (19253187)  seconds:15    -- 0.02 IPC (0.02 IPC) --  N/A  KHz (0.03 KHz) 
**Core 09 Thread 19 Finished:   insts:495         cycles:24590      (19253187)  seconds:15    -- 0.02 IPC (0.02 IPC) --  N/A  KHz (0.03 KHz) 
**Core 14 Thread 22 Finished:   insts:495         cycles:24591      (19253970)  seconds:15    -- 0.02 IPC (0.02 IPC) --  N/A  KHz (0.03 KHz) 
**Core 02 Thread 14 Finished:   insts:495         cycles:24591      (19253970)  seconds:16    -- 0.02 IPC (0.02 IPC) --  N/A  KHz (0.03 KHz) 
**Core 14 Thread 20 Finished:   insts:495         cycles:24592      (19254753)  seconds:15    -- 0.02 IPC (0.02 IPC) --  N/A  KHz (0.03 KHz) 
**Core 11 Thread 02 Finished:   insts:495         cycles:24592      (19254753)  seconds:15    -- 0.02 IPC (0.02 IPC) --  N/A  KHz (0.03 KHz) 
**Core 04 Thread 06 Finished:   insts:495         cycles:24593      (19255536)  seconds:16    -- 0.02 IPC (0.02 IPC) --  N/A  KHz (0.03 KHz) 
**Core 12 Thread 00 Finished:   insts:497         cycles:24593      (19255536)  seconds:15    -- 0.02 IPC (0.02 IPC) --  N/A  KHz (0.03 KHz) 
**Core 02 Thread 00 Finished:   insts:497         cycles:24594      (19256319)  seconds:16    -- 0.02 IPC (0.02 IPC) --  N/A  KHz (0.03 KHz) 
**Core 12 Thread 15 Finished:   insts:495         cycles:24594      (19256319)  seconds:15    -- 0.02 IPC (0.02 IPC) --  N/A  KHz (0.03 KHz) 
**Core 10 Thread 08 Finished:   insts:495         cycles:24595      (19257102)  seconds:15    -- 0.02 IPC (0.02 IPC) --  N/A  KHz (0.03 KHz) 
**Core 14 Thread 23 Finished:   insts:495         cycles:24595      (19257102)  seconds:15    -- 0.02 IPC (0.02 IPC) --  N/A  KHz (0.03 KHz) 
**Core 02 Thread 18 Finished:   insts:495         cycles:24596      (19257885)  seconds:16    -- 0.02 IPC (0.02 IPC) --  N/A  KHz (0.03 KHz) 
**Core 06 Thread 17 Finished:   insts:495         cycles:24596      (19257885)  seconds:15    -- 0.02 IPC (0.02 IPC) --  N/A  KHz (0.03 KHz) 
**Core 01 Thread 31 Finished:   insts:495         cycles:24597      (19258668)  seconds:16    -- 0.02 IPC (0.02 IPC) --  N/A  KHz (0.03 KHz) 
**Core 12 Thread 17 Finished:   insts:495         cycles:24597      (19258668)  seconds:15    -- 0.02 IPC (0.02 IPC) --  N/A  KHz (0.03 KHz) 
**Core 02 Thread 22 Finished:   insts:495         cycles:24598      (19259451)  seconds:16    -- 0.02 IPC (0.02 IPC) --  N/A  KHz (0.03 KHz) 
**Core 14 Thread 08 Finished:   insts:495         cycles:24598      (19259451)  seconds:15    -- 0.02 IPC (0.02 IPC) --  N/A  KHz (0.03 KHz) 
**Core 05 Thread 23 Finished:   insts:495         cycles:24599      (19260234)  seconds:16    -- 0.02 IPC (0.02 IPC) --  N/A  KHz (0.03 KHz) 
**Core 12 Thread 25 Finished:   insts:495         cycles:24599      (19260234)  seconds:15    -- 0.02 IPC (0.02 IPC) --  N/A  KHz (0.03 KHz) 
**Core 06 Thread 11 Finished:   insts:495         cycles:24603      (19263366)  seconds:15    -- 0.02 IPC (0.02 IPC) --  N/A  KHz (0.03 KHz) 
**Core 12 Thread 14 Finished:   insts:495         cycles:24604      (19264149)  seconds:15    -- 0.02 IPC (0.02 IPC) --  N/A  KHz (0.03 KHz) 
**Core 10 Thread 10 Finished:   insts:495         cycles:24607      (19266498)  seconds:15    -- 0.02 IPC (0.02 IPC) --  N/A  KHz (0.03 KHz) 
**Core 03 Thread 26 Finished:   insts:495         cycles:24613      (19271196)  seconds:16    -- 0.02 IPC (0.02 IPC) --  N/A  KHz (0.03 KHz) 
**Core 12 Thread 29 Finished:   insts:495         cycles:24613      (19271196)  seconds:15    -- 0.02 IPC (0.02 IPC) --  N/A  KHz (0.03 KHz) 
**Core 13 Thread 01 Finished:   insts:495         cycles:24616      (19273545)  seconds:15    -- 0.02 IPC (0.02 IPC) --  N/A  KHz (0.03 KHz) 
**Core 01 Thread 05 Finished:   insts:495         cycles:24622      (19278243)  seconds:16    -- 0.02 IPC (0.02 IPC) --  N/A  KHz (0.03 KHz) 
**Core 14 Thread 24 Finished:   insts:495         cycles:24623      (19279026)  seconds:15    -- 0.02 IPC (0.02 IPC) --  N/A  KHz (0.03 KHz) 
**Core 14 Thread 10 Finished:   insts:495         cycles:24626      (19281375)  seconds:15    -- 0.02 IPC (0.02 IPC) --  N/A  KHz (0.03 KHz) 
**Core 04 Thread 02 Finished:   insts:495         cycles:24631      (19285290)  seconds:16    -- 0.02 IPC (0.02 IPC) --  N/A  KHz (0.03 KHz) 
**Core 12 Thread 19 Finished:   insts:495         cycles:24632      (19286073)  seconds:15    -- 0.02 IPC (0.02 IPC) --  N/A  KHz (0.03 KHz) 
**Core 06 Thread 14 Finished:   insts:495         cycles:24635      (19288422)  seconds:15    -- 0.02 IPC (0.02 IPC) --  N/A  KHz (0.03 KHz) 
**Core 02 Thread 11 Finished:   insts:495         cycles:24641      (19293120)  seconds:16    -- 0.02 IPC (0.02 IPC) --  N/A  KHz (0.03 KHz) 
**Core 12 Thread 27 Finished:   insts:495         cycles:24642      (19293903)  seconds:15    -- 0.02 IPC (0.02 IPC) --  N/A  KHz (0.03 KHz) 
**Core 10 Thread 14 Finished:   insts:495         cycles:24645      (19296252)  seconds:15    -- 0.02 IPC (0.02 IPC) --  N/A  KHz (0.03 KHz) 
**Core 15 Thread 13 Finished:   insts:495         cycles:24651      (19300950)  seconds:15    -- 0.02 IPC (0.02 IPC) --  N/A  KHz (0.03 KHz) 
**Core 01 Thread 02 Finished:   insts:495         cycles:24651      (19300950)  seconds:16    -- 0.02 IPC (0.02 IPC) --  N/A  KHz (0.03 KHz) 
**Core 09 Thread 23 Finished:   insts:495         cycles:24654      (19303299)  seconds:15    -- 0.02 IPC (0.02 IPC) --  N/A  KHz (0.03 KHz) 
**Core 02 Thread 15 Finished:   insts:495         cycles:24660      (19307997)  seconds:16    -- 0.02 IPC (0.02 IPC) --  N/A  KHz (0.03 KHz) 
**Core 12 Thread 31 Finished:   insts:495         cycles:24661      (19308780)  seconds:15    -- 0.02 IPC (0.02 IPC) --  N/A  KHz (0.03 KHz) 
**Core 05 Thread 27 Finished:   insts:495         cycles:24663      (19310346)  seconds:16    -- 0.02 IPC (0.02 IPC) --  N/A  KHz (0.03 KHz) 
**Core 04 Thread 08 Finished:   insts:495         cycles:24669      (19315044)  seconds:16    -- 0.02 IPC (0.02 IPC) --  N/A  KHz (0.03 KHz) 
**Core 12 Thread 21 Finished:   insts:495         cycles:24670      (19315827)  seconds:15    -- 0.02 IPC (0.02 IPC) --  N/A  KHz (0.03 KHz) 
**Core 09 Thread 00 Finished:   insts:497         cycles:24673      (19318176)  seconds:15    -- 0.02 IPC (0.02 IPC) --  N/A  KHz (0.03 KHz) 
**Core 03 Thread 00 Finished:   insts:497         cycles:24679      (19322874)  seconds:16    -- 0.02 IPC (0.02 IPC) --  N/A  KHz (0.03 KHz) 
**Core 12 Thread 18 Finished:   insts:495         cycles:24679      (19322874)  seconds:15    -- 0.02 IPC (0.02 IPC) --  N/A  KHz (0.03 KHz) 
**Core 08 Thread 27 Finished:   insts:495         cycles:24683      (19326006)  seconds:15    -- 0.02 IPC (0.02 IPC) --  N/A  KHz (0.03 KHz) 
**Core 02 Thread 19 Finished:   insts:495         cycles:24688      (19329921)  seconds:16    -- 0.02 IPC (0.02 IPC) --  N/A  KHz (0.03 KHz) 
**Core 12 Thread 26 Finished:   insts:495         cycles:24689      (19330704)  seconds:15    -- 0.02 IPC (0.02 IPC) --  N/A  KHz (0.03 KHz) 
**Core 09 Thread 20 Finished:   insts:495         cycles:24692      (19333053)  seconds:15    -- 0.02 IPC (0.02 IPC) --  N/A  KHz (0.03 KHz) 
**Core 03 Thread 29 Finished:   insts:495         cycles:24698      (19337751)  seconds:16    -- 0.02 IPC (0.02 IPC) --  N/A  KHz (0.03 KHz) 
**Core 15 Thread 15 Finished:   insts:495         cycles:24699      (19338534)  seconds:15    -- 0.02 IPC (0.02 IPC) --  N/A  KHz (0.03 KHz) 
**Core 11 Thread 01 Finished:   insts:495         cycles:24701      (19340100)  seconds:15    -- 0.02 IPC (0.02 IPC) --  N/A  KHz (0.03 KHz) 
**Core 12 Thread 30 Finished:   insts:495         cycles:24708      (19345581)  seconds:15    -- 0.02 IPC (0.02 IPC) --  N/A  KHz (0.03 KHz) 
**Core 02 Thread 23 Finished:   insts:495         cycles:24708      (19345581)  seconds:16    -- 0.02 IPC (0.02 IPC) --  N/A  KHz (0.03 KHz) 
**Core 09 Thread 29 Finished:   insts:495         cycles:24711      (19347930)  seconds:15    -- 0.02 IPC (0.02 IPC) --  N/A  KHz (0.03 KHz) 
**Core 06 Thread 12 Finished:   insts:495         cycles:24717      (19352628)  seconds:15    -- 0.02 IPC (0.02 IPC) --  N/A  KHz (0.03 KHz) 
**Core 12 Thread 23 Finished:   insts:495         cycles:24717      (19352628)  seconds:15    -- 0.02 IPC (0.02 IPC) --  N/A  KHz (0.03 KHz) 
**Core 11 Thread 06 Finished:   insts:495         cycles:24720      (19354977)  seconds:15    -- 0.02 IPC (0.02 IPC) --  N/A  KHz (0.03 KHz) 
**Core 03 Thread 27 Finished:   insts:495         cycles:24726      (19359675)  seconds:16    -- 0.02 IPC (0.02 IPC) --  N/A  KHz (0.03 KHz) 
**Core 15 Thread 17 Finished:   insts:495         cycles:24727      (19360458)  seconds:15    -- 0.02 IPC (0.02 IPC) --  N/A  KHz (0.03 KHz) 
**Core 06 Thread 18 Finished:   insts:495         cycles:24730      (19362807)  seconds:15    -- 0.02 IPC (0.02 IPC) --  N/A  KHz (0.03 KHz) 
**Core 01 Thread 07 Finished:   insts:495         cycles:24736      (19367505)  seconds:16    -- 0.02 IPC (0.02 IPC) --  N/A  KHz (0.03 KHz) 
**Core 12 Thread 28 Finished:   insts:495         cycles:24736      (19367505)  seconds:15    -- 0.02 IPC (0.02 IPC) --  N/A  KHz (0.03 KHz) 
**Core 12 Thread 07 Finished:   insts:495         cycles:24740      (19370637)  seconds:15    -- 0.02 IPC (0.02 IPC) --  N/A  KHz (0.03 KHz) 
**Core 12 Thread 16 Finished:   insts:495         cycles:24746      (19375335)  seconds:15    -- 0.02 IPC (0.02 IPC) --  N/A  KHz (0.03 KHz) 
**Core 04 Thread 04 Finished:   insts:495         cycles:24746      (19375335)  seconds:16    -- 0.02 IPC (0.02 IPC) --  N/A  KHz (0.03 KHz) 
**Core 05 Thread 24 Finished:   insts:495         cycles:24749      (19377684)  seconds:16    -- 0.02 IPC (0.02 IPC) --  N/A  KHz (0.03 KHz) 
**Core 02 Thread 12 Finished:   insts:495         cycles:24755      (19382382)  seconds:16    -- 0.02 IPC (0.02 IPC) --  N/A  KHz (0.03 KHz) 
**Core 14 Thread 29 Finished:   insts:495         cycles:24756      (19383165)  seconds:15    -- 0.02 IPC (0.02 IPC) --  N/A  KHz (0.03 KHz) 
**Core 10 Thread 11 Finished:   insts:495         cycles:24758      (19384731)  seconds:15    -- 0.02 IPC (0.02 IPC) --  N/A  KHz (0.03 KHz) 
**Core 01 Thread 04 Finished:   insts:495         cycles:24764      (19389429)  seconds:16    -- 0.02 IPC (0.02 IPC) --  N/A  KHz (0.03 KHz) 
**Core 12 Thread 22 Finished:   insts:495         cycles:24765      (19390212)  seconds:15    -- 0.02 IPC (0.02 IPC) --  N/A  KHz (0.03 KHz) 
**Core 13 Thread 02 Finished:   insts:495         cycles:24768      (19392561)  seconds:15    -- 0.02 IPC (0.02 IPC) --  N/A  KHz (0.03 KHz) 
**Core 15 Thread 19 Finished:   insts:495         cycles:24774      (19397259)  seconds:15    -- 0.02 IPC (0.02 IPC) --  N/A  KHz (0.03 KHz) 
**Core 02 Thread 16 Finished:   insts:495         cycles:24774      (19397259)  seconds:16    -- 0.02 IPC (0.02 IPC) --  N/A  KHz (0.03 KHz) 
**Core 14 Thread 11 Finished:   insts:495         cycles:24778      (19400391)  seconds:15    -- 0.02 IPC (0.02 IPC) --  N/A  KHz (0.03 KHz) 
**Core 04 Thread 05 Finished:   insts:495         cycles:24783      (19404306)  seconds:16    -- 0.02 IPC (0.02 IPC) --  N/A  KHz (0.03 KHz) 
**Core 14 Thread 25 Finished:   insts:495         cycles:24784      (19405089)  seconds:15    -- 0.02 IPC (0.02 IPC) --  N/A  KHz (0.03 KHz) 
**Core 06 Thread 15 Finished:   insts:495         cycles:24787      (19407438)  seconds:15    -- 0.02 IPC (0.02 IPC) --  N/A  KHz (0.03 KHz) 
**Core 01 Thread 00 Finished:   insts:497         cycles:24793      (19412136)  seconds:16    -- 0.02 IPC (0.02 IPC) --  N/A  KHz (0.03 KHz) 
**Core 15 Thread 14 Finished:   insts:495         cycles:24794      (19412919)  seconds:15    -- 0.02 IPC (0.02 IPC) --  N/A  KHz (0.03 KHz) 
**Core 10 Thread 15 Finished:   insts:495         cycles:24796      (19414485)  seconds:15    -- 0.02 IPC (0.02 IPC) --  N/A  KHz (0.03 KHz) 
**Core 02 Thread 20 Finished:   insts:495         cycles:24802      (19419183)  seconds:16    -- 0.02 IPC (0.02 IPC) --  N/A  KHz (0.03 KHz) 
**Core 14 Thread 30 Finished:   insts:495         cycles:24803      (19419966)  seconds:15    -- 0.02 IPC (0.02 IPC) --  N/A  KHz (0.03 KHz) 
**Core 09 Thread 24 Finished:   insts:495         cycles:24806      (19422315)  seconds:15    -- 0.02 IPC (0.02 IPC) --  N/A  KHz (0.03 KHz) 
**Core 12 Thread 24 Finished:   insts:495         cycles:24812      (19427013)  seconds:15    -- 0.02 IPC (0.02 IPC) --  N/A  KHz (0.03 KHz) 
**Core 03 Thread 30 Finished:   insts:495         cycles:24812      (19427013)  seconds:16    -- 0.02 IPC (0.02 IPC) --  N/A  KHz (0.03 KHz) 
**Core 05 Thread 28 Finished:   insts:495         cycles:24815      (19429362)  seconds:16    -- 0.02 IPC (0.02 IPC) --  N/A  KHz (0.03 KHz) 
**Core 02 Thread 24 Finished:   insts:495         cycles:24821      (19434060)  seconds:16    -- 0.02 IPC (0.02 IPC) --  N/A  KHz (0.03 KHz) 
**Core 12 Thread 20 Finished:   insts:495         cycles:24822      (19434843)  seconds:15    -- 0.02 IPC (0.02 IPC) --  N/A  KHz (0.03 KHz) 
**Core 04 Thread 30 Finished:   insts:495         cycles:24825      (19437192)  seconds:16    -- 0.02 IPC (0.02 IPC) --  N/A  KHz (0.03 KHz) 
**Core 14 Thread 26 Finished:   insts:495         cycles:24831      (19441890)  seconds:15    -- 0.02 IPC (0.02 IPC) --  N/A  KHz (0.03 KHz) 
**Core 04 Thread 10 Finished:   insts:495         cycles:24831      (19441890)  seconds:16    -- 0.02 IPC (0.02 IPC) --  N/A  KHz (0.03 KHz) 
**Core 08 Thread 28 Finished:   insts:495         cycles:24834      (19444239)  seconds:15    -- 0.02 IPC (0.02 IPC) --  N/A  KHz (0.03 KHz) 
**Core 03 Thread 28 Finished:   insts:495         cycles:24840      (19448937)  seconds:16    -- 0.02 IPC (0.02 IPC) --  N/A  KHz (0.03 KHz) 
**Core 15 Thread 16 Finished:   insts:495         cycles:24841      (19449720)  seconds:15    -- 0.02 IPC (0.02 IPC) --  N/A  KHz (0.03 KHz) 
**Core 10 Thread 17 Finished:   insts:495         cycles:24844      (19452069)  seconds:15    -- 0.02 IPC (0.02 IPC) --  N/A  KHz (0.03 KHz) 
**Core 14 Thread 31 Finished:   insts:495         cycles:24850      (19456767)  seconds:15    -- 0.02 IPC (0.02 IPC) --  N/A  KHz (0.03 KHz) 
**Core 00 Thread 05 Finished:   insts:495         cycles:24850      (19456767)  seconds:16    -- 0.02 IPC (0.02 IPC) --  N/A  KHz (0.03 KHz) 
**Core 11 Thread 03 Finished:   insts:495         cycles:24853      (19459116)  seconds:15    -- 0.02 IPC (0.02 IPC) --  N/A  KHz (0.03 KHz) 
**Core 04 Thread 01 Finished:   insts:495         cycles:24859      (19463814)  seconds:16    -- 0.02 IPC (0.02 IPC) --  N/A  KHz (0.03 KHz) 
**Core 15 Thread 21 Finished:   insts:495         cycles:24860      (19464597)  seconds:15    -- 0.02 IPC (0.02 IPC) --  N/A  KHz (0.03 KHz) 
**Core 11 Thread 31 Finished:   insts:495         cycles:24863      (19466946)  seconds:15    -- 0.02 IPC (0.02 IPC) --  N/A  KHz (0.03 KHz) 
**Core 13 Thread 17 Finished:   insts:495         cycles:24869      (19471644)  seconds:15    -- 0.02 IPC (0.02 IPC) --  N/A  KHz (0.03 KHz) 
**Core 00 Thread 09 Finished:   insts:495         cycles:24869      (19471644)  seconds:16    -- 0.02 IPC (0.02 IPC) --  N/A  KHz (0.03 KHz) 
**Core 11 Thread 05 Finished:   insts:495         cycles:24872      (19473993)  seconds:15    -- 0.02 IPC (0.02 IPC) --  N/A  KHz (0.03 KHz) 
**Core 03 Thread 01 Finished:   insts:495         cycles:24878      (19478691)  seconds:16    -- 0.02 IPC (0.02 IPC) --  N/A  KHz (0.03 KHz) 
**Core 14 Thread 27 Finished:   insts:495         cycles:24879      (19479474)  seconds:15    -- 0.02 IPC (0.02 IPC) --  N/A  KHz (0.03 KHz) 
**Core 06 Thread 19 Finished:   insts:495         cycles:24882      (19481823)  seconds:15    -- 0.02 IPC (0.02 IPC) --  N/A  KHz (0.03 KHz) 
**Core 00 Thread 13 Finished:   insts:495         cycles:24887      (19485738)  seconds:16    -- 0.02 IPC (0.02 IPC) --  N/A  KHz (0.03 KHz) 
**Core 13 Thread 13 Finished:   insts:495         cycles:24888      (19486521)  seconds:15    -- 0.02 IPC (0.02 IPC) --  N/A  KHz (0.03 KHz) 
**Core 12 Thread 08 Finished:   insts:495         cycles:24891      (19488870)  seconds:15    -- 0.02 IPC (0.02 IPC) --  N/A  KHz (0.03 KHz) 
**Core 04 Thread 07 Finished:   insts:495         cycles:24897      (19493568)  seconds:16    -- 0.02 IPC (0.02 IPC) --  N/A  KHz (0.03 KHz) 
**Core 15 Thread 29 Finished:   insts:495         cycles:24898      (19494351)  seconds:15    -- 0.02 IPC (0.02 IPC) --  N/A  KHz (0.03 KHz) 
**Core 04 Thread 22 Finished:   insts:495         cycles:24901      (19496700)  seconds:16    -- 0.02 IPC (0.02 IPC) --  N/A  KHz (0.03 KHz) 
**Core 15 Thread 23 Finished:   insts:495         cycles:24907      (19501398)  seconds:15    -- 0.02 IPC (0.02 IPC) --  N/A  KHz (0.03 KHz) 
**Core 00 Thread 17 Finished:   insts:495         cycles:24907      (19501398)  seconds:16    -- 0.02 IPC (0.02 IPC) --  N/A  KHz (0.03 KHz) 
**Core 10 Thread 12 Finished:   insts:495         cycles:24910      (19503747)  seconds:15    -- 0.02 IPC (0.02 IPC) --  N/A  KHz (0.03 KHz) 
**Core 03 Thread 31 Finished:   insts:495         cycles:24916      (19508445)  seconds:16    -- 0.02 IPC (0.02 IPC) --  N/A  KHz (0.03 KHz) 
**Core 13 Thread 18 Finished:   insts:495         cycles:24917      (19509228)  seconds:15    -- 0.02 IPC (0.02 IPC) --  N/A  KHz (0.03 KHz) 
**Core 13 Thread 03 Finished:   insts:495         cycles:24919      (19510794)  seconds:15    -- 0.02 IPC (0.02 IPC) --  N/A  KHz (0.03 KHz) 
**Core 00 Thread 21 Finished:   insts:495         cycles:24925      (19515492)  seconds:16    -- 0.02 IPC (0.02 IPC) --  N/A  KHz (0.03 KHz) 
**Core 14 Thread 28 Finished:   insts:495         cycles:24926      (19516275)  seconds:15    -- 0.02 IPC (0.02 IPC) --  N/A  KHz (0.03 KHz) 
**Core 12 Thread 09 Finished:   insts:495         cycles:24929      (19518624)  seconds:15    -- 0.02 IPC (0.02 IPC) --  N/A  KHz (0.03 KHz) 
**Core 04 Thread 12 Finished:   insts:495         cycles:24935      (19523322)  seconds:16    -- 0.02 IPC (0.02 IPC) --  N/A  KHz (0.03 KHz) 
**Core 13 Thread 14 Finished:   insts:495         cycles:24935      (19523322)  seconds:15    -- 0.02 IPC (0.02 IPC) --  N/A  KHz (0.03 KHz) 
**Core 06 Thread 16 Finished:   insts:495         cycles:24939      (19526454)  seconds:15    -- 0.02 IPC (0.02 IPC) --  N/A  KHz (0.03 KHz) 
**Core 00 Thread 25 Finished:   insts:495         cycles:24944      (19530369)  seconds:16    -- 0.02 IPC (0.02 IPC) --  N/A  KHz (0.03 KHz) 
**Core 15 Thread 31 Finished:   insts:495         cycles:24945      (19531152)  seconds:15    -- 0.02 IPC (0.02 IPC) --  N/A  KHz (0.03 KHz) 
**Core 10 Thread 16 Finished:   insts:495         cycles:24948      (19533501)  seconds:15    -- 0.02 IPC (0.02 IPC) --  N/A  KHz (0.03 KHz) 
**Core 00 Thread 06 Finished:   insts:495         cycles:24954      (19538199)  seconds:16    -- 0.02 IPC (0.02 IPC) --  N/A  KHz (0.03 KHz) 
**Core 15 Thread 22 Finished:   insts:495         cycles:24955      (19538982)  seconds:15    -- 0.02 IPC (0.02 IPC) --  N/A  KHz (0.03 KHz) 
**Core 10 Thread 21 Finished:   insts:495         cycles:24957      (19540548)  seconds:15    -- 0.02 IPC (0.02 IPC) --  N/A  KHz (0.03 KHz) 
**Core 04 Thread 03 Finished:   insts:495         cycles:24964      (19546029)  seconds:16    -- 0.02 IPC (0.02 IPC) --  N/A  KHz (0.03 KHz) 
**Core 13 Thread 19 Finished:   insts:495         cycles:24964      (19546029)  seconds:15    -- 0.02 IPC (0.02 IPC) --  N/A  KHz (0.03 KHz) 
**Core 04 Thread 26 Finished:   insts:495         cycles:24967      (19548378)  seconds:16    -- 0.02 IPC (0.02 IPC) --  N/A  KHz (0.03 KHz) 
**Core 15 Thread 25 Finished:   insts:495         cycles:24973      (19553076)  seconds:15    -- 0.02 IPC (0.02 IPC) --  N/A  KHz (0.03 KHz) 
**Core 00 Thread 10 Finished:   insts:495         cycles:24973      (19553076)  seconds:16    -- 0.02 IPC (0.02 IPC) --  N/A  KHz (0.03 KHz) 
**Core 04 Thread 29 Finished:   insts:495         cycles:24976      (19555425)  seconds:16    -- 0.02 IPC (0.02 IPC) --  N/A  KHz (0.03 KHz) 
**Core 03 Thread 02 Finished:   insts:495         cycles:24982      (19560123)  seconds:16    -- 0.02 IPC (0.02 IPC) --  N/A  KHz (0.03 KHz) 
**Core 13 Thread 15 Finished:   insts:495         cycles:24983      (19560906)  seconds:15    -- 0.02 IPC (0.02 IPC) --  N/A  KHz (0.03 KHz) 
**Core 09 Thread 27 Finished:   insts:495         cycles:24986      (19563255)  seconds:15    -- 0.02 IPC (0.02 IPC) --  N/A  KHz (0.03 KHz) 
**Core 15 Thread 30 Finished:   insts:495         cycles:24992      (19567953)  seconds:15    -- 0.02 IPC (0.02 IPC) --  N/A  KHz (0.03 KHz) 
**Core 00 Thread 14 Finished:   insts:495         cycles:24992      (19567953)  seconds:16    -- 0.02 IPC (0.02 IPC) --  N/A  KHz (0.03 KHz) 
**Core 10 Thread 18 Finished:   insts:495         cycles:24996      (19571085)  seconds:15    -- 0.02 IPC (0.02 IPC) --  N/A  KHz (0.03 KHz) 
**Core 07 Thread 06 Finished:   insts:495         cycles:25002      (19575783)  seconds:15    -- 0.02 IPC (0.02 IPC) --  N/A  KHz (0.03 KHz) 
**Core 15 Thread 24 Finished:   insts:495         cycles:25002      (19575783)  seconds:15    -- 0.02 IPC (0.02 IPC) --  N/A  KHz (0.03 KHz) 
**Core 08 Thread 02 Finished:   insts:495         cycles:25005      (19578132)  seconds:15    -- 0.02 IPC (0.02 IPC) --  N/A  KHz (0.03 KHz) 
**Core 00 Thread 18 Finished:   insts:495         cycles:25011      (19582830)  seconds:16    -- 0.02 IPC (0.02 IPC) --  N/A  KHz (0.03 KHz) 
**Core 13 Thread 20 Finished:   insts:495         cycles:25012      (19583613)  seconds:15    -- 0.02 IPC (0.02 IPC) --  N/A  KHz (0.03 KHz) 
**Core 08 Thread 30 Finished:   insts:495         cycles:25014      (19585179)  seconds:15    -- 0.02 IPC (0.02 IPC) --  N/A  KHz (0.03 KHz) 
**Core 00 Thread 29 Finished:   insts:495         cycles:25020      (19589877)  seconds:16    -- 0.02 IPC (0.02 IPC) --  N/A  KHz (0.03 KHz) 
**Core 15 Thread 27 Finished:   insts:495         cycles:25021      (19590660)  seconds:15    -- 0.02 IPC (0.02 IPC) --  N/A  KHz (0.03 KHz) 
**Core 11 Thread 07 Finished:   insts:495         cycles:25024      (19593009)  seconds:15    -- 0.02 IPC (0.02 IPC) --  N/A  KHz (0.03 KHz) 
**Core 13 Thread 16 Finished:   insts:495         cycles:25030      (19597707)  seconds:15    -- 0.02 IPC (0.02 IPC) --  N/A  KHz (0.03 KHz) 
**Core 00 Thread 22 Finished:   insts:495         cycles:25030      (19597707)  seconds:16    -- 0.02 IPC (0.02 IPC) --  N/A  KHz (0.03 KHz) 
**Core 04 Thread 18 Finished:   insts:495         cycles:25034      (19600839)  seconds:16    -- 0.02 IPC (0.02 IPC) --  N/A  KHz (0.03 KHz) 
**Core 04 Thread 09 Finished:   insts:495         cycles:25039      (19604754)  seconds:16    -- 0.02 IPC (0.02 IPC) --  N/A  KHz (0.03 KHz) 
**Core 15 Thread 18 Finished:   insts:495         cycles:25040      (19605537)  seconds:15    -- 0.02 IPC (0.02 IPC) --  N/A  KHz (0.03 KHz) 
**Core 15 Thread 07 Finished:   insts:495         cycles:25043      (19607886)  seconds:15    -- 0.02 IPC (0.02 IPC) --  N/A  KHz (0.03 KHz) 
**Core 00 Thread 26 Finished:   insts:495         cycles:25049      (19612584)  seconds:16    -- 0.02 IPC (0.02 IPC) --  N/A  KHz (0.03 KHz) 
**Core 15 Thread 26 Finished:   insts:495         cycles:25050      (19613367)  seconds:15    -- 0.02 IPC (0.02 IPC) --  N/A  KHz (0.03 KHz) 
**Core 04 Thread 24 Finished:   insts:495         cycles:25052      (19614933)  seconds:16    -- 0.02 IPC (0.02 IPC) --  N/A  KHz (0.03 KHz) 
**Core 00 Thread 08 Finished:   insts:495         cycles:25058      (19619631)  seconds:16    -- 0.02 IPC (0.02 IPC) --  N/A  KHz (0.03 KHz) 
**Core 15 Thread 20 Finished:   insts:495         cycles:25059      (19620414)  seconds:15    -- 0.02 IPC (0.02 IPC) --  N/A  KHz (0.03 KHz) 
**Core 08 Thread 10 Finished:   insts:495         cycles:25062      (19622763)  seconds:15    -- 0.02 IPC (0.02 IPC) --  N/A  KHz (0.03 KHz) 
**Core 15 Thread 28 Finished:   insts:495         cycles:25068      (19627461)  seconds:15    -- 0.02 IPC (0.02 IPC) --  N/A  KHz (0.03 KHz) 
**Core 05 Thread 01 Finished:   insts:495         cycles:25068      (19627461)  seconds:16    -- 0.02 IPC (0.02 IPC) --  N/A  KHz (0.03 KHz) 
**Core 13 Thread 04 Finished:   insts:495         cycles:25071      (19629810)  seconds:15    -- 0.02 IPC (0.02 IPC) --  N/A  KHz (0.03 KHz) 
**Core 00 Thread 12 Finished:   insts:495         cycles:25077      (19634508)  seconds:16    -- 0.02 IPC (0.02 IPC) --  N/A  KHz (0.03 KHz) 
**Core 14 Thread 12 Finished:   insts:495         cycles:25081      (19637640)  seconds:15    -- 0.02 IPC (0.02 IPC) --  N/A  KHz (0.03 KHz) 
**Core 03 Thread 03 Finished:   insts:495         cycles:25087      (19642338)  seconds:16    -- 0.02 IPC (0.02 IPC) --  N/A  KHz (0.03 KHz) 
**Core 04 Thread 14 Finished:   insts:495         cycles:25090      (19644687)  seconds:16    -- 0.02 IPC (0.02 IPC) --  N/A  KHz (0.03 KHz) 
**Core 00 Thread 16 Finished:   insts:495         cycles:25096      (19649385)  seconds:16    -- 0.02 IPC (0.02 IPC) --  N/A  KHz (0.03 KHz) 
**Core 08 Thread 14 Finished:   insts:495         cycles:25100      (19652517)  seconds:15    -- 0.02 IPC (0.02 IPC) --  N/A  KHz (0.03 KHz) 
**Core 05 Thread 05 Finished:   insts:495         cycles:25106      (19657215)  seconds:16    -- 0.02 IPC (0.02 IPC) --  N/A  KHz (0.03 KHz) 
**Core 10 Thread 22 Finished:   insts:495         cycles:25109      (19659564)  seconds:15    -- 0.02 IPC (0.02 IPC) --  N/A  KHz (0.03 KHz) 
**Core 00 Thread 20 Finished:   insts:495         cycles:25115      (19664262)  seconds:16    -- 0.02 IPC (0.02 IPC) --  N/A  KHz (0.03 KHz) 
**Core 04 Thread 28 Finished:   insts:495         cycles:25119      (19667394)  seconds:16    -- 0.02 IPC (0.02 IPC) --  N/A  KHz (0.03 KHz) 
**Core 00 Thread 30 Finished:   insts:495         cycles:25125      (19672092)  seconds:16    -- 0.02 IPC (0.02 IPC) --  N/A  KHz (0.03 KHz) 
**Core 05 Thread 29 Finished:   insts:495         cycles:25128      (19674441)  seconds:16    -- 0.02 IPC (0.02 IPC) --  N/A  KHz (0.03 KHz) 
**Core 00 Thread 24 Finished:   insts:495         cycles:25134      (19679139)  seconds:16    -- 0.02 IPC (0.02 IPC) --  N/A  KHz (0.03 KHz) 
**Core 09 Thread 28 Finished:   insts:495         cycles:25138      (19682271)  seconds:15    -- 0.02 IPC (0.02 IPC) --  N/A  KHz (0.03 KHz) 
**Core 04 Thread 11 Finished:   insts:495         cycles:25143      (19686186)  seconds:16    -- 0.02 IPC (0.02 IPC) --  N/A  KHz (0.03 KHz) 
**Core 10 Thread 19 Finished:   insts:495         cycles:25147      (19689318)  seconds:15    -- 0.02 IPC (0.02 IPC) --  N/A  KHz (0.03 KHz) 
**Core 00 Thread 28 Finished:   insts:495         cycles:25153      (19694016)  seconds:16    -- 0.02 IPC (0.02 IPC) --  N/A  KHz (0.03 KHz) 
**Core 09 Thread 01 Finished:   insts:495         cycles:25157      (19697148)  seconds:15    -- 0.02 IPC (0.02 IPC) --  N/A  KHz (0.03 KHz) 
**Core 00 Thread 07 Finished:   insts:495         cycles:25163      (19701846)  seconds:16    -- 0.02 IPC (0.02 IPC) --  N/A  KHz (0.03 KHz) 
**Core 08 Thread 29 Finished:   insts:495         cycles:25166      (19704195)  seconds:15    -- 0.02 IPC (0.02 IPC) --  N/A  KHz (0.03 KHz) 
**Core 07 Thread 01 Finished:   insts:495         cycles:25172      (19708893)  seconds:15    -- 0.02 IPC (0.02 IPC) --  N/A  KHz (0.03 KHz) 
**Core 08 Thread 06 Finished:   insts:495         cycles:25175      (19711242)  seconds:15    -- 0.02 IPC (0.02 IPC) --  N/A  KHz (0.03 KHz) 
**Core 00 Thread 11 Finished:   insts:495         cycles:25181      (19715940)  seconds:16    -- 0.02 IPC (0.02 IPC) --  N/A  KHz (0.03 KHz) 
**Core 04 Thread 20 Finished:   insts:495         cycles:25185      (19719072)  seconds:16    -- 0.02 IPC (0.02 IPC) --  N/A  KHz (0.03 KHz) 
**Core 03 Thread 04 Finished:   insts:495         cycles:25191      (19723770)  seconds:16    -- 0.02 IPC (0.02 IPC) --  N/A  KHz (0.03 KHz) 
**Core 15 Thread 08 Finished:   insts:495         cycles:25195      (19726902)  seconds:15    -- 0.02 IPC (0.02 IPC) --  N/A  KHz (0.03 KHz) 
**Core 00 Thread 15 Finished:   insts:495         cycles:25200      (19730817)  seconds:16    -- 0.02 IPC (0.02 IPC) --  N/A  KHz (0.03 KHz) 
**Core 04 Thread 21 Finished:   insts:495         cycles:25204      (19733949)  seconds:16    -- 0.02 IPC (0.02 IPC) --  N/A  KHz (0.03 KHz) 
**Core 05 Thread 06 Finished:   insts:495         cycles:25210      (19738647)  seconds:16    -- 0.02 IPC (0.02 IPC) --  N/A  KHz (0.03 KHz) 
**Core 08 Thread 09 Finished:   insts:495         cycles:25213      (19740996)  seconds:15    -- 0.02 IPC (0.02 IPC) --  N/A  KHz (0.03 KHz) 
**Core 00 Thread 19 Finished:   insts:495         cycles:25220      (19746477)  seconds:16    -- 0.02 IPC (0.02 IPC) --  N/A  KHz (0.03 KHz) 
**Core 12 Thread 01 Finished:   insts:495         cycles:25223      (19748826)  seconds:15    -- 0.02 IPC (0.02 IPC) --  N/A  KHz (0.03 KHz) 
**Core 00 Thread 31 Finished:   insts:495         cycles:25229      (19753524)  seconds:16    -- 0.02 IPC (0.02 IPC) --  N/A  KHz (0.03 KHz) 
**Core 12 Thread 11 Finished:   insts:495         cycles:25232      (19755873)  seconds:15    -- 0.02 IPC (0.02 IPC) --  N/A  KHz (0.03 KHz) 
**Core 00 Thread 23 Finished:   insts:495         cycles:25238      (19760571)  seconds:16    -- 0.02 IPC (0.02 IPC) --  N/A  KHz (0.03 KHz) 
**Core 04 Thread 16 Finished:   insts:495         cycles:25242      (19763703)  seconds:16    -- 0.02 IPC (0.02 IPC) --  N/A  KHz (0.03 KHz) 
**Core 05 Thread 09 Finished:   insts:495         cycles:25248      (19768401)  seconds:16    -- 0.02 IPC (0.02 IPC) --  N/A  KHz (0.03 KHz) 
**Core 08 Thread 13 Finished:   insts:495         cycles:25252      (19771533)  seconds:15    -- 0.02 IPC (0.02 IPC) --  N/A  KHz (0.03 KHz) 
**Core 00 Thread 27 Finished:   insts:495         cycles:25258      (19776231)  seconds:16    -- 0.02 IPC (0.02 IPC) --  N/A  KHz (0.03 KHz) 
**Core 10 Thread 23 Finished:   insts:495         cycles:25261      (19778580)  seconds:15    -- 0.02 IPC (0.02 IPC) --  N/A  KHz (0.03 KHz) 
**Core 01 Thread 06 Finished:   insts:495         cycles:25267      (19783278)  seconds:16    -- 0.02 IPC (0.02 IPC) --  N/A  KHz (0.03 KHz) 
**Core 04 Thread 25 Finished:   insts:495         cycles:25270      (19785627)  seconds:16    -- 0.02 IPC (0.02 IPC) --  N/A  KHz (0.03 KHz) 
**Core 07 Thread 03 Finished:   insts:495         cycles:25276      (19790325)  seconds:15    -- 0.02 IPC (0.02 IPC) --  N/A  KHz (0.03 KHz) 
**Core 05 Thread 30 Finished:   insts:495         cycles:25280      (19793457)  seconds:16    -- 0.02 IPC (0.02 IPC) --  N/A  KHz (0.03 KHz) 
**Core 03 Thread 09 Finished:   insts:495         cycles:25286      (19798155)  seconds:16    -- 0.02 IPC (0.02 IPC) --  N/A  KHz (0.03 KHz) 
**Core 10 Thread 25 Finished:   insts:495         cycles:25290      (19801287)  seconds:15    -- 0.02 IPC (0.02 IPC) --  N/A  KHz (0.03 KHz) 
**Core 00 Thread 01 Finished:   insts:495         cycles:25295      (19805202)  seconds:16    -- 0.02 IPC (0.02 IPC) --  N/A  KHz (0.03 KHz) 
**Core 10 Thread 20 Finished:   insts:495         cycles:25299      (19808334)  seconds:15    -- 0.02 IPC (0.02 IPC) --  N/A  KHz (0.03 KHz) 
**Core 03 Thread 13 Finished:   insts:495         cycles:25305      (19813032)  seconds:16    -- 0.02 IPC (0.02 IPC) --  N/A  KHz (0.03 KHz) 
**Core 11 Thread 04 Finished:   insts:495         cycles:25308      (19815381)  seconds:15    -- 0.02 IPC (0.02 IPC) --  N/A  KHz (0.03 KHz) 
**Core 05 Thread 07 Finished:   insts:495         cycles:25314      (19820079)  seconds:16    -- 0.02 IPC (0.02 IPC) --  N/A  KHz (0.03 KHz) 
**Core 09 Thread 30 Finished:   insts:495         cycles:25318      (19823211)  seconds:15    -- 0.02 IPC (0.02 IPC) --  N/A  KHz (0.03 KHz) 
**Core 03 Thread 17 Finished:   insts:495         cycles:25324      (19827909)  seconds:16    -- 0.02 IPC (0.02 IPC) --  N/A  KHz (0.03 KHz) 
**Core 08 Thread 05 Finished:   insts:495         cycles:25327      (19830258)  seconds:15    -- 0.02 IPC (0.02 IPC) --  N/A  KHz (0.03 KHz) 
**Core 02 Thread 29 Finished:   insts:495         cycles:25333      (19834956)  seconds:16    -- 0.02 IPC (0.02 IPC) --  N/A  KHz (0.03 KHz) 
**Core 04 Thread 17 Finished:   insts:495         cycles:25337      (19838088)  seconds:16    -- 0.02 IPC (0.02 IPC) --  N/A  KHz (0.03 KHz) 
**Core 03 Thread 21 Finished:   insts:495         cycles:25343      (19842786)  seconds:16    -- 0.02 IPC (0.02 IPC) --  N/A  KHz (0.03 KHz) 
**Core 13 Thread 05 Finished:   insts:495         cycles:25346      (19845135)  seconds:15    -- 0.02 IPC (0.02 IPC) --  N/A  KHz (0.03 KHz) 
**Core 05 Thread 10 Finished:   insts:495         cycles:25352      (19849833)  seconds:16    -- 0.02 IPC (0.02 IPC) --  N/A  KHz (0.03 KHz) 
**Core 04 Thread 23 Finished:   insts:495         cycles:25356      (19852965)  seconds:16    -- 0.02 IPC (0.02 IPC) --  N/A  KHz (0.03 KHz) 
**Core 02 Thread 25 Finished:   insts:495         cycles:25362      (19857663)  seconds:16    -- 0.02 IPC (0.02 IPC) --  N/A  KHz (0.03 KHz) 
**Core 08 Thread 11 Finished:   insts:495         cycles:25365      (19860012)  seconds:15    -- 0.02 IPC (0.02 IPC) --  N/A  KHz (0.03 KHz) 
**Core 01 Thread 08 Finished:   insts:495         cycles:25371      (19864710)  seconds:16    -- 0.02 IPC (0.02 IPC) --  N/A  KHz (0.03 KHz) 
**Core 12 Thread 03 Finished:   insts:495         cycles:25375      (19867842)  seconds:15    -- 0.02 IPC (0.02 IPC) --  N/A  KHz (0.03 KHz) 
**Core 05 Thread 02 Finished:   insts:495         cycles:25381      (19872540)  seconds:16    -- 0.02 IPC (0.02 IPC) --  N/A  KHz (0.03 KHz) 
**Core 12 Thread 10 Finished:   insts:495         cycles:25384      (19874889)  seconds:15    -- 0.02 IPC (0.02 IPC) --  N/A  KHz (0.03 KHz) 
**Core 03 Thread 10 Finished:   insts:495         cycles:25390      (19879587)  seconds:16    -- 0.02 IPC (0.02 IPC) --  N/A  KHz (0.03 KHz) 
**Core 04 Thread 13 Finished:   insts:495         cycles:25394      (19882719)  seconds:16    -- 0.02 IPC (0.02 IPC) --  N/A  KHz (0.03 KHz) 
**Core 00 Thread 02 Finished:   insts:495         cycles:25399      (19886634)  seconds:16    -- 0.02 IPC (0.02 IPC) --  N/A  KHz (0.03 KHz) 
**Core 08 Thread 15 Finished:   insts:495         cycles:25403      (19889766)  seconds:15    -- 0.02 IPC (0.02 IPC) --  N/A  KHz (0.03 KHz) 
**Core 03 Thread 14 Finished:   insts:495         cycles:25409      (19894464)  seconds:16    -- 0.02 IPC (0.02 IPC) --  N/A  KHz (0.03 KHz) 
**Core 10 Thread 24 Finished:   insts:495         cycles:25413      (19897596)  seconds:15    -- 0.02 IPC (0.02 IPC) --  N/A  KHz (0.03 KHz) 
**Core 05 Thread 08 Finished:   insts:495         cycles:25419      (19902294)  seconds:16    -- 0.02 IPC (0.02 IPC) --  N/A  KHz (0.03 KHz) 
**Core 04 Thread 27 Finished:   insts:495         cycles:25422      (19904643)  seconds:16    -- 0.02 IPC (0.02 IPC) --  N/A  KHz (0.03 KHz) 
**Core 03 Thread 18 Finished:   insts:495         cycles:25428      (19909341)  seconds:16    -- 0.02 IPC (0.02 IPC) --  N/A  KHz (0.03 KHz) 
**Core 07 Thread 31 Finished:   insts:495         cycles:25431      (19911690)  seconds:15    -- 0.02 IPC (0.02 IPC) --  N/A  KHz (0.03 KHz) 
**Core 02 Thread 30 Finished:   insts:495         cycles:25437      (19916388)  seconds:16    -- 0.02 IPC (0.02 IPC) --  N/A  KHz (0.03 KHz) 
**Core 10 Thread 26 Finished:   insts:495         cycles:25441      (19919520)  seconds:15    -- 0.02 IPC (0.02 IPC) --  N/A  KHz (0.03 KHz) 
**Core 03 Thread 22 Finished:   insts:495         cycles:25447      (19924218)  seconds:16    -- 0.02 IPC (0.02 IPC) --  N/A  KHz (0.03 KHz) 
**Core 08 Thread 18 Finished:   insts:495         cycles:25451      (19927350)  seconds:15    -- 0.02 IPC (0.02 IPC) --  N/A  KHz (0.03 KHz) 
**Core 05 Thread 11 Finished:   insts:495         cycles:25456      (19931265)  seconds:16    -- 0.02 IPC (0.02 IPC) --  N/A  KHz (0.03 KHz) 
**Core 08 Thread 01 Finished:   insts:495         cycles:25460      (19934397)  seconds:15    -- 0.02 IPC (0.02 IPC) --  N/A  KHz (0.03 KHz) 
**Core 02 Thread 26 Finished:   insts:495         cycles:25466      (19939095)  seconds:16    -- 0.02 IPC (0.02 IPC) --  N/A  KHz (0.03 KHz) 
**Core 08 Thread 31 Finished:   insts:495         cycles:25469      (19941444)  seconds:15    -- 0.02 IPC (0.02 IPC) --  N/A  KHz (0.03 KHz) 
**Core 03 Thread 05 Finished:   insts:495         cycles:25476      (19946925)  seconds:16    -- 0.02 IPC (0.02 IPC) --  N/A  KHz (0.03 KHz) 
**Core 08 Thread 07 Finished:   insts:495         cycles:25479      (19949274)  seconds:15    -- 0.02 IPC (0.02 IPC) --  N/A  KHz (0.03 KHz) 
**Core 05 Thread 03 Finished:   insts:495         cycles:25485      (19953972)  seconds:16    -- 0.02 IPC (0.02 IPC) --  N/A  KHz (0.03 KHz) 
**Core 04 Thread 19 Finished:   insts:495         cycles:25488      (19956321)  seconds:16    -- 0.02 IPC (0.02 IPC) --  N/A  KHz (0.03 KHz) 
**Core 03 Thread 11 Finished:   insts:495         cycles:25494      (19961019)  seconds:16    -- 0.02 IPC (0.02 IPC) --  N/A  KHz (0.03 KHz) 
**Core 13 Thread 06 Finished:   insts:495         cycles:25498      (19964151)  seconds:15    -- 0.02 IPC (0.02 IPC) --  N/A  KHz (0.03 KHz) 
**Core 00 Thread 04 Finished:   insts:495         cycles:25504      (19968849)  seconds:16    -- 0.02 IPC (0.02 IPC) --  N/A  KHz (0.03 KHz) 
**Core 06 Thread 21 Finished:   insts:495         cycles:25508      (19971981)  seconds:15    -- 0.02 IPC (0.02 IPC) --  N/A  KHz (0.03 KHz) 
**Core 03 Thread 15 Finished:   insts:495         cycles:25514      (19976679)  seconds:16    -- 0.02 IPC (0.02 IPC) --  N/A  KHz (0.03 KHz) 
**Core 08 Thread 12 Finished:   insts:495         cycles:25517      (19979028)  seconds:15    -- 0.02 IPC (0.02 IPC) --  N/A  KHz (0.03 KHz) 
**Core 07 Thread 05 Finished:   insts:495         cycles:25523      (19983726)  seconds:15    -- 0.02 IPC (0.02 IPC) --  N/A  KHz (0.03 KHz) 
**Core 12 Thread 02 Finished:   insts:495         cycles:25526      (19986075)  seconds:15    -- 0.02 IPC (0.02 IPC) --  N/A  KHz (0.03 KHz) 
**Core 03 Thread 19 Finished:   insts:495         cycles:25532      (19990773)  seconds:16    -- 0.02 IPC (0.02 IPC) --  N/A  KHz (0.03 KHz) 
**Core 15 Thread 09 Finished:   insts:495         cycles:25536      (19993905)  seconds:15    -- 0.02 IPC (0.02 IPC) --  N/A  KHz (0.03 KHz) 
**Core 02 Thread 31 Finished:   insts:495         cycles:25542      (19998603)  seconds:16    -- 0.02 IPC (0.02 IPC) --  N/A  KHz (0.03 KHz) 
**Core 04 Thread 15 Finished:   insts:495         cycles:25546      (20001735)  seconds:16    -- 0.02 IPC (0.02 IPC) --  N/A  KHz (0.03 KHz) 
**Core 03 Thread 23 Finished:   insts:495         cycles:25551      (20005650)  seconds:16    -- 0.02 IPC (0.02 IPC) --  N/A  KHz (0.03 KHz) 
**Core 08 Thread 16 Finished:   insts:495         cycles:25555      (20008782)  seconds:15    -- 0.02 IPC (0.02 IPC) --  N/A  KHz (0.03 KHz) 
**Core 05 Thread 12 Finished:   insts:495         cycles:25561      (20013480)  seconds:16    -- 0.02 IPC (0.02 IPC) --  N/A  KHz (0.03 KHz) 
**Core 08 Thread 22 Finished:   insts:495         cycles:25564      (20015829)  seconds:15    -- 0.02 IPC (0.02 IPC) --  N/A  KHz (0.03 KHz) 
**Core 02 Thread 27 Finished:   insts:495         cycles:25570      (20020527)  seconds:16    -- 0.02 IPC (0.02 IPC) --  N/A  KHz (0.03 KHz) 
**Core 06 Thread 25 Finished:   insts:495         cycles:25574      (20023659)  seconds:15    -- 0.02 IPC (0.02 IPC) --  N/A  KHz (0.03 KHz) 
**Core 03 Thread 06 Finished:   insts:495         cycles:25580      (20028357)  seconds:16    -- 0.02 IPC (0.02 IPC) --  N/A  KHz (0.03 KHz) 
**Core 04 Thread 31 Finished:   insts:495         cycles:25583      (20030706)  seconds:16    -- 0.02 IPC (0.02 IPC) --  N/A  KHz (0.03 KHz) 
**Core 04 Core_Total  Finished:   insts:15842       cycles:25583      (20030706) seconds:16    -- 0.62 IPC (0.62 IPC) --  N/A  KHz (0.99 KHz)
**Core 07 Thread 04 Finished:   insts:495         cycles:25589      (20035404)  seconds:15    -- 0.02 IPC (0.02 IPC) --  N/A  KHz (0.03 KHz) 
**Core 08 Thread 26 Finished:   insts:495         cycles:25593      (20038536)  seconds:15    -- 0.02 IPC (0.02 IPC) --  N/A  KHz (0.03 KHz) 
**Core 03 Thread 12 Finished:   insts:495         cycles:25599      (20043234)  seconds:16    -- 0.02 IPC (0.02 IPC) --  N/A  KHz (0.03 KHz) 
**Core 08 Thread 17 Finished:   insts:495         cycles:25602      (20045583)  seconds:15    -- 0.02 IPC (0.02 IPC) --  N/A  KHz (0.03 KHz) 
**Core 00 Thread 03 Finished:   insts:495         cycles:25608      (20050281)  seconds:16    -- 0.02 IPC (0.02 IPC) --  N/A  KHz (0.03 KHz) 
**Core 00 Core_Total  Finished:   insts:15842       cycles:25608      (20050281) seconds:16    -- 0.62 IPC (0.62 IPC) --  N/A  KHz (0.99 KHz)
**Core 08 Thread 03 Finished:   insts:495         cycles:25612      (20053413)  seconds:15    -- 0.02 IPC (0.02 IPC) --  N/A  KHz (0.03 KHz) 
**Core 03 Thread 16 Finished:   insts:495         cycles:25618      (20058111)  seconds:16    -- 0.02 IPC (0.02 IPC) --  N/A  KHz (0.03 KHz) 
**Core 09 Thread 31 Finished:   insts:495         cycles:25621      (20060460)  seconds:15    -- 0.02 IPC (0.02 IPC) --  N/A  KHz (0.03 KHz) 
**Core 07 Thread 07 Finished:   insts:495         cycles:25627      (20065158)  seconds:15    -- 0.02 IPC (0.02 IPC) --  N/A  KHz (0.03 KHz) 
**Core 08 Thread 08 Finished:   insts:495         cycles:25631      (20068290)  seconds:15    -- 0.02 IPC (0.02 IPC) --  N/A  KHz (0.03 KHz) 
**Core 03 Thread 20 Finished:   insts:495         cycles:25637      (20072988)  seconds:16    -- 0.02 IPC (0.02 IPC) --  N/A  KHz (0.03 KHz) 
**Core 05 Thread 17 Finished:   insts:495         cycles:25640      (20075337)  seconds:16    -- 0.02 IPC (0.02 IPC) --  N/A  KHz (0.03 KHz) 
**Core 01 Thread 29 Finished:   insts:495         cycles:25646      (20080035)  seconds:16    -- 0.02 IPC (0.02 IPC) --  N/A  KHz (0.03 KHz) 
**Core 13 Thread 07 Finished:   insts:495         cycles:25650      (20083167)  seconds:15    -- 0.02 IPC (0.02 IPC) --  N/A  KHz (0.03 KHz) 
**Core 03 Thread 24 Finished:   insts:495         cycles:25655      (20087082)  seconds:16    -- 0.02 IPC (0.02 IPC) --  N/A  KHz (0.03 KHz) 
**Core 06 Thread 22 Finished:   insts:495         cycles:25659      (20090214)  seconds:15    -- 0.02 IPC (0.02 IPC) --  N/A  KHz (0.03 KHz) 
**Core 07 Thread 10 Finished:   insts:495         cycles:25665      (20094912)  seconds:15    -- 0.02 IPC (0.02 IPC) --  N/A  KHz (0.03 KHz) 
**Core 09 Thread 09 Finished:   insts:495         cycles:25669      (20098044)  seconds:15    -- 0.02 IPC (0.02 IPC) --  N/A  KHz (0.03 KHz) 
**Core 02 Thread 28 Finished:   insts:495         cycles:25675      (20102742)  seconds:16    -- 0.02 IPC (0.02 IPC) --  N/A  KHz (0.03 KHz) 
**Core 12 Thread 04 Finished:   insts:495         cycles:25678      (20105091)  seconds:15    -- 0.02 IPC (0.02 IPC) --  N/A  KHz (0.03 KHz) 
**Core 03 Thread 07 Finished:   insts:495         cycles:25684      (20109789)  seconds:16    -- 0.02 IPC (0.02 IPC) --  N/A  KHz (0.03 KHz) 
**Core 15 Thread 11 Finished:   insts:495         cycles:25687      (20112138)  seconds:15    -- 0.02 IPC (0.02 IPC) --  N/A  KHz (0.03 KHz) 
**Core 05 Thread 04 Finished:   insts:495         cycles:25693      (20116836)  seconds:16    -- 0.02 IPC (0.02 IPC) --  N/A  KHz (0.03 KHz) 
**Core 05 Thread 13 Finished:   insts:495         cycles:25697      (20119968)  seconds:16    -- 0.02 IPC (0.02 IPC) --  N/A  KHz (0.03 KHz) 
**Core 01 Thread 09 Finished:   insts:495         cycles:25703      (20124666)  seconds:16    -- 0.02 IPC (0.02 IPC) --  N/A  KHz (0.03 KHz) 
**Core 09 Thread 13 Finished:   insts:495         cycles:25707      (20127798)  seconds:15    -- 0.02 IPC (0.02 IPC) --  N/A  KHz (0.03 KHz) 
**Core 02 Thread 01 Finished:   insts:495         cycles:25712      (20131713)  seconds:16    -- 0.02 IPC (0.02 IPC) --  N/A  KHz (0.03 KHz) 
**Core 08 Thread 21 Finished:   insts:495         cycles:25716      (20134845)  seconds:15    -- 0.02 IPC (0.02 IPC) --  N/A  KHz (0.03 KHz) 
**Core 01 Thread 13 Finished:   insts:495         cycles:25722      (20139543)  seconds:16    -- 0.02 IPC (0.02 IPC) --  N/A  KHz (0.03 KHz) 
**Core 06 Thread 26 Finished:   insts:495         cycles:25725      (20141892)  seconds:15    -- 0.02 IPC (0.02 IPC) --  N/A  KHz (0.03 KHz) 
**Core 06 Thread 05 Finished:   insts:495         cycles:25732      (20147373)  seconds:15    -- 0.02 IPC (0.02 IPC) --  N/A  KHz (0.03 KHz) 
**Core 05 Thread 31 Finished:   insts:495         cycles:25735      (20149722)  seconds:16    -- 0.02 IPC (0.02 IPC) --  N/A  KHz (0.03 KHz) 
**Core 01 Thread 17 Finished:   insts:495         cycles:25741      (20154420)  seconds:16    -- 0.02 IPC (0.02 IPC) --  N/A  KHz (0.03 KHz) 
**Core 08 Thread 25 Finished:   insts:495         cycles:25744      (20156769)  seconds:15    -- 0.02 IPC (0.02 IPC) --  N/A  KHz (0.03 KHz) 
**Core 01 Thread 30 Finished:   insts:495         cycles:25750      (20161467)  seconds:16    -- 0.02 IPC (0.02 IPC) --  N/A  KHz (0.03 KHz) 
**Core 08 Thread 19 Finished:   insts:495         cycles:25754      (20164599)  seconds:15    -- 0.02 IPC (0.02 IPC) --  N/A  KHz (0.03 KHz) 
**Core 01 Thread 21 Finished:   insts:495         cycles:25760      (20169297)  seconds:16    -- 0.02 IPC (0.02 IPC) --  N/A  KHz (0.03 KHz) 
**Core 09 Thread 02 Finished:   insts:495         cycles:25764      (20172429)  seconds:15    -- 0.02 IPC (0.02 IPC) --  N/A  KHz (0.03 KHz) 
**Core 07 Thread 09 Finished:   insts:495         cycles:25770      (20177127)  seconds:15    -- 0.02 IPC (0.02 IPC) --  N/A  KHz (0.03 KHz) 
**Core 10 Thread 29 Finished:   insts:495         cycles:25773      (20179476)  seconds:15    -- 0.02 IPC (0.02 IPC) --  N/A  KHz (0.03 KHz) 
**Core 01 Thread 25 Finished:   insts:495         cycles:25779      (20184174)  seconds:16    -- 0.02 IPC (0.02 IPC) --  N/A  KHz (0.03 KHz) 
**Core 09 Thread 05 Finished:   insts:495         cycles:25782      (20186523)  seconds:15    -- 0.02 IPC (0.02 IPC) --  N/A  KHz (0.03 KHz) 
**Core 03 Thread 08 Finished:   insts:495         cycles:25788      (20191221)  seconds:16    -- 0.02 IPC (0.02 IPC) --  N/A  KHz (0.03 KHz) 
**Core 03 Core_Total  Finished:   insts:15842       cycles:25788      (20191221) seconds:16    -- 0.61 IPC (0.61 IPC) --  N/A  KHz (0.99 KHz)
**Core 05 Thread 18 Finished:   insts:495         cycles:25792      (20194353)  seconds:16    -- 0.02 IPC (0.02 IPC) --  N/A  KHz (0.03 KHz) 
**Core 06 Thread 01 Finished:   insts:495         cycles:25798      (20199051)  seconds:15    -- 0.02 IPC (0.02 IPC) --  N/A  KHz (0.03 KHz) 
**Core 12 Thread 05 Finished:   insts:495         cycles:25802      (20202183)  seconds:15    -- 0.02 IPC (0.02 IPC) --  N/A  KHz (0.03 KHz) 
**Core 01 Thread 11 Finished:   insts:495         cycles:25807      (20206098)  seconds:16    -- 0.02 IPC (0.02 IPC) --  N/A  KHz (0.03 KHz) 
**Core 06 Thread 23 Finished:   insts:495         cycles:25811      (20209230)  seconds:15    -- 0.02 IPC (0.02 IPC) --  N/A  KHz (0.03 KHz) 
**Core 02 Thread 02 Finished:   insts:495         cycles:25817      (20213928)  seconds:16    -- 0.02 IPC (0.02 IPC) --  N/A  KHz (0.03 KHz) 
**Core 09 Thread 10 Finished:   insts:495         cycles:25820      (20216277)  seconds:15    -- 0.02 IPC (0.02 IPC) --  N/A  KHz (0.03 KHz) 
**Core 01 Thread 15 Finished:   insts:495         cycles:25826      (20220975)  seconds:16    -- 0.02 IPC (0.02 IPC) --  N/A  KHz (0.03 KHz) 
**Core 14 Thread 01 Finished:   insts:495         cycles:25830      (20224107)  seconds:15    -- 0.02 IPC (0.02 IPC) --  N/A  KHz (0.03 KHz) 
**Core 06 Thread 06 Finished:   insts:495         cycles:25836      (20228805)  seconds:15    -- 0.02 IPC (0.02 IPC) --  N/A  KHz (0.03 KHz) 
**Core 12 Thread 12 Finished:   insts:495         cycles:25839      (20231154)  seconds:15    -- 0.02 IPC (0.02 IPC) --  N/A  KHz (0.03 KHz) 
**Core 01 Thread 19 Finished:   insts:495         cycles:25845      (20235852)  seconds:16    -- 0.02 IPC (0.02 IPC) --  N/A  KHz (0.03 KHz) 
**Core 05 Thread 14 Finished:   insts:495         cycles:25849      (20238984)  seconds:16    -- 0.02 IPC (0.02 IPC) --  N/A  KHz (0.03 KHz) 
**Core 06 Thread 00 Finished:   insts:497         cycles:25855      (20243682)  seconds:15    -- 0.02 IPC (0.02 IPC) --  N/A  KHz (0.03 KHz) 
**Core 09 Thread 14 Finished:   insts:495         cycles:25858      (20246031)  seconds:15    -- 0.02 IPC (0.02 IPC) --  N/A  KHz (0.03 KHz) 
**Core 01 Thread 23 Finished:   insts:495         cycles:25864      (20250729)  seconds:16    -- 0.02 IPC (0.02 IPC) --  N/A  KHz (0.03 KHz) 
**Core 08 Thread 23 Finished:   insts:495         cycles:25868      (20253861)  seconds:15    -- 0.02 IPC (0.02 IPC) --  N/A  KHz (0.03 KHz) 
**Core 07 Thread 11 Finished:   insts:495         cycles:25874      (20258559)  seconds:15    -- 0.02 IPC (0.02 IPC) --  N/A  KHz (0.03 KHz) 
**Core 06 Thread 27 Finished:   insts:495         cycles:25877      (20260908)  seconds:15    -- 0.02 IPC (0.02 IPC) --  N/A  KHz (0.03 KHz) 
**Core 01 Thread 27 Finished:   insts:495         cycles:25883      (20265606)  seconds:16    -- 0.02 IPC (0.02 IPC) --  N/A  KHz (0.03 KHz) 
**Core 10 Thread 00 Finished:   insts:497         cycles:25887      (20268738)  seconds:15    -- 0.02 IPC (0.02 IPC) --  N/A  KHz (0.03 KHz) 
**Core 02 Thread 05 Finished:   insts:495         cycles:25893      (20273436)  seconds:16    -- 0.02 IPC (0.02 IPC) --  N/A  KHz (0.03 KHz) 
**Core 10 Thread 27 Finished:   insts:495         cycles:25896      (20275785)  seconds:15    -- 0.02 IPC (0.02 IPC) --  N/A  KHz (0.03 KHz) 
**Core 06 Thread 02 Finished:   insts:495         cycles:25902      (20280483)  seconds:15    -- 0.02 IPC (0.02 IPC) --  N/A  KHz (0.03 KHz) 
**Core 08 Thread 20 Finished:   insts:495         cycles:25906      (20283615)  seconds:15    -- 0.02 IPC (0.02 IPC) --  N/A  KHz (0.03 KHz) 
**Core 01 Thread 10 Finished:   insts:495         cycles:25911      (20287530)  seconds:16    -- 0.02 IPC (0.02 IPC) --  N/A  KHz (0.03 KHz) 
**Core 09 Thread 03 Finished:   insts:495         cycles:25915      (20290662)  seconds:15    -- 0.02 IPC (0.02 IPC) --  N/A  KHz (0.03 KHz) 
**Core 02 Thread 03 Finished:   insts:495         cycles:25921      (20295360)  seconds:16    -- 0.02 IPC (0.02 IPC) --  N/A  KHz (0.03 KHz) 
**Core 10 Thread 30 Finished:   insts:495         cycles:25925      (20298492)  seconds:15    -- 0.02 IPC (0.02 IPC) --  N/A  KHz (0.03 KHz) 
**Core 01 Thread 14 Finished:   insts:495         cycles:25931      (20303190)  seconds:16    -- 0.02 IPC (0.02 IPC) --  N/A  KHz (0.03 KHz) 
**Core 09 Thread 06 Finished:   insts:495         cycles:25934      (20305539)  seconds:15    -- 0.02 IPC (0.02 IPC) --  N/A  KHz (0.03 KHz) 
**Core 07 Thread 08 Finished:   insts:495         cycles:25940      (20310237)  seconds:15    -- 0.02 IPC (0.02 IPC) --  N/A  KHz (0.03 KHz) 
**Core 05 Thread 19 Finished:   insts:495         cycles:25943      (20312586)  seconds:16    -- 0.02 IPC (0.02 IPC) --  N/A  KHz (0.03 KHz) 
**Core 01 Thread 18 Finished:   insts:495         cycles:25949      (20317284)  seconds:16    -- 0.02 IPC (0.02 IPC) --  N/A  KHz (0.03 KHz) 
**Core 12 Thread 06 Finished:   insts:495         cycles:25953      (20320416)  seconds:15    -- 0.02 IPC (0.02 IPC) --  N/A  KHz (0.03 KHz) 
**Core 12 Core_Total  Finished:   insts:15842       cycles:25953      (20320416) seconds:15    -- 0.61 IPC (0.61 IPC) --  N/A  KHz (1.06 KHz)
**Core 01 Thread 22 Finished:   insts:495         cycles:25959      (20325114)  seconds:16    -- 0.02 IPC (0.02 IPC) --  N/A  KHz (0.03 KHz) 
**Core 06 Thread 24 Finished:   insts:495         cycles:25963      (20328246)  seconds:15    -- 0.02 IPC (0.02 IPC) --  N/A  KHz (0.03 KHz) 
**Core 07 Thread 12 Finished:   insts:495         cycles:25968      (20332161)  seconds:15    -- 0.02 IPC (0.02 IPC) --  N/A  KHz (0.03 KHz) 
**Core 09 Thread 11 Finished:   insts:495         cycles:25972      (20335293)  seconds:15    -- 0.02 IPC (0.02 IPC) --  N/A  KHz (0.03 KHz) 
**Core 01 Thread 26 Finished:   insts:495         cycles:25978      (20339991)  seconds:16    -- 0.02 IPC (0.02 IPC) --  N/A  KHz (0.03 KHz) 
**Core 14 Thread 02 Finished:   insts:495         cycles:25981      (20342340)  seconds:15    -- 0.02 IPC (0.02 IPC) --  N/A  KHz (0.03 KHz) 
**Core 02 Thread 06 Finished:   insts:495         cycles:25988      (20347821)  seconds:16    -- 0.02 IPC (0.02 IPC) --  N/A  KHz (0.03 KHz) 
**Core 15 Thread 10 Finished:   insts:495         cycles:25991      (20350170)  seconds:15    -- 0.02 IPC (0.02 IPC) --  N/A  KHz (0.03 KHz) 
**Core 06 Thread 03 Finished:   insts:495         cycles:25997      (20354868)  seconds:15    -- 0.02 IPC (0.02 IPC) --  N/A  KHz (0.03 KHz) 
**Core 05 Thread 15 Finished:   insts:495         cycles:26000      (20357217)  seconds:16    -- 0.02 IPC (0.02 IPC) --  N/A  KHz (0.03 KHz) 
**Core 01 Thread 12 Finished:   insts:495         cycles:26006      (20361915)  seconds:16    -- 0.02 IPC (0.02 IPC) --  N/A  KHz (0.03 KHz) 
**Core 09 Thread 15 Finished:   insts:495         cycles:26010      (20365047)  seconds:15    -- 0.02 IPC (0.02 IPC) --  N/A  KHz (0.03 KHz) 
**Core 02 Thread 04 Finished:   insts:495         cycles:26016      (20369745)  seconds:16    -- 0.02 IPC (0.02 IPC) --  N/A  KHz (0.03 KHz) 
**Core 02 Core_Total  Finished:   insts:15842       cycles:26016      (20369745) seconds:16    -- 0.61 IPC (0.61 IPC) --  N/A  KHz (0.99 KHz)
**Core 08 Thread 24 Finished:   insts:495         cycles:26020      (20372877)  seconds:15    -- 0.02 IPC (0.02 IPC) --  N/A  KHz (0.03 KHz) 
**Core 01 Thread 16 Finished:   insts:495         cycles:26026      (20377575)  seconds:16    -- 0.02 IPC (0.02 IPC) --  N/A  KHz (0.03 KHz) 
**Core 06 Thread 28 Finished:   insts:495         cycles:26029      (20379924)  seconds:15    -- 0.02 IPC (0.02 IPC) --  N/A  KHz (0.03 KHz) 
**Core 01 Thread 20 Finished:   insts:495         cycles:26035      (20384622)  seconds:16    -- 0.02 IPC (0.02 IPC) --  N/A  KHz (0.03 KHz) 
**Core 06 Thread 29 Finished:   insts:495         cycles:26038      (20386971)  seconds:15    -- 0.02 IPC (0.02 IPC) --  N/A  KHz (0.03 KHz) 
**Core 01 Thread 24 Finished:   insts:495         cycles:26044      (20391669)  seconds:16    -- 0.02 IPC (0.02 IPC) --  N/A  KHz (0.03 KHz) 
**Core 10 Thread 28 Finished:   insts:495         cycles:26048      (20394801)  seconds:15    -- 0.02 IPC (0.02 IPC) --  N/A  KHz (0.03 KHz) 
**Core 01 Thread 28 Finished:   insts:495         cycles:26054      (20399499)  seconds:16    -- 0.02 IPC (0.02 IPC) --  N/A  KHz (0.03 KHz) 
**Core 01 Core_Total  Finished:   insts:15842       cycles:26054      (20399499) seconds:16    -- 0.61 IPC (0.61 IPC) --  N/A  KHz (0.99 KHz)
**Core 11 Thread 18 Finished:   insts:495         cycles:26058      (20402631)  seconds:15    -- 0.02 IPC (0.02 IPC) --  N/A  KHz (0.03 KHz) 
**Core 06 Thread 04 Finished:   insts:495         cycles:26063      (20406546)  seconds:15    -- 0.02 IPC (0.02 IPC) --  N/A  KHz (0.03 KHz) 
**Core 08 Thread 04 Finished:   insts:495         cycles:26067      (20409678)  seconds:15    -- 0.02 IPC (0.02 IPC) --  N/A  KHz (0.03 KHz) 
**Core 08 Core_Total  Finished:   insts:15842       cycles:26067      (20409678) seconds:15    -- 0.61 IPC (0.61 IPC) --  N/A  KHz (1.06 KHz)
**Core 10 Thread 31 Finished:   insts:495         cycles:26076      (20416725)  seconds:15    -- 0.02 IPC (0.02 IPC) --  N/A  KHz (0.03 KHz) 
**Core 09 Thread 07 Finished:   insts:495         cycles:26086      (20424555)  seconds:15    -- 0.02 IPC (0.02 IPC) --  N/A  KHz (0.03 KHz) 
**Core 05 Thread 20 Finished:   insts:495         cycles:26095      (20431602)  seconds:16    -- 0.02 IPC (0.02 IPC) --  N/A  KHz (0.03 KHz) 
**Core 13 Thread 08 Finished:   insts:495         cycles:26105      (20439432)  seconds:15    -- 0.02 IPC (0.02 IPC) --  N/A  KHz (0.03 KHz) 
**Core 07 Thread 22 Finished:   insts:495         cycles:26114      (20446479)  seconds:15    -- 0.02 IPC (0.02 IPC) --  N/A  KHz (0.03 KHz) 
**Core 09 Thread 12 Finished:   insts:495         cycles:26124      (20454309)  seconds:15    -- 0.02 IPC (0.02 IPC) --  N/A  KHz (0.03 KHz) 
**Core 14 Thread 03 Finished:   insts:495         cycles:26133      (20461356)  seconds:16    -- 0.02 IPC (0.02 IPC) --  N/A  KHz (0.03 KHz) 
**Core 15 Thread 12 Finished:   insts:495         cycles:26143      (20469186)  seconds:16    -- 0.02 IPC (0.02 IPC) --  N/A  KHz (0.03 KHz) 
**Core 05 Thread 16 Finished:   insts:495         cycles:26152      (20476233)  seconds:17    -- 0.02 IPC (0.02 IPC) --  N/A  KHz (0.03 KHz) 
**Core 05 Core_Total  Finished:   insts:15842       cycles:26152      (20476233) seconds:17    -- 0.61 IPC (0.61 IPC) --  N/A  KHz (0.93 KHz)
**Core 09 Thread 16 Finished:   insts:495         cycles:26162      (20484063)  seconds:16    -- 0.02 IPC (0.02 IPC) --  N/A  KHz (0.03 KHz) 
**Core 11 Thread 22 Finished:   insts:495         cycles:26171      (20491110)  seconds:16    -- 0.02 IPC (0.02 IPC) --  N/A  KHz (0.03 KHz) 
**Core 07 Thread 26 Finished:   insts:495         cycles:26181      (20498940)  seconds:16    -- 0.02 IPC (0.02 IPC) --  N/A  KHz (0.03 KHz) 
**Core 06 Thread 30 Finished:   insts:495         cycles:26190      (20505987)  seconds:16    -- 0.02 IPC (0.02 IPC) --  N/A  KHz (0.03 KHz) 
**Core 11 Thread 26 Finished:   insts:495         cycles:26199      (20513034)  seconds:16    -- 0.02 IPC (0.02 IPC) --  N/A  KHz (0.03 KHz) 
**Core 11 Thread 17 Finished:   insts:495         cycles:26209      (20520864)  seconds:16    -- 0.02 IPC (0.02 IPC) --  N/A  KHz (0.03 KHz) 
**Core 09 Thread 04 Finished:   insts:495         cycles:26219      (20528694)  seconds:16    -- 0.02 IPC (0.02 IPC) --  N/A  KHz (0.03 KHz) 
**Core 14 Thread 00 Finished:   insts:497         cycles:26228      (20535741)  seconds:16    -- 0.02 IPC (0.02 IPC) --  N/A  KHz (0.03 KHz) 
**Core 09 Thread 08 Finished:   insts:495         cycles:26237      (20542788)  seconds:16    -- 0.02 IPC (0.02 IPC) --  N/A  KHz (0.03 KHz) 
**Core 09 Core_Total  Finished:   insts:15842       cycles:26237      (20542788) seconds:16    -- 0.60 IPC (0.60 IPC) --  N/A  KHz (0.99 KHz)
**Core 06 Thread 20 Finished:   insts:495         cycles:26247      (20550618)  seconds:16    -- 0.02 IPC (0.02 IPC) --  N/A  KHz (0.03 KHz) 
**Core 14 Thread 05 Finished:   insts:495         cycles:26256      (20557665)  seconds:16    -- 0.02 IPC (0.02 IPC) --  N/A  KHz (0.03 KHz) 
**Core 07 Thread 21 Finished:   insts:495         cycles:26266      (20565495)  seconds:16    -- 0.02 IPC (0.02 IPC) --  N/A  KHz (0.03 KHz) 
**Core 11 Thread 10 Finished:   insts:495         cycles:26276      (20573325)  seconds:16    -- 0.02 IPC (0.02 IPC) --  N/A  KHz (0.03 KHz) 
**Core 14 Thread 04 Finished:   insts:495         cycles:26285      (20580372)  seconds:16    -- 0.02 IPC (0.02 IPC) --  N/A  KHz (0.03 KHz) 
**Core 13 Thread 09 Finished:   insts:495         cycles:26294      (20587419)  seconds:16    -- 0.02 IPC (0.02 IPC) --  N/A  KHz (0.03 KHz) 
**Core 07 Thread 14 Finished:   insts:495         cycles:26304      (20595249)  seconds:16    -- 0.02 IPC (0.02 IPC) --  N/A  KHz (0.03 KHz) 
**Core 11 Thread 14 Finished:   insts:495         cycles:26314      (20603079)  seconds:16    -- 0.02 IPC (0.02 IPC) --  N/A  KHz (0.03 KHz) 
**Core 11 Thread 21 Finished:   insts:495         cycles:26323      (20610126)  seconds:16    -- 0.02 IPC (0.02 IPC) --  N/A  KHz (0.03 KHz) 
**Core 07 Thread 25 Finished:   insts:495         cycles:26332      (20617173)  seconds:16    -- 0.02 IPC (0.02 IPC) --  N/A  KHz (0.03 KHz) 
**Core 06 Thread 31 Finished:   insts:495         cycles:26342      (20625003)  seconds:16    -- 0.02 IPC (0.02 IPC) --  N/A  KHz (0.03 KHz) 
**Core 06 Core_Total  Finished:   insts:15842       cycles:26342      (20625003) seconds:16    -- 0.60 IPC (0.60 IPC) --  N/A  KHz (0.99 KHz)
**Core 11 Thread 25 Finished:   insts:495         cycles:26351      (20632050)  seconds:16    -- 0.02 IPC (0.02 IPC) --  N/A  KHz (0.03 KHz) 
**Core 11 Thread 19 Finished:   insts:495         cycles:26361      (20639880)  seconds:16    -- 0.02 IPC (0.02 IPC) --  N/A  KHz (0.03 KHz) 
**Core 10 Thread 01 Finished:   insts:495         cycles:26370      (20646927)  seconds:16    -- 0.02 IPC (0.02 IPC) --  N/A  KHz (0.03 KHz) 
**Core 11 Thread 30 Finished:   insts:495         cycles:26380      (20654757)  seconds:16    -- 0.02 IPC (0.02 IPC) --  N/A  KHz (0.03 KHz) 
**Core 11 Thread 08 Finished:   insts:495         cycles:26389      (20661804)  seconds:16    -- 0.02 IPC (0.02 IPC) --  N/A  KHz (0.03 KHz) 
**Core 07 Thread 18 Finished:   insts:495         cycles:26399      (20669634)  seconds:16    -- 0.02 IPC (0.02 IPC) --  N/A  KHz (0.03 KHz) 
**Core 14 Thread 06 Finished:   insts:495         cycles:26408      (20676681)  seconds:16    -- 0.02 IPC (0.02 IPC) --  N/A  KHz (0.03 KHz) 
**Core 14 Core_Total  Finished:   insts:15842       cycles:26408      (20676681) seconds:16    -- 0.60 IPC (0.60 IPC) --  N/A  KHz (0.99 KHz)
**Core 07 Thread 23 Finished:   insts:495         cycles:26418      (20684511)  seconds:16    -- 0.02 IPC (0.02 IPC) --  N/A  KHz (0.03 KHz) 
**Core 11 Thread 09 Finished:   insts:495         cycles:26427      (20691558)  seconds:16    -- 0.02 IPC (0.02 IPC) --  N/A  KHz (0.03 KHz) 
**Core 15 Thread 01 Finished:   insts:495         cycles:26437      (20699388)  seconds:16    -- 0.02 IPC (0.02 IPC) --  N/A  KHz (0.03 KHz) 
**Core 13 Thread 10 Finished:   insts:495         cycles:26446      (20706435)  seconds:16    -- 0.02 IPC (0.02 IPC) --  N/A  KHz (0.03 KHz) 
**Core 07 Thread 13 Finished:   insts:495         cycles:26455      (20713482)  seconds:16    -- 0.02 IPC (0.02 IPC) --  N/A  KHz (0.03 KHz) 
**Core 11 Thread 13 Finished:   insts:495         cycles:26465      (20721312)  seconds:16    -- 0.02 IPC (0.02 IPC) --  N/A  KHz (0.03 KHz) 
**Core 11 Thread 23 Finished:   insts:495         cycles:26475      (20729142)  seconds:16    -- 0.02 IPC (0.02 IPC) --  N/A  KHz (0.03 KHz) 
**Core 07 Thread 27 Finished:   insts:495         cycles:26484      (20736189)  seconds:16    -- 0.02 IPC (0.02 IPC) --  N/A  KHz (0.03 KHz) 
**Core 07 Thread 30 Finished:   insts:495         cycles:26493      (20743236)  seconds:16    -- 0.02 IPC (0.02 IPC) --  N/A  KHz (0.03 KHz) 
**Core 11 Thread 27 Finished:   insts:495         cycles:26503      (20751066)  seconds:16    -- 0.02 IPC (0.02 IPC) --  N/A  KHz (0.03 KHz) 
**Core 11 Thread 20 Finished:   insts:495         cycles:26512      (20758113)  seconds:16    -- 0.02 IPC (0.02 IPC) --  N/A  KHz (0.03 KHz) 
**Core 10 Thread 02 Finished:   insts:495         cycles:26522      (20765943)  seconds:16    -- 0.02 IPC (0.02 IPC) --  N/A  KHz (0.03 KHz) 
**Core 11 Thread 29 Finished:   insts:495         cycles:26532      (20773773)  seconds:16    -- 0.02 IPC (0.02 IPC) --  N/A  KHz (0.03 KHz) 
**Core 10 Thread 05 Finished:   insts:495         cycles:26541      (20780820)  seconds:16    -- 0.02 IPC (0.02 IPC) --  N/A  KHz (0.03 KHz) 
**Core 07 Thread 17 Finished:   insts:495         cycles:26550      (20787867)  seconds:16    -- 0.02 IPC (0.02 IPC) --  N/A  KHz (0.03 KHz) 
**Core 15 Thread 05 Finished:   insts:495         cycles:26560      (20795697)  seconds:16    -- 0.02 IPC (0.02 IPC) --  N/A  KHz (0.03 KHz) 
**Core 07 Thread 24 Finished:   insts:495         cycles:26570      (20803527)  seconds:16    -- 0.02 IPC (0.02 IPC) --  N/A  KHz (0.03 KHz) 
**Core 11 Thread 11 Finished:   insts:495         cycles:26579      (20810574)  seconds:16    -- 0.02 IPC (0.02 IPC) --  N/A  KHz (0.03 KHz) 
**Core 15 Thread 03 Finished:   insts:495         cycles:26588      (20817621)  seconds:16    -- 0.02 IPC (0.02 IPC) --  N/A  KHz (0.03 KHz) 
**Core 13 Thread 11 Finished:   insts:495         cycles:26598      (20825451)  seconds:16    -- 0.02 IPC (0.02 IPC) --  N/A  KHz (0.03 KHz) 
**Core 07 Thread 15 Finished:   insts:495         cycles:26607      (20832498)  seconds:16    -- 0.02 IPC (0.02 IPC) --  N/A  KHz (0.03 KHz) 
**Core 11 Thread 15 Finished:   insts:495         cycles:26617      (20840328)  seconds:16    -- 0.02 IPC (0.02 IPC) --  N/A  KHz (0.03 KHz) 
**Core 11 Thread 24 Finished:   insts:495         cycles:26626      (20847375)  seconds:16    -- 0.02 IPC (0.02 IPC) --  N/A  KHz (0.03 KHz) 
**Core 07 Thread 28 Finished:   insts:495         cycles:26636      (20855205)  seconds:16    -- 0.02 IPC (0.02 IPC) --  N/A  KHz (0.03 KHz) 
**Core 07 Thread 29 Finished:   insts:495         cycles:26645      (20862252)  seconds:16    -- 0.02 IPC (0.02 IPC) --  N/A  KHz (0.03 KHz) 
**Core 11 Thread 28 Finished:   insts:495         cycles:26655      (20870082)  seconds:16    -- 0.02 IPC (0.02 IPC) --  N/A  KHz (0.03 KHz) 
**Core 10 Thread 03 Finished:   insts:495         cycles:26664      (20877129)  seconds:16    -- 0.02 IPC (0.02 IPC) --  N/A  KHz (0.03 KHz) 
**Core 15 Thread 00 Finished:   insts:497         cycles:26674      (20884959)  seconds:16    -- 0.02 IPC (0.02 IPC) --  N/A  KHz (0.03 KHz) 
**Core 10 Thread 06 Finished:   insts:495         cycles:26683      (20892006)  seconds:16    -- 0.02 IPC (0.02 IPC) --  N/A  KHz (0.03 KHz) 
**Core 07 Thread 19 Finished:   insts:495         cycles:26693      (20899836)  seconds:16    -- 0.02 IPC (0.02 IPC) --  N/A  KHz (0.03 KHz) 
**Core 15 Thread 06 Finished:   insts:495         cycles:26702      (20906883)  seconds:16    -- 0.02 IPC (0.02 IPC) --  N/A  KHz (0.03 KHz) 
**Core 11 Thread 12 Finished:   insts:495         cycles:26711      (20913930)  seconds:16    -- 0.02 IPC (0.02 IPC) --  N/A  KHz (0.03 KHz) 
**Core 15 Thread 02 Finished:   insts:495         cycles:26721      (20921760)  seconds:16    -- 0.02 IPC (0.02 IPC) --  N/A  KHz (0.03 KHz) 
**Core 13 Thread 12 Finished:   insts:495         cycles:26731      (20929590)  seconds:16    -- 0.02 IPC (0.02 IPC) --  N/A  KHz (0.03 KHz) 
**Core 13 Core_Total  Finished:   insts:15842       cycles:26731      (20929590) seconds:16    -- 0.59 IPC (0.59 IPC) --  N/A  KHz (0.99 KHz)
**Core 07 Thread 16 Finished:   insts:495         cycles:26740      (20936637)  seconds:16    -- 0.02 IPC (0.02 IPC) --  N/A  KHz (0.03 KHz) 
**Core 11 Thread 16 Finished:   insts:495         cycles:26749      (20943684)  seconds:16    -- 0.02 IPC (0.02 IPC) --  N/A  KHz (0.03 KHz) 
**Core 11 Core_Total  Finished:   insts:15842       cycles:26749      (20943684) seconds:16    -- 0.59 IPC (0.59 IPC) --  N/A  KHz (0.99 KHz)
**Core 10 Thread 04 Finished:   insts:495         cycles:26759      (20951514)  seconds:16    -- 0.02 IPC (0.02 IPC) --  N/A  KHz (0.03 KHz) 
**Core 10 Core_Total  Finished:   insts:15842       cycles:26759      (20951514) seconds:16    -- 0.59 IPC (0.59 IPC) --  N/A  KHz (0.99 KHz)
**Core 07 Thread 20 Finished:   insts:495         cycles:26768      (20958561)  seconds:16    -- 0.02 IPC (0.02 IPC) --  N/A  KHz (0.03 KHz) 
**Core 07 Core_Total  Finished:   insts:15842       cycles:26768      (20958561) seconds:16    -- 0.59 IPC (0.59 IPC) --  N/A  KHz (0.99 KHz)
**Core 15 Thread 04 Finished:   insts:495         cycles:26778      (20966391)  seconds:16    -- 0.02 IPC (0.02 IPC) --  N/A  KHz (0.03 KHz) 
src/retire.cc:566: (I=497  C=20966391):  ----- application 0 terminated (/benchrun/macsim/cuda4-matrixmul/sm6_gtx1080/input-128/results/traces/_Z8mult_gpuPfS_S_ii_0/Trace.txt,0) at 20966391
**Core 15 Core_Total  Finished:   insts:15842       cycles:26778      (20966391) seconds:16    -- 0.59 IPC (0.59 IPC) --  N/A  KHz (0.99 KHz)
src/macsim.cc:620: (I=497  C=20966392):  finalize simulation
src/macsim.cc:627: (I=497  C=20966392):  elapsed time:16.4 seconds
Done
