Arguments: macsim --out=/benchrun/macsim/cuda4-matrixmul/sm6_gtx1080/input-32/results/stats 
src/macsim.cc:122: (I=0  C=0):  initialize knobs
number of cores : 20
src/macsim.cc:537: (I=0  C=0):  initialize simulation
src/macsim.cc:323: (I=0  C=0):  initialize cores (0/0/20)
src/memory.cc:1568: (I=0  C=0):  Memory system(l2_decoupled_network) has been initialized.
src/network_simple.cc:92: (I=0  C=0):  TOTAL_ROUTER:35 CPU:0 GPU:20 L3:1 LLC:6 MC:8
enabling bug detector
src/macsim.cc:750: (I=0  C=0):  Initializing new noc

src/macsim.cc:838: (I=0  C=0):  Clock LCM           : 12528
src/macsim.cc:839: (I=0  C=0):  CPU clock frequency : 1 GHz
src/macsim.cc:840: (I=0  C=0):  GPU clock frequency : 1.607 GHz
src/macsim.cc:841: (I=0  C=0):  LLC clock frequency : 1.607 GHz
src/macsim.cc:842: (I=0  C=0):  NOC clock frequency : 2.962 GHz
src/macsim.cc:843: (I=0  C=0):  MC  clock frequency : 2.75 GHz
src/process_manager.cc:434: (I=0  C=0):  setup_process:0 /benchrun/macsim/cuda4-matrixmul/sm6_gtx1080/input-32/results/traces/_Z8mult_gpuPfS_S_ii_0/Trace.txt current_index:0 (1)
trace:/benchrun/macsim/cuda4-matrixmul/sm6_gtx1080/input-32/results/traces/_Z8mult_gpuPfS_S_ii_0/Trace.txt is opened 
src/process_manager.cc:541: (I=0  C=0):  thread_count:32
**Core 00 Thread 00 Finished:   insts:161         cycles:7084       (5545989)  seconds:3     -- 0.02 IPC (0.02 IPC) --  N/A  KHz (0.05 KHz) 
**Core 00 Thread 25 Finished:   insts:159         cycles:7109       (5565564)  seconds:3     -- 0.02 IPC (0.02 IPC) --  N/A  KHz (0.05 KHz) 
**Core 00 Thread 01 Finished:   insts:159         cycles:7112       (5567913)  seconds:3     -- 0.02 IPC (0.02 IPC) --  N/A  KHz (0.05 KHz) 
**Core 00 Thread 02 Finished:   insts:159         cycles:7118       (5572611)  seconds:3     -- 0.02 IPC (0.02 IPC) --  N/A  KHz (0.05 KHz) 
**Core 00 Thread 04 Finished:   insts:159         cycles:7127       (5579658)  seconds:3     -- 0.02 IPC (0.02 IPC) --  N/A  KHz (0.05 KHz) 
**Core 00 Thread 26 Finished:   insts:159         cycles:7137       (5587488)  seconds:3     -- 0.02 IPC (0.02 IPC) --  N/A  KHz (0.05 KHz) 
**Core 00 Thread 03 Finished:   insts:159         cycles:7147       (5595318)  seconds:3     -- 0.02 IPC (0.02 IPC) --  N/A  KHz (0.05 KHz) 
**Core 00 Thread 05 Finished:   insts:159         cycles:7156       (5602365)  seconds:3     -- 0.02 IPC (0.02 IPC) --  N/A  KHz (0.05 KHz) 
**Core 00 Thread 28 Finished:   insts:159         cycles:7165       (5609412)  seconds:3     -- 0.02 IPC (0.02 IPC) --  N/A  KHz (0.05 KHz) 
**Core 00 Thread 06 Finished:   insts:159         cycles:7175       (5617242)  seconds:3     -- 0.02 IPC (0.02 IPC) --  N/A  KHz (0.05 KHz) 
**Core 00 Thread 27 Finished:   insts:159         cycles:7184       (5624289)  seconds:3     -- 0.02 IPC (0.02 IPC) --  N/A  KHz (0.05 KHz) 
**Core 00 Thread 08 Finished:   insts:159         cycles:7194       (5632119)  seconds:3     -- 0.02 IPC (0.02 IPC) --  N/A  KHz (0.05 KHz) 
**Core 00 Thread 29 Finished:   insts:159         cycles:7204       (5639949)  seconds:3     -- 0.02 IPC (0.02 IPC) --  N/A  KHz (0.05 KHz) 
**Core 00 Thread 07 Finished:   insts:159         cycles:7213       (5646996)  seconds:3     -- 0.02 IPC (0.02 IPC) --  N/A  KHz (0.05 KHz) 
**Core 00 Thread 30 Finished:   insts:159         cycles:7222       (5654043)  seconds:3     -- 0.02 IPC (0.02 IPC) --  N/A  KHz (0.05 KHz) 
**Core 00 Thread 09 Finished:   insts:159         cycles:7232       (5661873)  seconds:3     -- 0.02 IPC (0.02 IPC) --  N/A  KHz (0.05 KHz) 
**Core 00 Thread 31 Finished:   insts:159         cycles:7242       (5669703)  seconds:3     -- 0.02 IPC (0.02 IPC) --  N/A  KHz (0.05 KHz) 
**Core 00 Thread 10 Finished:   insts:159         cycles:7251       (5676750)  seconds:3     -- 0.02 IPC (0.02 IPC) --  N/A  KHz (0.05 KHz) 
**Core 00 Thread 20 Finished:   insts:159         cycles:7260       (5683797)  seconds:3     -- 0.02 IPC (0.02 IPC) --  N/A  KHz (0.05 KHz) 
**Core 00 Thread 12 Finished:   insts:159         cycles:7270       (5691627)  seconds:3     -- 0.02 IPC (0.02 IPC) --  N/A  KHz (0.05 KHz) 
**Core 00 Thread 21 Finished:   insts:159         cycles:7279       (5698674)  seconds:3     -- 0.02 IPC (0.02 IPC) --  N/A  KHz (0.05 KHz) 
**Core 00 Thread 11 Finished:   insts:159         cycles:7289       (5706504)  seconds:3     -- 0.02 IPC (0.02 IPC) --  N/A  KHz (0.05 KHz) 
**Core 00 Thread 22 Finished:   insts:159         cycles:7298       (5713551)  seconds:3     -- 0.02 IPC (0.02 IPC) --  N/A  KHz (0.05 KHz) 
**Core 00 Thread 13 Finished:   insts:159         cycles:7308       (5721381)  seconds:3     -- 0.02 IPC (0.02 IPC) --  N/A  KHz (0.05 KHz) 
**Core 00 Thread 24 Finished:   insts:159         cycles:7317       (5728428)  seconds:3     -- 0.02 IPC (0.02 IPC) --  N/A  KHz (0.05 KHz) 
**Core 00 Thread 14 Finished:   insts:159         cycles:7327       (5736258)  seconds:3     -- 0.02 IPC (0.02 IPC) --  N/A  KHz (0.05 KHz) 
**Core 00 Thread 23 Finished:   insts:159         cycles:7336       (5743305)  seconds:3     -- 0.02 IPC (0.02 IPC) --  N/A  KHz (0.05 KHz) 
**Core 00 Thread 16 Finished:   insts:159         cycles:7346       (5751135)  seconds:3     -- 0.02 IPC (0.02 IPC) --  N/A  KHz (0.05 KHz) 
**Core 00 Thread 15 Finished:   insts:159         cycles:7362       (5763663)  seconds:3     -- 0.02 IPC (0.02 IPC) --  N/A  KHz (0.05 KHz) 
**Core 00 Thread 17 Finished:   insts:159         cycles:7379       (5776974)  seconds:3     -- 0.02 IPC (0.02 IPC) --  N/A  KHz (0.05 KHz) 
**Core 00 Thread 18 Finished:   insts:159         cycles:7396       (5790285)  seconds:3     -- 0.02 IPC (0.02 IPC) --  N/A  KHz (0.05 KHz) 
**Core 00 Thread 19 Finished:   insts:159         cycles:7412       (5802813)  seconds:3     -- 0.02 IPC (0.02 IPC) --  N/A  KHz (0.05 KHz) 
src/retire.cc:566: (I=161  C=5802813):  ----- application 0 terminated (/benchrun/macsim/cuda4-matrixmul/sm6_gtx1080/input-32/results/traces/_Z8mult_gpuPfS_S_ii_0/Trace.txt,0) at 5802813
**Core 00 Core_Total  Finished:   insts:5090        cycles:7412       (5802813) seconds:3     -- 0.69 IPC (0.69 IPC) --  N/A  KHz (1.70 KHz)
src/macsim.cc:620: (I=161  C=5802814):  finalize simulation
src/macsim.cc:627: (I=161  C=5802814):  elapsed time:2.8 seconds
Done
