(0.000000) CudaRuntime.cpp:3813: Adding external function 'malloc'
(0.000000) CudaRuntime.cpp:3813: Adding external function 'free'
(0.000000) CudaRuntime.cpp:3813: Adding external function 'vprintf'
(0.000000) CudaRuntime.cpp:3813: Adding external function 'cudaGetParameterBuffer'
(0.000056) CudaRuntime.cpp:595:  Loading module (fatbin) - matrixMul.cu
(0.000069) CudaRuntime.cpp:738:  Registered kernel - _Z8mult_gpuPfS_S_ii in module 'matrixMul.cu'
(0.000103) CudaRuntime.cpp:276:  Creating devices.
(0.000248) CudaRuntime.cpp:288:   - Added 1 emulator devices.
(0.000393) CudaRuntime.cpp:446:  Creating new context for thread 0x214f140
(0.000473) CudaRuntime.cpp:787:  cudaMalloc( *devPtr = 0x7f192838c100, size = 1048576)
(0.000510) CudaRuntime.cpp:787:  cudaMalloc( *devPtr = 0x7f193028b100, size = 1048576)
(0.000539) CudaRuntime.cpp:787:  cudaMalloc( *devPtr = 0x7f1930089100, size = 1048576)
(0.018720) CudaRuntime.cpp:1131: cudaMemcpy(0x7f192838c100, 0x7f1935e0a010, 1048576)
(0.018734) CudaRuntime.cpp:251:    _memcpy(0x7f192838c100, 0x7f1935e0a010, 1048576 bytes) h-to-d
(0.019386) CudaRuntime.cpp:1131: cudaMemcpy(0x7f193028b100, 0x7f193038c010, 1048576)
(0.019392) CudaRuntime.cpp:251:    _memcpy(0x7f193028b100, 0x7f193038c010, 1048576 bytes) h-to-d
grid: (16,16,1)
threads: (32,32,1)
(0.020048) CudaRuntime.cpp:2609: cudaConfigureCall()
(0.020056) CudaRuntime.cpp:2631: cudaSetupArgument() - offset 0, size 8
(0.020060) CudaRuntime.cpp:2631: cudaSetupArgument() - offset 8, size 8
(0.020065) CudaRuntime.cpp:2631: cudaSetupArgument() - offset 16, size 8
(0.020069) CudaRuntime.cpp:2631: cudaSetupArgument() - offset 24, size 4
(0.020072) CudaRuntime.cpp:2631: cudaSetupArgument() - offset 28, size 4
(0.022671) CudaRuntime.cpp:142:  Mapping parameter at offset 0 of size 8 to offset 0 of size 8
   data = 0x00 0xc1 0x38 0x28 0x19 0x7f 0x00 0x00 
(0.022679) CudaRuntime.cpp:142:  Mapping parameter at offset 8 of size 8 to offset 8 of size 8
   data = 0x00 0xb1 0x28 0x30 0x19 0x7f 0x00 0x00 
(0.022684) CudaRuntime.cpp:142:  Mapping parameter at offset 16 of size 8 to offset 16 of size 8
   data = 0x00 0x91 0x08 0x30 0x19 0x7f 0x00 0x00 
(0.022688) CudaRuntime.cpp:142:  Mapping parameter at offset 24 of size 4 to offset 24 of size 4
   data = 0x00 0x02 0x00 0x00 
(0.022692) CudaRuntime.cpp:142:  Mapping parameter at offset 28 of size 4 to offset 28 of size 4
   data = 0x00 0x02 0x00 0x00 
(0.022696) CudaRuntime.cpp:2685: kernel launch (_Z8mult_gpuPfS_S_ii) on thread 0x214f140
(0.022714) CudaRuntime.cpp:2706:  launch completed successfully
all enabled
(0.025743) X86TraceGenerator.cpp:776:  New kernel launched
(0.025766) X86TraceGenerator.cpp:777:  compute version:2.0
(0.025774) X86TraceGenerator.cpp:778:  grid  16 x 16 x 1
(0.025784) X86TraceGenerator.cpp:779:  block 32 x 32 x 1
(0.025792) X86TraceGenerator.cpp:780:  number of warps per block:32
(0.025799) X86TraceGenerator.cpp:781:  number of total warps:8192
(0.025806) X86TraceGenerator.cpp:782:  # threads per block : 1024
(0.025814) X86TraceGenerator.cpp:783:  number of register per thread:20
(0.025821) X86TraceGenerator.cpp:784:  number of shared memory per thread:8192
(0.025831) X86TraceGenerator.cpp:822:  max blocks per core : 1
(0.030890) X86TraceGenerator.cpp:1082: mkdir -p /benchrun/macsim/cuda4-matrixmul/sm86_rtx3070/input-512/results/traces/_Z8mult_gpuPfS_S_ii_0/ (status 0)

(0.030953) X86TraceGenerator.cpp:1083: errno is 0 message is Success

The GPU Elapsed Time:100.456230 Sec.
(100.476314) CudaRuntime.cpp:1131: cudaMemcpy(0x7f193018a010, 0x7f1930089100, 1048576)
(100.476332) CudaRuntime.cpp:215:    _memcpy(0x7f193018a010, 0x7f1930089100, 1048576 bytes) d-to-h
The CPU Elapsed Time:0.573605 Sec.
Verifying
PASS
(101.052052) CudaRuntime.cpp:887:  cudaFree(0x7f192838c100)
(101.052257) CudaRuntime.cpp:887:  cudaFree(0x7f193028b100)
(101.052438) CudaRuntime.cpp:887:  cudaFree(0x7f1930089100)
(101.053264) X86TraceGenerator.cpp:725:  destructor
(101.053407) X86TraceGenerator.cpp:2259: finalize
(101.053411) X86TraceGenerator.cpp:2263: total instruction count: 471552
