(0.000000) CudaRuntime.cpp:3813: Adding external function 'malloc'
(0.000000) CudaRuntime.cpp:3813: Adding external function 'free'
(0.000000) CudaRuntime.cpp:3813: Adding external function 'vprintf'
(0.000000) CudaRuntime.cpp:3813: Adding external function 'cudaGetParameterBuffer'
(0.000039) CudaRuntime.cpp:595:  Loading module (fatbin) - transpose.cu
(0.000049) CudaRuntime.cpp:738:  Registered kernel - _Z22transposeCoarseGrainedPfS_ii in module 'transpose.cu'
(0.000059) CudaRuntime.cpp:738:  Registered kernel - _Z20transposeFineGrainedPfS_ii in module 'transpose.cu'
(0.000065) CudaRuntime.cpp:738:  Registered kernel - _Z17transposeDiagonalPfS_ii in module 'transpose.cu'
(0.000071) CudaRuntime.cpp:738:  Registered kernel - _Z24transposeNoBankConflictsPfS_ii in module 'transpose.cu'
(0.000076) CudaRuntime.cpp:738:  Registered kernel - _Z18transposeCoalescedPfS_ii in module 'transpose.cu'
(0.000082) CudaRuntime.cpp:738:  Registered kernel - _Z14transposeNaivePfS_ii in module 'transpose.cu'
(0.000087) CudaRuntime.cpp:738:  Registered kernel - _Z13copySharedMemPfS_ii in module 'transpose.cu'
(0.000092) CudaRuntime.cpp:738:  Registered kernel - _Z4copyPfS_ii in module 'transpose.cu'
Transpose Starting...

(0.000129) CudaRuntime.cpp:446:  Creating new context for thread 0x657920
(0.000148) CudaRuntime.cpp:276:  Creating devices.
(0.000248) CudaRuntime.cpp:288:   - Added 1 emulator devices.
(0.000319) CudaRuntime.cpp:2203: cuda::CudaRuntime::cudaGetDeviceProperties(dev = 0) - major: 2, minor: 1
(0.000329) CudaRuntime.cpp:2241:   returning: prop->major = 2, prop->minor = 1
(0.000451) CudaRuntime.cpp:276:  Creating devices.
(0.000505) CudaRuntime.cpp:288:   - Added 1 emulator devices.
(0.000553) CudaRuntime.cpp:2203: cuda::CudaRuntime::cudaGetDeviceProperties(dev = 0) - major: 2, minor: 1
(0.000559) CudaRuntime.cpp:2241:   returning: prop->major = 2, prop->minor = 1
(0.000654) CudaRuntime.cpp:2289: Setting device for thread 0x657920 to 0
(0.000663) CudaRuntime.cpp:276:  Creating devices.
(0.000714) CudaRuntime.cpp:288:   - Added 1 emulator devices.
(0.000749) CudaRuntime.cpp:2203: cuda::CudaRuntime::cudaGetDeviceProperties(dev = 0) - major: 2, minor: 1
(0.000755) CudaRuntime.cpp:2241:   returning: prop->major = 2, prop->minor = 1
GPU Device 0: "Ocelot PTX Emulator" with compute capability 2.1

(0.000790) CudaRuntime.cpp:276:  Creating devices.
(0.000835) CudaRuntime.cpp:288:   - Added 1 emulator devices.
(0.000865) CudaRuntime.cpp:2203: cuda::CudaRuntime::cudaGetDeviceProperties(dev = 0) - major: 2, minor: 1
(0.000871) CudaRuntime.cpp:2241:   returning: prop->major = 2, prop->minor = 1
> Device 0: "Ocelot PTX Emulator"
> SM Capability 2.1 detected:
> [Ocelot PTX Emulator] has 1 MP(s) x 48 (Cores/MP) = 48 (Cores)
> Compute performance scaling factor = 4.00
> MatrixSize X = 64
> MatrixSize Y = 64
(0.000949) CudaRuntime.cpp:276:  Creating devices.
(0.000995) CudaRuntime.cpp:288:   - Added 1 emulator devices.
(0.001038) CudaRuntime.cpp:787:  cudaMalloc( *devPtr = 0x666900, size = 16384)
(0.001051) CudaRuntime.cpp:787:  cudaMalloc( *devPtr = 0x66aa00, size = 16384)
(0.001100) CudaRuntime.cpp:1131: cudaMemcpy(0x666900, 0x65a8a0, 16384)
(0.001106) CudaRuntime.cpp:251:    _memcpy(0x666900, 0x65a8a0, 16384 bytes) h-to-d

Matrix size: 64x64 (4x4 tiles), tile size: 16x16, block size: 16x16

(0.001182) CudaRuntime.cpp:2609: cudaConfigureCall()
(0.001188) CudaRuntime.cpp:2631: cudaSetupArgument() - offset 0, size 8
(0.001198) CudaRuntime.cpp:2631: cudaSetupArgument() - offset 8, size 8
(0.001203) CudaRuntime.cpp:2631: cudaSetupArgument() - offset 16, size 4
(0.001208) CudaRuntime.cpp:2631: cudaSetupArgument() - offset 20, size 4
(0.008314) CudaRuntime.cpp:142:  Mapping parameter at offset 0 of size 8 to offset 0 of size 8
   data = 0x00 0xaa 0x66 0x00 0x00 0x00 0x00 0x00 
(0.008329) CudaRuntime.cpp:142:  Mapping parameter at offset 8 of size 8 to offset 8 of size 8
   data = 0x00 0x69 0x66 0x00 0x00 0x00 0x00 0x00 
(0.008336) CudaRuntime.cpp:142:  Mapping parameter at offset 16 of size 4 to offset 16 of size 4
   data = 0x40 0x00 0x00 0x00 
(0.008343) CudaRuntime.cpp:142:  Mapping parameter at offset 20 of size 4 to offset 20 of size 4
   data = 0x40 0x00 0x00 0x00 
(0.008359) CudaRuntime.cpp:2685: kernel launch (_Z4copyPfS_ii) on thread 0x657920
(0.008375) CudaRuntime.cpp:2706:  launch completed successfully
all enabled
(0.009100) X86TraceGenerator.cpp:776:  New kernel launched
(0.009123) X86TraceGenerator.cpp:777:  compute version:2.0
(0.009131) X86TraceGenerator.cpp:778:  grid  4 x 4 x 1
(0.009140) X86TraceGenerator.cpp:779:  block 16 x 16 x 1
(0.009148) X86TraceGenerator.cpp:780:  number of warps per block:8
(0.009155) X86TraceGenerator.cpp:781:  number of total warps:128
(0.009162) X86TraceGenerator.cpp:782:  # threads per block : 256
(0.009169) X86TraceGenerator.cpp:783:  number of register per thread:7
(0.009176) X86TraceGenerator.cpp:784:  number of shared memory per thread:0
(0.009185) X86TraceGenerator.cpp:822:  max blocks per core : 6
(0.013361) X86TraceGenerator.cpp:1082: mkdir -p /benchrun/macsim/cuda6-transpose/sm6_gtx1080/input-repeat1-dimx64-dimy64/results/traces/_Z4copyPfS_ii_0/ (status 0)

(0.013413) X86TraceGenerator.cpp:1083: errno is 0 message is Success

(0.076740) CudaRuntime.cpp:2609: cudaConfigureCall()
(0.076753) CudaRuntime.cpp:2631: cudaSetupArgument() - offset 0, size 8
(0.076758) CudaRuntime.cpp:2631: cudaSetupArgument() - offset 8, size 8
(0.076762) CudaRuntime.cpp:2631: cudaSetupArgument() - offset 16, size 4
(0.076766) CudaRuntime.cpp:2631: cudaSetupArgument() - offset 20, size 4
(0.076789) CudaRuntime.cpp:142:  Mapping parameter at offset 0 of size 8 to offset 0 of size 8
   data = 0x00 0xaa 0x66 0x00 0x00 0x00 0x00 0x00 
(0.076796) CudaRuntime.cpp:142:  Mapping parameter at offset 8 of size 8 to offset 8 of size 8
   data = 0x00 0x69 0x66 0x00 0x00 0x00 0x00 0x00 
(0.076802) CudaRuntime.cpp:142:  Mapping parameter at offset 16 of size 4 to offset 16 of size 4
   data = 0x40 0x00 0x00 0x00 
(0.076808) CudaRuntime.cpp:142:  Mapping parameter at offset 20 of size 4 to offset 20 of size 4
   data = 0x40 0x00 0x00 0x00 
(0.076816) CudaRuntime.cpp:2685: kernel launch (_Z4copyPfS_ii) on thread 0x657920
(0.076830) CudaRuntime.cpp:2706:  launch completed successfully
(0.077524) X86TraceGenerator.cpp:776:  New kernel launched
(0.077530) X86TraceGenerator.cpp:777:  compute version:2.0
(0.077533) X86TraceGenerator.cpp:778:  grid  4 x 4 x 1
(0.077535) X86TraceGenerator.cpp:779:  block 16 x 16 x 1
(0.077538) X86TraceGenerator.cpp:780:  number of warps per block:8
(0.077540) X86TraceGenerator.cpp:781:  number of total warps:128
(0.077542) X86TraceGenerator.cpp:782:  # threads per block : 256
(0.077544) X86TraceGenerator.cpp:783:  number of register per thread:7
(0.077546) X86TraceGenerator.cpp:784:  number of shared memory per thread:0
(0.077549) X86TraceGenerator.cpp:822:  max blocks per core : 6
(0.079439) X86TraceGenerator.cpp:1082: mkdir -p /benchrun/macsim/cuda6-transpose/sm6_gtx1080/input-repeat1-dimx64-dimy64/results/traces/_Z4copyPfS_ii_1/ (status 0)

(0.079451) X86TraceGenerator.cpp:1083: errno is 0 message is Success

(0.114598) CudaRuntime.cpp:1131: cudaMemcpy(0x65e8b0, 0x66aa00, 16384)
(0.114614) CudaRuntime.cpp:215:    _memcpy(0x65e8b0, 0x66aa00, 16384 bytes) d-to-h
(0.114671) CudaRuntime.cpp:1131: cudaMemcpy(0x65e8b0, 0x66aa00, 16384)
(0.114677) CudaRuntime.cpp:215:    _memcpy(0x65e8b0, 0x66aa00, 16384 bytes) d-to-h
transpose simple copy       , Throughput = 0.0008 GB/s, Time = 37.85014 ms, Size = 4096 fp32 elements, NumDevsUsed = 1, Workgroup = 256
(0.114724) CudaRuntime.cpp:2609: cudaConfigureCall()
(0.114733) CudaRuntime.cpp:2631: cudaSetupArgument() - offset 0, size 8
(0.114737) CudaRuntime.cpp:2631: cudaSetupArgument() - offset 8, size 8
(0.114741) CudaRuntime.cpp:2631: cudaSetupArgument() - offset 16, size 4
(0.114747) CudaRuntime.cpp:2631: cudaSetupArgument() - offset 20, size 4
(0.114774) CudaRuntime.cpp:142:  Mapping parameter at offset 0 of size 8 to offset 0 of size 8
   data = 0x00 0xaa 0x66 0x00 0x00 0x00 0x00 0x00 
(0.114784) CudaRuntime.cpp:142:  Mapping parameter at offset 8 of size 8 to offset 8 of size 8
   data = 0x00 0x69 0x66 0x00 0x00 0x00 0x00 0x00 
(0.114802) CudaRuntime.cpp:142:  Mapping parameter at offset 16 of size 4 to offset 16 of size 4
   data = 0x40 0x00 0x00 0x00 
(0.114813) CudaRuntime.cpp:142:  Mapping parameter at offset 20 of size 4 to offset 20 of size 4
   data = 0x40 0x00 0x00 0x00 
(0.114820) CudaRuntime.cpp:2685: kernel launch (_Z13copySharedMemPfS_ii) on thread 0x657920
(0.114838) CudaRuntime.cpp:2706:  launch completed successfully
(0.118243) X86TraceGenerator.cpp:776:  New kernel launched
(0.118272) X86TraceGenerator.cpp:777:  compute version:2.0
(0.118293) X86TraceGenerator.cpp:778:  grid  4 x 4 x 1
(0.118316) X86TraceGenerator.cpp:779:  block 16 x 16 x 1
(0.118338) X86TraceGenerator.cpp:780:  number of warps per block:8
(0.118359) X86TraceGenerator.cpp:781:  number of total warps:128
(0.118381) X86TraceGenerator.cpp:782:  # threads per block : 256
(0.118396) X86TraceGenerator.cpp:783:  number of register per thread:10
(0.118421) X86TraceGenerator.cpp:784:  number of shared memory per thread:1024
(0.118443) X86TraceGenerator.cpp:822:  max blocks per core : 6
(0.122578) X86TraceGenerator.cpp:1082: mkdir -p /benchrun/macsim/cuda6-transpose/sm6_gtx1080/input-repeat1-dimx64-dimy64/results/traces/_Z13copySharedMemPfS_ii_0/ (status 0)

(0.122612) X86TraceGenerator.cpp:1083: errno is 0 message is Success

(0.199502) CudaRuntime.cpp:2609: cudaConfigureCall()
(0.199515) CudaRuntime.cpp:2631: cudaSetupArgument() - offset 0, size 8
(0.199520) CudaRuntime.cpp:2631: cudaSetupArgument() - offset 8, size 8
(0.199524) CudaRuntime.cpp:2631: cudaSetupArgument() - offset 16, size 4
(0.199528) CudaRuntime.cpp:2631: cudaSetupArgument() - offset 20, size 4
(0.199550) CudaRuntime.cpp:142:  Mapping parameter at offset 0 of size 8 to offset 0 of size 8
   data = 0x00 0xaa 0x66 0x00 0x00 0x00 0x00 0x00 
(0.199557) CudaRuntime.cpp:142:  Mapping parameter at offset 8 of size 8 to offset 8 of size 8
   data = 0x00 0x69 0x66 0x00 0x00 0x00 0x00 0x00 
(0.199562) CudaRuntime.cpp:142:  Mapping parameter at offset 16 of size 4 to offset 16 of size 4
   data = 0x40 0x00 0x00 0x00 
(0.199568) CudaRuntime.cpp:142:  Mapping parameter at offset 20 of size 4 to offset 20 of size 4
   data = 0x40 0x00 0x00 0x00 
(0.199576) CudaRuntime.cpp:2685: kernel launch (_Z13copySharedMemPfS_ii) on thread 0x657920
(0.199590) CudaRuntime.cpp:2706:  launch completed successfully
(0.200728) X86TraceGenerator.cpp:776:  New kernel launched
(0.200741) X86TraceGenerator.cpp:777:  compute version:2.0
(0.200748) X86TraceGenerator.cpp:778:  grid  4 x 4 x 1
(0.200756) X86TraceGenerator.cpp:779:  block 16 x 16 x 1
(0.200763) X86TraceGenerator.cpp:780:  number of warps per block:8
(0.200770) X86TraceGenerator.cpp:781:  number of total warps:128
(0.200777) X86TraceGenerator.cpp:782:  # threads per block : 256
(0.200783) X86TraceGenerator.cpp:783:  number of register per thread:10
(0.200791) X86TraceGenerator.cpp:784:  number of shared memory per thread:1024
(0.200798) X86TraceGenerator.cpp:822:  max blocks per core : 6
(0.204892) X86TraceGenerator.cpp:1082: mkdir -p /benchrun/macsim/cuda6-transpose/sm6_gtx1080/input-repeat1-dimx64-dimy64/results/traces/_Z13copySharedMemPfS_ii_1/ (status 0)

(0.204905) X86TraceGenerator.cpp:1083: errno is 0 message is Success

(0.263690) CudaRuntime.cpp:1131: cudaMemcpy(0x65e8b0, 0x66aa00, 16384)
(0.263710) CudaRuntime.cpp:215:    _memcpy(0x65e8b0, 0x66aa00, 16384 bytes) d-to-h
(0.263808) CudaRuntime.cpp:1131: cudaMemcpy(0x65e8b0, 0x66aa00, 16384)
(0.263817) CudaRuntime.cpp:215:    _memcpy(0x65e8b0, 0x66aa00, 16384 bytes) d-to-h
transpose shared memory copy, Throughput = 0.0005 GB/s, Time = 64.17966 ms, Size = 4096 fp32 elements, NumDevsUsed = 1, Workgroup = 256
(0.263887) CudaRuntime.cpp:2609: cudaConfigureCall()
(0.263896) CudaRuntime.cpp:2631: cudaSetupArgument() - offset 0, size 8
(0.263905) CudaRuntime.cpp:2631: cudaSetupArgument() - offset 8, size 8
(0.263912) CudaRuntime.cpp:2631: cudaSetupArgument() - offset 16, size 4
(0.263920) CudaRuntime.cpp:2631: cudaSetupArgument() - offset 20, size 4
(0.263965) CudaRuntime.cpp:142:  Mapping parameter at offset 0 of size 8 to offset 0 of size 8
   data = 0x00 0xaa 0x66 0x00 0x00 0x00 0x00 0x00 
(0.263991) CudaRuntime.cpp:142:  Mapping parameter at offset 8 of size 8 to offset 8 of size 8
   data = 0x00 0x69 0x66 0x00 0x00 0x00 0x00 0x00 
(0.264002) CudaRuntime.cpp:142:  Mapping parameter at offset 16 of size 4 to offset 16 of size 4
   data = 0x40 0x00 0x00 0x00 
(0.264013) CudaRuntime.cpp:142:  Mapping parameter at offset 20 of size 4 to offset 20 of size 4
   data = 0x40 0x00 0x00 0x00 
(0.264022) CudaRuntime.cpp:2685: kernel launch (_Z14transposeNaivePfS_ii) on thread 0x657920
(0.264045) CudaRuntime.cpp:2706:  launch completed successfully
(0.265233) X86TraceGenerator.cpp:776:  New kernel launched
(0.265240) X86TraceGenerator.cpp:777:  compute version:2.0
(0.265243) X86TraceGenerator.cpp:778:  grid  4 x 4 x 1
(0.265245) X86TraceGenerator.cpp:779:  block 16 x 16 x 1
(0.265248) X86TraceGenerator.cpp:780:  number of warps per block:8
(0.265250) X86TraceGenerator.cpp:781:  number of total warps:128
(0.265252) X86TraceGenerator.cpp:782:  # threads per block : 256
(0.265254) X86TraceGenerator.cpp:783:  number of register per thread:10
(0.265256) X86TraceGenerator.cpp:784:  number of shared memory per thread:0
(0.265259) X86TraceGenerator.cpp:822:  max blocks per core : 6
(0.269422) X86TraceGenerator.cpp:1082: mkdir -p /benchrun/macsim/cuda6-transpose/sm6_gtx1080/input-repeat1-dimx64-dimy64/results/traces/_Z14transposeNaivePfS_ii_0/ (status 0)

(0.269437) X86TraceGenerator.cpp:1083: errno is 0 message is Success

(0.304389) CudaRuntime.cpp:2609: cudaConfigureCall()
(0.304408) CudaRuntime.cpp:2631: cudaSetupArgument() - offset 0, size 8
(0.304417) CudaRuntime.cpp:2631: cudaSetupArgument() - offset 8, size 8
(0.304425) CudaRuntime.cpp:2631: cudaSetupArgument() - offset 16, size 4
(0.304432) CudaRuntime.cpp:2631: cudaSetupArgument() - offset 20, size 4
(0.304467) CudaRuntime.cpp:142:  Mapping parameter at offset 0 of size 8 to offset 0 of size 8
   data = 0x00 0xaa 0x66 0x00 0x00 0x00 0x00 0x00 
(0.304479) CudaRuntime.cpp:142:  Mapping parameter at offset 8 of size 8 to offset 8 of size 8
   data = 0x00 0x69 0x66 0x00 0x00 0x00 0x00 0x00 
(0.304490) CudaRuntime.cpp:142:  Mapping parameter at offset 16 of size 4 to offset 16 of size 4
   data = 0x40 0x00 0x00 0x00 
(0.304500) CudaRuntime.cpp:142:  Mapping parameter at offset 20 of size 4 to offset 20 of size 4
   data = 0x40 0x00 0x00 0x00 
(0.304516) CudaRuntime.cpp:2685: kernel launch (_Z14transposeNaivePfS_ii) on thread 0x657920
(0.304535) CudaRuntime.cpp:2706:  launch completed successfully
(0.305274) X86TraceGenerator.cpp:776:  New kernel launched
(0.305282) X86TraceGenerator.cpp:777:  compute version:2.0
(0.305285) X86TraceGenerator.cpp:778:  grid  4 x 4 x 1
(0.305287) X86TraceGenerator.cpp:779:  block 16 x 16 x 1
(0.305290) X86TraceGenerator.cpp:780:  number of warps per block:8
(0.305292) X86TraceGenerator.cpp:781:  number of total warps:128
(0.305294) X86TraceGenerator.cpp:782:  # threads per block : 256
(0.305296) X86TraceGenerator.cpp:783:  number of register per thread:10
(0.305298) X86TraceGenerator.cpp:784:  number of shared memory per thread:0
(0.305301) X86TraceGenerator.cpp:822:  max blocks per core : 6
(0.309416) X86TraceGenerator.cpp:1082: mkdir -p /benchrun/macsim/cuda6-transpose/sm6_gtx1080/input-repeat1-dimx64-dimy64/results/traces/_Z14transposeNaivePfS_ii_1/ (status 0)

(0.309432) X86TraceGenerator.cpp:1083: errno is 0 message is Success

(0.348345) CudaRuntime.cpp:1131: cudaMemcpy(0x65e8b0, 0x66aa00, 16384)
(0.348365) CudaRuntime.cpp:215:    _memcpy(0x65e8b0, 0x66aa00, 16384 bytes) d-to-h
(0.348465) CudaRuntime.cpp:1131: cudaMemcpy(0x65e8b0, 0x66aa00, 16384)
(0.348474) CudaRuntime.cpp:215:    _memcpy(0x65e8b0, 0x66aa00, 16384 bytes) d-to-h
transpose naive             , Throughput = 0.0007 GB/s, Time = 43.95390 ms, Size = 4096 fp32 elements, NumDevsUsed = 1, Workgroup = 256
(0.348604) CudaRuntime.cpp:2609: cudaConfigureCall()
(0.348620) CudaRuntime.cpp:2631: cudaSetupArgument() - offset 0, size 8
(0.348629) CudaRuntime.cpp:2631: cudaSetupArgument() - offset 8, size 8
(0.348648) CudaRuntime.cpp:2631: cudaSetupArgument() - offset 16, size 4
(0.348656) CudaRuntime.cpp:2631: cudaSetupArgument() - offset 20, size 4
(0.348701) CudaRuntime.cpp:142:  Mapping parameter at offset 0 of size 8 to offset 0 of size 8
   data = 0x00 0xaa 0x66 0x00 0x00 0x00 0x00 0x00 
(0.348714) CudaRuntime.cpp:142:  Mapping parameter at offset 8 of size 8 to offset 8 of size 8
   data = 0x00 0x69 0x66 0x00 0x00 0x00 0x00 0x00 
(0.348724) CudaRuntime.cpp:142:  Mapping parameter at offset 16 of size 4 to offset 16 of size 4
   data = 0x40 0x00 0x00 0x00 
(0.348735) CudaRuntime.cpp:142:  Mapping parameter at offset 20 of size 4 to offset 20 of size 4
   data = 0x40 0x00 0x00 0x00 
(0.348744) CudaRuntime.cpp:2685: kernel launch (_Z18transposeCoalescedPfS_ii) on thread 0x657920
(0.348765) CudaRuntime.cpp:2706:  launch completed successfully
(0.349633) X86TraceGenerator.cpp:776:  New kernel launched
(0.349640) X86TraceGenerator.cpp:777:  compute version:2.0
(0.349642) X86TraceGenerator.cpp:778:  grid  4 x 4 x 1
(0.349645) X86TraceGenerator.cpp:779:  block 16 x 16 x 1
(0.349648) X86TraceGenerator.cpp:780:  number of warps per block:8
(0.349650) X86TraceGenerator.cpp:781:  number of total warps:128
(0.349652) X86TraceGenerator.cpp:782:  # threads per block : 256
(0.349654) X86TraceGenerator.cpp:783:  number of register per thread:8
(0.349656) X86TraceGenerator.cpp:784:  number of shared memory per thread:1024
(0.349659) X86TraceGenerator.cpp:822:  max blocks per core : 6
(0.353808) X86TraceGenerator.cpp:1082: mkdir -p /benchrun/macsim/cuda6-transpose/sm6_gtx1080/input-repeat1-dimx64-dimy64/results/traces/_Z18transposeCoalescedPfS_ii_0/ (status 0)

(0.353829) X86TraceGenerator.cpp:1083: errno is 0 message is Success

(0.408419) CudaRuntime.cpp:2609: cudaConfigureCall()
(0.408438) CudaRuntime.cpp:2631: cudaSetupArgument() - offset 0, size 8
(0.408447) CudaRuntime.cpp:2631: cudaSetupArgument() - offset 8, size 8
(0.408454) CudaRuntime.cpp:2631: cudaSetupArgument() - offset 16, size 4
(0.408462) CudaRuntime.cpp:2631: cudaSetupArgument() - offset 20, size 4
(0.408498) CudaRuntime.cpp:142:  Mapping parameter at offset 0 of size 8 to offset 0 of size 8
   data = 0x00 0xaa 0x66 0x00 0x00 0x00 0x00 0x00 
(0.408511) CudaRuntime.cpp:142:  Mapping parameter at offset 8 of size 8 to offset 8 of size 8
   data = 0x00 0x69 0x66 0x00 0x00 0x00 0x00 0x00 
(0.408549) CudaRuntime.cpp:142:  Mapping parameter at offset 16 of size 4 to offset 16 of size 4
   data = 0x40 0x00 0x00 0x00 
(0.408620) CudaRuntime.cpp:142:  Mapping parameter at offset 20 of size 4 to offset 20 of size 4
   data = 0x40 0x00 0x00 0x00 
(0.408643) CudaRuntime.cpp:2685: kernel launch (_Z18transposeCoalescedPfS_ii) on thread 0x657920
(0.408667) CudaRuntime.cpp:2706:  launch completed successfully
(0.409814) X86TraceGenerator.cpp:776:  New kernel launched
(0.409822) X86TraceGenerator.cpp:777:  compute version:2.0
(0.409825) X86TraceGenerator.cpp:778:  grid  4 x 4 x 1
(0.409827) X86TraceGenerator.cpp:779:  block 16 x 16 x 1
(0.409830) X86TraceGenerator.cpp:780:  number of warps per block:8
(0.409832) X86TraceGenerator.cpp:781:  number of total warps:128
(0.409834) X86TraceGenerator.cpp:782:  # threads per block : 256
(0.409837) X86TraceGenerator.cpp:783:  number of register per thread:8
(0.409839) X86TraceGenerator.cpp:784:  number of shared memory per thread:1024
(0.409841) X86TraceGenerator.cpp:822:  max blocks per core : 6
(0.414038) X86TraceGenerator.cpp:1082: mkdir -p /benchrun/macsim/cuda6-transpose/sm6_gtx1080/input-repeat1-dimx64-dimy64/results/traces/_Z18transposeCoalescedPfS_ii_1/ (status 0)

(0.414052) X86TraceGenerator.cpp:1083: errno is 0 message is Success

(0.468045) CudaRuntime.cpp:1131: cudaMemcpy(0x65e8b0, 0x66aa00, 16384)
(0.468064) CudaRuntime.cpp:215:    _memcpy(0x65e8b0, 0x66aa00, 16384 bytes) d-to-h
(0.468149) CudaRuntime.cpp:1131: cudaMemcpy(0x65e8b0, 0x66aa00, 16384)
(0.468157) CudaRuntime.cpp:215:    _memcpy(0x65e8b0, 0x66aa00, 16384 bytes) d-to-h
transpose coalesced         , Throughput = 0.0005 GB/s, Time = 59.62372 ms, Size = 4096 fp32 elements, NumDevsUsed = 1, Workgroup = 256
(0.468241) CudaRuntime.cpp:2609: cudaConfigureCall()
(0.468251) CudaRuntime.cpp:2631: cudaSetupArgument() - offset 0, size 8
(0.468259) CudaRuntime.cpp:2631: cudaSetupArgument() - offset 8, size 8
(0.468266) CudaRuntime.cpp:2631: cudaSetupArgument() - offset 16, size 4
(0.468274) CudaRuntime.cpp:2631: cudaSetupArgument() - offset 20, size 4
(0.468317) CudaRuntime.cpp:142:  Mapping parameter at offset 0 of size 8 to offset 0 of size 8
   data = 0x00 0xaa 0x66 0x00 0x00 0x00 0x00 0x00 
(0.468329) CudaRuntime.cpp:142:  Mapping parameter at offset 8 of size 8 to offset 8 of size 8
   data = 0x00 0x69 0x66 0x00 0x00 0x00 0x00 0x00 
(0.468348) CudaRuntime.cpp:142:  Mapping parameter at offset 16 of size 4 to offset 16 of size 4
   data = 0x40 0x00 0x00 0x00 
(0.468359) CudaRuntime.cpp:142:  Mapping parameter at offset 20 of size 4 to offset 20 of size 4
   data = 0x40 0x00 0x00 0x00 
(0.468368) CudaRuntime.cpp:2685: kernel launch (_Z24transposeNoBankConflictsPfS_ii) on thread 0x657920
(0.468386) CudaRuntime.cpp:2706:  launch completed successfully
(0.469676) X86TraceGenerator.cpp:776:  New kernel launched
(0.469686) X86TraceGenerator.cpp:777:  compute version:2.0
(0.469690) X86TraceGenerator.cpp:778:  grid  4 x 4 x 1
(0.469693) X86TraceGenerator.cpp:779:  block 16 x 16 x 1
(0.469700) X86TraceGenerator.cpp:780:  number of warps per block:8
(0.469703) X86TraceGenerator.cpp:781:  number of total warps:128
(0.469705) X86TraceGenerator.cpp:782:  # threads per block : 256
(0.469707) X86TraceGenerator.cpp:783:  number of register per thread:8
(0.469709) X86TraceGenerator.cpp:784:  number of shared memory per thread:1088
(0.469712) X86TraceGenerator.cpp:822:  max blocks per core : 6
(0.473793) X86TraceGenerator.cpp:1082: mkdir -p /benchrun/macsim/cuda6-transpose/sm6_gtx1080/input-repeat1-dimx64-dimy64/results/traces/_Z24transposeNoBankConflictsPfS_ii_0/ (status 0)

(0.473806) X86TraceGenerator.cpp:1083: errno is 0 message is Success

(0.533303) CudaRuntime.cpp:2609: cudaConfigureCall()
(0.533322) CudaRuntime.cpp:2631: cudaSetupArgument() - offset 0, size 8
(0.533331) CudaRuntime.cpp:2631: cudaSetupArgument() - offset 8, size 8
(0.533339) CudaRuntime.cpp:2631: cudaSetupArgument() - offset 16, size 4
(0.533346) CudaRuntime.cpp:2631: cudaSetupArgument() - offset 20, size 4
(0.533378) CudaRuntime.cpp:142:  Mapping parameter at offset 0 of size 8 to offset 0 of size 8
   data = 0x00 0xaa 0x66 0x00 0x00 0x00 0x00 0x00 
(0.533391) CudaRuntime.cpp:142:  Mapping parameter at offset 8 of size 8 to offset 8 of size 8
   data = 0x00 0x69 0x66 0x00 0x00 0x00 0x00 0x00 
(0.533401) CudaRuntime.cpp:142:  Mapping parameter at offset 16 of size 4 to offset 16 of size 4
   data = 0x40 0x00 0x00 0x00 
(0.533412) CudaRuntime.cpp:142:  Mapping parameter at offset 20 of size 4 to offset 20 of size 4
   data = 0x40 0x00 0x00 0x00 
(0.533428) CudaRuntime.cpp:2685: kernel launch (_Z24transposeNoBankConflictsPfS_ii) on thread 0x657920
(0.533446) CudaRuntime.cpp:2706:  launch completed successfully
(0.534579) X86TraceGenerator.cpp:776:  New kernel launched
(0.534592) X86TraceGenerator.cpp:777:  compute version:2.0
(0.534600) X86TraceGenerator.cpp:778:  grid  4 x 4 x 1
(0.534607) X86TraceGenerator.cpp:779:  block 16 x 16 x 1
(0.534614) X86TraceGenerator.cpp:780:  number of warps per block:8
(0.534621) X86TraceGenerator.cpp:781:  number of total warps:128
(0.534628) X86TraceGenerator.cpp:782:  # threads per block : 256
(0.534635) X86TraceGenerator.cpp:783:  number of register per thread:8
(0.534642) X86TraceGenerator.cpp:784:  number of shared memory per thread:1088
(0.534649) X86TraceGenerator.cpp:822:  max blocks per core : 6
(0.538921) X86TraceGenerator.cpp:1082: mkdir -p /benchrun/macsim/cuda6-transpose/sm6_gtx1080/input-repeat1-dimx64-dimy64/results/traces/_Z24transposeNoBankConflictsPfS_ii_1/ (status 0)

(0.538968) X86TraceGenerator.cpp:1083: errno is 0 message is Success

(0.615782) CudaRuntime.cpp:1131: cudaMemcpy(0x65e8b0, 0x66aa00, 16384)
(0.615816) CudaRuntime.cpp:215:    _memcpy(0x65e8b0, 0x66aa00, 16384 bytes) d-to-h
(0.615932) CudaRuntime.cpp:1131: cudaMemcpy(0x65e8b0, 0x66aa00, 16384)
(0.615957) CudaRuntime.cpp:215:    _memcpy(0x65e8b0, 0x66aa00, 16384 bytes) d-to-h
transpose optimized         , Throughput = 0.0004 GB/s, Time = 82.45969 ms, Size = 4096 fp32 elements, NumDevsUsed = 1, Workgroup = 256
(0.616047) CudaRuntime.cpp:2609: cudaConfigureCall()
(0.616071) CudaRuntime.cpp:2631: cudaSetupArgument() - offset 0, size 8
(0.616096) CudaRuntime.cpp:2631: cudaSetupArgument() - offset 8, size 8
(0.616121) CudaRuntime.cpp:2631: cudaSetupArgument() - offset 16, size 4
(0.616145) CudaRuntime.cpp:2631: cudaSetupArgument() - offset 20, size 4
(0.616210) CudaRuntime.cpp:142:  Mapping parameter at offset 0 of size 8 to offset 0 of size 8
   data = 0x00 0xaa 0x66 0x00 0x00 0x00 0x00 0x00 
(0.616248) CudaRuntime.cpp:142:  Mapping parameter at offset 8 of size 8 to offset 8 of size 8
   data = 0x00 0x69 0x66 0x00 0x00 0x00 0x00 0x00 
(0.616283) CudaRuntime.cpp:142:  Mapping parameter at offset 16 of size 4 to offset 16 of size 4
   data = 0x40 0x00 0x00 0x00 
(0.616317) CudaRuntime.cpp:142:  Mapping parameter at offset 20 of size 4 to offset 20 of size 4
   data = 0x40 0x00 0x00 0x00 
(0.616344) CudaRuntime.cpp:2685: kernel launch (_Z22transposeCoarseGrainedPfS_ii) on thread 0x657920
(0.616379) CudaRuntime.cpp:2706:  launch completed successfully
(0.617858) X86TraceGenerator.cpp:776:  New kernel launched
(0.617866) X86TraceGenerator.cpp:777:  compute version:2.0
(0.617868) X86TraceGenerator.cpp:778:  grid  4 x 4 x 1
(0.617871) X86TraceGenerator.cpp:779:  block 16 x 16 x 1
(0.617873) X86TraceGenerator.cpp:780:  number of warps per block:8
(0.617876) X86TraceGenerator.cpp:781:  number of total warps:128
(0.617878) X86TraceGenerator.cpp:782:  # threads per block : 256
(0.617880) X86TraceGenerator.cpp:783:  number of register per thread:8
(0.617882) X86TraceGenerator.cpp:784:  number of shared memory per thread:1088
(0.617885) X86TraceGenerator.cpp:822:  max blocks per core : 6
(0.622231) X86TraceGenerator.cpp:1082: mkdir -p /benchrun/macsim/cuda6-transpose/sm6_gtx1080/input-repeat1-dimx64-dimy64/results/traces/_Z22transposeCoarseGrainedPfS_ii_0/ (status 0)

(0.622246) X86TraceGenerator.cpp:1083: errno is 0 message is Success

(0.678042) CudaRuntime.cpp:2609: cudaConfigureCall()
(0.678061) CudaRuntime.cpp:2631: cudaSetupArgument() - offset 0, size 8
(0.678070) CudaRuntime.cpp:2631: cudaSetupArgument() - offset 8, size 8
(0.678077) CudaRuntime.cpp:2631: cudaSetupArgument() - offset 16, size 4
(0.678085) CudaRuntime.cpp:2631: cudaSetupArgument() - offset 20, size 4
(0.678117) CudaRuntime.cpp:142:  Mapping parameter at offset 0 of size 8 to offset 0 of size 8
   data = 0x00 0xaa 0x66 0x00 0x00 0x00 0x00 0x00 
(0.678130) CudaRuntime.cpp:142:  Mapping parameter at offset 8 of size 8 to offset 8 of size 8
   data = 0x00 0x69 0x66 0x00 0x00 0x00 0x00 0x00 
(0.678141) CudaRuntime.cpp:142:  Mapping parameter at offset 16 of size 4 to offset 16 of size 4
   data = 0x40 0x00 0x00 0x00 
(0.678151) CudaRuntime.cpp:142:  Mapping parameter at offset 20 of size 4 to offset 20 of size 4
   data = 0x40 0x00 0x00 0x00 
(0.678167) CudaRuntime.cpp:2685: kernel launch (_Z22transposeCoarseGrainedPfS_ii) on thread 0x657920
(0.678190) CudaRuntime.cpp:2706:  launch completed successfully
(0.679184) X86TraceGenerator.cpp:776:  New kernel launched
(0.679194) X86TraceGenerator.cpp:777:  compute version:2.0
(0.679196) X86TraceGenerator.cpp:778:  grid  4 x 4 x 1
(0.679199) X86TraceGenerator.cpp:779:  block 16 x 16 x 1
(0.679201) X86TraceGenerator.cpp:780:  number of warps per block:8
(0.679204) X86TraceGenerator.cpp:781:  number of total warps:128
(0.679206) X86TraceGenerator.cpp:782:  # threads per block : 256
(0.679208) X86TraceGenerator.cpp:783:  number of register per thread:8
(0.679210) X86TraceGenerator.cpp:784:  number of shared memory per thread:1088
(0.679213) X86TraceGenerator.cpp:822:  max blocks per core : 6
(0.683359) X86TraceGenerator.cpp:1082: mkdir -p /benchrun/macsim/cuda6-transpose/sm6_gtx1080/input-repeat1-dimx64-dimy64/results/traces/_Z22transposeCoarseGrainedPfS_ii_1/ (status 0)

(0.683380) X86TraceGenerator.cpp:1083: errno is 0 message is Success

(0.739391) CudaRuntime.cpp:1131: cudaMemcpy(0x65e8b0, 0x66aa00, 16384)
(0.739406) CudaRuntime.cpp:215:    _memcpy(0x65e8b0, 0x66aa00, 16384 bytes) d-to-h
(0.739459) CudaRuntime.cpp:1131: cudaMemcpy(0x65e8b0, 0x66aa00, 16384)
(0.739464) CudaRuntime.cpp:215:    _memcpy(0x65e8b0, 0x66aa00, 16384 bytes) d-to-h
transpose coarse-grained    , Throughput = 0.0005 GB/s, Time = 61.35392 ms, Size = 4096 fp32 elements, NumDevsUsed = 1, Workgroup = 256
(0.739509) CudaRuntime.cpp:2609: cudaConfigureCall()
(0.739515) CudaRuntime.cpp:2631: cudaSetupArgument() - offset 0, size 8
(0.739520) CudaRuntime.cpp:2631: cudaSetupArgument() - offset 8, size 8
(0.739525) CudaRuntime.cpp:2631: cudaSetupArgument() - offset 16, size 4
(0.739529) CudaRuntime.cpp:2631: cudaSetupArgument() - offset 20, size 4
(0.739559) CudaRuntime.cpp:142:  Mapping parameter at offset 0 of size 8 to offset 0 of size 8
   data = 0x00 0xaa 0x66 0x00 0x00 0x00 0x00 0x00 
(0.739568) CudaRuntime.cpp:142:  Mapping parameter at offset 8 of size 8 to offset 8 of size 8
   data = 0x00 0x69 0x66 0x00 0x00 0x00 0x00 0x00 
(0.739574) CudaRuntime.cpp:142:  Mapping parameter at offset 16 of size 4 to offset 16 of size 4
   data = 0x40 0x00 0x00 0x00 
(0.739581) CudaRuntime.cpp:142:  Mapping parameter at offset 20 of size 4 to offset 20 of size 4
   data = 0x40 0x00 0x00 0x00 
(0.739587) CudaRuntime.cpp:2685: kernel launch (_Z20transposeFineGrainedPfS_ii) on thread 0x657920
(0.739602) CudaRuntime.cpp:2706:  launch completed successfully
(0.740967) X86TraceGenerator.cpp:776:  New kernel launched
(0.740978) X86TraceGenerator.cpp:777:  compute version:2.0
(0.740985) X86TraceGenerator.cpp:778:  grid  4 x 4 x 1
(0.740993) X86TraceGenerator.cpp:779:  block 16 x 16 x 1
(0.741000) X86TraceGenerator.cpp:780:  number of warps per block:8
(0.741007) X86TraceGenerator.cpp:781:  number of total warps:128
(0.741014) X86TraceGenerator.cpp:782:  # threads per block : 256
(0.741020) X86TraceGenerator.cpp:783:  number of register per thread:8
(0.741027) X86TraceGenerator.cpp:784:  number of shared memory per thread:1088
(0.741035) X86TraceGenerator.cpp:822:  max blocks per core : 6
(0.744748) X86TraceGenerator.cpp:1082: mkdir -p /benchrun/macsim/cuda6-transpose/sm6_gtx1080/input-repeat1-dimx64-dimy64/results/traces/_Z20transposeFineGrainedPfS_ii_0/ (status 0)

(0.744762) X86TraceGenerator.cpp:1083: errno is 0 message is Success

(0.802426) CudaRuntime.cpp:2609: cudaConfigureCall()
(0.802439) CudaRuntime.cpp:2631: cudaSetupArgument() - offset 0, size 8
(0.802447) CudaRuntime.cpp:2631: cudaSetupArgument() - offset 8, size 8
(0.802455) CudaRuntime.cpp:2631: cudaSetupArgument() - offset 16, size 4
(0.802462) CudaRuntime.cpp:2631: cudaSetupArgument() - offset 20, size 4
(0.802486) CudaRuntime.cpp:142:  Mapping parameter at offset 0 of size 8 to offset 0 of size 8
   data = 0x00 0xaa 0x66 0x00 0x00 0x00 0x00 0x00 
(0.802498) CudaRuntime.cpp:142:  Mapping parameter at offset 8 of size 8 to offset 8 of size 8
   data = 0x00 0x69 0x66 0x00 0x00 0x00 0x00 0x00 
(0.802508) CudaRuntime.cpp:142:  Mapping parameter at offset 16 of size 4 to offset 16 of size 4
   data = 0x40 0x00 0x00 0x00 
(0.802519) CudaRuntime.cpp:142:  Mapping parameter at offset 20 of size 4 to offset 20 of size 4
   data = 0x40 0x00 0x00 0x00 
(0.802530) CudaRuntime.cpp:2685: kernel launch (_Z20transposeFineGrainedPfS_ii) on thread 0x657920
(0.802544) CudaRuntime.cpp:2706:  launch completed successfully
(0.803681) X86TraceGenerator.cpp:776:  New kernel launched
(0.803688) X86TraceGenerator.cpp:777:  compute version:2.0
(0.803691) X86TraceGenerator.cpp:778:  grid  4 x 4 x 1
(0.803693) X86TraceGenerator.cpp:779:  block 16 x 16 x 1
(0.803695) X86TraceGenerator.cpp:780:  number of warps per block:8
(0.803698) X86TraceGenerator.cpp:781:  number of total warps:128
(0.803700) X86TraceGenerator.cpp:782:  # threads per block : 256
(0.803702) X86TraceGenerator.cpp:783:  number of register per thread:8
(0.803705) X86TraceGenerator.cpp:784:  number of shared memory per thread:1088
(0.803712) X86TraceGenerator.cpp:822:  max blocks per core : 6
(0.847927) X86TraceGenerator.cpp:1082: mkdir -p /benchrun/macsim/cuda6-transpose/sm6_gtx1080/input-repeat1-dimx64-dimy64/results/traces/_Z20transposeFineGrainedPfS_ii_1/ (status 0)

(0.847980) X86TraceGenerator.cpp:1083: errno is 0 message is Success

(0.926812) CudaRuntime.cpp:1131: cudaMemcpy(0x65e8b0, 0x66aa00, 16384)
(0.926825) CudaRuntime.cpp:215:    _memcpy(0x65e8b0, 0x66aa00, 16384 bytes) d-to-h
(0.926872) CudaRuntime.cpp:1131: cudaMemcpy(0x65e8b0, 0x66aa00, 16384)
(0.926877) CudaRuntime.cpp:215:    _memcpy(0x65e8b0, 0x66aa00, 16384 bytes) d-to-h
transpose fine-grained      , Throughput = 0.0002 GB/s, Time = 124.38536 ms, Size = 4096 fp32 elements, NumDevsUsed = 1, Workgroup = 256
(0.926919) CudaRuntime.cpp:2609: cudaConfigureCall()
(0.926924) CudaRuntime.cpp:2631: cudaSetupArgument() - offset 0, size 8
(0.926928) CudaRuntime.cpp:2631: cudaSetupArgument() - offset 8, size 8
(0.926932) CudaRuntime.cpp:2631: cudaSetupArgument() - offset 16, size 4
(0.926936) CudaRuntime.cpp:2631: cudaSetupArgument() - offset 20, size 4
(0.926960) CudaRuntime.cpp:142:  Mapping parameter at offset 0 of size 8 to offset 0 of size 8
   data = 0x00 0xaa 0x66 0x00 0x00 0x00 0x00 0x00 
(0.926966) CudaRuntime.cpp:142:  Mapping parameter at offset 8 of size 8 to offset 8 of size 8
   data = 0x00 0x69 0x66 0x00 0x00 0x00 0x00 0x00 
(0.926972) CudaRuntime.cpp:142:  Mapping parameter at offset 16 of size 4 to offset 16 of size 4
   data = 0x40 0x00 0x00 0x00 
(0.926977) CudaRuntime.cpp:142:  Mapping parameter at offset 20 of size 4 to offset 20 of size 4
   data = 0x40 0x00 0x00 0x00 
(0.926982) CudaRuntime.cpp:2685: kernel launch (_Z17transposeDiagonalPfS_ii) on thread 0x657920
(0.926993) CudaRuntime.cpp:2706:  launch completed successfully
(0.928324) X86TraceGenerator.cpp:776:  New kernel launched
(0.928330) X86TraceGenerator.cpp:777:  compute version:2.0
(0.928333) X86TraceGenerator.cpp:778:  grid  4 x 4 x 1
(0.928335) X86TraceGenerator.cpp:779:  block 16 x 16 x 1
(0.928338) X86TraceGenerator.cpp:780:  number of warps per block:8
(0.928340) X86TraceGenerator.cpp:781:  number of total warps:128
(0.928342) X86TraceGenerator.cpp:782:  # threads per block : 256
(0.928344) X86TraceGenerator.cpp:783:  number of register per thread:10
(0.928346) X86TraceGenerator.cpp:784:  number of shared memory per thread:1088
(0.928349) X86TraceGenerator.cpp:822:  max blocks per core : 6
(0.932683) X86TraceGenerator.cpp:1082: mkdir -p /benchrun/macsim/cuda6-transpose/sm6_gtx1080/input-repeat1-dimx64-dimy64/results/traces/_Z17transposeDiagonalPfS_ii_0/ (status 0)

(0.932699) X86TraceGenerator.cpp:1083: errno is 0 message is Success

(0.996364) CudaRuntime.cpp:2609: cudaConfigureCall()
(0.996384) CudaRuntime.cpp:2631: cudaSetupArgument() - offset 0, size 8
(0.996392) CudaRuntime.cpp:2631: cudaSetupArgument() - offset 8, size 8
(0.996400) CudaRuntime.cpp:2631: cudaSetupArgument() - offset 16, size 4
(0.996408) CudaRuntime.cpp:2631: cudaSetupArgument() - offset 20, size 4
(0.996440) CudaRuntime.cpp:142:  Mapping parameter at offset 0 of size 8 to offset 0 of size 8
   data = 0x00 0xaa 0x66 0x00 0x00 0x00 0x00 0x00 
(0.996453) CudaRuntime.cpp:142:  Mapping parameter at offset 8 of size 8 to offset 8 of size 8
   data = 0x00 0x69 0x66 0x00 0x00 0x00 0x00 0x00 
(0.996463) CudaRuntime.cpp:142:  Mapping parameter at offset 16 of size 4 to offset 16 of size 4
   data = 0x40 0x00 0x00 0x00 
(0.996474) CudaRuntime.cpp:142:  Mapping parameter at offset 20 of size 4 to offset 20 of size 4
   data = 0x40 0x00 0x00 0x00 
(0.996490) CudaRuntime.cpp:2685: kernel launch (_Z17transposeDiagonalPfS_ii) on thread 0x657920
(0.996512) CudaRuntime.cpp:2706:  launch completed successfully
(0.997893) X86TraceGenerator.cpp:776:  New kernel launched
(0.997901) X86TraceGenerator.cpp:777:  compute version:2.0
(0.997903) X86TraceGenerator.cpp:778:  grid  4 x 4 x 1
(0.997906) X86TraceGenerator.cpp:779:  block 16 x 16 x 1
(0.997908) X86TraceGenerator.cpp:780:  number of warps per block:8
(0.997916) X86TraceGenerator.cpp:781:  number of total warps:128
(0.997919) X86TraceGenerator.cpp:782:  # threads per block : 256
(0.997921) X86TraceGenerator.cpp:783:  number of register per thread:10
(0.997923) X86TraceGenerator.cpp:784:  number of shared memory per thread:1088
(0.997925) X86TraceGenerator.cpp:822:  max blocks per core : 6
(1.002280) X86TraceGenerator.cpp:1082: mkdir -p /benchrun/macsim/cuda6-transpose/sm6_gtx1080/input-repeat1-dimx64-dimy64/results/traces/_Z17transposeDiagonalPfS_ii_1/ (status 0)

(1.002294) X86TraceGenerator.cpp:1083: errno is 0 message is Success

(1.066183) CudaRuntime.cpp:1131: cudaMemcpy(0x65e8b0, 0x66aa00, 16384)
(1.066226) CudaRuntime.cpp:215:    _memcpy(0x65e8b0, 0x66aa00, 16384 bytes) d-to-h
(1.066388) CudaRuntime.cpp:1131: cudaMemcpy(0x65e8b0, 0x66aa00, 16384)
(1.066418) CudaRuntime.cpp:215:    _memcpy(0x65e8b0, 0x66aa00, 16384 bytes) d-to-h
transpose diagonal          , Throughput = 0.0004 GB/s, Time = 69.79275 ms, Size = 4096 fp32 elements, NumDevsUsed = 1, Workgroup = 256
(1.066589) CudaRuntime.cpp:887:  cudaFree(0x666900)
(1.066645) CudaRuntime.cpp:887:  cudaFree(0x66aa00)
Test passed
(1.069560) X86TraceGenerator.cpp:725:  destructor
(1.070106) X86TraceGenerator.cpp:2259: finalize
(1.070140) X86TraceGenerator.cpp:2263: total instruction count: 9216
