Arguments: macsim --out=/benchrun/macsim/cuda6-transpose/sm86_a6000/input-repeat1-dimx32-dimy32/results/stats 
src/macsim.cc:122: (I=0  C=0):  initialize knobs
number of cores : 84
src/macsim.cc:537: (I=0  C=0):  initialize simulation
src/macsim.cc:323: (I=0  C=0):  initialize cores (0/0/84)
src/memory.cc:1568: (I=0  C=0):  Memory system(l2_decoupled_network) has been initialized.
src/network_simple.cc:92: (I=0  C=0):  TOTAL_ROUTER:103 CPU:0 GPU:84 L3:1 LLC:6 MC:12
enabling bug detector
src/macsim.cc:750: (I=0  C=0):  Initializing new noc

src/macsim.cc:838: (I=0  C=0):  Clock LCM           : 280
src/macsim.cc:839: (I=0  C=0):  CPU clock frequency : 1 GHz
src/macsim.cc:840: (I=0  C=0):  GPU clock frequency : 1.41 GHz
src/macsim.cc:841: (I=0  C=0):  LLC clock frequency : 1.41 GHz
src/macsim.cc:842: (I=0  C=0):  NOC clock frequency : 1.41 GHz
src/macsim.cc:843: (I=0  C=0):  MC  clock frequency : 4 GHz
src/process_manager.cc:434: (I=0  C=0):  setup_process:0 /benchrun/macsim/cuda6-transpose/sm86_a6000/input-repeat1-dimx32-dimy32/results/traces/_Z4copyPfS_ii_0/Trace.txt current_index:0 (16)
trace:/benchrun/macsim/cuda6-transpose/sm86_a6000/input-repeat1-dimx32-dimy32/results/traces/_Z4copyPfS_ii_0/Trace.txt is opened 
src/process_manager.cc:541: (I=0  C=0):  thread_count:32
**Core 00 Thread 00 Finished:   insts:20          cycles:592        (11820)  seconds:2     -- 0.03 IPC (0.03 IPC) --  N/A  KHz (0.01 KHz) 
**Core 01 Thread 00 Finished:   insts:20          cycles:592        (11820)  seconds:2     -- 0.03 IPC (0.03 IPC) --  N/A  KHz (0.01 KHz) 
**Core 02 Thread 00 Finished:   insts:20          cycles:611        (12200)  seconds:2     -- 0.03 IPC (0.03 IPC) --  N/A  KHz (0.01 KHz) 
**Core 03 Thread 00 Finished:   insts:20          cycles:611        (12200)  seconds:2     -- 0.03 IPC (0.03 IPC) --  N/A  KHz (0.01 KHz) 
**Core 00 Thread 01 Finished:   insts:20          cycles:631        (12600)  seconds:2     -- 0.03 IPC (0.03 IPC) --  N/A  KHz (0.01 KHz) 
**Core 01 Thread 01 Finished:   insts:20          cycles:631        (12600)  seconds:2     -- 0.03 IPC (0.03 IPC) --  N/A  KHz (0.01 KHz) 
**Core 02 Thread 01 Finished:   insts:20          cycles:650        (12980)  seconds:2     -- 0.03 IPC (0.03 IPC) --  N/A  KHz (0.01 KHz) 
**Core 03 Thread 01 Finished:   insts:20          cycles:650        (12980)  seconds:2     -- 0.03 IPC (0.03 IPC) --  N/A  KHz (0.01 KHz) 
**Core 00 Thread 06 Finished:   insts:20          cycles:670        (13380)  seconds:2     -- 0.03 IPC (0.03 IPC) --  N/A  KHz (0.01 KHz) 
**Core 01 Thread 06 Finished:   insts:20          cycles:670        (13380)  seconds:2     -- 0.03 IPC (0.03 IPC) --  N/A  KHz (0.01 KHz) 
**Core 00 Thread 07 Finished:   insts:20          cycles:690        (13780)  seconds:2     -- 0.03 IPC (0.03 IPC) --  N/A  KHz (0.01 KHz) 
**Core 01 Thread 07 Finished:   insts:20          cycles:690        (13780)  seconds:2     -- 0.03 IPC (0.03 IPC) --  N/A  KHz (0.01 KHz) 
**Core 00 Thread 03 Finished:   insts:20          cycles:709        (14160)  seconds:2     -- 0.03 IPC (0.03 IPC) --  N/A  KHz (0.01 KHz) 
**Core 01 Thread 03 Finished:   insts:20          cycles:709        (14160)  seconds:2     -- 0.03 IPC (0.03 IPC) --  N/A  KHz (0.01 KHz) 
**Core 02 Thread 03 Finished:   insts:20          cycles:729        (14560)  seconds:2     -- 0.03 IPC (0.03 IPC) --  N/A  KHz (0.01 KHz) 
**Core 03 Thread 03 Finished:   insts:20          cycles:729        (14560)  seconds:2     -- 0.03 IPC (0.03 IPC) --  N/A  KHz (0.01 KHz) 
**Core 00 Thread 04 Finished:   insts:20          cycles:748        (14940)  seconds:2     -- 0.03 IPC (0.03 IPC) --  N/A  KHz (0.01 KHz) 
**Core 01 Thread 04 Finished:   insts:20          cycles:748        (14940)  seconds:2     -- 0.03 IPC (0.03 IPC) --  N/A  KHz (0.01 KHz) 
**Core 02 Thread 04 Finished:   insts:20          cycles:768        (15340)  seconds:2     -- 0.03 IPC (0.03 IPC) --  N/A  KHz (0.01 KHz) 
**Core 03 Thread 04 Finished:   insts:20          cycles:768        (15340)  seconds:2     -- 0.03 IPC (0.03 IPC) --  N/A  KHz (0.01 KHz) 
**Core 00 Thread 05 Finished:   insts:20          cycles:788        (15740)  seconds:2     -- 0.03 IPC (0.03 IPC) --  N/A  KHz (0.01 KHz) 
**Core 01 Thread 05 Finished:   insts:20          cycles:788        (15740)  seconds:2     -- 0.03 IPC (0.03 IPC) --  N/A  KHz (0.01 KHz) 
**Core 02 Thread 05 Finished:   insts:20          cycles:807        (16120)  seconds:2     -- 0.02 IPC (0.02 IPC) --  N/A  KHz (0.01 KHz) 
**Core 03 Thread 05 Finished:   insts:20          cycles:807        (16120)  seconds:2     -- 0.02 IPC (0.02 IPC) --  N/A  KHz (0.01 KHz) 
**Core 00 Thread 02 Finished:   insts:20          cycles:827        (16520)  seconds:2     -- 0.02 IPC (0.02 IPC) --  N/A  KHz (0.01 KHz) 
**Core 00 Core_Total  Finished:   insts:160         cycles:827        (16520) seconds:2     -- 0.19 IPC (0.19 IPC) --  N/A  KHz (0.08 KHz)
**Core 01 Thread 02 Finished:   insts:20          cycles:827        (16520)  seconds:2     -- 0.02 IPC (0.02 IPC) --  N/A  KHz (0.01 KHz) 
**Core 01 Core_Total  Finished:   insts:160         cycles:827        (16520) seconds:2     -- 0.19 IPC (0.19 IPC) --  N/A  KHz (0.08 KHz)
**Core 02 Thread 07 Finished:   insts:20          cycles:846        (16900)  seconds:2     -- 0.02 IPC (0.02 IPC) --  N/A  KHz (0.01 KHz) 
**Core 03 Thread 07 Finished:   insts:20          cycles:846        (16900)  seconds:2     -- 0.02 IPC (0.02 IPC) --  N/A  KHz (0.01 KHz) 
**Core 02 Thread 02 Finished:   insts:20          cycles:866        (17300)  seconds:2     -- 0.02 IPC (0.02 IPC) --  N/A  KHz (0.01 KHz) 
**Core 03 Thread 02 Finished:   insts:20          cycles:866        (17300)  seconds:2     -- 0.02 IPC (0.02 IPC) --  N/A  KHz (0.01 KHz) 
**Core 02 Thread 06 Finished:   insts:20          cycles:886        (17700)  seconds:2     -- 0.02 IPC (0.02 IPC) --  N/A  KHz (0.01 KHz) 
**Core 02 Core_Total  Finished:   insts:160         cycles:886        (17700) seconds:2     -- 0.18 IPC (0.18 IPC) --  N/A  KHz (0.08 KHz)
**Core 03 Thread 06 Finished:   insts:20          cycles:886        (17700)  seconds:2     -- 0.02 IPC (0.02 IPC) --  N/A  KHz (0.01 KHz) 
src/process_manager.cc:434: (I=20  C=17700):  setup_process:0 /benchrun/macsim/cuda6-transpose/sm86_a6000/input-repeat1-dimx32-dimy32/results/traces/_Z4copyPfS_ii_1/Trace.txt current_index:1 (16)
trace:/benchrun/macsim/cuda6-transpose/sm86_a6000/input-repeat1-dimx32-dimy32/results/traces/_Z4copyPfS_ii_1/Trace.txt is opened 
src/process_manager.cc:541: (I=20  C=17700):  thread_count:32
**Core 00 Thread 08 Finished:   insts:20          cycles:1189       (23760)  seconds:2     -- 0.02 IPC (0.02 IPC) --  N/A  KHz (0.01 KHz) 
**Core 01 Thread 08 Finished:   insts:20          cycles:1189       (23760)  seconds:2     -- 0.02 IPC (0.02 IPC) --  N/A  KHz (0.01 KHz) 
**Core 02 Thread 08 Finished:   insts:20          cycles:1190       (23780)  seconds:2     -- 0.02 IPC (0.02 IPC) --  N/A  KHz (0.01 KHz) 
**Core 03 Thread 09 Finished:   insts:20          cycles:1190       (23780)  seconds:2     -- 0.02 IPC (0.02 IPC) --  N/A  KHz (0.01 KHz) 
**Core 03 Thread 10 Finished:   insts:20          cycles:1192       (23820)  seconds:2     -- 0.02 IPC (0.02 IPC) --  N/A  KHz (0.01 KHz) 
**Core 02 Thread 12 Finished:   insts:20          cycles:1194       (23860)  seconds:2     -- 0.02 IPC (0.02 IPC) --  N/A  KHz (0.01 KHz) 
**Core 03 Thread 13 Finished:   insts:20          cycles:1194       (23860)  seconds:2     -- 0.02 IPC (0.02 IPC) --  N/A  KHz (0.01 KHz) 
**Core 03 Thread 14 Finished:   insts:20          cycles:1196       (23900)  seconds:2     -- 0.02 IPC (0.02 IPC) --  N/A  KHz (0.01 KHz) 
**Core 00 Thread 12 Finished:   insts:20          cycles:1197       (23920)  seconds:2     -- 0.02 IPC (0.02 IPC) --  N/A  KHz (0.01 KHz) 
**Core 01 Thread 12 Finished:   insts:20          cycles:1198       (23940)  seconds:2     -- 0.02 IPC (0.02 IPC) --  N/A  KHz (0.01 KHz) 
**Core 03 Thread 08 Finished:   insts:20          cycles:1200       (23980)  seconds:2     -- 0.02 IPC (0.02 IPC) --  N/A  KHz (0.01 KHz) 
**Core 03 Thread 12 Finished:   insts:20          cycles:1202       (24020)  seconds:2     -- 0.02 IPC (0.02 IPC) --  N/A  KHz (0.01 KHz) 
**Core 00 Thread 10 Finished:   insts:20          cycles:1203       (24040)  seconds:2     -- 0.02 IPC (0.02 IPC) --  N/A  KHz (0.01 KHz) 
**Core 01 Thread 10 Finished:   insts:20          cycles:1203       (24040)  seconds:2     -- 0.02 IPC (0.02 IPC) --  N/A  KHz (0.01 KHz) 
**Core 00 Thread 14 Finished:   insts:20          cycles:1205       (24080)  seconds:2     -- 0.02 IPC (0.02 IPC) --  N/A  KHz (0.01 KHz) 
**Core 00 Thread 11 Finished:   insts:20          cycles:1206       (24100)  seconds:2     -- 0.02 IPC (0.02 IPC) --  N/A  KHz (0.01 KHz) 
**Core 00 Thread 09 Finished:   insts:20          cycles:1211       (24200)  seconds:2     -- 0.02 IPC (0.02 IPC) --  N/A  KHz (0.01 KHz) 
**Core 00 Thread 15 Finished:   insts:20          cycles:1219       (24360)  seconds:2     -- 0.02 IPC (0.02 IPC) --  N/A  KHz (0.01 KHz) 
**Core 00 Thread 13 Finished:   insts:20          cycles:1220       (24380)  seconds:2     -- 0.02 IPC (0.02 IPC) --  N/A  KHz (0.01 KHz) 
**Core 00 Core_Total  Finished:   insts:320         cycles:1220       (24380) seconds:2     -- 0.26 IPC (0.26 IPC) --  N/A  KHz (0.16 KHz)
**Core 01 Thread 14 Finished:   insts:20          cycles:1223       (24440)  seconds:2     -- 0.02 IPC (0.02 IPC) --  N/A  KHz (0.01 KHz) 
**Core 01 Thread 11 Finished:   insts:20          cycles:1224       (24460)  seconds:2     -- 0.02 IPC (0.02 IPC) --  N/A  KHz (0.01 KHz) 
**Core 01 Thread 09 Finished:   insts:20          cycles:1225       (24480)  seconds:2     -- 0.02 IPC (0.02 IPC) --  N/A  KHz (0.01 KHz) 
**Core 01 Thread 15 Finished:   insts:20          cycles:1226       (24500)  seconds:2     -- 0.02 IPC (0.02 IPC) --  N/A  KHz (0.01 KHz) 
**Core 01 Thread 13 Finished:   insts:20          cycles:1227       (24520)  seconds:2     -- 0.02 IPC (0.02 IPC) --  N/A  KHz (0.01 KHz) 
**Core 01 Core_Total  Finished:   insts:320         cycles:1227       (24520) seconds:2     -- 0.26 IPC (0.26 IPC) --  N/A  KHz (0.16 KHz)
**Core 02 Thread 09 Finished:   insts:20          cycles:1228       (24540)  seconds:2     -- 0.02 IPC (0.02 IPC) --  N/A  KHz (0.01 KHz) 
**Core 02 Thread 10 Finished:   insts:20          cycles:1229       (24560)  seconds:2     -- 0.02 IPC (0.02 IPC) --  N/A  KHz (0.01 KHz) 
**Core 02 Thread 13 Finished:   insts:20          cycles:1230       (24580)  seconds:2     -- 0.02 IPC (0.02 IPC) --  N/A  KHz (0.01 KHz) 
**Core 02 Thread 14 Finished:   insts:20          cycles:1231       (24600)  seconds:2     -- 0.02 IPC (0.02 IPC) --  N/A  KHz (0.01 KHz) 
**Core 02 Thread 11 Finished:   insts:20          cycles:1232       (24620)  seconds:2     -- 0.02 IPC (0.02 IPC) --  N/A  KHz (0.01 KHz) 
**Core 02 Thread 15 Finished:   insts:20          cycles:1233       (24640)  seconds:2     -- 0.02 IPC (0.02 IPC) --  N/A  KHz (0.01 KHz) 
**Core 02 Core_Total  Finished:   insts:320         cycles:1233       (24640) seconds:2     -- 0.26 IPC (0.26 IPC) --  N/A  KHz (0.16 KHz)
**Core 03 Thread 11 Finished:   insts:20          cycles:1235       (24680)  seconds:2     -- 0.02 IPC (0.02 IPC) --  N/A  KHz (0.01 KHz) 
**Core 03 Thread 15 Finished:   insts:20          cycles:1236       (24700)  seconds:2     -- 0.02 IPC (0.02 IPC) --  N/A  KHz (0.01 KHz) 
src/process_manager.cc:434: (I=20  C=24700):  setup_process:0 /benchrun/macsim/cuda6-transpose/sm86_a6000/input-repeat1-dimx32-dimy32/results/traces/_Z13copySharedMemPfS_ii_0/Trace.txt current_index:2 (16)
trace:/benchrun/macsim/cuda6-transpose/sm86_a6000/input-repeat1-dimx32-dimy32/results/traces/_Z13copySharedMemPfS_ii_0/Trace.txt is opened 
src/process_manager.cc:541: (I=20  C=24700):  thread_count:32
**Core 01 Thread 17 Finished:   insts:39          cycles:1850       (36980)  seconds:2     -- 0.02 IPC (0.02 IPC) --  N/A  KHz (0.02 KHz) 
**Core 00 Thread 17 Finished:   insts:39          cycles:1851       (37000)  seconds:2     -- 0.02 IPC (0.02 IPC) --  N/A  KHz (0.02 KHz) 
**Core 01 Thread 19 Finished:   insts:39          cycles:1852       (37020)  seconds:2     -- 0.02 IPC (0.02 IPC) --  N/A  KHz (0.02 KHz) 
**Core 00 Thread 20 Finished:   insts:39          cycles:1853       (37040)  seconds:2     -- 0.02 IPC (0.02 IPC) --  N/A  KHz (0.02 KHz) 
**Core 02 Thread 17 Finished:   insts:39          cycles:1853       (37040)  seconds:2     -- 0.02 IPC (0.02 IPC) --  N/A  KHz (0.02 KHz) 
**Core 01 Thread 20 Finished:   insts:39          cycles:1854       (37060)  seconds:2     -- 0.02 IPC (0.02 IPC) --  N/A  KHz (0.02 KHz) 
**Core 01 Thread 21 Finished:   insts:39          cycles:1856       (37100)  seconds:2     -- 0.02 IPC (0.02 IPC) --  N/A  KHz (0.02 KHz) 
**Core 00 Thread 18 Finished:   insts:39          cycles:1857       (37120)  seconds:2     -- 0.02 IPC (0.02 IPC) --  N/A  KHz (0.02 KHz) 
**Core 01 Thread 18 Finished:   insts:39          cycles:1858       (37140)  seconds:2     -- 0.02 IPC (0.02 IPC) --  N/A  KHz (0.02 KHz) 
**Core 00 Thread 19 Finished:   insts:39          cycles:1859       (37160)  seconds:2     -- 0.02 IPC (0.02 IPC) --  N/A  KHz (0.02 KHz) 
**Core 01 Thread 23 Finished:   insts:39          cycles:1860       (37180)  seconds:2     -- 0.02 IPC (0.02 IPC) --  N/A  KHz (0.02 KHz) 
**Core 00 Thread 16 Finished:   insts:40          cycles:1861       (37200)  seconds:2     -- 0.02 IPC (0.02 IPC) --  N/A  KHz (0.02 KHz) 
**Core 01 Thread 16 Finished:   insts:40          cycles:1862       (37220)  seconds:2     -- 0.02 IPC (0.02 IPC) --  N/A  KHz (0.02 KHz) 
**Core 00 Thread 21 Finished:   insts:39          cycles:1863       (37240)  seconds:2     -- 0.02 IPC (0.02 IPC) --  N/A  KHz (0.02 KHz) 
**Core 01 Thread 22 Finished:   insts:39          cycles:1864       (37260)  seconds:2     -- 0.02 IPC (0.02 IPC) --  N/A  KHz (0.02 KHz) 
**Core 01 Core_Total  Finished:   insts:633         cycles:1864       (37260) seconds:2     -- 0.34 IPC (0.34 IPC) --  N/A  KHz (0.32 KHz)
**Core 03 Thread 17 Finished:   insts:39          cycles:1872       (37420)  seconds:2     -- 0.02 IPC (0.02 IPC) --  N/A  KHz (0.02 KHz) 
**Core 00 Thread 22 Finished:   insts:39          cycles:1877       (37520)  seconds:2     -- 0.02 IPC (0.02 IPC) --  N/A  KHz (0.02 KHz) 
**Core 00 Thread 23 Finished:   insts:39          cycles:1880       (37580)  seconds:2     -- 0.02 IPC (0.02 IPC) --  N/A  KHz (0.02 KHz) 
**Core 00 Core_Total  Finished:   insts:633         cycles:1880       (37580) seconds:2     -- 0.34 IPC (0.34 IPC) --  N/A  KHz (0.32 KHz)
**Core 02 Thread 20 Finished:   insts:39          cycles:1882       (37620)  seconds:2     -- 0.02 IPC (0.02 IPC) --  N/A  KHz (0.02 KHz) 
**Core 02 Thread 18 Finished:   insts:39          cycles:1883       (37640)  seconds:2     -- 0.02 IPC (0.02 IPC) --  N/A  KHz (0.02 KHz) 
**Core 02 Thread 19 Finished:   insts:39          cycles:1884       (37660)  seconds:2     -- 0.02 IPC (0.02 IPC) --  N/A  KHz (0.02 KHz) 
**Core 02 Thread 16 Finished:   insts:40          cycles:1885       (37680)  seconds:2     -- 0.02 IPC (0.02 IPC) --  N/A  KHz (0.02 KHz) 
**Core 02 Thread 21 Finished:   insts:39          cycles:1886       (37700)  seconds:2     -- 0.02 IPC (0.02 IPC) --  N/A  KHz (0.02 KHz) 
**Core 02 Thread 22 Finished:   insts:39          cycles:1887       (37720)  seconds:2     -- 0.02 IPC (0.02 IPC) --  N/A  KHz (0.02 KHz) 
**Core 02 Thread 23 Finished:   insts:39          cycles:1888       (37740)  seconds:2     -- 0.02 IPC (0.02 IPC) --  N/A  KHz (0.02 KHz) 
**Core 02 Core_Total  Finished:   insts:633         cycles:1888       (37740) seconds:2     -- 0.34 IPC (0.34 IPC) --  N/A  KHz (0.32 KHz)
**Core 03 Thread 18 Finished:   insts:39          cycles:1889       (37760)  seconds:2     -- 0.02 IPC (0.02 IPC) --  N/A  KHz (0.02 KHz) 
**Core 03 Thread 19 Finished:   insts:39          cycles:1890       (37780)  seconds:2     -- 0.02 IPC (0.02 IPC) --  N/A  KHz (0.02 KHz) 
**Core 03 Thread 20 Finished:   insts:39          cycles:1891       (37800)  seconds:2     -- 0.02 IPC (0.02 IPC) --  N/A  KHz (0.02 KHz) 
**Core 03 Thread 21 Finished:   insts:39          cycles:1893       (37840)  seconds:2     -- 0.02 IPC (0.02 IPC) --  N/A  KHz (0.02 KHz) 
**Core 03 Thread 22 Finished:   insts:39          cycles:1894       (37860)  seconds:2     -- 0.02 IPC (0.02 IPC) --  N/A  KHz (0.02 KHz) 
**Core 03 Thread 23 Finished:   insts:39          cycles:1895       (37880)  seconds:2     -- 0.02 IPC (0.02 IPC) --  N/A  KHz (0.02 KHz) 
**Core 03 Thread 16 Finished:   insts:40          cycles:1906       (38100)  seconds:2     -- 0.02 IPC (0.02 IPC) --  N/A  KHz (0.02 KHz) 
src/process_manager.cc:434: (I=20  C=38100):  setup_process:0 /benchrun/macsim/cuda6-transpose/sm86_a6000/input-repeat1-dimx32-dimy32/results/traces/_Z13copySharedMemPfS_ii_1/Trace.txt current_index:3 (16)
trace:/benchrun/macsim/cuda6-transpose/sm86_a6000/input-repeat1-dimx32-dimy32/results/traces/_Z13copySharedMemPfS_ii_1/Trace.txt is opened 
src/process_manager.cc:541: (I=20  C=38100):  thread_count:32
**Core 03 Thread 25 Finished:   insts:39          cycles:2520       (50380)  seconds:2     -- 0.02 IPC (0.02 IPC) --  N/A  KHz (0.02 KHz) 
**Core 00 Thread 25 Finished:   insts:39          cycles:2521       (50400)  seconds:2     -- 0.02 IPC (0.02 IPC) --  N/A  KHz (0.02 KHz) 
**Core 01 Thread 25 Finished:   insts:39          cycles:2522       (50420)  seconds:2     -- 0.02 IPC (0.02 IPC) --  N/A  KHz (0.02 KHz) 
**Core 00 Thread 26 Finished:   insts:39          cycles:2523       (50440)  seconds:2     -- 0.02 IPC (0.02 IPC) --  N/A  KHz (0.02 KHz) 
**Core 01 Thread 26 Finished:   insts:39          cycles:2524       (50460)  seconds:2     -- 0.02 IPC (0.02 IPC) --  N/A  KHz (0.02 KHz) 
**Core 00 Thread 27 Finished:   insts:39          cycles:2525       (50480)  seconds:2     -- 0.02 IPC (0.02 IPC) --  N/A  KHz (0.02 KHz) 
**Core 01 Thread 27 Finished:   insts:39          cycles:2526       (50500)  seconds:2     -- 0.02 IPC (0.02 IPC) --  N/A  KHz (0.02 KHz) 
**Core 02 Thread 25 Finished:   insts:39          cycles:2527       (50520)  seconds:2     -- 0.02 IPC (0.02 IPC) --  N/A  KHz (0.02 KHz) 
**Core 00 Thread 28 Finished:   insts:39          cycles:2528       (50540)  seconds:2     -- 0.02 IPC (0.02 IPC) --  N/A  KHz (0.02 KHz) 
**Core 00 Thread 29 Finished:   insts:39          cycles:2529       (50560)  seconds:2     -- 0.02 IPC (0.02 IPC) --  N/A  KHz (0.02 KHz) 
**Core 01 Thread 28 Finished:   insts:39          cycles:2531       (50600)  seconds:2     -- 0.02 IPC (0.02 IPC) --  N/A  KHz (0.02 KHz) 
**Core 00 Thread 30 Finished:   insts:39          cycles:2532       (50620)  seconds:2     -- 0.02 IPC (0.02 IPC) --  N/A  KHz (0.02 KHz) 
**Core 01 Thread 29 Finished:   insts:39          cycles:2533       (50640)  seconds:2     -- 0.02 IPC (0.02 IPC) --  N/A  KHz (0.02 KHz) 
**Core 00 Thread 31 Finished:   insts:39          cycles:2534       (50660)  seconds:2     -- 0.02 IPC (0.02 IPC) --  N/A  KHz (0.02 KHz) 
**Core 01 Thread 30 Finished:   insts:39          cycles:2536       (50700)  seconds:2     -- 0.02 IPC (0.02 IPC) --  N/A  KHz (0.02 KHz) 
**Core 00 Thread 24 Finished:   insts:40          cycles:2537       (50720)  seconds:2     -- 0.02 IPC (0.02 IPC) --  N/A  KHz (0.02 KHz) 
**Core 00 Core_Total  Finished:   insts:946         cycles:2537       (50720) seconds:2     -- 0.37 IPC (0.37 IPC) --  N/A  KHz (0.47 KHz)
**Core 01 Thread 31 Finished:   insts:39          cycles:2540       (50780)  seconds:2     -- 0.02 IPC (0.02 IPC) --  N/A  KHz (0.02 KHz) 
**Core 01 Thread 24 Finished:   insts:40          cycles:2545       (50880)  seconds:2     -- 0.02 IPC (0.02 IPC) --  N/A  KHz (0.02 KHz) 
**Core 01 Core_Total  Finished:   insts:946         cycles:2545       (50880) seconds:2     -- 0.37 IPC (0.37 IPC) --  N/A  KHz (0.47 KHz)
**Core 02 Thread 26 Finished:   insts:39          cycles:2550       (50980)  seconds:2     -- 0.02 IPC (0.02 IPC) --  N/A  KHz (0.02 KHz) 
**Core 02 Thread 27 Finished:   insts:39          cycles:2553       (51040)  seconds:2     -- 0.02 IPC (0.02 IPC) --  N/A  KHz (0.02 KHz) 
**Core 02 Thread 28 Finished:   insts:39          cycles:2554       (51060)  seconds:2     -- 0.02 IPC (0.02 IPC) --  N/A  KHz (0.02 KHz) 
**Core 02 Thread 29 Finished:   insts:39          cycles:2556       (51100)  seconds:2     -- 0.02 IPC (0.02 IPC) --  N/A  KHz (0.02 KHz) 
**Core 02 Thread 30 Finished:   insts:39          cycles:2557       (51120)  seconds:2     -- 0.02 IPC (0.02 IPC) --  N/A  KHz (0.02 KHz) 
**Core 02 Thread 31 Finished:   insts:39          cycles:2558       (51140)  seconds:2     -- 0.02 IPC (0.02 IPC) --  N/A  KHz (0.02 KHz) 
**Core 02 Thread 24 Finished:   insts:40          cycles:2559       (51160)  seconds:2     -- 0.02 IPC (0.02 IPC) --  N/A  KHz (0.02 KHz) 
**Core 02 Core_Total  Finished:   insts:946         cycles:2559       (51160) seconds:2     -- 0.37 IPC (0.37 IPC) --  N/A  KHz (0.47 KHz)
**Core 03 Thread 28 Finished:   insts:39          cycles:2560       (51180)  seconds:2     -- 0.02 IPC (0.02 IPC) --  N/A  KHz (0.02 KHz) 
**Core 03 Thread 26 Finished:   insts:39          cycles:2561       (51200)  seconds:2     -- 0.02 IPC (0.02 IPC) --  N/A  KHz (0.02 KHz) 
**Core 03 Thread 27 Finished:   insts:39          cycles:2562       (51220)  seconds:2     -- 0.02 IPC (0.02 IPC) --  N/A  KHz (0.02 KHz) 
**Core 03 Thread 24 Finished:   insts:40          cycles:2563       (51240)  seconds:2     -- 0.02 IPC (0.02 IPC) --  N/A  KHz (0.02 KHz) 
**Core 03 Thread 29 Finished:   insts:39          cycles:2565       (51280)  seconds:2     -- 0.02 IPC (0.02 IPC) --  N/A  KHz (0.02 KHz) 
**Core 03 Thread 30 Finished:   insts:39          cycles:2566       (51300)  seconds:2     -- 0.02 IPC (0.02 IPC) --  N/A  KHz (0.02 KHz) 
**Core 03 Thread 31 Finished:   insts:39          cycles:2569       (51360)  seconds:2     -- 0.02 IPC (0.02 IPC) --  N/A  KHz (0.02 KHz) 
src/process_manager.cc:434: (I=20  C=51360):  setup_process:0 /benchrun/macsim/cuda6-transpose/sm86_a6000/input-repeat1-dimx32-dimy32/results/traces/_Z14transposeNaivePfS_ii_0/Trace.txt current_index:4 (16)
trace:/benchrun/macsim/cuda6-transpose/sm86_a6000/input-repeat1-dimx32-dimy32/results/traces/_Z14transposeNaivePfS_ii_0/Trace.txt is opened 
src/process_manager.cc:541: (I=20  C=51360):  thread_count:32
**Core 00 Thread 32 Finished:   insts:25          cycles:2957       (59120)  seconds:2     -- 0.01 IPC (0.01 IPC) --  N/A  KHz (0.01 KHz) 
**Core 00 Thread 33 Finished:   insts:25          cycles:2981       (59600)  seconds:2     -- 0.01 IPC (0.01 IPC) --  N/A  KHz (0.01 KHz) 
**Core 00 Thread 34 Finished:   insts:25          cycles:2990       (59780)  seconds:2     -- 0.01 IPC (0.01 IPC) --  N/A  KHz (0.01 KHz) 
**Core 00 Thread 38 Finished:   insts:25          cycles:3015       (60280)  seconds:2     -- 0.01 IPC (0.01 IPC) --  N/A  KHz (0.01 KHz) 
**Core 00 Thread 35 Finished:   insts:25          cycles:3023       (60440)  seconds:2     -- 0.01 IPC (0.01 IPC) --  N/A  KHz (0.01 KHz) 
**Core 00 Thread 36 Finished:   insts:25          cycles:3048       (60940)  seconds:2     -- 0.01 IPC (0.01 IPC) --  N/A  KHz (0.01 KHz) 
**Core 00 Thread 37 Finished:   insts:25          cycles:3057       (61120)  seconds:2     -- 0.01 IPC (0.01 IPC) --  N/A  KHz (0.01 KHz) 
**Core 00 Thread 39 Finished:   insts:25          cycles:3082       (61620)  seconds:2     -- 0.01 IPC (0.01 IPC) --  N/A  KHz (0.01 KHz) 
**Core 00 Core_Total  Finished:   insts:1146        cycles:3082       (61620) seconds:2     -- 0.37 IPC (0.37 IPC) --  N/A  KHz (0.57 KHz)
**Core 01 Thread 32 Finished:   insts:25          cycles:3087       (61720)  seconds:2     -- 0.01 IPC (0.01 IPC) --  N/A  KHz (0.01 KHz) 
**Core 01 Thread 35 Finished:   insts:25          cycles:3111       (62200)  seconds:2     -- 0.01 IPC (0.01 IPC) --  N/A  KHz (0.01 KHz) 
**Core 01 Thread 33 Finished:   insts:25          cycles:3121       (62400)  seconds:2     -- 0.01 IPC (0.01 IPC) --  N/A  KHz (0.01 KHz) 
**Core 01 Thread 37 Finished:   insts:25          cycles:3145       (62880)  seconds:2     -- 0.01 IPC (0.01 IPC) --  N/A  KHz (0.01 KHz) 
**Core 01 Thread 34 Finished:   insts:25          cycles:3155       (63080)  seconds:2     -- 0.01 IPC (0.01 IPC) --  N/A  KHz (0.01 KHz) 
**Core 01 Thread 39 Finished:   insts:25          cycles:3177       (63520)  seconds:2     -- 0.01 IPC (0.01 IPC) --  N/A  KHz (0.01 KHz) 
**Core 01 Thread 36 Finished:   insts:25          cycles:3187       (63720)  seconds:2     -- 0.01 IPC (0.01 IPC) --  N/A  KHz (0.01 KHz) 
**Core 01 Thread 38 Finished:   insts:25          cycles:3208       (64140)  seconds:2     -- 0.01 IPC (0.01 IPC) --  N/A  KHz (0.01 KHz) 
**Core 01 Core_Total  Finished:   insts:1146        cycles:3208       (64140) seconds:2     -- 0.36 IPC (0.36 IPC) --  N/A  KHz (0.57 KHz)
**Core 02 Thread 32 Finished:   insts:25          cycles:3217       (64320)  seconds:2     -- 0.01 IPC (0.01 IPC) --  N/A  KHz (0.01 KHz) 
**Core 02 Thread 34 Finished:   insts:25          cycles:3235       (64680)  seconds:2     -- 0.01 IPC (0.01 IPC) --  N/A  KHz (0.01 KHz) 
**Core 02 Thread 35 Finished:   insts:25          cycles:3249       (64960)  seconds:2     -- 0.01 IPC (0.01 IPC) --  N/A  KHz (0.01 KHz) 
**Core 02 Thread 36 Finished:   insts:25          cycles:3266       (65300)  seconds:2     -- 0.01 IPC (0.01 IPC) --  N/A  KHz (0.01 KHz) 
**Core 02 Thread 33 Finished:   insts:25          cycles:3281       (65600)  seconds:2     -- 0.01 IPC (0.01 IPC) --  N/A  KHz (0.01 KHz) 
**Core 02 Thread 38 Finished:   insts:25          cycles:3297       (65920)  seconds:2     -- 0.01 IPC (0.01 IPC) --  N/A  KHz (0.01 KHz) 
**Core 02 Thread 39 Finished:   insts:25          cycles:3315       (66280)  seconds:2     -- 0.01 IPC (0.01 IPC) --  N/A  KHz (0.01 KHz) 
**Core 02 Thread 37 Finished:   insts:25          cycles:3333       (66640)  seconds:2     -- 0.01 IPC (0.01 IPC) --  N/A  KHz (0.01 KHz) 
**Core 02 Core_Total  Finished:   insts:1146        cycles:3333       (66640) seconds:2     -- 0.34 IPC (0.34 IPC) --  N/A  KHz (0.57 KHz)
**Core 03 Thread 32 Finished:   insts:25          cycles:3340       (66780)  seconds:2     -- 0.01 IPC (0.01 IPC) --  N/A  KHz (0.01 KHz) 
**Core 03 Thread 33 Finished:   insts:25          cycles:3351       (67000)  seconds:2     -- 0.01 IPC (0.01 IPC) --  N/A  KHz (0.01 KHz) 
**Core 03 Thread 34 Finished:   insts:25          cycles:3371       (67400)  seconds:2     -- 0.01 IPC (0.01 IPC) --  N/A  KHz (0.01 KHz) 
**Core 03 Thread 35 Finished:   insts:25          cycles:3383       (67640)  seconds:2     -- 0.01 IPC (0.01 IPC) --  N/A  KHz (0.01 KHz) 
**Core 03 Thread 36 Finished:   insts:25          cycles:3402       (68020)  seconds:2     -- 0.01 IPC (0.01 IPC) --  N/A  KHz (0.01 KHz) 
**Core 03 Thread 37 Finished:   insts:25          cycles:3417       (68320)  seconds:2     -- 0.01 IPC (0.01 IPC) --  N/A  KHz (0.01 KHz) 
**Core 03 Thread 38 Finished:   insts:25          cycles:3434       (68660)  seconds:2     -- 0.01 IPC (0.01 IPC) --  N/A  KHz (0.01 KHz) 
**Core 03 Thread 39 Finished:   insts:25          cycles:3447       (68920)  seconds:2     -- 0.01 IPC (0.01 IPC) --  N/A  KHz (0.01 KHz) 
src/process_manager.cc:434: (I=20  C=68920):  setup_process:0 /benchrun/macsim/cuda6-transpose/sm86_a6000/input-repeat1-dimx32-dimy32/results/traces/_Z14transposeNaivePfS_ii_1/Trace.txt current_index:5 (16)
trace:/benchrun/macsim/cuda6-transpose/sm86_a6000/input-repeat1-dimx32-dimy32/results/traces/_Z14transposeNaivePfS_ii_1/Trace.txt is opened 
src/process_manager.cc:541: (I=20  C=68920):  thread_count:32
**Core 00 Thread 40 Finished:   insts:25          cycles:3835       (76680)  seconds:2     -- 0.01 IPC (0.01 IPC) --  N/A  KHz (0.01 KHz) 
**Core 00 Thread 41 Finished:   insts:25          cycles:3853       (77040)  seconds:2     -- 0.01 IPC (0.01 IPC) --  N/A  KHz (0.01 KHz) 
**Core 00 Thread 42 Finished:   insts:25          cycles:3868       (77340)  seconds:2     -- 0.01 IPC (0.01 IPC) --  N/A  KHz (0.01 KHz) 
**Core 00 Thread 43 Finished:   insts:25          cycles:3889       (77760)  seconds:2     -- 0.01 IPC (0.01 IPC) --  N/A  KHz (0.01 KHz) 
**Core 00 Thread 47 Finished:   insts:25          cycles:3902       (78020)  seconds:2     -- 0.01 IPC (0.01 IPC) --  N/A  KHz (0.01 KHz) 
**Core 00 Thread 44 Finished:   insts:25          cycles:3922       (78420)  seconds:2     -- 0.01 IPC (0.01 IPC) --  N/A  KHz (0.01 KHz) 
**Core 00 Thread 45 Finished:   insts:25          cycles:3935       (78680)  seconds:2     -- 0.01 IPC (0.01 IPC) --  N/A  KHz (0.01 KHz) 
**Core 00 Thread 46 Finished:   insts:25          cycles:3956       (79100)  seconds:2     -- 0.01 IPC (0.01 IPC) --  N/A  KHz (0.01 KHz) 
**Core 00 Core_Total  Finished:   insts:1346        cycles:3956       (79100) seconds:2     -- 0.34 IPC (0.34 IPC) --  N/A  KHz (0.67 KHz)
**Core 01 Thread 40 Finished:   insts:25          cycles:3965       (79280)  seconds:2     -- 0.01 IPC (0.01 IPC) --  N/A  KHz (0.01 KHz) 
**Core 01 Thread 42 Finished:   insts:25          cycles:3986       (79700)  seconds:2     -- 0.01 IPC (0.01 IPC) --  N/A  KHz (0.01 KHz) 
**Core 01 Thread 43 Finished:   insts:25          cycles:3999       (79960)  seconds:2     -- 0.01 IPC (0.01 IPC) --  N/A  KHz (0.01 KHz) 
**Core 01 Thread 44 Finished:   insts:25          cycles:4017       (80320)  seconds:2     -- 0.01 IPC (0.01 IPC) --  N/A  KHz (0.01 KHz) 
**Core 01 Thread 41 Finished:   insts:25          cycles:4031       (80600)  seconds:2     -- 0.01 IPC (0.01 IPC) --  N/A  KHz (0.01 KHz) 
**Core 01 Thread 46 Finished:   insts:25          cycles:4049       (80960)  seconds:2     -- 0.01 IPC (0.01 IPC) --  N/A  KHz (0.01 KHz) 
**Core 01 Thread 47 Finished:   insts:25          cycles:4066       (81300)  seconds:2     -- 0.01 IPC (0.01 IPC) --  N/A  KHz (0.01 KHz) 
**Core 01 Thread 45 Finished:   insts:25          cycles:4083       (81640)  seconds:2     -- 0.01 IPC (0.01 IPC) --  N/A  KHz (0.01 KHz) 
**Core 01 Core_Total  Finished:   insts:1346        cycles:4083       (81640) seconds:2     -- 0.33 IPC (0.33 IPC) --  N/A  KHz (0.67 KHz)
**Core 02 Thread 40 Finished:   insts:25          cycles:4092       (81820)  seconds:2     -- 0.01 IPC (0.01 IPC) --  N/A  KHz (0.01 KHz) 
**Core 02 Thread 41 Finished:   insts:25          cycles:4109       (82160)  seconds:2     -- 0.01 IPC (0.01 IPC) --  N/A  KHz (0.01 KHz) 
**Core 02 Thread 42 Finished:   insts:25          cycles:4125       (82480)  seconds:2     -- 0.01 IPC (0.01 IPC) --  N/A  KHz (0.01 KHz) 
**Core 02 Thread 43 Finished:   insts:25          cycles:4144       (82860)  seconds:2     -- 0.01 IPC (0.01 IPC) --  N/A  KHz (0.01 KHz) 
**Core 02 Thread 44 Finished:   insts:25          cycles:4157       (83120)  seconds:2     -- 0.01 IPC (0.01 IPC) --  N/A  KHz (0.01 KHz) 
**Core 02 Thread 45 Finished:   insts:25          cycles:4176       (83500)  seconds:2     -- 0.01 IPC (0.01 IPC) --  N/A  KHz (0.01 KHz) 
**Core 02 Thread 46 Finished:   insts:25          cycles:4188       (83740)  seconds:2     -- 0.01 IPC (0.01 IPC) --  N/A  KHz (0.01 KHz) 
**Core 02 Thread 47 Finished:   insts:25          cycles:4208       (84140)  seconds:2     -- 0.01 IPC (0.01 IPC) --  N/A  KHz (0.01 KHz) 
**Core 02 Core_Total  Finished:   insts:1346        cycles:4208       (84140) seconds:2     -- 0.32 IPC (0.32 IPC) --  N/A  KHz (0.67 KHz)
**Core 03 Thread 40 Finished:   insts:25          cycles:4213       (84240)  seconds:2     -- 0.01 IPC (0.01 IPC) --  N/A  KHz (0.01 KHz) 
**Core 03 Thread 41 Finished:   insts:25          cycles:4236       (84700)  seconds:2     -- 0.01 IPC (0.01 IPC) --  N/A  KHz (0.01 KHz) 
**Core 03 Thread 42 Finished:   insts:25          cycles:4246       (84900)  seconds:2     -- 0.01 IPC (0.01 IPC) --  N/A  KHz (0.01 KHz) 
**Core 03 Thread 43 Finished:   insts:25          cycles:4267       (85320)  seconds:2     -- 0.01 IPC (0.01 IPC) --  N/A  KHz (0.01 KHz) 
**Core 03 Thread 44 Finished:   insts:25          cycles:4278       (85540)  seconds:2     -- 0.01 IPC (0.01 IPC) --  N/A  KHz (0.01 KHz) 
**Core 03 Thread 45 Finished:   insts:25          cycles:4298       (85940)  seconds:2     -- 0.01 IPC (0.01 IPC) --  N/A  KHz (0.01 KHz) 
**Core 03 Thread 46 Finished:   insts:25          cycles:4310       (86180)  seconds:2     -- 0.01 IPC (0.01 IPC) --  N/A  KHz (0.01 KHz) 
**Core 03 Thread 47 Finished:   insts:25          cycles:4328       (86540)  seconds:2     -- 0.01 IPC (0.01 IPC) --  N/A  KHz (0.01 KHz) 
src/process_manager.cc:434: (I=20  C=86540):  setup_process:0 /benchrun/macsim/cuda6-transpose/sm86_a6000/input-repeat1-dimx32-dimy32/results/traces/_Z18transposeCoalescedPfS_ii_0/Trace.txt current_index:6 (16)
trace:/benchrun/macsim/cuda6-transpose/sm86_a6000/input-repeat1-dimx32-dimy32/results/traces/_Z18transposeCoalescedPfS_ii_0/Trace.txt is opened 
src/process_manager.cc:541: (I=20  C=86540):  thread_count:32
**Core 03 Thread 48 Finished:   insts:39          cycles:4958       (99140)  seconds:2     -- 0.01 IPC (0.01 IPC) --  N/A  KHz (0.02 KHz) 
**Core 01 Thread 48 Finished:   insts:39          cycles:4959       (99160)  seconds:2     -- 0.01 IPC (0.01 IPC) --  N/A  KHz (0.02 KHz) 
**Core 02 Thread 48 Finished:   insts:39          cycles:4960       (99180)  seconds:2     -- 0.01 IPC (0.01 IPC) --  N/A  KHz (0.02 KHz) 
**Core 01 Thread 49 Finished:   insts:39          cycles:4961       (99200)  seconds:2     -- 0.01 IPC (0.01 IPC) --  N/A  KHz (0.02 KHz) 
**Core 02 Thread 49 Finished:   insts:39          cycles:4962       (99220)  seconds:2     -- 0.01 IPC (0.01 IPC) --  N/A  KHz (0.02 KHz) 
**Core 03 Thread 49 Finished:   insts:39          cycles:4963       (99240)  seconds:2     -- 0.01 IPC (0.01 IPC) --  N/A  KHz (0.02 KHz) 
**Core 02 Thread 50 Finished:   insts:39          cycles:4964       (99260)  seconds:2     -- 0.01 IPC (0.01 IPC) --  N/A  KHz (0.02 KHz) 
**Core 00 Thread 48 Finished:   insts:39          cycles:4965       (99280)  seconds:2     -- 0.01 IPC (0.01 IPC) --  N/A  KHz (0.02 KHz) 
**Core 01 Thread 50 Finished:   insts:39          cycles:4967       (99320)  seconds:2     -- 0.01 IPC (0.01 IPC) --  N/A  KHz (0.02 KHz) 
**Core 00 Thread 49 Finished:   insts:39          cycles:4968       (99340)  seconds:2     -- 0.01 IPC (0.01 IPC) --  N/A  KHz (0.02 KHz) 
**Core 01 Thread 51 Finished:   insts:39          cycles:4969       (99360)  seconds:2     -- 0.01 IPC (0.01 IPC) --  N/A  KHz (0.02 KHz) 
**Core 00 Thread 51 Finished:   insts:39          cycles:4970       (99380)  seconds:2     -- 0.01 IPC (0.01 IPC) --  N/A  KHz (0.02 KHz) 
**Core 01 Thread 52 Finished:   insts:39          cycles:4972       (99420)  seconds:2     -- 0.01 IPC (0.01 IPC) --  N/A  KHz (0.02 KHz) 
**Core 00 Thread 52 Finished:   insts:39          cycles:4973       (99440)  seconds:2     -- 0.01 IPC (0.01 IPC) --  N/A  KHz (0.02 KHz) 
**Core 01 Thread 55 Finished:   insts:39          cycles:4974       (99460)  seconds:2     -- 0.01 IPC (0.01 IPC) --  N/A  KHz (0.02 KHz) 
**Core 00 Thread 53 Finished:   insts:39          cycles:4975       (99480)  seconds:2     -- 0.01 IPC (0.01 IPC) --  N/A  KHz (0.02 KHz) 
**Core 00 Thread 50 Finished:   insts:39          cycles:4976       (99500)  seconds:2     -- 0.01 IPC (0.01 IPC) --  N/A  KHz (0.02 KHz) 
**Core 00 Thread 55 Finished:   insts:39          cycles:4981       (99600)  seconds:2     -- 0.01 IPC (0.01 IPC) --  N/A  KHz (0.02 KHz) 
**Core 00 Thread 54 Finished:   insts:39          cycles:4986       (99700)  seconds:2     -- 0.01 IPC (0.01 IPC) --  N/A  KHz (0.02 KHz) 
**Core 00 Core_Total  Finished:   insts:1658        cycles:4986       (99700) seconds:2     -- 0.33 IPC (0.33 IPC) --  N/A  KHz (0.83 KHz)
**Core 01 Thread 53 Finished:   insts:39          cycles:4992       (99820)  seconds:2     -- 0.01 IPC (0.01 IPC) --  N/A  KHz (0.02 KHz) 
**Core 01 Thread 54 Finished:   insts:39          cycles:4993       (99840)  seconds:2     -- 0.01 IPC (0.01 IPC) --  N/A  KHz (0.02 KHz) 
**Core 01 Core_Total  Finished:   insts:1658        cycles:4993       (99840) seconds:2     -- 0.33 IPC (0.33 IPC) --  N/A  KHz (0.83 KHz)
**Core 02 Thread 52 Finished:   insts:39          cycles:4994       (99860)  seconds:2     -- 0.01 IPC (0.01 IPC) --  N/A  KHz (0.02 KHz) 
**Core 02 Thread 53 Finished:   insts:39          cycles:4995       (99880)  seconds:2     -- 0.01 IPC (0.01 IPC) --  N/A  KHz (0.02 KHz) 
**Core 02 Thread 54 Finished:   insts:39          cycles:4996       (99900)  seconds:2     -- 0.01 IPC (0.01 IPC) --  N/A  KHz (0.02 KHz) 
**Core 02 Thread 51 Finished:   insts:39          cycles:4997       (99920)  seconds:2     -- 0.01 IPC (0.01 IPC) --  N/A  KHz (0.02 KHz) 
**Core 02 Thread 55 Finished:   insts:39          cycles:4998       (99940)  seconds:2     -- 0.01 IPC (0.01 IPC) --  N/A  KHz (0.02 KHz) 
**Core 02 Core_Total  Finished:   insts:1658        cycles:4998       (99940) seconds:2     -- 0.33 IPC (0.33 IPC) --  N/A  KHz (0.83 KHz)
**Core 03 Thread 50 Finished:   insts:39          cycles:4999       (99960)  seconds:2     -- 0.01 IPC (0.01 IPC) --  N/A  KHz (0.02 KHz) 
**Core 03 Thread 51 Finished:   insts:39          cycles:5001       (100000)  seconds:2     -- 0.01 IPC (0.01 IPC) --  N/A  KHz (0.02 KHz) 
**Core 03 Thread 52 Finished:   insts:39          cycles:5002       (100020)  seconds:2     -- 0.01 IPC (0.01 IPC) --  N/A  KHz (0.02 KHz) 
**Core 03 Thread 55 Finished:   insts:39          cycles:5003       (100040)  seconds:2     -- 0.01 IPC (0.01 IPC) --  N/A  KHz (0.02 KHz) 
**Core 03 Thread 53 Finished:   insts:39          cycles:5004       (100060)  seconds:2     -- 0.01 IPC (0.01 IPC) --  N/A  KHz (0.02 KHz) 
**Core 03 Thread 54 Finished:   insts:39          cycles:5005       (100080)  seconds:2     -- 0.01 IPC (0.01 IPC) --  N/A  KHz (0.02 KHz) 
src/process_manager.cc:434: (I=20  C=100080):  setup_process:0 /benchrun/macsim/cuda6-transpose/sm86_a6000/input-repeat1-dimx32-dimy32/results/traces/_Z18transposeCoalescedPfS_ii_1/Trace.txt current_index:7 (16)
trace:/benchrun/macsim/cuda6-transpose/sm86_a6000/input-repeat1-dimx32-dimy32/results/traces/_Z18transposeCoalescedPfS_ii_1/Trace.txt is opened 
src/process_manager.cc:541: (I=20  C=100080):  thread_count:32
**Core 01 Thread 56 Finished:   insts:39          cycles:5637       (112720)  seconds:2     -- 0.01 IPC (0.01 IPC) --  N/A  KHz (0.02 KHz) 
**Core 00 Thread 56 Finished:   insts:39          cycles:5638       (112740)  seconds:2     -- 0.01 IPC (0.01 IPC) --  N/A  KHz (0.02 KHz) 
**Core 01 Thread 57 Finished:   insts:39          cycles:5639       (112760)  seconds:2     -- 0.01 IPC (0.01 IPC) --  N/A  KHz (0.02 KHz) 
**Core 00 Thread 57 Finished:   insts:39          cycles:5640       (112780)  seconds:2     -- 0.01 IPC (0.01 IPC) --  N/A  KHz (0.02 KHz) 
**Core 01 Thread 58 Finished:   insts:39          cycles:5641       (112800)  seconds:2     -- 0.01 IPC (0.01 IPC) --  N/A  KHz (0.02 KHz) 
**Core 03 Thread 56 Finished:   insts:39          cycles:5642       (112820)  seconds:2     -- 0.01 IPC (0.01 IPC) --  N/A  KHz (0.02 KHz) 
**Core 01 Thread 60 Finished:   insts:39          cycles:5643       (112840)  seconds:2     -- 0.01 IPC (0.01 IPC) --  N/A  KHz (0.02 KHz) 
**Core 00 Thread 58 Finished:   insts:39          cycles:5644       (112860)  seconds:2     -- 0.01 IPC (0.01 IPC) --  N/A  KHz (0.02 KHz) 
**Core 00 Thread 59 Finished:   insts:39          cycles:5645       (112880)  seconds:2     -- 0.01 IPC (0.01 IPC) --  N/A  KHz (0.02 KHz) 
**Core 01 Thread 61 Finished:   insts:39          cycles:5647       (112920)  seconds:2     -- 0.01 IPC (0.01 IPC) --  N/A  KHz (0.02 KHz) 
**Core 01 Thread 62 Finished:   insts:39          cycles:5648       (112940)  seconds:2     -- 0.01 IPC (0.01 IPC) --  N/A  KHz (0.02 KHz) 
**Core 00 Thread 60 Finished:   insts:39          cycles:5649       (112960)  seconds:2     -- 0.01 IPC (0.01 IPC) --  N/A  KHz (0.02 KHz) 
**Core 01 Thread 59 Finished:   insts:39          cycles:5650       (112980)  seconds:2     -- 0.01 IPC (0.01 IPC) --  N/A  KHz (0.02 KHz) 
**Core 00 Thread 63 Finished:   insts:39          cycles:5652       (113020)  seconds:2     -- 0.01 IPC (0.01 IPC) --  N/A  KHz (0.02 KHz) 
**Core 00 Thread 61 Finished:   insts:39          cycles:5653       (113040)  seconds:2     -- 0.01 IPC (0.01 IPC) --  N/A  KHz (0.02 KHz) 
**Core 02 Thread 56 Finished:   insts:39          cycles:5654       (113060)  seconds:2     -- 0.01 IPC (0.01 IPC) --  N/A  KHz (0.02 KHz) 
**Core 00 Thread 62 Finished:   insts:39          cycles:5657       (113120)  seconds:2     -- 0.01 IPC (0.01 IPC) --  N/A  KHz (0.02 KHz) 
**Core 00 Core_Total  Finished:   insts:1970        cycles:5657       (113120) seconds:2     -- 0.35 IPC (0.35 IPC) --  N/A  KHz (0.98 KHz)
**Core 01 Thread 63 Finished:   insts:39          cycles:5661       (113200)  seconds:2     -- 0.01 IPC (0.01 IPC) --  N/A  KHz (0.02 KHz) 
**Core 01 Core_Total  Finished:   insts:1970        cycles:5661       (113200) seconds:2     -- 0.35 IPC (0.35 IPC) --  N/A  KHz (0.98 KHz)
**Core 02 Thread 57 Finished:   insts:39          cycles:5666       (113300)  seconds:2     -- 0.01 IPC (0.01 IPC) --  N/A  KHz (0.02 KHz) 
**Core 02 Thread 58 Finished:   insts:39          cycles:5670       (113380)  seconds:2     -- 0.01 IPC (0.01 IPC) --  N/A  KHz (0.02 KHz) 
**Core 02 Thread 61 Finished:   insts:39          cycles:5671       (113400)  seconds:2     -- 0.01 IPC (0.01 IPC) --  N/A  KHz (0.02 KHz) 
**Core 02 Thread 59 Finished:   insts:39          cycles:5673       (113440)  seconds:2     -- 0.01 IPC (0.01 IPC) --  N/A  KHz (0.02 KHz) 
**Core 02 Thread 62 Finished:   insts:39          cycles:5674       (113460)  seconds:2     -- 0.01 IPC (0.01 IPC) --  N/A  KHz (0.02 KHz) 
**Core 02 Thread 60 Finished:   insts:39          cycles:5675       (113480)  seconds:2     -- 0.01 IPC (0.01 IPC) --  N/A  KHz (0.02 KHz) 
**Core 02 Thread 63 Finished:   insts:39          cycles:5676       (113500)  seconds:2     -- 0.01 IPC (0.01 IPC) --  N/A  KHz (0.02 KHz) 
**Core 02 Core_Total  Finished:   insts:1970        cycles:5676       (113500) seconds:2     -- 0.35 IPC (0.35 IPC) --  N/A  KHz (0.98 KHz)
**Core 03 Thread 57 Finished:   insts:39          cycles:5677       (113520)  seconds:2     -- 0.01 IPC (0.01 IPC) --  N/A  KHz (0.02 KHz) 
**Core 03 Thread 58 Finished:   insts:39          cycles:5678       (113540)  seconds:2     -- 0.01 IPC (0.01 IPC) --  N/A  KHz (0.02 KHz) 
**Core 03 Thread 60 Finished:   insts:39          cycles:5679       (113560)  seconds:2     -- 0.01 IPC (0.01 IPC) --  N/A  KHz (0.02 KHz) 
**Core 03 Thread 61 Finished:   insts:39          cycles:5681       (113600)  seconds:2     -- 0.01 IPC (0.01 IPC) --  N/A  KHz (0.02 KHz) 
**Core 03 Thread 62 Finished:   insts:39          cycles:5682       (113620)  seconds:2     -- 0.01 IPC (0.01 IPC) --  N/A  KHz (0.02 KHz) 
**Core 03 Thread 59 Finished:   insts:39          cycles:5683       (113640)  seconds:2     -- 0.01 IPC (0.01 IPC) --  N/A  KHz (0.02 KHz) 
**Core 03 Thread 63 Finished:   insts:39          cycles:5686       (113700)  seconds:2     -- 0.01 IPC (0.01 IPC) --  N/A  KHz (0.02 KHz) 
src/process_manager.cc:434: (I=20  C=113700):  setup_process:0 /benchrun/macsim/cuda6-transpose/sm86_a6000/input-repeat1-dimx32-dimy32/results/traces/_Z24transposeNoBankConflictsPfS_ii_0/Trace.txt current_index:8 (16)
trace:/benchrun/macsim/cuda6-transpose/sm86_a6000/input-repeat1-dimx32-dimy32/results/traces/_Z24transposeNoBankConflictsPfS_ii_0/Trace.txt is opened 
src/process_manager.cc:541: (I=20  C=113700):  thread_count:32
**Core 00 Thread 65 Finished:   insts:39          cycles:6317       (126320)  seconds:2     -- 0.01 IPC (0.01 IPC) --  N/A  KHz (0.02 KHz) 
**Core 01 Thread 66 Finished:   insts:39          cycles:6320       (126380)  seconds:2     -- 0.01 IPC (0.01 IPC) --  N/A  KHz (0.02 KHz) 
**Core 03 Thread 67 Finished:   insts:39          cycles:6320       (126380)  seconds:2     -- 0.01 IPC (0.01 IPC) --  N/A  KHz (0.02 KHz) 
**Core 02 Thread 67 Finished:   insts:39          cycles:6321       (126400)  seconds:2     -- 0.01 IPC (0.01 IPC) --  N/A  KHz (0.02 KHz) 
**Core 01 Thread 64 Finished:   insts:39          cycles:6324       (126460)  seconds:2     -- 0.01 IPC (0.01 IPC) --  N/A  KHz (0.02 KHz) 
**Core 00 Thread 67 Finished:   insts:39          cycles:6325       (126480)  seconds:2     -- 0.01 IPC (0.01 IPC) --  N/A  KHz (0.02 KHz) 
**Core 02 Thread 65 Finished:   insts:39          cycles:6325       (126480)  seconds:2     -- 0.01 IPC (0.01 IPC) --  N/A  KHz (0.02 KHz) 
**Core 03 Thread 65 Finished:   insts:39          cycles:6325       (126480)  seconds:2     -- 0.01 IPC (0.01 IPC) --  N/A  KHz (0.02 KHz) 
**Core 00 Thread 71 Finished:   insts:39          cycles:6333       (126640)  seconds:2     -- 0.01 IPC (0.01 IPC) --  N/A  KHz (0.02 KHz) 
**Core 00 Thread 64 Finished:   insts:39          cycles:6333       (126640)  seconds:2     -- 0.01 IPC (0.01 IPC) --  N/A  KHz (0.02 KHz) 
**Core 02 Thread 69 Finished:   insts:39          cycles:6337       (126720)  seconds:2     -- 0.01 IPC (0.01 IPC) --  N/A  KHz (0.02 KHz) 
**Core 00 Thread 69 Finished:   insts:39          cycles:6342       (126820)  seconds:2     -- 0.01 IPC (0.01 IPC) --  N/A  KHz (0.02 KHz) 
**Core 00 Thread 68 Finished:   insts:39          cycles:6343       (126840)  seconds:2     -- 0.01 IPC (0.01 IPC) --  N/A  KHz (0.02 KHz) 
**Core 00 Thread 66 Finished:   insts:39          cycles:6344       (126860)  seconds:2     -- 0.01 IPC (0.01 IPC) --  N/A  KHz (0.02 KHz) 
**Core 00 Thread 70 Finished:   insts:39          cycles:6345       (126880)  seconds:2     -- 0.01 IPC (0.01 IPC) --  N/A  KHz (0.02 KHz) 
**Core 00 Core_Total  Finished:   insts:2282        cycles:6345       (126880) seconds:2     -- 0.36 IPC (0.36 IPC) --  N/A  KHz (1.14 KHz)
**Core 01 Thread 70 Finished:   insts:39          cycles:6347       (126920)  seconds:2     -- 0.01 IPC (0.01 IPC) --  N/A  KHz (0.02 KHz) 
**Core 01 Thread 68 Finished:   insts:39          cycles:6348       (126940)  seconds:2     -- 0.01 IPC (0.01 IPC) --  N/A  KHz (0.02 KHz) 
**Core 01 Thread 65 Finished:   insts:39          cycles:6349       (126960)  seconds:2     -- 0.01 IPC (0.01 IPC) --  N/A  KHz (0.02 KHz) 
**Core 01 Thread 69 Finished:   insts:39          cycles:6350       (126980)  seconds:2     -- 0.01 IPC (0.01 IPC) --  N/A  KHz (0.02 KHz) 
**Core 01 Thread 67 Finished:   insts:39          cycles:6351       (127000)  seconds:2     -- 0.01 IPC (0.01 IPC) --  N/A  KHz (0.02 KHz) 
**Core 01 Thread 71 Finished:   insts:39          cycles:6353       (127040)  seconds:2     -- 0.01 IPC (0.01 IPC) --  N/A  KHz (0.02 KHz) 
**Core 01 Core_Total  Finished:   insts:2282        cycles:6353       (127040) seconds:2     -- 0.36 IPC (0.36 IPC) --  N/A  KHz (1.14 KHz)
**Core 02 Thread 71 Finished:   insts:39          cycles:6354       (127060)  seconds:2     -- 0.01 IPC (0.01 IPC) --  N/A  KHz (0.02 KHz) 
**Core 02 Thread 66 Finished:   insts:39          cycles:6355       (127080)  seconds:2     -- 0.01 IPC (0.01 IPC) --  N/A  KHz (0.02 KHz) 
**Core 02 Thread 64 Finished:   insts:39          cycles:6356       (127100)  seconds:2     -- 0.01 IPC (0.01 IPC) --  N/A  KHz (0.02 KHz) 
**Core 02 Thread 70 Finished:   insts:39          cycles:6361       (127200)  seconds:2     -- 0.01 IPC (0.01 IPC) --  N/A  KHz (0.02 KHz) 
**Core 02 Thread 68 Finished:   insts:39          cycles:6366       (127300)  seconds:2     -- 0.01 IPC (0.01 IPC) --  N/A  KHz (0.02 KHz) 
**Core 02 Core_Total  Finished:   insts:2282        cycles:6366       (127300) seconds:2     -- 0.36 IPC (0.36 IPC) --  N/A  KHz (1.14 KHz)
**Core 03 Thread 69 Finished:   insts:39          cycles:6371       (127400)  seconds:2     -- 0.01 IPC (0.01 IPC) --  N/A  KHz (0.02 KHz) 
**Core 03 Thread 71 Finished:   insts:39          cycles:6372       (127420)  seconds:2     -- 0.01 IPC (0.01 IPC) --  N/A  KHz (0.02 KHz) 
**Core 03 Thread 66 Finished:   insts:39          cycles:6373       (127440)  seconds:2     -- 0.01 IPC (0.01 IPC) --  N/A  KHz (0.02 KHz) 
**Core 03 Thread 64 Finished:   insts:39          cycles:6374       (127460)  seconds:2     -- 0.01 IPC (0.01 IPC) --  N/A  KHz (0.02 KHz) 
**Core 03 Thread 70 Finished:   insts:39          cycles:6376       (127500)  seconds:2     -- 0.01 IPC (0.01 IPC) --  N/A  KHz (0.02 KHz) 
**Core 03 Thread 68 Finished:   insts:39          cycles:6377       (127520)  seconds:2     -- 0.01 IPC (0.01 IPC) --  N/A  KHz (0.02 KHz) 
src/process_manager.cc:434: (I=20  C=127520):  setup_process:0 /benchrun/macsim/cuda6-transpose/sm86_a6000/input-repeat1-dimx32-dimy32/results/traces/_Z24transposeNoBankConflictsPfS_ii_1/Trace.txt current_index:9 (16)
trace:/benchrun/macsim/cuda6-transpose/sm86_a6000/input-repeat1-dimx32-dimy32/results/traces/_Z24transposeNoBankConflictsPfS_ii_1/Trace.txt is opened 
src/process_manager.cc:541: (I=20  C=127520):  thread_count:32
**Core 03 Thread 74 Finished:   insts:39          cycles:7010       (140180)  seconds:2     -- 0.01 IPC (0.01 IPC) --  N/A  KHz (0.02 KHz) 
**Core 02 Thread 75 Finished:   insts:39          cycles:7012       (140220)  seconds:2     -- 0.01 IPC (0.01 IPC) --  N/A  KHz (0.02 KHz) 
**Core 01 Thread 75 Finished:   insts:39          cycles:7014       (140260)  seconds:2     -- 0.01 IPC (0.01 IPC) --  N/A  KHz (0.02 KHz) 
**Core 00 Thread 74 Finished:   insts:39          cycles:7015       (140280)  seconds:2     -- 0.01 IPC (0.01 IPC) --  N/A  KHz (0.02 KHz) 
**Core 03 Thread 72 Finished:   insts:39          cycles:7015       (140280)  seconds:2     -- 0.01 IPC (0.01 IPC) --  N/A  KHz (0.02 KHz) 
**Core 02 Thread 73 Finished:   insts:39          cycles:7016       (140300)  seconds:2     -- 0.01 IPC (0.01 IPC) --  N/A  KHz (0.02 KHz) 
**Core 01 Thread 73 Finished:   insts:39          cycles:7018       (140340)  seconds:2     -- 0.01 IPC (0.01 IPC) --  N/A  KHz (0.02 KHz) 
**Core 00 Thread 72 Finished:   insts:39          cycles:7019       (140360)  seconds:2     -- 0.01 IPC (0.01 IPC) --  N/A  KHz (0.02 KHz) 
**Core 02 Thread 77 Finished:   insts:39          cycles:7024       (140460)  seconds:2     -- 0.01 IPC (0.01 IPC) --  N/A  KHz (0.02 KHz) 
**Core 01 Thread 77 Finished:   insts:39          cycles:7026       (140500)  seconds:2     -- 0.01 IPC (0.01 IPC) --  N/A  KHz (0.02 KHz) 
**Core 01 Thread 79 Finished:   insts:39          cycles:7028       (140540)  seconds:2     -- 0.01 IPC (0.01 IPC) --  N/A  KHz (0.02 KHz) 
**Core 00 Thread 78 Finished:   insts:39          cycles:7032       (140620)  seconds:2     -- 0.01 IPC (0.01 IPC) --  N/A  KHz (0.02 KHz) 
**Core 00 Thread 76 Finished:   insts:39          cycles:7034       (140660)  seconds:2     -- 0.01 IPC (0.01 IPC) --  N/A  KHz (0.02 KHz) 
**Core 00 Thread 73 Finished:   insts:39          cycles:7035       (140680)  seconds:2     -- 0.01 IPC (0.01 IPC) --  N/A  KHz (0.02 KHz) 
**Core 00 Thread 77 Finished:   insts:39          cycles:7036       (140700)  seconds:2     -- 0.01 IPC (0.01 IPC) --  N/A  KHz (0.02 KHz) 
**Core 00 Thread 75 Finished:   insts:39          cycles:7038       (140740)  seconds:2     -- 0.01 IPC (0.01 IPC) --  N/A  KHz (0.02 KHz) 
**Core 00 Thread 79 Finished:   insts:39          cycles:7041       (140800)  seconds:2     -- 0.01 IPC (0.01 IPC) --  N/A  KHz (0.02 KHz) 
**Core 00 Core_Total  Finished:   insts:2594        cycles:7041       (140800) seconds:2     -- 0.37 IPC (0.37 IPC) --  N/A  KHz (1.30 KHz)
**Core 01 Thread 74 Finished:   insts:39          cycles:7041       (140800)  seconds:2     -- 0.01 IPC (0.01 IPC) --  N/A  KHz (0.02 KHz) 
**Core 01 Thread 72 Finished:   insts:39          cycles:7043       (140840)  seconds:2     -- 0.01 IPC (0.01 IPC) --  N/A  KHz (0.02 KHz) 
**Core 01 Thread 78 Finished:   insts:39          cycles:7044       (140860)  seconds:2     -- 0.01 IPC (0.01 IPC) --  N/A  KHz (0.02 KHz) 
**Core 01 Thread 76 Finished:   insts:39          cycles:7045       (140880)  seconds:2     -- 0.01 IPC (0.01 IPC) --  N/A  KHz (0.02 KHz) 
**Core 01 Core_Total  Finished:   insts:2594        cycles:7045       (140880) seconds:2     -- 0.37 IPC (0.37 IPC) --  N/A  KHz (1.30 KHz)
**Core 02 Thread 79 Finished:   insts:39          cycles:7046       (140900)  seconds:2     -- 0.01 IPC (0.01 IPC) --  N/A  KHz (0.02 KHz) 
**Core 02 Thread 74 Finished:   insts:39          cycles:7048       (140940)  seconds:2     -- 0.01 IPC (0.01 IPC) --  N/A  KHz (0.02 KHz) 
**Core 02 Thread 72 Finished:   insts:39          cycles:7053       (141040)  seconds:2     -- 0.01 IPC (0.01 IPC) --  N/A  KHz (0.02 KHz) 
**Core 02 Thread 78 Finished:   insts:39          cycles:7054       (141060)  seconds:2     -- 0.01 IPC (0.01 IPC) --  N/A  KHz (0.02 KHz) 
**Core 02 Thread 76 Finished:   insts:39          cycles:7056       (141100)  seconds:2     -- 0.01 IPC (0.01 IPC) --  N/A  KHz (0.02 KHz) 
**Core 02 Core_Total  Finished:   insts:2594        cycles:7056       (141100) seconds:2     -- 0.37 IPC (0.37 IPC) --  N/A  KHz (1.30 KHz)
**Core 03 Thread 78 Finished:   insts:39          cycles:7061       (141200)  seconds:2     -- 0.01 IPC (0.01 IPC) --  N/A  KHz (0.02 KHz) 
**Core 03 Thread 76 Finished:   insts:39          cycles:7063       (141240)  seconds:2     -- 0.01 IPC (0.01 IPC) --  N/A  KHz (0.02 KHz) 
**Core 03 Thread 73 Finished:   insts:39          cycles:7064       (141260)  seconds:2     -- 0.01 IPC (0.01 IPC) --  N/A  KHz (0.02 KHz) 
**Core 03 Thread 77 Finished:   insts:39          cycles:7065       (141280)  seconds:2     -- 0.01 IPC (0.01 IPC) --  N/A  KHz (0.02 KHz) 
**Core 03 Thread 75 Finished:   insts:39          cycles:7066       (141300)  seconds:2     -- 0.01 IPC (0.01 IPC) --  N/A  KHz (0.02 KHz) 
**Core 03 Thread 79 Finished:   insts:39          cycles:7069       (141360)  seconds:2     -- 0.01 IPC (0.01 IPC) --  N/A  KHz (0.02 KHz) 
src/process_manager.cc:434: (I=20  C=141360):  setup_process:0 /benchrun/macsim/cuda6-transpose/sm86_a6000/input-repeat1-dimx32-dimy32/results/traces/_Z22transposeCoarseGrainedPfS_ii_0/Trace.txt current_index:10 (16)
trace:/benchrun/macsim/cuda6-transpose/sm86_a6000/input-repeat1-dimx32-dimy32/results/traces/_Z22transposeCoarseGrainedPfS_ii_0/Trace.txt is opened 
src/process_manager.cc:541: (I=20  C=141360):  thread_count:32
**Core 01 Thread 80 Finished:   insts:35          cycles:7662       (153220)  seconds:2     -- 0.00 IPC (0.00 IPC) --  N/A  KHz (0.02 KHz) 
**Core 01 Thread 81 Finished:   insts:35          cycles:7664       (153260)  seconds:2     -- 0.00 IPC (0.00 IPC) --  N/A  KHz (0.02 KHz) 
**Core 03 Thread 80 Finished:   insts:35          cycles:7666       (153300)  seconds:2     -- 0.00 IPC (0.00 IPC) --  N/A  KHz (0.02 KHz) 
**Core 00 Thread 80 Finished:   insts:35          cycles:7667       (153320)  seconds:2     -- 0.00 IPC (0.00 IPC) --  N/A  KHz (0.02 KHz) 
**Core 01 Thread 82 Finished:   insts:35          cycles:7668       (153340)  seconds:2     -- 0.00 IPC (0.00 IPC) --  N/A  KHz (0.02 KHz) 
**Core 00 Thread 81 Finished:   insts:35          cycles:7669       (153360)  seconds:2     -- 0.00 IPC (0.00 IPC) --  N/A  KHz (0.02 KHz) 
**Core 02 Thread 80 Finished:   insts:35          cycles:7669       (153360)  seconds:2     -- 0.00 IPC (0.00 IPC) --  N/A  KHz (0.02 KHz) 
**Core 00 Thread 82 Finished:   insts:35          cycles:7671       (153400)  seconds:2     -- 0.00 IPC (0.00 IPC) --  N/A  KHz (0.02 KHz) 
**Core 02 Thread 81 Finished:   insts:35          cycles:7672       (153420)  seconds:2     -- 0.00 IPC (0.00 IPC) --  N/A  KHz (0.02 KHz) 
**Core 00 Thread 84 Finished:   insts:35          cycles:7673       (153440)  seconds:2     -- 0.00 IPC (0.00 IPC) --  N/A  KHz (0.02 KHz) 
**Core 02 Thread 82 Finished:   insts:35          cycles:7674       (153460)  seconds:2     -- 0.00 IPC (0.00 IPC) --  N/A  KHz (0.02 KHz) 
**Core 00 Thread 85 Finished:   insts:35          cycles:7676       (153500)  seconds:2     -- 0.00 IPC (0.00 IPC) --  N/A  KHz (0.02 KHz) 
**Core 02 Thread 84 Finished:   insts:35          cycles:7677       (153520)  seconds:2     -- 0.00 IPC (0.00 IPC) --  N/A  KHz (0.02 KHz) 
**Core 02 Thread 85 Finished:   insts:35          cycles:7678       (153540)  seconds:2     -- 0.00 IPC (0.00 IPC) --  N/A  KHz (0.02 KHz) 
**Core 00 Thread 86 Finished:   insts:35          cycles:7679       (153560)  seconds:2     -- 0.00 IPC (0.00 IPC) --  N/A  KHz (0.02 KHz) 
**Core 00 Thread 83 Finished:   insts:35          cycles:7681       (153600)  seconds:2     -- 0.00 IPC (0.00 IPC) --  N/A  KHz (0.02 KHz) 
**Core 00 Thread 87 Finished:   insts:35          cycles:7686       (153700)  seconds:2     -- 0.00 IPC (0.00 IPC) --  N/A  KHz (0.02 KHz) 
**Core 00 Core_Total  Finished:   insts:2874        cycles:7686       (153700) seconds:2     -- 0.37 IPC (0.37 IPC) --  N/A  KHz (1.44 KHz)
**Core 01 Thread 86 Finished:   insts:35          cycles:7690       (153780)  seconds:2     -- 0.00 IPC (0.00 IPC) --  N/A  KHz (0.02 KHz) 
**Core 01 Thread 83 Finished:   insts:35          cycles:7695       (153880)  seconds:2     -- 0.00 IPC (0.00 IPC) --  N/A  KHz (0.02 KHz) 
**Core 01 Thread 84 Finished:   insts:35          cycles:7697       (153920)  seconds:2     -- 0.00 IPC (0.00 IPC) --  N/A  KHz (0.02 KHz) 
**Core 01 Thread 85 Finished:   insts:35          cycles:7698       (153940)  seconds:2     -- 0.00 IPC (0.00 IPC) --  N/A  KHz (0.02 KHz) 
**Core 01 Thread 87 Finished:   insts:35          cycles:7699       (153960)  seconds:2     -- 0.00 IPC (0.00 IPC) --  N/A  KHz (0.02 KHz) 
**Core 01 Core_Total  Finished:   insts:2874        cycles:7699       (153960) seconds:2     -- 0.37 IPC (0.37 IPC) --  N/A  KHz (1.44 KHz)
**Core 02 Thread 86 Finished:   insts:35          cycles:7700       (153980)  seconds:2     -- 0.00 IPC (0.00 IPC) --  N/A  KHz (0.02 KHz) 
**Core 02 Thread 83 Finished:   insts:35          cycles:7702       (154020)  seconds:2     -- 0.00 IPC (0.00 IPC) --  N/A  KHz (0.02 KHz) 
**Core 02 Thread 87 Finished:   insts:35          cycles:7703       (154040)  seconds:2     -- 0.00 IPC (0.00 IPC) --  N/A  KHz (0.02 KHz) 
**Core 02 Core_Total  Finished:   insts:2874        cycles:7703       (154040) seconds:2     -- 0.37 IPC (0.37 IPC) --  N/A  KHz (1.44 KHz)
**Core 03 Thread 81 Finished:   insts:35          cycles:7704       (154060)  seconds:2     -- 0.00 IPC (0.00 IPC) --  N/A  KHz (0.02 KHz) 
**Core 03 Thread 82 Finished:   insts:35          cycles:7705       (154080)  seconds:2     -- 0.00 IPC (0.00 IPC) --  N/A  KHz (0.02 KHz) 
**Core 03 Thread 84 Finished:   insts:35          cycles:7706       (154100)  seconds:2     -- 0.00 IPC (0.00 IPC) --  N/A  KHz (0.02 KHz) 
**Core 03 Thread 85 Finished:   insts:35          cycles:7707       (154120)  seconds:2     -- 0.00 IPC (0.00 IPC) --  N/A  KHz (0.02 KHz) 
**Core 03 Thread 86 Finished:   insts:35          cycles:7708       (154140)  seconds:2     -- 0.00 IPC (0.00 IPC) --  N/A  KHz (0.02 KHz) 
**Core 03 Thread 83 Finished:   insts:35          cycles:7710       (154180)  seconds:2     -- 0.00 IPC (0.00 IPC) --  N/A  KHz (0.02 KHz) 
**Core 03 Thread 87 Finished:   insts:35          cycles:7715       (154280)  seconds:2     -- 0.00 IPC (0.00 IPC) --  N/A  KHz (0.02 KHz) 
src/process_manager.cc:434: (I=20  C=154280):  setup_process:0 /benchrun/macsim/cuda6-transpose/sm86_a6000/input-repeat1-dimx32-dimy32/results/traces/_Z22transposeCoarseGrainedPfS_ii_1/Trace.txt current_index:11 (16)
trace:/benchrun/macsim/cuda6-transpose/sm86_a6000/input-repeat1-dimx32-dimy32/results/traces/_Z22transposeCoarseGrainedPfS_ii_1/Trace.txt is opened 
src/process_manager.cc:541: (I=20  C=154280):  thread_count:32
**Core 00 Thread 88 Finished:   insts:35          cycles:8310       (166180)  seconds:2     -- 0.00 IPC (0.00 IPC) --  N/A  KHz (0.02 KHz) 
**Core 01 Thread 88 Finished:   insts:35          cycles:8310       (166180)  seconds:2     -- 0.00 IPC (0.00 IPC) --  N/A  KHz (0.02 KHz) 
**Core 00 Thread 89 Finished:   insts:35          cycles:8312       (166220)  seconds:2     -- 0.00 IPC (0.00 IPC) --  N/A  KHz (0.02 KHz) 
**Core 01 Thread 89 Finished:   insts:35          cycles:8312       (166220)  seconds:2     -- 0.00 IPC (0.00 IPC) --  N/A  KHz (0.02 KHz) 
**Core 03 Thread 88 Finished:   insts:35          cycles:8312       (166220)  seconds:2     -- 0.00 IPC (0.00 IPC) --  N/A  KHz (0.02 KHz) 
**Core 02 Thread 88 Finished:   insts:35          cycles:8315       (166280)  seconds:2     -- 0.00 IPC (0.00 IPC) --  N/A  KHz (0.02 KHz) 
**Core 00 Thread 90 Finished:   insts:35          cycles:8316       (166300)  seconds:2     -- 0.00 IPC (0.00 IPC) --  N/A  KHz (0.02 KHz) 
**Core 01 Thread 90 Finished:   insts:35          cycles:8316       (166300)  seconds:2     -- 0.00 IPC (0.00 IPC) --  N/A  KHz (0.02 KHz) 
**Core 03 Thread 89 Finished:   insts:35          cycles:8317       (166320)  seconds:2     -- 0.00 IPC (0.00 IPC) --  N/A  KHz (0.02 KHz) 
**Core 03 Thread 90 Finished:   insts:35          cycles:8318       (166340)  seconds:2     -- 0.00 IPC (0.00 IPC) --  N/A  KHz (0.02 KHz) 
**Core 02 Thread 89 Finished:   insts:35          cycles:8321       (166400)  seconds:2     -- 0.00 IPC (0.00 IPC) --  N/A  KHz (0.02 KHz) 
**Core 03 Thread 92 Finished:   insts:35          cycles:8322       (166420)  seconds:2     -- 0.00 IPC (0.00 IPC) --  N/A  KHz (0.02 KHz) 
**Core 02 Thread 90 Finished:   insts:35          cycles:8323       (166440)  seconds:2     -- 0.00 IPC (0.00 IPC) --  N/A  KHz (0.02 KHz) 
**Core 03 Thread 93 Finished:   insts:35          cycles:8324       (166460)  seconds:2     -- 0.00 IPC (0.00 IPC) --  N/A  KHz (0.02 KHz) 
**Core 01 Thread 94 Finished:   insts:35          cycles:8330       (166580)  seconds:2     -- 0.00 IPC (0.00 IPC) --  N/A  KHz (0.02 KHz) 
**Core 00 Thread 94 Finished:   insts:35          cycles:8335       (166680)  seconds:2     -- 0.00 IPC (0.00 IPC) --  N/A  KHz (0.02 KHz) 
**Core 00 Thread 91 Finished:   insts:35          cycles:8339       (166760)  seconds:2     -- 0.00 IPC (0.00 IPC) --  N/A  KHz (0.02 KHz) 
**Core 00 Thread 92 Finished:   insts:35          cycles:8340       (166780)  seconds:2     -- 0.00 IPC (0.00 IPC) --  N/A  KHz (0.02 KHz) 
**Core 00 Thread 93 Finished:   insts:35          cycles:8341       (166800)  seconds:2     -- 0.00 IPC (0.00 IPC) --  N/A  KHz (0.02 KHz) 
**Core 00 Thread 95 Finished:   insts:35          cycles:8342       (166820)  seconds:2     -- 0.00 IPC (0.00 IPC) --  N/A  KHz (0.02 KHz) 
**Core 00 Core_Total  Finished:   insts:3154        cycles:8342       (166820) seconds:2     -- 0.38 IPC (0.38 IPC) --  N/A  KHz (1.58 KHz)
**Core 01 Thread 91 Finished:   insts:35          cycles:8343       (166840)  seconds:2     -- 0.00 IPC (0.00 IPC) --  N/A  KHz (0.02 KHz) 
**Core 01 Thread 92 Finished:   insts:35          cycles:8344       (166860)  seconds:2     -- 0.00 IPC (0.00 IPC) --  N/A  KHz (0.02 KHz) 
**Core 01 Thread 93 Finished:   insts:35          cycles:8346       (166900)  seconds:2     -- 0.00 IPC (0.00 IPC) --  N/A  KHz (0.02 KHz) 
**Core 01 Thread 95 Finished:   insts:35          cycles:8347       (166920)  seconds:2     -- 0.00 IPC (0.00 IPC) --  N/A  KHz (0.02 KHz) 
**Core 01 Core_Total  Finished:   insts:3154        cycles:8347       (166920) seconds:2     -- 0.38 IPC (0.38 IPC) --  N/A  KHz (1.58 KHz)
**Core 02 Thread 92 Finished:   insts:35          cycles:8348       (166940)  seconds:2     -- 0.00 IPC (0.00 IPC) --  N/A  KHz (0.02 KHz) 
**Core 02 Thread 93 Finished:   insts:35          cycles:8349       (166960)  seconds:2     -- 0.00 IPC (0.00 IPC) --  N/A  KHz (0.02 KHz) 
**Core 02 Thread 94 Finished:   insts:35          cycles:8351       (167000)  seconds:2     -- 0.00 IPC (0.00 IPC) --  N/A  KHz (0.02 KHz) 
**Core 02 Thread 91 Finished:   insts:35          cycles:8352       (167020)  seconds:2     -- 0.00 IPC (0.00 IPC) --  N/A  KHz (0.02 KHz) 
**Core 02 Thread 95 Finished:   insts:35          cycles:8353       (167040)  seconds:2     -- 0.00 IPC (0.00 IPC) --  N/A  KHz (0.02 KHz) 
**Core 02 Core_Total  Finished:   insts:3154        cycles:8353       (167040) seconds:2     -- 0.38 IPC (0.38 IPC) --  N/A  KHz (1.58 KHz)
**Core 03 Thread 94 Finished:   insts:35          cycles:8359       (167160)  seconds:2     -- 0.00 IPC (0.00 IPC) --  N/A  KHz (0.02 KHz) 
**Core 03 Thread 91 Finished:   insts:35          cycles:8364       (167260)  seconds:2     -- 0.00 IPC (0.00 IPC) --  N/A  KHz (0.02 KHz) 
**Core 03 Thread 95 Finished:   insts:35          cycles:8368       (167340)  seconds:2     -- 0.00 IPC (0.00 IPC) --  N/A  KHz (0.02 KHz) 
src/process_manager.cc:434: (I=20  C=167340):  setup_process:0 /benchrun/macsim/cuda6-transpose/sm86_a6000/input-repeat1-dimx32-dimy32/results/traces/_Z20transposeFineGrainedPfS_ii_0/Trace.txt current_index:12 (16)
trace:/benchrun/macsim/cuda6-transpose/sm86_a6000/input-repeat1-dimx32-dimy32/results/traces/_Z20transposeFineGrainedPfS_ii_0/Trace.txt is opened 
src/process_manager.cc:541: (I=20  C=167340):  thread_count:32
**Core 03 Thread 97 Finished:   insts:38          cycles:8996       (179900)  seconds:2     -- 0.00 IPC (0.00 IPC) --  N/A  KHz (0.02 KHz) 
**Core 03 Thread 99 Finished:   insts:38          cycles:8998       (179940)  seconds:2     -- 0.00 IPC (0.00 IPC) --  N/A  KHz (0.02 KHz) 
**Core 01 Thread 97 Finished:   insts:38          cycles:8999       (179960)  seconds:2     -- 0.00 IPC (0.00 IPC) --  N/A  KHz (0.02 KHz) 
**Core 00 Thread 98 Finished:   insts:38          cycles:9000       (179980)  seconds:2     -- 0.00 IPC (0.00 IPC) --  N/A  KHz (0.02 KHz) 
**Core 01 Thread 99 Finished:   insts:38          cycles:9001       (180000)  seconds:2     -- 0.00 IPC (0.00 IPC) --  N/A  KHz (0.02 KHz) 
**Core 00 Thread 96 Finished:   insts:38          cycles:9004       (180060)  seconds:2     -- 0.00 IPC (0.00 IPC) --  N/A  KHz (0.02 KHz) 
**Core 02 Thread 98 Finished:   insts:38          cycles:9004       (180060)  seconds:2     -- 0.00 IPC (0.00 IPC) --  N/A  KHz (0.02 KHz) 
**Core 03 Thread 101 Finished:   insts:38          cycles:9005       (180080)  seconds:2     -- 0.00 IPC (0.00 IPC) --  N/A  KHz (0.02 KHz) 
**Core 01 Thread 101 Finished:   insts:38          cycles:9007       (180120)  seconds:2     -- 0.00 IPC (0.00 IPC) --  N/A  KHz (0.02 KHz) 
**Core 02 Thread 96 Finished:   insts:38          cycles:9008       (180140)  seconds:2     -- 0.00 IPC (0.00 IPC) --  N/A  KHz (0.02 KHz) 
**Core 01 Thread 96 Finished:   insts:38          cycles:9009       (180160)  seconds:2     -- 0.00 IPC (0.00 IPC) --  N/A  KHz (0.02 KHz) 
**Core 00 Thread 100 Finished:   insts:38          cycles:9010       (180180)  seconds:2     -- 0.00 IPC (0.00 IPC) --  N/A  KHz (0.02 KHz) 
**Core 00 Thread 97 Finished:   insts:38          cycles:9012       (180220)  seconds:2     -- 0.00 IPC (0.00 IPC) --  N/A  KHz (0.02 KHz) 
**Core 02 Thread 100 Finished:   insts:38          cycles:9015       (180280)  seconds:2     -- 0.00 IPC (0.00 IPC) --  N/A  KHz (0.02 KHz) 
**Core 00 Thread 102 Finished:   insts:38          cycles:9016       (180300)  seconds:2     -- 0.00 IPC (0.00 IPC) --  N/A  KHz (0.02 KHz) 
**Core 00 Thread 99 Finished:   insts:38          cycles:9020       (180380)  seconds:2     -- 0.00 IPC (0.00 IPC) --  N/A  KHz (0.02 KHz) 
**Core 00 Thread 101 Finished:   insts:38          cycles:9025       (180480)  seconds:2     -- 0.00 IPC (0.00 IPC) --  N/A  KHz (0.02 KHz) 
**Core 00 Thread 103 Finished:   insts:38          cycles:9027       (180520)  seconds:2     -- 0.00 IPC (0.00 IPC) --  N/A  KHz (0.02 KHz) 
**Core 00 Core_Total  Finished:   insts:3458        cycles:9027       (180520) seconds:2     -- 0.38 IPC (0.38 IPC) --  N/A  KHz (1.73 KHz)
**Core 01 Thread 103 Finished:   insts:38          cycles:9028       (180540)  seconds:2     -- 0.00 IPC (0.00 IPC) --  N/A  KHz (0.02 KHz) 
**Core 01 Thread 100 Finished:   insts:38          cycles:9029       (180560)  seconds:2     -- 0.00 IPC (0.00 IPC) --  N/A  KHz (0.02 KHz) 
**Core 01 Thread 98 Finished:   insts:38          cycles:9032       (180620)  seconds:2     -- 0.00 IPC (0.00 IPC) --  N/A  KHz (0.02 KHz) 
**Core 01 Thread 102 Finished:   insts:38          cycles:9033       (180640)  seconds:2     -- 0.00 IPC (0.00 IPC) --  N/A  KHz (0.02 KHz) 
**Core 01 Core_Total  Finished:   insts:3458        cycles:9033       (180640) seconds:2     -- 0.38 IPC (0.38 IPC) --  N/A  KHz (1.73 KHz)
**Core 02 Thread 97 Finished:   insts:38          cycles:9034       (180660)  seconds:2     -- 0.00 IPC (0.00 IPC) --  N/A  KHz (0.02 KHz) 
**Core 02 Thread 102 Finished:   insts:38          cycles:9036       (180700)  seconds:2     -- 0.00 IPC (0.00 IPC) --  N/A  KHz (0.02 KHz) 
**Core 02 Thread 99 Finished:   insts:38          cycles:9037       (180720)  seconds:2     -- 0.00 IPC (0.00 IPC) --  N/A  KHz (0.02 KHz) 
**Core 02 Thread 101 Finished:   insts:38          cycles:9038       (180740)  seconds:2     -- 0.00 IPC (0.00 IPC) --  N/A  KHz (0.02 KHz) 
**Core 02 Thread 103 Finished:   insts:38          cycles:9039       (180760)  seconds:2     -- 0.00 IPC (0.00 IPC) --  N/A  KHz (0.02 KHz) 
**Core 02 Core_Total  Finished:   insts:3458        cycles:9039       (180760) seconds:2     -- 0.38 IPC (0.38 IPC) --  N/A  KHz (1.73 KHz)
**Core 03 Thread 96 Finished:   insts:38          cycles:9041       (180800)  seconds:2     -- 0.00 IPC (0.00 IPC) --  N/A  KHz (0.02 KHz) 
**Core 03 Thread 103 Finished:   insts:38          cycles:9044       (180860)  seconds:2     -- 0.00 IPC (0.00 IPC) --  N/A  KHz (0.02 KHz) 
**Core 03 Thread 100 Finished:   insts:38          cycles:9045       (180880)  seconds:2     -- 0.00 IPC (0.00 IPC) --  N/A  KHz (0.02 KHz) 
**Core 03 Thread 98 Finished:   insts:38          cycles:9049       (180960)  seconds:2     -- 0.00 IPC (0.00 IPC) --  N/A  KHz (0.02 KHz) 
**Core 03 Thread 102 Finished:   insts:38          cycles:9054       (181060)  seconds:2     -- 0.00 IPC (0.00 IPC) --  N/A  KHz (0.02 KHz) 
src/process_manager.cc:434: (I=20  C=181060):  setup_process:0 /benchrun/macsim/cuda6-transpose/sm86_a6000/input-repeat1-dimx32-dimy32/results/traces/_Z20transposeFineGrainedPfS_ii_1/Trace.txt current_index:13 (16)
trace:/benchrun/macsim/cuda6-transpose/sm86_a6000/input-repeat1-dimx32-dimy32/results/traces/_Z20transposeFineGrainedPfS_ii_1/Trace.txt is opened 
src/process_manager.cc:541: (I=20  C=181060):  thread_count:32
**Core 03 Thread 105 Finished:   insts:38          cycles:9684       (193660)  seconds:2     -- 0.00 IPC (0.00 IPC) --  N/A  KHz (0.02 KHz) 
**Core 03 Thread 107 Finished:   insts:38          cycles:9686       (193700)  seconds:2     -- 0.00 IPC (0.00 IPC) --  N/A  KHz (0.02 KHz) 
**Core 00 Thread 105 Finished:   insts:38          cycles:9687       (193720)  seconds:2     -- 0.00 IPC (0.00 IPC) --  N/A  KHz (0.02 KHz) 
**Core 02 Thread 105 Finished:   insts:38          cycles:9687       (193720)  seconds:2     -- 0.00 IPC (0.00 IPC) --  N/A  KHz (0.02 KHz) 
**Core 00 Thread 107 Finished:   insts:38          cycles:9689       (193760)  seconds:2     -- 0.00 IPC (0.00 IPC) --  N/A  KHz (0.02 KHz) 
**Core 02 Thread 107 Finished:   insts:38          cycles:9689       (193760)  seconds:2     -- 0.00 IPC (0.00 IPC) --  N/A  KHz (0.02 KHz) 
**Core 01 Thread 106 Finished:   insts:38          cycles:9692       (193820)  seconds:2     -- 0.00 IPC (0.00 IPC) --  N/A  KHz (0.02 KHz) 
**Core 03 Thread 109 Finished:   insts:38          cycles:9692       (193820)  seconds:2     -- 0.00 IPC (0.00 IPC) --  N/A  KHz (0.02 KHz) 
**Core 03 Thread 104 Finished:   insts:38          cycles:9694       (193860)  seconds:2     -- 0.00 IPC (0.00 IPC) --  N/A  KHz (0.02 KHz) 
**Core 00 Thread 109 Finished:   insts:38          cycles:9695       (193880)  seconds:2     -- 0.00 IPC (0.00 IPC) --  N/A  KHz (0.02 KHz) 
**Core 02 Thread 109 Finished:   insts:38          cycles:9695       (193880)  seconds:2     -- 0.00 IPC (0.00 IPC) --  N/A  KHz (0.02 KHz) 
**Core 00 Thread 104 Finished:   insts:38          cycles:9697       (193920)  seconds:2     -- 0.00 IPC (0.00 IPC) --  N/A  KHz (0.02 KHz) 
**Core 01 Thread 107 Finished:   insts:38          cycles:9698       (193940)  seconds:2     -- 0.00 IPC (0.00 IPC) --  N/A  KHz (0.02 KHz) 
**Core 01 Thread 104 Finished:   insts:38          cycles:9700       (193980)  seconds:2     -- 0.00 IPC (0.00 IPC) --  N/A  KHz (0.02 KHz) 
**Core 00 Thread 111 Finished:   insts:38          cycles:9705       (194080)  seconds:2     -- 0.00 IPC (0.00 IPC) --  N/A  KHz (0.02 KHz) 
**Core 00 Thread 108 Finished:   insts:38          cycles:9710       (194180)  seconds:2     -- 0.00 IPC (0.00 IPC) --  N/A  KHz (0.02 KHz) 
**Core 00 Thread 106 Finished:   insts:38          cycles:9714       (194260)  seconds:2     -- 0.00 IPC (0.00 IPC) --  N/A  KHz (0.02 KHz) 
**Core 00 Thread 110 Finished:   insts:38          cycles:9715       (194280)  seconds:2     -- 0.00 IPC (0.00 IPC) --  N/A  KHz (0.02 KHz) 
**Core 00 Core_Total  Finished:   insts:3762        cycles:9715       (194280) seconds:2     -- 0.39 IPC (0.39 IPC) --  N/A  KHz (1.88 KHz)
**Core 01 Thread 108 Finished:   insts:38          cycles:9716       (194300)  seconds:2     -- 0.00 IPC (0.00 IPC) --  N/A  KHz (0.02 KHz) 
**Core 01 Thread 110 Finished:   insts:38          cycles:9717       (194320)  seconds:2     -- 0.00 IPC (0.00 IPC) --  N/A  KHz (0.02 KHz) 
**Core 01 Thread 111 Finished:   insts:38          cycles:9718       (194340)  seconds:2     -- 0.00 IPC (0.00 IPC) --  N/A  KHz (0.02 KHz) 
**Core 01 Thread 105 Finished:   insts:38          cycles:9719       (194360)  seconds:2     -- 0.00 IPC (0.00 IPC) --  N/A  KHz (0.02 KHz) 
**Core 01 Thread 109 Finished:   insts:38          cycles:9721       (194400)  seconds:2     -- 0.00 IPC (0.00 IPC) --  N/A  KHz (0.02 KHz) 
**Core 01 Core_Total  Finished:   insts:3762        cycles:9721       (194400) seconds:2     -- 0.39 IPC (0.39 IPC) --  N/A  KHz (1.88 KHz)
**Core 02 Thread 104 Finished:   insts:38          cycles:9722       (194420)  seconds:2     -- 0.00 IPC (0.00 IPC) --  N/A  KHz (0.02 KHz) 
**Core 02 Thread 111 Finished:   insts:38          cycles:9723       (194440)  seconds:2     -- 0.00 IPC (0.00 IPC) --  N/A  KHz (0.02 KHz) 
**Core 02 Thread 108 Finished:   insts:38          cycles:9724       (194460)  seconds:2     -- 0.00 IPC (0.00 IPC) --  N/A  KHz (0.02 KHz) 
**Core 02 Thread 106 Finished:   insts:38          cycles:9726       (194500)  seconds:2     -- 0.00 IPC (0.00 IPC) --  N/A  KHz (0.02 KHz) 
**Core 02 Thread 110 Finished:   insts:38          cycles:9727       (194520)  seconds:2     -- 0.00 IPC (0.00 IPC) --  N/A  KHz (0.02 KHz) 
**Core 02 Core_Total  Finished:   insts:3762        cycles:9727       (194520) seconds:2     -- 0.39 IPC (0.39 IPC) --  N/A  KHz (1.88 KHz)
**Core 03 Thread 111 Finished:   insts:38          cycles:9728       (194540)  seconds:2     -- 0.00 IPC (0.00 IPC) --  N/A  KHz (0.02 KHz) 
**Core 03 Thread 108 Finished:   insts:38          cycles:9734       (194660)  seconds:2     -- 0.00 IPC (0.00 IPC) --  N/A  KHz (0.02 KHz) 
**Core 03 Thread 106 Finished:   insts:38          cycles:9739       (194760)  seconds:2     -- 0.00 IPC (0.00 IPC) --  N/A  KHz (0.02 KHz) 
**Core 03 Thread 110 Finished:   insts:38          cycles:9743       (194840)  seconds:2     -- 0.00 IPC (0.00 IPC) --  N/A  KHz (0.02 KHz) 
src/process_manager.cc:434: (I=20  C=194840):  setup_process:0 /benchrun/macsim/cuda6-transpose/sm86_a6000/input-repeat1-dimx32-dimy32/results/traces/_Z17transposeDiagonalPfS_ii_0/Trace.txt current_index:14 (16)
trace:/benchrun/macsim/cuda6-transpose/sm86_a6000/input-repeat1-dimx32-dimy32/results/traces/_Z17transposeDiagonalPfS_ii_0/Trace.txt is opened 
src/process_manager.cc:541: (I=20  C=194840):  thread_count:32
**Core 03 Thread 112 Finished:   insts:44          cycles:10410      (208180)  seconds:2     -- 0.00 IPC (0.00 IPC) --  N/A  KHz (0.02 KHz) 
**Core 03 Thread 113 Finished:   insts:44          cycles:10412      (208220)  seconds:2     -- 0.00 IPC (0.00 IPC) --  N/A  KHz (0.02 KHz) 
**Core 03 Thread 114 Finished:   insts:44          cycles:10414      (208260)  seconds:2     -- 0.00 IPC (0.00 IPC) --  N/A  KHz (0.02 KHz) 
**Core 00 Thread 112 Finished:   insts:44          cycles:10415      (208280)  seconds:2     -- 0.00 IPC (0.00 IPC) --  N/A  KHz (0.02 KHz) 
**Core 03 Thread 115 Finished:   insts:44          cycles:10416      (208300)  seconds:2     -- 0.00 IPC (0.00 IPC) --  N/A  KHz (0.02 KHz) 
**Core 00 Thread 113 Finished:   insts:44          cycles:10417      (208320)  seconds:2     -- 0.00 IPC (0.00 IPC) --  N/A  KHz (0.02 KHz) 
**Core 00 Thread 114 Finished:   insts:44          cycles:10419      (208360)  seconds:2     -- 0.00 IPC (0.00 IPC) --  N/A  KHz (0.02 KHz) 
**Core 00 Thread 116 Finished:   insts:44          cycles:10425      (208480)  seconds:2     -- 0.00 IPC (0.00 IPC) --  N/A  KHz (0.02 KHz) 
**Core 00 Thread 117 Finished:   insts:44          cycles:10427      (208520)  seconds:2     -- 0.00 IPC (0.00 IPC) --  N/A  KHz (0.02 KHz) 
**Core 00 Thread 118 Finished:   insts:44          cycles:10431      (208600)  seconds:2     -- 0.00 IPC (0.00 IPC) --  N/A  KHz (0.02 KHz) 
**Core 00 Thread 115 Finished:   insts:44          cycles:10433      (208640)  seconds:2     -- 0.00 IPC (0.00 IPC) --  N/A  KHz (0.02 KHz) 
**Core 01 Thread 112 Finished:   insts:44          cycles:10434      (208660)  seconds:2     -- 0.00 IPC (0.00 IPC) --  N/A  KHz (0.02 KHz) 
**Core 01 Thread 113 Finished:   insts:44          cycles:10436      (208700)  seconds:2     -- 0.00 IPC (0.00 IPC) --  N/A  KHz (0.02 KHz) 
**Core 00 Thread 119 Finished:   insts:44          cycles:10437      (208720)  seconds:2     -- 0.00 IPC (0.00 IPC) --  N/A  KHz (0.02 KHz) 
**Core 00 Core_Total  Finished:   insts:4114        cycles:10437      (208720) seconds:2     -- 0.39 IPC (0.39 IPC) --  N/A  KHz (2.06 KHz)
**Core 02 Thread 114 Finished:   insts:44          cycles:10437      (208720)  seconds:2     -- 0.00 IPC (0.00 IPC) --  N/A  KHz (0.02 KHz) 
**Core 01 Thread 116 Finished:   insts:44          cycles:10440      (208780)  seconds:2     -- 0.00 IPC (0.00 IPC) --  N/A  KHz (0.02 KHz) 
**Core 01 Thread 117 Finished:   insts:44          cycles:10442      (208820)  seconds:2     -- 0.00 IPC (0.00 IPC) --  N/A  KHz (0.02 KHz) 
**Core 02 Thread 115 Finished:   insts:44          cycles:10442      (208820)  seconds:2     -- 0.00 IPC (0.00 IPC) --  N/A  KHz (0.02 KHz) 
**Core 02 Thread 112 Finished:   insts:44          cycles:10443      (208840)  seconds:2     -- 0.00 IPC (0.00 IPC) --  N/A  KHz (0.02 KHz) 
**Core 02 Thread 116 Finished:   insts:44          cycles:10445      (208880)  seconds:2     -- 0.00 IPC (0.00 IPC) --  N/A  KHz (0.02 KHz) 
**Core 01 Thread 114 Finished:   insts:44          cycles:10446      (208900)  seconds:2     -- 0.00 IPC (0.00 IPC) --  N/A  KHz (0.02 KHz) 
**Core 02 Thread 118 Finished:   insts:44          cycles:10447      (208920)  seconds:2     -- 0.00 IPC (0.00 IPC) --  N/A  KHz (0.02 KHz) 
**Core 01 Thread 118 Finished:   insts:44          cycles:10454      (209060)  seconds:2     -- 0.00 IPC (0.00 IPC) --  N/A  KHz (0.02 KHz) 
**Core 02 Thread 119 Finished:   insts:44          cycles:10456      (209100)  seconds:2     -- 0.00 IPC (0.00 IPC) --  N/A  KHz (0.02 KHz) 
**Core 01 Thread 115 Finished:   insts:44          cycles:10460      (209180)  seconds:2     -- 0.00 IPC (0.00 IPC) --  N/A  KHz (0.02 KHz) 
**Core 01 Thread 119 Finished:   insts:44          cycles:10462      (209220)  seconds:2     -- 0.00 IPC (0.00 IPC) --  N/A  KHz (0.02 KHz) 
**Core 01 Core_Total  Finished:   insts:4114        cycles:10462      (209220) seconds:2     -- 0.39 IPC (0.39 IPC) --  N/A  KHz (2.06 KHz)
**Core 02 Thread 113 Finished:   insts:44          cycles:10463      (209240)  seconds:2     -- 0.00 IPC (0.00 IPC) --  N/A  KHz (0.02 KHz) 
**Core 02 Thread 117 Finished:   insts:44          cycles:10464      (209260)  seconds:2     -- 0.00 IPC (0.00 IPC) --  N/A  KHz (0.02 KHz) 
**Core 02 Core_Total  Finished:   insts:4114        cycles:10464      (209260) seconds:2     -- 0.39 IPC (0.39 IPC) --  N/A  KHz (2.06 KHz)
**Core 03 Thread 119 Finished:   insts:44          cycles:10465      (209280)  seconds:2     -- 0.00 IPC (0.00 IPC) --  N/A  KHz (0.02 KHz) 
**Core 03 Thread 116 Finished:   insts:44          cycles:10466      (209300)  seconds:2     -- 0.00 IPC (0.00 IPC) --  N/A  KHz (0.02 KHz) 
**Core 03 Thread 117 Finished:   insts:44          cycles:10467      (209320)  seconds:2     -- 0.00 IPC (0.00 IPC) --  N/A  KHz (0.02 KHz) 
**Core 03 Thread 118 Finished:   insts:44          cycles:10469      (209360)  seconds:2     -- 0.00 IPC (0.00 IPC) --  N/A  KHz (0.02 KHz) 
src/process_manager.cc:434: (I=20  C=209360):  setup_process:0 /benchrun/macsim/cuda6-transpose/sm86_a6000/input-repeat1-dimx32-dimy32/results/traces/_Z17transposeDiagonalPfS_ii_1/Trace.txt current_index:15 (16)
trace:/benchrun/macsim/cuda6-transpose/sm86_a6000/input-repeat1-dimx32-dimy32/results/traces/_Z17transposeDiagonalPfS_ii_1/Trace.txt is opened 
src/process_manager.cc:541: (I=20  C=209360):  thread_count:32
**Core 03 Thread 120 Finished:   insts:44          cycles:11128      (222540)  seconds:2     -- 0.00 IPC (0.00 IPC) --  N/A  KHz (0.02 KHz) 
**Core 02 Thread 120 Finished:   insts:44          cycles:11130      (222580)  seconds:2     -- 0.00 IPC (0.00 IPC) --  N/A  KHz (0.02 KHz) 
**Core 03 Thread 121 Finished:   insts:44          cycles:11130      (222580)  seconds:2     -- 0.00 IPC (0.00 IPC) --  N/A  KHz (0.02 KHz) 
**Core 02 Thread 121 Finished:   insts:44          cycles:11132      (222620)  seconds:2     -- 0.00 IPC (0.00 IPC) --  N/A  KHz (0.02 KHz) 
**Core 03 Thread 122 Finished:   insts:44          cycles:11132      (222620)  seconds:2     -- 0.00 IPC (0.00 IPC) --  N/A  KHz (0.02 KHz) 
**Core 02 Thread 122 Finished:   insts:44          cycles:11134      (222660)  seconds:2     -- 0.00 IPC (0.00 IPC) --  N/A  KHz (0.02 KHz) 
**Core 02 Thread 123 Finished:   insts:44          cycles:11136      (222700)  seconds:2     -- 0.00 IPC (0.00 IPC) --  N/A  KHz (0.02 KHz) 
**Core 00 Thread 120 Finished:   insts:44          cycles:11137      (222720)  seconds:2     -- 0.00 IPC (0.00 IPC) --  N/A  KHz (0.02 KHz) 
**Core 03 Thread 124 Finished:   insts:44          cycles:11138      (222740)  seconds:2     -- 0.00 IPC (0.00 IPC) --  N/A  KHz (0.02 KHz) 
**Core 00 Thread 121 Finished:   insts:44          cycles:11139      (222760)  seconds:2     -- 0.00 IPC (0.00 IPC) --  N/A  KHz (0.02 KHz) 
**Core 03 Thread 125 Finished:   insts:44          cycles:11140      (222780)  seconds:2     -- 0.00 IPC (0.00 IPC) --  N/A  KHz (0.02 KHz) 
**Core 00 Thread 122 Finished:   insts:44          cycles:11141      (222800)  seconds:2     -- 0.00 IPC (0.00 IPC) --  N/A  KHz (0.02 KHz) 
**Core 01 Thread 120 Finished:   insts:44          cycles:11142      (222820)  seconds:2     -- 0.00 IPC (0.00 IPC) --  N/A  KHz (0.02 KHz) 
**Core 03 Thread 126 Finished:   insts:44          cycles:11143      (222840)  seconds:2     -- 0.00 IPC (0.00 IPC) --  N/A  KHz (0.02 KHz) 
**Core 00 Thread 123 Finished:   insts:44          cycles:11147      (222920)  seconds:2     -- 0.00 IPC (0.00 IPC) --  N/A  KHz (0.02 KHz) 
**Core 00 Thread 127 Finished:   insts:44          cycles:11153      (223040)  seconds:2     -- 0.00 IPC (0.00 IPC) --  N/A  KHz (0.02 KHz) 
**Core 00 Thread 124 Finished:   insts:44          cycles:11156      (223100)  seconds:2     -- 0.00 IPC (0.00 IPC) --  N/A  KHz (0.02 KHz) 
**Core 00 Thread 125 Finished:   insts:44          cycles:11159      (223160)  seconds:2     -- 0.00 IPC (0.00 IPC) --  N/A  KHz (0.02 KHz) 
**Core 00 Thread 126 Finished:   insts:44          cycles:11160      (223180)  seconds:2     -- 0.00 IPC (0.00 IPC) --  N/A  KHz (0.02 KHz) 
**Core 00 Core_Total  Finished:   insts:4466        cycles:11160      (223180) seconds:2     -- 0.40 IPC (0.40 IPC) --  N/A  KHz (2.23 KHz)
**Core 01 Thread 121 Finished:   insts:44          cycles:11161      (223200)  seconds:2     -- 0.00 IPC (0.00 IPC) --  N/A  KHz (0.02 KHz) 
**Core 01 Thread 122 Finished:   insts:44          cycles:11163      (223240)  seconds:2     -- 0.00 IPC (0.00 IPC) --  N/A  KHz (0.02 KHz) 
**Core 01 Thread 124 Finished:   insts:44          cycles:11164      (223260)  seconds:2     -- 0.00 IPC (0.00 IPC) --  N/A  KHz (0.02 KHz) 
**Core 01 Thread 125 Finished:   insts:44          cycles:11165      (223280)  seconds:2     -- 0.00 IPC (0.00 IPC) --  N/A  KHz (0.02 KHz) 
**Core 01 Thread 126 Finished:   insts:44          cycles:11166      (223300)  seconds:2     -- 0.00 IPC (0.00 IPC) --  N/A  KHz (0.02 KHz) 
**Core 01 Thread 123 Finished:   insts:44          cycles:11168      (223340)  seconds:2     -- 0.00 IPC (0.00 IPC) --  N/A  KHz (0.02 KHz) 
**Core 01 Thread 127 Finished:   insts:44          cycles:11169      (223360)  seconds:2     -- 0.00 IPC (0.00 IPC) --  N/A  KHz (0.02 KHz) 
**Core 01 Core_Total  Finished:   insts:4466        cycles:11169      (223360) seconds:2     -- 0.40 IPC (0.40 IPC) --  N/A  KHz (2.23 KHz)
**Core 02 Thread 127 Finished:   insts:44          cycles:11170      (223380)  seconds:2     -- 0.00 IPC (0.00 IPC) --  N/A  KHz (0.02 KHz) 
**Core 02 Thread 124 Finished:   insts:44          cycles:11172      (223420)  seconds:2     -- 0.00 IPC (0.00 IPC) --  N/A  KHz (0.02 KHz) 
**Core 02 Thread 125 Finished:   insts:44          cycles:11173      (223440)  seconds:2     -- 0.00 IPC (0.00 IPC) --  N/A  KHz (0.02 KHz) 
**Core 02 Thread 126 Finished:   insts:44          cycles:11176      (223500)  seconds:2     -- 0.00 IPC (0.00 IPC) --  N/A  KHz (0.02 KHz) 
**Core 02 Core_Total  Finished:   insts:4466        cycles:11176      (223500) seconds:2     -- 0.40 IPC (0.40 IPC) --  N/A  KHz (2.23 KHz)
**Core 03 Thread 123 Finished:   insts:44          cycles:11181      (223600)  seconds:2     -- 0.00 IPC (0.00 IPC) --  N/A  KHz (0.02 KHz) 
**Core 03 Thread 127 Finished:   insts:44          cycles:11185      (223680)  seconds:2     -- 0.00 IPC (0.00 IPC) --  N/A  KHz (0.02 KHz) 
src/retire.cc:566: (I=20  C=223680):  ----- application 0 terminated (/benchrun/macsim/cuda6-transpose/sm86_a6000/input-repeat1-dimx32-dimy32/results/traces/_Z17transposeDiagonalPfS_ii_1/Trace.txt,0) at 223680
**Core 03 Core_Total  Finished:   insts:4466        cycles:11185      (223680) seconds:3     -- 0.40 IPC (0.40 IPC) --  N/A  KHz (1.49 KHz)
src/macsim.cc:620: (I=20  C=223681):  finalize simulation
src/macsim.cc:627: (I=20  C=223681):  elapsed time:2.6 seconds
Done
