Transpose Starting...

MapSMtoCores for SM 6.1 is undefined.  Default to use 192 Cores/SM
GPU Device 0: "NVIDIA GeForce GTX 1080" with compute capability 6.1

MapSMtoCores for SM 6.1 is undefined.  Default to use 192 Cores/SM
> Device 0: "NVIDIA GeForce GTX 1080"
> SM Capability 6.1 detected:
MapSMtoCores for SM 6.1 is undefined.  Default to use 192 Cores/SM
MapSMtoCores for SM 6.1 is undefined.  Default to use 192 Cores/SM
> [NVIDIA GeForce GTX 1080] has 20 MP(s) x 192 (Cores/MP) = 3840 (Cores)
> Compute performance scaling factor = 1.00
> MatrixSize X = 32
> MatrixSize Y = 32

Matrix size: 32x32 (2x2 tiles), tile size: 16x16, block size: 16x16

transpose simple copy       , Throughput = 0.0000 GB/s, Time = 683.40552 ms, Size = 1024 fp32 elements, NumDevsUsed = 1, Workgroup = 256
transpose shared memory copy, Throughput = 0.0000 GB/s, Time = 702.82788 ms, Size = 1024 fp32 elements, NumDevsUsed = 1, Workgroup = 256
transpose naive             , Throughput = 0.0000 GB/s, Time = 683.03851 ms, Size = 1024 fp32 elements, NumDevsUsed = 1, Workgroup = 256
transpose coalesced         , Throughput = 0.0000 GB/s, Time = 694.50378 ms, Size = 1024 fp32 elements, NumDevsUsed = 1, Workgroup = 256
transpose optimized         , Throughput = 0.0000 GB/s, Time = 700.49585 ms, Size = 1024 fp32 elements, NumDevsUsed = 1, Workgroup = 256
transpose coarse-grained    , Throughput = 0.0000 GB/s, Time = 712.06335 ms, Size = 1024 fp32 elements, NumDevsUsed = 1, Workgroup = 256
transpose fine-grained      , Throughput = 0.0000 GB/s, Time = 700.47852 ms, Size = 1024 fp32 elements, NumDevsUsed = 1, Workgroup = 256
transpose diagonal          , Throughput = 0.0000 GB/s, Time = 690.07220 ms, Size = 1024 fp32 elements, NumDevsUsed = 1, Workgroup = 256
Test passed
