Transpose Starting...

MapSMtoCores for SM 6.1 is undefined.  Default to use 192 Cores/SM
GPU Device 0: "NVIDIA GeForce GTX 1080" with compute capability 6.1

MapSMtoCores for SM 6.1 is undefined.  Default to use 192 Cores/SM
> Device 0: "NVIDIA GeForce GTX 1080"
> SM Capability 6.1 detected:
MapSMtoCores for SM 6.1 is undefined.  Default to use 192 Cores/SM
MapSMtoCores for SM 6.1 is undefined.  Default to use 192 Cores/SM
> [NVIDIA GeForce GTX 1080] has 20 MP(s) x 192 (Cores/MP) = 3840 (Cores)
> Compute performance scaling factor = 1.00
> MatrixSize X = 64
> MatrixSize Y = 64

Matrix size: 64x64 (4x4 tiles), tile size: 16x16, block size: 16x16

transpose simple copy       , Throughput = 3.6261 GB/s, Time = 0.00842 ms, Size = 4096 fp32 elements, NumDevsUsed = 1, Workgroup = 256
transpose shared memory copy, Throughput = 5.0193 GB/s, Time = 0.00608 ms, Size = 4096 fp32 elements, NumDevsUsed = 1, Workgroup = 256
transpose naive             , Throughput = 5.9234 GB/s, Time = 0.00515 ms, Size = 4096 fp32 elements, NumDevsUsed = 1, Workgroup = 256
transpose coalesced         , Throughput = 5.9605 GB/s, Time = 0.00512 ms, Size = 4096 fp32 elements, NumDevsUsed = 1, Workgroup = 256
transpose optimized         , Throughput = 6.1527 GB/s, Time = 0.00496 ms, Size = 4096 fp32 elements, NumDevsUsed = 1, Workgroup = 256
transpose coarse-grained    , Throughput = 5.0193 GB/s, Time = 0.00608 ms, Size = 4096 fp32 elements, NumDevsUsed = 1, Workgroup = 256
transpose fine-grained      , Throughput = 5.0999 GB/s, Time = 0.00598 ms, Size = 4096 fp32 elements, NumDevsUsed = 1, Workgroup = 256
transpose diagonal          , Throughput = 5.5126 GB/s, Time = 0.00554 ms, Size = 4096 fp32 elements, NumDevsUsed = 1, Workgroup = 256
Test passed
