Transpose Starting...

MapSMtoCores for SM 6.1 is undefined.  Default to use 192 Cores/SM
GPU Device 0: "NVIDIA GeForce GTX 1080" with compute capability 6.1

MapSMtoCores for SM 6.1 is undefined.  Default to use 192 Cores/SM
> Device 0: "NVIDIA GeForce GTX 1080"
> SM Capability 6.1 detected:
MapSMtoCores for SM 6.1 is undefined.  Default to use 192 Cores/SM
MapSMtoCores for SM 6.1 is undefined.  Default to use 192 Cores/SM
> [NVIDIA GeForce GTX 1080] has 20 MP(s) x 192 (Cores/MP) = 3840 (Cores)
> Compute performance scaling factor = 1.00
> MatrixSize X = 64
> MatrixSize Y = 64

Matrix size: 64x64 (4x4 tiles), tile size: 16x16, block size: 16x16

transpose simple copy       , Throughput = 0.0000 GB/s, Time = 699.58051 ms, Size = 4096 fp32 elements, NumDevsUsed = 1, Workgroup = 256
transpose shared memory copy, Throughput = 0.0000 GB/s, Time = 685.48328 ms, Size = 4096 fp32 elements, NumDevsUsed = 1, Workgroup = 256
transpose naive             , Throughput = 0.0000 GB/s, Time = 687.21307 ms, Size = 4096 fp32 elements, NumDevsUsed = 1, Workgroup = 256
transpose coalesced         , Throughput = 0.0000 GB/s, Time = 694.47473 ms, Size = 4096 fp32 elements, NumDevsUsed = 1, Workgroup = 256
transpose optimized         , Throughput = 0.0000 GB/s, Time = 701.20209 ms, Size = 4096 fp32 elements, NumDevsUsed = 1, Workgroup = 256
transpose coarse-grained    , Throughput = 0.0000 GB/s, Time = 679.32440 ms, Size = 4096 fp32 elements, NumDevsUsed = 1, Workgroup = 256
transpose fine-grained      , Throughput = 0.0000 GB/s, Time = 697.57068 ms, Size = 4096 fp32 elements, NumDevsUsed = 1, Workgroup = 256
transpose diagonal          , Throughput = 0.0000 GB/s, Time = 690.38147 ms, Size = 4096 fp32 elements, NumDevsUsed = 1, Workgroup = 256
Test passed
