(0.000000) CudaRuntime.cpp:3813: Adding external function 'malloc'
(0.000000) CudaRuntime.cpp:3813: Adding external function 'free'
(0.000000) CudaRuntime.cpp:3813: Adding external function 'vprintf'
(0.000000) CudaRuntime.cpp:3813: Adding external function 'cudaGetParameterBuffer'
(0.000057) CudaRuntime.cpp:595:  Loading module (fatbin) - transpose.cu
(0.000068) CudaRuntime.cpp:738:  Registered kernel - _Z22transposeCoarseGrainedPfS_ii in module 'transpose.cu'
(0.000080) CudaRuntime.cpp:738:  Registered kernel - _Z20transposeFineGrainedPfS_ii in module 'transpose.cu'
(0.000088) CudaRuntime.cpp:738:  Registered kernel - _Z17transposeDiagonalPfS_ii in module 'transpose.cu'
(0.000095) CudaRuntime.cpp:738:  Registered kernel - _Z24transposeNoBankConflictsPfS_ii in module 'transpose.cu'
(0.000102) CudaRuntime.cpp:738:  Registered kernel - _Z18transposeCoalescedPfS_ii in module 'transpose.cu'
(0.000109) CudaRuntime.cpp:738:  Registered kernel - _Z14transposeNaivePfS_ii in module 'transpose.cu'
(0.000115) CudaRuntime.cpp:738:  Registered kernel - _Z13copySharedMemPfS_ii in module 'transpose.cu'
(0.000122) CudaRuntime.cpp:738:  Registered kernel - _Z4copyPfS_ii in module 'transpose.cu'
Transpose Starting...

(0.000181) CudaRuntime.cpp:446:  Creating new context for thread 0x16c7920
(0.000205) CudaRuntime.cpp:276:  Creating devices.
(0.000313) CudaRuntime.cpp:288:   - Added 1 emulator devices.
(0.000405) CudaRuntime.cpp:2203: cuda::CudaRuntime::cudaGetDeviceProperties(dev = 0) - major: 2, minor: 1
(0.000418) CudaRuntime.cpp:2241:   returning: prop->major = 2, prop->minor = 1
(0.000560) CudaRuntime.cpp:276:  Creating devices.
(0.000628) CudaRuntime.cpp:288:   - Added 1 emulator devices.
(0.000671) CudaRuntime.cpp:2203: cuda::CudaRuntime::cudaGetDeviceProperties(dev = 0) - major: 2, minor: 1
(0.000678) CudaRuntime.cpp:2241:   returning: prop->major = 2, prop->minor = 1
(0.000737) CudaRuntime.cpp:2289: Setting device for thread 0x16c7920 to 0
(0.000746) CudaRuntime.cpp:276:  Creating devices.
(0.000803) CudaRuntime.cpp:288:   - Added 1 emulator devices.
(0.000855) CudaRuntime.cpp:2203: cuda::CudaRuntime::cudaGetDeviceProperties(dev = 0) - major: 2, minor: 1
(0.000862) CudaRuntime.cpp:2241:   returning: prop->major = 2, prop->minor = 1
GPU Device 0: "Ocelot PTX Emulator" with compute capability 2.1

(0.000922) CudaRuntime.cpp:276:  Creating devices.
(0.001035) CudaRuntime.cpp:288:   - Added 1 emulator devices.
(0.001096) CudaRuntime.cpp:2203: cuda::CudaRuntime::cudaGetDeviceProperties(dev = 0) - major: 2, minor: 1
(0.001104) CudaRuntime.cpp:2241:   returning: prop->major = 2, prop->minor = 1
> Device 0: "Ocelot PTX Emulator"
> SM Capability 2.1 detected:
> [Ocelot PTX Emulator] has 1 MP(s) x 48 (Cores/MP) = 48 (Cores)
> Compute performance scaling factor = 4.00
> MatrixSize X = 64
> MatrixSize Y = 64
(0.001188) CudaRuntime.cpp:276:  Creating devices.
(0.001253) CudaRuntime.cpp:288:   - Added 1 emulator devices.
(0.001308) CudaRuntime.cpp:787:  cudaMalloc( *devPtr = 0x16d6900, size = 16384)
(0.001324) CudaRuntime.cpp:787:  cudaMalloc( *devPtr = 0x16daa00, size = 16384)
(0.001386) CudaRuntime.cpp:1131: cudaMemcpy(0x16d6900, 0x16ca8a0, 16384)
(0.001394) CudaRuntime.cpp:251:    _memcpy(0x16d6900, 0x16ca8a0, 16384 bytes) h-to-d

Matrix size: 64x64 (4x4 tiles), tile size: 16x16, block size: 16x16

(0.001489) CudaRuntime.cpp:2609: cudaConfigureCall()
(0.001496) CudaRuntime.cpp:2631: cudaSetupArgument() - offset 0, size 8
(0.001508) CudaRuntime.cpp:2631: cudaSetupArgument() - offset 8, size 8
(0.001515) CudaRuntime.cpp:2631: cudaSetupArgument() - offset 16, size 4
(0.001522) CudaRuntime.cpp:2631: cudaSetupArgument() - offset 20, size 4
(0.009758) CudaRuntime.cpp:142:  Mapping parameter at offset 0 of size 8 to offset 0 of size 8
   data = 0x00 0xaa 0x6d 0x01 0x00 0x00 0x00 0x00 
(0.009770) CudaRuntime.cpp:142:  Mapping parameter at offset 8 of size 8 to offset 8 of size 8
   data = 0x00 0x69 0x6d 0x01 0x00 0x00 0x00 0x00 
(0.009776) CudaRuntime.cpp:142:  Mapping parameter at offset 16 of size 4 to offset 16 of size 4
   data = 0x40 0x00 0x00 0x00 
(0.009792) CudaRuntime.cpp:142:  Mapping parameter at offset 20 of size 4 to offset 20 of size 4
   data = 0x40 0x00 0x00 0x00 
(0.009797) CudaRuntime.cpp:2685: kernel launch (_Z4copyPfS_ii) on thread 0x16c7920
(0.009812) CudaRuntime.cpp:2706:  launch completed successfully
all enabled
(0.010453) X86TraceGenerator.cpp:776:  New kernel launched
(0.010475) X86TraceGenerator.cpp:777:  compute version:2.0
(0.010484) X86TraceGenerator.cpp:778:  grid  4 x 4 x 1
(0.010494) X86TraceGenerator.cpp:779:  block 16 x 16 x 1
(0.010502) X86TraceGenerator.cpp:780:  number of warps per block:8
(0.010509) X86TraceGenerator.cpp:781:  number of total warps:128
(0.010516) X86TraceGenerator.cpp:782:  # threads per block : 256
(0.010523) X86TraceGenerator.cpp:783:  number of register per thread:7
(0.010530) X86TraceGenerator.cpp:784:  number of shared memory per thread:0
(0.010540) X86TraceGenerator.cpp:822:  max blocks per core : 6
(0.014860) X86TraceGenerator.cpp:1082: mkdir -p /benchrun/macsim/cuda6-transpose/sm86_rtx3070/input-repeat1-dimx64-dimy64/results/traces/_Z4copyPfS_ii_0/ (status 0)

(0.014924) X86TraceGenerator.cpp:1083: errno is 0 message is Success

(0.081804) CudaRuntime.cpp:2609: cudaConfigureCall()
(0.081814) CudaRuntime.cpp:2631: cudaSetupArgument() - offset 0, size 8
(0.081817) CudaRuntime.cpp:2631: cudaSetupArgument() - offset 8, size 8
(0.081819) CudaRuntime.cpp:2631: cudaSetupArgument() - offset 16, size 4
(0.081822) CudaRuntime.cpp:2631: cudaSetupArgument() - offset 20, size 4
(0.081836) CudaRuntime.cpp:142:  Mapping parameter at offset 0 of size 8 to offset 0 of size 8
   data = 0x00 0xaa 0x6d 0x01 0x00 0x00 0x00 0x00 
(0.081842) CudaRuntime.cpp:142:  Mapping parameter at offset 8 of size 8 to offset 8 of size 8
   data = 0x00 0x69 0x6d 0x01 0x00 0x00 0x00 0x00 
(0.081846) CudaRuntime.cpp:142:  Mapping parameter at offset 16 of size 4 to offset 16 of size 4
   data = 0x40 0x00 0x00 0x00 
(0.081849) CudaRuntime.cpp:142:  Mapping parameter at offset 20 of size 4 to offset 20 of size 4
   data = 0x40 0x00 0x00 0x00 
(0.081855) CudaRuntime.cpp:2685: kernel launch (_Z4copyPfS_ii) on thread 0x16c7920
(0.081869) CudaRuntime.cpp:2706:  launch completed successfully
(0.082522) X86TraceGenerator.cpp:776:  New kernel launched
(0.082527) X86TraceGenerator.cpp:777:  compute version:2.0
(0.082530) X86TraceGenerator.cpp:778:  grid  4 x 4 x 1
(0.082533) X86TraceGenerator.cpp:779:  block 16 x 16 x 1
(0.082535) X86TraceGenerator.cpp:780:  number of warps per block:8
(0.082537) X86TraceGenerator.cpp:781:  number of total warps:128
(0.082540) X86TraceGenerator.cpp:782:  # threads per block : 256
(0.082542) X86TraceGenerator.cpp:783:  number of register per thread:7
(0.082545) X86TraceGenerator.cpp:784:  number of shared memory per thread:0
(0.082548) X86TraceGenerator.cpp:822:  max blocks per core : 6
(0.086709) X86TraceGenerator.cpp:1082: mkdir -p /benchrun/macsim/cuda6-transpose/sm86_rtx3070/input-repeat1-dimx64-dimy64/results/traces/_Z4copyPfS_ii_1/ (status 0)

(0.086727) X86TraceGenerator.cpp:1083: errno is 0 message is Success

(0.123452) CudaRuntime.cpp:1131: cudaMemcpy(0x16ce8b0, 0x16daa00, 16384)
(0.123463) CudaRuntime.cpp:215:    _memcpy(0x16ce8b0, 0x16daa00, 16384 bytes) d-to-h
(0.123491) CudaRuntime.cpp:1131: cudaMemcpy(0x16ce8b0, 0x16daa00, 16384)
(0.123493) CudaRuntime.cpp:215:    _memcpy(0x16ce8b0, 0x16daa00, 16384 bytes) d-to-h
transpose simple copy       , Throughput = 0.0007 GB/s, Time = 41.64171 ms, Size = 4096 fp32 elements, NumDevsUsed = 1, Workgroup = 256
(0.123516) CudaRuntime.cpp:2609: cudaConfigureCall()
(0.123519) CudaRuntime.cpp:2631: cudaSetupArgument() - offset 0, size 8
(0.123522) CudaRuntime.cpp:2631: cudaSetupArgument() - offset 8, size 8
(0.123524) CudaRuntime.cpp:2631: cudaSetupArgument() - offset 16, size 4
(0.123526) CudaRuntime.cpp:2631: cudaSetupArgument() - offset 20, size 4
(0.123540) CudaRuntime.cpp:142:  Mapping parameter at offset 0 of size 8 to offset 0 of size 8
   data = 0x00 0xaa 0x6d 0x01 0x00 0x00 0x00 0x00 
(0.123546) CudaRuntime.cpp:142:  Mapping parameter at offset 8 of size 8 to offset 8 of size 8
   data = 0x00 0x69 0x6d 0x01 0x00 0x00 0x00 0x00 
(0.123555) CudaRuntime.cpp:142:  Mapping parameter at offset 16 of size 4 to offset 16 of size 4
   data = 0x40 0x00 0x00 0x00 
(0.123558) CudaRuntime.cpp:142:  Mapping parameter at offset 20 of size 4 to offset 20 of size 4
   data = 0x40 0x00 0x00 0x00 
(0.123561) CudaRuntime.cpp:2685: kernel launch (_Z13copySharedMemPfS_ii) on thread 0x16c7920
(0.123574) CudaRuntime.cpp:2706:  launch completed successfully
(0.124477) X86TraceGenerator.cpp:776:  New kernel launched
(0.124483) X86TraceGenerator.cpp:777:  compute version:2.0
(0.124485) X86TraceGenerator.cpp:778:  grid  4 x 4 x 1
(0.124488) X86TraceGenerator.cpp:779:  block 16 x 16 x 1
(0.124490) X86TraceGenerator.cpp:780:  number of warps per block:8
(0.124492) X86TraceGenerator.cpp:781:  number of total warps:128
(0.124495) X86TraceGenerator.cpp:782:  # threads per block : 256
(0.124497) X86TraceGenerator.cpp:783:  number of register per thread:10
(0.124499) X86TraceGenerator.cpp:784:  number of shared memory per thread:1024
(0.124502) X86TraceGenerator.cpp:822:  max blocks per core : 6
(0.128552) X86TraceGenerator.cpp:1082: mkdir -p /benchrun/macsim/cuda6-transpose/sm86_rtx3070/input-repeat1-dimx64-dimy64/results/traces/_Z13copySharedMemPfS_ii_0/ (status 0)

(0.128571) X86TraceGenerator.cpp:1083: errno is 0 message is Success

(0.183899) CudaRuntime.cpp:2609: cudaConfigureCall()
(0.183912) CudaRuntime.cpp:2631: cudaSetupArgument() - offset 0, size 8
(0.183920) CudaRuntime.cpp:2631: cudaSetupArgument() - offset 8, size 8
(0.183927) CudaRuntime.cpp:2631: cudaSetupArgument() - offset 16, size 4
(0.183934) CudaRuntime.cpp:2631: cudaSetupArgument() - offset 20, size 4
(0.183956) CudaRuntime.cpp:142:  Mapping parameter at offset 0 of size 8 to offset 0 of size 8
   data = 0x00 0xaa 0x6d 0x01 0x00 0x00 0x00 0x00 
(0.183969) CudaRuntime.cpp:142:  Mapping parameter at offset 8 of size 8 to offset 8 of size 8
   data = 0x00 0x69 0x6d 0x01 0x00 0x00 0x00 0x00 
(0.183979) CudaRuntime.cpp:142:  Mapping parameter at offset 16 of size 4 to offset 16 of size 4
   data = 0x40 0x00 0x00 0x00 
(0.183990) CudaRuntime.cpp:142:  Mapping parameter at offset 20 of size 4 to offset 20 of size 4
   data = 0x40 0x00 0x00 0x00 
(0.184000) CudaRuntime.cpp:2685: kernel launch (_Z13copySharedMemPfS_ii) on thread 0x16c7920
(0.184014) CudaRuntime.cpp:2706:  launch completed successfully
(0.185127) X86TraceGenerator.cpp:776:  New kernel launched
(0.185136) X86TraceGenerator.cpp:777:  compute version:2.0
(0.185143) X86TraceGenerator.cpp:778:  grid  4 x 4 x 1
(0.185151) X86TraceGenerator.cpp:779:  block 16 x 16 x 1
(0.185158) X86TraceGenerator.cpp:780:  number of warps per block:8
(0.185165) X86TraceGenerator.cpp:781:  number of total warps:128
(0.185172) X86TraceGenerator.cpp:782:  # threads per block : 256
(0.185178) X86TraceGenerator.cpp:783:  number of register per thread:10
(0.185185) X86TraceGenerator.cpp:784:  number of shared memory per thread:1024
(0.185193) X86TraceGenerator.cpp:822:  max blocks per core : 6
(0.189359) X86TraceGenerator.cpp:1082: mkdir -p /benchrun/macsim/cuda6-transpose/sm86_rtx3070/input-repeat1-dimx64-dimy64/results/traces/_Z13copySharedMemPfS_ii_1/ (status 0)

(0.189373) X86TraceGenerator.cpp:1083: errno is 0 message is Success

(0.246742) CudaRuntime.cpp:1131: cudaMemcpy(0x16ce8b0, 0x16daa00, 16384)
(0.246752) CudaRuntime.cpp:215:    _memcpy(0x16ce8b0, 0x16daa00, 16384 bytes) d-to-h
(0.246787) CudaRuntime.cpp:1131: cudaMemcpy(0x16ce8b0, 0x16daa00, 16384)
(0.246789) CudaRuntime.cpp:215:    _memcpy(0x16ce8b0, 0x16daa00, 16384 bytes) d-to-h
transpose shared memory copy, Throughput = 0.0005 GB/s, Time = 62.84737 ms, Size = 4096 fp32 elements, NumDevsUsed = 1, Workgroup = 256
(0.246811) CudaRuntime.cpp:2609: cudaConfigureCall()
(0.246814) CudaRuntime.cpp:2631: cudaSetupArgument() - offset 0, size 8
(0.246817) CudaRuntime.cpp:2631: cudaSetupArgument() - offset 8, size 8
(0.246819) CudaRuntime.cpp:2631: cudaSetupArgument() - offset 16, size 4
(0.246821) CudaRuntime.cpp:2631: cudaSetupArgument() - offset 20, size 4
(0.246846) CudaRuntime.cpp:142:  Mapping parameter at offset 0 of size 8 to offset 0 of size 8
   data = 0x00 0xaa 0x6d 0x01 0x00 0x00 0x00 0x00 
(0.246851) CudaRuntime.cpp:142:  Mapping parameter at offset 8 of size 8 to offset 8 of size 8
   data = 0x00 0x69 0x6d 0x01 0x00 0x00 0x00 0x00 
(0.246855) CudaRuntime.cpp:142:  Mapping parameter at offset 16 of size 4 to offset 16 of size 4
   data = 0x40 0x00 0x00 0x00 
(0.246858) CudaRuntime.cpp:142:  Mapping parameter at offset 20 of size 4 to offset 20 of size 4
   data = 0x40 0x00 0x00 0x00 
(0.246861) CudaRuntime.cpp:2685: kernel launch (_Z14transposeNaivePfS_ii) on thread 0x16c7920
(0.246872) CudaRuntime.cpp:2706:  launch completed successfully
(0.248143) X86TraceGenerator.cpp:776:  New kernel launched
(0.248154) X86TraceGenerator.cpp:777:  compute version:2.0
(0.248161) X86TraceGenerator.cpp:778:  grid  4 x 4 x 1
(0.248168) X86TraceGenerator.cpp:779:  block 16 x 16 x 1
(0.248175) X86TraceGenerator.cpp:780:  number of warps per block:8
(0.248182) X86TraceGenerator.cpp:781:  number of total warps:128
(0.248189) X86TraceGenerator.cpp:782:  # threads per block : 256
(0.248196) X86TraceGenerator.cpp:783:  number of register per thread:10
(0.248203) X86TraceGenerator.cpp:784:  number of shared memory per thread:0
(0.248210) X86TraceGenerator.cpp:822:  max blocks per core : 6
(0.252430) X86TraceGenerator.cpp:1082: mkdir -p /benchrun/macsim/cuda6-transpose/sm86_rtx3070/input-repeat1-dimx64-dimy64/results/traces/_Z14transposeNaivePfS_ii_0/ (status 0)

(0.252449) X86TraceGenerator.cpp:1083: errno is 0 message is Success

(0.535863) CudaRuntime.cpp:2609: cudaConfigureCall()
(0.535879) CudaRuntime.cpp:2631: cudaSetupArgument() - offset 0, size 8
(0.535887) CudaRuntime.cpp:2631: cudaSetupArgument() - offset 8, size 8
(0.535896) CudaRuntime.cpp:2631: cudaSetupArgument() - offset 16, size 4
(0.535904) CudaRuntime.cpp:2631: cudaSetupArgument() - offset 20, size 4
(0.535930) CudaRuntime.cpp:142:  Mapping parameter at offset 0 of size 8 to offset 0 of size 8
   data = 0x00 0xaa 0x6d 0x01 0x00 0x00 0x00 0x00 
(0.535945) CudaRuntime.cpp:142:  Mapping parameter at offset 8 of size 8 to offset 8 of size 8
   data = 0x00 0x69 0x6d 0x01 0x00 0x00 0x00 0x00 
(0.535957) CudaRuntime.cpp:142:  Mapping parameter at offset 16 of size 4 to offset 16 of size 4
   data = 0x40 0x00 0x00 0x00 
(0.535969) CudaRuntime.cpp:142:  Mapping parameter at offset 20 of size 4 to offset 20 of size 4
   data = 0x40 0x00 0x00 0x00 
(0.535980) CudaRuntime.cpp:2685: kernel launch (_Z14transposeNaivePfS_ii) on thread 0x16c7920
(0.535994) CudaRuntime.cpp:2706:  launch completed successfully
(0.536778) X86TraceGenerator.cpp:776:  New kernel launched
(0.536784) X86TraceGenerator.cpp:777:  compute version:2.0
(0.536786) X86TraceGenerator.cpp:778:  grid  4 x 4 x 1
(0.536789) X86TraceGenerator.cpp:779:  block 16 x 16 x 1
(0.536792) X86TraceGenerator.cpp:780:  number of warps per block:8
(0.536795) X86TraceGenerator.cpp:781:  number of total warps:128
(0.536797) X86TraceGenerator.cpp:782:  # threads per block : 256
(0.536800) X86TraceGenerator.cpp:783:  number of register per thread:10
(0.536802) X86TraceGenerator.cpp:784:  number of shared memory per thread:0
(0.536805) X86TraceGenerator.cpp:822:  max blocks per core : 6
(0.541057) X86TraceGenerator.cpp:1082: mkdir -p /benchrun/macsim/cuda6-transpose/sm86_rtx3070/input-repeat1-dimx64-dimy64/results/traces/_Z14transposeNaivePfS_ii_1/ (status 0)

(0.541075) X86TraceGenerator.cpp:1083: errno is 0 message is Success

(0.577886) CudaRuntime.cpp:1131: cudaMemcpy(0x16ce8b0, 0x16daa00, 16384)
(0.577896) CudaRuntime.cpp:215:    _memcpy(0x16ce8b0, 0x16daa00, 16384 bytes) d-to-h
(0.577924) CudaRuntime.cpp:1131: cudaMemcpy(0x16ce8b0, 0x16daa00, 16384)
(0.577926) CudaRuntime.cpp:215:    _memcpy(0x16ce8b0, 0x16daa00, 16384 bytes) d-to-h
transpose naive             , Throughput = 0.0007 GB/s, Time = 42.02795 ms, Size = 4096 fp32 elements, NumDevsUsed = 1, Workgroup = 256
(0.577948) CudaRuntime.cpp:2609: cudaConfigureCall()
(0.577951) CudaRuntime.cpp:2631: cudaSetupArgument() - offset 0, size 8
(0.577959) CudaRuntime.cpp:2631: cudaSetupArgument() - offset 8, size 8
(0.577961) CudaRuntime.cpp:2631: cudaSetupArgument() - offset 16, size 4
(0.577964) CudaRuntime.cpp:2631: cudaSetupArgument() - offset 20, size 4
(0.577982) CudaRuntime.cpp:142:  Mapping parameter at offset 0 of size 8 to offset 0 of size 8
   data = 0x00 0xaa 0x6d 0x01 0x00 0x00 0x00 0x00 
(0.577987) CudaRuntime.cpp:142:  Mapping parameter at offset 8 of size 8 to offset 8 of size 8
   data = 0x00 0x69 0x6d 0x01 0x00 0x00 0x00 0x00 
(0.577991) CudaRuntime.cpp:142:  Mapping parameter at offset 16 of size 4 to offset 16 of size 4
   data = 0x40 0x00 0x00 0x00 
(0.577994) CudaRuntime.cpp:142:  Mapping parameter at offset 20 of size 4 to offset 20 of size 4
   data = 0x40 0x00 0x00 0x00 
(0.577997) CudaRuntime.cpp:2685: kernel launch (_Z18transposeCoalescedPfS_ii) on thread 0x16c7920
(0.578009) CudaRuntime.cpp:2706:  launch completed successfully
(0.578856) X86TraceGenerator.cpp:776:  New kernel launched
(0.578861) X86TraceGenerator.cpp:777:  compute version:2.0
(0.578864) X86TraceGenerator.cpp:778:  grid  4 x 4 x 1
(0.578866) X86TraceGenerator.cpp:779:  block 16 x 16 x 1
(0.578868) X86TraceGenerator.cpp:780:  number of warps per block:8
(0.578871) X86TraceGenerator.cpp:781:  number of total warps:128
(0.578873) X86TraceGenerator.cpp:782:  # threads per block : 256
(0.578875) X86TraceGenerator.cpp:783:  number of register per thread:8
(0.578877) X86TraceGenerator.cpp:784:  number of shared memory per thread:1024
(0.578880) X86TraceGenerator.cpp:822:  max blocks per core : 6
(0.583106) X86TraceGenerator.cpp:1082: mkdir -p /benchrun/macsim/cuda6-transpose/sm86_rtx3070/input-repeat1-dimx64-dimy64/results/traces/_Z18transposeCoalescedPfS_ii_0/ (status 0)

(0.583122) X86TraceGenerator.cpp:1083: errno is 0 message is Success

(0.635600) CudaRuntime.cpp:2609: cudaConfigureCall()
(0.635610) CudaRuntime.cpp:2631: cudaSetupArgument() - offset 0, size 8
(0.635612) CudaRuntime.cpp:2631: cudaSetupArgument() - offset 8, size 8
(0.635615) CudaRuntime.cpp:2631: cudaSetupArgument() - offset 16, size 4
(0.635617) CudaRuntime.cpp:2631: cudaSetupArgument() - offset 20, size 4
(0.635633) CudaRuntime.cpp:142:  Mapping parameter at offset 0 of size 8 to offset 0 of size 8
   data = 0x00 0xaa 0x6d 0x01 0x00 0x00 0x00 0x00 
(0.635638) CudaRuntime.cpp:142:  Mapping parameter at offset 8 of size 8 to offset 8 of size 8
   data = 0x00 0x69 0x6d 0x01 0x00 0x00 0x00 0x00 
(0.635641) CudaRuntime.cpp:142:  Mapping parameter at offset 16 of size 4 to offset 16 of size 4
   data = 0x40 0x00 0x00 0x00 
(0.635644) CudaRuntime.cpp:142:  Mapping parameter at offset 20 of size 4 to offset 20 of size 4
   data = 0x40 0x00 0x00 0x00 
(0.635650) CudaRuntime.cpp:2685: kernel launch (_Z18transposeCoalescedPfS_ii) on thread 0x16c7920
(0.635662) CudaRuntime.cpp:2706:  launch completed successfully
(0.636826) X86TraceGenerator.cpp:776:  New kernel launched
(0.636832) X86TraceGenerator.cpp:777:  compute version:2.0
(0.636834) X86TraceGenerator.cpp:778:  grid  4 x 4 x 1
(0.636836) X86TraceGenerator.cpp:779:  block 16 x 16 x 1
(0.636839) X86TraceGenerator.cpp:780:  number of warps per block:8
(0.636841) X86TraceGenerator.cpp:781:  number of total warps:128
(0.636843) X86TraceGenerator.cpp:782:  # threads per block : 256
(0.636845) X86TraceGenerator.cpp:783:  number of register per thread:8
(0.636847) X86TraceGenerator.cpp:784:  number of shared memory per thread:1024
(0.636850) X86TraceGenerator.cpp:822:  max blocks per core : 6
(0.641093) X86TraceGenerator.cpp:1082: mkdir -p /benchrun/macsim/cuda6-transpose/sm86_rtx3070/input-repeat1-dimx64-dimy64/results/traces/_Z18transposeCoalescedPfS_ii_1/ (status 0)

(0.641110) X86TraceGenerator.cpp:1083: errno is 0 message is Success

(0.692225) CudaRuntime.cpp:1131: cudaMemcpy(0x16ce8b0, 0x16daa00, 16384)
(0.692234) CudaRuntime.cpp:215:    _memcpy(0x16ce8b0, 0x16daa00, 16384 bytes) d-to-h
(0.692261) CudaRuntime.cpp:1131: cudaMemcpy(0x16ce8b0, 0x16daa00, 16384)
(0.692263) CudaRuntime.cpp:215:    _memcpy(0x16ce8b0, 0x16daa00, 16384 bytes) d-to-h
transpose coalesced         , Throughput = 0.0005 GB/s, Time = 56.62322 ms, Size = 4096 fp32 elements, NumDevsUsed = 1, Workgroup = 256
(0.692292) CudaRuntime.cpp:2609: cudaConfigureCall()
(0.692295) CudaRuntime.cpp:2631: cudaSetupArgument() - offset 0, size 8
(0.692298) CudaRuntime.cpp:2631: cudaSetupArgument() - offset 8, size 8
(0.692300) CudaRuntime.cpp:2631: cudaSetupArgument() - offset 16, size 4
(0.692302) CudaRuntime.cpp:2631: cudaSetupArgument() - offset 20, size 4
(0.692321) CudaRuntime.cpp:142:  Mapping parameter at offset 0 of size 8 to offset 0 of size 8
   data = 0x00 0xaa 0x6d 0x01 0x00 0x00 0x00 0x00 
(0.692326) CudaRuntime.cpp:142:  Mapping parameter at offset 8 of size 8 to offset 8 of size 8
   data = 0x00 0x69 0x6d 0x01 0x00 0x00 0x00 0x00 
(0.692329) CudaRuntime.cpp:142:  Mapping parameter at offset 16 of size 4 to offset 16 of size 4
   data = 0x40 0x00 0x00 0x00 
(0.692333) CudaRuntime.cpp:142:  Mapping parameter at offset 20 of size 4 to offset 20 of size 4
   data = 0x40 0x00 0x00 0x00 
(0.692336) CudaRuntime.cpp:2685: kernel launch (_Z24transposeNoBankConflictsPfS_ii) on thread 0x16c7920
(0.692347) CudaRuntime.cpp:2706:  launch completed successfully
(0.693801) X86TraceGenerator.cpp:776:  New kernel launched
(0.693811) X86TraceGenerator.cpp:777:  compute version:2.0
(0.693818) X86TraceGenerator.cpp:778:  grid  4 x 4 x 1
(0.693826) X86TraceGenerator.cpp:779:  block 16 x 16 x 1
(0.693833) X86TraceGenerator.cpp:780:  number of warps per block:8
(0.693840) X86TraceGenerator.cpp:781:  number of total warps:128
(0.693846) X86TraceGenerator.cpp:782:  # threads per block : 256
(0.693853) X86TraceGenerator.cpp:783:  number of register per thread:8
(0.693860) X86TraceGenerator.cpp:784:  number of shared memory per thread:1088
(0.693867) X86TraceGenerator.cpp:822:  max blocks per core : 6
(0.697391) X86TraceGenerator.cpp:1082: mkdir -p /benchrun/macsim/cuda6-transpose/sm86_rtx3070/input-repeat1-dimx64-dimy64/results/traces/_Z24transposeNoBankConflictsPfS_ii_0/ (status 0)

(0.697402) X86TraceGenerator.cpp:1083: errno is 0 message is Success

(0.770599) CudaRuntime.cpp:2609: cudaConfigureCall()
(0.770610) CudaRuntime.cpp:2631: cudaSetupArgument() - offset 0, size 8
(0.770614) CudaRuntime.cpp:2631: cudaSetupArgument() - offset 8, size 8
(0.770617) CudaRuntime.cpp:2631: cudaSetupArgument() - offset 16, size 4
(0.770620) CudaRuntime.cpp:2631: cudaSetupArgument() - offset 20, size 4
(0.770638) CudaRuntime.cpp:142:  Mapping parameter at offset 0 of size 8 to offset 0 of size 8
   data = 0x00 0xaa 0x6d 0x01 0x00 0x00 0x00 0x00 
(0.770645) CudaRuntime.cpp:142:  Mapping parameter at offset 8 of size 8 to offset 8 of size 8
   data = 0x00 0x69 0x6d 0x01 0x00 0x00 0x00 0x00 
(0.770649) CudaRuntime.cpp:142:  Mapping parameter at offset 16 of size 4 to offset 16 of size 4
   data = 0x40 0x00 0x00 0x00 
(0.770654) CudaRuntime.cpp:142:  Mapping parameter at offset 20 of size 4 to offset 20 of size 4
   data = 0x40 0x00 0x00 0x00 
(0.770661) CudaRuntime.cpp:2685: kernel launch (_Z24transposeNoBankConflictsPfS_ii) on thread 0x16c7920
(0.770671) CudaRuntime.cpp:2706:  launch completed successfully
(0.772096) X86TraceGenerator.cpp:776:  New kernel launched
(0.772105) X86TraceGenerator.cpp:777:  compute version:2.0
(0.772109) X86TraceGenerator.cpp:778:  grid  4 x 4 x 1
(0.772116) X86TraceGenerator.cpp:779:  block 16 x 16 x 1
(0.772123) X86TraceGenerator.cpp:780:  number of warps per block:8
(0.772127) X86TraceGenerator.cpp:781:  number of total warps:128
(0.772136) X86TraceGenerator.cpp:782:  # threads per block : 256
(0.772143) X86TraceGenerator.cpp:783:  number of register per thread:8
(0.772147) X86TraceGenerator.cpp:784:  number of shared memory per thread:1088
(0.772151) X86TraceGenerator.cpp:822:  max blocks per core : 6
(0.776449) X86TraceGenerator.cpp:1082: mkdir -p /benchrun/macsim/cuda6-transpose/sm86_rtx3070/input-repeat1-dimx64-dimy64/results/traces/_Z24transposeNoBankConflictsPfS_ii_1/ (status 0)

(0.776465) X86TraceGenerator.cpp:1083: errno is 0 message is Success

(0.854805) CudaRuntime.cpp:1131: cudaMemcpy(0x16ce8b0, 0x16daa00, 16384)
(0.854840) CudaRuntime.cpp:215:    _memcpy(0x16ce8b0, 0x16daa00, 16384 bytes) d-to-h
(0.854926) CudaRuntime.cpp:1131: cudaMemcpy(0x16ce8b0, 0x16daa00, 16384)
(0.854935) CudaRuntime.cpp:215:    _memcpy(0x16ce8b0, 0x16daa00, 16384 bytes) d-to-h
transpose optimized         , Throughput = 0.0004 GB/s, Time = 84.19228 ms, Size = 4096 fp32 elements, NumDevsUsed = 1, Workgroup = 256
(0.855006) CudaRuntime.cpp:2609: cudaConfigureCall()
(0.855016) CudaRuntime.cpp:2631: cudaSetupArgument() - offset 0, size 8
(0.855024) CudaRuntime.cpp:2631: cudaSetupArgument() - offset 8, size 8
(0.855032) CudaRuntime.cpp:2631: cudaSetupArgument() - offset 16, size 4
(0.855039) CudaRuntime.cpp:2631: cudaSetupArgument() - offset 20, size 4
(0.855080) CudaRuntime.cpp:142:  Mapping parameter at offset 0 of size 8 to offset 0 of size 8
   data = 0x00 0xaa 0x6d 0x01 0x00 0x00 0x00 0x00 
(0.855097) CudaRuntime.cpp:142:  Mapping parameter at offset 8 of size 8 to offset 8 of size 8
   data = 0x00 0x69 0x6d 0x01 0x00 0x00 0x00 0x00 
(0.855107) CudaRuntime.cpp:142:  Mapping parameter at offset 16 of size 4 to offset 16 of size 4
   data = 0x40 0x00 0x00 0x00 
(0.855118) CudaRuntime.cpp:142:  Mapping parameter at offset 20 of size 4 to offset 20 of size 4
   data = 0x40 0x00 0x00 0x00 
(0.855127) CudaRuntime.cpp:2685: kernel launch (_Z22transposeCoarseGrainedPfS_ii) on thread 0x16c7920
(0.855150) CudaRuntime.cpp:2706:  launch completed successfully
(0.856853) X86TraceGenerator.cpp:776:  New kernel launched
(0.856863) X86TraceGenerator.cpp:777:  compute version:2.0
(0.856867) X86TraceGenerator.cpp:778:  grid  4 x 4 x 1
(0.856875) X86TraceGenerator.cpp:779:  block 16 x 16 x 1
(0.856884) X86TraceGenerator.cpp:780:  number of warps per block:8
(0.856890) X86TraceGenerator.cpp:781:  number of total warps:128
(0.856898) X86TraceGenerator.cpp:782:  # threads per block : 256
(0.856903) X86TraceGenerator.cpp:783:  number of register per thread:8
(0.856910) X86TraceGenerator.cpp:784:  number of shared memory per thread:1088
(0.856919) X86TraceGenerator.cpp:822:  max blocks per core : 6
(0.861308) X86TraceGenerator.cpp:1082: mkdir -p /benchrun/macsim/cuda6-transpose/sm86_rtx3070/input-repeat1-dimx64-dimy64/results/traces/_Z22transposeCoarseGrainedPfS_ii_0/ (status 0)

(0.861328) X86TraceGenerator.cpp:1083: errno is 0 message is Success

(0.933450) CudaRuntime.cpp:2609: cudaConfigureCall()
(0.933469) CudaRuntime.cpp:2631: cudaSetupArgument() - offset 0, size 8
(0.933478) CudaRuntime.cpp:2631: cudaSetupArgument() - offset 8, size 8
(0.933486) CudaRuntime.cpp:2631: cudaSetupArgument() - offset 16, size 4
(0.933494) CudaRuntime.cpp:2631: cudaSetupArgument() - offset 20, size 4
(0.933530) CudaRuntime.cpp:142:  Mapping parameter at offset 0 of size 8 to offset 0 of size 8
   data = 0x00 0xaa 0x6d 0x01 0x00 0x00 0x00 0x00 
(0.933547) CudaRuntime.cpp:142:  Mapping parameter at offset 8 of size 8 to offset 8 of size 8
   data = 0x00 0x69 0x6d 0x01 0x00 0x00 0x00 0x00 
(0.933558) CudaRuntime.cpp:142:  Mapping parameter at offset 16 of size 4 to offset 16 of size 4
   data = 0x40 0x00 0x00 0x00 
(0.933568) CudaRuntime.cpp:142:  Mapping parameter at offset 20 of size 4 to offset 20 of size 4
   data = 0x40 0x00 0x00 0x00 
(0.933584) CudaRuntime.cpp:2685: kernel launch (_Z22transposeCoarseGrainedPfS_ii) on thread 0x16c7920
(0.933604) CudaRuntime.cpp:2706:  launch completed successfully
(0.934594) X86TraceGenerator.cpp:776:  New kernel launched
(0.934603) X86TraceGenerator.cpp:777:  compute version:2.0
(0.934605) X86TraceGenerator.cpp:778:  grid  4 x 4 x 1
(0.934608) X86TraceGenerator.cpp:779:  block 16 x 16 x 1
(0.934610) X86TraceGenerator.cpp:780:  number of warps per block:8
(0.934613) X86TraceGenerator.cpp:781:  number of total warps:128
(0.934615) X86TraceGenerator.cpp:782:  # threads per block : 256
(0.934617) X86TraceGenerator.cpp:783:  number of register per thread:8
(0.934619) X86TraceGenerator.cpp:784:  number of shared memory per thread:1088
(0.934622) X86TraceGenerator.cpp:822:  max blocks per core : 6
(0.939020) X86TraceGenerator.cpp:1082: mkdir -p /benchrun/macsim/cuda6-transpose/sm86_rtx3070/input-repeat1-dimx64-dimy64/results/traces/_Z22transposeCoarseGrainedPfS_ii_1/ (status 0)

(0.939042) X86TraceGenerator.cpp:1083: errno is 0 message is Success

(0.993818) CudaRuntime.cpp:1131: cudaMemcpy(0x16ce8b0, 0x16daa00, 16384)
(0.993827) CudaRuntime.cpp:215:    _memcpy(0x16ce8b0, 0x16daa00, 16384 bytes) d-to-h
(0.993854) CudaRuntime.cpp:1131: cudaMemcpy(0x16ce8b0, 0x16daa00, 16384)
(0.993856) CudaRuntime.cpp:215:    _memcpy(0x16ce8b0, 0x16daa00, 16384 bytes) d-to-h
transpose coarse-grained    , Throughput = 0.0005 GB/s, Time = 60.38451 ms, Size = 4096 fp32 elements, NumDevsUsed = 1, Workgroup = 256
(0.993879) CudaRuntime.cpp:2609: cudaConfigureCall()
(0.993882) CudaRuntime.cpp:2631: cudaSetupArgument() - offset 0, size 8
(0.993885) CudaRuntime.cpp:2631: cudaSetupArgument() - offset 8, size 8
(0.993887) CudaRuntime.cpp:2631: cudaSetupArgument() - offset 16, size 4
(0.993889) CudaRuntime.cpp:2631: cudaSetupArgument() - offset 20, size 4
(0.993904) CudaRuntime.cpp:142:  Mapping parameter at offset 0 of size 8 to offset 0 of size 8
   data = 0x00 0xaa 0x6d 0x01 0x00 0x00 0x00 0x00 
(0.993909) CudaRuntime.cpp:142:  Mapping parameter at offset 8 of size 8 to offset 8 of size 8
   data = 0x00 0x69 0x6d 0x01 0x00 0x00 0x00 0x00 
(0.993912) CudaRuntime.cpp:142:  Mapping parameter at offset 16 of size 4 to offset 16 of size 4
   data = 0x40 0x00 0x00 0x00 
(0.993916) CudaRuntime.cpp:142:  Mapping parameter at offset 20 of size 4 to offset 20 of size 4
   data = 0x40 0x00 0x00 0x00 
(0.993919) CudaRuntime.cpp:2685: kernel launch (_Z20transposeFineGrainedPfS_ii) on thread 0x16c7920
(0.993930) CudaRuntime.cpp:2706:  launch completed successfully
(0.995100) X86TraceGenerator.cpp:776:  New kernel launched
(0.995106) X86TraceGenerator.cpp:777:  compute version:2.0
(0.995108) X86TraceGenerator.cpp:778:  grid  4 x 4 x 1
(0.995111) X86TraceGenerator.cpp:779:  block 16 x 16 x 1
(0.995113) X86TraceGenerator.cpp:780:  number of warps per block:8
(0.995115) X86TraceGenerator.cpp:781:  number of total warps:128
(0.995117) X86TraceGenerator.cpp:782:  # threads per block : 256
(0.995120) X86TraceGenerator.cpp:783:  number of register per thread:8
(0.995122) X86TraceGenerator.cpp:784:  number of shared memory per thread:1088
(0.995124) X86TraceGenerator.cpp:822:  max blocks per core : 6
(0.998290) X86TraceGenerator.cpp:1082: mkdir -p /benchrun/macsim/cuda6-transpose/sm86_rtx3070/input-repeat1-dimx64-dimy64/results/traces/_Z20transposeFineGrainedPfS_ii_0/ (status 0)

(0.998304) X86TraceGenerator.cpp:1083: errno is 0 message is Success

(1.052508) CudaRuntime.cpp:2609: cudaConfigureCall()
(1.052530) CudaRuntime.cpp:2631: cudaSetupArgument() - offset 0, size 8
(1.052542) CudaRuntime.cpp:2631: cudaSetupArgument() - offset 8, size 8
(1.052552) CudaRuntime.cpp:2631: cudaSetupArgument() - offset 16, size 4
(1.052561) CudaRuntime.cpp:2631: cudaSetupArgument() - offset 20, size 4
(1.052601) CudaRuntime.cpp:142:  Mapping parameter at offset 0 of size 8 to offset 0 of size 8
   data = 0x00 0xaa 0x6d 0x01 0x00 0x00 0x00 0x00 
(1.052619) CudaRuntime.cpp:142:  Mapping parameter at offset 8 of size 8 to offset 8 of size 8
   data = 0x00 0x69 0x6d 0x01 0x00 0x00 0x00 0x00 
(1.052653) CudaRuntime.cpp:142:  Mapping parameter at offset 16 of size 4 to offset 16 of size 4
   data = 0x40 0x00 0x00 0x00 
(1.052683) CudaRuntime.cpp:142:  Mapping parameter at offset 20 of size 4 to offset 20 of size 4
   data = 0x40 0x00 0x00 0x00 
(1.052708) CudaRuntime.cpp:2685: kernel launch (_Z20transposeFineGrainedPfS_ii) on thread 0x16c7920
(1.052743) CudaRuntime.cpp:2706:  launch completed successfully
(1.053961) X86TraceGenerator.cpp:776:  New kernel launched
(1.053968) X86TraceGenerator.cpp:777:  compute version:2.0
(1.053970) X86TraceGenerator.cpp:778:  grid  4 x 4 x 1
(1.053973) X86TraceGenerator.cpp:779:  block 16 x 16 x 1
(1.053975) X86TraceGenerator.cpp:780:  number of warps per block:8
(1.053977) X86TraceGenerator.cpp:781:  number of total warps:128
(1.053980) X86TraceGenerator.cpp:782:  # threads per block : 256
(1.053982) X86TraceGenerator.cpp:783:  number of register per thread:8
(1.053989) X86TraceGenerator.cpp:784:  number of shared memory per thread:1088
(1.053991) X86TraceGenerator.cpp:822:  max blocks per core : 6
(1.058255) X86TraceGenerator.cpp:1082: mkdir -p /benchrun/macsim/cuda6-transpose/sm86_rtx3070/input-repeat1-dimx64-dimy64/results/traces/_Z20transposeFineGrainedPfS_ii_1/ (status 0)

(1.058274) X86TraceGenerator.cpp:1083: errno is 0 message is Success

(1.113612) CudaRuntime.cpp:1131: cudaMemcpy(0x16ce8b0, 0x16daa00, 16384)
(1.113632) CudaRuntime.cpp:215:    _memcpy(0x16ce8b0, 0x16daa00, 16384 bytes) d-to-h
(1.113715) CudaRuntime.cpp:1131: cudaMemcpy(0x16ce8b0, 0x16daa00, 16384)
(1.113722) CudaRuntime.cpp:215:    _memcpy(0x16ce8b0, 0x16daa00, 16384 bytes) d-to-h
transpose fine-grained      , Throughput = 0.0005 GB/s, Time = 61.10191 ms, Size = 4096 fp32 elements, NumDevsUsed = 1, Workgroup = 256
(1.113793) CudaRuntime.cpp:2609: cudaConfigureCall()
(1.113801) CudaRuntime.cpp:2631: cudaSetupArgument() - offset 0, size 8
(1.113810) CudaRuntime.cpp:2631: cudaSetupArgument() - offset 8, size 8
(1.113817) CudaRuntime.cpp:2631: cudaSetupArgument() - offset 16, size 4
(1.113825) CudaRuntime.cpp:2631: cudaSetupArgument() - offset 20, size 4
(1.113873) CudaRuntime.cpp:142:  Mapping parameter at offset 0 of size 8 to offset 0 of size 8
   data = 0x00 0xaa 0x6d 0x01 0x00 0x00 0x00 0x00 
(1.113889) CudaRuntime.cpp:142:  Mapping parameter at offset 8 of size 8 to offset 8 of size 8
   data = 0x00 0x69 0x6d 0x01 0x00 0x00 0x00 0x00 
(1.113900) CudaRuntime.cpp:142:  Mapping parameter at offset 16 of size 4 to offset 16 of size 4
   data = 0x40 0x00 0x00 0x00 
(1.113911) CudaRuntime.cpp:142:  Mapping parameter at offset 20 of size 4 to offset 20 of size 4
   data = 0x40 0x00 0x00 0x00 
(1.113920) CudaRuntime.cpp:2685: kernel launch (_Z17transposeDiagonalPfS_ii) on thread 0x16c7920
(1.113938) CudaRuntime.cpp:2706:  launch completed successfully
(1.115299) X86TraceGenerator.cpp:776:  New kernel launched
(1.115305) X86TraceGenerator.cpp:777:  compute version:2.0
(1.115308) X86TraceGenerator.cpp:778:  grid  4 x 4 x 1
(1.115310) X86TraceGenerator.cpp:779:  block 16 x 16 x 1
(1.115313) X86TraceGenerator.cpp:780:  number of warps per block:8
(1.115315) X86TraceGenerator.cpp:781:  number of total warps:128
(1.115317) X86TraceGenerator.cpp:782:  # threads per block : 256
(1.115319) X86TraceGenerator.cpp:783:  number of register per thread:10
(1.115321) X86TraceGenerator.cpp:784:  number of shared memory per thread:1088
(1.115324) X86TraceGenerator.cpp:822:  max blocks per core : 6
(1.119550) X86TraceGenerator.cpp:1082: mkdir -p /benchrun/macsim/cuda6-transpose/sm86_rtx3070/input-repeat1-dimx64-dimy64/results/traces/_Z17transposeDiagonalPfS_ii_0/ (status 0)

(1.119564) X86TraceGenerator.cpp:1083: errno is 0 message is Success

(1.186513) CudaRuntime.cpp:2609: cudaConfigureCall()
(1.186532) CudaRuntime.cpp:2631: cudaSetupArgument() - offset 0, size 8
(1.186541) CudaRuntime.cpp:2631: cudaSetupArgument() - offset 8, size 8
(1.186548) CudaRuntime.cpp:2631: cudaSetupArgument() - offset 16, size 4
(1.186556) CudaRuntime.cpp:2631: cudaSetupArgument() - offset 20, size 4
(1.186593) CudaRuntime.cpp:142:  Mapping parameter at offset 0 of size 8 to offset 0 of size 8
   data = 0x00 0xaa 0x6d 0x01 0x00 0x00 0x00 0x00 
(1.186609) CudaRuntime.cpp:142:  Mapping parameter at offset 8 of size 8 to offset 8 of size 8
   data = 0x00 0x69 0x6d 0x01 0x00 0x00 0x00 0x00 
(1.186620) CudaRuntime.cpp:142:  Mapping parameter at offset 16 of size 4 to offset 16 of size 4
   data = 0x40 0x00 0x00 0x00 
(1.186630) CudaRuntime.cpp:142:  Mapping parameter at offset 20 of size 4 to offset 20 of size 4
   data = 0x40 0x00 0x00 0x00 
(1.186647) CudaRuntime.cpp:2685: kernel launch (_Z17transposeDiagonalPfS_ii) on thread 0x16c7920
(1.186671) CudaRuntime.cpp:2706:  launch completed successfully
(1.188013) X86TraceGenerator.cpp:776:  New kernel launched
(1.188021) X86TraceGenerator.cpp:777:  compute version:2.0
(1.188023) X86TraceGenerator.cpp:778:  grid  4 x 4 x 1
(1.188026) X86TraceGenerator.cpp:779:  block 16 x 16 x 1
(1.188033) X86TraceGenerator.cpp:780:  number of warps per block:8
(1.188035) X86TraceGenerator.cpp:781:  number of total warps:128
(1.188038) X86TraceGenerator.cpp:782:  # threads per block : 256
(1.188040) X86TraceGenerator.cpp:783:  number of register per thread:10
(1.188042) X86TraceGenerator.cpp:784:  number of shared memory per thread:1088
(1.188045) X86TraceGenerator.cpp:822:  max blocks per core : 6
(1.192507) X86TraceGenerator.cpp:1082: mkdir -p /benchrun/macsim/cuda6-transpose/sm86_rtx3070/input-repeat1-dimx64-dimy64/results/traces/_Z17transposeDiagonalPfS_ii_1/ (status 0)

(1.192540) X86TraceGenerator.cpp:1083: errno is 0 message is Success

(1.266854) CudaRuntime.cpp:1131: cudaMemcpy(0x16ce8b0, 0x16daa00, 16384)
(1.266873) CudaRuntime.cpp:215:    _memcpy(0x16ce8b0, 0x16daa00, 16384 bytes) d-to-h
(1.266958) CudaRuntime.cpp:1131: cudaMemcpy(0x16ce8b0, 0x16daa00, 16384)
(1.266966) CudaRuntime.cpp:215:    _memcpy(0x16ce8b0, 0x16daa00, 16384 bytes) d-to-h
transpose diagonal          , Throughput = 0.0004 GB/s, Time = 80.33824 ms, Size = 4096 fp32 elements, NumDevsUsed = 1, Workgroup = 256
(1.267059) CudaRuntime.cpp:887:  cudaFree(0x16d6900)
(1.267089) CudaRuntime.cpp:887:  cudaFree(0x16daa00)
Test passed
(1.269133) X86TraceGenerator.cpp:725:  destructor
(1.269669) X86TraceGenerator.cpp:2259: finalize
(1.269694) X86TraceGenerator.cpp:2263: total instruction count: 9216
