####################################################################################################
Interval
####################################################################################################
Cumulative:         Cycles:                  20000     Instructions:                  1200
DRAM_PRECHARGE                                               1861                          1861

DRAM_ACTIVATE                                                2053                          2053

DRAM_COLUMN                                                187502                        187502

DRAM_AVG_LATENCY_BASE                                      187502                        187502

DRAM_AVG_LATENCY                                        191408486                       1020.83

BANDWIDTH_TOT                                            24000128                      24000128

DRAM_CHANNEL0_BANDWIDTH_SATURATED                           90778                         90778

DRAM_CHANNEL1_BANDWIDTH_SATURATED                           89537                         89537

DRAM_CHANNEL2_BANDWIDTH_SATURATED                           93744                         93744

DRAM_CHANNEL3_BANDWIDTH_SATURATED                           88917                         88917

DRAM_CHANNEL4_BANDWIDTH_SATURATED                               0                             0

DRAM_CHANNEL5_BANDWIDTH_SATURATED                               0                             0

DRAM_CHANNEL6_BANDWIDTH_SATURATED                               0                             0

DRAM_CHANNEL7_BANDWIDTH_SATURATED                               0                             0

DRAM_CHANNEL0_DBUS_IDLE                                   5822520                       5822520

DRAM_CHANNEL1_DBUS_IDLE                                   5822088                       5822088

DRAM_CHANNEL2_DBUS_IDLE                                   5814312                       5814312

DRAM_CHANNEL3_DBUS_IDLE                                   5827688                       5827688

DRAM_CHANNEL4_DBUS_IDLE                                         0                             0

DRAM_CHANNEL5_DBUS_IDLE                                         0                             0

DRAM_CHANNEL6_DBUS_IDLE                                         0                             0

DRAM_CHANNEL7_DBUS_IDLE                                         0                             0

