options: Options {
    input: "/benchrun/tejas/sm86_rtx3070/cuda6-transpose/input-repeat1-dimx32-dimy32/results/stats.txt",
    output: "/benchrun/tejas/sm86_rtx3070/cuda6-transpose/input-repeat1-dimx32-dimy32/results/stats.csv",
}
stats: Stats {
    emulator_type: Some(
        "OCELOT",
    ),
    created: None,
    sim_time: Some(
        36.732s,
    ),
    total_inst_count: Some(
        2304,
    ),
    total_cycle_count: Some(
        9489,
    ),
    dram_total_reads: 0,
    dram_total_writes: 0,
    dram_avg_read_latency: Some(
        0.0,
    ),
    total_instr_cache_access: Some(
        0,
    ),
    total_const_cache_access: Some(
        0,
    ),
    total_shared_cache_access: Some(
        0,
    ),
    total_instr_cache_misses: Some(
        4,
    ),
    total_const_cache_misses: Some(
        68,
    ),
    total_shared_cache_misses: Some(
        0,
    ),
    kips: Some(
        0.06272459980398562,
    ),
    total_ipc: Some(
        0.2428074612709453,
    ),
}
done after 29.194499ms
