(0.000484) CudaRuntime.cpp:3813: Adding external function 'malloc'
(0.000546) CudaRuntime.cpp:3813: Adding external function 'free'
(0.000555) CudaRuntime.cpp:3813: Adding external function 'vprintf'
(0.000562) CudaRuntime.cpp:3813: Adding external function 'cudaGetParameterBuffer'
(0.000616) CudaRuntime.cpp:595:  Loading module (fatbin) - transposeTejas.cu
(0.000626) CudaRuntime.cpp:738:  Registered kernel - _Z22transposeCoarseGrainedPfS_ii in module 'transposeTejas.cu'
(0.000639) CudaRuntime.cpp:738:  Registered kernel - _Z20transposeFineGrainedPfS_ii in module 'transposeTejas.cu'
(0.000647) CudaRuntime.cpp:738:  Registered kernel - _Z17transposeDiagonalPfS_ii in module 'transposeTejas.cu'
(0.000654) CudaRuntime.cpp:738:  Registered kernel - _Z24transposeNoBankConflictsPfS_ii in module 'transposeTejas.cu'
(0.000660) CudaRuntime.cpp:738:  Registered kernel - _Z18transposeCoalescedPfS_ii in module 'transposeTejas.cu'
(0.000667) CudaRuntime.cpp:738:  Registered kernel - _Z14transposeNaivePfS_ii in module 'transposeTejas.cu'
(0.000674) CudaRuntime.cpp:738:  Registered kernel - _Z13copySharedMemPfS_ii in module 'transposeTejas.cu'
(0.000681) CudaRuntime.cpp:738:  Registered kernel - _Z4copyPfS_ii in module 'transposeTejas.cu'
Transpose Starting...

(0.000741) CudaRuntime.cpp:446:  Creating new context for thread 0x114dec0
(0.000767) CudaRuntime.cpp:276:  Creating devices.
(0.000885) CudaRuntime.cpp:288:   - Added 1 emulator devices.
(0.000976) CudaRuntime.cpp:2203: cuda::CudaRuntime::cudaGetDeviceProperties(dev = 0) - major: 2, minor: 1
(0.000990) CudaRuntime.cpp:2241:   returning: prop->major = 2, prop->minor = 1
(0.001183) CudaRuntime.cpp:276:  Creating devices.
(0.001261) CudaRuntime.cpp:288:   - Added 1 emulator devices.
(0.001309) CudaRuntime.cpp:2203: cuda::CudaRuntime::cudaGetDeviceProperties(dev = 0) - major: 2, minor: 1
(0.001318) CudaRuntime.cpp:2241:   returning: prop->major = 2, prop->minor = 1
(0.001413) CudaRuntime.cpp:2289: Setting device for thread 0x114dec0 to 0
(0.001422) CudaRuntime.cpp:276:  Creating devices.
(0.001484) CudaRuntime.cpp:288:   - Added 1 emulator devices.
(0.001535) CudaRuntime.cpp:2203: cuda::CudaRuntime::cudaGetDeviceProperties(dev = 0) - major: 2, minor: 1
(0.001543) CudaRuntime.cpp:2241:   returning: prop->major = 2, prop->minor = 1
GPU Device 0: "Ocelot PTX Emulator" with compute capability 2.1

(0.001643) CudaRuntime.cpp:276:  Creating devices.
(0.001703) CudaRuntime.cpp:288:   - Added 1 emulator devices.
(0.001741) CudaRuntime.cpp:2203: cuda::CudaRuntime::cudaGetDeviceProperties(dev = 0) - major: 2, minor: 1
(0.001749) CudaRuntime.cpp:2241:   returning: prop->major = 2, prop->minor = 1
> Device 0: "Ocelot PTX Emulator"
> SM Capability 2.1 detected:
> [Ocelot PTX Emulator] has 1 MP(s) x 48 (Cores/MP) = 48 (Cores)
> Compute performance scaling factor = 4.00
> MatrixSize X = 32
> MatrixSize Y = 32
(0.001840) CudaRuntime.cpp:276:  Creating devices.
(0.001900) CudaRuntime.cpp:288:   - Added 1 emulator devices.
(0.001954) CudaRuntime.cpp:787:  cudaMalloc( *devPtr = 0x1154a00, size = 4096)
(0.001975) CudaRuntime.cpp:787:  cudaMalloc( *devPtr = 0x1155b00, size = 4096)
(0.001997) CudaRuntime.cpp:1131: cudaMemcpy(0x1154a00, 0x11517e0, 4096)
(0.002005) CudaRuntime.cpp:251:    _memcpy(0x1154a00, 0x11517e0, 4096 bytes) h-to-d

Matrix size: 32x32 (2x2 tiles), tile size: 16x16, block size: 16x16

(0.002040) CudaRuntime.cpp:2609: cudaConfigureCall()
(0.002048) CudaRuntime.cpp:2631: cudaSetupArgument() - offset 0, size 8
(0.002056) CudaRuntime.cpp:2631: cudaSetupArgument() - offset 8, size 8
(0.002064) CudaRuntime.cpp:2631: cudaSetupArgument() - offset 16, size 4
(0.002071) CudaRuntime.cpp:2631: cudaSetupArgument() - offset 20, size 4
(0.011078) CudaRuntime.cpp:142:  Mapping parameter at offset 0 of size 8 to offset 0 of size 8
   data = 0x00 0x5b 0x15 0x01 0x00 0x00 0x00 0x00 
(0.011091) CudaRuntime.cpp:142:  Mapping parameter at offset 8 of size 8 to offset 8 of size 8
   data = 0x00 0x4a 0x15 0x01 0x00 0x00 0x00 0x00 
(0.011097) CudaRuntime.cpp:142:  Mapping parameter at offset 16 of size 4 to offset 16 of size 4
   data = 0x20 0x00 0x00 0x00 
(0.011110) CudaRuntime.cpp:142:  Mapping parameter at offset 20 of size 4 to offset 20 of size 4
   data = 0x20 0x00 0x00 0x00 
(0.011116) CudaRuntime.cpp:2685: kernel launch (_Z4copyPfS_ii) on thread 0x114dec0
(0.011130) CudaRuntime.cpp:2706:  launch completed successfully
(0.019114) CudaRuntime.cpp:2609: cudaConfigureCall()
(0.019123) CudaRuntime.cpp:2631: cudaSetupArgument() - offset 0, size 8
(0.019130) CudaRuntime.cpp:2631: cudaSetupArgument() - offset 8, size 8
(0.019136) CudaRuntime.cpp:2631: cudaSetupArgument() - offset 16, size 4
(0.019142) CudaRuntime.cpp:2631: cudaSetupArgument() - offset 20, size 4
(0.019156) CudaRuntime.cpp:142:  Mapping parameter at offset 0 of size 8 to offset 0 of size 8
   data = 0x00 0x5b 0x15 0x01 0x00 0x00 0x00 0x00 
(0.019166) CudaRuntime.cpp:142:  Mapping parameter at offset 8 of size 8 to offset 8 of size 8
   data = 0x00 0x4a 0x15 0x01 0x00 0x00 0x00 0x00 
(0.019175) CudaRuntime.cpp:142:  Mapping parameter at offset 16 of size 4 to offset 16 of size 4
   data = 0x20 0x00 0x00 0x00 
(0.019184) CudaRuntime.cpp:142:  Mapping parameter at offset 20 of size 4 to offset 20 of size 4
   data = 0x20 0x00 0x00 0x00 
(0.019191) CudaRuntime.cpp:2685: kernel launch (_Z4copyPfS_ii) on thread 0x114dec0
(0.019203) CudaRuntime.cpp:2706:  launch completed successfully
(0.024895) CudaRuntime.cpp:1131: cudaMemcpy(0x11527f0, 0x1155b00, 4096)
(0.024907) CudaRuntime.cpp:215:    _memcpy(0x11527f0, 0x1155b00, 4096 bytes) d-to-h
(0.024926) CudaRuntime.cpp:1131: cudaMemcpy(0x11527f0, 0x1155b00, 4096)
(0.024931) CudaRuntime.cpp:215:    _memcpy(0x11527f0, 0x1155b00, 4096 bytes) d-to-h
transpose simple copy       , Throughput = 0.0013 GB/s, Time = 5.77378 ms, Size = 1024 fp32 elements, NumDevsUsed = 1, Workgroup = 256
(0.024952) CudaRuntime.cpp:2609: cudaConfigureCall()
(0.024958) CudaRuntime.cpp:2631: cudaSetupArgument() - offset 0, size 8
(0.024965) CudaRuntime.cpp:2631: cudaSetupArgument() - offset 8, size 8
(0.024970) CudaRuntime.cpp:2631: cudaSetupArgument() - offset 16, size 4
(0.024976) CudaRuntime.cpp:2631: cudaSetupArgument() - offset 20, size 4
(0.024992) CudaRuntime.cpp:142:  Mapping parameter at offset 0 of size 8 to offset 0 of size 8
   data = 0x00 0x5b 0x15 0x01 0x00 0x00 0x00 0x00 
(0.025001) CudaRuntime.cpp:142:  Mapping parameter at offset 8 of size 8 to offset 8 of size 8
   data = 0x00 0x4a 0x15 0x01 0x00 0x00 0x00 0x00 
(0.025009) CudaRuntime.cpp:142:  Mapping parameter at offset 16 of size 4 to offset 16 of size 4
   data = 0x20 0x00 0x00 0x00 
(0.025017) CudaRuntime.cpp:142:  Mapping parameter at offset 20 of size 4 to offset 20 of size 4
   data = 0x20 0x00 0x00 0x00 
(0.025024) CudaRuntime.cpp:2685: kernel launch (_Z13copySharedMemPfS_ii) on thread 0x114dec0
(0.025038) CudaRuntime.cpp:2706:  launch completed successfully
(0.032917) CudaRuntime.cpp:2609: cudaConfigureCall()
(0.032933) CudaRuntime.cpp:2631: cudaSetupArgument() - offset 0, size 8
(0.032942) CudaRuntime.cpp:2631: cudaSetupArgument() - offset 8, size 8
(0.032949) CudaRuntime.cpp:2631: cudaSetupArgument() - offset 16, size 4
(0.032957) CudaRuntime.cpp:2631: cudaSetupArgument() - offset 20, size 4
(0.032977) CudaRuntime.cpp:142:  Mapping parameter at offset 0 of size 8 to offset 0 of size 8
   data = 0x00 0x5b 0x15 0x01 0x00 0x00 0x00 0x00 
(0.032990) CudaRuntime.cpp:142:  Mapping parameter at offset 8 of size 8 to offset 8 of size 8
   data = 0x00 0x4a 0x15 0x01 0x00 0x00 0x00 0x00 
(0.033000) CudaRuntime.cpp:142:  Mapping parameter at offset 16 of size 4 to offset 16 of size 4
   data = 0x20 0x00 0x00 0x00 
(0.033011) CudaRuntime.cpp:142:  Mapping parameter at offset 20 of size 4 to offset 20 of size 4
   data = 0x20 0x00 0x00 0x00 
(0.033020) CudaRuntime.cpp:2685: kernel launch (_Z13copySharedMemPfS_ii) on thread 0x114dec0
(0.033038) CudaRuntime.cpp:2706:  launch completed successfully
(0.041079) CudaRuntime.cpp:1131: cudaMemcpy(0x11527f0, 0x1155b00, 4096)
(0.041095) CudaRuntime.cpp:215:    _memcpy(0x11527f0, 0x1155b00, 4096 bytes) d-to-h
(0.041120) CudaRuntime.cpp:1131: cudaMemcpy(0x11527f0, 0x1155b00, 4096)
(0.041147) CudaRuntime.cpp:215:    _memcpy(0x11527f0, 0x1155b00, 4096 bytes) d-to-h
transpose shared memory copy, Throughput = 0.0009 GB/s, Time = 8.15892 ms, Size = 1024 fp32 elements, NumDevsUsed = 1, Workgroup = 256
(0.041176) CudaRuntime.cpp:2609: cudaConfigureCall()
(0.041184) CudaRuntime.cpp:2631: cudaSetupArgument() - offset 0, size 8
(0.041192) CudaRuntime.cpp:2631: cudaSetupArgument() - offset 8, size 8
(0.041200) CudaRuntime.cpp:2631: cudaSetupArgument() - offset 16, size 4
(0.041207) CudaRuntime.cpp:2631: cudaSetupArgument() - offset 20, size 4
(0.041228) CudaRuntime.cpp:142:  Mapping parameter at offset 0 of size 8 to offset 0 of size 8
   data = 0x00 0x5b 0x15 0x01 0x00 0x00 0x00 0x00 
(0.041240) CudaRuntime.cpp:142:  Mapping parameter at offset 8 of size 8 to offset 8 of size 8
   data = 0x00 0x4a 0x15 0x01 0x00 0x00 0x00 0x00 
(0.041250) CudaRuntime.cpp:142:  Mapping parameter at offset 16 of size 4 to offset 16 of size 4
   data = 0x20 0x00 0x00 0x00 
(0.041261) CudaRuntime.cpp:142:  Mapping parameter at offset 20 of size 4 to offset 20 of size 4
   data = 0x20 0x00 0x00 0x00 
(0.041269) CudaRuntime.cpp:2685: kernel launch (_Z14transposeNaivePfS_ii) on thread 0x114dec0
(0.041286) CudaRuntime.cpp:2706:  launch completed successfully
(0.044433) CudaRuntime.cpp:2609: cudaConfigureCall()
(0.044448) CudaRuntime.cpp:2631: cudaSetupArgument() - offset 0, size 8
(0.044457) CudaRuntime.cpp:2631: cudaSetupArgument() - offset 8, size 8
(0.044465) CudaRuntime.cpp:2631: cudaSetupArgument() - offset 16, size 4
(0.044472) CudaRuntime.cpp:2631: cudaSetupArgument() - offset 20, size 4
(0.044492) CudaRuntime.cpp:142:  Mapping parameter at offset 0 of size 8 to offset 0 of size 8
   data = 0x00 0x5b 0x15 0x01 0x00 0x00 0x00 0x00 
(0.044505) CudaRuntime.cpp:142:  Mapping parameter at offset 8 of size 8 to offset 8 of size 8
   data = 0x00 0x4a 0x15 0x01 0x00 0x00 0x00 0x00 
(0.044516) CudaRuntime.cpp:142:  Mapping parameter at offset 16 of size 4 to offset 16 of size 4
   data = 0x20 0x00 0x00 0x00 
(0.044527) CudaRuntime.cpp:142:  Mapping parameter at offset 20 of size 4 to offset 20 of size 4
   data = 0x20 0x00 0x00 0x00 
(0.044536) CudaRuntime.cpp:2685: kernel launch (_Z14transposeNaivePfS_ii) on thread 0x114dec0
(0.044554) CudaRuntime.cpp:2706:  launch completed successfully
(0.048960) CudaRuntime.cpp:1131: cudaMemcpy(0x11527f0, 0x1155b00, 4096)
(0.048976) CudaRuntime.cpp:215:    _memcpy(0x11527f0, 0x1155b00, 4096 bytes) d-to-h
(0.049000) CudaRuntime.cpp:1131: cudaMemcpy(0x11527f0, 0x1155b00, 4096)
(0.049008) CudaRuntime.cpp:215:    _memcpy(0x11527f0, 0x1155b00, 4096 bytes) d-to-h
transpose naive             , Throughput = 0.0017 GB/s, Time = 4.52375 ms, Size = 1024 fp32 elements, NumDevsUsed = 1, Workgroup = 256
(0.049035) CudaRuntime.cpp:2609: cudaConfigureCall()
(0.049043) CudaRuntime.cpp:2631: cudaSetupArgument() - offset 0, size 8
(0.049051) CudaRuntime.cpp:2631: cudaSetupArgument() - offset 8, size 8
(0.049059) CudaRuntime.cpp:2631: cudaSetupArgument() - offset 16, size 4
(0.049066) CudaRuntime.cpp:2631: cudaSetupArgument() - offset 20, size 4
(0.049087) CudaRuntime.cpp:142:  Mapping parameter at offset 0 of size 8 to offset 0 of size 8
   data = 0x00 0x5b 0x15 0x01 0x00 0x00 0x00 0x00 
(0.049099) CudaRuntime.cpp:142:  Mapping parameter at offset 8 of size 8 to offset 8 of size 8
   data = 0x00 0x4a 0x15 0x01 0x00 0x00 0x00 0x00 
(0.049110) CudaRuntime.cpp:142:  Mapping parameter at offset 16 of size 4 to offset 16 of size 4
   data = 0x20 0x00 0x00 0x00 
(0.049121) CudaRuntime.cpp:142:  Mapping parameter at offset 20 of size 4 to offset 20 of size 4
   data = 0x20 0x00 0x00 0x00 
(0.049130) CudaRuntime.cpp:2685: kernel launch (_Z18transposeCoalescedPfS_ii) on thread 0x114dec0
(0.049148) CudaRuntime.cpp:2706:  launch completed successfully
(0.052908) CudaRuntime.cpp:2609: cudaConfigureCall()
(0.052923) CudaRuntime.cpp:2631: cudaSetupArgument() - offset 0, size 8
(0.052932) CudaRuntime.cpp:2631: cudaSetupArgument() - offset 8, size 8
(0.052940) CudaRuntime.cpp:2631: cudaSetupArgument() - offset 16, size 4
(0.052958) CudaRuntime.cpp:2631: cudaSetupArgument() - offset 20, size 4
(0.052980) CudaRuntime.cpp:142:  Mapping parameter at offset 0 of size 8 to offset 0 of size 8
   data = 0x00 0x5b 0x15 0x01 0x00 0x00 0x00 0x00 
(0.052993) CudaRuntime.cpp:142:  Mapping parameter at offset 8 of size 8 to offset 8 of size 8
   data = 0x00 0x4a 0x15 0x01 0x00 0x00 0x00 0x00 
(0.053004) CudaRuntime.cpp:142:  Mapping parameter at offset 16 of size 4 to offset 16 of size 4
   data = 0x20 0x00 0x00 0x00 
(0.053015) CudaRuntime.cpp:142:  Mapping parameter at offset 20 of size 4 to offset 20 of size 4
   data = 0x20 0x00 0x00 0x00 
(0.053024) CudaRuntime.cpp:2685: kernel launch (_Z18transposeCoalescedPfS_ii) on thread 0x114dec0
(0.053042) CudaRuntime.cpp:2706:  launch completed successfully
(0.056809) CudaRuntime.cpp:1131: cudaMemcpy(0x11527f0, 0x1155b00, 4096)
(0.056826) CudaRuntime.cpp:215:    _memcpy(0x11527f0, 0x1155b00, 4096 bytes) d-to-h
(0.056850) CudaRuntime.cpp:1131: cudaMemcpy(0x11527f0, 0x1155b00, 4096)
(0.056858) CudaRuntime.cpp:215:    _memcpy(0x11527f0, 0x1155b00, 4096 bytes) d-to-h
transpose coalesced         , Throughput = 0.0020 GB/s, Time = 3.89934 ms, Size = 1024 fp32 elements, NumDevsUsed = 1, Workgroup = 256
(0.056885) CudaRuntime.cpp:2609: cudaConfigureCall()
(0.056893) CudaRuntime.cpp:2631: cudaSetupArgument() - offset 0, size 8
(0.056901) CudaRuntime.cpp:2631: cudaSetupArgument() - offset 8, size 8
(0.056909) CudaRuntime.cpp:2631: cudaSetupArgument() - offset 16, size 4
(0.056916) CudaRuntime.cpp:2631: cudaSetupArgument() - offset 20, size 4
(0.056936) CudaRuntime.cpp:142:  Mapping parameter at offset 0 of size 8 to offset 0 of size 8
   data = 0x00 0x5b 0x15 0x01 0x00 0x00 0x00 0x00 
(0.056948) CudaRuntime.cpp:142:  Mapping parameter at offset 8 of size 8 to offset 8 of size 8
   data = 0x00 0x4a 0x15 0x01 0x00 0x00 0x00 0x00 
(0.056959) CudaRuntime.cpp:142:  Mapping parameter at offset 16 of size 4 to offset 16 of size 4
   data = 0x20 0x00 0x00 0x00 
(0.056969) CudaRuntime.cpp:142:  Mapping parameter at offset 20 of size 4 to offset 20 of size 4
   data = 0x20 0x00 0x00 0x00 
(0.056978) CudaRuntime.cpp:2685: kernel launch (_Z24transposeNoBankConflictsPfS_ii) on thread 0x114dec0
(0.056998) CudaRuntime.cpp:2706:  launch completed successfully
(0.060380) CudaRuntime.cpp:2609: cudaConfigureCall()
(0.060395) CudaRuntime.cpp:2631: cudaSetupArgument() - offset 0, size 8
(0.060404) CudaRuntime.cpp:2631: cudaSetupArgument() - offset 8, size 8
(0.060412) CudaRuntime.cpp:2631: cudaSetupArgument() - offset 16, size 4
(0.060420) CudaRuntime.cpp:2631: cudaSetupArgument() - offset 20, size 4
(0.060440) CudaRuntime.cpp:142:  Mapping parameter at offset 0 of size 8 to offset 0 of size 8
   data = 0x00 0x5b 0x15 0x01 0x00 0x00 0x00 0x00 
(0.060452) CudaRuntime.cpp:142:  Mapping parameter at offset 8 of size 8 to offset 8 of size 8
   data = 0x00 0x4a 0x15 0x01 0x00 0x00 0x00 0x00 
(0.060463) CudaRuntime.cpp:142:  Mapping parameter at offset 16 of size 4 to offset 16 of size 4
   data = 0x20 0x00 0x00 0x00 
(0.060473) CudaRuntime.cpp:142:  Mapping parameter at offset 20 of size 4 to offset 20 of size 4
   data = 0x20 0x00 0x00 0x00 
(0.060482) CudaRuntime.cpp:2685: kernel launch (_Z24transposeNoBankConflictsPfS_ii) on thread 0x114dec0
(0.060501) CudaRuntime.cpp:2706:  launch completed successfully
(0.063629) CudaRuntime.cpp:1131: cudaMemcpy(0x11527f0, 0x1155b00, 4096)
(0.063645) CudaRuntime.cpp:215:    _memcpy(0x11527f0, 0x1155b00, 4096 bytes) d-to-h
(0.063669) CudaRuntime.cpp:1131: cudaMemcpy(0x11527f0, 0x1155b00, 4096)
(0.063677) CudaRuntime.cpp:215:    _memcpy(0x11527f0, 0x1155b00, 4096 bytes) d-to-h
transpose optimized         , Throughput = 0.0024 GB/s, Time = 3.24583 ms, Size = 1024 fp32 elements, NumDevsUsed = 1, Workgroup = 256
(0.063704) CudaRuntime.cpp:2609: cudaConfigureCall()
(0.063712) CudaRuntime.cpp:2631: cudaSetupArgument() - offset 0, size 8
(0.063720) CudaRuntime.cpp:2631: cudaSetupArgument() - offset 8, size 8
(0.063728) CudaRuntime.cpp:2631: cudaSetupArgument() - offset 16, size 4
(0.063735) CudaRuntime.cpp:2631: cudaSetupArgument() - offset 20, size 4
(0.063766) CudaRuntime.cpp:142:  Mapping parameter at offset 0 of size 8 to offset 0 of size 8
   data = 0x00 0x5b 0x15 0x01 0x00 0x00 0x00 0x00 
(0.063779) CudaRuntime.cpp:142:  Mapping parameter at offset 8 of size 8 to offset 8 of size 8
   data = 0x00 0x4a 0x15 0x01 0x00 0x00 0x00 0x00 
(0.063790) CudaRuntime.cpp:142:  Mapping parameter at offset 16 of size 4 to offset 16 of size 4
   data = 0x20 0x00 0x00 0x00 
(0.063801) CudaRuntime.cpp:142:  Mapping parameter at offset 20 of size 4 to offset 20 of size 4
   data = 0x20 0x00 0x00 0x00 
(0.063809) CudaRuntime.cpp:2685: kernel launch (_Z22transposeCoarseGrainedPfS_ii) on thread 0x114dec0
(0.063826) CudaRuntime.cpp:2706:  launch completed successfully
(0.066468) CudaRuntime.cpp:2609: cudaConfigureCall()
(0.066483) CudaRuntime.cpp:2631: cudaSetupArgument() - offset 0, size 8
(0.066492) CudaRuntime.cpp:2631: cudaSetupArgument() - offset 8, size 8
(0.066499) CudaRuntime.cpp:2631: cudaSetupArgument() - offset 16, size 4
(0.066507) CudaRuntime.cpp:2631: cudaSetupArgument() - offset 20, size 4
(0.066527) CudaRuntime.cpp:142:  Mapping parameter at offset 0 of size 8 to offset 0 of size 8
   data = 0x00 0x5b 0x15 0x01 0x00 0x00 0x00 0x00 
(0.066540) CudaRuntime.cpp:142:  Mapping parameter at offset 8 of size 8 to offset 8 of size 8
   data = 0x00 0x4a 0x15 0x01 0x00 0x00 0x00 0x00 
(0.066551) CudaRuntime.cpp:142:  Mapping parameter at offset 16 of size 4 to offset 16 of size 4
   data = 0x20 0x00 0x00 0x00 
(0.066562) CudaRuntime.cpp:142:  Mapping parameter at offset 20 of size 4 to offset 20 of size 4
   data = 0x20 0x00 0x00 0x00 
(0.066571) CudaRuntime.cpp:2685: kernel launch (_Z22transposeCoarseGrainedPfS_ii) on thread 0x114dec0
(0.066589) CudaRuntime.cpp:2706:  launch completed successfully
(0.070831) CudaRuntime.cpp:1131: cudaMemcpy(0x11527f0, 0x1155b00, 4096)
(0.070846) CudaRuntime.cpp:215:    _memcpy(0x11527f0, 0x1155b00, 4096 bytes) d-to-h
(0.070870) CudaRuntime.cpp:1131: cudaMemcpy(0x11527f0, 0x1155b00, 4096)
(0.070878) CudaRuntime.cpp:215:    _memcpy(0x11527f0, 0x1155b00, 4096 bytes) d-to-h
transpose coarse-grained    , Throughput = 0.0017 GB/s, Time = 4.35996 ms, Size = 1024 fp32 elements, NumDevsUsed = 1, Workgroup = 256
(0.070904) CudaRuntime.cpp:2609: cudaConfigureCall()
(0.070913) CudaRuntime.cpp:2631: cudaSetupArgument() - offset 0, size 8
(0.070921) CudaRuntime.cpp:2631: cudaSetupArgument() - offset 8, size 8
(0.070928) CudaRuntime.cpp:2631: cudaSetupArgument() - offset 16, size 4
(0.070935) CudaRuntime.cpp:2631: cudaSetupArgument() - offset 20, size 4
(0.070955) CudaRuntime.cpp:142:  Mapping parameter at offset 0 of size 8 to offset 0 of size 8
   data = 0x00 0x5b 0x15 0x01 0x00 0x00 0x00 0x00 
(0.070967) CudaRuntime.cpp:142:  Mapping parameter at offset 8 of size 8 to offset 8 of size 8
   data = 0x00 0x4a 0x15 0x01 0x00 0x00 0x00 0x00 
(0.070978) CudaRuntime.cpp:142:  Mapping parameter at offset 16 of size 4 to offset 16 of size 4
   data = 0x20 0x00 0x00 0x00 
(0.070989) CudaRuntime.cpp:142:  Mapping parameter at offset 20 of size 4 to offset 20 of size 4
   data = 0x20 0x00 0x00 0x00 
(0.070997) CudaRuntime.cpp:2685: kernel launch (_Z20transposeFineGrainedPfS_ii) on thread 0x114dec0
(0.071053) CudaRuntime.cpp:2706:  launch completed successfully
(0.075573) CudaRuntime.cpp:2609: cudaConfigureCall()
(0.075588) CudaRuntime.cpp:2631: cudaSetupArgument() - offset 0, size 8
(0.075597) CudaRuntime.cpp:2631: cudaSetupArgument() - offset 8, size 8
(0.075604) CudaRuntime.cpp:2631: cudaSetupArgument() - offset 16, size 4
(0.075612) CudaRuntime.cpp:2631: cudaSetupArgument() - offset 20, size 4
(0.075632) CudaRuntime.cpp:142:  Mapping parameter at offset 0 of size 8 to offset 0 of size 8
   data = 0x00 0x5b 0x15 0x01 0x00 0x00 0x00 0x00 
(0.075644) CudaRuntime.cpp:142:  Mapping parameter at offset 8 of size 8 to offset 8 of size 8
   data = 0x00 0x4a 0x15 0x01 0x00 0x00 0x00 0x00 
(0.075655) CudaRuntime.cpp:142:  Mapping parameter at offset 16 of size 4 to offset 16 of size 4
   data = 0x20 0x00 0x00 0x00 
(0.075676) CudaRuntime.cpp:142:  Mapping parameter at offset 20 of size 4 to offset 20 of size 4
   data = 0x20 0x00 0x00 0x00 
(0.075685) CudaRuntime.cpp:2685: kernel launch (_Z20transposeFineGrainedPfS_ii) on thread 0x114dec0
(0.075702) CudaRuntime.cpp:2706:  launch completed successfully
(0.078557) CudaRuntime.cpp:1131: cudaMemcpy(0x11527f0, 0x1155b00, 4096)
(0.078573) CudaRuntime.cpp:215:    _memcpy(0x11527f0, 0x1155b00, 4096 bytes) d-to-h
(0.078598) CudaRuntime.cpp:1131: cudaMemcpy(0x11527f0, 0x1155b00, 4096)
(0.078605) CudaRuntime.cpp:215:    _memcpy(0x11527f0, 0x1155b00, 4096 bytes) d-to-h
transpose fine-grained      , Throughput = 0.0026 GB/s, Time = 2.98214 ms, Size = 1024 fp32 elements, NumDevsUsed = 1, Workgroup = 256
(0.078632) CudaRuntime.cpp:2609: cudaConfigureCall()
(0.078641) CudaRuntime.cpp:2631: cudaSetupArgument() - offset 0, size 8
(0.078649) CudaRuntime.cpp:2631: cudaSetupArgument() - offset 8, size 8
(0.078656) CudaRuntime.cpp:2631: cudaSetupArgument() - offset 16, size 4
(0.078664) CudaRuntime.cpp:2631: cudaSetupArgument() - offset 20, size 4
(0.078684) CudaRuntime.cpp:142:  Mapping parameter at offset 0 of size 8 to offset 0 of size 8
   data = 0x00 0x5b 0x15 0x01 0x00 0x00 0x00 0x00 
(0.078697) CudaRuntime.cpp:142:  Mapping parameter at offset 8 of size 8 to offset 8 of size 8
   data = 0x00 0x4a 0x15 0x01 0x00 0x00 0x00 0x00 
(0.078708) CudaRuntime.cpp:142:  Mapping parameter at offset 16 of size 4 to offset 16 of size 4
   data = 0x20 0x00 0x00 0x00 
(0.078718) CudaRuntime.cpp:142:  Mapping parameter at offset 20 of size 4 to offset 20 of size 4
   data = 0x20 0x00 0x00 0x00 
(0.078727) CudaRuntime.cpp:2685: kernel launch (_Z17transposeDiagonalPfS_ii) on thread 0x114dec0
(0.078745) CudaRuntime.cpp:2706:  launch completed successfully
(0.086971) CudaRuntime.cpp:2609: cudaConfigureCall()
(0.086986) CudaRuntime.cpp:2631: cudaSetupArgument() - offset 0, size 8
(0.086995) CudaRuntime.cpp:2631: cudaSetupArgument() - offset 8, size 8
(0.087038) CudaRuntime.cpp:2631: cudaSetupArgument() - offset 16, size 4
(0.087047) CudaRuntime.cpp:2631: cudaSetupArgument() - offset 20, size 4
(0.087069) CudaRuntime.cpp:142:  Mapping parameter at offset 0 of size 8 to offset 0 of size 8
   data = 0x00 0x5b 0x15 0x01 0x00 0x00 0x00 0x00 
(0.087082) CudaRuntime.cpp:142:  Mapping parameter at offset 8 of size 8 to offset 8 of size 8
   data = 0x00 0x4a 0x15 0x01 0x00 0x00 0x00 0x00 
(0.087094) CudaRuntime.cpp:142:  Mapping parameter at offset 16 of size 4 to offset 16 of size 4
   data = 0x20 0x00 0x00 0x00 
(0.087106) CudaRuntime.cpp:142:  Mapping parameter at offset 20 of size 4 to offset 20 of size 4
   data = 0x20 0x00 0x00 0x00 
(0.087115) CudaRuntime.cpp:2685: kernel launch (_Z17transposeDiagonalPfS_ii) on thread 0x114dec0
(0.087133) CudaRuntime.cpp:2706:  launch completed successfully
(0.092300) CudaRuntime.cpp:1131: cudaMemcpy(0x11527f0, 0x1155b00, 4096)
(0.092316) CudaRuntime.cpp:215:    _memcpy(0x11527f0, 0x1155b00, 4096 bytes) d-to-h
(0.092340) CudaRuntime.cpp:1131: cudaMemcpy(0x11527f0, 0x1155b00, 4096)
(0.092349) CudaRuntime.cpp:215:    _memcpy(0x11527f0, 0x1155b00, 4096 bytes) d-to-h
transpose diagonal          , Throughput = 0.0014 GB/s, Time = 5.32699 ms, Size = 1024 fp32 elements, NumDevsUsed = 1, Workgroup = 256
(0.092381) CudaRuntime.cpp:887:  cudaFree(0x1154a00)
(0.092394) CudaRuntime.cpp:887:  cudaFree(0x1155b00)
Test passed
