options: Options {
    input: "/benchrun/tejas/vectoradd/sm86_a6000/input-1000/results/stats.txt",
    output: "/benchrun/tejas/vectoradd/sm86_a6000/input-1000/results/stats.csv",
}
stats: Stats {
    emulator_type: Some(
        "OCELOT",
    ),
    created: None,
    sim_time: Some(
        7.555s,
    ),
    total_inst_count: Some(
        25,
    ),
    total_cycle_count: Some(
        421,
    ),
    dram_total_reads: 0,
    dram_total_writes: 0,
    dram_avg_read_latency: Some(
        0.0,
    ),
    total_instr_cache_access: Some(
        0,
    ),
    total_const_cache_access: Some(
        0,
    ),
    total_shared_cache_access: Some(
        0,
    ),
    total_instr_cache_misses: Some(
        1,
    ),
    total_const_cache_misses: Some(
        0,
    ),
    total_shared_cache_misses: Some(
        0,
    ),
    kips: Some(
        0.0033090668431502318,
    ),
    total_ipc: Some(
        0.05938242280285035,
    ),
}
done after 26.797852ms
