

Performing the initial setup !!!
Reading the configuration file
initializing cores...
Cache paramtersS_NUCA
Cache paramtersS_NUCA
initializing memory system...
0TPC idjava thread0
0SM idjava thread0
--  starting java thread0
1TPC idjava thread1
0SM idjava thread1
--  starting java thread1
2TPC idjava thread2
0SM idjava thread2
--  starting java thread2
3TPC idjava thread3
0SM idjava thread3
--  starting java thread3
4TPC idjava thread4
0SM idjava thread4
--  starting java thread4
5TPC idjava thread5
0SM idjava thread5
--  starting java thread5
6TPC idjava thread6
0SM idjava thread6
--  starting java thread6
7TPC idjava thread7
0SM idjava thread7
--  starting java thread7
8TPC idjava thread8
0SM idjava thread8
--  starting java thread8
9TPC idjava thread9
0SM idjava thread9
--  starting java thread9
10TPC idjava thread10
0SM idjava thread10
--  starting java thread10
11TPC idjava thread11
0SM idjava thread11
--  starting java thread11
12TPC idjava thread12
0SM idjava thread12
--  starting java thread12
13TPC idjava thread13
0SM idjava thread13
--  starting java thread13
14TPC idjava thread14
0SM idjava thread14
--  starting java thread14
15TPC idjava thread15
0SM idjava thread15
--  starting java thread15


Running the simulation !!!
runners started for thread
1
1
1
1
1
1
1
1
1
1
1
1
1
1
1
1
Simulated 1 kernels on 5
Simulated 1 kernels on 10
Simulated 1 kernels on 6
Simulated 1 kernels on 14
Simulated 1 kernels on 12
Blocks are executed1for the thread12
Simulated 1 kernels on 0
Blocks are executed1for the thread14
Blocks are executed1for the thread6
Simulated 1 kernels on 11
Blocks are executed1for the thread11
Simulated 1 kernels on 13
Blocks are executed1for the thread13
Simulated 1 kernels on 15
Blocks are executed1for the thread15
1
1
1
Blocks are executed1for the thread10
Simulated 1 kernels on 2
Blocks are executed1for the thread5
Blocks are executed1for the thread2
1
Simulated 1 kernels on 8
Simulated 1 kernels on 1
Simulated 1 kernels on 7
Blocks are executed1for the thread7
Simulated 1 kernels on 9
Blocks are executed1for the thread9
1
1
Blocks are executed1for the thread0
1
Simulated 1 kernels on 4
Blocks are executed1for the thread4
1
Blocks are executed1for the thread1
Blocks are executed1for the thread8
Simulated 1 kernels on 3
1
1
1
1
1
1
1
Blocks are executed1for the thread3
1
Simulated 2 kernels on 12
Blocks are executed1for the thread12
1
Simulated 2 kernels on 10
Blocks are executed1for the thread10
Simulated 2 kernels on 14
Blocks are executed1for the thread14
1
1
Simulated 2 kernels on 7
Blocks are executed1for the thread7
1
Simulated 2 kernels on 6
Blocks are executed1for the thread6
1
Simulated 2 kernels on 2
Blocks are executed1for the thread2
Simulated 2 kernels on 13
Simulated 2 kernels on 0
Blocks are executed1for the thread13
Blocks are executed1for the thread0
Simulated 2 kernels on 3
Blocks are executed1for the thread3
1
1
1
Simulated 2 kernels on 9
Simulated 2 kernels on 8
1
Blocks are executed1for the thread8
Blocks are executed1for the thread9
1
Simulated 2 kernels on 1
1
Blocks are executed1for the thread1
Simulated 2 kernels on 5
Blocks are executed1for the thread5
Simulated 2 kernels on 15
Blocks are executed1for the thread15
Simulated 2 kernels on 11
Blocks are executed1for the thread11
Simulated 2 kernels on 4
1
1
1
1
Blocks are executed1for the thread4
1
Simulated 3 kernels on 12
Blocks are executed1for the thread12
Simulated 3 kernels on 2
Simulated 3 kernels on 8
Blocks are executed1for the thread2
Blocks are executed1for the thread8
1
1
1
Simulated 3 kernels on 14
Blocks are executed1for the thread14
1
Simulated 3 kernels on 13
Blocks are executed1for the thread13
Simulated 3 kernels on 7
Blocks are executed1for the thread7
Simulated 3 kernels on 10
Blocks are executed1for the thread10
1
1
1
Simulated 3 kernels on 0
Blocks are executed1for the thread0
Simulated 3 kernels on 6
Blocks are executed1for the thread6
1
1
Simulated 3 kernels on 9
Blocks are executed1for the thread9
Simulated 3 kernels on 3
Blocks are executed1for the thread3
1
1
Simulated 3 kernels on 11
Blocks are executed1for the thread11
1
Simulated 3 kernels on 4
Blocks are executed1for the thread4
1
Simulated 3 kernels on 15
Blocks are executed1for the thread15
1
Simulated 3 kernels on 5
Blocks are executed1for the thread5
1
Simulated 4 kernels on 8
Blocks are executed1for the thread8
1
Simulated 3 kernels on 1
Blocks are executed1for the thread1
Simulated 4 kernels on 12
Blocks are executed1for the thread12
1
Simulated 4 kernels on 13
1
Blocks are executed1for the thread13
1
Simulated 4 kernels on 10
Blocks are executed1for the thread10
Simulated 4 kernels on 0
Blocks are executed1for the thread0
Simulated 4 kernels on 3
Blocks are executed1for the thread3
1
Simulated 4 kernels on 2
1
Simulated 4 kernels on 14
Blocks are executed1for the thread14
Blocks are executed1for the thread2
1
Simulated 4 kernels on 7
Blocks are executed1for the thread7
1
Simulated 5 kernels on 12
Blocks are executed1for the thread12
1
1
Simulated 4 kernels on 15
Blocks are executed1for the thread15
1
1
Simulated 5 kernels on 8
Blocks are executed1for the thread8
Simulated 4 kernels on 4
Blocks are executed1for the thread4
Simulated 4 kernels on 9
Blocks are executed1for the thread9
1
1
Simulated 5 kernels on 13
Blocks are executed1for the thread13
1
Simulated 4 kernels on 5
Blocks are executed1for the thread5
1
1
Simulated 6 kernels on 8
Simulated 5 kernels on 15
Simulated 4 kernels on 11
Blocks are executed1for the thread11
Simulated 5 kernels on 0
Simulated 4 kernels on 1
Simulated 5 kernels on 14
Blocks are executed1for the thread14
Simulated 5 kernels on 2
Blocks are executed1for the thread2
1
1
Simulated 5 kernels on 10
Blocks are executed1for the thread10
Simulated 4 kernels on 6
1
Blocks are executed1for the thread1
Blocks are executed1for the thread0
Blocks are executed1for the thread15
Blocks are executed1for the thread8
1
Simulated 6 kernels on 12
Blocks are executed1for the thread12
Simulated 5 kernels on 4
1
1
Simulated 5 kernels on 3
1
1
Simulated 5 kernels on 7
Blocks are executed1for the thread7
1
Simulated 5 kernels on 5
Blocks are executed1for the thread5
Blocks are executed1for the thread6
Simulated 5 kernels on 9
Blocks are executed1for the thread3
Blocks are executed1for the thread4
Simulated 6 kernels on 13
Blocks are executed1for the thread13
1
Blocks are executed1for the thread9
1
1
1
1
1
1
Simulated 5 kernels on 11
Blocks are executed1for the thread11
1
Simulated 6 kernels on 2
Blocks are executed1for the thread2
1
Simulated 6 kernels on 15
Blocks are executed1for the thread15
Simulated 6 kernels on 14
Blocks are executed1for the thread14
1
Simulated 7 kernels on 12
Blocks are executed1for the thread12
1
1
Simulated 5 kernels on 1
Blocks are executed1for the thread1
1
Simulated 5 kernels on 6
Blocks are executed1for the thread6
Simulated 6 kernels on 11
1
Simulated 6 kernels on 5
Blocks are executed1for the thread11
Blocks are executed1for the thread5
1
1
Simulated 6 kernels on 0
Blocks are executed1for the thread0
Simulated 7 kernels on 8
Blocks are executed1for the thread8
Simulated 6 kernels on 4
Blocks are executed1for the thread4
1
1
Simulated 6 kernels on 9
Blocks are executed1for the thread9
Simulated 6 kernels on 7
Blocks are executed1for the thread7
Simulated 7 kernels on 13
Blocks are executed1for the thread13
1
1
1
1
Simulated 6 kernels on 3
Simulated 7 kernels on 15
Blocks are executed1for the thread3
Blocks are executed1for the thread15
Simulated 6 kernels on 10
Blocks are executed1for the thread10
Simulated 7 kernels on 14
Blocks are executed1for the thread14
1
1
1
Simulated 7 kernels on 2
Blocks are executed1for the thread2
1
1
Simulated 7 kernels on 5
Blocks are executed1for the thread5
Simulated 6 kernels on 1
Blocks are executed1for the thread1
1
Simulated 6 kernels on 6
Blocks are executed1for the thread6
1
Simulated 7 kernels on 11
1
Blocks are executed1for the thread11
Simulated 7 kernels on 4
Blocks are executed1for the thread4
1
1
Simulated 7 kernels on 7
Simulated 7 kernels on 0
Blocks are executed1for the thread0
Blocks are executed1for the thread7
Simulated 7 kernels on 3
Blocks are executed1for the thread3
1
1
Simulated 7 kernels on 9
Blocks are executed1for the thread9
1
Simulated 7 kernels on 10
Blocks are executed1for the thread10
1
1
Simulated 7 kernels on 6
Blocks are executed1for the thread6
1
Simulated 8 kernels on 14
Blocks are executed1for the thread14
1
Simulated 8 kernels on 11
Blocks are executed1for the thread11
1
Simulated 8 kernels on 12
Blocks are executed1for the thread12
1
Simulated 7 kernels on 1
Blocks are executed1for the thread1
1
Simulated 8 kernels on 8
Blocks are executed1for the thread8
1
Simulated 8 kernels on 15
Simulated 8 kernels on 2
Blocks are executed1for the thread15
Blocks are executed1for the thread2
1
1
Simulated 8 kernels on 0
Blocks are executed1for the thread0
Simulated 8 kernels on 3
Blocks are executed1for the thread3
Simulated 8 kernels on 10
Blocks are executed1for the thread10
1
Simulated 8 kernels on 6
Blocks are executed1for the thread6
Simulated 8 kernels on 13
Blocks are executed1for the thread13
1
Simulated 8 kernels on 1
Blocks are executed1for the thread1
1
1
Simulated 8 kernels on 5
Simulated 9 kernels on 12
Blocks are executed1for the thread5
Blocks are executed1for the thread12
1
Simulated 8 kernels on 4
Simulated 9 kernels on 11
Simulated 9 kernels on 14
Blocks are executed1for the thread4
1
Blocks are executed1for the thread14
Blocks are executed1for the thread11
1
1
1
Simulated 8 kernels on 7
Blocks are executed1for the thread7
1
1
1
Simulated 10 kernels on 14
Blocks are executed1for the thread14
1
Simulated 9 kernels on 13
Blocks are executed1for the thread13
Simulated 9 kernels on 1
Blocks are executed1for the thread1
Simulated 9 kernels on 10
Blocks are executed1for the thread10
Simulated 9 kernels on 2
Simulated 9 kernels on 3
Simulated 8 kernels on 9
Blocks are executed1for the thread9
1
1
Simulated 9 kernels on 6
Blocks are executed1for the thread6
Simulated 9 kernels on 8
1
Blocks are executed1for the thread3
Simulated 9 kernels on 15
1
Blocks are executed1for the thread2
Blocks are executed1for the thread15
1
1
Blocks are executed1for the thread8
1
1
1
Simulated 10 kernels on 11
Blocks are executed1for the thread11
1
Simulated 9 kernels on 5
Blocks are executed1for the thread5
1
Simulated 9 kernels on 4
Blocks are executed1for the thread4
1
Simulated 11 kernels on 14
Blocks are executed1for the thread14
Simulated 9 kernels on 0
Blocks are executed1for the thread0
1
1
Simulated 9 kernels on 7
Blocks are executed1for the thread7
Simulated 10 kernels on 2
Simulated 10 kernels on 3
Blocks are executed1for the thread2
Simulated 10 kernels on 8
Simulated 10 kernels on 10
Simulated 10 kernels on 1
1
Simulated 9 kernels on 9
Blocks are executed1for the thread8
Simulated 10 kernels on 6
Simulated 10 kernels on 5
Blocks are executed1for the thread5
Blocks are executed1for the thread3
Blocks are executed1for the thread6
Simulated 10 kernels on 12
Blocks are executed1for the thread9
Blocks are executed1for the thread1
1
Blocks are executed1for the thread10
1
1
1
1
1
1
Blocks are executed1for the thread12
1
Simulated 10 kernels on 13
Blocks are executed1for the thread13
1
Simulated 11 kernels on 11
Simulated 10 kernels on 15
1
Blocks are executed1for the thread15
Simulated 12 kernels on 14
Blocks are executed1for the thread14
Blocks are executed1for the thread11
1
Simulated 10 kernels on 7
Blocks are executed1for the thread7
1
Simulated 11 kernels on 6
Blocks are executed1for the thread6
Simulated 10 kernels on 0
1
Simulated 11 kernels on 2
Blocks are executed1for the thread2
Simulated 11 kernels on 10
1
1
Blocks are executed1for the thread0
Simulated 10 kernels on 4
Blocks are executed1for the thread10
Simulated 11 kernels on 5
Blocks are executed1for the thread5
1
Simulated 11 kernels on 1
Blocks are executed1for the thread1
Simulated 11 kernels on 8
Blocks are executed1for the thread4
1
1
Blocks are executed1for the thread8
1
1
1
1
Simulated 10 kernels on 9
Blocks are executed1for the thread9
Simulated 11 kernels on 15
Blocks are executed1for the thread15
1
1
Simulated 11 kernels on 13
Simulated 11 kernels on 3
Blocks are executed1for the thread13
Simulated 12 kernels on 1
Simulated 11 kernels on 0
Blocks are executed1for the thread0
Simulated 12 kernels on 5
Simulated 12 kernels on 6
Simulated 11 kernels on 12
Simulated 12 kernels on 11
Simulated 13 kernels on 14
Simulated 11 kernels on 9
Blocks are executed1for the thread11
Blocks are executed1for the thread12
Blocks are executed1for the thread6
Blocks are executed1for the thread5
1
1
Simulated 11 kernels on 4
Blocks are executed1for the thread4
Simulated 11 kernels on 7
Blocks are executed1for the thread1
Simulated 12 kernels on 8
Blocks are executed1for the thread8
1
1
1
1
1
Blocks are executed1for the thread3
1
Simulated 12 kernels on 15
Blocks are executed1for the thread15
Blocks are executed1for the thread7
1
Simulated 12 kernels on 10
Blocks are executed1for the thread10
1
1
Simulated 12 kernels on 2
Simulated 12 kernels on 13
Blocks are executed1for the thread13
Blocks are executed1for the thread9
1
1
1
Blocks are executed1for the thread14
Blocks are executed1for the thread2
1
1
1
Simulated 13 kernels on 2
Simulated 12 kernels on 0
Blocks are executed1for the thread0
Blocks are executed1for the thread2
1
1
Simulated 12 kernels on 7
Blocks are executed1for the thread7
Simulated 13 kernels on 1
Blocks are executed1for the thread1
Simulated 12 kernels on 4
Simulated 12 kernels on 12
Blocks are executed1for the thread12
Simulated 14 kernels on 14
Blocks are executed1for the thread14
Simulated 12 kernels on 9
Simulated 13 kernels on 5
Simulated 13 kernels on 13
Blocks are executed1for the thread4
Blocks are executed1for the thread13
Simulated 13 kernels on 10
Blocks are executed1for the thread5
Blocks are executed1for the thread9
1
1
1
Simulated 13 kernels on 15
Blocks are executed1for the thread15
1
Simulated 13 kernels on 6
Simulated 12 kernels on 3
Blocks are executed1for the thread6
1
1
1
1
1
Simulated 13 kernels on 11
Blocks are executed1for the thread10
Blocks are executed1for the thread11
1
Simulated 13 kernels on 0
Blocks are executed1for the thread0
Simulated 13 kernels on 8
Blocks are executed1for the thread3
Blocks are executed1for the thread8
Simulated 14 kernels on 2
Blocks are executed1for the thread2
1
1
1
1
1
1
Simulated 13 kernels on 7
Simulated 13 kernels on 12
Blocks are executed1for the thread7
Blocks are executed1for the thread12
1
1
Simulated 15 kernels on 2
Blocks are executed1for the thread2
1
Simulated 14 kernels on 10
Blocks are executed1for the thread10
Simulated 14 kernels on 6
Simulated 14 kernels on 0
Blocks are executed1for the thread0
Blocks are executed1for the thread6
1
1
1
Simulated 14 kernels on 1
Blocks are executed1for the thread1
Simulated 14 kernels on 5
Blocks are executed1for the thread5
Simulated 15 kernels on 14
Blocks are executed1for the thread14
Simulated 14 kernels on 13
Blocks are executed1for the thread13
1
1
Simulated 14 kernels on 8
Blocks are executed1for the thread8
Simulated 15 kernels on 10
Blocks are executed1for the thread10
1
1
1
1
Simulated 13 kernels on 3
Blocks are executed1for the thread3
Simulated 14 kernels on 15
Blocks are executed1for the thread15
1
Simulated 14 kernels on 11
Blocks are executed1for the thread11
1
1
Simulated 15 kernels on 0
Simulated 14 kernels on 12
Blocks are executed1for the thread12
Simulated 14 kernels on 7
Blocks are executed1for the thread7
Simulated 15 kernels on 6
Blocks are executed1for the thread6
Simulated 13 kernels on 9
Simulated 16 kernels on 2
Blocks are executed1for the thread9
1
Simulated 15 kernels on 5
Blocks are executed1for the thread5
Simulated 15 kernels on 13
1
Simulated 16 kernels on 14
Simulated 13 kernels on 4
Blocks are executed1for the thread0
Blocks are executed1for the thread4
Blocks are executed1for the thread14
Blocks are executed1for the thread13
1
1
Simulated 16 kernels on 10
Simulated 15 kernels on 1
1
Blocks are executed1for the thread2
Blocks are executed1for the thread1
Simulated 15 kernels on 11
Blocks are executed1for the thread10
Simulated 14 kernels on 3
Simulated 15 kernels on 8
1
1
Simulated 16 kernels on 6
Blocks are executed1for the thread6
1
Simulated 15 kernels on 15
Blocks are executed1for the thread8
Blocks are executed1for the thread3
1
Blocks are executed1for the thread11
Blocks are executed1for the thread15
1
1
1
1
Simulated 15 kernels on 12
Blocks are executed1for the thread12
1
Simulated 16 kernels on 5
Blocks are executed1for the thread5
Simulated 14 kernels on 9
Blocks are executed1for the thread9
Simulated 16 kernels on 0
Simulated 14 kernels on 4
Blocks are executed1for the thread0
Simulated 16 kernels on 12
Simulated 16 kernels on 15
Blocks are executed1for the thread15
Blocks are executed1for the thread4
Blocks are executed1for the thread12
Simulated 15 kernels on 7
Blocks are executed1for the thread7
1
1
Simulated 16 kernels on 11
1
Simulated 16 kernels on 13
Blocks are executed1for the thread13
Simulated 15 kernels on 3
Blocks are executed1for the thread3
Simulated 16 kernels on 1
Blocks are executed1for the thread11
Blocks are executed1for the thread1
Simulated 16 kernels on 8
Blocks are executed1for the thread8
1
Simulated 15 kernels on 9
Blocks are executed1for the thread9
Simulated 15 kernels on 4
Blocks are executed1for the thread4
Simulated 16 kernels on 3
Blocks are executed1for the thread3
Simulated 16 kernels on 7
Blocks are executed1for the thread7
1
1
Simulated 16 kernels on 4
Blocks are executed1for the thread4
Simulated 16 kernels on 9
Blocks are executed1for the thread9


Instructions per Second	=	0.1372940440365879 KIPS		
****************************************************************************
TOTAL INSTRUCTIONS = 9216
TOTAL CYCLES = 9440
TOTAL INSTRUCTIONS PER CYCLE = 0.976271186440678
****************************************************************************


Simulation completed !!
shut down
