####################################################################################################
Interval
####################################################################################################
Cumulative:         Cycles:                  20000     Instructions:                  1200
INST_COUNT_TOT                                             285824                        285824

UOP_COUNT_TOT                                              285824                        285824

CYC_COUNT_TOT                                            39136690                      39136690

EXE_TIME                                                       22                            22

NUM_REPEAT                                                      0                             0

CYC_COUNT_X86                                                   0                             0

CYC_COUNT_ACC                                            39136689                      39136689

AVG_BLOCK_EXE_CYCLE                                   22987092671                   22987092671

AVG_BLOCK_EXE_CYCLE_BASE                                     1024                          1024

PROGRESS_ERROR                                                  0                             0

FILE_OPEN_ERROR                                                 0                             0

NUM_THREAD                                                      0                             0

APPL_CYC_COUNT_BASE0                                            1                             1

APPL_CYC_COUNT_BASE1                                            0                             0

APPL_CYC_COUNT_BASE2                                            0                             0

APPL_CYC_COUNT_BASE3                                            0                             0

APPL_CYC_COUNT_BASE4                                            0                             0

APPL_CYC_COUNT0                                          39136689                   3.91367e+07

APPL_CYC_COUNT1                                                 0                           NaN

APPL_CYC_COUNT2                                                 0                           NaN

APPL_CYC_COUNT3                                                 0                           NaN

APPL_CYC_COUNT4                                                 0                           NaN

CPI_DELTA_BASE0                                                 0                             0

CPI_DELTA_BASE1                                                 0                             0

CPI_DELTA_BASE2                                                 0                             0

CPI_DELTA_BASE3                                                 0                             0

CPI_DELTA_BASE4                                                 0                             0

CPI_DELTA0                                                      0                           NaN

CPI_DELTA1                                                      0                           NaN

CPI_DELTA2                                                      0                           NaN

CPI_DELTA3                                                      0                           NaN

CPI_DELTA4                                                      0                           NaN

CYCLE_CPU                                                       0                             0

CYCLE_GPU                                                       0                             0

INST_COUNT_CORE_0                                           17864                         17864

UOP_COUNT_CORE_0                                            17864                         17864

CYC_COUNT_CORE_0                                            45202                         45202

INST_COUNT_CORE_1                                           17864                         17864

UOP_COUNT_CORE_1                                            17864                         17864

CYC_COUNT_CORE_1                                            45933                         45933

INST_COUNT_CORE_2                                           17864                         17864

UOP_COUNT_CORE_2                                            17864                         17864

CYC_COUNT_CORE_2                                            47051                         47051

INST_COUNT_CORE_3                                           17864                         17864

UOP_COUNT_CORE_3                                            17864                         17864

CYC_COUNT_CORE_3                                            47867                         47867

INST_COUNT_CORE_4                                           13398                         13398

UOP_COUNT_CORE_4                                            13398                         13398

CYC_COUNT_CORE_4                                            38575                         38575

INST_COUNT_CORE_5                                           13398                         13398

UOP_COUNT_CORE_5                                            13398                         13398

CYC_COUNT_CORE_5                                            40381                         40381

INST_COUNT_CORE_6                                           13398                         13398

UOP_COUNT_CORE_6                                            13398                         13398

CYC_COUNT_CORE_6                                            41868                         41868

INST_COUNT_CORE_7                                           13398                         13398

UOP_COUNT_CORE_7                                            13398                         13398

CYC_COUNT_CORE_7                                            42248                         42248

INST_COUNT_CORE_8                                           13398                         13398

UOP_COUNT_CORE_8                                            13398                         13398

CYC_COUNT_CORE_8                                            43408                         43408

INST_COUNT_CORE_9                                           13398                         13398

UOP_COUNT_CORE_9                                            13398                         13398

CYC_COUNT_CORE_9                                            43770                         43770

INST_COUNT_CORE_10                                          13398                         13398

UOP_COUNT_CORE_10                                           13398                         13398

CYC_COUNT_CORE_10                                           44198                         44198

INST_COUNT_CORE_11                                          13398                         13398

UOP_COUNT_CORE_11                                           13398                         13398

CYC_COUNT_CORE_11                                           44571                         44571

INST_COUNT_CORE_12                                          13398                         13398

UOP_COUNT_CORE_12                                           13398                         13398

CYC_COUNT_CORE_12                                           44782                         44782

INST_COUNT_CORE_13                                          13398                         13398

UOP_COUNT_CORE_13                                           13398                         13398

CYC_COUNT_CORE_13                                           45048                         45048

INST_COUNT_CORE_14                                          13398                         13398

UOP_COUNT_CORE_14                                           13398                         13398

CYC_COUNT_CORE_14                                           45908                         45908

INST_COUNT_CORE_15                                          13398                         13398

UOP_COUNT_CORE_15                                           13398                         13398

CYC_COUNT_CORE_15                                           46329                         46329

INST_COUNT_CORE_16                                          13398                         13398

UOP_COUNT_CORE_16                                           13398                         13398

CYC_COUNT_CORE_16                                           46326                         46326

INST_COUNT_CORE_17                                          13398                         13398

UOP_COUNT_CORE_17                                           13398                         13398

CYC_COUNT_CORE_17                                           46725                         46725

INST_COUNT_CORE_18                                          13398                         13398

UOP_COUNT_CORE_18                                           13398                         13398

CYC_COUNT_CORE_18                                           47566                         47566

INST_COUNT_CORE_19                                          13398                         13398

UOP_COUNT_CORE_19                                           13398                         13398

CYC_COUNT_CORE_19                                           47934                         47934

