Arguments: macsim --out=/benchrun/macsim/cuda4-matrixmul/sm86_rtx3070/input-128/results/stats 
src/macsim.cc:122: (I=0  C=0):  initialize knobs
number of cores : 46
src/macsim.cc:537: (I=0  C=0):  initialize simulation
src/macsim.cc:323: (I=0  C=0):  initialize cores (0/0/46)
src/memory.cc:1568: (I=0  C=0):  Memory system(l2_decoupled_network) has been initialized.
src/network_simple.cc:92: (I=0  C=0):  TOTAL_ROUTER:69 CPU:0 GPU:46 L3:1 LLC:6 MC:16
enabling bug detector
src/macsim.cc:750: (I=0  C=0):  Initializing new noc

src/macsim.cc:838: (I=0  C=0):  Clock LCM           : 385
src/macsim.cc:839: (I=0  C=0):  CPU clock frequency : 1 GHz
src/macsim.cc:840: (I=0  C=0):  GPU clock frequency : 1.132 GHz
src/macsim.cc:841: (I=0  C=0):  LLC clock frequency : 1.132 GHz
src/macsim.cc:842: (I=0  C=0):  NOC clock frequency : 1.132 GHz
src/macsim.cc:843: (I=0  C=0):  MC  clock frequency : 3.5005 GHz
src/process_manager.cc:434: (I=0  C=0):  setup_process:0 /benchrun/macsim/cuda4-matrixmul/sm86_rtx3070/input-128/results/traces/_Z8mult_gpuPfS_S_ii_0/Trace.txt current_index:0 (1)
trace:/benchrun/macsim/cuda4-matrixmul/sm86_rtx3070/input-128/results/traces/_Z8mult_gpuPfS_S_ii_0/Trace.txt is opened 
src/process_manager.cc:541: (I=0  C=0):  thread_count:512
**Core 00 Thread 24 Finished:   insts:495         cycles:17865      (625240)  seconds:9     -- 0.03 IPC (0.03 IPC) --  N/A  KHz (0.06 KHz) 
**Core 00 Thread 28 Finished:   insts:495         cycles:17869      (625380)  seconds:9     -- 0.03 IPC (0.03 IPC) --  N/A  KHz (0.06 KHz) 
**Core 00 Thread 06 Finished:   insts:495         cycles:17869      (625380)  seconds:9     -- 0.03 IPC (0.03 IPC) --  N/A  KHz (0.06 KHz) 
**Core 00 Thread 08 Finished:   insts:495         cycles:17872      (625485)  seconds:9     -- 0.03 IPC (0.03 IPC) --  N/A  KHz (0.06 KHz) 
**Core 00 Thread 11 Finished:   insts:495         cycles:17872      (625485)  seconds:9     -- 0.03 IPC (0.03 IPC) --  N/A  KHz (0.06 KHz) 
**Core 00 Thread 18 Finished:   insts:495         cycles:17873      (625520)  seconds:9     -- 0.03 IPC (0.03 IPC) --  N/A  KHz (0.06 KHz) 
**Core 00 Thread 16 Finished:   insts:495         cycles:17874      (625555)  seconds:9     -- 0.03 IPC (0.03 IPC) --  N/A  KHz (0.06 KHz) 
**Core 00 Thread 21 Finished:   insts:495         cycles:17875      (625590)  seconds:9     -- 0.03 IPC (0.03 IPC) --  N/A  KHz (0.06 KHz) 
**Core 00 Thread 29 Finished:   insts:495         cycles:17879      (625730)  seconds:9     -- 0.03 IPC (0.03 IPC) --  N/A  KHz (0.06 KHz) 
**Core 00 Thread 14 Finished:   insts:495         cycles:17879      (625730)  seconds:9     -- 0.03 IPC (0.03 IPC) --  N/A  KHz (0.06 KHz) 
**Core 00 Thread 04 Finished:   insts:495         cycles:17882      (625835)  seconds:9     -- 0.03 IPC (0.03 IPC) --  N/A  KHz (0.06 KHz) 
**Core 00 Thread 01 Finished:   insts:495         cycles:17883      (625870)  seconds:9     -- 0.03 IPC (0.03 IPC) --  N/A  KHz (0.06 KHz) 
**Core 00 Thread 09 Finished:   insts:495         cycles:17883      (625870)  seconds:9     -- 0.03 IPC (0.03 IPC) --  N/A  KHz (0.06 KHz) 
**Core 00 Thread 26 Finished:   insts:495         cycles:17885      (625940)  seconds:9     -- 0.03 IPC (0.03 IPC) --  N/A  KHz (0.06 KHz) 
**Core 00 Thread 23 Finished:   insts:495         cycles:17889      (626080)  seconds:9     -- 0.03 IPC (0.03 IPC) --  N/A  KHz (0.06 KHz) 
**Core 00 Thread 07 Finished:   insts:495         cycles:17889      (626080)  seconds:9     -- 0.03 IPC (0.03 IPC) --  N/A  KHz (0.06 KHz) 
**Core 00 Thread 02 Finished:   insts:495         cycles:17891      (626150)  seconds:9     -- 0.03 IPC (0.03 IPC) --  N/A  KHz (0.06 KHz) 
**Core 00 Thread 19 Finished:   insts:495         cycles:17893      (626220)  seconds:9     -- 0.03 IPC (0.03 IPC) --  N/A  KHz (0.06 KHz) 
**Core 09 Thread 15 Finished:   insts:495         cycles:17893      (626220)  seconds:8     -- 0.03 IPC (0.03 IPC) --  N/A  KHz (0.06 KHz) 
**Core 00 Thread 31 Finished:   insts:495         cycles:17895      (626290)  seconds:9     -- 0.03 IPC (0.03 IPC) --  N/A  KHz (0.06 KHz) 
**Core 00 Thread 13 Finished:   insts:495         cycles:17899      (626430)  seconds:9     -- 0.03 IPC (0.03 IPC) --  N/A  KHz (0.06 KHz) 
**Core 08 Thread 03 Finished:   insts:495         cycles:17901      (626500)  seconds:9     -- 0.03 IPC (0.03 IPC) --  N/A  KHz (0.06 KHz) 
**Core 00 Thread 03 Finished:   insts:495         cycles:17901      (626500)  seconds:9     -- 0.03 IPC (0.03 IPC) --  N/A  KHz (0.06 KHz) 
**Core 00 Thread 25 Finished:   insts:495         cycles:17903      (626570)  seconds:9     -- 0.03 IPC (0.03 IPC) --  N/A  KHz (0.06 KHz) 
**Core 00 Thread 12 Finished:   insts:495         cycles:17903      (626570)  seconds:9     -- 0.03 IPC (0.03 IPC) --  N/A  KHz (0.06 KHz) 
**Core 00 Thread 22 Finished:   insts:495         cycles:17904      (626605)  seconds:9     -- 0.03 IPC (0.03 IPC) --  N/A  KHz (0.06 KHz) 
**Core 09 Thread 20 Finished:   insts:495         cycles:17906      (626675)  seconds:8     -- 0.03 IPC (0.03 IPC) --  N/A  KHz (0.06 KHz) 
**Core 00 Thread 05 Finished:   insts:495         cycles:17908      (626745)  seconds:9     -- 0.03 IPC (0.03 IPC) --  N/A  KHz (0.06 KHz) 
**Core 09 Thread 03 Finished:   insts:495         cycles:17908      (626745)  seconds:8     -- 0.03 IPC (0.03 IPC) --  N/A  KHz (0.06 KHz) 
**Core 00 Thread 30 Finished:   insts:495         cycles:17909      (626780)  seconds:9     -- 0.03 IPC (0.03 IPC) --  N/A  KHz (0.06 KHz) 
**Core 04 Thread 09 Finished:   insts:495         cycles:17909      (626780)  seconds:9     -- 0.03 IPC (0.03 IPC) --  N/A  KHz (0.06 KHz) 
**Core 01 Thread 01 Finished:   insts:495         cycles:17910      (626815)  seconds:9     -- 0.03 IPC (0.03 IPC) --  N/A  KHz (0.06 KHz) 
**Core 09 Thread 17 Finished:   insts:495         cycles:17912      (626885)  seconds:8     -- 0.03 IPC (0.03 IPC) --  N/A  KHz (0.06 KHz) 
**Core 04 Thread 15 Finished:   insts:495         cycles:17913      (626920)  seconds:9     -- 0.03 IPC (0.03 IPC) --  N/A  KHz (0.06 KHz) 
**Core 00 Thread 17 Finished:   insts:495         cycles:17914      (626955)  seconds:9     -- 0.03 IPC (0.03 IPC) --  N/A  KHz (0.06 KHz) 
**Core 04 Thread 04 Finished:   insts:495         cycles:17916      (627025)  seconds:9     -- 0.03 IPC (0.03 IPC) --  N/A  KHz (0.06 KHz) 
**Core 04 Thread 07 Finished:   insts:495         cycles:17918      (627095)  seconds:9     -- 0.03 IPC (0.03 IPC) --  N/A  KHz (0.06 KHz) 
**Core 08 Thread 05 Finished:   insts:495         cycles:17918      (627095)  seconds:9     -- 0.03 IPC (0.03 IPC) --  N/A  KHz (0.06 KHz) 
**Core 09 Thread 27 Finished:   insts:495         cycles:17918      (627095)  seconds:8     -- 0.03 IPC (0.03 IPC) --  N/A  KHz (0.06 KHz) 
**Core 00 Thread 15 Finished:   insts:495         cycles:17920      (627165)  seconds:9     -- 0.03 IPC (0.03 IPC) --  N/A  KHz (0.06 KHz) 
**Core 01 Thread 03 Finished:   insts:495         cycles:17920      (627165)  seconds:9     -- 0.03 IPC (0.03 IPC) --  N/A  KHz (0.06 KHz) 
**Core 09 Thread 22 Finished:   insts:495         cycles:17922      (627235)  seconds:8     -- 0.03 IPC (0.03 IPC) --  N/A  KHz (0.06 KHz) 
**Core 00 Thread 10 Finished:   insts:495         cycles:17924      (627305)  seconds:9     -- 0.03 IPC (0.03 IPC) --  N/A  KHz (0.06 KHz) 
**Core 04 Thread 24 Finished:   insts:495         cycles:17924      (627305)  seconds:9     -- 0.03 IPC (0.03 IPC) --  N/A  KHz (0.06 KHz) 
**Core 00 Thread 27 Finished:   insts:495         cycles:17926      (627375)  seconds:9     -- 0.03 IPC (0.03 IPC) --  N/A  KHz (0.06 KHz) 
**Core 08 Thread 13 Finished:   insts:495         cycles:17926      (627375)  seconds:9     -- 0.03 IPC (0.03 IPC) --  N/A  KHz (0.06 KHz) 
**Core 01 Thread 02 Finished:   insts:495         cycles:17928      (627445)  seconds:9     -- 0.03 IPC (0.03 IPC) --  N/A  KHz (0.06 KHz) 
**Core 04 Thread 27 Finished:   insts:495         cycles:17928      (627445)  seconds:9     -- 0.03 IPC (0.03 IPC) --  N/A  KHz (0.06 KHz) 
**Core 01 Thread 05 Finished:   insts:495         cycles:17930      (627515)  seconds:9     -- 0.03 IPC (0.03 IPC) --  N/A  KHz (0.06 KHz) 
**Core 09 Thread 25 Finished:   insts:495         cycles:17930      (627515)  seconds:8     -- 0.03 IPC (0.03 IPC) --  N/A  KHz (0.06 KHz) 
**Core 01 Thread 23 Finished:   insts:495         cycles:17932      (627585)  seconds:9     -- 0.03 IPC (0.03 IPC) --  N/A  KHz (0.06 KHz) 
**Core 09 Thread 14 Finished:   insts:495         cycles:17932      (627585)  seconds:8     -- 0.03 IPC (0.03 IPC) --  N/A  KHz (0.06 KHz) 
**Core 00 Thread 20 Finished:   insts:495         cycles:17934      (627655)  seconds:9     -- 0.03 IPC (0.03 IPC) --  N/A  KHz (0.06 KHz) 
**Core 04 Thread 29 Finished:   insts:495         cycles:17934      (627655)  seconds:9     -- 0.03 IPC (0.03 IPC) --  N/A  KHz (0.06 KHz) 
**Core 01 Thread 30 Finished:   insts:495         cycles:17936      (627725)  seconds:9     -- 0.03 IPC (0.03 IPC) --  N/A  KHz (0.06 KHz) 
**Core 08 Thread 06 Finished:   insts:495         cycles:17936      (627725)  seconds:9     -- 0.03 IPC (0.03 IPC) --  N/A  KHz (0.06 KHz) 
**Core 04 Thread 22 Finished:   insts:495         cycles:17938      (627795)  seconds:9     -- 0.03 IPC (0.03 IPC) --  N/A  KHz (0.06 KHz) 
**Core 04 Thread 03 Finished:   insts:495         cycles:17938      (627795)  seconds:9     -- 0.03 IPC (0.03 IPC) --  N/A  KHz (0.06 KHz) 
**Core 01 Thread 04 Finished:   insts:495         cycles:17940      (627865)  seconds:9     -- 0.03 IPC (0.03 IPC) --  N/A  KHz (0.06 KHz) 
**Core 01 Thread 13 Finished:   insts:495         cycles:17940      (627865)  seconds:9     -- 0.03 IPC (0.03 IPC) --  N/A  KHz (0.06 KHz) 
**Core 08 Thread 07 Finished:   insts:495         cycles:17942      (627935)  seconds:9     -- 0.03 IPC (0.03 IPC) --  N/A  KHz (0.06 KHz) 
**Core 08 Thread 12 Finished:   insts:495         cycles:17942      (627935)  seconds:9     -- 0.03 IPC (0.03 IPC) --  N/A  KHz (0.06 KHz) 
**Core 09 Thread 30 Finished:   insts:495         cycles:17942      (627935)  seconds:8     -- 0.03 IPC (0.03 IPC) --  N/A  KHz (0.06 KHz) 
**Core 05 Thread 27 Finished:   insts:495         cycles:17944      (628005)  seconds:9     -- 0.03 IPC (0.03 IPC) --  N/A  KHz (0.06 KHz) 
**Core 12 Thread 07 Finished:   insts:495         cycles:17944      (628005)  seconds:8     -- 0.03 IPC (0.03 IPC) --  N/A  KHz (0.06 KHz) 
**Core 08 Thread 08 Finished:   insts:495         cycles:17946      (628075)  seconds:9     -- 0.03 IPC (0.03 IPC) --  N/A  KHz (0.06 KHz) 
**Core 12 Thread 04 Finished:   insts:495         cycles:17946      (628075)  seconds:8     -- 0.03 IPC (0.03 IPC) --  N/A  KHz (0.06 KHz) 
**Core 01 Thread 10 Finished:   insts:495         cycles:17948      (628145)  seconds:9     -- 0.03 IPC (0.03 IPC) --  N/A  KHz (0.06 KHz) 
**Core 04 Thread 31 Finished:   insts:495         cycles:17948      (628145)  seconds:9     -- 0.03 IPC (0.03 IPC) --  N/A  KHz (0.06 KHz) 
**Core 12 Thread 11 Finished:   insts:495         cycles:17950      (628215)  seconds:8     -- 0.03 IPC (0.03 IPC) --  N/A  KHz (0.06 KHz) 
**Core 01 Thread 06 Finished:   insts:495         cycles:17950      (628215)  seconds:9     -- 0.03 IPC (0.03 IPC) --  N/A  KHz (0.06 KHz) 
**Core 01 Thread 25 Finished:   insts:495         cycles:17952      (628285)  seconds:9     -- 0.03 IPC (0.03 IPC) --  N/A  KHz (0.06 KHz) 
**Core 01 Thread 22 Finished:   insts:495         cycles:17952      (628285)  seconds:9     -- 0.03 IPC (0.03 IPC) --  N/A  KHz (0.06 KHz) 
**Core 04 Thread 21 Finished:   insts:495         cycles:17954      (628355)  seconds:9     -- 0.03 IPC (0.03 IPC) --  N/A  KHz (0.06 KHz) 
**Core 12 Thread 16 Finished:   insts:495         cycles:17954      (628355)  seconds:8     -- 0.03 IPC (0.03 IPC) --  N/A  KHz (0.06 KHz) 
**Core 01 Thread 31 Finished:   insts:495         cycles:17956      (628425)  seconds:9     -- 0.03 IPC (0.03 IPC) --  N/A  KHz (0.06 KHz) 
**Core 01 Thread 20 Finished:   insts:495         cycles:17956      (628425)  seconds:9     -- 0.03 IPC (0.03 IPC) --  N/A  KHz (0.06 KHz) 
**Core 04 Thread 25 Finished:   insts:495         cycles:17958      (628495)  seconds:9     -- 0.03 IPC (0.03 IPC) --  N/A  KHz (0.06 KHz) 
**Core 04 Thread 02 Finished:   insts:495         cycles:17958      (628495)  seconds:9     -- 0.03 IPC (0.03 IPC) --  N/A  KHz (0.06 KHz) 
**Core 00 Thread 00 Finished:   insts:497         cycles:17960      (628565)  seconds:9     -- 0.03 IPC (0.03 IPC) --  N/A  KHz (0.06 KHz) 
**Core 00 Core_Total  Finished:   insts:15842       cycles:17960      (628565) seconds:9     -- 0.88 IPC (0.88 IPC) --  N/A  KHz (1.76 KHz)
**Core 12 Thread 12 Finished:   insts:495         cycles:17960      (628565)  seconds:8     -- 0.03 IPC (0.03 IPC) --  N/A  KHz (0.06 KHz) 
**Core 01 Thread 27 Finished:   insts:495         cycles:17962      (628635)  seconds:9     -- 0.03 IPC (0.03 IPC) --  N/A  KHz (0.06 KHz) 
**Core 01 Thread 15 Finished:   insts:495         cycles:17962      (628635)  seconds:9     -- 0.03 IPC (0.03 IPC) --  N/A  KHz (0.06 KHz) 
**Core 01 Thread 11 Finished:   insts:495         cycles:17964      (628705)  seconds:9     -- 0.03 IPC (0.03 IPC) --  N/A  KHz (0.06 KHz) 
**Core 04 Thread 30 Finished:   insts:495         cycles:17964      (628705)  seconds:9     -- 0.03 IPC (0.03 IPC) --  N/A  KHz (0.06 KHz) 
**Core 08 Thread 04 Finished:   insts:495         cycles:17964      (628705)  seconds:9     -- 0.03 IPC (0.03 IPC) --  N/A  KHz (0.06 KHz) 
**Core 01 Thread 21 Finished:   insts:495         cycles:17966      (628775)  seconds:9     -- 0.03 IPC (0.03 IPC) --  N/A  KHz (0.06 KHz) 
**Core 04 Thread 17 Finished:   insts:495         cycles:17966      (628775)  seconds:9     -- 0.03 IPC (0.03 IPC) --  N/A  KHz (0.06 KHz) 
**Core 04 Thread 23 Finished:   insts:495         cycles:17968      (628845)  seconds:9     -- 0.03 IPC (0.03 IPC) --  N/A  KHz (0.06 KHz) 
**Core 12 Thread 09 Finished:   insts:495         cycles:17968      (628845)  seconds:8     -- 0.03 IPC (0.03 IPC) --  N/A  KHz (0.06 KHz) 
**Core 01 Thread 08 Finished:   insts:495         cycles:17970      (628915)  seconds:9     -- 0.03 IPC (0.03 IPC) --  N/A  KHz (0.06 KHz) 
**Core 01 Thread 29 Finished:   insts:495         cycles:17972      (628985)  seconds:9     -- 0.03 IPC (0.03 IPC) --  N/A  KHz (0.06 KHz) 
**Core 02 Thread 01 Finished:   insts:495         cycles:17972      (628985)  seconds:9     -- 0.03 IPC (0.03 IPC) --  N/A  KHz (0.06 KHz) 
**Core 04 Thread 05 Finished:   insts:495         cycles:17972      (628985)  seconds:9     -- 0.03 IPC (0.03 IPC) --  N/A  KHz (0.06 KHz) 
**Core 01 Thread 18 Finished:   insts:495         cycles:17974      (629055)  seconds:9     -- 0.03 IPC (0.03 IPC) --  N/A  KHz (0.06 KHz) 
**Core 01 Thread 00 Finished:   insts:497         cycles:17974      (629055)  seconds:9     -- 0.03 IPC (0.03 IPC) --  N/A  KHz (0.06 KHz) 
**Core 04 Thread 12 Finished:   insts:495         cycles:17976      (629125)  seconds:9     -- 0.03 IPC (0.03 IPC) --  N/A  KHz (0.06 KHz) 
**Core 05 Thread 03 Finished:   insts:495         cycles:17976      (629125)  seconds:9     -- 0.03 IPC (0.03 IPC) --  N/A  KHz (0.06 KHz) 
**Core 04 Thread 19 Finished:   insts:495         cycles:17978      (629195)  seconds:9     -- 0.03 IPC (0.03 IPC) --  N/A  KHz (0.06 KHz) 
**Core 04 Thread 14 Finished:   insts:495         cycles:17978      (629195)  seconds:9     -- 0.03 IPC (0.03 IPC) --  N/A  KHz (0.06 KHz) 
**Core 04 Thread 26 Finished:   insts:495         cycles:17979      (629230)  seconds:9     -- 0.03 IPC (0.03 IPC) --  N/A  KHz (0.06 KHz) 
**Core 05 Thread 29 Finished:   insts:495         cycles:17979      (629230)  seconds:9     -- 0.03 IPC (0.03 IPC) --  N/A  KHz (0.06 KHz) 
**Core 01 Thread 28 Finished:   insts:495         cycles:17980      (629265)  seconds:9     -- 0.03 IPC (0.03 IPC) --  N/A  KHz (0.06 KHz) 
**Core 04 Thread 06 Finished:   insts:495         cycles:17980      (629265)  seconds:9     -- 0.03 IPC (0.03 IPC) --  N/A  KHz (0.06 KHz) 
**Core 01 Thread 16 Finished:   insts:495         cycles:17981      (629300)  seconds:9     -- 0.03 IPC (0.03 IPC) --  N/A  KHz (0.06 KHz) 
**Core 04 Thread 10 Finished:   insts:495         cycles:17981      (629300)  seconds:9     -- 0.03 IPC (0.03 IPC) --  N/A  KHz (0.06 KHz) 
**Core 04 Thread 20 Finished:   insts:495         cycles:17982      (629335)  seconds:9     -- 0.03 IPC (0.03 IPC) --  N/A  KHz (0.06 KHz) 
**Core 04 Thread 13 Finished:   insts:495         cycles:17982      (629335)  seconds:9     -- 0.03 IPC (0.03 IPC) --  N/A  KHz (0.06 KHz) 
**Core 04 Thread 08 Finished:   insts:495         cycles:17983      (629370)  seconds:9     -- 0.03 IPC (0.03 IPC) --  N/A  KHz (0.06 KHz) 
**Core 05 Thread 22 Finished:   insts:495         cycles:17983      (629370)  seconds:9     -- 0.03 IPC (0.03 IPC) --  N/A  KHz (0.06 KHz) 
**Core 01 Thread 24 Finished:   insts:495         cycles:17985      (629440)  seconds:9     -- 0.03 IPC (0.03 IPC) --  N/A  KHz (0.06 KHz) 
**Core 01 Thread 12 Finished:   insts:495         cycles:17985      (629440)  seconds:9     -- 0.03 IPC (0.03 IPC) --  N/A  KHz (0.06 KHz) 
**Core 08 Thread 23 Finished:   insts:495         cycles:17987      (629510)  seconds:9     -- 0.03 IPC (0.03 IPC) --  N/A  KHz (0.06 KHz) 
**Core 08 Thread 18 Finished:   insts:495         cycles:17987      (629510)  seconds:9     -- 0.03 IPC (0.03 IPC) --  N/A  KHz (0.06 KHz) 
**Core 04 Thread 28 Finished:   insts:495         cycles:17989      (629580)  seconds:9     -- 0.03 IPC (0.03 IPC) --  N/A  KHz (0.06 KHz) 
**Core 01 Thread 07 Finished:   insts:495         cycles:17989      (629580)  seconds:9     -- 0.03 IPC (0.03 IPC) --  N/A  KHz (0.06 KHz) 
**Core 08 Thread 28 Finished:   insts:495         cycles:17991      (629650)  seconds:9     -- 0.03 IPC (0.03 IPC) --  N/A  KHz (0.06 KHz) 
**Core 02 Thread 30 Finished:   insts:495         cycles:17991      (629650)  seconds:9     -- 0.03 IPC (0.03 IPC) --  N/A  KHz (0.06 KHz) 
**Core 09 Thread 13 Finished:   insts:495         cycles:17993      (629720)  seconds:8     -- 0.03 IPC (0.03 IPC) --  N/A  KHz (0.06 KHz) 
**Core 05 Thread 30 Finished:   insts:495         cycles:17993      (629720)  seconds:9     -- 0.03 IPC (0.03 IPC) --  N/A  KHz (0.06 KHz) 
**Core 12 Thread 06 Finished:   insts:495         cycles:17995      (629790)  seconds:8     -- 0.03 IPC (0.03 IPC) --  N/A  KHz (0.06 KHz) 
**Core 01 Thread 17 Finished:   insts:495         cycles:17995      (629790)  seconds:9     -- 0.03 IPC (0.03 IPC) --  N/A  KHz (0.06 KHz) 
**Core 08 Thread 22 Finished:   insts:495         cycles:17997      (629860)  seconds:9     -- 0.03 IPC (0.03 IPC) --  N/A  KHz (0.06 KHz) 
**Core 08 Thread 17 Finished:   insts:495         cycles:17997      (629860)  seconds:9     -- 0.03 IPC (0.03 IPC) --  N/A  KHz (0.06 KHz) 
**Core 04 Thread 01 Finished:   insts:495         cycles:17999      (629930)  seconds:9     -- 0.03 IPC (0.03 IPC) --  N/A  KHz (0.06 KHz) 
**Core 05 Thread 24 Finished:   insts:495         cycles:17999      (629930)  seconds:9     -- 0.03 IPC (0.03 IPC) --  N/A  KHz (0.06 KHz) 
**Core 01 Thread 14 Finished:   insts:495         cycles:18001      (630000)  seconds:9     -- 0.03 IPC (0.03 IPC) --  N/A  KHz (0.06 KHz) 
**Core 12 Thread 03 Finished:   insts:495         cycles:18001      (630000)  seconds:8     -- 0.03 IPC (0.03 IPC) --  N/A  KHz (0.06 KHz) 
**Core 05 Thread 25 Finished:   insts:495         cycles:18003      (630070)  seconds:9     -- 0.03 IPC (0.03 IPC) --  N/A  KHz (0.06 KHz) 
**Core 12 Thread 14 Finished:   insts:495         cycles:18003      (630070)  seconds:8     -- 0.03 IPC (0.03 IPC) --  N/A  KHz (0.06 KHz) 
**Core 01 Thread 26 Finished:   insts:495         cycles:18005      (630140)  seconds:9     -- 0.03 IPC (0.03 IPC) --  N/A  KHz (0.06 KHz) 
**Core 01 Thread 09 Finished:   insts:495         cycles:18005      (630140)  seconds:9     -- 0.03 IPC (0.03 IPC) --  N/A  KHz (0.06 KHz) 
**Core 08 Thread 27 Finished:   insts:495         cycles:18007      (630210)  seconds:9     -- 0.03 IPC (0.03 IPC) --  N/A  KHz (0.06 KHz) 
**Core 09 Thread 19 Finished:   insts:495         cycles:18007      (630210)  seconds:8     -- 0.03 IPC (0.03 IPC) --  N/A  KHz (0.06 KHz) 
**Core 02 Thread 23 Finished:   insts:495         cycles:18009      (630280)  seconds:9     -- 0.03 IPC (0.03 IPC) --  N/A  KHz (0.06 KHz) 
**Core 13 Thread 16 Finished:   insts:495         cycles:18009      (630280)  seconds:8     -- 0.03 IPC (0.03 IPC) --  N/A  KHz (0.06 KHz) 
**Core 01 Thread 19 Finished:   insts:495         cycles:18011      (630350)  seconds:9     -- 0.03 IPC (0.03 IPC) --  N/A  KHz (0.06 KHz) 
**Core 01 Core_Total  Finished:   insts:15842       cycles:18011      (630350) seconds:9     -- 0.88 IPC (0.88 IPC) --  N/A  KHz (1.76 KHz)
**Core 04 Thread 00 Finished:   insts:497         cycles:18011      (630350)  seconds:9     -- 0.03 IPC (0.03 IPC) --  N/A  KHz (0.06 KHz) 
**Core 04 Thread 16 Finished:   insts:495         cycles:18013      (630420)  seconds:9     -- 0.03 IPC (0.03 IPC) --  N/A  KHz (0.06 KHz) 
**Core 04 Thread 11 Finished:   insts:495         cycles:18013      (630420)  seconds:9     -- 0.03 IPC (0.03 IPC) --  N/A  KHz (0.06 KHz) 
**Core 02 Thread 03 Finished:   insts:495         cycles:18015      (630490)  seconds:9     -- 0.03 IPC (0.03 IPC) --  N/A  KHz (0.06 KHz) 
**Core 02 Thread 15 Finished:   insts:495         cycles:18015      (630490)  seconds:9     -- 0.03 IPC (0.03 IPC) --  N/A  KHz (0.06 KHz) 
**Core 12 Thread 24 Finished:   insts:495         cycles:18017      (630560)  seconds:8     -- 0.03 IPC (0.03 IPC) --  N/A  KHz (0.06 KHz) 
**Core 12 Thread 19 Finished:   insts:495         cycles:18017      (630560)  seconds:8     -- 0.03 IPC (0.03 IPC) --  N/A  KHz (0.06 KHz) 
**Core 04 Thread 18 Finished:   insts:495         cycles:18019      (630630)  seconds:9     -- 0.03 IPC (0.03 IPC) --  N/A  KHz (0.06 KHz) 
**Core 04 Core_Total  Finished:   insts:15842       cycles:18019      (630630) seconds:9     -- 0.88 IPC (0.88 IPC) --  N/A  KHz (1.76 KHz)
**Core 05 Thread 02 Finished:   insts:495         cycles:18019      (630630)  seconds:9     -- 0.03 IPC (0.03 IPC) --  N/A  KHz (0.06 KHz) 
**Core 02 Thread 06 Finished:   insts:495         cycles:18021      (630700)  seconds:9     -- 0.03 IPC (0.03 IPC) --  N/A  KHz (0.06 KHz) 
**Core 15 Thread 15 Finished:   insts:495         cycles:18021      (630700)  seconds:8     -- 0.03 IPC (0.03 IPC) --  N/A  KHz (0.06 KHz) 
**Core 02 Thread 25 Finished:   insts:495         cycles:18023      (630770)  seconds:9     -- 0.03 IPC (0.03 IPC) --  N/A  KHz (0.06 KHz) 
**Core 12 Thread 21 Finished:   insts:495         cycles:18023      (630770)  seconds:8     -- 0.03 IPC (0.03 IPC) --  N/A  KHz (0.06 KHz) 
**Core 02 Thread 04 Finished:   insts:495         cycles:18025      (630840)  seconds:9     -- 0.03 IPC (0.03 IPC) --  N/A  KHz (0.06 KHz) 
**Core 15 Thread 17 Finished:   insts:495         cycles:18025      (630840)  seconds:8     -- 0.03 IPC (0.03 IPC) --  N/A  KHz (0.06 KHz) 
**Core 02 Thread 21 Finished:   insts:495         cycles:18027      (630910)  seconds:9     -- 0.03 IPC (0.03 IPC) --  N/A  KHz (0.06 KHz) 
**Core 02 Thread 11 Finished:   insts:495         cycles:18027      (630910)  seconds:9     -- 0.03 IPC (0.03 IPC) --  N/A  KHz (0.06 KHz) 
**Core 02 Thread 20 Finished:   insts:495         cycles:18029      (630980)  seconds:9     -- 0.03 IPC (0.03 IPC) --  N/A  KHz (0.06 KHz) 
**Core 05 Thread 07 Finished:   insts:495         cycles:18029      (630980)  seconds:9     -- 0.03 IPC (0.03 IPC) --  N/A  KHz (0.06 KHz) 
**Core 02 Thread 29 Finished:   insts:495         cycles:18031      (631050)  seconds:9     -- 0.03 IPC (0.03 IPC) --  N/A  KHz (0.06 KHz) 
**Core 05 Thread 10 Finished:   insts:495         cycles:18031      (631050)  seconds:9     -- 0.03 IPC (0.03 IPC) --  N/A  KHz (0.06 KHz) 
**Core 02 Thread 02 Finished:   insts:495         cycles:18033      (631120)  seconds:9     -- 0.03 IPC (0.03 IPC) --  N/A  KHz (0.06 KHz) 
**Core 15 Thread 20 Finished:   insts:495         cycles:18033      (631120)  seconds:8     -- 0.03 IPC (0.03 IPC) --  N/A  KHz (0.06 KHz) 
**Core 13 Thread 24 Finished:   insts:495         cycles:18035      (631190)  seconds:8     -- 0.03 IPC (0.03 IPC) --  N/A  KHz (0.06 KHz) 
**Core 02 Thread 14 Finished:   insts:495         cycles:18035      (631190)  seconds:9     -- 0.03 IPC (0.03 IPC) --  N/A  KHz (0.06 KHz) 
**Core 05 Thread 21 Finished:   insts:495         cycles:18037      (631260)  seconds:9     -- 0.03 IPC (0.03 IPC) --  N/A  KHz (0.06 KHz) 
**Core 05 Thread 01 Finished:   insts:495         cycles:18037      (631260)  seconds:9     -- 0.03 IPC (0.03 IPC) --  N/A  KHz (0.06 KHz) 
**Core 02 Thread 08 Finished:   insts:495         cycles:18039      (631330)  seconds:9     -- 0.03 IPC (0.03 IPC) --  N/A  KHz (0.06 KHz) 
**Core 05 Thread 15 Finished:   insts:495         cycles:18039      (631330)  seconds:9     -- 0.03 IPC (0.03 IPC) --  N/A  KHz (0.06 KHz) 
**Core 15 Thread 24 Finished:   insts:495         cycles:18041      (631400)  seconds:8     -- 0.03 IPC (0.03 IPC) --  N/A  KHz (0.06 KHz) 
**Core 02 Thread 28 Finished:   insts:495         cycles:18041      (631400)  seconds:9     -- 0.03 IPC (0.03 IPC) --  N/A  KHz (0.06 KHz) 
**Core 05 Thread 17 Finished:   insts:495         cycles:18043      (631470)  seconds:9     -- 0.03 IPC (0.03 IPC) --  N/A  KHz (0.06 KHz) 
**Core 05 Thread 05 Finished:   insts:495         cycles:18043      (631470)  seconds:9     -- 0.03 IPC (0.03 IPC) --  N/A  KHz (0.06 KHz) 
**Core 02 Thread 22 Finished:   insts:495         cycles:18045      (631540)  seconds:9     -- 0.03 IPC (0.03 IPC) --  N/A  KHz (0.06 KHz) 
**Core 02 Thread 09 Finished:   insts:495         cycles:18045      (631540)  seconds:9     -- 0.03 IPC (0.03 IPC) --  N/A  KHz (0.06 KHz) 
**Core 05 Thread 12 Finished:   insts:495         cycles:18047      (631610)  seconds:9     -- 0.03 IPC (0.03 IPC) --  N/A  KHz (0.06 KHz) 
**Core 05 Thread 13 Finished:   insts:495         cycles:18047      (631610)  seconds:9     -- 0.03 IPC (0.03 IPC) --  N/A  KHz (0.06 KHz) 
**Core 05 Thread 31 Finished:   insts:495         cycles:18048      (631645)  seconds:9     -- 0.03 IPC (0.03 IPC) --  N/A  KHz (0.06 KHz) 
**Core 05 Thread 28 Finished:   insts:495         cycles:18048      (631645)  seconds:9     -- 0.03 IPC (0.03 IPC) --  N/A  KHz (0.06 KHz) 
**Core 05 Thread 20 Finished:   insts:495         cycles:18049      (631680)  seconds:9     -- 0.03 IPC (0.03 IPC) --  N/A  KHz (0.06 KHz) 
**Core 05 Thread 08 Finished:   insts:495         cycles:18049      (631680)  seconds:9     -- 0.03 IPC (0.03 IPC) --  N/A  KHz (0.06 KHz) 
**Core 02 Thread 31 Finished:   insts:495         cycles:18050      (631715)  seconds:9     -- 0.03 IPC (0.03 IPC) --  N/A  KHz (0.06 KHz) 
**Core 02 Thread 18 Finished:   insts:495         cycles:18050      (631715)  seconds:9     -- 0.03 IPC (0.03 IPC) --  N/A  KHz (0.06 KHz) 
**Core 05 Thread 09 Finished:   insts:495         cycles:18051      (631750)  seconds:9     -- 0.03 IPC (0.03 IPC) --  N/A  KHz (0.06 KHz) 
**Core 05 Thread 14 Finished:   insts:495         cycles:18051      (631750)  seconds:9     -- 0.03 IPC (0.03 IPC) --  N/A  KHz (0.06 KHz) 
**Core 05 Thread 23 Finished:   insts:495         cycles:18052      (631785)  seconds:9     -- 0.03 IPC (0.03 IPC) --  N/A  KHz (0.06 KHz) 
**Core 05 Thread 19 Finished:   insts:495         cycles:18052      (631785)  seconds:9     -- 0.03 IPC (0.03 IPC) --  N/A  KHz (0.06 KHz) 
**Core 02 Thread 16 Finished:   insts:495         cycles:18054      (631855)  seconds:9     -- 0.03 IPC (0.03 IPC) --  N/A  KHz (0.06 KHz) 
**Core 05 Thread 06 Finished:   insts:495         cycles:18054      (631855)  seconds:9     -- 0.03 IPC (0.03 IPC) --  N/A  KHz (0.06 KHz) 
**Core 05 Thread 04 Finished:   insts:495         cycles:18056      (631925)  seconds:9     -- 0.03 IPC (0.03 IPC) --  N/A  KHz (0.06 KHz) 
**Core 05 Thread 11 Finished:   insts:495         cycles:18056      (631925)  seconds:9     -- 0.03 IPC (0.03 IPC) --  N/A  KHz (0.06 KHz) 
**Core 05 Thread 26 Finished:   insts:495         cycles:18058      (631995)  seconds:9     -- 0.03 IPC (0.03 IPC) --  N/A  KHz (0.06 KHz) 
**Core 05 Thread 16 Finished:   insts:495         cycles:18058      (631995)  seconds:9     -- 0.03 IPC (0.03 IPC) --  N/A  KHz (0.06 KHz) 
**Core 02 Thread 05 Finished:   insts:495         cycles:18060      (632065)  seconds:9     -- 0.03 IPC (0.03 IPC) --  N/A  KHz (0.06 KHz) 
**Core 08 Thread 09 Finished:   insts:495         cycles:18060      (632065)  seconds:9     -- 0.03 IPC (0.03 IPC) --  N/A  KHz (0.06 KHz) 
**Core 02 Thread 27 Finished:   insts:495         cycles:18062      (632135)  seconds:9     -- 0.03 IPC (0.03 IPC) --  N/A  KHz (0.06 KHz) 
**Core 08 Thread 01 Finished:   insts:495         cycles:18062      (632135)  seconds:9     -- 0.03 IPC (0.03 IPC) --  N/A  KHz (0.06 KHz) 
**Core 09 Thread 16 Finished:   insts:495         cycles:18064      (632205)  seconds:8     -- 0.03 IPC (0.03 IPC) --  N/A  KHz (0.06 KHz) 
**Core 10 Thread 22 Finished:   insts:495         cycles:18064      (632205)  seconds:8     -- 0.03 IPC (0.03 IPC) --  N/A  KHz (0.06 KHz) 
**Core 02 Thread 24 Finished:   insts:495         cycles:18066      (632275)  seconds:9     -- 0.03 IPC (0.03 IPC) --  N/A  KHz (0.06 KHz) 
**Core 02 Thread 10 Finished:   insts:495         cycles:18066      (632275)  seconds:9     -- 0.03 IPC (0.03 IPC) --  N/A  KHz (0.06 KHz) 
**Core 06 Thread 24 Finished:   insts:495         cycles:18068      (632345)  seconds:9     -- 0.03 IPC (0.03 IPC) --  N/A  KHz (0.06 KHz) 
**Core 12 Thread 05 Finished:   insts:495         cycles:18068      (632345)  seconds:8     -- 0.03 IPC (0.03 IPC) --  N/A  KHz (0.06 KHz) 
**Core 02 Thread 17 Finished:   insts:495         cycles:18070      (632415)  seconds:9     -- 0.03 IPC (0.03 IPC) --  N/A  KHz (0.06 KHz) 
**Core 09 Thread 18 Finished:   insts:495         cycles:18070      (632415)  seconds:8     -- 0.03 IPC (0.03 IPC) --  N/A  KHz (0.06 KHz) 
**Core 13 Thread 22 Finished:   insts:495         cycles:18072      (632485)  seconds:8     -- 0.03 IPC (0.03 IPC) --  N/A  KHz (0.06 KHz) 
**Core 13 Thread 17 Finished:   insts:495         cycles:18072      (632485)  seconds:8     -- 0.03 IPC (0.03 IPC) --  N/A  KHz (0.06 KHz) 
**Core 02 Thread 13 Finished:   insts:495         cycles:18074      (632555)  seconds:9     -- 0.03 IPC (0.03 IPC) --  N/A  KHz (0.06 KHz) 
**Core 10 Thread 14 Finished:   insts:495         cycles:18074      (632555)  seconds:8     -- 0.03 IPC (0.03 IPC) --  N/A  KHz (0.06 KHz) 
**Core 02 Thread 26 Finished:   insts:495         cycles:18076      (632625)  seconds:9     -- 0.03 IPC (0.03 IPC) --  N/A  KHz (0.06 KHz) 
**Core 05 Thread 00 Finished:   insts:497         cycles:18076      (632625)  seconds:9     -- 0.03 IPC (0.03 IPC) --  N/A  KHz (0.06 KHz) 
**Core 06 Thread 22 Finished:   insts:495         cycles:18078      (632695)  seconds:9     -- 0.03 IPC (0.03 IPC) --  N/A  KHz (0.06 KHz) 
**Core 14 Thread 14 Finished:   insts:495         cycles:18078      (632695)  seconds:8     -- 0.03 IPC (0.03 IPC) --  N/A  KHz (0.06 KHz) 
**Core 03 Thread 08 Finished:   insts:495         cycles:18080      (632765)  seconds:9     -- 0.03 IPC (0.03 IPC) --  N/A  KHz (0.06 KHz) 
**Core 11 Thread 17 Finished:   insts:495         cycles:18080      (632765)  seconds:8     -- 0.03 IPC (0.03 IPC) --  N/A  KHz (0.06 KHz) 
**Core 14 Thread 22 Finished:   insts:495         cycles:18082      (632835)  seconds:8     -- 0.03 IPC (0.03 IPC) --  N/A  KHz (0.06 KHz) 
**Core 15 Thread 19 Finished:   insts:495         cycles:18082      (632835)  seconds:8     -- 0.03 IPC (0.03 IPC) --  N/A  KHz (0.06 KHz) 
**Core 11 Thread 15 Finished:   insts:495         cycles:18084      (632905)  seconds:8     -- 0.03 IPC (0.03 IPC) --  N/A  KHz (0.06 KHz) 
**Core 03 Thread 10 Finished:   insts:495         cycles:18084      (632905)  seconds:9     -- 0.03 IPC (0.03 IPC) --  N/A  KHz (0.06 KHz) 
**Core 03 Thread 03 Finished:   insts:495         cycles:18086      (632975)  seconds:9     -- 0.03 IPC (0.03 IPC) --  N/A  KHz (0.06 KHz) 
**Core 07 Thread 22 Finished:   insts:495         cycles:18086      (632975)  seconds:9     -- 0.03 IPC (0.03 IPC) --  N/A  KHz (0.06 KHz) 
**Core 12 Thread 31 Finished:   insts:495         cycles:18088      (633045)  seconds:8     -- 0.03 IPC (0.03 IPC) --  N/A  KHz (0.06 KHz) 
**Core 03 Thread 22 Finished:   insts:495         cycles:18088      (633045)  seconds:9     -- 0.03 IPC (0.03 IPC) --  N/A  KHz (0.06 KHz) 
**Core 02 Thread 19 Finished:   insts:495         cycles:18090      (633115)  seconds:9     -- 0.03 IPC (0.03 IPC) --  N/A  KHz (0.06 KHz) 
**Core 03 Thread 28 Finished:   insts:495         cycles:18090      (633115)  seconds:9     -- 0.03 IPC (0.03 IPC) --  N/A  KHz (0.06 KHz) 
**Core 15 Thread 22 Finished:   insts:495         cycles:18092      (633185)  seconds:8     -- 0.03 IPC (0.03 IPC) --  N/A  KHz (0.06 KHz) 
**Core 03 Thread 30 Finished:   insts:495         cycles:18092      (633185)  seconds:9     -- 0.03 IPC (0.03 IPC) --  N/A  KHz (0.06 KHz) 
**Core 03 Thread 13 Finished:   insts:495         cycles:18094      (633255)  seconds:9     -- 0.03 IPC (0.03 IPC) --  N/A  KHz (0.06 KHz) 
**Core 05 Thread 18 Finished:   insts:495         cycles:18094      (633255)  seconds:9     -- 0.03 IPC (0.03 IPC) --  N/A  KHz (0.06 KHz) 
**Core 05 Core_Total  Finished:   insts:15842       cycles:18094      (633255) seconds:9     -- 0.88 IPC (0.88 IPC) --  N/A  KHz (1.76 KHz)
**Core 03 Thread 23 Finished:   insts:495         cycles:18096      (633325)  seconds:9     -- 0.03 IPC (0.03 IPC) --  N/A  KHz (0.06 KHz) 
**Core 03 Thread 01 Finished:   insts:495         cycles:18096      (633325)  seconds:9     -- 0.03 IPC (0.03 IPC) --  N/A  KHz (0.06 KHz) 
**Core 06 Thread 27 Finished:   insts:495         cycles:18098      (633395)  seconds:9     -- 0.03 IPC (0.03 IPC) --  N/A  KHz (0.06 KHz) 
**Core 06 Thread 14 Finished:   insts:495         cycles:18098      (633395)  seconds:9     -- 0.03 IPC (0.03 IPC) --  N/A  KHz (0.06 KHz) 
**Core 02 Thread 07 Finished:   insts:495         cycles:18100      (633465)  seconds:9     -- 0.03 IPC (0.03 IPC) --  N/A  KHz (0.06 KHz) 
**Core 03 Thread 27 Finished:   insts:495         cycles:18100      (633465)  seconds:9     -- 0.03 IPC (0.03 IPC) --  N/A  KHz (0.06 KHz) 
**Core 06 Thread 29 Finished:   insts:495         cycles:18102      (633535)  seconds:9     -- 0.03 IPC (0.03 IPC) --  N/A  KHz (0.06 KHz) 
**Core 06 Thread 20 Finished:   insts:495         cycles:18102      (633535)  seconds:9     -- 0.03 IPC (0.03 IPC) --  N/A  KHz (0.06 KHz) 
**Core 03 Thread 04 Finished:   insts:495         cycles:18104      (633605)  seconds:9     -- 0.03 IPC (0.03 IPC) --  N/A  KHz (0.06 KHz) 
**Core 06 Thread 15 Finished:   insts:495         cycles:18104      (633605)  seconds:9     -- 0.03 IPC (0.03 IPC) --  N/A  KHz (0.06 KHz) 
**Core 03 Thread 12 Finished:   insts:495         cycles:18106      (633675)  seconds:9     -- 0.03 IPC (0.03 IPC) --  N/A  KHz (0.06 KHz) 
**Core 06 Thread 25 Finished:   insts:495         cycles:18106      (633675)  seconds:9     -- 0.03 IPC (0.03 IPC) --  N/A  KHz (0.06 KHz) 
**Core 03 Thread 31 Finished:   insts:495         cycles:18108      (633745)  seconds:9     -- 0.03 IPC (0.03 IPC) --  N/A  KHz (0.06 KHz) 
**Core 06 Thread 17 Finished:   insts:495         cycles:18108      (633745)  seconds:9     -- 0.03 IPC (0.03 IPC) --  N/A  KHz (0.06 KHz) 
**Core 03 Thread 17 Finished:   insts:495         cycles:18110      (633815)  seconds:9     -- 0.03 IPC (0.03 IPC) --  N/A  KHz (0.06 KHz) 
**Core 06 Thread 02 Finished:   insts:495         cycles:18110      (633815)  seconds:9     -- 0.03 IPC (0.03 IPC) --  N/A  KHz (0.06 KHz) 
**Core 02 Thread 00 Finished:   insts:497         cycles:18112      (633885)  seconds:9     -- 0.03 IPC (0.03 IPC) --  N/A  KHz (0.06 KHz) 
**Core 06 Thread 19 Finished:   insts:495         cycles:18112      (633885)  seconds:9     -- 0.03 IPC (0.03 IPC) --  N/A  KHz (0.06 KHz) 
**Core 06 Thread 16 Finished:   insts:495         cycles:18114      (633955)  seconds:9     -- 0.03 IPC (0.03 IPC) --  N/A  KHz (0.06 KHz) 
**Core 07 Thread 20 Finished:   insts:495         cycles:18114      (633955)  seconds:9     -- 0.03 IPC (0.03 IPC) --  N/A  KHz (0.06 KHz) 
**Core 03 Thread 21 Finished:   insts:495         cycles:18116      (634025)  seconds:9     -- 0.03 IPC (0.03 IPC) --  N/A  KHz (0.06 KHz) 
**Core 03 Thread 14 Finished:   insts:495         cycles:18116      (634025)  seconds:9     -- 0.03 IPC (0.03 IPC) --  N/A  KHz (0.06 KHz) 
**Core 06 Thread 30 Finished:   insts:495         cycles:18117      (634060)  seconds:9     -- 0.03 IPC (0.03 IPC) --  N/A  KHz (0.06 KHz) 
**Core 06 Thread 21 Finished:   insts:495         cycles:18117      (634060)  seconds:9     -- 0.03 IPC (0.03 IPC) --  N/A  KHz (0.06 KHz) 
**Core 06 Thread 07 Finished:   insts:495         cycles:18118      (634095)  seconds:9     -- 0.03 IPC (0.03 IPC) --  N/A  KHz (0.06 KHz) 
**Core 06 Thread 10 Finished:   insts:495         cycles:18118      (634095)  seconds:9     -- 0.03 IPC (0.03 IPC) --  N/A  KHz (0.06 KHz) 
**Core 03 Thread 02 Finished:   insts:495         cycles:18119      (634130)  seconds:9     -- 0.03 IPC (0.03 IPC) --  N/A  KHz (0.06 KHz) 
**Core 06 Thread 18 Finished:   insts:495         cycles:18119      (634130)  seconds:9     -- 0.03 IPC (0.03 IPC) --  N/A  KHz (0.06 KHz) 
**Core 03 Thread 07 Finished:   insts:495         cycles:18121      (634200)  seconds:9     -- 0.03 IPC (0.03 IPC) --  N/A  KHz (0.06 KHz) 
**Core 06 Thread 26 Finished:   insts:495         cycles:18121      (634200)  seconds:9     -- 0.03 IPC (0.03 IPC) --  N/A  KHz (0.06 KHz) 
**Core 03 Thread 25 Finished:   insts:495         cycles:18123      (634270)  seconds:9     -- 0.03 IPC (0.03 IPC) --  N/A  KHz (0.06 KHz) 
**Core 03 Thread 00 Finished:   insts:497         cycles:18123      (634270)  seconds:9     -- 0.03 IPC (0.03 IPC) --  N/A  KHz (0.06 KHz) 
**Core 03 Thread 29 Finished:   insts:495         cycles:18125      (634340)  seconds:9     -- 0.03 IPC (0.03 IPC) --  N/A  KHz (0.06 KHz) 
**Core 03 Thread 09 Finished:   insts:495         cycles:18125      (634340)  seconds:9     -- 0.03 IPC (0.03 IPC) --  N/A  KHz (0.06 KHz) 
**Core 06 Thread 23 Finished:   insts:495         cycles:18127      (634410)  seconds:9     -- 0.03 IPC (0.03 IPC) --  N/A  KHz (0.06 KHz) 
**Core 06 Thread 05 Finished:   insts:495         cycles:18127      (634410)  seconds:9     -- 0.03 IPC (0.03 IPC) --  N/A  KHz (0.06 KHz) 
**Core 06 Thread 13 Finished:   insts:495         cycles:18129      (634480)  seconds:9     -- 0.03 IPC (0.03 IPC) --  N/A  KHz (0.06 KHz) 
**Core 08 Thread 11 Finished:   insts:495         cycles:18129      (634480)  seconds:9     -- 0.03 IPC (0.03 IPC) --  N/A  KHz (0.06 KHz) 
**Core 09 Thread 21 Finished:   insts:495         cycles:18131      (634550)  seconds:8     -- 0.03 IPC (0.03 IPC) --  N/A  KHz (0.06 KHz) 
**Core 06 Thread 31 Finished:   insts:495         cycles:18131      (634550)  seconds:9     -- 0.03 IPC (0.03 IPC) --  N/A  KHz (0.06 KHz) 
**Core 03 Thread 18 Finished:   insts:495         cycles:18133      (634620)  seconds:9     -- 0.03 IPC (0.03 IPC) --  N/A  KHz (0.06 KHz) 
**Core 08 Thread 14 Finished:   insts:495         cycles:18133      (634620)  seconds:9     -- 0.03 IPC (0.03 IPC) --  N/A  KHz (0.06 KHz) 
**Core 03 Thread 15 Finished:   insts:495         cycles:18135      (634690)  seconds:9     -- 0.03 IPC (0.03 IPC) --  N/A  KHz (0.06 KHz) 
**Core 06 Thread 03 Finished:   insts:495         cycles:18135      (634690)  seconds:9     -- 0.03 IPC (0.03 IPC) --  N/A  KHz (0.06 KHz) 
**Core 03 Thread 24 Finished:   insts:495         cycles:18137      (634760)  seconds:9     -- 0.03 IPC (0.03 IPC) --  N/A  KHz (0.06 KHz) 
**Core 06 Thread 28 Finished:   insts:495         cycles:18137      (634760)  seconds:9     -- 0.03 IPC (0.03 IPC) --  N/A  KHz (0.06 KHz) 
**Core 09 Thread 23 Finished:   insts:495         cycles:18139      (634830)  seconds:8     -- 0.03 IPC (0.03 IPC) --  N/A  KHz (0.06 KHz) 
**Core 10 Thread 20 Finished:   insts:495         cycles:18139      (634830)  seconds:8     -- 0.03 IPC (0.03 IPC) --  N/A  KHz (0.06 KHz) 
**Core 07 Thread 24 Finished:   insts:495         cycles:18141      (634900)  seconds:9     -- 0.03 IPC (0.03 IPC) --  N/A  KHz (0.06 KHz) 
**Core 13 Thread 19 Finished:   insts:495         cycles:18141      (634900)  seconds:8     -- 0.03 IPC (0.03 IPC) --  N/A  KHz (0.06 KHz) 
**Core 03 Thread 05 Finished:   insts:495         cycles:18143      (634970)  seconds:9     -- 0.03 IPC (0.03 IPC) --  N/A  KHz (0.06 KHz) 
**Core 10 Thread 15 Finished:   insts:495         cycles:18143      (634970)  seconds:8     -- 0.03 IPC (0.03 IPC) --  N/A  KHz (0.06 KHz) 
**Core 02 Thread 12 Finished:   insts:495         cycles:18145      (635040)  seconds:9     -- 0.03 IPC (0.03 IPC) --  N/A  KHz (0.06 KHz) 
**Core 02 Core_Total  Finished:   insts:15842       cycles:18145      (635040) seconds:9     -- 0.87 IPC (0.87 IPC) --  N/A  KHz (1.76 KHz)
**Core 14 Thread 15 Finished:   insts:495         cycles:18145      (635040)  seconds:8     -- 0.03 IPC (0.03 IPC) --  N/A  KHz (0.06 KHz) 
**Core 07 Thread 25 Finished:   insts:495         cycles:18147      (635110)  seconds:9     -- 0.03 IPC (0.03 IPC) --  N/A  KHz (0.06 KHz) 
**Core 12 Thread 29 Finished:   insts:495         cycles:18147      (635110)  seconds:8     -- 0.03 IPC (0.03 IPC) --  N/A  KHz (0.06 KHz) 
**Core 11 Thread 24 Finished:   insts:495         cycles:18149      (635180)  seconds:8     -- 0.03 IPC (0.03 IPC) --  N/A  KHz (0.06 KHz) 
**Core 11 Thread 20 Finished:   insts:495         cycles:18149      (635180)  seconds:8     -- 0.03 IPC (0.03 IPC) --  N/A  KHz (0.06 KHz) 
**Core 07 Thread 29 Finished:   insts:495         cycles:18151      (635250)  seconds:9     -- 0.03 IPC (0.03 IPC) --  N/A  KHz (0.06 KHz) 
**Core 14 Thread 20 Finished:   insts:495         cycles:18151      (635250)  seconds:8     -- 0.03 IPC (0.03 IPC) --  N/A  KHz (0.06 KHz) 
**Core 03 Thread 26 Finished:   insts:495         cycles:18153      (635320)  seconds:9     -- 0.03 IPC (0.03 IPC) --  N/A  KHz (0.06 KHz) 
**Core 03 Thread 20 Finished:   insts:495         cycles:18153      (635320)  seconds:9     -- 0.03 IPC (0.03 IPC) --  N/A  KHz (0.06 KHz) 
**Core 03 Thread 16 Finished:   insts:495         cycles:18155      (635390)  seconds:9     -- 0.03 IPC (0.03 IPC) --  N/A  KHz (0.06 KHz) 
**Core 13 Thread 21 Finished:   insts:495         cycles:18155      (635390)  seconds:8     -- 0.03 IPC (0.03 IPC) --  N/A  KHz (0.06 KHz) 
**Core 07 Thread 21 Finished:   insts:495         cycles:18157      (635460)  seconds:9     -- 0.03 IPC (0.03 IPC) --  N/A  KHz (0.06 KHz) 
**Core 15 Thread 18 Finished:   insts:495         cycles:18157      (635460)  seconds:8     -- 0.03 IPC (0.03 IPC) --  N/A  KHz (0.06 KHz) 
**Core 06 Thread 04 Finished:   insts:495         cycles:18159      (635530)  seconds:9     -- 0.03 IPC (0.03 IPC) --  N/A  KHz (0.06 KHz) 
**Core 06 Thread 00 Finished:   insts:497         cycles:18159      (635530)  seconds:9     -- 0.03 IPC (0.03 IPC) --  N/A  KHz (0.06 KHz) 
**Core 03 Thread 06 Finished:   insts:495         cycles:18161      (635600)  seconds:9     -- 0.03 IPC (0.03 IPC) --  N/A  KHz (0.06 KHz) 
**Core 07 Thread 26 Finished:   insts:495         cycles:18161      (635600)  seconds:9     -- 0.03 IPC (0.03 IPC) --  N/A  KHz (0.06 KHz) 
**Core 06 Thread 01 Finished:   insts:495         cycles:18163      (635670)  seconds:9     -- 0.03 IPC (0.03 IPC) --  N/A  KHz (0.06 KHz) 
**Core 12 Thread 26 Finished:   insts:495         cycles:18163      (635670)  seconds:8     -- 0.03 IPC (0.03 IPC) --  N/A  KHz (0.06 KHz) 
**Core 03 Thread 11 Finished:   insts:495         cycles:18165      (635740)  seconds:9     -- 0.03 IPC (0.03 IPC) --  N/A  KHz (0.06 KHz) 
**Core 15 Thread 25 Finished:   insts:495         cycles:18165      (635740)  seconds:8     -- 0.03 IPC (0.03 IPC) --  N/A  KHz (0.06 KHz) 
**Core 06 Thread 12 Finished:   insts:495         cycles:18167      (635810)  seconds:9     -- 0.03 IPC (0.03 IPC) --  N/A  KHz (0.06 KHz) 
**Core 07 Thread 30 Finished:   insts:495         cycles:18167      (635810)  seconds:9     -- 0.03 IPC (0.03 IPC) --  N/A  KHz (0.06 KHz) 
**Core 07 Thread 19 Finished:   insts:495         cycles:18169      (635880)  seconds:9     -- 0.03 IPC (0.03 IPC) --  N/A  KHz (0.06 KHz) 
**Core 07 Thread 03 Finished:   insts:495         cycles:18169      (635880)  seconds:9     -- 0.03 IPC (0.03 IPC) --  N/A  KHz (0.06 KHz) 
**Core 07 Thread 23 Finished:   insts:495         cycles:18171      (635950)  seconds:9     -- 0.03 IPC (0.03 IPC) --  N/A  KHz (0.06 KHz) 
**Core 08 Thread 16 Finished:   insts:495         cycles:18171      (635950)  seconds:9     -- 0.03 IPC (0.03 IPC) --  N/A  KHz (0.06 KHz) 
**Core 03 Thread 19 Finished:   insts:495         cycles:18173      (636020)  seconds:9     -- 0.03 IPC (0.03 IPC) --  N/A  KHz (0.06 KHz) 
**Core 03 Core_Total  Finished:   insts:15842       cycles:18173      (636020) seconds:9     -- 0.87 IPC (0.87 IPC) --  N/A  KHz (1.76 KHz)
**Core 08 Thread 21 Finished:   insts:495         cycles:18173      (636020)  seconds:9     -- 0.03 IPC (0.03 IPC) --  N/A  KHz (0.06 KHz) 
**Core 06 Thread 06 Finished:   insts:495         cycles:18175      (636090)  seconds:9     -- 0.03 IPC (0.03 IPC) --  N/A  KHz (0.06 KHz) 
**Core 07 Thread 00 Finished:   insts:497         cycles:18175      (636090)  seconds:9     -- 0.03 IPC (0.03 IPC) --  N/A  KHz (0.06 KHz) 
**Core 07 Thread 27 Finished:   insts:495         cycles:18177      (636160)  seconds:9     -- 0.03 IPC (0.03 IPC) --  N/A  KHz (0.06 KHz) 
**Core 08 Thread 19 Finished:   insts:495         cycles:18177      (636160)  seconds:9     -- 0.03 IPC (0.03 IPC) --  N/A  KHz (0.06 KHz) 
**Core 07 Thread 02 Finished:   insts:495         cycles:18179      (636230)  seconds:9     -- 0.03 IPC (0.03 IPC) --  N/A  KHz (0.06 KHz) 
**Core 08 Thread 26 Finished:   insts:495         cycles:18179      (636230)  seconds:9     -- 0.03 IPC (0.03 IPC) --  N/A  KHz (0.06 KHz) 
**Core 06 Thread 09 Finished:   insts:495         cycles:18181      (636300)  seconds:9     -- 0.03 IPC (0.03 IPC) --  N/A  KHz (0.06 KHz) 
**Core 08 Thread 10 Finished:   insts:495         cycles:18181      (636300)  seconds:9     -- 0.03 IPC (0.03 IPC) --  N/A  KHz (0.06 KHz) 
**Core 06 Thread 08 Finished:   insts:495         cycles:18183      (636370)  seconds:9     -- 0.03 IPC (0.03 IPC) --  N/A  KHz (0.06 KHz) 
**Core 08 Thread 29 Finished:   insts:495         cycles:18183      (636370)  seconds:9     -- 0.03 IPC (0.03 IPC) --  N/A  KHz (0.06 KHz) 
**Core 06 Thread 11 Finished:   insts:495         cycles:18185      (636440)  seconds:9     -- 0.03 IPC (0.03 IPC) --  N/A  KHz (0.06 KHz) 
**Core 06 Core_Total  Finished:   insts:15842       cycles:18185      (636440) seconds:9     -- 0.87 IPC (0.87 IPC) --  N/A  KHz (1.76 KHz)
**Core 07 Thread 17 Finished:   insts:495         cycles:18185      (636440)  seconds:9     -- 0.03 IPC (0.03 IPC) --  N/A  KHz (0.06 KHz) 
**Core 07 Thread 31 Finished:   insts:495         cycles:18186      (636475)  seconds:9     -- 0.03 IPC (0.03 IPC) --  N/A  KHz (0.06 KHz) 
**Core 08 Thread 15 Finished:   insts:495         cycles:18186      (636475)  seconds:9     -- 0.03 IPC (0.03 IPC) --  N/A  KHz (0.06 KHz) 
**Core 07 Thread 01 Finished:   insts:495         cycles:18187      (636510)  seconds:9     -- 0.03 IPC (0.03 IPC) --  N/A  KHz (0.06 KHz) 
**Core 07 Thread 08 Finished:   insts:495         cycles:18187      (636510)  seconds:9     -- 0.03 IPC (0.03 IPC) --  N/A  KHz (0.06 KHz) 
**Core 08 Thread 24 Finished:   insts:495         cycles:18188      (636545)  seconds:9     -- 0.03 IPC (0.03 IPC) --  N/A  KHz (0.06 KHz) 
**Core 08 Thread 02 Finished:   insts:495         cycles:18188      (636545)  seconds:9     -- 0.03 IPC (0.03 IPC) --  N/A  KHz (0.06 KHz) 
**Core 07 Thread 18 Finished:   insts:495         cycles:18189      (636580)  seconds:9     -- 0.03 IPC (0.03 IPC) --  N/A  KHz (0.06 KHz) 
**Core 07 Thread 15 Finished:   insts:495         cycles:18189      (636580)  seconds:9     -- 0.03 IPC (0.03 IPC) --  N/A  KHz (0.06 KHz) 
**Core 07 Thread 07 Finished:   insts:495         cycles:18190      (636615)  seconds:9     -- 0.03 IPC (0.03 IPC) --  N/A  KHz (0.06 KHz) 
**Core 07 Thread 12 Finished:   insts:495         cycles:18190      (636615)  seconds:9     -- 0.03 IPC (0.03 IPC) --  N/A  KHz (0.06 KHz) 
**Core 07 Thread 28 Finished:   insts:495         cycles:18192      (636685)  seconds:9     -- 0.03 IPC (0.03 IPC) --  N/A  KHz (0.06 KHz) 
**Core 08 Thread 20 Finished:   insts:495         cycles:18192      (636685)  seconds:9     -- 0.03 IPC (0.03 IPC) --  N/A  KHz (0.06 KHz) 
**Core 07 Thread 13 Finished:   insts:495         cycles:18194      (636755)  seconds:9     -- 0.03 IPC (0.03 IPC) --  N/A  KHz (0.06 KHz) 
**Core 08 Thread 25 Finished:   insts:495         cycles:18194      (636755)  seconds:9     -- 0.03 IPC (0.03 IPC) --  N/A  KHz (0.06 KHz) 
**Core 07 Thread 04 Finished:   insts:495         cycles:18196      (636825)  seconds:9     -- 0.03 IPC (0.03 IPC) --  N/A  KHz (0.06 KHz) 
**Core 09 Thread 08 Finished:   insts:495         cycles:18196      (636825)  seconds:8     -- 0.03 IPC (0.03 IPC) --  N/A  KHz (0.06 KHz) 
**Core 08 Thread 31 Finished:   insts:495         cycles:18198      (636895)  seconds:9     -- 0.03 IPC (0.03 IPC) --  N/A  KHz (0.06 KHz) 
**Core 08 Thread 00 Finished:   insts:497         cycles:18198      (636895)  seconds:9     -- 0.03 IPC (0.03 IPC) --  N/A  KHz (0.06 KHz) 
**Core 07 Thread 10 Finished:   insts:495         cycles:18200      (636965)  seconds:9     -- 0.03 IPC (0.03 IPC) --  N/A  KHz (0.06 KHz) 
**Core 09 Thread 01 Finished:   insts:495         cycles:18202      (637035)  seconds:8     -- 0.03 IPC (0.03 IPC) --  N/A  KHz (0.06 KHz) 
**Core 09 Thread 11 Finished:   insts:495         cycles:18202      (637035)  seconds:8     -- 0.03 IPC (0.03 IPC) --  N/A  KHz (0.06 KHz) 
**Core 07 Thread 05 Finished:   insts:495         cycles:18204      (637105)  seconds:9     -- 0.03 IPC (0.03 IPC) --  N/A  KHz (0.06 KHz) 
**Core 09 Thread 24 Finished:   insts:495         cycles:18204      (637105)  seconds:8     -- 0.03 IPC (0.03 IPC) --  N/A  KHz (0.06 KHz) 
**Core 12 Thread 10 Finished:   insts:495         cycles:18206      (637175)  seconds:8     -- 0.03 IPC (0.03 IPC) --  N/A  KHz (0.06 KHz) 
**Core 10 Thread 17 Finished:   insts:495         cycles:18208      (637245)  seconds:8     -- 0.03 IPC (0.03 IPC) --  N/A  KHz (0.06 KHz) 
**Core 13 Thread 26 Finished:   insts:495         cycles:18208      (637245)  seconds:8     -- 0.03 IPC (0.03 IPC) --  N/A  KHz (0.06 KHz) 
**Core 09 Thread 26 Finished:   insts:495         cycles:18210      (637315)  seconds:8     -- 0.03 IPC (0.03 IPC) --  N/A  KHz (0.06 KHz) 
**Core 09 Thread 02 Finished:   insts:495         cycles:18210      (637315)  seconds:8     -- 0.03 IPC (0.03 IPC) --  N/A  KHz (0.06 KHz) 
**Core 09 Thread 06 Finished:   insts:495         cycles:18212      (637385)  seconds:8     -- 0.03 IPC (0.03 IPC) --  N/A  KHz (0.06 KHz) 
**Core 12 Thread 08 Finished:   insts:495         cycles:18212      (637385)  seconds:8     -- 0.03 IPC (0.03 IPC) --  N/A  KHz (0.06 KHz) 
**Core 13 Thread 04 Finished:   insts:495         cycles:18214      (637455)  seconds:8     -- 0.03 IPC (0.03 IPC) --  N/A  KHz (0.06 KHz) 
**Core 14 Thread 24 Finished:   insts:495         cycles:18214      (637455)  seconds:8     -- 0.03 IPC (0.03 IPC) --  N/A  KHz (0.06 KHz) 
**Core 07 Thread 16 Finished:   insts:495         cycles:18216      (637525)  seconds:9     -- 0.03 IPC (0.03 IPC) --  N/A  KHz (0.06 KHz) 
**Core 14 Thread 17 Finished:   insts:495         cycles:18216      (637525)  seconds:8     -- 0.03 IPC (0.03 IPC) --  N/A  KHz (0.06 KHz) 
**Core 09 Thread 00 Finished:   insts:497         cycles:18218      (637595)  seconds:8     -- 0.03 IPC (0.03 IPC) --  N/A  KHz (0.06 KHz) 
**Core 09 Thread 12 Finished:   insts:495         cycles:18218      (637595)  seconds:8     -- 0.03 IPC (0.03 IPC) --  N/A  KHz (0.06 KHz) 
**Core 07 Thread 11 Finished:   insts:495         cycles:18220      (637665)  seconds:9     -- 0.03 IPC (0.03 IPC) --  N/A  KHz (0.06 KHz) 
**Core 08 Thread 30 Finished:   insts:495         cycles:18220      (637665)  seconds:9     -- 0.03 IPC (0.03 IPC) --  N/A  KHz (0.06 KHz) 
**Core 08 Core_Total  Finished:   insts:15842       cycles:18220      (637665) seconds:9     -- 0.87 IPC (0.87 IPC) --  N/A  KHz (1.76 KHz)
**Core 11 Thread 19 Finished:   insts:495         cycles:18222      (637735)  seconds:8     -- 0.03 IPC (0.03 IPC) --  N/A  KHz (0.06 KHz) 
**Core 15 Thread 23 Finished:   insts:495         cycles:18222      (637735)  seconds:8     -- 0.03 IPC (0.03 IPC) --  N/A  KHz (0.06 KHz) 
**Core 09 Thread 04 Finished:   insts:495         cycles:18224      (637805)  seconds:8     -- 0.03 IPC (0.03 IPC) --  N/A  KHz (0.06 KHz) 
**Core 07 Thread 06 Finished:   insts:495         cycles:18224      (637805)  seconds:9     -- 0.03 IPC (0.03 IPC) --  N/A  KHz (0.06 KHz) 
**Core 10 Thread 24 Finished:   insts:495         cycles:18226      (637875)  seconds:8     -- 0.03 IPC (0.03 IPC) --  N/A  KHz (0.06 KHz) 
**Core 07 Thread 14 Finished:   insts:495         cycles:18226      (637875)  seconds:9     -- 0.03 IPC (0.03 IPC) --  N/A  KHz (0.06 KHz) 
**Core 07 Thread 09 Finished:   insts:495         cycles:18228      (637945)  seconds:9     -- 0.03 IPC (0.03 IPC) --  N/A  KHz (0.06 KHz) 
**Core 07 Core_Total  Finished:   insts:15842       cycles:18228      (637945) seconds:9     -- 0.87 IPC (0.87 IPC) --  N/A  KHz (1.76 KHz)
**Core 09 Thread 07 Finished:   insts:495         cycles:18228      (637945)  seconds:8     -- 0.03 IPC (0.03 IPC) --  N/A  KHz (0.06 KHz) 
**Core 15 Thread 21 Finished:   insts:495         cycles:18230      (638015)  seconds:8     -- 0.03 IPC (0.03 IPC) --  N/A  KHz (0.06 KHz) 
**Core 09 Thread 28 Finished:   insts:495         cycles:18230      (638015)  seconds:8     -- 0.03 IPC (0.03 IPC) --  N/A  KHz (0.06 KHz) 
**Core 09 Thread 10 Finished:   insts:495         cycles:18232      (638085)  seconds:8     -- 0.03 IPC (0.03 IPC) --  N/A  KHz (0.06 KHz) 
**Core 10 Thread 02 Finished:   insts:495         cycles:18232      (638085)  seconds:8     -- 0.03 IPC (0.03 IPC) --  N/A  KHz (0.06 KHz) 
**Core 09 Thread 29 Finished:   insts:495         cycles:18236      (638225)  seconds:8     -- 0.03 IPC (0.03 IPC) --  N/A  KHz (0.06 KHz) 
**Core 10 Thread 19 Finished:   insts:495         cycles:18238      (638295)  seconds:8     -- 0.03 IPC (0.03 IPC) --  N/A  KHz (0.06 KHz) 
**Core 11 Thread 22 Finished:   insts:495         cycles:18240      (638365)  seconds:8     -- 0.03 IPC (0.03 IPC) --  N/A  KHz (0.06 KHz) 
**Core 10 Thread 03 Finished:   insts:495         cycles:18242      (638435)  seconds:8     -- 0.03 IPC (0.03 IPC) --  N/A  KHz (0.06 KHz) 
**Core 09 Thread 05 Finished:   insts:495         cycles:18244      (638505)  seconds:8     -- 0.03 IPC (0.03 IPC) --  N/A  KHz (0.06 KHz) 
**Core 10 Thread 27 Finished:   insts:495         cycles:18244      (638505)  seconds:8     -- 0.03 IPC (0.03 IPC) --  N/A  KHz (0.06 KHz) 
**Core 10 Thread 00 Finished:   insts:497         cycles:18246      (638575)  seconds:8     -- 0.03 IPC (0.03 IPC) --  N/A  KHz (0.06 KHz) 
**Core 10 Thread 16 Finished:   insts:495         cycles:18248      (638645)  seconds:8     -- 0.03 IPC (0.03 IPC) --  N/A  KHz (0.06 KHz) 
**Core 09 Thread 31 Finished:   insts:495         cycles:18250      (638715)  seconds:8     -- 0.03 IPC (0.03 IPC) --  N/A  KHz (0.06 KHz) 
**Core 09 Thread 09 Finished:   insts:495         cycles:18255      (638890)  seconds:8     -- 0.03 IPC (0.03 IPC) --  N/A  KHz (0.06 KHz) 
**Core 09 Core_Total  Finished:   insts:15842       cycles:18255      (638890) seconds:8     -- 0.87 IPC (0.87 IPC) --  N/A  KHz (1.98 KHz)
**Core 10 Thread 04 Finished:   insts:495         cycles:18255      (638890)  seconds:8     -- 0.03 IPC (0.03 IPC) --  N/A  KHz (0.06 KHz) 
**Core 10 Thread 21 Finished:   insts:495         cycles:18257      (638960)  seconds:8     -- 0.03 IPC (0.03 IPC) --  N/A  KHz (0.06 KHz) 
**Core 10 Thread 18 Finished:   insts:495         cycles:18257      (638960)  seconds:8     -- 0.03 IPC (0.03 IPC) --  N/A  KHz (0.06 KHz) 
**Core 10 Thread 25 Finished:   insts:495         cycles:18259      (639030)  seconds:8     -- 0.03 IPC (0.03 IPC) --  N/A  KHz (0.06 KHz) 
**Core 10 Thread 01 Finished:   insts:495         cycles:18259      (639030)  seconds:8     -- 0.03 IPC (0.03 IPC) --  N/A  KHz (0.06 KHz) 
**Core 10 Thread 07 Finished:   insts:495         cycles:18263      (639170)  seconds:8     -- 0.03 IPC (0.03 IPC) --  N/A  KHz (0.06 KHz) 
**Core 10 Thread 30 Finished:   insts:495         cycles:18265      (639240)  seconds:8     -- 0.03 IPC (0.03 IPC) --  N/A  KHz (0.06 KHz) 
**Core 11 Thread 00 Finished:   insts:497         cycles:18265      (639240)  seconds:8     -- 0.03 IPC (0.03 IPC) --  N/A  KHz (0.06 KHz) 
**Core 10 Thread 13 Finished:   insts:495         cycles:18267      (639310)  seconds:8     -- 0.03 IPC (0.03 IPC) --  N/A  KHz (0.06 KHz) 
**Core 12 Thread 13 Finished:   insts:495         cycles:18267      (639310)  seconds:8     -- 0.03 IPC (0.03 IPC) --  N/A  KHz (0.06 KHz) 
**Core 10 Thread 23 Finished:   insts:495         cycles:18269      (639380)  seconds:8     -- 0.03 IPC (0.03 IPC) --  N/A  KHz (0.06 KHz) 
**Core 12 Thread 23 Finished:   insts:495         cycles:18269      (639380)  seconds:8     -- 0.03 IPC (0.03 IPC) --  N/A  KHz (0.06 KHz) 
**Core 11 Thread 02 Finished:   insts:495         cycles:18271      (639450)  seconds:8     -- 0.03 IPC (0.03 IPC) --  N/A  KHz (0.06 KHz) 
**Core 12 Thread 18 Finished:   insts:495         cycles:18273      (639520)  seconds:8     -- 0.03 IPC (0.03 IPC) --  N/A  KHz (0.06 KHz) 
**Core 10 Thread 10 Finished:   insts:495         cycles:18273      (639520)  seconds:8     -- 0.03 IPC (0.03 IPC) --  N/A  KHz (0.06 KHz) 
**Core 12 Thread 25 Finished:   insts:495         cycles:18275      (639590)  seconds:8     -- 0.03 IPC (0.03 IPC) --  N/A  KHz (0.06 KHz) 
**Core 12 Thread 02 Finished:   insts:495         cycles:18275      (639590)  seconds:8     -- 0.03 IPC (0.03 IPC) --  N/A  KHz (0.06 KHz) 
**Core 11 Thread 18 Finished:   insts:495         cycles:18277      (639660)  seconds:8     -- 0.03 IPC (0.03 IPC) --  N/A  KHz (0.06 KHz) 
**Core 12 Thread 15 Finished:   insts:495         cycles:18277      (639660)  seconds:8     -- 0.03 IPC (0.03 IPC) --  N/A  KHz (0.06 KHz) 
**Core 10 Thread 26 Finished:   insts:495         cycles:18279      (639730)  seconds:8     -- 0.03 IPC (0.03 IPC) --  N/A  KHz (0.06 KHz) 
**Core 11 Thread 04 Finished:   insts:495         cycles:18279      (639730)  seconds:8     -- 0.03 IPC (0.03 IPC) --  N/A  KHz (0.06 KHz) 
**Core 12 Thread 30 Finished:   insts:495         cycles:18281      (639800)  seconds:8     -- 0.03 IPC (0.03 IPC) --  N/A  KHz (0.06 KHz) 
**Core 10 Thread 05 Finished:   insts:495         cycles:18283      (639870)  seconds:8     -- 0.03 IPC (0.03 IPC) --  N/A  KHz (0.06 KHz) 
**Core 13 Thread 12 Finished:   insts:495         cycles:18283      (639870)  seconds:8     -- 0.03 IPC (0.03 IPC) --  N/A  KHz (0.06 KHz) 
**Core 10 Thread 29 Finished:   insts:495         cycles:18285      (639940)  seconds:8     -- 0.03 IPC (0.03 IPC) --  N/A  KHz (0.06 KHz) 
**Core 12 Thread 22 Finished:   insts:495         cycles:18285      (639940)  seconds:8     -- 0.03 IPC (0.03 IPC) --  N/A  KHz (0.06 KHz) 
**Core 11 Thread 14 Finished:   insts:495         cycles:18287      (640010)  seconds:8     -- 0.03 IPC (0.03 IPC) --  N/A  KHz (0.06 KHz) 
**Core 12 Thread 20 Finished:   insts:495         cycles:18287      (640010)  seconds:8     -- 0.03 IPC (0.03 IPC) --  N/A  KHz (0.06 KHz) 
**Core 11 Thread 23 Finished:   insts:495         cycles:18289      (640080)  seconds:8     -- 0.03 IPC (0.03 IPC) --  N/A  KHz (0.06 KHz) 
**Core 11 Thread 03 Finished:   insts:495         cycles:18289      (640080)  seconds:8     -- 0.03 IPC (0.03 IPC) --  N/A  KHz (0.06 KHz) 
**Core 12 Thread 28 Finished:   insts:495         cycles:18291      (640150)  seconds:8     -- 0.03 IPC (0.03 IPC) --  N/A  KHz (0.06 KHz) 
**Core 10 Thread 12 Finished:   insts:495         cycles:18293      (640220)  seconds:8     -- 0.03 IPC (0.03 IPC) --  N/A  KHz (0.06 KHz) 
**Core 13 Thread 05 Finished:   insts:495         cycles:18293      (640220)  seconds:8     -- 0.03 IPC (0.03 IPC) --  N/A  KHz (0.06 KHz) 
**Core 12 Thread 01 Finished:   insts:495         cycles:18295      (640290)  seconds:8     -- 0.03 IPC (0.03 IPC) --  N/A  KHz (0.06 KHz) 
**Core 13 Thread 29 Finished:   insts:495         cycles:18295      (640290)  seconds:8     -- 0.03 IPC (0.03 IPC) --  N/A  KHz (0.06 KHz) 
**Core 10 Thread 06 Finished:   insts:495         cycles:18297      (640360)  seconds:8     -- 0.03 IPC (0.03 IPC) --  N/A  KHz (0.06 KHz) 
**Core 11 Thread 01 Finished:   insts:495         cycles:18297      (640360)  seconds:8     -- 0.03 IPC (0.03 IPC) --  N/A  KHz (0.06 KHz) 
**Core 10 Thread 28 Finished:   insts:495         cycles:18299      (640430)  seconds:8     -- 0.03 IPC (0.03 IPC) --  N/A  KHz (0.06 KHz) 
**Core 13 Thread 14 Finished:   insts:495         cycles:18299      (640430)  seconds:8     -- 0.03 IPC (0.03 IPC) --  N/A  KHz (0.06 KHz) 
**Core 13 Thread 23 Finished:   insts:495         cycles:18301      (640500)  seconds:8     -- 0.03 IPC (0.03 IPC) --  N/A  KHz (0.06 KHz) 
**Core 11 Thread 16 Finished:   insts:495         cycles:18303      (640570)  seconds:8     -- 0.03 IPC (0.03 IPC) --  N/A  KHz (0.06 KHz) 
**Core 13 Thread 09 Finished:   insts:495         cycles:18303      (640570)  seconds:8     -- 0.03 IPC (0.03 IPC) --  N/A  KHz (0.06 KHz) 
**Core 10 Thread 31 Finished:   insts:495         cycles:18305      (640640)  seconds:8     -- 0.03 IPC (0.03 IPC) --  N/A  KHz (0.06 KHz) 
**Core 12 Thread 27 Finished:   insts:495         cycles:18305      (640640)  seconds:8     -- 0.03 IPC (0.03 IPC) --  N/A  KHz (0.06 KHz) 
**Core 10 Thread 09 Finished:   insts:495         cycles:18307      (640710)  seconds:8     -- 0.03 IPC (0.03 IPC) --  N/A  KHz (0.06 KHz) 
**Core 12 Thread 17 Finished:   insts:495         cycles:18307      (640710)  seconds:8     -- 0.03 IPC (0.03 IPC) --  N/A  KHz (0.06 KHz) 
**Core 11 Thread 21 Finished:   insts:495         cycles:18309      (640780)  seconds:8     -- 0.03 IPC (0.03 IPC) --  N/A  KHz (0.06 KHz) 
**Core 13 Thread 31 Finished:   insts:495         cycles:18309      (640780)  seconds:8     -- 0.03 IPC (0.03 IPC) --  N/A  KHz (0.06 KHz) 
**Core 10 Thread 08 Finished:   insts:495         cycles:18311      (640850)  seconds:8     -- 0.03 IPC (0.03 IPC) --  N/A  KHz (0.06 KHz) 
**Core 13 Thread 07 Finished:   insts:495         cycles:18311      (640850)  seconds:8     -- 0.03 IPC (0.03 IPC) --  N/A  KHz (0.06 KHz) 
**Core 13 Thread 02 Finished:   insts:495         cycles:18313      (640920)  seconds:8     -- 0.03 IPC (0.03 IPC) --  N/A  KHz (0.06 KHz) 
**Core 14 Thread 21 Finished:   insts:495         cycles:18313      (640920)  seconds:8     -- 0.03 IPC (0.03 IPC) --  N/A  KHz (0.06 KHz) 
**Core 13 Thread 13 Finished:   insts:495         cycles:18315      (640990)  seconds:8     -- 0.03 IPC (0.03 IPC) --  N/A  KHz (0.06 KHz) 
**Core 11 Thread 13 Finished:   insts:495         cycles:18316      (641025)  seconds:8     -- 0.03 IPC (0.03 IPC) --  N/A  KHz (0.06 KHz) 
**Core 13 Thread 27 Finished:   insts:495         cycles:18317      (641060)  seconds:8     -- 0.03 IPC (0.03 IPC) --  N/A  KHz (0.06 KHz) 
**Core 11 Thread 25 Finished:   insts:495         cycles:18318      (641095)  seconds:8     -- 0.03 IPC (0.03 IPC) --  N/A  KHz (0.06 KHz) 
**Core 13 Thread 10 Finished:   insts:495         cycles:18320      (641165)  seconds:8     -- 0.03 IPC (0.03 IPC) --  N/A  KHz (0.06 KHz) 
**Core 10 Thread 11 Finished:   insts:495         cycles:18321      (641200)  seconds:8     -- 0.03 IPC (0.03 IPC) --  N/A  KHz (0.06 KHz) 
**Core 10 Core_Total  Finished:   insts:15842       cycles:18321      (641200) seconds:8     -- 0.86 IPC (0.86 IPC) --  N/A  KHz (1.98 KHz)
**Core 15 Thread 30 Finished:   insts:495         cycles:18322      (641235)  seconds:8     -- 0.03 IPC (0.03 IPC) --  N/A  KHz (0.06 KHz) 
**Core 11 Thread 30 Finished:   insts:495         cycles:18323      (641270)  seconds:8     -- 0.03 IPC (0.03 IPC) --  N/A  KHz (0.06 KHz) 
**Core 14 Thread 19 Finished:   insts:495         cycles:18325      (641340)  seconds:8     -- 0.03 IPC (0.03 IPC) --  N/A  KHz (0.06 KHz) 
**Core 11 Thread 07 Finished:   insts:495         cycles:18326      (641375)  seconds:8     -- 0.03 IPC (0.03 IPC) --  N/A  KHz (0.06 KHz) 
**Core 14 Thread 23 Finished:   insts:495         cycles:18327      (641410)  seconds:8     -- 0.03 IPC (0.03 IPC) --  N/A  KHz (0.06 KHz) 
**Core 13 Thread 01 Finished:   insts:495         cycles:18328      (641445)  seconds:8     -- 0.03 IPC (0.03 IPC) --  N/A  KHz (0.06 KHz) 
**Core 13 Thread 06 Finished:   insts:495         cycles:18330      (641515)  seconds:8     -- 0.03 IPC (0.03 IPC) --  N/A  KHz (0.06 KHz) 
**Core 11 Thread 09 Finished:   insts:495         cycles:18331      (641550)  seconds:8     -- 0.03 IPC (0.03 IPC) --  N/A  KHz (0.06 KHz) 
**Core 14 Thread 27 Finished:   insts:495         cycles:18332      (641585)  seconds:8     -- 0.03 IPC (0.03 IPC) --  N/A  KHz (0.06 KHz) 
**Core 11 Thread 26 Finished:   insts:495         cycles:18333      (641620)  seconds:8     -- 0.03 IPC (0.03 IPC) --  N/A  KHz (0.06 KHz) 
**Core 13 Thread 15 Finished:   insts:495         cycles:18335      (641690)  seconds:8     -- 0.03 IPC (0.03 IPC) --  N/A  KHz (0.06 KHz) 
**Core 11 Thread 05 Finished:   insts:495         cycles:18336      (641725)  seconds:8     -- 0.03 IPC (0.03 IPC) --  N/A  KHz (0.06 KHz) 
**Core 13 Thread 30 Finished:   insts:495         cycles:18337      (641760)  seconds:8     -- 0.03 IPC (0.03 IPC) --  N/A  KHz (0.06 KHz) 
**Core 11 Thread 29 Finished:   insts:495         cycles:18338      (641795)  seconds:8     -- 0.03 IPC (0.03 IPC) --  N/A  KHz (0.06 KHz) 
**Core 13 Thread 11 Finished:   insts:495         cycles:18340      (641865)  seconds:8     -- 0.03 IPC (0.03 IPC) --  N/A  KHz (0.06 KHz) 
**Core 11 Thread 12 Finished:   insts:495         cycles:18341      (641900)  seconds:8     -- 0.03 IPC (0.03 IPC) --  N/A  KHz (0.06 KHz) 
**Core 15 Thread 26 Finished:   insts:495         cycles:18342      (641935)  seconds:8     -- 0.03 IPC (0.03 IPC) --  N/A  KHz (0.06 KHz) 
**Core 13 Thread 03 Finished:   insts:495         cycles:18343      (641970)  seconds:8     -- 0.03 IPC (0.03 IPC) --  N/A  KHz (0.06 KHz) 
**Core 11 Thread 08 Finished:   insts:495         cycles:18346      (642075)  seconds:8     -- 0.03 IPC (0.03 IPC) --  N/A  KHz (0.06 KHz) 
**Core 13 Thread 20 Finished:   insts:495         cycles:18346      (642075)  seconds:8     -- 0.03 IPC (0.03 IPC) --  N/A  KHz (0.06 KHz) 
**Core 14 Thread 30 Finished:   insts:495         cycles:18347      (642110)  seconds:8     -- 0.03 IPC (0.03 IPC) --  N/A  KHz (0.06 KHz) 
**Core 11 Thread 27 Finished:   insts:495         cycles:18348      (642145)  seconds:8     -- 0.03 IPC (0.03 IPC) --  N/A  KHz (0.06 KHz) 
**Core 11 Thread 10 Finished:   insts:495         cycles:18351      (642250)  seconds:8     -- 0.03 IPC (0.03 IPC) --  N/A  KHz (0.06 KHz) 
**Core 13 Thread 08 Finished:   insts:495         cycles:18351      (642250)  seconds:8     -- 0.03 IPC (0.03 IPC) --  N/A  KHz (0.06 KHz) 
**Core 13 Thread 25 Finished:   insts:495         cycles:18352      (642285)  seconds:8     -- 0.03 IPC (0.03 IPC) --  N/A  KHz (0.06 KHz) 
**Core 11 Thread 31 Finished:   insts:495         cycles:18353      (642320)  seconds:8     -- 0.03 IPC (0.03 IPC) --  N/A  KHz (0.06 KHz) 
**Core 11 Thread 06 Finished:   insts:495         cycles:18356      (642425)  seconds:8     -- 0.03 IPC (0.03 IPC) --  N/A  KHz (0.06 KHz) 
**Core 14 Thread 16 Finished:   insts:495         cycles:18356      (642425)  seconds:8     -- 0.03 IPC (0.03 IPC) --  N/A  KHz (0.06 KHz) 
**Core 14 Thread 29 Finished:   insts:495         cycles:18357      (642460)  seconds:8     -- 0.03 IPC (0.03 IPC) --  N/A  KHz (0.06 KHz) 
**Core 14 Thread 02 Finished:   insts:495         cycles:18358      (642495)  seconds:8     -- 0.03 IPC (0.03 IPC) --  N/A  KHz (0.06 KHz) 
**Core 11 Thread 11 Finished:   insts:495         cycles:18361      (642600)  seconds:8     -- 0.03 IPC (0.03 IPC) --  N/A  KHz (0.06 KHz) 
**Core 14 Thread 10 Finished:   insts:495         cycles:18361      (642600)  seconds:8     -- 0.03 IPC (0.03 IPC) --  N/A  KHz (0.06 KHz) 
**Core 13 Thread 28 Finished:   insts:495         cycles:18362      (642635)  seconds:8     -- 0.03 IPC (0.03 IPC) --  N/A  KHz (0.06 KHz) 
**Core 11 Thread 28 Finished:   insts:495         cycles:18363      (642670)  seconds:8     -- 0.03 IPC (0.03 IPC) --  N/A  KHz (0.06 KHz) 
**Core 11 Core_Total  Finished:   insts:15842       cycles:18363      (642670) seconds:8     -- 0.86 IPC (0.86 IPC) --  N/A  KHz (1.98 KHz)
**Core 13 Thread 18 Finished:   insts:495         cycles:18366      (642775)  seconds:8     -- 0.03 IPC (0.03 IPC) --  N/A  KHz (0.06 KHz) 
**Core 14 Thread 31 Finished:   insts:495         cycles:18368      (642845)  seconds:8     -- 0.03 IPC (0.03 IPC) --  N/A  KHz (0.06 KHz) 
**Core 12 Thread 00 Finished:   insts:497         cycles:18368      (642845)  seconds:8     -- 0.03 IPC (0.03 IPC) --  N/A  KHz (0.06 KHz) 
**Core 12 Core_Total  Finished:   insts:15842       cycles:18368      (642845) seconds:8     -- 0.86 IPC (0.86 IPC) --  N/A  KHz (1.98 KHz)
**Core 14 Thread 07 Finished:   insts:495         cycles:18371      (642950)  seconds:8     -- 0.03 IPC (0.03 IPC) --  N/A  KHz (0.06 KHz) 
**Core 14 Thread 25 Finished:   insts:495         cycles:18373      (643020)  seconds:8     -- 0.03 IPC (0.03 IPC) --  N/A  KHz (0.06 KHz) 
**Core 14 Thread 03 Finished:   insts:495         cycles:18373      (643020)  seconds:8     -- 0.03 IPC (0.03 IPC) --  N/A  KHz (0.06 KHz) 
**Core 14 Thread 13 Finished:   insts:495         cycles:18376      (643125)  seconds:8     -- 0.03 IPC (0.03 IPC) --  N/A  KHz (0.06 KHz) 
**Core 15 Thread 29 Finished:   insts:495         cycles:18378      (643195)  seconds:8     -- 0.03 IPC (0.03 IPC) --  N/A  KHz (0.06 KHz) 
**Core 13 Thread 00 Finished:   insts:497         cycles:18379      (643230)  seconds:8     -- 0.03 IPC (0.03 IPC) --  N/A  KHz (0.06 KHz) 
**Core 13 Core_Total  Finished:   insts:15842       cycles:18379      (643230) seconds:8     -- 0.86 IPC (0.86 IPC) --  N/A  KHz (1.98 KHz)
**Core 14 Thread 12 Finished:   insts:495         cycles:18381      (643300)  seconds:8     -- 0.03 IPC (0.03 IPC) --  N/A  KHz (0.06 KHz) 
**Core 14 Thread 26 Finished:   insts:495         cycles:18383      (643370)  seconds:8     -- 0.03 IPC (0.03 IPC) --  N/A  KHz (0.06 KHz) 
**Core 14 Thread 04 Finished:   insts:495         cycles:18384      (643405)  seconds:8     -- 0.03 IPC (0.03 IPC) --  N/A  KHz (0.06 KHz) 
**Core 14 Thread 18 Finished:   insts:495         cycles:18386      (643475)  seconds:8     -- 0.03 IPC (0.03 IPC) --  N/A  KHz (0.06 KHz) 
**Core 15 Thread 31 Finished:   insts:495         cycles:18388      (643545)  seconds:8     -- 0.03 IPC (0.03 IPC) --  N/A  KHz (0.06 KHz) 
**Core 14 Thread 00 Finished:   insts:497         cycles:18389      (643580)  seconds:8     -- 0.03 IPC (0.03 IPC) --  N/A  KHz (0.06 KHz) 
**Core 14 Thread 05 Finished:   insts:495         cycles:18391      (643650)  seconds:8     -- 0.03 IPC (0.03 IPC) --  N/A  KHz (0.06 KHz) 
**Core 14 Thread 28 Finished:   insts:495         cycles:18393      (643720)  seconds:8     -- 0.03 IPC (0.03 IPC) --  N/A  KHz (0.06 KHz) 
**Core 14 Thread 01 Finished:   insts:495         cycles:18394      (643755)  seconds:8     -- 0.03 IPC (0.03 IPC) --  N/A  KHz (0.06 KHz) 
**Core 15 Thread 14 Finished:   insts:495         cycles:18396      (643825)  seconds:8     -- 0.03 IPC (0.03 IPC) --  N/A  KHz (0.06 KHz) 
**Core 15 Thread 00 Finished:   insts:497         cycles:18399      (643930)  seconds:8     -- 0.03 IPC (0.03 IPC) --  N/A  KHz (0.06 KHz) 
**Core 14 Thread 09 Finished:   insts:495         cycles:18401      (644000)  seconds:8     -- 0.03 IPC (0.03 IPC) --  N/A  KHz (0.06 KHz) 
**Core 15 Thread 27 Finished:   insts:495         cycles:18401      (644000)  seconds:8     -- 0.03 IPC (0.03 IPC) --  N/A  KHz (0.06 KHz) 
**Core 15 Thread 02 Finished:   insts:495         cycles:18404      (644105)  seconds:8     -- 0.03 IPC (0.03 IPC) --  N/A  KHz (0.06 KHz) 
**Core 14 Thread 06 Finished:   insts:495         cycles:18406      (644175)  seconds:8     -- 0.03 IPC (0.03 IPC) --  N/A  KHz (0.06 KHz) 
**Core 15 Thread 28 Finished:   insts:495         cycles:18410      (644315)  seconds:8     -- 0.03 IPC (0.03 IPC) --  N/A  KHz (0.06 KHz) 
**Core 15 Thread 16 Finished:   insts:495         cycles:18411      (644350)  seconds:8     -- 0.03 IPC (0.03 IPC) --  N/A  KHz (0.06 KHz) 
**Core 15 Thread 04 Finished:   insts:495         cycles:18412      (644385)  seconds:8     -- 0.03 IPC (0.03 IPC) --  N/A  KHz (0.06 KHz) 
**Core 14 Thread 11 Finished:   insts:495         cycles:18416      (644525)  seconds:8     -- 0.03 IPC (0.03 IPC) --  N/A  KHz (0.06 KHz) 
**Core 14 Thread 08 Finished:   insts:495         cycles:18421      (644700)  seconds:8     -- 0.03 IPC (0.03 IPC) --  N/A  KHz (0.06 KHz) 
**Core 14 Core_Total  Finished:   insts:15842       cycles:18421      (644700) seconds:8     -- 0.86 IPC (0.86 IPC) --  N/A  KHz (1.98 KHz)
**Core 15 Thread 03 Finished:   insts:495         cycles:18421      (644700)  seconds:8     -- 0.03 IPC (0.03 IPC) --  N/A  KHz (0.06 KHz) 
**Core 15 Thread 13 Finished:   insts:495         cycles:18426      (644875)  seconds:8     -- 0.03 IPC (0.03 IPC) --  N/A  KHz (0.06 KHz) 
**Core 15 Thread 01 Finished:   insts:495         cycles:18430      (645015)  seconds:8     -- 0.03 IPC (0.03 IPC) --  N/A  KHz (0.06 KHz) 
**Core 15 Thread 09 Finished:   insts:495         cycles:18431      (645050)  seconds:8     -- 0.03 IPC (0.03 IPC) --  N/A  KHz (0.06 KHz) 
**Core 15 Thread 07 Finished:   insts:495         cycles:18436      (645225)  seconds:8     -- 0.03 IPC (0.03 IPC) --  N/A  KHz (0.06 KHz) 
**Core 15 Thread 12 Finished:   insts:495         cycles:18441      (645400)  seconds:8     -- 0.03 IPC (0.03 IPC) --  N/A  KHz (0.06 KHz) 
**Core 15 Thread 05 Finished:   insts:495         cycles:18446      (645575)  seconds:8     -- 0.03 IPC (0.03 IPC) --  N/A  KHz (0.06 KHz) 
**Core 15 Thread 10 Finished:   insts:495         cycles:18451      (645750)  seconds:8     -- 0.03 IPC (0.03 IPC) --  N/A  KHz (0.06 KHz) 
**Core 15 Thread 08 Finished:   insts:495         cycles:18456      (645925)  seconds:8     -- 0.03 IPC (0.03 IPC) --  N/A  KHz (0.06 KHz) 
**Core 15 Thread 11 Finished:   insts:495         cycles:18461      (646100)  seconds:8     -- 0.03 IPC (0.03 IPC) --  N/A  KHz (0.06 KHz) 
**Core 15 Thread 06 Finished:   insts:495         cycles:18466      (646275)  seconds:8     -- 0.03 IPC (0.03 IPC) --  N/A  KHz (0.06 KHz) 
src/retire.cc:566: (I=497  C=646275):  ----- application 0 terminated (/benchrun/macsim/cuda4-matrixmul/sm86_rtx3070/input-128/results/traces/_Z8mult_gpuPfS_S_ii_0/Trace.txt,0) at 646275
**Core 15 Core_Total  Finished:   insts:15842       cycles:18466      (646275) seconds:8     -- 0.86 IPC (0.86 IPC) --  N/A  KHz (1.98 KHz)
src/macsim.cc:620: (I=497  C=646276):  finalize simulation
src/macsim.cc:627: (I=497  C=646276):  elapsed time:8.9 seconds
Done
