(0.000000) CudaRuntime.cpp:3813: Adding external function 'malloc'
(0.000000) CudaRuntime.cpp:3813: Adding external function 'free'
(0.000000) CudaRuntime.cpp:3813: Adding external function 'vprintf'
(0.000000) CudaRuntime.cpp:3813: Adding external function 'cudaGetParameterBuffer'
(0.000047) CudaRuntime.cpp:595:  Loading module (fatbin) - matrixMul.cu
(0.000062) CudaRuntime.cpp:738:  Registered kernel - _Z8mult_gpuPfS_S_ii in module 'matrixMul.cu'
(0.000085) CudaRuntime.cpp:276:  Creating devices.
(0.000194) CudaRuntime.cpp:288:   - Added 1 emulator devices.
(0.000314) CudaRuntime.cpp:446:  Creating new context for thread 0xbef150
(0.000367) CudaRuntime.cpp:787:  cudaMalloc( *devPtr = 0xbf1400, size = 65536)
(0.000386) CudaRuntime.cpp:787:  cudaMalloc( *devPtr = 0xc11500, size = 65536)
(0.000404) CudaRuntime.cpp:787:  cudaMalloc( *devPtr = 0xc31600, size = 65536)
(0.001911) CudaRuntime.cpp:1131: cudaMemcpy(0xbf1400, 0xbde960, 65536)
(0.001920) CudaRuntime.cpp:251:    _memcpy(0xbf1400, 0xbde960, 65536 bytes) h-to-d
(0.002017) CudaRuntime.cpp:1131: cudaMemcpy(0xc11500, 0xc014b0, 65536)
(0.002024) CudaRuntime.cpp:251:    _memcpy(0xc11500, 0xc014b0, 65536 bytes) h-to-d
grid: (4,4,1)
threads: (32,32,1)
(0.002114) CudaRuntime.cpp:2609: cudaConfigureCall()
(0.002120) CudaRuntime.cpp:2631: cudaSetupArgument() - offset 0, size 8
(0.002125) CudaRuntime.cpp:2631: cudaSetupArgument() - offset 8, size 8
(0.002130) CudaRuntime.cpp:2631: cudaSetupArgument() - offset 16, size 8
(0.002134) CudaRuntime.cpp:2631: cudaSetupArgument() - offset 24, size 4
(0.002138) CudaRuntime.cpp:2631: cudaSetupArgument() - offset 28, size 4
(0.005390) CudaRuntime.cpp:142:  Mapping parameter at offset 0 of size 8 to offset 0 of size 8
   data = 0x00 0x14 0xbf 0x00 0x00 0x00 0x00 0x00 
(0.005402) CudaRuntime.cpp:142:  Mapping parameter at offset 8 of size 8 to offset 8 of size 8
   data = 0x00 0x15 0xc1 0x00 0x00 0x00 0x00 0x00 
(0.005408) CudaRuntime.cpp:142:  Mapping parameter at offset 16 of size 8 to offset 16 of size 8
   data = 0x00 0x16 0xc3 0x00 0x00 0x00 0x00 0x00 
(0.005414) CudaRuntime.cpp:142:  Mapping parameter at offset 24 of size 4 to offset 24 of size 4
   data = 0x80 0x00 0x00 0x00 
(0.005419) CudaRuntime.cpp:142:  Mapping parameter at offset 28 of size 4 to offset 28 of size 4
   data = 0x80 0x00 0x00 0x00 
(0.005424) CudaRuntime.cpp:2685: kernel launch (_Z8mult_gpuPfS_S_ii) on thread 0xbef150
(0.005442) CudaRuntime.cpp:2706:  launch completed successfully
all enabled
(0.008410) X86TraceGenerator.cpp:776:  New kernel launched
(0.008432) X86TraceGenerator.cpp:777:  compute version:2.0
(0.008440) X86TraceGenerator.cpp:778:  grid  4 x 4 x 1
(0.008450) X86TraceGenerator.cpp:779:  block 32 x 32 x 1
(0.008458) X86TraceGenerator.cpp:780:  number of warps per block:32
(0.008465) X86TraceGenerator.cpp:781:  number of total warps:512
(0.008472) X86TraceGenerator.cpp:782:  # threads per block : 1024
(0.008479) X86TraceGenerator.cpp:783:  number of register per thread:20
(0.008486) X86TraceGenerator.cpp:784:  number of shared memory per thread:8192
(0.008495) X86TraceGenerator.cpp:822:  max blocks per core : 1
(0.012427) X86TraceGenerator.cpp:1082: mkdir -p /benchrun/macsim/cuda4-matrixmul/sm86_rtx3070/input-128/results/traces/_Z8mult_gpuPfS_S_ii_0/ (status 0)

(0.012503) X86TraceGenerator.cpp:1083: errno is 0 message is Success

The GPU Elapsed Time:2.274615 Sec.
(2.276742) CudaRuntime.cpp:1131: cudaMemcpy(0xc215d0, 0xc31600, 65536)
(2.276761) CudaRuntime.cpp:215:    _memcpy(0xc215d0, 0xc31600, 65536 bytes) d-to-h
The CPU Elapsed Time:0.016922 Sec.
Verifying
PASS
(2.293996) CudaRuntime.cpp:887:  cudaFree(0xbf1400)
(2.294020) CudaRuntime.cpp:887:  cudaFree(0xc11500)
(2.294029) CudaRuntime.cpp:887:  cudaFree(0xc31600)
(2.294902) X86TraceGenerator.cpp:725:  destructor
(2.295096) X86TraceGenerator.cpp:2259: finalize
(2.295103) X86TraceGenerator.cpp:2263: total instruction count: 7968
