Transpose Starting...

GPU Device 0: "Multi2Sim Tesla K20c" with compute capability 3.5

> Device 0: "Multi2Sim Tesla K20c"
> SM Capability 3.5 detected:
> [Multi2Sim Tesla K20c] has 13 MP(s) x 192 (Cores/MP) = 2496 (Cores)
> Compute performance scaling factor = 1.00
> MatrixSize X = 64
> MatrixSize Y = 64

Matrix size: 64x64 (4x4 tiles), tile size: 16x16, block size: 16x16

transpose simple copy       , Throughput = inf GB/s, Time = 0.00000 ms, Size = 4096 fp32 elements, NumDevsUsed = 1, Workgroup = 256
*** shared memory copy kernel FAILED ***
*** shared memory copy kernel FAILED ***
transpose shared memory copy, Throughput = 10.1725 GB/s, Time = 0.00300 ms, Size = 4096 fp32 elements, NumDevsUsed = 1, Workgroup = 256
*** naive              kernel FAILED ***
*** naive              kernel FAILED ***
transpose naive             , Throughput = 30.5176 GB/s, Time = 0.00100 ms, Size = 4096 fp32 elements, NumDevsUsed = 1, Workgroup = 256
*** coalesced          kernel FAILED ***
*** coalesced          kernel FAILED ***
transpose coalesced         , Throughput = 15.2588 GB/s, Time = 0.00200 ms, Size = 4096 fp32 elements, NumDevsUsed = 1, Workgroup = 256
*** optimized          kernel FAILED ***
*** optimized          kernel FAILED ***
transpose optimized         , Throughput = 15.2588 GB/s, Time = 0.00200 ms, Size = 4096 fp32 elements, NumDevsUsed = 1, Workgroup = 256
transpose coarse-grained    , Throughput = 15.2588 GB/s, Time = 0.00200 ms, Size = 4096 fp32 elements, NumDevsUsed = 1, Workgroup = 256
transpose fine-grained      , Throughput = 15.2588 GB/s, Time = 0.00200 ms, Size = 4096 fp32 elements, NumDevsUsed = 1, Workgroup = 256
*** diagonal           kernel FAILED ***
*** diagonal           kernel FAILED ***
transpose diagonal          , Throughput = 7.6294 GB/s, Time = 0.00400 ms, Size = 4096 fp32 elements, NumDevsUsed = 1, Workgroup = 256
Test failed!
