options: Options {
    input: "/benchrun/accelsim-ptx/cuda6-transpose/sm86_a4000/input-repeat3-dimx32-dimy32/results/log.txt",
    output: "/benchrun/accelsim-ptx/cuda6-transpose/sm86_a4000/input-repeat3-dimx32-dimy32/results/stats.csv",
    per_kernel: false,
    kernel_instance: false,
    configs_as_rows: false,
    config_list: None,
    benchmark_list: None,
    sim_name: None,
    strict: false,
}
GPGPU-sim version: Some("gpgpu-sim_git-commit-13c67115070dc2f0876254a790d0238073ca364a_modified_0.0")
stats: {
    (
        "final_kernel",
        0,
        "l2_bandwidth_gbps",
    ): 1.0508,
    (
        "final_kernel",
        0,
        "gpu_total_instructions",
    ): 1036288.0,
    (
        "final_kernel",
        0,
        "l2_cache_write_total",
    ): 5632.0,
    (
        "final_kernel",
        0,
        "gpu_ipc",
    ): 7.3271,
    (
        "final_kernel",
        0,
        "l2_cache_write_hit",
    ): 5504.0,
    (
        "final_kernel",
        0,
        "gpgpu_simulation_time_sec",
    ): 66.0,
    (
        "final_kernel",
        0,
        "total_dram_reads",
    ): 0.0,
    (
        "final_kernel",
        0,
        "l2_cache_write_miss",
    ): 32.0,
    (
        "final_kernel",
        0,
        "l2_cache_read_miss",
    ): 0.0,
    (
        "final_kernel",
        0,
        "l2_cache_read_total",
    ): 4096.0,
    (
        "final_kernel",
        0,
        "gpgpu_silicon_slowdown",
    ): 266304.0,
    (
        "final_kernel",
        0,
        "total_core_cache_read_total",
    ): 4096.0,
    (
        "final_kernel",
        0,
        "total_core_cache_read_mshr_hit",
    ): 0.0,
    (
        "final_kernel",
        0,
        "gpu_tot_sim_cycle",
    ): 182196.0,
    (
        "final_kernel",
        0,
        "total_core_cache_write_total",
    ): 5632.0,
    (
        "final_kernel",
        0,
        "gpgpu_simulation_rate",
    ): 2760.0,
    (
        "final_kernel",
        0,
        "total_core_cache_read_hit",
    ): 0.0,
    (
        "final_kernel",
        0,
        "total_dram_writes",
    ): 0.0,
    (
        "final_kernel",
        0,
        "gpu_tot_ipc",
    ): 5.6878,
    (
        "final_kernel",
        0,
        "kernel_launch_uid",
    ): 32.0,
    (
        "final_kernel",
        0,
        "total_core_cache_write_hit",
    ): 1536.0,
    (
        "final_kernel",
        0,
        "gpgpu_n_tot_w_icount",
    ): 32640.0,
    (
        "final_kernel",
        0,
        "l2_cache_read_hit",
    ): 4096.0,
    (
        "final_kernel",
        0,
        "gpu_occupancy",
    ): 16.3449,
}
done in 98.027386ms: 2.27 MiB parsed (16.00 EiB/s)
