options: Options {
    input: "/benchrun/tejas/sm86_rtx3070/vectoradd/input-1000000/results/stats.txt",
    output: "/benchrun/tejas/sm86_rtx3070/vectoradd/input-1000000/results/stats.csv",
}
stats: Stats {
    emulator_type: Some(
        "OCELOT",
    ),
    created: None,
    sim_time: Some(
        19.696s,
    ),
    total_inst_count: Some(
        22473,
    ),
    total_cycle_count: Some(
        38867,
    ),
    dram_total_reads: 0,
    dram_total_writes: 0,
    dram_avg_read_latency: Some(
        0.0,
    ),
    total_instr_cache_access: Some(
        0,
    ),
    total_const_cache_access: Some(
        0,
    ),
    total_shared_cache_access: Some(
        0,
    ),
    total_instr_cache_misses: Some(
        16,
    ),
    total_const_cache_misses: Some(
        0,
    ),
    total_shared_cache_misses: Some(
        0,
    ),
    kips: Some(
        1.1409930950446792,
    ),
    total_ipc: Some(
        0.5782025883139938,
    ),
}
done after 33.852136ms
