(0.000556) CudaRuntime.cpp:3813: Adding external function 'malloc'
(0.000614) CudaRuntime.cpp:3813: Adding external function 'free'
(0.000623) CudaRuntime.cpp:3813: Adding external function 'vprintf'
(0.000632) CudaRuntime.cpp:3813: Adding external function 'cudaGetParameterBuffer'
(0.000680) CudaRuntime.cpp:595:  Loading module (fatbin) - vectorAddTejas.cu
(0.000697) CudaRuntime.cpp:738:  Registered kernel - _Z6vecAddPdS_S_i in module 'vectorAddTejas.cu'
(0.000760) CudaRuntime.cpp:276:  Creating devices.
(0.000894) CudaRuntime.cpp:288:   - Added 1 emulator devices.
(0.001023) CudaRuntime.cpp:446:  Creating new context for thread 0x2315150
(0.001075) CudaRuntime.cpp:787:  cudaMalloc( *devPtr = 0x7fcfc5f1a100, size = 8000000)
(0.001101) CudaRuntime.cpp:787:  cudaMalloc( *devPtr = 0x7fcfc5778100, size = 8000000)
(0.001122) CudaRuntime.cpp:787:  cudaMalloc( *devPtr = 0x7fcfc4fd6100, size = 8000000)
(0.135998) CudaRuntime.cpp:1131: cudaMemcpy(0x7fcfc5f1a100, 0x7fcfc7e01010, 8000000)
(0.136028) CudaRuntime.cpp:251:    _memcpy(0x7fcfc5f1a100, 0x7fcfc7e01010, 8000000 bytes) h-to-d
(0.139871) CudaRuntime.cpp:1131: cudaMemcpy(0x7fcfc5778100, 0x7fcfc765f010, 8000000)
(0.139880) CudaRuntime.cpp:251:    _memcpy(0x7fcfc5778100, 0x7fcfc765f010, 8000000 bytes) h-to-d
(0.143744) CudaRuntime.cpp:1131: cudaMemcpy(0x7fcfc4fd6100, 0x7fcfc6ebd010, 8000000)
(0.143751) CudaRuntime.cpp:251:    _memcpy(0x7fcfc4fd6100, 0x7fcfc6ebd010, 8000000 bytes) h-to-d
(0.147665) CudaRuntime.cpp:2609: cudaConfigureCall()
(0.147674) CudaRuntime.cpp:2631: cudaSetupArgument() - offset 0, size 8
(0.147678) CudaRuntime.cpp:2631: cudaSetupArgument() - offset 8, size 8
(0.147682) CudaRuntime.cpp:2631: cudaSetupArgument() - offset 16, size 8
(0.147685) CudaRuntime.cpp:2631: cudaSetupArgument() - offset 24, size 4
(0.148416) CudaRuntime.cpp:142:  Mapping parameter at offset 0 of size 8 to offset 0 of size 8
   data = 0x00 0xa1 0xf1 0xc5 0xcf 0x7f 0x00 0x00 
(0.148422) CudaRuntime.cpp:142:  Mapping parameter at offset 8 of size 8 to offset 8 of size 8
   data = 0x00 0x81 0x77 0xc5 0xcf 0x7f 0x00 0x00 
(0.148425) CudaRuntime.cpp:142:  Mapping parameter at offset 16 of size 8 to offset 16 of size 8
   data = 0x00 0x61 0xfd 0xc4 0xcf 0x7f 0x00 0x00 
(0.148428) CudaRuntime.cpp:142:  Mapping parameter at offset 24 of size 4 to offset 24 of size 4
   data = 0x40 0x42 0x0f 0x00 
(0.148431) CudaRuntime.cpp:2685: kernel launch (_Z6vecAddPdS_S_i) on thread 0x2315150
(0.148444) CudaRuntime.cpp:2706:  launch completed successfully
(1.654808) CudaRuntime.cpp:1131: cudaMemcpy(0x7fcfc6ebd010, 0x7fcfc4fd6100, 8000000)
(1.654843) CudaRuntime.cpp:215:    _memcpy(0x7fcfc6ebd010, 0x7fcfc4fd6100, 8000000 bytes) d-to-h
Final sum = 1000000.000000; sum/n = 1.000000 (should be ~1)
(1.664165) CudaRuntime.cpp:887:  cudaFree(0x7fcfc5f1a100)
(1.665190) CudaRuntime.cpp:887:  cudaFree(0x7fcfc5778100)
(1.666226) CudaRuntime.cpp:887:  cudaFree(0x7fcfc4fd6100)
