(0.000880) CudaRuntime.cpp:3813: Adding external function 'malloc'
(0.000958) CudaRuntime.cpp:3813: Adding external function 'free'
(0.000986) CudaRuntime.cpp:3813: Adding external function 'vprintf'
(0.001011) CudaRuntime.cpp:3813: Adding external function 'cudaGetParameterBuffer'
(0.001098) CudaRuntime.cpp:595:  Loading module (fatbin) - vectorAddTejas.cu
(0.001125) CudaRuntime.cpp:738:  Registered kernel - _Z6vecAddPdS_S_i in module 'vectorAddTejas.cu'
(0.001189) CudaRuntime.cpp:276:  Creating devices.
(0.001341) CudaRuntime.cpp:288:   - Added 1 emulator devices.
(0.001539) CudaRuntime.cpp:446:  Creating new context for thread 0x20cff40
(0.001582) CudaRuntime.cpp:787:  cudaMalloc( *devPtr = 0x20d2100, size = 8000)
(0.001601) CudaRuntime.cpp:787:  cudaMalloc( *devPtr = 0x20d4200, size = 8000)
(0.001615) CudaRuntime.cpp:787:  cudaMalloc( *devPtr = 0x20d6200, size = 8000)
(0.002119) CudaRuntime.cpp:1131: cudaMemcpy(0x20d2100, 0x20ca150, 8000)
(0.002145) CudaRuntime.cpp:251:    _memcpy(0x20d2100, 0x20ca150, 8000 bytes) h-to-d
(0.002178) CudaRuntime.cpp:1131: cudaMemcpy(0x20d4200, 0x20cc0a0, 8000)
(0.002204) CudaRuntime.cpp:251:    _memcpy(0x20d4200, 0x20cc0a0, 8000 bytes) h-to-d
(0.002238) CudaRuntime.cpp:1131: cudaMemcpy(0x20d6200, 0x20cdff0, 8000)
(0.002260) CudaRuntime.cpp:251:    _memcpy(0x20d6200, 0x20cdff0, 8000 bytes) h-to-d
(0.002294) CudaRuntime.cpp:2609: cudaConfigureCall()
(0.002319) CudaRuntime.cpp:2631: cudaSetupArgument() - offset 0, size 8
(0.002343) CudaRuntime.cpp:2631: cudaSetupArgument() - offset 8, size 8
(0.002367) CudaRuntime.cpp:2631: cudaSetupArgument() - offset 16, size 8
(0.002390) CudaRuntime.cpp:2631: cudaSetupArgument() - offset 24, size 4
(0.006099) CudaRuntime.cpp:142:  Mapping parameter at offset 0 of size 8 to offset 0 of size 8
   data = 0x00 0x21 0x0d 0x02 0x00 0x00 0x00 0x00 
(0.006117) CudaRuntime.cpp:142:  Mapping parameter at offset 8 of size 8 to offset 8 of size 8
   data = 0x00 0x42 0x0d 0x02 0x00 0x00 0x00 0x00 
(0.006128) CudaRuntime.cpp:142:  Mapping parameter at offset 16 of size 8 to offset 16 of size 8
   data = 0x00 0x62 0x0d 0x02 0x00 0x00 0x00 0x00 
(0.006138) CudaRuntime.cpp:142:  Mapping parameter at offset 24 of size 4 to offset 24 of size 4
   data = 0xe8 0x03 0x00 0x00 
(0.006146) CudaRuntime.cpp:2685: kernel launch (_Z6vecAddPdS_S_i) on thread 0x20cff40
(0.006175) CudaRuntime.cpp:2706:  launch completed successfully
(0.009713) CudaRuntime.cpp:1131: cudaMemcpy(0x20cdff0, 0x20d6200, 8000)
(0.009722) CudaRuntime.cpp:215:    _memcpy(0x20cdff0, 0x20d6200, 8000 bytes) d-to-h
Final sum = 1000.000000; sum/n = 1.000000 (should be ~1)
(0.009742) CudaRuntime.cpp:887:  cudaFree(0x20d2100)
(0.009751) CudaRuntime.cpp:887:  cudaFree(0x20d4200)
(0.009757) CudaRuntime.cpp:887:  cudaFree(0x20d6200)
