------------- NVBit (NVidia Binary Instrumentation Tool v1.5.5) Loaded --------------
NVBit core environment variables (mostly for nvbit-devs):
            NVDISASM = nvdisasm - override default nvdisasm found in PATH
            NOBANNER = 0 - if set, does not print this banner
---------------------------------------------------------------------------------
         INSTR_BEGIN = 0 - Beginning of the instruction interval where to apply instrumentation
           INSTR_END = 4294967295 - End of the instruction interval where to apply instrumentation
    EXCLUDE_PRED_OFF = 1 - Exclude predicated off instruction from count
DYNAMIC_KERNEL_LIMIT_END = 0 - Limit of the number kernel to be printed, 0 means no limit
DYNAMIC_KERNEL_LIMIT_START = 0 - start to report kernel from this kernel id, 0 means starts from the beginning, i.e. first kernel
   ACTIVE_FROM_START = 1 - Start instruction tracing from start or wait for cuProfilerStart and cuProfilerStop. If set to 0, DYNAMIC_KERNEL_LIMIT options have no effect
        TOOL_VERBOSE = 0 - Enable verbosity inside the tool
       TOOL_COMPRESS = 1 - Enable traces compression
     TOOL_TRACE_CORE = 0 - write the core id in the traces
TERMINATE_UPON_LIMIT = 0 - Stop the process once the current kernel > DYNAMIC_KERNEL_LIMIT_END
USER_DEFINED_FOLDERS = 1 - Uses the user defined folder TRACES_FOLDER path environment
----------------------------------------------------------------------------------------------------
BabelStream
Version: 4.0
Implementation: CUDA
Running kernels 2 times
Precision: double
Array size: 0.0 MB (=0.0 GB)
Total size: 0.0 MB (=0.0 GB)
Using CUDA device NVIDIA GeForce GTX 1080
Driver: 11040

 Traces location is /benchrun/accelsim-sass/babelstream/sm86_rtx3070/input-arraysize-1024-numtimes-2/results/traces 
Kernelslist location is /benchrun/accelsim-sass/babelstream/sm86_rtx3070/input-arraysize-1024-numtimes-2/results/traces/kernelslist 
Stats location is /benchrun/accelsim-sass/babelstream/sm86_rtx3070/input-arraysize-1024-numtimes-2/results/traces/stats.csv 
Writing results to /benchrun/accelsim-sass/babelstream/sm86_rtx3070/input-arraysize-1024-numtimes-2/results/traces/kernel-1.trace
Writing results to /benchrun/accelsim-sass/babelstream/sm86_rtx3070/input-arraysize-1024-numtimes-2/results/traces/kernel-2.trace
Writing results to /benchrun/accelsim-sass/babelstream/sm86_rtx3070/input-arraysize-1024-numtimes-2/results/traces/kernel-3.trace
Writing results to /benchrun/accelsim-sass/babelstream/sm86_rtx3070/input-arraysize-1024-numtimes-2/results/traces/kernel-4.trace
Writing results to /benchrun/accelsim-sass/babelstream/sm86_rtx3070/input-arraysize-1024-numtimes-2/results/traces/kernel-5.trace
Writing results to /benchrun/accelsim-sass/babelstream/sm86_rtx3070/input-arraysize-1024-numtimes-2/results/traces/kernel-6.trace
Writing results to /benchrun/accelsim-sass/babelstream/sm86_rtx3070/input-arraysize-1024-numtimes-2/results/traces/kernel-7.trace
Writing results to /benchrun/accelsim-sass/babelstream/sm86_rtx3070/input-arraysize-1024-numtimes-2/results/traces/kernel-8.trace
Writing results to /benchrun/accelsim-sass/babelstream/sm86_rtx3070/input-arraysize-1024-numtimes-2/results/traces/kernel-9.trace
Writing results to /benchrun/accelsim-sass/babelstream/sm86_rtx3070/input-arraysize-1024-numtimes-2/results/traces/kernel-10.trace
Writing results to /benchrun/accelsim-sass/babelstream/sm86_rtx3070/input-arraysize-1024-numtimes-2/results/traces/kernel-11.trace
Function    MBytes/sec  Min (sec)   Max         Average     
Copy        12.376      0.00132     0.00132     0.00132     
Mul         13.521      0.00121     0.00121     0.00121     
Add         18.482      0.00133     0.00133     0.00133     
Triad       13.794      0.00178     0.00178     0.00178     
Dot         0.010       1.63215     1.63215     1.63215     
------------- NVBit (NVidia Binary Instrumentation Tool v1.5.5) Loaded --------------
NVBit core environment variables (mostly for nvbit-devs):
            NVDISASM = nvdisasm - override default nvdisasm found in PATH
            NOBANNER = 0 - if set, does not print this banner
---------------------------------------------------------------------------------
         INSTR_BEGIN = 0 - Beginning of the instruction interval where to apply instrumentation
           INSTR_END = 4294967295 - End of the instruction interval where to apply instrumentation
    EXCLUDE_PRED_OFF = 1 - Exclude predicated off instruction from count
DYNAMIC_KERNEL_LIMIT_END = 0 - Limit of the number kernel to be printed, 0 means no limit
DYNAMIC_KERNEL_LIMIT_START = 0 - start to report kernel from this kernel id, 0 means starts from the beginning, i.e. first kernel
   ACTIVE_FROM_START = 1 - Start instruction tracing from start or wait for cuProfilerStart and cuProfilerStop. If set to 0, DYNAMIC_KERNEL_LIMIT options have no effect
        TOOL_VERBOSE = 0 - Enable verbosity inside the tool
       TOOL_COMPRESS = 1 - Enable traces compression
     TOOL_TRACE_CORE = 0 - write the core id in the traces
TERMINATE_UPON_LIMIT = 0 - Stop the process once the current kernel > DYNAMIC_KERNEL_LIMIT_END
USER_DEFINED_FOLDERS = 1 - Uses the user defined folder TRACES_FOLDER path environment
----------------------------------------------------------------------------------------------------
Processing file /benchrun/accelsim-sass/babelstream/sm86_rtx3070/input-arraysize-1024-numtimes-2/results/traces/kernel-1.trace
Processing file /benchrun/accelsim-sass/babelstream/sm86_rtx3070/input-arraysize-1024-numtimes-2/results/traces/kernel-2.trace
Processing file /benchrun/accelsim-sass/babelstream/sm86_rtx3070/input-arraysize-1024-numtimes-2/results/traces/kernel-3.trace
Processing file /benchrun/accelsim-sass/babelstream/sm86_rtx3070/input-arraysize-1024-numtimes-2/results/traces/kernel-4.trace
Processing file /benchrun/accelsim-sass/babelstream/sm86_rtx3070/input-arraysize-1024-numtimes-2/results/traces/kernel-5.trace
Processing file /benchrun/accelsim-sass/babelstream/sm86_rtx3070/input-arraysize-1024-numtimes-2/results/traces/kernel-6.trace
Processing file /benchrun/accelsim-sass/babelstream/sm86_rtx3070/input-arraysize-1024-numtimes-2/results/traces/kernel-7.trace
Processing file /benchrun/accelsim-sass/babelstream/sm86_rtx3070/input-arraysize-1024-numtimes-2/results/traces/kernel-8.trace
Processing file /benchrun/accelsim-sass/babelstream/sm86_rtx3070/input-arraysize-1024-numtimes-2/results/traces/kernel-9.trace
Processing file /benchrun/accelsim-sass/babelstream/sm86_rtx3070/input-arraysize-1024-numtimes-2/results/traces/kernel-10.trace
Processing file /benchrun/accelsim-sass/babelstream/sm86_rtx3070/input-arraysize-1024-numtimes-2/results/traces/kernel-11.trace
------------- NVBit (NVidia Binary Instrumentation Tool v1.5.5) Loaded --------------
NVBit core environment variables (mostly for nvbit-devs):
            NVDISASM = nvdisasm - override default nvdisasm found in PATH
            NOBANNER = 0 - if set, does not print this banner
---------------------------------------------------------------------------------
         INSTR_BEGIN = 0 - Beginning of the instruction interval where to apply instrumentation
           INSTR_END = 4294967295 - End of the instruction interval where to apply instrumentation
    EXCLUDE_PRED_OFF = 1 - Exclude predicated off instruction from count
DYNAMIC_KERNEL_LIMIT_END = 0 - Limit of the number kernel to be printed, 0 means no limit
DYNAMIC_KERNEL_LIMIT_START = 0 - start to report kernel from this kernel id, 0 means starts from the beginning, i.e. first kernel
   ACTIVE_FROM_START = 1 - Start instruction tracing from start or wait for cuProfilerStart and cuProfilerStop. If set to 0, DYNAMIC_KERNEL_LIMIT options have no effect
        TOOL_VERBOSE = 0 - Enable verbosity inside the tool
       TOOL_COMPRESS = 1 - Enable traces compression
     TOOL_TRACE_CORE = 0 - write the core id in the traces
TERMINATE_UPON_LIMIT = 0 - Stop the process once the current kernel > DYNAMIC_KERNEL_LIMIT_END
USER_DEFINED_FOLDERS = 1 - Uses the user defined folder TRACES_FOLDER path environment
----------------------------------------------------------------------------------------------------
------------- NVBit (NVidia Binary Instrumentation Tool v1.5.5) Loaded --------------
NVBit core environment variables (mostly for nvbit-devs):
            NVDISASM = nvdisasm - override default nvdisasm found in PATH
            NOBANNER = 0 - if set, does not print this banner
---------------------------------------------------------------------------------
         INSTR_BEGIN = 0 - Beginning of the instruction interval where to apply instrumentation
           INSTR_END = 4294967295 - End of the instruction interval where to apply instrumentation
    EXCLUDE_PRED_OFF = 1 - Exclude predicated off instruction from count
DYNAMIC_KERNEL_LIMIT_END = 0 - Limit of the number kernel to be printed, 0 means no limit
DYNAMIC_KERNEL_LIMIT_START = 0 - start to report kernel from this kernel id, 0 means starts from the beginning, i.e. first kernel
   ACTIVE_FROM_START = 1 - Start instruction tracing from start or wait for cuProfilerStart and cuProfilerStop. If set to 0, DYNAMIC_KERNEL_LIMIT options have no effect
        TOOL_VERBOSE = 0 - Enable verbosity inside the tool
       TOOL_COMPRESS = 1 - Enable traces compression
     TOOL_TRACE_CORE = 0 - write the core id in the traces
TERMINATE_UPON_LIMIT = 0 - Stop the process once the current kernel > DYNAMIC_KERNEL_LIMIT_END
USER_DEFINED_FOLDERS = 1 - Uses the user defined folder TRACES_FOLDER path environment
----------------------------------------------------------------------------------------------------
