options: Options {
    input: "/benchrun/accelsim-sass/babelstream/sm86_a6000/input-arraysize-102400-numtimes-1/results/log.txt",
    output: "/benchrun/accelsim-sass/babelstream/sm86_a6000/input-arraysize-102400-numtimes-1/results/stats.csv",
    per_kernel: false,
    kernel_instance: false,
    configs_as_rows: false,
    config_list: None,
    benchmark_list: None,
    sim_name: None,
    strict: false,
}
GPGPU-sim version: Some("accelsim-commit-e02c99dbadefc0b9dc95317100be2a446eec142c_modified_0.0")
stats: {
    (
        "final_kernel",
        0,
        "gpu_occupancy",
    ): 61.15,
    (
        "final_kernel",
        0,
        "gpu_tot_ipc",
    ): 615.7324,
    (
        "final_kernel",
        0,
        "kernel_launch_uid",
    ): 6.0,
    (
        "final_kernel",
        0,
        "total_core_cache_write_hit",
    ): 0.0,
    (
        "final_kernel",
        0,
        "total_core_cache_read_hit",
    ): 0.0,
    (
        "final_kernel",
        0,
        "gpu_tot_sim_cycle",
    ): 66902.0,
    (
        "final_kernel",
        0,
        "l2_cache_read_miss",
    ): 0.0,
    (
        "final_kernel",
        0,
        "total_core_cache_write_total",
    ): 179456.0,
    (
        "final_kernel",
        0,
        "l2_bandwidth_gbps",
    ): 139.416,
    (
        "final_kernel",
        0,
        "l2_cache_write_miss",
    ): 19216.0,
    (
        "final_kernel",
        0,
        "total_dram_reads",
    ): 0.0,
    (
        "final_kernel",
        0,
        "l2_cache_read_total",
    ): 204800.0,
    (
        "final_kernel",
        0,
        "gpgpu_silicon_slowdown",
    ): 5320754.0,
    (
        "final_kernel",
        0,
        "gpgpu_simulation_time_sec",
    ): 252.0,
    (
        "final_kernel",
        0,
        "l2_cache_write_hit",
    ): 102592.0,
    (
        "final_kernel",
        0,
        "gpu_total_instructions",
    ): 41193728.0,
    (
        "final_kernel",
        0,
        "total_core_cache_read_mshr_hit",
    ): 0.0,
    (
        "final_kernel",
        0,
        "gpu_ipc",
    ): 1901.7911,
    (
        "final_kernel",
        0,
        "l2_cache_write_total",
    ): 179456.0,
    (
        "final_kernel",
        0,
        "total_core_cache_read_total",
    ): 204800.0,
    (
        "final_kernel",
        0,
        "gpgpu_n_tot_w_icount",
    ): 1754496.0,
    (
        "final_kernel",
        0,
        "total_dram_writes",
    ): 0.0,
    (
        "final_kernel",
        0,
        "gpgpu_simulation_rate",
    ): 265.0,
    (
        "final_kernel",
        0,
        "l2_cache_read_hit",
    ): 204800.0,
}
done in 36.262954ms: 477.91 KiB parsed (16.00 EiB/s)
