(0.000561) CudaRuntime.cpp:3813: Adding external function 'malloc'
(0.000633) CudaRuntime.cpp:3813: Adding external function 'free'
(0.000643) CudaRuntime.cpp:3813: Adding external function 'vprintf'
(0.000652) CudaRuntime.cpp:3813: Adding external function 'cudaGetParameterBuffer'
(0.000707) CudaRuntime.cpp:595:  Loading module (fatbin) - transposeTejas.cu
(0.000719) CudaRuntime.cpp:738:  Registered kernel - _Z22transposeCoarseGrainedPfS_ii in module 'transposeTejas.cu'
(0.000732) CudaRuntime.cpp:738:  Registered kernel - _Z20transposeFineGrainedPfS_ii in module 'transposeTejas.cu'
(0.000741) CudaRuntime.cpp:738:  Registered kernel - _Z17transposeDiagonalPfS_ii in module 'transposeTejas.cu'
(0.000750) CudaRuntime.cpp:738:  Registered kernel - _Z24transposeNoBankConflictsPfS_ii in module 'transposeTejas.cu'
(0.000757) CudaRuntime.cpp:738:  Registered kernel - _Z18transposeCoalescedPfS_ii in module 'transposeTejas.cu'
(0.000765) CudaRuntime.cpp:738:  Registered kernel - _Z14transposeNaivePfS_ii in module 'transposeTejas.cu'
(0.000773) CudaRuntime.cpp:738:  Registered kernel - _Z13copySharedMemPfS_ii in module 'transposeTejas.cu'
(0.000781) CudaRuntime.cpp:738:  Registered kernel - _Z4copyPfS_ii in module 'transposeTejas.cu'
Transpose Starting...

(0.000842) CudaRuntime.cpp:446:  Creating new context for thread 0x2332ec0
(0.000869) CudaRuntime.cpp:276:  Creating devices.
(0.001014) CudaRuntime.cpp:288:   - Added 1 emulator devices.
(0.001119) CudaRuntime.cpp:2203: cuda::CudaRuntime::cudaGetDeviceProperties(dev = 0) - major: 2, minor: 1
(0.001135) CudaRuntime.cpp:2241:   returning: prop->major = 2, prop->minor = 1
(0.001274) CudaRuntime.cpp:276:  Creating devices.
(0.001356) CudaRuntime.cpp:288:   - Added 1 emulator devices.
(0.001407) CudaRuntime.cpp:2203: cuda::CudaRuntime::cudaGetDeviceProperties(dev = 0) - major: 2, minor: 1
(0.001416) CudaRuntime.cpp:2241:   returning: prop->major = 2, prop->minor = 1
(0.001545) CudaRuntime.cpp:2289: Setting device for thread 0x2332ec0 to 0
(0.001555) CudaRuntime.cpp:276:  Creating devices.
(0.001628) CudaRuntime.cpp:288:   - Added 1 emulator devices.
(0.001684) CudaRuntime.cpp:2203: cuda::CudaRuntime::cudaGetDeviceProperties(dev = 0) - major: 2, minor: 1
(0.001693) CudaRuntime.cpp:2241:   returning: prop->major = 2, prop->minor = 1
GPU Device 0: "Ocelot PTX Emulator" with compute capability 2.1

(0.001770) CudaRuntime.cpp:276:  Creating devices.
(0.001840) CudaRuntime.cpp:288:   - Added 1 emulator devices.
(0.001885) CudaRuntime.cpp:2203: cuda::CudaRuntime::cudaGetDeviceProperties(dev = 0) - major: 2, minor: 1
(0.001894) CudaRuntime.cpp:2241:   returning: prop->major = 2, prop->minor = 1
> Device 0: "Ocelot PTX Emulator"
> SM Capability 2.1 detected:
> [Ocelot PTX Emulator] has 1 MP(s) x 48 (Cores/MP) = 48 (Cores)
> Compute performance scaling factor = 4.00
> MatrixSize X = 128
> MatrixSize Y = 128
(0.001994) CudaRuntime.cpp:276:  Creating devices.
(0.002066) CudaRuntime.cpp:288:   - Added 1 emulator devices.
(0.002126) CudaRuntime.cpp:787:  cudaMalloc( *devPtr = 0x2366a00, size = 65536)
(0.002155) CudaRuntime.cpp:787:  cudaMalloc( *devPtr = 0x2376b00, size = 65536)
(0.002443) CudaRuntime.cpp:1131: cudaMemcpy(0x2366a00, 0x23367e0, 65536)
(0.002452) CudaRuntime.cpp:251:    _memcpy(0x2366a00, 0x23367e0, 65536 bytes) h-to-d

Matrix size: 128x128 (8x8 tiles), tile size: 16x16, block size: 16x16

(0.002900) CudaRuntime.cpp:2609: cudaConfigureCall()
(0.002909) CudaRuntime.cpp:2631: cudaSetupArgument() - offset 0, size 8
(0.002919) CudaRuntime.cpp:2631: cudaSetupArgument() - offset 8, size 8
(0.002928) CudaRuntime.cpp:2631: cudaSetupArgument() - offset 16, size 4
(0.002936) CudaRuntime.cpp:2631: cudaSetupArgument() - offset 20, size 4
(0.011467) CudaRuntime.cpp:142:  Mapping parameter at offset 0 of size 8 to offset 0 of size 8
   data = 0x00 0x6b 0x37 0x02 0x00 0x00 0x00 0x00 
(0.011482) CudaRuntime.cpp:142:  Mapping parameter at offset 8 of size 8 to offset 8 of size 8
   data = 0x00 0x6a 0x36 0x02 0x00 0x00 0x00 0x00 
(0.011489) CudaRuntime.cpp:142:  Mapping parameter at offset 16 of size 4 to offset 16 of size 4
   data = 0x80 0x00 0x00 0x00 
(0.011506) CudaRuntime.cpp:142:  Mapping parameter at offset 20 of size 4 to offset 20 of size 4
   data = 0x80 0x00 0x00 0x00 
(0.011513) CudaRuntime.cpp:2685: kernel launch (_Z4copyPfS_ii) on thread 0x2332ec0
(0.011529) CudaRuntime.cpp:2706:  launch completed successfully
(0.066684) CudaRuntime.cpp:2609: cudaConfigureCall()
(0.066703) CudaRuntime.cpp:2631: cudaSetupArgument() - offset 0, size 8
(0.066713) CudaRuntime.cpp:2631: cudaSetupArgument() - offset 8, size 8
(0.066721) CudaRuntime.cpp:2631: cudaSetupArgument() - offset 16, size 4
(0.066729) CudaRuntime.cpp:2631: cudaSetupArgument() - offset 20, size 4
(0.066755) CudaRuntime.cpp:142:  Mapping parameter at offset 0 of size 8 to offset 0 of size 8
   data = 0x00 0x6b 0x37 0x02 0x00 0x00 0x00 0x00 
(0.066768) CudaRuntime.cpp:142:  Mapping parameter at offset 8 of size 8 to offset 8 of size 8
   data = 0x00 0x6a 0x36 0x02 0x00 0x00 0x00 0x00 
(0.066780) CudaRuntime.cpp:142:  Mapping parameter at offset 16 of size 4 to offset 16 of size 4
   data = 0x80 0x00 0x00 0x00 
(0.066791) CudaRuntime.cpp:142:  Mapping parameter at offset 20 of size 4 to offset 20 of size 4
   data = 0x80 0x00 0x00 0x00 
(0.066801) CudaRuntime.cpp:2685: kernel launch (_Z4copyPfS_ii) on thread 0x2332ec0
(0.066822) CudaRuntime.cpp:2706:  launch completed successfully
(0.103075) CudaRuntime.cpp:1131: cudaMemcpy(0x23467f0, 0x2376b00, 65536)
(0.103095) CudaRuntime.cpp:215:    _memcpy(0x23467f0, 0x2376b00, 65536 bytes) d-to-h
(0.103394) CudaRuntime.cpp:1131: cudaMemcpy(0x23467f0, 0x2376b00, 65536)
(0.103403) CudaRuntime.cpp:215:    _memcpy(0x23467f0, 0x2376b00, 65536 bytes) d-to-h
transpose simple copy       , Throughput = 0.0034 GB/s, Time = 36.38458 ms, Size = 16384 fp32 elements, NumDevsUsed = 1, Workgroup = 256
(0.103621) CudaRuntime.cpp:2609: cudaConfigureCall()
(0.103630) CudaRuntime.cpp:2631: cudaSetupArgument() - offset 0, size 8
(0.103637) CudaRuntime.cpp:2631: cudaSetupArgument() - offset 8, size 8
(0.103645) CudaRuntime.cpp:2631: cudaSetupArgument() - offset 16, size 4
(0.103652) CudaRuntime.cpp:2631: cudaSetupArgument() - offset 20, size 4
(0.103676) CudaRuntime.cpp:142:  Mapping parameter at offset 0 of size 8 to offset 0 of size 8
   data = 0x00 0x6b 0x37 0x02 0x00 0x00 0x00 0x00 
(0.103688) CudaRuntime.cpp:142:  Mapping parameter at offset 8 of size 8 to offset 8 of size 8
   data = 0x00 0x6a 0x36 0x02 0x00 0x00 0x00 0x00 
(0.103698) CudaRuntime.cpp:142:  Mapping parameter at offset 16 of size 4 to offset 16 of size 4
   data = 0x80 0x00 0x00 0x00 
(0.103709) CudaRuntime.cpp:142:  Mapping parameter at offset 20 of size 4 to offset 20 of size 4
   data = 0x80 0x00 0x00 0x00 
(0.103717) CudaRuntime.cpp:2685: kernel launch (_Z13copySharedMemPfS_ii) on thread 0x2332ec0
(0.103738) CudaRuntime.cpp:2706:  launch completed successfully
(0.162685) CudaRuntime.cpp:2609: cudaConfigureCall()
(0.162702) CudaRuntime.cpp:2631: cudaSetupArgument() - offset 0, size 8
(0.162711) CudaRuntime.cpp:2631: cudaSetupArgument() - offset 8, size 8
(0.162718) CudaRuntime.cpp:2631: cudaSetupArgument() - offset 16, size 4
(0.162725) CudaRuntime.cpp:2631: cudaSetupArgument() - offset 20, size 4
(0.162747) CudaRuntime.cpp:142:  Mapping parameter at offset 0 of size 8 to offset 0 of size 8
   data = 0x00 0x6b 0x37 0x02 0x00 0x00 0x00 0x00 
(0.162758) CudaRuntime.cpp:142:  Mapping parameter at offset 8 of size 8 to offset 8 of size 8
   data = 0x00 0x6a 0x36 0x02 0x00 0x00 0x00 0x00 
(0.162768) CudaRuntime.cpp:142:  Mapping parameter at offset 16 of size 4 to offset 16 of size 4
   data = 0x80 0x00 0x00 0x00 
(0.162778) CudaRuntime.cpp:142:  Mapping parameter at offset 20 of size 4 to offset 20 of size 4
   data = 0x80 0x00 0x00 0x00 
(0.162786) CudaRuntime.cpp:2685: kernel launch (_Z13copySharedMemPfS_ii) on thread 0x2332ec0
(0.162804) CudaRuntime.cpp:2706:  launch completed successfully
(0.774338) CudaRuntime.cpp:1131: cudaMemcpy(0x23467f0, 0x2376b00, 65536)
(0.774375) CudaRuntime.cpp:215:    _memcpy(0x23467f0, 0x2376b00, 65536 bytes) d-to-h
(0.774616) CudaRuntime.cpp:1131: cudaMemcpy(0x23467f0, 0x2376b00, 65536)
(0.774652) CudaRuntime.cpp:215:    _memcpy(0x23467f0, 0x2376b00, 65536 bytes) d-to-h
transpose shared memory copy, Throughput = 0.0002 GB/s, Time = 611.63116 ms, Size = 16384 fp32 elements, NumDevsUsed = 1, Workgroup = 256
(0.774887) CudaRuntime.cpp:2609: cudaConfigureCall()
(0.774911) CudaRuntime.cpp:2631: cudaSetupArgument() - offset 0, size 8
(0.774936) CudaRuntime.cpp:2631: cudaSetupArgument() - offset 8, size 8
(0.774959) CudaRuntime.cpp:2631: cudaSetupArgument() - offset 16, size 4
(0.774983) CudaRuntime.cpp:2631: cudaSetupArgument() - offset 20, size 4
(0.775033) CudaRuntime.cpp:142:  Mapping parameter at offset 0 of size 8 to offset 0 of size 8
   data = 0x00 0x6b 0x37 0x02 0x00 0x00 0x00 0x00 
(0.775072) CudaRuntime.cpp:142:  Mapping parameter at offset 8 of size 8 to offset 8 of size 8
   data = 0x00 0x6a 0x36 0x02 0x00 0x00 0x00 0x00 
(0.775105) CudaRuntime.cpp:142:  Mapping parameter at offset 16 of size 4 to offset 16 of size 4
   data = 0x80 0x00 0x00 0x00 
(0.775139) CudaRuntime.cpp:142:  Mapping parameter at offset 20 of size 4 to offset 20 of size 4
   data = 0x80 0x00 0x00 0x00 
(0.775166) CudaRuntime.cpp:2685: kernel launch (_Z14transposeNaivePfS_ii) on thread 0x2332ec0
(0.775201) CudaRuntime.cpp:2706:  launch completed successfully
(0.805815) CudaRuntime.cpp:2609: cudaConfigureCall()
(0.805834) CudaRuntime.cpp:2631: cudaSetupArgument() - offset 0, size 8
(0.805843) CudaRuntime.cpp:2631: cudaSetupArgument() - offset 8, size 8
(0.805852) CudaRuntime.cpp:2631: cudaSetupArgument() - offset 16, size 4
(0.805860) CudaRuntime.cpp:2631: cudaSetupArgument() - offset 20, size 4
(0.805884) CudaRuntime.cpp:142:  Mapping parameter at offset 0 of size 8 to offset 0 of size 8
   data = 0x00 0x6b 0x37 0x02 0x00 0x00 0x00 0x00 
(0.805897) CudaRuntime.cpp:142:  Mapping parameter at offset 8 of size 8 to offset 8 of size 8
   data = 0x00 0x6a 0x36 0x02 0x00 0x00 0x00 0x00 
(0.805908) CudaRuntime.cpp:142:  Mapping parameter at offset 16 of size 4 to offset 16 of size 4
   data = 0x80 0x00 0x00 0x00 
(0.805919) CudaRuntime.cpp:142:  Mapping parameter at offset 20 of size 4 to offset 20 of size 4
   data = 0x80 0x00 0x00 0x00 
(0.805929) CudaRuntime.cpp:2685: kernel launch (_Z14transposeNaivePfS_ii) on thread 0x2332ec0
(0.805949) CudaRuntime.cpp:2706:  launch completed successfully
(0.834918) CudaRuntime.cpp:1131: cudaMemcpy(0x23467f0, 0x2376b00, 65536)
(0.834938) CudaRuntime.cpp:215:    _memcpy(0x23467f0, 0x2376b00, 65536 bytes) d-to-h
(0.835153) CudaRuntime.cpp:1131: cudaMemcpy(0x23467f0, 0x2376b00, 65536)
(0.835162) CudaRuntime.cpp:215:    _memcpy(0x23467f0, 0x2376b00, 65536 bytes) d-to-h
transpose naive             , Throughput = 0.0042 GB/s, Time = 29.10089 ms, Size = 16384 fp32 elements, NumDevsUsed = 1, Workgroup = 256
(0.835380) CudaRuntime.cpp:2609: cudaConfigureCall()
(0.835391) CudaRuntime.cpp:2631: cudaSetupArgument() - offset 0, size 8
(0.835399) CudaRuntime.cpp:2631: cudaSetupArgument() - offset 8, size 8
(0.835407) CudaRuntime.cpp:2631: cudaSetupArgument() - offset 16, size 4
(0.835415) CudaRuntime.cpp:2631: cudaSetupArgument() - offset 20, size 4
(0.835441) CudaRuntime.cpp:142:  Mapping parameter at offset 0 of size 8 to offset 0 of size 8
   data = 0x00 0x6b 0x37 0x02 0x00 0x00 0x00 0x00 
(0.835454) CudaRuntime.cpp:142:  Mapping parameter at offset 8 of size 8 to offset 8 of size 8
   data = 0x00 0x6a 0x36 0x02 0x00 0x00 0x00 0x00 
(0.835465) CudaRuntime.cpp:142:  Mapping parameter at offset 16 of size 4 to offset 16 of size 4
   data = 0x80 0x00 0x00 0x00 
(0.835477) CudaRuntime.cpp:142:  Mapping parameter at offset 20 of size 4 to offset 20 of size 4
   data = 0x80 0x00 0x00 0x00 
(0.835486) CudaRuntime.cpp:2685: kernel launch (_Z18transposeCoalescedPfS_ii) on thread 0x2332ec0
(0.835506) CudaRuntime.cpp:2706:  launch completed successfully
(0.879240) CudaRuntime.cpp:2609: cudaConfigureCall()
(0.879259) CudaRuntime.cpp:2631: cudaSetupArgument() - offset 0, size 8
(0.879267) CudaRuntime.cpp:2631: cudaSetupArgument() - offset 8, size 8
(0.879276) CudaRuntime.cpp:2631: cudaSetupArgument() - offset 16, size 4
(0.879296) CudaRuntime.cpp:2631: cudaSetupArgument() - offset 20, size 4
(0.879322) CudaRuntime.cpp:142:  Mapping parameter at offset 0 of size 8 to offset 0 of size 8
   data = 0x00 0x6b 0x37 0x02 0x00 0x00 0x00 0x00 
(0.879335) CudaRuntime.cpp:142:  Mapping parameter at offset 8 of size 8 to offset 8 of size 8
   data = 0x00 0x6a 0x36 0x02 0x00 0x00 0x00 0x00 
(0.879347) CudaRuntime.cpp:142:  Mapping parameter at offset 16 of size 4 to offset 16 of size 4
   data = 0x80 0x00 0x00 0x00 
(0.879358) CudaRuntime.cpp:142:  Mapping parameter at offset 20 of size 4 to offset 20 of size 4
   data = 0x80 0x00 0x00 0x00 
(0.879367) CudaRuntime.cpp:2685: kernel launch (_Z18transposeCoalescedPfS_ii) on thread 0x2332ec0
(0.879387) CudaRuntime.cpp:2706:  launch completed successfully
(0.922483) CudaRuntime.cpp:1131: cudaMemcpy(0x23467f0, 0x2376b00, 65536)
(0.922502) CudaRuntime.cpp:215:    _memcpy(0x23467f0, 0x2376b00, 65536 bytes) d-to-h
(0.922719) CudaRuntime.cpp:1131: cudaMemcpy(0x23467f0, 0x2376b00, 65536)
(0.922726) CudaRuntime.cpp:215:    _memcpy(0x23467f0, 0x2376b00, 65536 bytes) d-to-h
transpose coalesced         , Throughput = 0.0028 GB/s, Time = 43.22958 ms, Size = 16384 fp32 elements, NumDevsUsed = 1, Workgroup = 256
(0.922948) CudaRuntime.cpp:2609: cudaConfigureCall()
(0.922958) CudaRuntime.cpp:2631: cudaSetupArgument() - offset 0, size 8
(0.922966) CudaRuntime.cpp:2631: cudaSetupArgument() - offset 8, size 8
(0.922973) CudaRuntime.cpp:2631: cudaSetupArgument() - offset 16, size 4
(0.922980) CudaRuntime.cpp:2631: cudaSetupArgument() - offset 20, size 4
(0.923004) CudaRuntime.cpp:142:  Mapping parameter at offset 0 of size 8 to offset 0 of size 8
   data = 0x00 0x6b 0x37 0x02 0x00 0x00 0x00 0x00 
(0.923017) CudaRuntime.cpp:142:  Mapping parameter at offset 8 of size 8 to offset 8 of size 8
   data = 0x00 0x6a 0x36 0x02 0x00 0x00 0x00 0x00 
(0.923027) CudaRuntime.cpp:142:  Mapping parameter at offset 16 of size 4 to offset 16 of size 4
   data = 0x80 0x00 0x00 0x00 
(0.923038) CudaRuntime.cpp:142:  Mapping parameter at offset 20 of size 4 to offset 20 of size 4
   data = 0x80 0x00 0x00 0x00 
(0.923046) CudaRuntime.cpp:2685: kernel launch (_Z24transposeNoBankConflictsPfS_ii) on thread 0x2332ec0
(0.923065) CudaRuntime.cpp:2706:  launch completed successfully
(0.969294) CudaRuntime.cpp:2609: cudaConfigureCall()
(0.969328) CudaRuntime.cpp:2631: cudaSetupArgument() - offset 0, size 8
(0.969353) CudaRuntime.cpp:2631: cudaSetupArgument() - offset 8, size 8
(0.969378) CudaRuntime.cpp:2631: cudaSetupArgument() - offset 16, size 4
(0.969402) CudaRuntime.cpp:2631: cudaSetupArgument() - offset 20, size 4
(0.969452) CudaRuntime.cpp:142:  Mapping parameter at offset 0 of size 8 to offset 0 of size 8
   data = 0x00 0x6b 0x37 0x02 0x00 0x00 0x00 0x00 
(0.969524) CudaRuntime.cpp:142:  Mapping parameter at offset 8 of size 8 to offset 8 of size 8
   data = 0x00 0x6a 0x36 0x02 0x00 0x00 0x00 0x00 
(0.969539) CudaRuntime.cpp:142:  Mapping parameter at offset 16 of size 4 to offset 16 of size 4
   data = 0x80 0x00 0x00 0x00 
(0.969549) CudaRuntime.cpp:142:  Mapping parameter at offset 20 of size 4 to offset 20 of size 4
   data = 0x80 0x00 0x00 0x00 
(0.969559) CudaRuntime.cpp:2685: kernel launch (_Z24transposeNoBankConflictsPfS_ii) on thread 0x2332ec0
(0.969580) CudaRuntime.cpp:2706:  launch completed successfully
(1.018787) CudaRuntime.cpp:1131: cudaMemcpy(0x23467f0, 0x2376b00, 65536)
(1.018805) CudaRuntime.cpp:215:    _memcpy(0x23467f0, 0x2376b00, 65536 bytes) d-to-h
(1.019022) CudaRuntime.cpp:1131: cudaMemcpy(0x23467f0, 0x2376b00, 65536)
(1.019031) CudaRuntime.cpp:215:    _memcpy(0x23467f0, 0x2376b00, 65536 bytes) d-to-h
transpose optimized         , Throughput = 0.0025 GB/s, Time = 49.50070 ms, Size = 16384 fp32 elements, NumDevsUsed = 1, Workgroup = 256
(1.019255) CudaRuntime.cpp:2609: cudaConfigureCall()
(1.019264) CudaRuntime.cpp:2631: cudaSetupArgument() - offset 0, size 8
(1.019272) CudaRuntime.cpp:2631: cudaSetupArgument() - offset 8, size 8
(1.019280) CudaRuntime.cpp:2631: cudaSetupArgument() - offset 16, size 4
(1.019300) CudaRuntime.cpp:2631: cudaSetupArgument() - offset 20, size 4
(1.019324) CudaRuntime.cpp:142:  Mapping parameter at offset 0 of size 8 to offset 0 of size 8
   data = 0x00 0x6b 0x37 0x02 0x00 0x00 0x00 0x00 
(1.019337) CudaRuntime.cpp:142:  Mapping parameter at offset 8 of size 8 to offset 8 of size 8
   data = 0x00 0x6a 0x36 0x02 0x00 0x00 0x00 0x00 
(1.019348) CudaRuntime.cpp:142:  Mapping parameter at offset 16 of size 4 to offset 16 of size 4
   data = 0x80 0x00 0x00 0x00 
(1.019359) CudaRuntime.cpp:142:  Mapping parameter at offset 20 of size 4 to offset 20 of size 4
   data = 0x80 0x00 0x00 0x00 
(1.019369) CudaRuntime.cpp:2685: kernel launch (_Z22transposeCoarseGrainedPfS_ii) on thread 0x2332ec0
(1.019387) CudaRuntime.cpp:2706:  launch completed successfully
(1.066121) CudaRuntime.cpp:2609: cudaConfigureCall()
(1.066139) CudaRuntime.cpp:2631: cudaSetupArgument() - offset 0, size 8
(1.066148) CudaRuntime.cpp:2631: cudaSetupArgument() - offset 8, size 8
(1.066156) CudaRuntime.cpp:2631: cudaSetupArgument() - offset 16, size 4
(1.066164) CudaRuntime.cpp:2631: cudaSetupArgument() - offset 20, size 4
(1.066189) CudaRuntime.cpp:142:  Mapping parameter at offset 0 of size 8 to offset 0 of size 8
   data = 0x00 0x6b 0x37 0x02 0x00 0x00 0x00 0x00 
(1.066202) CudaRuntime.cpp:142:  Mapping parameter at offset 8 of size 8 to offset 8 of size 8
   data = 0x00 0x6a 0x36 0x02 0x00 0x00 0x00 0x00 
(1.066225) CudaRuntime.cpp:142:  Mapping parameter at offset 16 of size 4 to offset 16 of size 4
   data = 0x80 0x00 0x00 0x00 
(1.066258) CudaRuntime.cpp:142:  Mapping parameter at offset 20 of size 4 to offset 20 of size 4
   data = 0x80 0x00 0x00 0x00 
(1.066286) CudaRuntime.cpp:2685: kernel launch (_Z22transposeCoarseGrainedPfS_ii) on thread 0x2332ec0
(1.066323) CudaRuntime.cpp:2706:  launch completed successfully
(1.108203) CudaRuntime.cpp:1131: cudaMemcpy(0x23467f0, 0x2376b00, 65536)
(1.108222) CudaRuntime.cpp:215:    _memcpy(0x23467f0, 0x2376b00, 65536 bytes) d-to-h
(1.108437) CudaRuntime.cpp:1131: cudaMemcpy(0x23467f0, 0x2376b00, 65536)
(1.108445) CudaRuntime.cpp:215:    _memcpy(0x23467f0, 0x2376b00, 65536 bytes) d-to-h
transpose coarse-grained    , Throughput = 0.0029 GB/s, Time = 42.07850 ms, Size = 16384 fp32 elements, NumDevsUsed = 1, Workgroup = 256
(1.108680) CudaRuntime.cpp:2609: cudaConfigureCall()
(1.108690) CudaRuntime.cpp:2631: cudaSetupArgument() - offset 0, size 8
(1.108698) CudaRuntime.cpp:2631: cudaSetupArgument() - offset 8, size 8
(1.108705) CudaRuntime.cpp:2631: cudaSetupArgument() - offset 16, size 4
(1.108712) CudaRuntime.cpp:2631: cudaSetupArgument() - offset 20, size 4
(1.108736) CudaRuntime.cpp:142:  Mapping parameter at offset 0 of size 8 to offset 0 of size 8
   data = 0x00 0x6b 0x37 0x02 0x00 0x00 0x00 0x00 
(1.108748) CudaRuntime.cpp:142:  Mapping parameter at offset 8 of size 8 to offset 8 of size 8
   data = 0x00 0x6a 0x36 0x02 0x00 0x00 0x00 0x00 
(1.108759) CudaRuntime.cpp:142:  Mapping parameter at offset 16 of size 4 to offset 16 of size 4
   data = 0x80 0x00 0x00 0x00 
(1.108769) CudaRuntime.cpp:142:  Mapping parameter at offset 20 of size 4 to offset 20 of size 4
   data = 0x80 0x00 0x00 0x00 
(1.108778) CudaRuntime.cpp:2685: kernel launch (_Z20transposeFineGrainedPfS_ii) on thread 0x2332ec0
(1.108797) CudaRuntime.cpp:2706:  launch completed successfully
(1.164790) CudaRuntime.cpp:2609: cudaConfigureCall()
(1.164805) CudaRuntime.cpp:2631: cudaSetupArgument() - offset 0, size 8
(1.164811) CudaRuntime.cpp:2631: cudaSetupArgument() - offset 8, size 8
(1.164817) CudaRuntime.cpp:2631: cudaSetupArgument() - offset 16, size 4
(1.164823) CudaRuntime.cpp:2631: cudaSetupArgument() - offset 20, size 4
(1.164842) CudaRuntime.cpp:142:  Mapping parameter at offset 0 of size 8 to offset 0 of size 8
   data = 0x00 0x6b 0x37 0x02 0x00 0x00 0x00 0x00 
(1.164851) CudaRuntime.cpp:142:  Mapping parameter at offset 8 of size 8 to offset 8 of size 8
   data = 0x00 0x6a 0x36 0x02 0x00 0x00 0x00 0x00 
(1.164859) CudaRuntime.cpp:142:  Mapping parameter at offset 16 of size 4 to offset 16 of size 4
   data = 0x80 0x00 0x00 0x00 
(1.164877) CudaRuntime.cpp:142:  Mapping parameter at offset 20 of size 4 to offset 20 of size 4
   data = 0x80 0x00 0x00 0x00 
(1.164883) CudaRuntime.cpp:2685: kernel launch (_Z20transposeFineGrainedPfS_ii) on thread 0x2332ec0
(1.164897) CudaRuntime.cpp:2706:  launch completed successfully
(1.237319) CudaRuntime.cpp:1131: cudaMemcpy(0x23467f0, 0x2376b00, 65536)
(1.237331) CudaRuntime.cpp:215:    _memcpy(0x23467f0, 0x2376b00, 65536 bytes) d-to-h
(1.237473) CudaRuntime.cpp:1131: cudaMemcpy(0x23467f0, 0x2376b00, 65536)
(1.237478) CudaRuntime.cpp:215:    _memcpy(0x23467f0, 0x2376b00, 65536 bytes) d-to-h
transpose fine-grained      , Throughput = 0.0017 GB/s, Time = 72.52765 ms, Size = 16384 fp32 elements, NumDevsUsed = 1, Workgroup = 256
(1.237630) CudaRuntime.cpp:2609: cudaConfigureCall()
(1.237635) CudaRuntime.cpp:2631: cudaSetupArgument() - offset 0, size 8
(1.237640) CudaRuntime.cpp:2631: cudaSetupArgument() - offset 8, size 8
(1.237644) CudaRuntime.cpp:2631: cudaSetupArgument() - offset 16, size 4
(1.237648) CudaRuntime.cpp:2631: cudaSetupArgument() - offset 20, size 4
(1.237665) CudaRuntime.cpp:142:  Mapping parameter at offset 0 of size 8 to offset 0 of size 8
   data = 0x00 0x6b 0x37 0x02 0x00 0x00 0x00 0x00 
(1.237672) CudaRuntime.cpp:142:  Mapping parameter at offset 8 of size 8 to offset 8 of size 8
   data = 0x00 0x6a 0x36 0x02 0x00 0x00 0x00 0x00 
(1.237678) CudaRuntime.cpp:142:  Mapping parameter at offset 16 of size 4 to offset 16 of size 4
   data = 0x80 0x00 0x00 0x00 
(1.237684) CudaRuntime.cpp:142:  Mapping parameter at offset 20 of size 4 to offset 20 of size 4
   data = 0x80 0x00 0x00 0x00 
(1.237689) CudaRuntime.cpp:2685: kernel launch (_Z17transposeDiagonalPfS_ii) on thread 0x2332ec0
(1.237699) CudaRuntime.cpp:2706:  launch completed successfully
(1.352384) CudaRuntime.cpp:2609: cudaConfigureCall()
(1.352402) CudaRuntime.cpp:2631: cudaSetupArgument() - offset 0, size 8
(1.352411) CudaRuntime.cpp:2631: cudaSetupArgument() - offset 8, size 8
(1.352421) CudaRuntime.cpp:2631: cudaSetupArgument() - offset 16, size 4
(1.352426) CudaRuntime.cpp:2631: cudaSetupArgument() - offset 20, size 4
(1.352445) CudaRuntime.cpp:142:  Mapping parameter at offset 0 of size 8 to offset 0 of size 8
   data = 0x00 0x6b 0x37 0x02 0x00 0x00 0x00 0x00 
(1.352452) CudaRuntime.cpp:142:  Mapping parameter at offset 8 of size 8 to offset 8 of size 8
   data = 0x00 0x6a 0x36 0x02 0x00 0x00 0x00 0x00 
(1.352460) CudaRuntime.cpp:142:  Mapping parameter at offset 16 of size 4 to offset 16 of size 4
   data = 0x80 0x00 0x00 0x00 
(1.352473) CudaRuntime.cpp:142:  Mapping parameter at offset 20 of size 4 to offset 20 of size 4
   data = 0x80 0x00 0x00 0x00 
(1.352482) CudaRuntime.cpp:2685: kernel launch (_Z17transposeDiagonalPfS_ii) on thread 0x2332ec0
(1.352496) CudaRuntime.cpp:2706:  launch completed successfully
(1.431191) CudaRuntime.cpp:1131: cudaMemcpy(0x23467f0, 0x2376b00, 65536)
(1.431210) CudaRuntime.cpp:215:    _memcpy(0x23467f0, 0x2376b00, 65536 bytes) d-to-h
(1.431427) CudaRuntime.cpp:1131: cudaMemcpy(0x23467f0, 0x2376b00, 65536)
(1.431435) CudaRuntime.cpp:215:    _memcpy(0x23467f0, 0x2376b00, 65536 bytes) d-to-h
transpose diagonal          , Throughput = 0.0015 GB/s, Time = 78.79782 ms, Size = 16384 fp32 elements, NumDevsUsed = 1, Workgroup = 256
(1.431669) CudaRuntime.cpp:887:  cudaFree(0x2366a00)
(1.431683) CudaRuntime.cpp:887:  cudaFree(0x2376b00)
Test passed
