####################################################################################################
Interval
####################################################################################################
Cumulative:         Cycles:                  20000     Instructions:                  1200
DISPATCHED_INST                                          15065600                      15065600

DISPATCH_WAIT                                           847243692                        56.237

NUM_NO_FETCH_CYCLES                                       1441913                       1441913

AVG_CORE_IDLE_CYCLE                                        642286                        642286

REEXEC_NUM                                                      0                             0

INV_MATCH_NUM                                                   0                             0

EARLY_PERM_NUM                                                  0                             0

PERM_MATCH_NUM                                                  0                             0

RETIRE_SPECLD_NUM                                               0                             0

RETIRE_SPECST_NUM                                               0                             0

FENCE_HEAD_ROB_WAIT                                             0                             0

NUM_SAMPLES_CORE_0                                        1002573                       1002573

NUM_ACTIVE_BLOCKS_CORE_0                                  1002572                      0.999999

NUM_ACTIVE_THREADS_CORE_0                                32017767                       31.9356

NUM_SCHED_IDLE_CYCLE_CORE_0                                     0                             0

NUM_NO_SCHED_CYCLE_CORE_0                                   31874                         31874

CORE_DISPATCHED_INST_CORE_0                                765050                        765050

CORE_DISPATCH_WAIT_CORE_0                                42952488                       56.1434

CORE_CYCLES_CORE_0                                              0                             0

CORE_SCHED_THREADS_CORE_0                                       0                           NaN

CORE_NUM_NO_FETCH_CYCLES_CORE_0                             72602                         72602

CORE_NUM_NO_FETCH_CYCLES_WITH_READY_THREADS_CORE_0                   0                             0

CORE_NUM_FETCH_CYCLES_CORE_0                                    0                             0

CORE_FETCH_DELTA_CORE_0                                         0                           NaN

CORE_NUM_RETIRE_CYCLES_CORE_0                                   0                             0

CORE_RETIRE_DELTA_CORE_0                                        0                           NaN

FENCE_PREF_REQ_CORE_0                                           0                             0

FENCE_WAITING_CORE_0                                            0                             0

DYN_FENCE_NUM_CORE_0                                            0                             0

WB_ORDERING_STALL_CORE_0                                        0                             0

WB_FULL_CORE_0                                                  0                             0

FENCE_TOT_CYCLES_CORE_0                                         0                             0

FENCE_EXEC_CYCLES_CORE_0                                        0                             0

STORE_RES_CORE_0                                                0                             0

STORE_NUM_CORE_0                                                0                             0

STORE_WB_FREE_CORE_0                                            0                             0

SCHED_FAILED_REASON_SUCCESS_CORE_0                         765050                       25.4125%
SCHED_FAILED_OPERANDS_NOT_READY_CORE_0                     302250                       10.0398%
SCHED_FAILED_NO_AVAILABLE_PORTS_CORE_0                    1943228                       64.5477%
SCHED_FAILED_NO_MEM_REQ_SLOTS_CORE_0                            0                             0%
SCHED_FAILED_NO_AVAILABLE_SIMD_UNIT_CORE_0                      0                             0%
SCHED_FAILED_FENCE_ACTIVE_CORE_0                                0                             0%
SCHED_FAILED_MEM_MANAGEMENT_CORE_0                              0                             0%
                                                          3010528                           100%

NUM_SAMPLES_CORE_1                                        1001966                       1001966

NUM_ACTIVE_BLOCKS_CORE_1                                  1001965                      0.999999

NUM_ACTIVE_THREADS_CORE_1                                32013413                       31.9506

NUM_SCHED_IDLE_CYCLE_CORE_1                                     0                             0

NUM_NO_SCHED_CYCLE_CORE_1                                   30492                         30492

CORE_DISPATCHED_INST_CORE_1                                765050                        765050

CORE_DISPATCH_WAIT_CORE_1                                43026843                       56.2406

CORE_CYCLES_CORE_1                                              0                             0

CORE_SCHED_THREADS_CORE_1                                       0                           NaN

CORE_NUM_NO_FETCH_CYCLES_CORE_1                             72439                         72439

CORE_NUM_NO_FETCH_CYCLES_WITH_READY_THREADS_CORE_1                   0                             0

CORE_NUM_FETCH_CYCLES_CORE_1                                    0                             0

CORE_FETCH_DELTA_CORE_1                                         0                           NaN

CORE_NUM_RETIRE_CYCLES_CORE_1                                   0                             0

CORE_RETIRE_DELTA_CORE_1                                        0                           NaN

FENCE_PREF_REQ_CORE_1                                           0                             0

FENCE_WAITING_CORE_1                                            0                             0

DYN_FENCE_NUM_CORE_1                                            0                             0

WB_ORDERING_STALL_CORE_1                                        0                             0

WB_FULL_CORE_1                                                  0                             0

FENCE_TOT_CYCLES_CORE_1                                         0                             0

FENCE_EXEC_CYCLES_CORE_1                                        0                             0

STORE_RES_CORE_1                                                0                             0

STORE_NUM_CORE_1                                                0                             0

STORE_WB_FREE_CORE_1                                            0                             0

SCHED_FAILED_REASON_SUCCESS_CORE_1                         765050                       25.3552%
SCHED_FAILED_OPERANDS_NOT_READY_CORE_1                     328211                       10.8776%
SCHED_FAILED_NO_AVAILABLE_PORTS_CORE_1                    1924063                       63.7672%
SCHED_FAILED_NO_MEM_REQ_SLOTS_CORE_1                            0                             0%
SCHED_FAILED_NO_AVAILABLE_SIMD_UNIT_CORE_1                      0                             0%
SCHED_FAILED_FENCE_ACTIVE_CORE_1                                0                             0%
SCHED_FAILED_MEM_MANAGEMENT_CORE_1                              0                             0%
                                                          3017324                           100%

NUM_SAMPLES_CORE_2                                        1002876                       1002876

NUM_ACTIVE_BLOCKS_CORE_2                                  1002875                      0.999999

NUM_ACTIVE_THREADS_CORE_2                                32029484                       31.9376

NUM_SCHED_IDLE_CYCLE_CORE_2                                     0                             0

NUM_NO_SCHED_CYCLE_CORE_2                                   31091                         31091

CORE_DISPATCHED_INST_CORE_2                                765050                        765050

CORE_DISPATCH_WAIT_CORE_2                                42987767                       56.1895

CORE_CYCLES_CORE_2                                              0                             0

CORE_SCHED_THREADS_CORE_2                                       0                           NaN

CORE_NUM_NO_FETCH_CYCLES_CORE_2                             72477                         72477

CORE_NUM_NO_FETCH_CYCLES_WITH_READY_THREADS_CORE_2                   0                             0

CORE_NUM_FETCH_CYCLES_CORE_2                                    0                             0

CORE_FETCH_DELTA_CORE_2                                         0                           NaN

CORE_NUM_RETIRE_CYCLES_CORE_2                                   0                             0

CORE_RETIRE_DELTA_CORE_2                                        0                           NaN

FENCE_PREF_REQ_CORE_2                                           0                             0

FENCE_WAITING_CORE_2                                            0                             0

DYN_FENCE_NUM_CORE_2                                            0                             0

WB_ORDERING_STALL_CORE_2                                        0                             0

WB_FULL_CORE_2                                                  0                             0

FENCE_TOT_CYCLES_CORE_2                                         0                             0

FENCE_EXEC_CYCLES_CORE_2                                        0                             0

STORE_RES_CORE_2                                                0                             0

STORE_NUM_CORE_2                                                0                             0

STORE_WB_FREE_CORE_2                                            0                             0

SCHED_FAILED_REASON_SUCCESS_CORE_2                         765050                       25.5684%
SCHED_FAILED_OPERANDS_NOT_READY_CORE_2                     295755                        9.8843%
SCHED_FAILED_NO_AVAILABLE_PORTS_CORE_2                    1931365                       64.5473%
SCHED_FAILED_NO_MEM_REQ_SLOTS_CORE_2                            0                             0%
SCHED_FAILED_NO_AVAILABLE_SIMD_UNIT_CORE_2                      0                             0%
SCHED_FAILED_FENCE_ACTIVE_CORE_2                                0                             0%
SCHED_FAILED_MEM_MANAGEMENT_CORE_2                              0                             0%
                                                          2992170                           100%

NUM_SAMPLES_CORE_3                                         927072                        927072

NUM_ACTIVE_BLOCKS_CORE_3                                   927071                      0.999999

NUM_ACTIVE_THREADS_CORE_3                                29604817                       31.9337

NUM_SCHED_IDLE_CYCLE_CORE_3                                     0                             0

NUM_NO_SCHED_CYCLE_CORE_3                                   31041                         31041

CORE_DISPATCHED_INST_CORE_3                                706200                        706200

CORE_DISPATCH_WAIT_CORE_3                                39766635                       56.3107

CORE_CYCLES_CORE_3                                              0                             0

CORE_SCHED_THREADS_CORE_3                                       0                           NaN

CORE_NUM_NO_FETCH_CYCLES_CORE_3                             68055                         68055

CORE_NUM_NO_FETCH_CYCLES_WITH_READY_THREADS_CORE_3                   0                             0

CORE_NUM_FETCH_CYCLES_CORE_3                                    0                             0

CORE_FETCH_DELTA_CORE_3                                         0                           NaN

CORE_NUM_RETIRE_CYCLES_CORE_3                                   0                             0

CORE_RETIRE_DELTA_CORE_3                                        0                           NaN

FENCE_PREF_REQ_CORE_3                                           0                             0

FENCE_WAITING_CORE_3                                            0                             0

DYN_FENCE_NUM_CORE_3                                            0                             0

WB_ORDERING_STALL_CORE_3                                        0                             0

WB_FULL_CORE_3                                                  0                             0

FENCE_TOT_CYCLES_CORE_3                                         0                             0

FENCE_EXEC_CYCLES_CORE_3                                        0                             0

STORE_RES_CORE_3                                                0                             0

STORE_NUM_CORE_3                                                0                             0

STORE_WB_FREE_CORE_3                                            0                             0

SCHED_FAILED_REASON_SUCCESS_CORE_3                         706200                       25.0646%
SCHED_FAILED_OPERANDS_NOT_READY_CORE_3                     310254                       11.0116%
SCHED_FAILED_NO_AVAILABLE_PORTS_CORE_3                    1801071                       63.9239%
SCHED_FAILED_NO_MEM_REQ_SLOTS_CORE_3                            0                             0%
SCHED_FAILED_NO_AVAILABLE_SIMD_UNIT_CORE_3                      0                             0%
SCHED_FAILED_FENCE_ACTIVE_CORE_3                                0                             0%
SCHED_FAILED_MEM_MANAGEMENT_CORE_3                              0                             0%
                                                          2817525                           100%

NUM_SAMPLES_CORE_4                                        1002725                       1002725

NUM_ACTIVE_BLOCKS_CORE_4                                  1002724                      0.999999

NUM_ACTIVE_THREADS_CORE_4                                32045157                       31.9581

NUM_SCHED_IDLE_CYCLE_CORE_4                                     0                             0

NUM_NO_SCHED_CYCLE_CORE_4                                   32726                         32726

CORE_DISPATCHED_INST_CORE_4                                765050                        765050

CORE_DISPATCH_WAIT_CORE_4                                42975928                        56.174

CORE_CYCLES_CORE_4                                              0                             0

CORE_SCHED_THREADS_CORE_4                                       0                           NaN

CORE_NUM_NO_FETCH_CYCLES_CORE_4                             73747                         73747

CORE_NUM_NO_FETCH_CYCLES_WITH_READY_THREADS_CORE_4                   0                             0

CORE_NUM_FETCH_CYCLES_CORE_4                                    0                             0

CORE_FETCH_DELTA_CORE_4                                         0                           NaN

CORE_NUM_RETIRE_CYCLES_CORE_4                                   0                             0

CORE_RETIRE_DELTA_CORE_4                                        0                           NaN

FENCE_PREF_REQ_CORE_4                                           0                             0

FENCE_WAITING_CORE_4                                            0                             0

DYN_FENCE_NUM_CORE_4                                            0                             0

WB_ORDERING_STALL_CORE_4                                        0                             0

WB_FULL_CORE_4                                                  0                             0

FENCE_TOT_CYCLES_CORE_4                                         0                             0

FENCE_EXEC_CYCLES_CORE_4                                        0                             0

STORE_RES_CORE_4                                                0                             0

STORE_NUM_CORE_4                                                0                             0

STORE_WB_FREE_CORE_4                                            0                             0

SCHED_FAILED_REASON_SUCCESS_CORE_4                         765050                       25.1456%
SCHED_FAILED_OPERANDS_NOT_READY_CORE_4                     327931                       10.7784%
SCHED_FAILED_NO_AVAILABLE_PORTS_CORE_4                    1949500                        64.076%
SCHED_FAILED_NO_MEM_REQ_SLOTS_CORE_4                            0                             0%
SCHED_FAILED_NO_AVAILABLE_SIMD_UNIT_CORE_4                      0                             0%
SCHED_FAILED_FENCE_ACTIVE_CORE_4                                0                             0%
SCHED_FAILED_MEM_MANAGEMENT_CORE_4                              0                             0%
                                                          3042481                           100%

NUM_SAMPLES_CORE_5                                        1003483                       1003483

NUM_ACTIVE_BLOCKS_CORE_5                                  1003482                      0.999999

NUM_ACTIVE_THREADS_CORE_5                                32043522                       31.9323

NUM_SCHED_IDLE_CYCLE_CORE_5                                     0                             0

NUM_NO_SCHED_CYCLE_CORE_5                                   32326                         32326

CORE_DISPATCHED_INST_CORE_5                                765050                        765050

CORE_DISPATCH_WAIT_CORE_5                                42984499                       56.1852

CORE_CYCLES_CORE_5                                              0                             0

CORE_SCHED_THREADS_CORE_5                                       0                           NaN

CORE_NUM_NO_FETCH_CYCLES_CORE_5                             73233                         73233

CORE_NUM_NO_FETCH_CYCLES_WITH_READY_THREADS_CORE_5                   0                             0

CORE_NUM_FETCH_CYCLES_CORE_5                                    0                             0

CORE_FETCH_DELTA_CORE_5                                         0                           NaN

CORE_NUM_RETIRE_CYCLES_CORE_5                                   0                             0

CORE_RETIRE_DELTA_CORE_5                                        0                           NaN

FENCE_PREF_REQ_CORE_5                                           0                             0

FENCE_WAITING_CORE_5                                            0                             0

DYN_FENCE_NUM_CORE_5                                            0                             0

WB_ORDERING_STALL_CORE_5                                        0                             0

WB_FULL_CORE_5                                                  0                             0

FENCE_TOT_CYCLES_CORE_5                                         0                             0

FENCE_EXEC_CYCLES_CORE_5                                        0                             0

STORE_RES_CORE_5                                                0                             0

STORE_NUM_CORE_5                                                0                             0

STORE_WB_FREE_CORE_5                                            0                             0

SCHED_FAILED_REASON_SUCCESS_CORE_5                         765050                       25.3285%
SCHED_FAILED_OPERANDS_NOT_READY_CORE_5                     314255                        10.404%
SCHED_FAILED_NO_AVAILABLE_PORTS_CORE_5                    1941211                       64.2675%
SCHED_FAILED_NO_MEM_REQ_SLOTS_CORE_5                            0                             0%
SCHED_FAILED_NO_AVAILABLE_SIMD_UNIT_CORE_5                      0                             0%
SCHED_FAILED_FENCE_ACTIVE_CORE_5                                0                             0%
SCHED_FAILED_MEM_MANAGEMENT_CORE_5                              0                             0%
                                                          3020516                           100%

NUM_SAMPLES_CORE_6                                        1003787                       1003787

NUM_ACTIVE_BLOCKS_CORE_6                                  1003786                      0.999999

NUM_ACTIVE_THREADS_CORE_6                                32078075                       31.9571

NUM_SCHED_IDLE_CYCLE_CORE_6                                     0                             0

NUM_NO_SCHED_CYCLE_CORE_6                                   31927                         31927

CORE_DISPATCHED_INST_CORE_6                                765050                        765050

CORE_DISPATCH_WAIT_CORE_6                                43003653                       56.2103

CORE_CYCLES_CORE_6                                              0                             0

CORE_SCHED_THREADS_CORE_6                                       0                           NaN

CORE_NUM_NO_FETCH_CYCLES_CORE_6                             73792                         73792

CORE_NUM_NO_FETCH_CYCLES_WITH_READY_THREADS_CORE_6                   0                             0

CORE_NUM_FETCH_CYCLES_CORE_6                                    0                             0

CORE_FETCH_DELTA_CORE_6                                         0                           NaN

CORE_NUM_RETIRE_CYCLES_CORE_6                                   0                             0

CORE_RETIRE_DELTA_CORE_6                                        0                           NaN

FENCE_PREF_REQ_CORE_6                                           0                             0

FENCE_WAITING_CORE_6                                            0                             0

DYN_FENCE_NUM_CORE_6                                            0                             0

WB_ORDERING_STALL_CORE_6                                        0                             0

WB_FULL_CORE_6                                                  0                             0

FENCE_TOT_CYCLES_CORE_6                                         0                             0

FENCE_EXEC_CYCLES_CORE_6                                        0                             0

STORE_RES_CORE_6                                                0                             0

STORE_NUM_CORE_6                                                0                             0

STORE_WB_FREE_CORE_6                                            0                             0

SCHED_FAILED_REASON_SUCCESS_CORE_6                         765050                       25.3488%
SCHED_FAILED_OPERANDS_NOT_READY_CORE_6                     318781                       10.5624%
SCHED_FAILED_NO_AVAILABLE_PORTS_CORE_6                    1934256                       64.0888%
SCHED_FAILED_NO_MEM_REQ_SLOTS_CORE_6                            0                             0%
SCHED_FAILED_NO_AVAILABLE_SIMD_UNIT_CORE_6                      0                             0%
SCHED_FAILED_FENCE_ACTIVE_CORE_6                                0                             0%
SCHED_FAILED_MEM_MANAGEMENT_CORE_6                              0                             0%
                                                          3018087                           100%

NUM_SAMPLES_CORE_7                                         927209                        927209

NUM_ACTIVE_BLOCKS_CORE_7                                   927208                      0.999999

NUM_ACTIVE_THREADS_CORE_7                                29613538                       31.9384

NUM_SCHED_IDLE_CYCLE_CORE_7                                     0                             0

NUM_NO_SCHED_CYCLE_CORE_7                                   30733                         30733

CORE_DISPATCHED_INST_CORE_7                                706200                        706200

CORE_DISPATCH_WAIT_CORE_7                                39739876                       56.2728

CORE_CYCLES_CORE_7                                              0                             0

CORE_SCHED_THREADS_CORE_7                                       0                           NaN

CORE_NUM_NO_FETCH_CYCLES_CORE_7                             68381                         68381

CORE_NUM_NO_FETCH_CYCLES_WITH_READY_THREADS_CORE_7                   0                             0

CORE_NUM_FETCH_CYCLES_CORE_7                                    0                             0

CORE_FETCH_DELTA_CORE_7                                         0                           NaN

CORE_NUM_RETIRE_CYCLES_CORE_7                                   0                             0

CORE_RETIRE_DELTA_CORE_7                                        0                           NaN

FENCE_PREF_REQ_CORE_7                                           0                             0

FENCE_WAITING_CORE_7                                            0                             0

DYN_FENCE_NUM_CORE_7                                            0                             0

WB_ORDERING_STALL_CORE_7                                        0                             0

WB_FULL_CORE_7                                                  0                             0

FENCE_TOT_CYCLES_CORE_7                                         0                             0

FENCE_EXEC_CYCLES_CORE_7                                        0                             0

STORE_RES_CORE_7                                                0                             0

STORE_NUM_CORE_7                                                0                             0

STORE_WB_FREE_CORE_7                                            0                             0

SCHED_FAILED_REASON_SUCCESS_CORE_7                         706200                       25.1368%
SCHED_FAILED_OPERANDS_NOT_READY_CORE_7                     298550                       10.6267%
SCHED_FAILED_NO_AVAILABLE_PORTS_CORE_7                    1804679                       64.2365%
SCHED_FAILED_NO_MEM_REQ_SLOTS_CORE_7                            0                             0%
SCHED_FAILED_NO_AVAILABLE_SIMD_UNIT_CORE_7                      0                             0%
SCHED_FAILED_FENCE_ACTIVE_CORE_7                                0                             0%
SCHED_FAILED_MEM_MANAGEMENT_CORE_7                              0                             0%
                                                          2809429                           100%

NUM_SAMPLES_CORE_8                                         927368                        927368

NUM_ACTIVE_BLOCKS_CORE_8                                   927367                      0.999999

NUM_ACTIVE_THREADS_CORE_8                                29625970                       31.9463

NUM_SCHED_IDLE_CYCLE_CORE_8                                     0                             0

NUM_NO_SCHED_CYCLE_CORE_8                                   30907                         30907

CORE_DISPATCHED_INST_CORE_8                                706200                        706200

CORE_DISPATCH_WAIT_CORE_8                                39778701                       56.3278

CORE_CYCLES_CORE_8                                              0                             0

CORE_SCHED_THREADS_CORE_8                                       0                           NaN

CORE_NUM_NO_FETCH_CYCLES_CORE_8                             68455                         68455

CORE_NUM_NO_FETCH_CYCLES_WITH_READY_THREADS_CORE_8                   0                             0

CORE_NUM_FETCH_CYCLES_CORE_8                                    0                             0

CORE_FETCH_DELTA_CORE_8                                         0                           NaN

CORE_NUM_RETIRE_CYCLES_CORE_8                                   0                             0

CORE_RETIRE_DELTA_CORE_8                                        0                           NaN

FENCE_PREF_REQ_CORE_8                                           0                             0

FENCE_WAITING_CORE_8                                            0                             0

DYN_FENCE_NUM_CORE_8                                            0                             0

WB_ORDERING_STALL_CORE_8                                        0                             0

WB_FULL_CORE_8                                                  0                             0

FENCE_TOT_CYCLES_CORE_8                                         0                             0

FENCE_EXEC_CYCLES_CORE_8                                        0                             0

STORE_RES_CORE_8                                                0                             0

STORE_NUM_CORE_8                                                0                             0

STORE_WB_FREE_CORE_8                                            0                             0

SCHED_FAILED_REASON_SUCCESS_CORE_8                         706200                       25.1075%
SCHED_FAILED_OPERANDS_NOT_READY_CORE_8                     303100                       10.7761%
SCHED_FAILED_NO_AVAILABLE_PORTS_CORE_8                    1803406                       64.1164%
SCHED_FAILED_NO_MEM_REQ_SLOTS_CORE_8                            0                             0%
SCHED_FAILED_NO_AVAILABLE_SIMD_UNIT_CORE_8                      0                             0%
SCHED_FAILED_FENCE_ACTIVE_CORE_8                                0                             0%
SCHED_FAILED_MEM_MANAGEMENT_CORE_8                              0                             0%
                                                          2812706                           100%

NUM_SAMPLES_CORE_9                                        1002118                       1002118

NUM_ACTIVE_BLOCKS_CORE_9                                  1002117                      0.999999

NUM_ACTIVE_THREADS_CORE_9                                32004937                       31.9373

NUM_SCHED_IDLE_CYCLE_CORE_9                                     0                             0

NUM_NO_SCHED_CYCLE_CORE_9                                   32317                         32317

CORE_DISPATCHED_INST_CORE_9                                765050                        765050

CORE_DISPATCH_WAIT_CORE_9                                42990845                       56.1935

CORE_CYCLES_CORE_9                                              0                             0

CORE_SCHED_THREADS_CORE_9                                       0                           NaN

CORE_NUM_NO_FETCH_CYCLES_CORE_9                             72747                         72747

CORE_NUM_NO_FETCH_CYCLES_WITH_READY_THREADS_CORE_9                   0                             0

CORE_NUM_FETCH_CYCLES_CORE_9                                    0                             0

CORE_FETCH_DELTA_CORE_9                                         0                           NaN

CORE_NUM_RETIRE_CYCLES_CORE_9                                   0                             0

CORE_RETIRE_DELTA_CORE_9                                        0                           NaN

FENCE_PREF_REQ_CORE_9                                           0                             0

FENCE_WAITING_CORE_9                                            0                             0

DYN_FENCE_NUM_CORE_9                                            0                             0

WB_ORDERING_STALL_CORE_9                                        0                             0

WB_FULL_CORE_9                                                  0                             0

FENCE_TOT_CYCLES_CORE_9                                         0                             0

FENCE_EXEC_CYCLES_CORE_9                                        0                             0

STORE_RES_CORE_9                                                0                             0

STORE_NUM_CORE_9                                                0                             0

STORE_WB_FREE_CORE_9                                            0                             0

SCHED_FAILED_REASON_SUCCESS_CORE_9                         765050                       25.2325%
SCHED_FAILED_OPERANDS_NOT_READY_CORE_9                     317924                       10.4856%
SCHED_FAILED_NO_AVAILABLE_PORTS_CORE_9                    1949023                       64.2818%
SCHED_FAILED_NO_MEM_REQ_SLOTS_CORE_9                            0                             0%
SCHED_FAILED_NO_AVAILABLE_SIMD_UNIT_CORE_9                      0                             0%
SCHED_FAILED_FENCE_ACTIVE_CORE_9                                0                             0%
SCHED_FAILED_MEM_MANAGEMENT_CORE_9                              0                             0%
                                                          3031997                           100%

NUM_SAMPLES_CORE_10                                        927507                        927507

NUM_ACTIVE_BLOCKS_CORE_10                                  927506                      0.999999

NUM_ACTIVE_THREADS_CORE_10                               29600245                       31.9138

NUM_SCHED_IDLE_CYCLE_CORE_10                                    0                             0

NUM_NO_SCHED_CYCLE_CORE_10                                  30919                         30919

CORE_DISPATCHED_INST_CORE_10                               706200                        706200

CORE_DISPATCH_WAIT_CORE_10                               39706559                       56.2257

CORE_CYCLES_CORE_10                                             0                             0

CORE_SCHED_THREADS_CORE_10                                      0                           NaN

CORE_NUM_NO_FETCH_CYCLES_CORE_10                            67780                         67780

CORE_NUM_NO_FETCH_CYCLES_WITH_READY_THREADS_CORE_10                   0                             0

CORE_NUM_FETCH_CYCLES_CORE_10                                   0                             0

CORE_FETCH_DELTA_CORE_10                                        0                           NaN

CORE_NUM_RETIRE_CYCLES_CORE_10                                  0                             0

CORE_RETIRE_DELTA_CORE_10                                       0                           NaN

FENCE_PREF_REQ_CORE_10                                          0                             0

FENCE_WAITING_CORE_10                                           0                             0

DYN_FENCE_NUM_CORE_10                                           0                             0

WB_ORDERING_STALL_CORE_10                                       0                             0

WB_FULL_CORE_10                                                 0                             0

FENCE_TOT_CYCLES_CORE_10                                        0                             0

FENCE_EXEC_CYCLES_CORE_10                                       0                             0

STORE_RES_CORE_10                                               0                             0

STORE_NUM_CORE_10                                               0                             0

STORE_WB_FREE_CORE_10                                           0                             0

SCHED_FAILED_REASON_SUCCESS_CORE_10                        706200                       25.2431%
SCHED_FAILED_OPERANDS_NOT_READY_CORE_10                    291736                       10.4281%
SCHED_FAILED_NO_AVAILABLE_PORTS_CORE_10                   1799665                       64.3289%
SCHED_FAILED_NO_MEM_REQ_SLOTS_CORE_10                           0                             0%
SCHED_FAILED_NO_AVAILABLE_SIMD_UNIT_CORE_10                     0                             0%
SCHED_FAILED_FENCE_ACTIVE_CORE_10                               0                             0%
SCHED_FAILED_MEM_MANAGEMENT_CORE_10                             0                             0%
                                                          2797601                           100%

NUM_SAMPLES_CORE_11                                       1003028                       1003028

NUM_ACTIVE_BLOCKS_CORE_11                                 1003027                      0.999999

NUM_ACTIVE_THREADS_CORE_11                               32018440                       31.9218

NUM_SCHED_IDLE_CYCLE_CORE_11                                    0                             0

NUM_NO_SCHED_CYCLE_CORE_11                                  32859                         32859

CORE_DISPATCHED_INST_CORE_11                               765050                        765050

CORE_DISPATCH_WAIT_CORE_11                               43030901                       56.2459

CORE_CYCLES_CORE_11                                             0                             0

CORE_SCHED_THREADS_CORE_11                                      0                           NaN

CORE_NUM_NO_FETCH_CYCLES_CORE_11                            72738                         72738

CORE_NUM_NO_FETCH_CYCLES_WITH_READY_THREADS_CORE_11                   0                             0

CORE_NUM_FETCH_CYCLES_CORE_11                                   0                             0

CORE_FETCH_DELTA_CORE_11                                        0                           NaN

CORE_NUM_RETIRE_CYCLES_CORE_11                                  0                             0

CORE_RETIRE_DELTA_CORE_11                                       0                           NaN

FENCE_PREF_REQ_CORE_11                                          0                             0

FENCE_WAITING_CORE_11                                           0                             0

DYN_FENCE_NUM_CORE_11                                           0                             0

WB_ORDERING_STALL_CORE_11                                       0                             0

WB_FULL_CORE_11                                                 0                             0

FENCE_TOT_CYCLES_CORE_11                                        0                             0

FENCE_EXEC_CYCLES_CORE_11                                       0                             0

STORE_RES_CORE_11                                               0                             0

STORE_NUM_CORE_11                                               0                             0

STORE_WB_FREE_CORE_11                                           0                             0

SCHED_FAILED_REASON_SUCCESS_CORE_11                        765050                       25.2607%
SCHED_FAILED_OPERANDS_NOT_READY_CORE_11                    320040                       10.5672%
SCHED_FAILED_NO_AVAILABLE_PORTS_CORE_11                   1943531                       64.1721%
SCHED_FAILED_NO_MEM_REQ_SLOTS_CORE_11                           0                             0%
SCHED_FAILED_NO_AVAILABLE_SIMD_UNIT_CORE_11                     0                             0%
SCHED_FAILED_FENCE_ACTIVE_CORE_11                               0                             0%
SCHED_FAILED_MEM_MANAGEMENT_CORE_11                             0                             0%
                                                          3028621                           100%

NUM_SAMPLES_CORE_12                                       1004242                       1004242

NUM_ACTIVE_BLOCKS_CORE_12                                 1004241                      0.999999

NUM_ACTIVE_THREADS_CORE_12                               32067466                        31.932

NUM_SCHED_IDLE_CYCLE_CORE_12                                    0                             0

NUM_NO_SCHED_CYCLE_CORE_12                                  34029                         34029

CORE_DISPATCHED_INST_CORE_12                               765050                        765050

CORE_DISPATCH_WAIT_CORE_12                               43111179                       56.3508

CORE_CYCLES_CORE_12                                             0                             0

CORE_SCHED_THREADS_CORE_12                                      0                           NaN

CORE_NUM_NO_FETCH_CYCLES_CORE_12                            73565                         73565

CORE_NUM_NO_FETCH_CYCLES_WITH_READY_THREADS_CORE_12                   0                             0

CORE_NUM_FETCH_CYCLES_CORE_12                                   0                             0

CORE_FETCH_DELTA_CORE_12                                        0                           NaN

CORE_NUM_RETIRE_CYCLES_CORE_12                                  0                             0

CORE_RETIRE_DELTA_CORE_12                                       0                           NaN

FENCE_PREF_REQ_CORE_12                                          0                             0

FENCE_WAITING_CORE_12                                           0                             0

DYN_FENCE_NUM_CORE_12                                           0                             0

WB_ORDERING_STALL_CORE_12                                       0                             0

WB_FULL_CORE_12                                                 0                             0

FENCE_TOT_CYCLES_CORE_12                                        0                             0

FENCE_EXEC_CYCLES_CORE_12                                       0                             0

STORE_RES_CORE_12                                               0                             0

STORE_NUM_CORE_12                                               0                             0

STORE_WB_FREE_CORE_12                                           0                             0

SCHED_FAILED_REASON_SUCCESS_CORE_12                        765050                       25.0406%
SCHED_FAILED_OPERANDS_NOT_READY_CORE_12                    343496                       11.2428%
SCHED_FAILED_NO_AVAILABLE_PORTS_CORE_12                   1946696                       63.7166%
SCHED_FAILED_NO_MEM_REQ_SLOTS_CORE_12                           0                             0%
SCHED_FAILED_NO_AVAILABLE_SIMD_UNIT_CORE_12                     0                             0%
SCHED_FAILED_FENCE_ACTIVE_CORE_12                               0                             0%
SCHED_FAILED_MEM_MANAGEMENT_CORE_12                             0                             0%
                                                          3055242                           100%

NUM_SAMPLES_CORE_13                                       1002421                       1002421

NUM_ACTIVE_BLOCKS_CORE_13                                 1002420                      0.999999

NUM_ACTIVE_THREADS_CORE_13                               32012217                       31.9349

NUM_SCHED_IDLE_CYCLE_CORE_13                                    0                             0

NUM_NO_SCHED_CYCLE_CORE_13                                  32166                         32166

CORE_DISPATCHED_INST_CORE_13                               765050                        765050

CORE_DISPATCH_WAIT_CORE_13                               42935638                       56.1214

CORE_CYCLES_CORE_13                                             0                             0

CORE_SCHED_THREADS_CORE_13                                      0                           NaN

CORE_NUM_NO_FETCH_CYCLES_CORE_13                            72433                         72433

CORE_NUM_NO_FETCH_CYCLES_WITH_READY_THREADS_CORE_13                   0                             0

CORE_NUM_FETCH_CYCLES_CORE_13                                   0                             0

CORE_FETCH_DELTA_CORE_13                                        0                           NaN

CORE_NUM_RETIRE_CYCLES_CORE_13                                  0                             0

CORE_RETIRE_DELTA_CORE_13                                       0                           NaN

FENCE_PREF_REQ_CORE_13                                          0                             0

FENCE_WAITING_CORE_13                                           0                             0

DYN_FENCE_NUM_CORE_13                                           0                             0

WB_ORDERING_STALL_CORE_13                                       0                             0

WB_FULL_CORE_13                                                 0                             0

FENCE_TOT_CYCLES_CORE_13                                        0                             0

FENCE_EXEC_CYCLES_CORE_13                                       0                             0

STORE_RES_CORE_13                                               0                             0

STORE_NUM_CORE_13                                               0                             0

STORE_WB_FREE_CORE_13                                           0                             0

SCHED_FAILED_REASON_SUCCESS_CORE_13                        765050                       25.4516%
SCHED_FAILED_OPERANDS_NOT_READY_CORE_13                    302254                       10.0554%
SCHED_FAILED_NO_AVAILABLE_PORTS_CORE_13                   1938597                        64.493%
SCHED_FAILED_NO_MEM_REQ_SLOTS_CORE_13                           0                             0%
SCHED_FAILED_NO_AVAILABLE_SIMD_UNIT_CORE_13                     0                             0%
SCHED_FAILED_FENCE_ACTIVE_CORE_13                               0                             0%
SCHED_FAILED_MEM_MANAGEMENT_CORE_13                             0                             0%
                                                          3005901                           100%

NUM_SAMPLES_CORE_14                                       1003180                       1003180

NUM_ACTIVE_BLOCKS_CORE_14                                 1003179                      0.999999

NUM_ACTIVE_THREADS_CORE_14                               32048209                       31.9466

NUM_SCHED_IDLE_CYCLE_CORE_14                                    0                             0

NUM_NO_SCHED_CYCLE_CORE_14                                  33013                         33013

CORE_DISPATCHED_INST_CORE_14                               765050                        765050

CORE_DISPATCH_WAIT_CORE_14                               43002397                       56.2086

CORE_CYCLES_CORE_14                                             0                             0

CORE_SCHED_THREADS_CORE_14                                      0                           NaN

CORE_NUM_NO_FETCH_CYCLES_CORE_14                            73779                         73779

CORE_NUM_NO_FETCH_CYCLES_WITH_READY_THREADS_CORE_14                   0                             0

CORE_NUM_FETCH_CYCLES_CORE_14                                   0                             0

CORE_FETCH_DELTA_CORE_14                                        0                           NaN

CORE_NUM_RETIRE_CYCLES_CORE_14                                  0                             0

CORE_RETIRE_DELTA_CORE_14                                       0                           NaN

FENCE_PREF_REQ_CORE_14                                          0                             0

FENCE_WAITING_CORE_14                                           0                             0

DYN_FENCE_NUM_CORE_14                                           0                             0

WB_ORDERING_STALL_CORE_14                                       0                             0

WB_FULL_CORE_14                                                 0                             0

FENCE_TOT_CYCLES_CORE_14                                        0                             0

FENCE_EXEC_CYCLES_CORE_14                                       0                             0

STORE_RES_CORE_14                                               0                             0

STORE_NUM_CORE_14                                               0                             0

STORE_WB_FREE_CORE_14                                           0                             0

SCHED_FAILED_REASON_SUCCESS_CORE_14                        765050                       25.2033%
SCHED_FAILED_OPERANDS_NOT_READY_CORE_14                    324659                       10.6953%
SCHED_FAILED_NO_AVAILABLE_PORTS_CORE_14                   1945810                       64.1014%
SCHED_FAILED_NO_MEM_REQ_SLOTS_CORE_14                           0                             0%
SCHED_FAILED_NO_AVAILABLE_SIMD_UNIT_CORE_14                     0                             0%
SCHED_FAILED_FENCE_ACTIVE_CORE_14                               0                             0%
SCHED_FAILED_MEM_MANAGEMENT_CORE_14                             0                             0%
                                                          3035519                           100%

NUM_SAMPLES_CORE_15                                       1003635                       1003635

NUM_ACTIVE_BLOCKS_CORE_15                                 1003634                      0.999999

NUM_ACTIVE_THREADS_CORE_15                               32053496                       31.9374

NUM_SCHED_IDLE_CYCLE_CORE_15                                    0                             0

NUM_NO_SCHED_CYCLE_CORE_15                                  33494                         33494

CORE_DISPATCHED_INST_CORE_15                               765050                        765050

CORE_DISPATCH_WAIT_CORE_15                               43049858                       56.2706

CORE_CYCLES_CORE_15                                             0                             0

CORE_SCHED_THREADS_CORE_15                                      0                           NaN

CORE_NUM_NO_FETCH_CYCLES_CORE_15                            73530                         73530

CORE_NUM_NO_FETCH_CYCLES_WITH_READY_THREADS_CORE_15                   0                             0

CORE_NUM_FETCH_CYCLES_CORE_15                                   0                             0

CORE_FETCH_DELTA_CORE_15                                        0                           NaN

CORE_NUM_RETIRE_CYCLES_CORE_15                                  0                             0

CORE_RETIRE_DELTA_CORE_15                                       0                           NaN

FENCE_PREF_REQ_CORE_15                                          0                             0

FENCE_WAITING_CORE_15                                           0                             0

DYN_FENCE_NUM_CORE_15                                           0                             0

WB_ORDERING_STALL_CORE_15                                       0                             0

WB_FULL_CORE_15                                                 0                             0

FENCE_TOT_CYCLES_CORE_15                                        0                             0

FENCE_EXEC_CYCLES_CORE_15                                       0                             0

STORE_RES_CORE_15                                               0                             0

STORE_NUM_CORE_15                                               0                             0

STORE_WB_FREE_CORE_15                                           0                             0

SCHED_FAILED_REASON_SUCCESS_CORE_15                        765050                       25.1224%
SCHED_FAILED_OPERANDS_NOT_READY_CORE_15                    329568                       10.8222%
SCHED_FAILED_NO_AVAILABLE_PORTS_CORE_15                   1950670                       64.0554%
SCHED_FAILED_NO_MEM_REQ_SLOTS_CORE_15                           0                             0%
SCHED_FAILED_NO_AVAILABLE_SIMD_UNIT_CORE_15                     0                             0%
SCHED_FAILED_FENCE_ACTIVE_CORE_15                               0                             0%
SCHED_FAILED_MEM_MANAGEMENT_CORE_15                             0                             0%
                                                          3045288                           100%

NUM_SAMPLES_CORE_16                                       1002269                       1002269

NUM_ACTIVE_BLOCKS_CORE_16                                 1002268                      0.999999

NUM_ACTIVE_THREADS_CORE_16                               32022793                       31.9503

NUM_SCHED_IDLE_CYCLE_CORE_16                                    0                             0

NUM_NO_SCHED_CYCLE_CORE_16                                  32027                         32027

CORE_DISPATCHED_INST_CORE_16                               765050                        765050

CORE_DISPATCH_WAIT_CORE_16                               43009304                       56.2176

CORE_CYCLES_CORE_16                                             0                             0

CORE_SCHED_THREADS_CORE_16                                      0                           NaN

CORE_NUM_NO_FETCH_CYCLES_CORE_16                            72886                         72886

CORE_NUM_NO_FETCH_CYCLES_WITH_READY_THREADS_CORE_16                   0                             0

CORE_NUM_FETCH_CYCLES_CORE_16                                   0                             0

CORE_FETCH_DELTA_CORE_16                                        0                           NaN

CORE_NUM_RETIRE_CYCLES_CORE_16                                  0                             0

CORE_RETIRE_DELTA_CORE_16                                       0                           NaN

FENCE_PREF_REQ_CORE_16                                          0                             0

FENCE_WAITING_CORE_16                                           0                             0

DYN_FENCE_NUM_CORE_16                                           0                             0

WB_ORDERING_STALL_CORE_16                                       0                             0

WB_FULL_CORE_16                                                 0                             0

FENCE_TOT_CYCLES_CORE_16                                        0                             0

FENCE_EXEC_CYCLES_CORE_16                                       0                             0

STORE_RES_CORE_16                                               0                             0

STORE_NUM_CORE_16                                               0                             0

STORE_WB_FREE_CORE_16                                           0                             0

SCHED_FAILED_REASON_SUCCESS_CORE_16                        765050                       25.2332%
SCHED_FAILED_OPERANDS_NOT_READY_CORE_16                    325465                       10.7346%
SCHED_FAILED_NO_AVAILABLE_PORTS_CORE_16                   1941398                       64.0321%
SCHED_FAILED_NO_MEM_REQ_SLOTS_CORE_16                           0                             0%
SCHED_FAILED_NO_AVAILABLE_SIMD_UNIT_CORE_16                     0                             0%
SCHED_FAILED_FENCE_ACTIVE_CORE_16                               0                             0%
SCHED_FAILED_MEM_MANAGEMENT_CORE_16                             0                             0%
                                                          3031913                           100%

NUM_SAMPLES_CORE_17                                       1004090                       1004090

NUM_ACTIVE_BLOCKS_CORE_17                                 1004089                      0.999999

NUM_ACTIVE_THREADS_CORE_17                               32058254                       31.9277

NUM_SCHED_IDLE_CYCLE_CORE_17                                    0                             0

NUM_NO_SCHED_CYCLE_CORE_17                                  32180                         32180

CORE_DISPATCHED_INST_CORE_17                               765050                        765050

CORE_DISPATCH_WAIT_CORE_17                               43054133                       56.2762

CORE_CYCLES_CORE_17                                             0                             0

CORE_SCHED_THREADS_CORE_17                                      0                           NaN

CORE_NUM_NO_FETCH_CYCLES_CORE_17                            72727                         72727

CORE_NUM_NO_FETCH_CYCLES_WITH_READY_THREADS_CORE_17                   0                             0

CORE_NUM_FETCH_CYCLES_CORE_17                                   0                             0

CORE_FETCH_DELTA_CORE_17                                        0                           NaN

CORE_NUM_RETIRE_CYCLES_CORE_17                                  0                             0

CORE_RETIRE_DELTA_CORE_17                                       0                           NaN

FENCE_PREF_REQ_CORE_17                                          0                             0

FENCE_WAITING_CORE_17                                           0                             0

DYN_FENCE_NUM_CORE_17                                           0                             0

WB_ORDERING_STALL_CORE_17                                       0                             0

WB_FULL_CORE_17                                                 0                             0

FENCE_TOT_CYCLES_CORE_17                                        0                             0

FENCE_EXEC_CYCLES_CORE_17                                       0                             0

STORE_RES_CORE_17                                               0                             0

STORE_NUM_CORE_17                                               0                             0

STORE_WB_FREE_CORE_17                                           0                             0

SCHED_FAILED_REASON_SUCCESS_CORE_17                        765050                       25.4185%
SCHED_FAILED_OPERANDS_NOT_READY_CORE_17                    310447                       10.3145%
SCHED_FAILED_NO_AVAILABLE_PORTS_CORE_17                   1934315                        64.267%
SCHED_FAILED_NO_MEM_REQ_SLOTS_CORE_17                           0                             0%
SCHED_FAILED_NO_AVAILABLE_SIMD_UNIT_CORE_17                     0                             0%
SCHED_FAILED_FENCE_ACTIVE_CORE_17                               0                             0%
SCHED_FAILED_MEM_MANAGEMENT_CORE_17                             0                             0%
                                                          3009812                           100%

NUM_SAMPLES_CORE_18                                       1003938                       1003938

NUM_ACTIVE_BLOCKS_CORE_18                                 1003937                      0.999999

NUM_ACTIVE_THREADS_CORE_18                               32069112                       31.9433

NUM_SCHED_IDLE_CYCLE_CORE_18                                    0                             0

NUM_NO_SCHED_CYCLE_CORE_18                                  33019                         33019

CORE_DISPATCHED_INST_CORE_18                               765050                        765050

CORE_DISPATCH_WAIT_CORE_18                               43044244                       56.2633

CORE_CYCLES_CORE_18                                             0                             0

CORE_SCHED_THREADS_CORE_18                                      0                           NaN

CORE_NUM_NO_FETCH_CYCLES_CORE_18                            73537                         73537

CORE_NUM_NO_FETCH_CYCLES_WITH_READY_THREADS_CORE_18                   0                             0

CORE_NUM_FETCH_CYCLES_CORE_18                                   0                             0

CORE_FETCH_DELTA_CORE_18                                        0                           NaN

CORE_NUM_RETIRE_CYCLES_CORE_18                                  0                             0

CORE_RETIRE_DELTA_CORE_18                                       0                           NaN

FENCE_PREF_REQ_CORE_18                                          0                             0

FENCE_WAITING_CORE_18                                           0                             0

DYN_FENCE_NUM_CORE_18                                           0                             0

WB_ORDERING_STALL_CORE_18                                       0                             0

WB_FULL_CORE_18                                                 0                             0

FENCE_TOT_CYCLES_CORE_18                                        0                             0

FENCE_EXEC_CYCLES_CORE_18                                       0                             0

STORE_RES_CORE_18                                               0                             0

STORE_NUM_CORE_18                                               0                             0

STORE_WB_FREE_CORE_18                                           0                             0

SCHED_FAILED_REASON_SUCCESS_CORE_18                        765050                       25.2214%
SCHED_FAILED_OPERANDS_NOT_READY_CORE_18                    337808                       11.1365%
SCHED_FAILED_NO_AVAILABLE_PORTS_CORE_18                   1930484                       63.6421%
SCHED_FAILED_NO_MEM_REQ_SLOTS_CORE_18                           0                             0%
SCHED_FAILED_NO_AVAILABLE_SIMD_UNIT_CORE_18                     0                             0%
SCHED_FAILED_FENCE_ACTIVE_CORE_18                               0                             0%
SCHED_FAILED_MEM_MANAGEMENT_CORE_18                             0                             0%
                                                          3033342                           100%

NUM_SAMPLES_CORE_19                                       1003332                       1003332

NUM_ACTIVE_BLOCKS_CORE_19                                 1003331                      0.999999

NUM_ACTIVE_THREADS_CORE_19                               32036807                       31.9304

NUM_SCHED_IDLE_CYCLE_CORE_19                                    0                             0

NUM_NO_SCHED_CYCLE_CORE_19                                  33146                         33146

CORE_DISPATCHED_INST_CORE_19                               765050                        765050

CORE_DISPATCH_WAIT_CORE_19                               43092244                        56.326

CORE_CYCLES_CORE_19                                             0                             0

CORE_SCHED_THREADS_CORE_19                                      0                           NaN

CORE_NUM_NO_FETCH_CYCLES_CORE_19                            73010                         73010

CORE_NUM_NO_FETCH_CYCLES_WITH_READY_THREADS_CORE_19                   0                             0

CORE_NUM_FETCH_CYCLES_CORE_19                                   0                             0

CORE_FETCH_DELTA_CORE_19                                        0                           NaN

CORE_NUM_RETIRE_CYCLES_CORE_19                                  0                             0

CORE_RETIRE_DELTA_CORE_19                                       0                           NaN

FENCE_PREF_REQ_CORE_19                                          0                             0

FENCE_WAITING_CORE_19                                           0                             0

DYN_FENCE_NUM_CORE_19                                           0                             0

WB_ORDERING_STALL_CORE_19                                       0                             0

WB_FULL_CORE_19                                                 0                             0

FENCE_TOT_CYCLES_CORE_19                                        0                             0

FENCE_EXEC_CYCLES_CORE_19                                       0                             0

STORE_RES_CORE_19                                               0                             0

STORE_NUM_CORE_19                                               0                             0

STORE_WB_FREE_CORE_19                                           0                             0

SCHED_FAILED_REASON_SUCCESS_CORE_19                        765050                       25.1128%
SCHED_FAILED_OPERANDS_NOT_READY_CORE_19                    343012                       11.2594%
SCHED_FAILED_NO_AVAILABLE_PORTS_CORE_19                   1938395                       63.6278%
SCHED_FAILED_NO_MEM_REQ_SLOTS_CORE_19                           0                             0%
SCHED_FAILED_NO_AVAILABLE_SIMD_UNIT_CORE_19                     0                             0%
SCHED_FAILED_FENCE_ACTIVE_CORE_19                               0                             0%
SCHED_FAILED_MEM_MANAGEMENT_CORE_19                             0                             0%
                                                          3046457                           100%

