####################################################################################################
Interval
####################################################################################################
Cumulative:         Cycles:                  20000     Instructions:                  1200
INST_COUNT_TOT                                           15065600                      15065600

UOP_COUNT_TOT                                            15065600                      15065600

CYC_COUNT_TOT                                           784577746                     784577746

EXE_TIME                                                      917                           917

NUM_REPEAT                                                      0                             0

CYC_COUNT_X86                                                   0                             0

CYC_COUNT_ACC                                           784577745                     784577745

AVG_BLOCK_EXE_CYCLE                                  106684069275                  106684069275

AVG_BLOCK_EXE_CYCLE_BASE                                      256                           256

PROGRESS_ERROR                                                  0                             0

FILE_OPEN_ERROR                                                 0                             0

NUM_THREAD                                                      0                             0

APPL_CYC_COUNT_BASE0                                            1                             1

APPL_CYC_COUNT_BASE1                                            0                             0

APPL_CYC_COUNT_BASE2                                            0                             0

APPL_CYC_COUNT_BASE3                                            0                             0

APPL_CYC_COUNT_BASE4                                            0                             0

APPL_CYC_COUNT0                                         784577745                   7.84578e+08

APPL_CYC_COUNT1                                                 0                           NaN

APPL_CYC_COUNT2                                                 0                           NaN

APPL_CYC_COUNT3                                                 0                           NaN

APPL_CYC_COUNT4                                                 0                           NaN

CPI_DELTA_BASE0                                                 0                             0

CPI_DELTA_BASE1                                                 0                             0

CPI_DELTA_BASE2                                                 0                             0

CPI_DELTA_BASE3                                                 0                             0

CPI_DELTA_BASE4                                                 0                             0

CPI_DELTA0                                                      0                           NaN

CPI_DELTA1                                                      0                           NaN

CPI_DELTA2                                                      0                           NaN

CPI_DELTA3                                                      0                           NaN

CPI_DELTA4                                                      0                           NaN

CYCLE_CPU                                                       0                             0

CYCLE_GPU                                                       0                             0

INST_COUNT_CORE_0                                          765050                        765050

UOP_COUNT_CORE_0                                           765050                        765050

CYC_COUNT_CORE_0                                           999732                        999732

INST_COUNT_CORE_1                                          706200                        706200

UOP_COUNT_CORE_1                                           706200                        706200

CYC_COUNT_CORE_1                                           925060                        925060

INST_COUNT_CORE_2                                          765050                        765050

UOP_COUNT_CORE_2                                           765050                        765050

CYC_COUNT_CORE_2                                          1000491                       1000491

INST_COUNT_CORE_3                                          765050                        765050

UOP_COUNT_CORE_3                                           765050                        765050

CYC_COUNT_CORE_3                                          1002016                       1002016

INST_COUNT_CORE_4                                          765050                        765050

UOP_COUNT_CORE_4                                           765050                        765050

CYC_COUNT_CORE_4                                          1000800                       1000800

INST_COUNT_CORE_5                                          765050                        765050

UOP_COUNT_CORE_5                                           765050                        765050

CYC_COUNT_CORE_5                                          1001103                       1001103

INST_COUNT_CORE_6                                          706200                        706200

UOP_COUNT_CORE_6                                           706200                        706200

CYC_COUNT_CORE_6                                           925327                        925327

INST_COUNT_CORE_7                                          765050                        765050

UOP_COUNT_CORE_7                                           765050                        765050

CYC_COUNT_CORE_7                                          1001712                       1001712

INST_COUNT_CORE_8                                          765050                        765050

UOP_COUNT_CORE_8                                           765050                        765050

CYC_COUNT_CORE_8                                          1000339                       1000339

INST_COUNT_CORE_9                                          765050                        765050

UOP_COUNT_CORE_9                                           765050                        765050

CYC_COUNT_CORE_9                                          1000036                       1000036

INST_COUNT_CORE_10                                         765050                        765050

UOP_COUNT_CORE_10                                          765050                        765050

CYC_COUNT_CORE_10                                         1001255                       1001255

INST_COUNT_CORE_11                                         706200                        706200

UOP_COUNT_CORE_11                                          706200                        706200

CYC_COUNT_CORE_11                                          925212                        925212

INST_COUNT_CORE_12                                         765050                        765050

UOP_COUNT_CORE_12                                          765050                        765050

CYC_COUNT_CORE_12                                         1001409                       1001409

INST_COUNT_CORE_13                                         765050                        765050

UOP_COUNT_CORE_13                                          765050                        765050

CYC_COUNT_CORE_13                                         1000642                       1000642

INST_COUNT_CORE_14                                         765050                        765050

UOP_COUNT_CORE_14                                          765050                        765050

CYC_COUNT_CORE_14                                         1001864                       1001864

INST_COUNT_CORE_15                                         765050                        765050

UOP_COUNT_CORE_15                                          765050                        765050

CYC_COUNT_CORE_15                                          999884                        999884

INST_COUNT_CORE_16                                         765050                        765050

UOP_COUNT_CORE_16                                          765050                        765050

CYC_COUNT_CORE_16                                         1001561                       1001561

INST_COUNT_CORE_17                                         765050                        765050

UOP_COUNT_CORE_17                                          765050                        765050

CYC_COUNT_CORE_17                                         1000951                       1000951

INST_COUNT_CORE_18                                         765050                        765050

UOP_COUNT_CORE_18                                          765050                        765050

CYC_COUNT_CORE_18                                         1000187                       1000187

INST_COUNT_CORE_19                                         706200                        706200

UOP_COUNT_CORE_19                                          706200                        706200

CYC_COUNT_CORE_19                                          924908                        924908

