options: Options {
    input: "/benchrun/tejas/babelstream/sm6_gtx1080/input-arraysize-1024-numtimes-1/results/stats.txt",
    output: "/benchrun/tejas/babelstream/sm6_gtx1080/input-arraysize-1024-numtimes-1/results/stats.csv",
}
stats: Stats {
    emulator_type: Some(
        "OCELOT",
    ),
    created: None,
    sim_time: Some(
        16.311s,
    ),
    total_inst_count: Some(
        75884,
    ),
    total_cycle_count: Some(
        17158,
    ),
    dram_total_reads: 0,
    dram_total_writes: 0,
    dram_avg_read_latency: Some(
        0.0,
    ),
    total_instr_cache_access: Some(
        0,
    ),
    total_const_cache_access: Some(
        0,
    ),
    total_shared_cache_access: Some(
        0,
    ),
    total_instr_cache_misses: Some(
        16,
    ),
    total_const_cache_misses: Some(
        2048,
    ),
    total_shared_cache_misses: Some(
        0,
    ),
    kips: Some(
        4.65232051989455,
    ),
    total_ipc: Some(
        4.422659983681082,
    ),
}
done after 35.038699ms
