

Performing the initial setup !!!
Reading the configuration file
initializing cores...
Cache paramtersS_NUCA
Cache paramtersS_NUCA
initializing memory system...
0TPC idjava thread0
0SM idjava thread0
--  starting java thread0
1TPC idjava thread1
0SM idjava thread1
--  starting java thread1
2TPC idjava thread2
0SM idjava thread2
--  starting java thread2
3TPC idjava thread3
0SM idjava thread3
--  starting java thread3
4TPC idjava thread4
0SM idjava thread4
--  starting java thread4
5TPC idjava thread5
0SM idjava thread5
--  starting java thread5
6TPC idjava thread6
0SM idjava thread6
--  starting java thread6
7TPC idjava thread7
0SM idjava thread7
--  starting java thread7


Running the simulation !!!
runners started for thread
1
Simulated 1 kernels on 0
Blocks are executed1for the thread0


Instructions per Second	=	0.09614243323442137 KIPS		
****************************************************************************
TOTAL INSTRUCTIONS = 162
TOTAL CYCLES = 1404
TOTAL INSTRUCTIONS PER CYCLE = 0.11538461538461539
****************************************************************************


Simulation completed !!
shut down
