options: Options {
    input: "/benchrun/tejas/cuda4-matrixmul/sm6_gtx1080/input-32/results/stats.txt",
    output: "/benchrun/tejas/cuda4-matrixmul/sm6_gtx1080/input-32/results/stats.csv",
}
stats: Stats {
    emulator_type: Some(
        "OCELOT",
    ),
    created: None,
    sim_time: Some(
        1.153s,
    ),
    total_inst_count: Some(
        162,
    ),
    total_cycle_count: Some(
        1404,
    ),
    dram_total_reads: 0,
    dram_total_writes: 0,
    dram_avg_read_latency: Some(
        0.0,
    ),
    total_instr_cache_access: Some(
        0,
    ),
    total_const_cache_access: Some(
        0,
    ),
    total_shared_cache_access: Some(
        0,
    ),
    total_instr_cache_misses: Some(
        2,
    ),
    total_const_cache_misses: Some(
        128,
    ),
    total_shared_cache_misses: Some(
        0,
    ),
    kips: Some(
        0.14050303555941024,
    ),
    total_ipc: Some(
        0.11538461538461539,
    ),
}
done after 42.835046ms
