(0.000000) CudaRuntime.cpp:3813: Adding external function 'malloc'
(0.000000) CudaRuntime.cpp:3813: Adding external function 'free'
(0.000000) CudaRuntime.cpp:3813: Adding external function 'vprintf'
(0.000000) CudaRuntime.cpp:3813: Adding external function 'cudaGetParameterBuffer'
(0.000068) CudaRuntime.cpp:595:  Loading module (fatbin) - vectorAdd.cu
(0.000082) CudaRuntime.cpp:738:  Registered kernel - _Z6vecAddPdS_S_i in module 'vectorAdd.cu'
(0.000119) CudaRuntime.cpp:276:  Creating devices.
(0.000254) CudaRuntime.cpp:288:   - Added 1 emulator devices.
(0.000411) CudaRuntime.cpp:446:  Creating new context for thread 0x1d3adf0
(0.000495) CudaRuntime.cpp:787:  cudaMalloc( *devPtr = 0x1d3d100, size = 8000)
(0.000516) CudaRuntime.cpp:787:  cudaMalloc( *devPtr = 0x1d3f100, size = 8000)
(0.000532) CudaRuntime.cpp:787:  cudaMalloc( *devPtr = 0x1d41500, size = 8000)
(0.000980) CudaRuntime.cpp:1131: cudaMemcpy(0x1d3d100, 0x1d34930, 8000)
(0.000987) CudaRuntime.cpp:251:    _memcpy(0x1d3d100, 0x1d34930, 8000 bytes) h-to-d
(0.000998) CudaRuntime.cpp:1131: cudaMemcpy(0x1d3f100, 0x1d36880, 8000)
(0.001008) CudaRuntime.cpp:251:    _memcpy(0x1d3f100, 0x1d36880, 8000 bytes) h-to-d
(0.001018) CudaRuntime.cpp:1131: cudaMemcpy(0x1d41500, 0x1d387d0, 8000)
(0.001023) CudaRuntime.cpp:251:    _memcpy(0x1d41500, 0x1d387d0, 8000 bytes) h-to-d
(0.001034) CudaRuntime.cpp:2609: cudaConfigureCall()
(0.001040) CudaRuntime.cpp:2631: cudaSetupArgument() - offset 0, size 8
(0.001047) CudaRuntime.cpp:2631: cudaSetupArgument() - offset 8, size 8
(0.001052) CudaRuntime.cpp:2631: cudaSetupArgument() - offset 16, size 8
(0.001057) CudaRuntime.cpp:2631: cudaSetupArgument() - offset 24, size 4
(0.002255) CudaRuntime.cpp:142:  Mapping parameter at offset 0 of size 8 to offset 0 of size 8
   data = 0x00 0xd1 0xd3 0x01 0x00 0x00 0x00 0x00 
(0.002265) CudaRuntime.cpp:142:  Mapping parameter at offset 8 of size 8 to offset 8 of size 8
   data = 0x00 0xf1 0xd3 0x01 0x00 0x00 0x00 0x00 
(0.002280) CudaRuntime.cpp:142:  Mapping parameter at offset 16 of size 8 to offset 16 of size 8
   data = 0x00 0x15 0xd4 0x01 0x00 0x00 0x00 0x00 
(0.002332) CudaRuntime.cpp:142:  Mapping parameter at offset 24 of size 4 to offset 24 of size 4
   data = 0xe8 0x03 0x00 0x00 
(0.002340) CudaRuntime.cpp:2685: kernel launch (_Z6vecAddPdS_S_i) on thread 0x1d3adf0
(0.002361) CudaRuntime.cpp:2706:  launch completed successfully
all enabled
(0.003056) X86TraceGenerator.cpp:776:  New kernel launched
(0.003079) X86TraceGenerator.cpp:777:  compute version:2.0
(0.003087) X86TraceGenerator.cpp:778:  grid  1 x 1 x 1
(0.003097) X86TraceGenerator.cpp:779:  block 1024 x 1 x 1
(0.003105) X86TraceGenerator.cpp:780:  number of warps per block:32
(0.003113) X86TraceGenerator.cpp:781:  number of total warps:32
(0.003120) X86TraceGenerator.cpp:782:  # threads per block : 1024
(0.003127) X86TraceGenerator.cpp:783:  number of register per thread:14
(0.003134) X86TraceGenerator.cpp:784:  number of shared memory per thread:0
(0.003144) X86TraceGenerator.cpp:822:  max blocks per core : 1
(0.006897) X86TraceGenerator.cpp:1082: mkdir -p /benchrun/macsim/vectoradd/sm86_rtx3070/input-1000/results/traces/_Z6vecAddPdS_S_i_0/ (status 0)

(0.006969) X86TraceGenerator.cpp:1083: errno is 0 message is Success

(0.041988) CudaRuntime.cpp:1131: cudaMemcpy(0x1d387d0, 0x1d41500, 8000)
(0.042012) CudaRuntime.cpp:215:    _memcpy(0x1d387d0, 0x1d41500, 8000 bytes) d-to-h
Final sum = 1000.000000; sum/n = 1.000000 (should be ~1)
(0.042051) CudaRuntime.cpp:887:  cudaFree(0x1d3d100)
(0.042072) CudaRuntime.cpp:887:  cudaFree(0x1d3f100)
(0.042082) CudaRuntime.cpp:887:  cudaFree(0x1d41500)
(0.042689) X86TraceGenerator.cpp:725:  destructor
(0.042936) X86TraceGenerator.cpp:2259: finalize
(0.042947) X86TraceGenerator.cpp:2263: total instruction count: 25
