options: Options {
    input: "/benchrun/accelsim-ptx/babelstream/sm6_gtx1080/input-arraysize-10240-numtimes-1/results/log.txt",
    output: "/benchrun/accelsim-ptx/babelstream/sm6_gtx1080/input-arraysize-10240-numtimes-1/results/stats.csv",
    per_kernel: false,
    kernel_instance: false,
    configs_as_rows: false,
    config_list: None,
    benchmark_list: None,
    sim_name: None,
    strict: false,
}
GPGPU-sim version: Some("gpgpu-sim_git-commit-13c67115070dc2f0876254a790d0238073ca364a_modified_0.0")
stats: {
    (
        "final_kernel",
        0,
        "l2_cache_write_hit",
    ): 2761.0,
    (
        "final_kernel",
        0,
        "l2_cache_read_hit",
    ): 5120.0,
    (
        "final_kernel",
        0,
        "total_dram_writes",
    ): 7735.0,
    (
        "final_kernel",
        0,
        "gpgpu_simulation_time_sec",
    ): 54.0,
    (
        "final_kernel",
        0,
        "gpu_occupancy",
    ): 92.1095,
    (
        "final_kernel",
        0,
        "gpgpu_simulation_rate",
    ): 784.0,
    (
        "final_kernel",
        0,
        "gpu_tot_ipc",
    ): 810.2386,
    (
        "final_kernel",
        0,
        "l2_cache_read_total",
    ): 5120.0,
    (
        "final_kernel",
        0,
        "total_core_cache_read_hit",
    ): 0.0,
    (
        "final_kernel",
        0,
        "const_cache_read_total",
    ): 20.0,
    (
        "final_kernel",
        0,
        "gpgpu_n_tot_w_icount",
    ): 1107392.0,
    (
        "final_kernel",
        0,
        "l2_bandwidth_gbps",
    ): 4.5663,
    (
        "final_kernel",
        0,
        "kernel_launch_uid",
    ): 6.0,
    (
        "final_kernel",
        0,
        "gpgpu_silicon_slowdown",
    ): 2049744.0,
    (
        "final_kernel",
        0,
        "total_core_cache_write_hit",
    ): 0.0,
    (
        "final_kernel",
        0,
        "l2_cache_read_miss",
    ): 0.0,
    (
        "final_kernel",
        0,
        "gpu_tot_sim_cycle",
    ): 42365.0,
    (
        "final_kernel",
        0,
        "gpu_ipc",
    ): 1002.659,
    (
        "final_kernel",
        0,
        "gpu_total_instructions",
    ): 34325760.0,
    (
        "final_kernel",
        0,
        "l2_cache_write_total",
    ): 4736.0,
    (
        "final_kernel",
        0,
        "total_core_cache_read_mshr_hit",
    ): 0.0,
    (
        "final_kernel",
        0,
        "total_dram_reads",
    ): 7792.0,
    (
        "final_kernel",
        0,
        "l2_cache_write_miss",
    ): 1936.0,
}
done in 34.006283ms: 315.43 KiB parsed (16.00 EiB/s)
