options: Options {
    input: "/benchrun/accelsim-sass/vectoradd/sm86_a6000/input-1000000/results/log.txt",
    output: "/benchrun/accelsim-sass/vectoradd/sm86_a6000/input-1000000/results/stats.csv",
    per_kernel: false,
    kernel_instance: false,
    configs_as_rows: false,
    config_list: None,
    benchmark_list: None,
    sim_name: None,
    strict: false,
}
GPGPU-sim version: Some("accelsim-commit-e02c99dbadefc0b9dc95317100be2a446eec142c_modified_0.0")
stats: {
    (
        "final_kernel",
        0,
        "l2_cache_read_total",
    ): 500000.0,
    (
        "final_kernel",
        0,
        "gpgpu_simulation_time_sec",
    ): 400.0,
    (
        "final_kernel",
        0,
        "total_core_cache_write_total",
    ): 250000.0,
    (
        "final_kernel",
        0,
        "gpu_occupancy",
    ): 52.7353,
    (
        "final_kernel",
        0,
        "total_core_cache_write_hit",
    ): 0.0,
    (
        "final_kernel",
        0,
        "gpgpu_silicon_slowdown",
    ): 4075144.0,
    (
        "final_kernel",
        0,
        "l2_bandwidth_gbps",
    ): 244.0731,
    (
        "final_kernel",
        0,
        "total_dram_reads",
    ): 500000.0,
    (
        "final_kernel",
        0,
        "gpu_tot_sim_cycle",
    ): 138647.0,
    (
        "final_kernel",
        0,
        "l2_cache_write_total",
    ): 250000.0,
    (
        "final_kernel",
        0,
        "l2_cache_write_hit",
    ): 0.0,
    (
        "final_kernel",
        0,
        "l2_cache_read_hit",
    ): 0.0,
    (
        "final_kernel",
        0,
        "total_core_cache_read_mshr_hit",
    ): 0.0,
    (
        "final_kernel",
        0,
        "gpgpu_n_tot_w_icount",
    ): 718876.0,
    (
        "final_kernel",
        0,
        "total_core_cache_read_hit",
    ): 0.0,
    (
        "final_kernel",
        0,
        "gpu_total_instructions",
    ): 22004032.0,
    (
        "final_kernel",
        0,
        "kernel_launch_uid",
    ): 1.0,
    (
        "final_kernel",
        0,
        "total_core_cache_read_total",
    ): 500000.0,
    (
        "final_kernel",
        0,
        "gpu_ipc",
    ): 158.7054,
    (
        "final_kernel",
        0,
        "l2_cache_write_miss",
    ): 62500.0,
    (
        "final_kernel",
        0,
        "gpgpu_simulation_rate",
    ): 346.0,
    (
        "final_kernel",
        0,
        "gpu_tot_ipc",
    ): 158.7054,
    (
        "final_kernel",
        0,
        "total_dram_writes",
    ): 179884.0,
    (
        "final_kernel",
        0,
        "l2_cache_read_miss",
    ): 125000.0,
}
done in 13.454713ms: 181.58 KiB parsed (16.00 EiB/s)
