Arguments: macsim --out=/benchrun/macsim/cuda4-matrixmul/sm86_a6000/input-128/results/stats 
src/macsim.cc:122: (I=0  C=0):  initialize knobs
number of cores : 84
src/macsim.cc:537: (I=0  C=0):  initialize simulation
src/macsim.cc:323: (I=0  C=0):  initialize cores (0/0/84)
src/memory.cc:1568: (I=0  C=0):  Memory system(l2_decoupled_network) has been initialized.
src/network_simple.cc:92: (I=0  C=0):  TOTAL_ROUTER:103 CPU:0 GPU:84 L3:1 LLC:6 MC:12
enabling bug detector
src/macsim.cc:750: (I=0  C=0):  Initializing new noc

src/macsim.cc:838: (I=0  C=0):  Clock LCM           : 280
src/macsim.cc:839: (I=0  C=0):  CPU clock frequency : 1 GHz
src/macsim.cc:840: (I=0  C=0):  GPU clock frequency : 1.41 GHz
src/macsim.cc:841: (I=0  C=0):  LLC clock frequency : 1.41 GHz
src/macsim.cc:842: (I=0  C=0):  NOC clock frequency : 1.41 GHz
src/macsim.cc:843: (I=0  C=0):  MC  clock frequency : 4 GHz
src/process_manager.cc:434: (I=0  C=0):  setup_process:0 /benchrun/macsim/cuda4-matrixmul/sm86_a6000/input-128/results/traces/_Z8mult_gpuPfS_S_ii_0/Trace.txt current_index:0 (1)
trace:/benchrun/macsim/cuda4-matrixmul/sm86_a6000/input-128/results/traces/_Z8mult_gpuPfS_S_ii_0/Trace.txt is opened 
src/process_manager.cc:541: (I=0  C=0):  thread_count:512
**Core 01 Thread 13 Finished:   insts:495         cycles:20861      (417200)  seconds:11    -- 0.02 IPC (0.02 IPC) --  N/A  KHz (0.04 KHz) 
**Core 05 Thread 17 Finished:   insts:495         cycles:20868      (417340)  seconds:11    -- 0.02 IPC (0.02 IPC) --  N/A  KHz (0.04 KHz) 
**Core 05 Thread 16 Finished:   insts:495         cycles:20872      (417420)  seconds:11    -- 0.02 IPC (0.02 IPC) --  N/A  KHz (0.04 KHz) 
**Core 09 Thread 16 Finished:   insts:495         cycles:20872      (417420)  seconds:11    -- 0.02 IPC (0.02 IPC) --  N/A  KHz (0.04 KHz) 
**Core 01 Thread 15 Finished:   insts:495         cycles:20874      (417460)  seconds:11    -- 0.02 IPC (0.02 IPC) --  N/A  KHz (0.04 KHz) 
**Core 09 Thread 17 Finished:   insts:495         cycles:20874      (417460)  seconds:11    -- 0.02 IPC (0.02 IPC) --  N/A  KHz (0.04 KHz) 
**Core 05 Thread 21 Finished:   insts:495         cycles:20879      (417560)  seconds:11    -- 0.02 IPC (0.02 IPC) --  N/A  KHz (0.04 KHz) 
**Core 03 Thread 24 Finished:   insts:495         cycles:20886      (417700)  seconds:11    -- 0.02 IPC (0.02 IPC) --  N/A  KHz (0.04 KHz) 
**Core 07 Thread 12 Finished:   insts:495         cycles:20886      (417700)  seconds:11    -- 0.02 IPC (0.02 IPC) --  N/A  KHz (0.04 KHz) 
**Core 09 Thread 21 Finished:   insts:495         cycles:20886      (417700)  seconds:11    -- 0.02 IPC (0.02 IPC) --  N/A  KHz (0.04 KHz) 
**Core 15 Thread 28 Finished:   insts:495         cycles:20886      (417700)  seconds:11    -- 0.02 IPC (0.02 IPC) --  N/A  KHz (0.04 KHz) 
**Core 07 Thread 10 Finished:   insts:495         cycles:20889      (417760)  seconds:11    -- 0.02 IPC (0.02 IPC) --  N/A  KHz (0.04 KHz) 
**Core 05 Thread 19 Finished:   insts:495         cycles:20892      (417820)  seconds:11    -- 0.02 IPC (0.02 IPC) --  N/A  KHz (0.04 KHz) 
**Core 02 Thread 03 Finished:   insts:495         cycles:20894      (417860)  seconds:11    -- 0.02 IPC (0.02 IPC) --  N/A  KHz (0.04 KHz) 
**Core 13 Thread 05 Finished:   insts:495         cycles:20897      (417920)  seconds:11    -- 0.02 IPC (0.02 IPC) --  N/A  KHz (0.04 KHz) 
**Core 00 Thread 30 Finished:   insts:495         cycles:20902      (418020)  seconds:11    -- 0.02 IPC (0.02 IPC) --  N/A  KHz (0.04 KHz) 
**Core 05 Thread 22 Finished:   insts:495         cycles:20902      (418020)  seconds:11    -- 0.02 IPC (0.02 IPC) --  N/A  KHz (0.04 KHz) 
**Core 02 Thread 05 Finished:   insts:495         cycles:20904      (418060)  seconds:11    -- 0.02 IPC (0.02 IPC) --  N/A  KHz (0.04 KHz) 
**Core 13 Thread 08 Finished:   insts:495         cycles:20907      (418120)  seconds:11    -- 0.02 IPC (0.02 IPC) --  N/A  KHz (0.04 KHz) 
**Core 03 Thread 29 Finished:   insts:495         cycles:20912      (418220)  seconds:11    -- 0.02 IPC (0.02 IPC) --  N/A  KHz (0.04 KHz) 
**Core 04 Thread 20 Finished:   insts:495         cycles:20913      (418240)  seconds:11    -- 0.02 IPC (0.02 IPC) --  N/A  KHz (0.04 KHz) 
**Core 03 Thread 22 Finished:   insts:495         cycles:20915      (418280)  seconds:11    -- 0.02 IPC (0.02 IPC) --  N/A  KHz (0.04 KHz) 
**Core 09 Thread 19 Finished:   insts:495         cycles:20919      (418360)  seconds:11    -- 0.02 IPC (0.02 IPC) --  N/A  KHz (0.04 KHz) 
**Core 15 Thread 26 Finished:   insts:495         cycles:20919      (418360)  seconds:11    -- 0.02 IPC (0.02 IPC) --  N/A  KHz (0.04 KHz) 
**Core 03 Thread 31 Finished:   insts:495         cycles:20922      (418420)  seconds:11    -- 0.02 IPC (0.02 IPC) --  N/A  KHz (0.04 KHz) 
**Core 04 Thread 24 Finished:   insts:495         cycles:20925      (418480)  seconds:11    -- 0.02 IPC (0.02 IPC) --  N/A  KHz (0.04 KHz) 
**Core 03 Thread 26 Finished:   insts:495         cycles:20928      (418540)  seconds:11    -- 0.02 IPC (0.02 IPC) --  N/A  KHz (0.04 KHz) 
**Core 12 Thread 16 Finished:   insts:495         cycles:20929      (418560)  seconds:11    -- 0.02 IPC (0.02 IPC) --  N/A  KHz (0.04 KHz) 
**Core 09 Thread 22 Finished:   insts:495         cycles:20930      (418580)  seconds:11    -- 0.02 IPC (0.02 IPC) --  N/A  KHz (0.04 KHz) 
**Core 00 Thread 31 Finished:   insts:495         cycles:20933      (418640)  seconds:11    -- 0.02 IPC (0.02 IPC) --  N/A  KHz (0.04 KHz) 
**Core 05 Thread 18 Finished:   insts:495         cycles:20935      (418680)  seconds:11    -- 0.02 IPC (0.02 IPC) --  N/A  KHz (0.04 KHz) 
**Core 00 Thread 28 Finished:   insts:495         cycles:20938      (418740)  seconds:11    -- 0.02 IPC (0.02 IPC) --  N/A  KHz (0.04 KHz) 
**Core 12 Thread 20 Finished:   insts:495         cycles:20939      (418760)  seconds:11    -- 0.02 IPC (0.02 IPC) --  N/A  KHz (0.04 KHz) 
**Core 13 Thread 06 Finished:   insts:495         cycles:20941      (418800)  seconds:11    -- 0.02 IPC (0.02 IPC) --  N/A  KHz (0.04 KHz) 
**Core 01 Thread 31 Finished:   insts:495         cycles:20943      (418840)  seconds:11    -- 0.02 IPC (0.02 IPC) --  N/A  KHz (0.04 KHz) 
**Core 15 Thread 30 Finished:   insts:495         cycles:20944      (418860)  seconds:11    -- 0.02 IPC (0.02 IPC) --  N/A  KHz (0.04 KHz) 
**Core 05 Thread 23 Finished:   insts:495         cycles:20948      (418940)  seconds:11    -- 0.02 IPC (0.02 IPC) --  N/A  KHz (0.04 KHz) 
**Core 00 Thread 25 Finished:   insts:495         cycles:20949      (418960)  seconds:11    -- 0.02 IPC (0.02 IPC) --  N/A  KHz (0.04 KHz) 
**Core 13 Thread 10 Finished:   insts:495         cycles:20953      (419040)  seconds:11    -- 0.02 IPC (0.02 IPC) --  N/A  KHz (0.04 KHz) 
**Core 14 Thread 20 Finished:   insts:495         cycles:20955      (419080)  seconds:11    -- 0.02 IPC (0.02 IPC) --  N/A  KHz (0.04 KHz) 
**Core 07 Thread 11 Finished:   insts:495         cycles:20956      (419100)  seconds:11    -- 0.02 IPC (0.02 IPC) --  N/A  KHz (0.04 KHz) 
**Core 11 Thread 04 Finished:   insts:495         cycles:20958      (419140)  seconds:11    -- 0.02 IPC (0.02 IPC) --  N/A  KHz (0.04 KHz) 
**Core 01 Thread 12 Finished:   insts:495         cycles:20960      (419180)  seconds:11    -- 0.02 IPC (0.02 IPC) --  N/A  KHz (0.04 KHz) 
**Core 13 Thread 11 Finished:   insts:495         cycles:20964      (419260)  seconds:11    -- 0.02 IPC (0.02 IPC) --  N/A  KHz (0.04 KHz) 
**Core 01 Thread 30 Finished:   insts:495         cycles:20966      (419300)  seconds:11    -- 0.02 IPC (0.02 IPC) --  N/A  KHz (0.04 KHz) 
**Core 14 Thread 28 Finished:   insts:495         cycles:20966      (419300)  seconds:11    -- 0.02 IPC (0.02 IPC) --  N/A  KHz (0.04 KHz) 
**Core 07 Thread 20 Finished:   insts:495         cycles:20970      (419380)  seconds:11    -- 0.02 IPC (0.02 IPC) --  N/A  KHz (0.04 KHz) 
**Core 03 Thread 27 Finished:   insts:495         cycles:20971      (419400)  seconds:11    -- 0.02 IPC (0.02 IPC) --  N/A  KHz (0.04 KHz) 
**Core 11 Thread 28 Finished:   insts:495         cycles:20975      (419480)  seconds:11    -- 0.02 IPC (0.02 IPC) --  N/A  KHz (0.04 KHz) 
**Core 01 Thread 29 Finished:   insts:495         cycles:20979      (419560)  seconds:11    -- 0.02 IPC (0.02 IPC) --  N/A  KHz (0.04 KHz) 
**Core 04 Thread 19 Finished:   insts:495         cycles:20980      (419580)  seconds:11    -- 0.02 IPC (0.02 IPC) --  N/A  KHz (0.04 KHz) 
**Core 02 Thread 08 Finished:   insts:495         cycles:20984      (419660)  seconds:11    -- 0.02 IPC (0.02 IPC) --  N/A  KHz (0.04 KHz) 
**Core 11 Thread 26 Finished:   insts:495         cycles:20986      (419700)  seconds:11    -- 0.02 IPC (0.02 IPC) --  N/A  KHz (0.04 KHz) 
**Core 00 Thread 29 Finished:   insts:495         cycles:20989      (419760)  seconds:11    -- 0.02 IPC (0.02 IPC) --  N/A  KHz (0.04 KHz) 
**Core 13 Thread 16 Finished:   insts:495         cycles:20991      (419800)  seconds:11    -- 0.02 IPC (0.02 IPC) --  N/A  KHz (0.04 KHz) 
**Core 04 Thread 27 Finished:   insts:495         cycles:20992      (419820)  seconds:11    -- 0.02 IPC (0.02 IPC) --  N/A  KHz (0.04 KHz) 
**Core 00 Thread 23 Finished:   insts:495         cycles:20995      (419880)  seconds:11    -- 0.02 IPC (0.02 IPC) --  N/A  KHz (0.04 KHz) 
**Core 11 Thread 30 Finished:   insts:495         cycles:20997      (419920)  seconds:11    -- 0.02 IPC (0.02 IPC) --  N/A  KHz (0.04 KHz) 
**Core 02 Thread 30 Finished:   insts:495         cycles:21000      (419980)  seconds:11    -- 0.02 IPC (0.02 IPC) --  N/A  KHz (0.04 KHz) 
**Core 06 Thread 29 Finished:   insts:495         cycles:21005      (420080)  seconds:11    -- 0.02 IPC (0.02 IPC) --  N/A  KHz (0.04 KHz) 
**Core 00 Thread 01 Finished:   insts:495         cycles:21005      (420080)  seconds:11    -- 0.02 IPC (0.02 IPC) --  N/A  KHz (0.04 KHz) 
**Core 08 Thread 20 Finished:   insts:495         cycles:21010      (420180)  seconds:11    -- 0.02 IPC (0.02 IPC) --  N/A  KHz (0.04 KHz) 
**Core 02 Thread 31 Finished:   insts:495         cycles:21011      (420200)  seconds:11    -- 0.02 IPC (0.02 IPC) --  N/A  KHz (0.04 KHz) 
**Core 06 Thread 27 Finished:   insts:495         cycles:21015      (420280)  seconds:11    -- 0.02 IPC (0.02 IPC) --  N/A  KHz (0.04 KHz) 
**Core 00 Thread 27 Finished:   insts:495         cycles:21016      (420300)  seconds:11    -- 0.02 IPC (0.02 IPC) --  N/A  KHz (0.04 KHz) 
**Core 08 Thread 24 Finished:   insts:495         cycles:21020      (420380)  seconds:11    -- 0.02 IPC (0.02 IPC) --  N/A  KHz (0.04 KHz) 
**Core 03 Thread 30 Finished:   insts:495         cycles:21022      (420420)  seconds:11    -- 0.02 IPC (0.02 IPC) --  N/A  KHz (0.04 KHz) 
**Core 15 Thread 31 Finished:   insts:495         cycles:21022      (420420)  seconds:11    -- 0.02 IPC (0.02 IPC) --  N/A  KHz (0.04 KHz) 
**Core 04 Thread 25 Finished:   insts:495         cycles:21025      (420480)  seconds:11    -- 0.02 IPC (0.02 IPC) --  N/A  KHz (0.04 KHz) 
**Core 02 Thread 10 Finished:   insts:495         cycles:21027      (420520)  seconds:11    -- 0.02 IPC (0.02 IPC) --  N/A  KHz (0.04 KHz) 
**Core 12 Thread 15 Finished:   insts:495         cycles:21028      (420540)  seconds:11    -- 0.02 IPC (0.02 IPC) --  N/A  KHz (0.04 KHz) 
**Core 13 Thread 04 Finished:   insts:495         cycles:21031      (420600)  seconds:11    -- 0.02 IPC (0.02 IPC) --  N/A  KHz (0.04 KHz) 
**Core 04 Thread 03 Finished:   insts:495         cycles:21033      (420640)  seconds:11    -- 0.02 IPC (0.02 IPC) --  N/A  KHz (0.04 KHz) 
**Core 04 Thread 22 Finished:   insts:495         cycles:21037      (420720)  seconds:11    -- 0.02 IPC (0.02 IPC) --  N/A  KHz (0.04 KHz) 
**Core 12 Thread 23 Finished:   insts:495         cycles:21038      (420740)  seconds:11    -- 0.02 IPC (0.02 IPC) --  N/A  KHz (0.04 KHz) 
**Core 02 Thread 13 Finished:   insts:495         cycles:21041      (420800)  seconds:11    -- 0.02 IPC (0.02 IPC) --  N/A  KHz (0.04 KHz) 
**Core 13 Thread 07 Finished:   insts:495         cycles:21042      (420820)  seconds:11    -- 0.02 IPC (0.02 IPC) --  N/A  KHz (0.04 KHz) 
**Core 04 Thread 02 Finished:   insts:495         cycles:21046      (420900)  seconds:11    -- 0.02 IPC (0.02 IPC) --  N/A  KHz (0.04 KHz) 
**Core 04 Thread 29 Finished:   insts:495         cycles:21047      (420920)  seconds:11    -- 0.02 IPC (0.02 IPC) --  N/A  KHz (0.04 KHz) 
**Core 00 Thread 03 Finished:   insts:495         cycles:21051      (421000)  seconds:11    -- 0.02 IPC (0.02 IPC) --  N/A  KHz (0.04 KHz) 
**Core 04 Thread 08 Finished:   insts:495         cycles:21056      (421100)  seconds:11    -- 0.02 IPC (0.02 IPC) --  N/A  KHz (0.04 KHz) 
**Core 11 Thread 31 Finished:   insts:495         cycles:21056      (421100)  seconds:11    -- 0.02 IPC (0.02 IPC) --  N/A  KHz (0.04 KHz) 
**Core 14 Thread 21 Finished:   insts:495         cycles:21058      (421140)  seconds:11    -- 0.02 IPC (0.02 IPC) --  N/A  KHz (0.04 KHz) 
**Core 01 Thread 16 Finished:   insts:495         cycles:21061      (421200)  seconds:11    -- 0.02 IPC (0.02 IPC) --  N/A  KHz (0.04 KHz) 
**Core 04 Thread 30 Finished:   insts:495         cycles:21061      (421200)  seconds:11    -- 0.02 IPC (0.02 IPC) --  N/A  KHz (0.04 KHz) 
**Core 04 Thread 07 Finished:   insts:495         cycles:21067      (421320)  seconds:11    -- 0.02 IPC (0.02 IPC) --  N/A  KHz (0.04 KHz) 
**Core 09 Thread 18 Finished:   insts:495         cycles:21067      (421320)  seconds:11    -- 0.02 IPC (0.02 IPC) --  N/A  KHz (0.04 KHz) 
**Core 14 Thread 26 Finished:   insts:495         cycles:21069      (421360)  seconds:11    -- 0.02 IPC (0.02 IPC) --  N/A  KHz (0.04 KHz) 
**Core 02 Thread 15 Finished:   insts:495         cycles:21072      (421420)  seconds:11    -- 0.02 IPC (0.02 IPC) --  N/A  KHz (0.04 KHz) 
**Core 04 Thread 15 Finished:   insts:495         cycles:21072      (421420)  seconds:11    -- 0.02 IPC (0.02 IPC) --  N/A  KHz (0.04 KHz) 
**Core 09 Thread 23 Finished:   insts:495         cycles:21077      (421520)  seconds:11    -- 0.02 IPC (0.02 IPC) --  N/A  KHz (0.04 KHz) 
**Core 04 Thread 12 Finished:   insts:495         cycles:21078      (421540)  seconds:11    -- 0.02 IPC (0.02 IPC) --  N/A  KHz (0.04 KHz) 
**Core 04 Thread 26 Finished:   insts:495         cycles:21082      (421620)  seconds:11    -- 0.02 IPC (0.02 IPC) --  N/A  KHz (0.04 KHz) 
**Core 00 Thread 07 Finished:   insts:495         cycles:21083      (421640)  seconds:11    -- 0.02 IPC (0.02 IPC) --  N/A  KHz (0.04 KHz) 
**Core 08 Thread 19 Finished:   insts:495         cycles:21087      (421720)  seconds:11    -- 0.02 IPC (0.02 IPC) --  N/A  KHz (0.04 KHz) 
**Core 12 Thread 28 Finished:   insts:495         cycles:21089      (421760)  seconds:11    -- 0.02 IPC (0.02 IPC) --  N/A  KHz (0.04 KHz) 
**Core 04 Thread 05 Finished:   insts:495         cycles:21089      (421760)  seconds:11    -- 0.02 IPC (0.02 IPC) --  N/A  KHz (0.04 KHz) 
**Core 04 Thread 23 Finished:   insts:495         cycles:21092      (421820)  seconds:11    -- 0.02 IPC (0.02 IPC) --  N/A  KHz (0.04 KHz) 
**Core 12 Thread 31 Finished:   insts:495         cycles:21094      (421860)  seconds:11    -- 0.02 IPC (0.02 IPC) --  N/A  KHz (0.04 KHz) 
**Core 00 Thread 08 Finished:   insts:495         cycles:21095      (421880)  seconds:11    -- 0.02 IPC (0.02 IPC) --  N/A  KHz (0.04 KHz) 
**Core 08 Thread 27 Finished:   insts:495         cycles:21098      (421940)  seconds:11    -- 0.02 IPC (0.02 IPC) --  N/A  KHz (0.04 KHz) 
**Core 04 Thread 10 Finished:   insts:495         cycles:21100      (421980)  seconds:11    -- 0.02 IPC (0.02 IPC) --  N/A  KHz (0.04 KHz) 
**Core 12 Thread 21 Finished:   insts:495         cycles:21100      (421980)  seconds:11    -- 0.02 IPC (0.02 IPC) --  N/A  KHz (0.04 KHz) 
**Core 04 Thread 17 Finished:   insts:495         cycles:21103      (422040)  seconds:11    -- 0.02 IPC (0.02 IPC) --  N/A  KHz (0.04 KHz) 
**Core 12 Thread 30 Finished:   insts:495         cycles:21105      (422080)  seconds:11    -- 0.02 IPC (0.02 IPC) --  N/A  KHz (0.04 KHz) 
**Core 00 Thread 05 Finished:   insts:495         cycles:21108      (422140)  seconds:11    -- 0.02 IPC (0.02 IPC) --  N/A  KHz (0.04 KHz) 
**Core 13 Thread 09 Finished:   insts:495         cycles:21109      (422160)  seconds:11    -- 0.02 IPC (0.02 IPC) --  N/A  KHz (0.04 KHz) 
**Core 12 Thread 18 Finished:   insts:495         cycles:21111      (422200)  seconds:11    -- 0.02 IPC (0.02 IPC) --  N/A  KHz (0.04 KHz) 
**Core 04 Thread 04 Finished:   insts:495         cycles:21113      (422240)  seconds:11    -- 0.02 IPC (0.02 IPC) --  N/A  KHz (0.04 KHz) 
**Core 04 Thread 28 Finished:   insts:495         cycles:21115      (422280)  seconds:11    -- 0.02 IPC (0.02 IPC) --  N/A  KHz (0.04 KHz) 
**Core 12 Thread 29 Finished:   insts:495         cycles:21116      (422300)  seconds:11    -- 0.02 IPC (0.02 IPC) --  N/A  KHz (0.04 KHz) 
**Core 03 Thread 04 Finished:   insts:495         cycles:21118      (422340)  seconds:11    -- 0.02 IPC (0.02 IPC) --  N/A  KHz (0.04 KHz) 
**Core 10 Thread 24 Finished:   insts:495         cycles:21120      (422380)  seconds:11    -- 0.02 IPC (0.02 IPC) --  N/A  KHz (0.04 KHz) 
**Core 04 Thread 01 Finished:   insts:495         cycles:21123      (422440)  seconds:11    -- 0.02 IPC (0.02 IPC) --  N/A  KHz (0.04 KHz) 
**Core 12 Thread 25 Finished:   insts:495         cycles:21123      (422440)  seconds:11    -- 0.02 IPC (0.02 IPC) --  N/A  KHz (0.04 KHz) 
**Core 04 Thread 31 Finished:   insts:495         cycles:21126      (422500)  seconds:11    -- 0.02 IPC (0.02 IPC) --  N/A  KHz (0.04 KHz) 
**Core 00 Thread 12 Finished:   insts:495         cycles:21128      (422540)  seconds:11    -- 0.02 IPC (0.02 IPC) --  N/A  KHz (0.04 KHz) 
**Core 13 Thread 30 Finished:   insts:495         cycles:21128      (422540)  seconds:11    -- 0.02 IPC (0.02 IPC) --  N/A  KHz (0.04 KHz) 
**Core 10 Thread 28 Finished:   insts:495         cycles:21131      (422600)  seconds:11    -- 0.02 IPC (0.02 IPC) --  N/A  KHz (0.04 KHz) 
**Core 12 Thread 26 Finished:   insts:495         cycles:21132      (422620)  seconds:11    -- 0.02 IPC (0.02 IPC) --  N/A  KHz (0.04 KHz) 
**Core 04 Thread 09 Finished:   insts:495         cycles:21133      (422640)  seconds:11    -- 0.02 IPC (0.02 IPC) --  N/A  KHz (0.04 KHz) 
**Core 04 Thread 14 Finished:   insts:495         cycles:21136      (422700)  seconds:11    -- 0.02 IPC (0.02 IPC) --  N/A  KHz (0.04 KHz) 
**Core 01 Thread 14 Finished:   insts:495         cycles:21138      (422740)  seconds:11    -- 0.02 IPC (0.02 IPC) --  N/A  KHz (0.04 KHz) 
**Core 13 Thread 31 Finished:   insts:495         cycles:21138      (422740)  seconds:11    -- 0.02 IPC (0.02 IPC) --  N/A  KHz (0.04 KHz) 
**Core 08 Thread 25 Finished:   insts:495         cycles:21142      (422820)  seconds:11    -- 0.02 IPC (0.02 IPC) --  N/A  KHz (0.04 KHz) 
**Core 04 Thread 06 Finished:   insts:495         cycles:21144      (422860)  seconds:11    -- 0.02 IPC (0.02 IPC) --  N/A  KHz (0.04 KHz) 
**Core 13 Thread 15 Finished:   insts:495         cycles:21144      (422860)  seconds:11    -- 0.02 IPC (0.02 IPC) --  N/A  KHz (0.04 KHz) 
**Core 04 Thread 13 Finished:   insts:495         cycles:21147      (422920)  seconds:11    -- 0.02 IPC (0.02 IPC) --  N/A  KHz (0.04 KHz) 
**Core 13 Thread 29 Finished:   insts:495         cycles:21149      (422960)  seconds:11    -- 0.02 IPC (0.02 IPC) --  N/A  KHz (0.04 KHz) 
**Core 02 Thread 20 Finished:   insts:495         cycles:21150      (422980)  seconds:11    -- 0.02 IPC (0.02 IPC) --  N/A  KHz (0.04 KHz) 
**Core 08 Thread 22 Finished:   insts:495         cycles:21153      (423040)  seconds:11    -- 0.02 IPC (0.02 IPC) --  N/A  KHz (0.04 KHz) 
**Core 13 Thread 20 Finished:   insts:495         cycles:21154      (423060)  seconds:11    -- 0.02 IPC (0.02 IPC) --  N/A  KHz (0.04 KHz) 
**Core 04 Thread 11 Finished:   insts:495         cycles:21155      (423080)  seconds:11    -- 0.02 IPC (0.02 IPC) --  N/A  KHz (0.04 KHz) 
**Core 04 Thread 16 Finished:   insts:495         cycles:21158      (423140)  seconds:11    -- 0.02 IPC (0.02 IPC) --  N/A  KHz (0.04 KHz) 
**Core 14 Thread 30 Finished:   insts:495         cycles:21160      (423180)  seconds:11    -- 0.02 IPC (0.02 IPC) --  N/A  KHz (0.04 KHz) 
**Core 02 Thread 23 Finished:   insts:495         cycles:21161      (423200)  seconds:11    -- 0.02 IPC (0.02 IPC) --  N/A  KHz (0.04 KHz) 
**Core 08 Thread 29 Finished:   insts:495         cycles:21164      (423260)  seconds:11    -- 0.02 IPC (0.02 IPC) --  N/A  KHz (0.04 KHz) 
**Core 02 Thread 29 Finished:   insts:495         cycles:21166      (423300)  seconds:11    -- 0.02 IPC (0.02 IPC) --  N/A  KHz (0.04 KHz) 
**Core 12 Thread 22 Finished:   insts:495         cycles:21166      (423300)  seconds:11    -- 0.02 IPC (0.02 IPC) --  N/A  KHz (0.04 KHz) 
**Core 04 Thread 21 Finished:   insts:495         cycles:21170      (423380)  seconds:11    -- 0.02 IPC (0.02 IPC) --  N/A  KHz (0.04 KHz) 
**Core 14 Thread 31 Finished:   insts:495         cycles:21171      (423400)  seconds:11    -- 0.02 IPC (0.02 IPC) --  N/A  KHz (0.04 KHz) 
**Core 01 Thread 21 Finished:   insts:495         cycles:21172      (423420)  seconds:11    -- 0.02 IPC (0.02 IPC) --  N/A  KHz (0.04 KHz) 
**Core 08 Thread 30 Finished:   insts:495         cycles:21175      (423480)  seconds:11    -- 0.02 IPC (0.02 IPC) --  N/A  KHz (0.04 KHz) 
**Core 12 Thread 19 Finished:   insts:495         cycles:21177      (423520)  seconds:11    -- 0.02 IPC (0.02 IPC) --  N/A  KHz (0.04 KHz) 
**Core 05 Thread 05 Finished:   insts:495         cycles:21178      (423540)  seconds:11    -- 0.02 IPC (0.02 IPC) --  N/A  KHz (0.04 KHz) 
**Core 04 Thread 18 Finished:   insts:495         cycles:21181      (423600)  seconds:11    -- 0.02 IPC (0.02 IPC) --  N/A  KHz (0.04 KHz) 
**Core 14 Thread 29 Finished:   insts:495         cycles:21182      (423620)  seconds:11    -- 0.02 IPC (0.02 IPC) --  N/A  KHz (0.04 KHz) 
**Core 01 Thread 18 Finished:   insts:495         cycles:21183      (423640)  seconds:11    -- 0.02 IPC (0.02 IPC) --  N/A  KHz (0.04 KHz) 
**Core 15 Thread 04 Finished:   insts:495         cycles:21186      (423700)  seconds:11    -- 0.02 IPC (0.02 IPC) --  N/A  KHz (0.04 KHz) 
**Core 12 Thread 13 Finished:   insts:495         cycles:21188      (423740)  seconds:11    -- 0.02 IPC (0.02 IPC) --  N/A  KHz (0.04 KHz) 
**Core 05 Thread 04 Finished:   insts:495         cycles:21189      (423760)  seconds:11    -- 0.02 IPC (0.02 IPC) --  N/A  KHz (0.04 KHz) 
**Core 05 Thread 20 Finished:   insts:495         cycles:21192      (423820)  seconds:11    -- 0.02 IPC (0.02 IPC) --  N/A  KHz (0.04 KHz) 
**Core 03 Thread 02 Finished:   insts:495         cycles:21194      (423860)  seconds:11    -- 0.02 IPC (0.02 IPC) --  N/A  KHz (0.04 KHz) 
**Core 15 Thread 29 Finished:   insts:495         cycles:21194      (423860)  seconds:11    -- 0.02 IPC (0.02 IPC) --  N/A  KHz (0.04 KHz) 
**Core 08 Thread 15 Finished:   insts:495         cycles:21198      (423940)  seconds:11    -- 0.02 IPC (0.02 IPC) --  N/A  KHz (0.04 KHz) 
**Core 12 Thread 24 Finished:   insts:495         cycles:21199      (423960)  seconds:11    -- 0.02 IPC (0.02 IPC) --  N/A  KHz (0.04 KHz) 
**Core 05 Thread 09 Finished:   insts:495         cycles:21200      (423980)  seconds:11    -- 0.02 IPC (0.02 IPC) --  N/A  KHz (0.04 KHz) 
**Core 05 Thread 27 Finished:   insts:495         cycles:21203      (424040)  seconds:11    -- 0.02 IPC (0.02 IPC) --  N/A  KHz (0.04 KHz) 
**Core 02 Thread 18 Finished:   insts:495         cycles:21206      (424100)  seconds:11    -- 0.02 IPC (0.02 IPC) --  N/A  KHz (0.04 KHz) 
**Core 08 Thread 26 Finished:   insts:495         cycles:21209      (424160)  seconds:11    -- 0.02 IPC (0.02 IPC) --  N/A  KHz (0.04 KHz) 
**Core 12 Thread 27 Finished:   insts:495         cycles:21209      (424160)  seconds:11    -- 0.02 IPC (0.02 IPC) --  N/A  KHz (0.04 KHz) 
**Core 05 Thread 02 Finished:   insts:495         cycles:21211      (424200)  seconds:11    -- 0.02 IPC (0.02 IPC) --  N/A  KHz (0.04 KHz) 
**Core 05 Thread 26 Finished:   insts:495         cycles:21214      (424260)  seconds:11    -- 0.02 IPC (0.02 IPC) --  N/A  KHz (0.04 KHz) 
**Core 00 Thread 10 Finished:   insts:495         cycles:21217      (424320)  seconds:11    -- 0.02 IPC (0.02 IPC) --  N/A  KHz (0.04 KHz) 
**Core 12 Thread 17 Finished:   insts:495         cycles:21219      (424360)  seconds:11    -- 0.02 IPC (0.02 IPC) --  N/A  KHz (0.04 KHz) 
**Core 08 Thread 23 Finished:   insts:495         cycles:21220      (424380)  seconds:11    -- 0.02 IPC (0.02 IPC) --  N/A  KHz (0.04 KHz) 
**Core 05 Thread 07 Finished:   insts:495         cycles:21222      (424420)  seconds:11    -- 0.02 IPC (0.02 IPC) --  N/A  KHz (0.04 KHz) 
**Core 05 Thread 31 Finished:   insts:495         cycles:21226      (424500)  seconds:11    -- 0.02 IPC (0.02 IPC) --  N/A  KHz (0.04 KHz) 
**Core 01 Thread 28 Finished:   insts:495         cycles:21228      (424540)  seconds:11    -- 0.02 IPC (0.02 IPC) --  N/A  KHz (0.04 KHz) 
**Core 12 Thread 14 Finished:   insts:495         cycles:21229      (424560)  seconds:11    -- 0.02 IPC (0.02 IPC) --  N/A  KHz (0.04 KHz) 
**Core 08 Thread 17 Finished:   insts:495         cycles:21231      (424600)  seconds:11    -- 0.02 IPC (0.02 IPC) --  N/A  KHz (0.04 KHz) 
**Core 05 Thread 03 Finished:   insts:495         cycles:21234      (424660)  seconds:11    -- 0.02 IPC (0.02 IPC) --  N/A  KHz (0.04 KHz) 
**Core 11 Thread 08 Finished:   insts:495         cycles:21237      (424720)  seconds:11    -- 0.02 IPC (0.02 IPC) --  N/A  KHz (0.04 KHz) 
**Core 13 Thread 21 Finished:   insts:495         cycles:21238      (424740)  seconds:11    -- 0.02 IPC (0.02 IPC) --  N/A  KHz (0.04 KHz) 
**Core 03 Thread 05 Finished:   insts:495         cycles:21239      (424760)  seconds:11    -- 0.02 IPC (0.02 IPC) --  N/A  KHz (0.04 KHz) 
**Core 08 Thread 28 Finished:   insts:495         cycles:21242      (424820)  seconds:11    -- 0.02 IPC (0.02 IPC) --  N/A  KHz (0.04 KHz) 
**Core 05 Thread 08 Finished:   insts:495         cycles:21245      (424880)  seconds:11    -- 0.02 IPC (0.02 IPC) --  N/A  KHz (0.04 KHz) 
**Core 11 Thread 01 Finished:   insts:495         cycles:21248      (424940)  seconds:11    -- 0.02 IPC (0.02 IPC) --  N/A  KHz (0.04 KHz) 
**Core 13 Thread 25 Finished:   insts:495         cycles:21248      (424940)  seconds:11    -- 0.02 IPC (0.02 IPC) --  N/A  KHz (0.04 KHz) 
**Core 03 Thread 07 Finished:   insts:495         cycles:21250      (424980)  seconds:11    -- 0.02 IPC (0.02 IPC) --  N/A  KHz (0.04 KHz) 
**Core 08 Thread 31 Finished:   insts:495         cycles:21254      (425060)  seconds:11    -- 0.02 IPC (0.02 IPC) --  N/A  KHz (0.04 KHz) 
**Core 05 Thread 10 Finished:   insts:495         cycles:21256      (425100)  seconds:11    -- 0.02 IPC (0.02 IPC) --  N/A  KHz (0.04 KHz) 
**Core 13 Thread 26 Finished:   insts:495         cycles:21258      (425140)  seconds:11    -- 0.02 IPC (0.02 IPC) --  N/A  KHz (0.04 KHz) 
**Core 05 Thread 14 Finished:   insts:495         cycles:21259      (425160)  seconds:11    -- 0.02 IPC (0.02 IPC) --  N/A  KHz (0.04 KHz) 
**Core 00 Thread 13 Finished:   insts:495         cycles:21262      (425220)  seconds:11    -- 0.02 IPC (0.02 IPC) --  N/A  KHz (0.04 KHz) 
**Core 09 Thread 20 Finished:   insts:495         cycles:21265      (425280)  seconds:11    -- 0.02 IPC (0.02 IPC) --  N/A  KHz (0.04 KHz) 
**Core 05 Thread 12 Finished:   insts:495         cycles:21267      (425320)  seconds:11    -- 0.02 IPC (0.02 IPC) --  N/A  KHz (0.04 KHz) 
**Core 13 Thread 13 Finished:   insts:495         cycles:21268      (425340)  seconds:11    -- 0.02 IPC (0.02 IPC) --  N/A  KHz (0.04 KHz) 
**Core 05 Thread 24 Finished:   insts:495         cycles:21270      (425380)  seconds:11    -- 0.02 IPC (0.02 IPC) --  N/A  KHz (0.04 KHz) 
**Core 01 Thread 23 Finished:   insts:495         cycles:21273      (425440)  seconds:11    -- 0.02 IPC (0.02 IPC) --  N/A  KHz (0.04 KHz) 
**Core 09 Thread 27 Finished:   insts:495         cycles:21276      (425500)  seconds:11    -- 0.02 IPC (0.02 IPC) --  N/A  KHz (0.04 KHz) 
**Core 04 Thread 00 Finished:   insts:497         cycles:21278      (425540)  seconds:11    -- 0.02 IPC (0.02 IPC) --  N/A  KHz (0.05 KHz) 
**Core 04 Core_Total  Finished:   insts:15842       cycles:21278      (425540) seconds:11    -- 0.74 IPC (0.74 IPC) --  N/A  KHz (1.44 KHz)
**Core 13 Thread 18 Finished:   insts:495         cycles:21278      (425540)  seconds:11    -- 0.02 IPC (0.02 IPC) --  N/A  KHz (0.04 KHz) 
**Core 05 Thread 25 Finished:   insts:495         cycles:21282      (425620)  seconds:11    -- 0.02 IPC (0.02 IPC) --  N/A  KHz (0.04 KHz) 
**Core 02 Thread 04 Finished:   insts:495         cycles:21284      (425660)  seconds:11    -- 0.02 IPC (0.02 IPC) --  N/A  KHz (0.04 KHz) 
**Core 08 Thread 14 Finished:   insts:495         cycles:21287      (425720)  seconds:11    -- 0.02 IPC (0.02 IPC) --  N/A  KHz (0.04 KHz) 
**Core 13 Thread 23 Finished:   insts:495         cycles:21287      (425720)  seconds:11    -- 0.02 IPC (0.02 IPC) --  N/A  KHz (0.04 KHz) 
**Core 05 Thread 01 Finished:   insts:495         cycles:21290      (425780)  seconds:11    -- 0.02 IPC (0.02 IPC) --  N/A  KHz (0.04 KHz) 
**Core 05 Thread 29 Finished:   insts:495         cycles:21293      (425840)  seconds:11    -- 0.02 IPC (0.02 IPC) --  N/A  KHz (0.04 KHz) 
**Core 02 Thread 01 Finished:   insts:495         cycles:21295      (425880)  seconds:11    -- 0.02 IPC (0.02 IPC) --  N/A  KHz (0.04 KHz) 
**Core 13 Thread 28 Finished:   insts:495         cycles:21297      (425920)  seconds:11    -- 0.02 IPC (0.02 IPC) --  N/A  KHz (0.04 KHz) 
**Core 08 Thread 13 Finished:   insts:495         cycles:21298      (425940)  seconds:11    -- 0.02 IPC (0.02 IPC) --  N/A  KHz (0.04 KHz) 
**Core 05 Thread 06 Finished:   insts:495         cycles:21301      (426000)  seconds:11    -- 0.02 IPC (0.02 IPC) --  N/A  KHz (0.04 KHz) 
**Core 05 Thread 30 Finished:   insts:495         cycles:21304      (426060)  seconds:11    -- 0.02 IPC (0.02 IPC) --  N/A  KHz (0.04 KHz) 
**Core 00 Thread 20 Finished:   insts:495         cycles:21306      (426100)  seconds:11    -- 0.02 IPC (0.02 IPC) --  N/A  KHz (0.04 KHz) 
**Core 13 Thread 14 Finished:   insts:495         cycles:21307      (426120)  seconds:11    -- 0.02 IPC (0.02 IPC) --  N/A  KHz (0.04 KHz) 
**Core 08 Thread 16 Finished:   insts:495         cycles:21310      (426180)  seconds:11    -- 0.02 IPC (0.02 IPC) --  N/A  KHz (0.04 KHz) 
**Core 05 Thread 11 Finished:   insts:495         cycles:21312      (426220)  seconds:11    -- 0.02 IPC (0.02 IPC) --  N/A  KHz (0.04 KHz) 
**Core 05 Thread 13 Finished:   insts:495         cycles:21315      (426280)  seconds:11    -- 0.02 IPC (0.02 IPC) --  N/A  KHz (0.04 KHz) 
**Core 13 Thread 24 Finished:   insts:495         cycles:21317      (426320)  seconds:11    -- 0.02 IPC (0.02 IPC) --  N/A  KHz (0.04 KHz) 
**Core 00 Thread 15 Finished:   insts:495         cycles:21318      (426340)  seconds:11    -- 0.02 IPC (0.02 IPC) --  N/A  KHz (0.04 KHz) 
**Core 08 Thread 21 Finished:   insts:495         cycles:21321      (426400)  seconds:11    -- 0.02 IPC (0.02 IPC) --  N/A  KHz (0.04 KHz) 
**Core 05 Thread 00 Finished:   insts:497         cycles:21323      (426440)  seconds:11    -- 0.02 IPC (0.02 IPC) --  N/A  KHz (0.05 KHz) 
**Core 05 Thread 15 Finished:   insts:495         cycles:21326      (426500)  seconds:11    -- 0.02 IPC (0.02 IPC) --  N/A  KHz (0.04 KHz) 
**Core 13 Thread 19 Finished:   insts:495         cycles:21327      (426520)  seconds:11    -- 0.02 IPC (0.02 IPC) --  N/A  KHz (0.04 KHz) 
**Core 02 Thread 02 Finished:   insts:495         cycles:21329      (426560)  seconds:11    -- 0.02 IPC (0.02 IPC) --  N/A  KHz (0.04 KHz) 
**Core 08 Thread 18 Finished:   insts:495         cycles:21332      (426620)  seconds:11    -- 0.02 IPC (0.02 IPC) --  N/A  KHz (0.04 KHz) 
**Core 06 Thread 02 Finished:   insts:495         cycles:21334      (426660)  seconds:11    -- 0.02 IPC (0.02 IPC) --  N/A  KHz (0.04 KHz) 
**Core 13 Thread 22 Finished:   insts:495         cycles:21336      (426700)  seconds:11    -- 0.02 IPC (0.02 IPC) --  N/A  KHz (0.04 KHz) 
**Core 05 Thread 28 Finished:   insts:495         cycles:21338      (426740)  seconds:11    -- 0.02 IPC (0.02 IPC) --  N/A  KHz (0.04 KHz) 
**Core 05 Core_Total  Finished:   insts:15842       cycles:21338      (426740) seconds:11    -- 0.74 IPC (0.74 IPC) --  N/A  KHz (1.44 KHz)
**Core 02 Thread 07 Finished:   insts:495         cycles:21340      (426780)  seconds:11    -- 0.02 IPC (0.02 IPC) --  N/A  KHz (0.04 KHz) 
**Core 09 Thread 26 Finished:   insts:495         cycles:21343      (426840)  seconds:11    -- 0.02 IPC (0.02 IPC) --  N/A  KHz (0.04 KHz) 
**Core 13 Thread 27 Finished:   insts:495         cycles:21346      (426900)  seconds:11    -- 0.02 IPC (0.02 IPC) --  N/A  KHz (0.04 KHz) 
**Core 06 Thread 04 Finished:   insts:495         cycles:21346      (426900)  seconds:11    -- 0.02 IPC (0.02 IPC) --  N/A  KHz (0.04 KHz) 
**Core 06 Thread 31 Finished:   insts:495         cycles:21349      (426960)  seconds:11    -- 0.02 IPC (0.02 IPC) --  N/A  KHz (0.04 KHz) 
**Core 01 Thread 01 Finished:   insts:495         cycles:21351      (427000)  seconds:11    -- 0.02 IPC (0.02 IPC) --  N/A  KHz (0.04 KHz) 
**Core 09 Thread 31 Finished:   insts:495         cycles:21354      (427060)  seconds:11    -- 0.02 IPC (0.02 IPC) --  N/A  KHz (0.04 KHz) 
**Core 13 Thread 17 Finished:   insts:495         cycles:21356      (427100)  seconds:11    -- 0.02 IPC (0.02 IPC) --  N/A  KHz (0.04 KHz) 
**Core 06 Thread 05 Finished:   insts:495         cycles:21357      (427120)  seconds:11    -- 0.02 IPC (0.02 IPC) --  N/A  KHz (0.04 KHz) 
**Core 06 Thread 14 Finished:   insts:495         cycles:21360      (427180)  seconds:11    -- 0.02 IPC (0.02 IPC) --  N/A  KHz (0.04 KHz) 
**Core 00 Thread 24 Finished:   insts:495         cycles:21362      (427220)  seconds:11    -- 0.02 IPC (0.02 IPC) --  N/A  KHz (0.04 KHz) 
**Core 09 Thread 14 Finished:   insts:495         cycles:21366      (427300)  seconds:11    -- 0.02 IPC (0.02 IPC) --  N/A  KHz (0.04 KHz) 
**Core 14 Thread 23 Finished:   insts:495         cycles:21366      (427300)  seconds:11    -- 0.02 IPC (0.02 IPC) --  N/A  KHz (0.04 KHz) 
**Core 06 Thread 09 Finished:   insts:495         cycles:21368      (427340)  seconds:11    -- 0.02 IPC (0.02 IPC) --  N/A  KHz (0.04 KHz) 
**Core 06 Thread 15 Finished:   insts:495         cycles:21371      (427400)  seconds:11    -- 0.02 IPC (0.02 IPC) --  N/A  KHz (0.04 KHz) 
**Core 03 Thread 12 Finished:   insts:495         cycles:21374      (427460)  seconds:11    -- 0.02 IPC (0.02 IPC) --  N/A  KHz (0.04 KHz) 
**Core 14 Thread 25 Finished:   insts:495         cycles:21376      (427500)  seconds:11    -- 0.02 IPC (0.02 IPC) --  N/A  KHz (0.04 KHz) 
**Core 09 Thread 24 Finished:   insts:495         cycles:21377      (427520)  seconds:11    -- 0.02 IPC (0.02 IPC) --  N/A  KHz (0.04 KHz) 
**Core 06 Thread 10 Finished:   insts:495         cycles:21379      (427560)  seconds:11    -- 0.02 IPC (0.02 IPC) --  N/A  KHz (0.04 KHz) 
**Core 06 Thread 20 Finished:   insts:495         cycles:21382      (427620)  seconds:11    -- 0.02 IPC (0.02 IPC) --  N/A  KHz (0.04 KHz) 
**Core 01 Thread 26 Finished:   insts:495         cycles:21385      (427680)  seconds:11    -- 0.02 IPC (0.02 IPC) --  N/A  KHz (0.04 KHz) 
**Core 14 Thread 16 Finished:   insts:495         cycles:21385      (427680)  seconds:11    -- 0.02 IPC (0.02 IPC) --  N/A  KHz (0.04 KHz) 
**Core 09 Thread 25 Finished:   insts:495         cycles:21388      (427740)  seconds:11    -- 0.02 IPC (0.02 IPC) --  N/A  KHz (0.04 KHz) 
**Core 06 Thread 07 Finished:   insts:495         cycles:21390      (427780)  seconds:11    -- 0.02 IPC (0.02 IPC) --  N/A  KHz (0.04 KHz) 
**Core 06 Thread 28 Finished:   insts:495         cycles:21394      (427860)  seconds:11    -- 0.02 IPC (0.02 IPC) --  N/A  KHz (0.04 KHz) 
**Core 14 Thread 13 Finished:   insts:495         cycles:21395      (427880)  seconds:11    -- 0.02 IPC (0.02 IPC) --  N/A  KHz (0.04 KHz) 
**Core 00 Thread 18 Finished:   insts:495         cycles:21396      (427900)  seconds:11    -- 0.02 IPC (0.02 IPC) --  N/A  KHz (0.04 KHz) 
**Core 09 Thread 29 Finished:   insts:495         cycles:21399      (427960)  seconds:11    -- 0.02 IPC (0.02 IPC) --  N/A  KHz (0.04 KHz) 
**Core 06 Thread 12 Finished:   insts:495         cycles:21402      (428020)  seconds:11    -- 0.02 IPC (0.02 IPC) --  N/A  KHz (0.04 KHz) 
**Core 06 Thread 17 Finished:   insts:495         cycles:21405      (428080)  seconds:11    -- 0.02 IPC (0.02 IPC) --  N/A  KHz (0.04 KHz) 
**Core 14 Thread 24 Finished:   insts:495         cycles:21405      (428080)  seconds:11    -- 0.02 IPC (0.02 IPC) --  N/A  KHz (0.04 KHz) 
**Core 00 Thread 17 Finished:   insts:495         cycles:21407      (428120)  seconds:11    -- 0.02 IPC (0.02 IPC) --  N/A  KHz (0.04 KHz) 
**Core 09 Thread 30 Finished:   insts:495         cycles:21410      (428180)  seconds:11    -- 0.02 IPC (0.02 IPC) --  N/A  KHz (0.04 KHz) 
**Core 06 Thread 01 Finished:   insts:495         cycles:21413      (428240)  seconds:11    -- 0.02 IPC (0.02 IPC) --  N/A  KHz (0.04 KHz) 
**Core 14 Thread 18 Finished:   insts:495         cycles:21415      (428280)  seconds:11    -- 0.02 IPC (0.02 IPC) --  N/A  KHz (0.04 KHz) 
**Core 06 Thread 30 Finished:   insts:495         cycles:21416      (428300)  seconds:11    -- 0.02 IPC (0.02 IPC) --  N/A  KHz (0.04 KHz) 
**Core 01 Thread 04 Finished:   insts:495         cycles:21418      (428340)  seconds:11    -- 0.02 IPC (0.02 IPC) --  N/A  KHz (0.04 KHz) 
**Core 09 Thread 13 Finished:   insts:495         cycles:21422      (428420)  seconds:11    -- 0.02 IPC (0.02 IPC) --  N/A  KHz (0.04 KHz) 
**Core 06 Thread 06 Finished:   insts:495         cycles:21424      (428460)  seconds:11    -- 0.02 IPC (0.02 IPC) --  N/A  KHz (0.04 KHz) 
**Core 14 Thread 27 Finished:   insts:495         cycles:21425      (428480)  seconds:11    -- 0.02 IPC (0.02 IPC) --  N/A  KHz (0.04 KHz) 
**Core 06 Thread 24 Finished:   insts:495         cycles:21427      (428520)  seconds:11    -- 0.02 IPC (0.02 IPC) --  N/A  KHz (0.04 KHz) 
**Core 02 Thread 06 Finished:   insts:495         cycles:21430      (428580)  seconds:11    -- 0.02 IPC (0.02 IPC) --  N/A  KHz (0.04 KHz) 
**Core 09 Thread 15 Finished:   insts:495         cycles:21433      (428640)  seconds:11    -- 0.02 IPC (0.02 IPC) --  N/A  KHz (0.04 KHz) 
**Core 14 Thread 14 Finished:   insts:495         cycles:21434      (428660)  seconds:11    -- 0.02 IPC (0.02 IPC) --  N/A  KHz (0.04 KHz) 
**Core 06 Thread 03 Finished:   insts:495         cycles:21435      (428680)  seconds:11    -- 0.02 IPC (0.02 IPC) --  N/A  KHz (0.04 KHz) 
**Core 06 Thread 22 Finished:   insts:495         cycles:21438      (428740)  seconds:11    -- 0.02 IPC (0.02 IPC) --  N/A  KHz (0.04 KHz) 
**Core 02 Thread 11 Finished:   insts:495         cycles:21441      (428800)  seconds:11    -- 0.02 IPC (0.02 IPC) --  N/A  KHz (0.04 KHz) 
**Core 09 Thread 28 Finished:   insts:495         cycles:21444      (428860)  seconds:11    -- 0.02 IPC (0.02 IPC) --  N/A  KHz (0.04 KHz) 
**Core 14 Thread 15 Finished:   insts:495         cycles:21444      (428860)  seconds:11    -- 0.02 IPC (0.02 IPC) --  N/A  KHz (0.04 KHz) 
**Core 06 Thread 08 Finished:   insts:495         cycles:21446      (428900)  seconds:11    -- 0.02 IPC (0.02 IPC) --  N/A  KHz (0.04 KHz) 
**Core 06 Thread 19 Finished:   insts:495         cycles:21450      (428980)  seconds:11    -- 0.02 IPC (0.02 IPC) --  N/A  KHz (0.04 KHz) 
**Core 02 Thread 12 Finished:   insts:495         cycles:21452      (429020)  seconds:11    -- 0.02 IPC (0.02 IPC) --  N/A  KHz (0.04 KHz) 
**Core 14 Thread 22 Finished:   insts:495         cycles:21454      (429060)  seconds:11    -- 0.02 IPC (0.02 IPC) --  N/A  KHz (0.04 KHz) 
**Core 10 Thread 26 Finished:   insts:495         cycles:21455      (429080)  seconds:11    -- 0.02 IPC (0.02 IPC) --  N/A  KHz (0.04 KHz) 
**Core 06 Thread 11 Finished:   insts:495         cycles:21458      (429140)  seconds:11    -- 0.02 IPC (0.02 IPC) --  N/A  KHz (0.04 KHz) 
**Core 06 Thread 16 Finished:   insts:495         cycles:21461      (429200)  seconds:11    -- 0.02 IPC (0.02 IPC) --  N/A  KHz (0.04 KHz) 
**Core 00 Thread 22 Finished:   insts:495         cycles:21463      (429240)  seconds:11    -- 0.02 IPC (0.02 IPC) --  N/A  KHz (0.04 KHz) 
**Core 14 Thread 17 Finished:   insts:495         cycles:21464      (429260)  seconds:11    -- 0.02 IPC (0.02 IPC) --  N/A  KHz (0.04 KHz) 
**Core 10 Thread 29 Finished:   insts:495         cycles:21466      (429300)  seconds:11    -- 0.02 IPC (0.02 IPC) --  N/A  KHz (0.04 KHz) 
**Core 06 Thread 00 Finished:   insts:497         cycles:21469      (429360)  seconds:11    -- 0.02 IPC (0.02 IPC) --  N/A  KHz (0.05 KHz) 
**Core 06 Thread 13 Finished:   insts:495         cycles:21472      (429420)  seconds:11    -- 0.02 IPC (0.02 IPC) --  N/A  KHz (0.04 KHz) 
**Core 00 Thread 02 Finished:   insts:495         cycles:21474      (429460)  seconds:11    -- 0.02 IPC (0.02 IPC) --  N/A  KHz (0.04 KHz) 
**Core 14 Thread 19 Finished:   insts:495         cycles:21474      (429460)  seconds:11    -- 0.02 IPC (0.02 IPC) --  N/A  KHz (0.04 KHz) 
**Core 10 Thread 31 Finished:   insts:495         cycles:21478      (429540)  seconds:11    -- 0.02 IPC (0.02 IPC) --  N/A  KHz (0.04 KHz) 
**Core 07 Thread 01 Finished:   insts:495         cycles:21480      (429580)  seconds:11    -- 0.02 IPC (0.02 IPC) --  N/A  KHz (0.04 KHz) 
**Core 06 Thread 18 Finished:   insts:495         cycles:21483      (429640)  seconds:11    -- 0.02 IPC (0.02 IPC) --  N/A  KHz (0.04 KHz) 
**Core 15 Thread 16 Finished:   insts:495         cycles:21483      (429640)  seconds:11    -- 0.02 IPC (0.02 IPC) --  N/A  KHz (0.04 KHz) 
**Core 00 Thread 04 Finished:   insts:495         cycles:21486      (429700)  seconds:11    -- 0.02 IPC (0.02 IPC) --  N/A  KHz (0.04 KHz) 
**Core 10 Thread 16 Finished:   insts:495         cycles:21489      (429760)  seconds:11    -- 0.02 IPC (0.02 IPC) --  N/A  KHz (0.04 KHz) 
**Core 07 Thread 08 Finished:   insts:495         cycles:21491      (429800)  seconds:11    -- 0.02 IPC (0.02 IPC) --  N/A  KHz (0.04 KHz) 
**Core 15 Thread 13 Finished:   insts:495         cycles:21493      (429840)  seconds:11    -- 0.02 IPC (0.02 IPC) --  N/A  KHz (0.04 KHz) 
**Core 06 Thread 21 Finished:   insts:495         cycles:21494      (429860)  seconds:11    -- 0.02 IPC (0.02 IPC) --  N/A  KHz (0.04 KHz) 
**Core 01 Thread 09 Finished:   insts:495         cycles:21497      (429920)  seconds:11    -- 0.02 IPC (0.02 IPC) --  N/A  KHz (0.04 KHz) 
**Core 10 Thread 13 Finished:   insts:495         cycles:21500      (429980)  seconds:11    -- 0.02 IPC (0.02 IPC) --  N/A  KHz (0.04 KHz) 
**Core 07 Thread 03 Finished:   insts:495         cycles:21502      (430020)  seconds:11    -- 0.02 IPC (0.02 IPC) --  N/A  KHz (0.04 KHz) 
**Core 15 Thread 14 Finished:   insts:495         cycles:21503      (430040)  seconds:11    -- 0.02 IPC (0.02 IPC) --  N/A  KHz (0.04 KHz) 
**Core 06 Thread 23 Finished:   insts:495         cycles:21506      (430100)  seconds:11    -- 0.02 IPC (0.02 IPC) --  N/A  KHz (0.04 KHz) 
**Core 00 Thread 06 Finished:   insts:495         cycles:21508      (430140)  seconds:11    -- 0.02 IPC (0.02 IPC) --  N/A  KHz (0.04 KHz) 
**Core 10 Thread 25 Finished:   insts:495         cycles:21511      (430200)  seconds:11    -- 0.02 IPC (0.02 IPC) --  N/A  KHz (0.04 KHz) 
**Core 15 Thread 18 Finished:   insts:495         cycles:21513      (430240)  seconds:11    -- 0.02 IPC (0.02 IPC) --  N/A  KHz (0.04 KHz) 
**Core 07 Thread 05 Finished:   insts:495         cycles:21514      (430260)  seconds:11    -- 0.02 IPC (0.02 IPC) --  N/A  KHz (0.04 KHz) 
**Core 06 Thread 26 Finished:   insts:495         cycles:21517      (430320)  seconds:11    -- 0.02 IPC (0.02 IPC) --  N/A  KHz (0.04 KHz) 
**Core 01 Thread 06 Finished:   insts:495         cycles:21519      (430360)  seconds:11    -- 0.02 IPC (0.02 IPC) --  N/A  KHz (0.04 KHz) 
**Core 10 Thread 14 Finished:   insts:495         cycles:21522      (430420)  seconds:11    -- 0.02 IPC (0.02 IPC) --  N/A  KHz (0.04 KHz) 
**Core 15 Thread 24 Finished:   insts:495         cycles:21523      (430440)  seconds:11    -- 0.02 IPC (0.02 IPC) --  N/A  KHz (0.04 KHz) 
**Core 07 Thread 06 Finished:   insts:495         cycles:21525      (430480)  seconds:11    -- 0.02 IPC (0.02 IPC) --  N/A  KHz (0.04 KHz) 
**Core 06 Thread 25 Finished:   insts:495         cycles:21528      (430540)  seconds:11    -- 0.02 IPC (0.02 IPC) --  N/A  KHz (0.04 KHz) 
**Core 06 Core_Total  Finished:   insts:15842       cycles:21528      (430540) seconds:11    -- 0.74 IPC (0.74 IPC) --  N/A  KHz (1.44 KHz)
**Core 02 Thread 09 Finished:   insts:495         cycles:21530      (430580)  seconds:11    -- 0.02 IPC (0.02 IPC) --  N/A  KHz (0.04 KHz) 
**Core 15 Thread 19 Finished:   insts:495         cycles:21532      (430620)  seconds:11    -- 0.02 IPC (0.02 IPC) --  N/A  KHz (0.04 KHz) 
**Core 10 Thread 21 Finished:   insts:495         cycles:21534      (430660)  seconds:11    -- 0.02 IPC (0.02 IPC) --  N/A  KHz (0.04 KHz) 
**Core 07 Thread 02 Finished:   insts:495         cycles:21536      (430700)  seconds:11    -- 0.02 IPC (0.02 IPC) --  N/A  KHz (0.04 KHz) 
**Core 07 Thread 18 Finished:   insts:495         cycles:21539      (430760)  seconds:11    -- 0.02 IPC (0.02 IPC) --  N/A  KHz (0.04 KHz) 
**Core 00 Thread 11 Finished:   insts:495         cycles:21542      (430820)  seconds:11    -- 0.02 IPC (0.02 IPC) --  N/A  KHz (0.04 KHz) 
**Core 15 Thread 27 Finished:   insts:495         cycles:21542      (430820)  seconds:11    -- 0.02 IPC (0.02 IPC) --  N/A  KHz (0.04 KHz) 
**Core 10 Thread 18 Finished:   insts:495         cycles:21545      (430880)  seconds:11    -- 0.02 IPC (0.02 IPC) --  N/A  KHz (0.04 KHz) 
**Core 07 Thread 07 Finished:   insts:495         cycles:21547      (430920)  seconds:11    -- 0.02 IPC (0.02 IPC) --  N/A  KHz (0.04 KHz) 
**Core 07 Thread 15 Finished:   insts:495         cycles:21550      (430980)  seconds:11    -- 0.02 IPC (0.02 IPC) --  N/A  KHz (0.04 KHz) 
**Core 15 Thread 21 Finished:   insts:495         cycles:21552      (431020)  seconds:11    -- 0.02 IPC (0.02 IPC) --  N/A  KHz (0.04 KHz) 
**Core 00 Thread 09 Finished:   insts:495         cycles:21553      (431040)  seconds:11    -- 0.02 IPC (0.02 IPC) --  N/A  KHz (0.04 KHz) 
**Core 10 Thread 19 Finished:   insts:495         cycles:21556      (431100)  seconds:11    -- 0.02 IPC (0.02 IPC) --  N/A  KHz (0.04 KHz) 
**Core 07 Thread 04 Finished:   insts:495         cycles:21558      (431140)  seconds:11    -- 0.02 IPC (0.02 IPC) --  N/A  KHz (0.04 KHz) 
**Core 07 Thread 13 Finished:   insts:495         cycles:21562      (431220)  seconds:11    -- 0.02 IPC (0.02 IPC) --  N/A  KHz (0.04 KHz) 
**Core 15 Thread 23 Finished:   insts:495         cycles:21562      (431220)  seconds:11    -- 0.02 IPC (0.02 IPC) --  N/A  KHz (0.04 KHz) 
**Core 01 Thread 11 Finished:   insts:495         cycles:21564      (431260)  seconds:11    -- 0.02 IPC (0.02 IPC) --  N/A  KHz (0.04 KHz) 
**Core 10 Thread 23 Finished:   insts:495         cycles:21567      (431320)  seconds:11    -- 0.02 IPC (0.02 IPC) --  N/A  KHz (0.04 KHz) 
**Core 07 Thread 09 Finished:   insts:495         cycles:21570      (431380)  seconds:11    -- 0.02 IPC (0.02 IPC) --  N/A  KHz (0.04 KHz) 
**Core 15 Thread 15 Finished:   insts:495         cycles:21572      (431420)  seconds:11    -- 0.02 IPC (0.02 IPC) --  N/A  KHz (0.04 KHz) 
**Core 07 Thread 17 Finished:   insts:495         cycles:21573      (431440)  seconds:11    -- 0.02 IPC (0.02 IPC) --  N/A  KHz (0.04 KHz) 
**Core 01 Thread 25 Finished:   insts:495         cycles:21575      (431480)  seconds:11    -- 0.02 IPC (0.02 IPC) --  N/A  KHz (0.04 KHz) 
**Core 10 Thread 15 Finished:   insts:495         cycles:21578      (431540)  seconds:11    -- 0.02 IPC (0.02 IPC) --  N/A  KHz (0.04 KHz) 
**Core 07 Thread 00 Finished:   insts:497         cycles:21581      (431600)  seconds:11    -- 0.02 IPC (0.02 IPC) --  N/A  KHz (0.05 KHz) 
**Core 15 Thread 17 Finished:   insts:495         cycles:21581      (431600)  seconds:11    -- 0.02 IPC (0.02 IPC) --  N/A  KHz (0.04 KHz) 
**Core 07 Thread 22 Finished:   insts:495         cycles:21584      (431660)  seconds:11    -- 0.02 IPC (0.02 IPC) --  N/A  KHz (0.04 KHz) 
**Core 01 Thread 22 Finished:   insts:495         cycles:21586      (431700)  seconds:11    -- 0.02 IPC (0.02 IPC) --  N/A  KHz (0.04 KHz) 
**Core 10 Thread 17 Finished:   insts:495         cycles:21590      (431780)  seconds:11    -- 0.02 IPC (0.02 IPC) --  N/A  KHz (0.04 KHz) 
**Core 15 Thread 20 Finished:   insts:495         cycles:21591      (431800)  seconds:11    -- 0.02 IPC (0.02 IPC) --  N/A  KHz (0.04 KHz) 
**Core 07 Thread 28 Finished:   insts:495         cycles:21595      (431880)  seconds:11    -- 0.02 IPC (0.02 IPC) --  N/A  KHz (0.04 KHz) 
**Core 00 Thread 14 Finished:   insts:495         cycles:21596      (431900)  seconds:11    -- 0.02 IPC (0.02 IPC) --  N/A  KHz (0.04 KHz) 
**Core 15 Thread 22 Finished:   insts:495         cycles:21601      (432000)  seconds:11    -- 0.02 IPC (0.02 IPC) --  N/A  KHz (0.04 KHz) 
**Core 10 Thread 20 Finished:   insts:495         cycles:21601      (432000)  seconds:11    -- 0.02 IPC (0.02 IPC) --  N/A  KHz (0.04 KHz) 
**Core 00 Thread 16 Finished:   insts:495         cycles:21606      (432100)  seconds:11    -- 0.02 IPC (0.02 IPC) --  N/A  KHz (0.04 KHz) 
**Core 07 Thread 25 Finished:   insts:495         cycles:21606      (432100)  seconds:11    -- 0.02 IPC (0.02 IPC) --  N/A  KHz (0.04 KHz) 
**Core 15 Thread 25 Finished:   insts:495         cycles:21611      (432200)  seconds:11    -- 0.02 IPC (0.02 IPC) --  N/A  KHz (0.04 KHz) 
**Core 10 Thread 27 Finished:   insts:495         cycles:21612      (432220)  seconds:11    -- 0.02 IPC (0.02 IPC) --  N/A  KHz (0.04 KHz) 
**Core 01 Thread 27 Finished:   insts:495         cycles:21616      (432300)  seconds:11    -- 0.02 IPC (0.02 IPC) --  N/A  KHz (0.04 KHz) 
**Core 07 Thread 23 Finished:   insts:495         cycles:21618      (432340)  seconds:11    -- 0.02 IPC (0.02 IPC) --  N/A  KHz (0.04 KHz) 
**Core 10 Thread 30 Finished:   insts:495         cycles:21623      (432440)  seconds:11    -- 0.02 IPC (0.02 IPC) --  N/A  KHz (0.04 KHz) 
**Core 00 Thread 19 Finished:   insts:495         cycles:21626      (432500)  seconds:11    -- 0.02 IPC (0.02 IPC) --  N/A  KHz (0.04 KHz) 
**Core 07 Thread 27 Finished:   insts:495         cycles:21629      (432560)  seconds:11    -- 0.02 IPC (0.02 IPC) --  N/A  KHz (0.04 KHz) 
**Core 10 Thread 22 Finished:   insts:495         cycles:21634      (432660)  seconds:11    -- 0.02 IPC (0.02 IPC) --  N/A  KHz (0.04 KHz) 
**Core 01 Thread 24 Finished:   insts:495         cycles:21635      (432680)  seconds:11    -- 0.02 IPC (0.02 IPC) --  N/A  KHz (0.04 KHz) 
**Core 07 Thread 30 Finished:   insts:495         cycles:21640      (432780)  seconds:11    -- 0.02 IPC (0.02 IPC) --  N/A  KHz (0.04 KHz) 
**Core 01 Thread 19 Finished:   insts:495         cycles:21645      (432880)  seconds:11    -- 0.02 IPC (0.02 IPC) --  N/A  KHz (0.04 KHz) 
**Core 11 Thread 16 Finished:   insts:495         cycles:21646      (432900)  seconds:11    -- 0.02 IPC (0.02 IPC) --  N/A  KHz (0.04 KHz) 
**Core 07 Thread 16 Finished:   insts:495         cycles:21651      (433000)  seconds:11    -- 0.02 IPC (0.02 IPC) --  N/A  KHz (0.04 KHz) 
**Core 00 Thread 26 Finished:   insts:495         cycles:21655      (433080)  seconds:11    -- 0.02 IPC (0.02 IPC) --  N/A  KHz (0.04 KHz) 
**Core 11 Thread 13 Finished:   insts:495         cycles:21657      (433120)  seconds:11    -- 0.02 IPC (0.02 IPC) --  N/A  KHz (0.04 KHz) 
**Core 07 Thread 14 Finished:   insts:495         cycles:21662      (433220)  seconds:11    -- 0.02 IPC (0.02 IPC) --  N/A  KHz (0.04 KHz) 
**Core 01 Thread 02 Finished:   insts:495         cycles:21665      (433280)  seconds:11    -- 0.02 IPC (0.02 IPC) --  N/A  KHz (0.04 KHz) 
**Core 11 Thread 14 Finished:   insts:495         cycles:21668      (433340)  seconds:11    -- 0.02 IPC (0.02 IPC) --  N/A  KHz (0.04 KHz) 
**Core 07 Thread 19 Finished:   insts:495         cycles:21674      (433460)  seconds:11    -- 0.02 IPC (0.02 IPC) --  N/A  KHz (0.04 KHz) 
**Core 01 Thread 03 Finished:   insts:495         cycles:21675      (433480)  seconds:11    -- 0.02 IPC (0.02 IPC) --  N/A  KHz (0.04 KHz) 
**Core 11 Thread 18 Finished:   insts:495         cycles:21679      (433560)  seconds:11    -- 0.02 IPC (0.02 IPC) --  N/A  KHz (0.04 KHz) 
**Core 01 Thread 05 Finished:   insts:495         cycles:21684      (433660)  seconds:11    -- 0.02 IPC (0.02 IPC) --  N/A  KHz (0.04 KHz) 
**Core 07 Thread 21 Finished:   insts:495         cycles:21685      (433680)  seconds:11    -- 0.02 IPC (0.02 IPC) --  N/A  KHz (0.04 KHz) 
**Core 11 Thread 24 Finished:   insts:495         cycles:21690      (433780)  seconds:11    -- 0.02 IPC (0.02 IPC) --  N/A  KHz (0.04 KHz) 
**Core 01 Thread 08 Finished:   insts:495         cycles:21694      (433860)  seconds:11    -- 0.02 IPC (0.02 IPC) --  N/A  KHz (0.04 KHz) 
**Core 07 Thread 29 Finished:   insts:495         cycles:21696      (433900)  seconds:11    -- 0.02 IPC (0.02 IPC) --  N/A  KHz (0.04 KHz) 
**Core 11 Thread 19 Finished:   insts:495         cycles:21702      (434020)  seconds:11    -- 0.02 IPC (0.02 IPC) --  N/A  KHz (0.04 KHz) 
**Core 01 Thread 07 Finished:   insts:495         cycles:21704      (434060)  seconds:11    -- 0.02 IPC (0.02 IPC) --  N/A  KHz (0.04 KHz) 
**Core 07 Thread 26 Finished:   insts:495         cycles:21707      (434120)  seconds:11    -- 0.02 IPC (0.02 IPC) --  N/A  KHz (0.04 KHz) 
**Core 11 Thread 27 Finished:   insts:495         cycles:21713      (434240)  seconds:11    -- 0.02 IPC (0.02 IPC) --  N/A  KHz (0.04 KHz) 
**Core 01 Thread 10 Finished:   insts:495         cycles:21714      (434260)  seconds:11    -- 0.02 IPC (0.02 IPC) --  N/A  KHz (0.04 KHz) 
**Core 07 Thread 31 Finished:   insts:495         cycles:21718      (434340)  seconds:11    -- 0.02 IPC (0.02 IPC) --  N/A  KHz (0.04 KHz) 
**Core 01 Thread 17 Finished:   insts:495         cycles:21724      (434460)  seconds:11    -- 0.02 IPC (0.02 IPC) --  N/A  KHz (0.04 KHz) 
**Core 11 Thread 21 Finished:   insts:495         cycles:21724      (434460)  seconds:11    -- 0.02 IPC (0.02 IPC) --  N/A  KHz (0.04 KHz) 
**Core 07 Thread 24 Finished:   insts:495         cycles:21730      (434580)  seconds:11    -- 0.02 IPC (0.02 IPC) --  N/A  KHz (0.04 KHz) 
**Core 07 Core_Total  Finished:   insts:15842       cycles:21730      (434580) seconds:11    -- 0.73 IPC (0.73 IPC) --  N/A  KHz (1.44 KHz)
**Core 02 Thread 14 Finished:   insts:495         cycles:21733      (434640)  seconds:11    -- 0.02 IPC (0.02 IPC) --  N/A  KHz (0.04 KHz) 
**Core 11 Thread 29 Finished:   insts:495         cycles:21735      (434680)  seconds:11    -- 0.02 IPC (0.02 IPC) --  N/A  KHz (0.04 KHz) 
**Core 08 Thread 03 Finished:   insts:495         cycles:21741      (434800)  seconds:11    -- 0.02 IPC (0.02 IPC) --  N/A  KHz (0.04 KHz) 
**Core 02 Thread 17 Finished:   insts:495         cycles:21743      (434840)  seconds:11    -- 0.02 IPC (0.02 IPC) --  N/A  KHz (0.04 KHz) 
**Core 11 Thread 23 Finished:   insts:495         cycles:21746      (434900)  seconds:11    -- 0.02 IPC (0.02 IPC) --  N/A  KHz (0.04 KHz) 
**Core 08 Thread 02 Finished:   insts:495         cycles:21752      (435020)  seconds:11    -- 0.02 IPC (0.02 IPC) --  N/A  KHz (0.04 KHz) 
**Core 01 Thread 20 Finished:   insts:495         cycles:21753      (435040)  seconds:11    -- 0.02 IPC (0.02 IPC) --  N/A  KHz (0.04 KHz) 
**Core 11 Thread 15 Finished:   insts:495         cycles:21758      (435140)  seconds:11    -- 0.02 IPC (0.02 IPC) --  N/A  KHz (0.04 KHz) 
**Core 08 Thread 08 Finished:   insts:495         cycles:21763      (435240)  seconds:11    -- 0.02 IPC (0.02 IPC) --  N/A  KHz (0.04 KHz) 
**Core 02 Thread 16 Finished:   insts:495         cycles:21763      (435240)  seconds:11    -- 0.02 IPC (0.02 IPC) --  N/A  KHz (0.04 KHz) 
**Core 11 Thread 17 Finished:   insts:495         cycles:21769      (435360)  seconds:11    -- 0.02 IPC (0.02 IPC) --  N/A  KHz (0.04 KHz) 
**Core 02 Thread 22 Finished:   insts:495         cycles:21773      (435440)  seconds:11    -- 0.02 IPC (0.02 IPC) --  N/A  KHz (0.04 KHz) 
**Core 08 Thread 07 Finished:   insts:495         cycles:21774      (435460)  seconds:11    -- 0.02 IPC (0.02 IPC) --  N/A  KHz (0.04 KHz) 
**Core 11 Thread 20 Finished:   insts:495         cycles:21780      (435580)  seconds:11    -- 0.02 IPC (0.02 IPC) --  N/A  KHz (0.04 KHz) 
**Core 02 Thread 21 Finished:   insts:495         cycles:21782      (435620)  seconds:11    -- 0.02 IPC (0.02 IPC) --  N/A  KHz (0.04 KHz) 
**Core 08 Thread 12 Finished:   insts:495         cycles:21786      (435700)  seconds:11    -- 0.02 IPC (0.02 IPC) --  N/A  KHz (0.04 KHz) 
**Core 11 Thread 22 Finished:   insts:495         cycles:21791      (435800)  seconds:11    -- 0.02 IPC (0.02 IPC) --  N/A  KHz (0.04 KHz) 
**Core 02 Thread 28 Finished:   insts:495         cycles:21792      (435820)  seconds:11    -- 0.02 IPC (0.02 IPC) --  N/A  KHz (0.04 KHz) 
**Core 08 Thread 05 Finished:   insts:495         cycles:21797      (435920)  seconds:11    -- 0.02 IPC (0.02 IPC) --  N/A  KHz (0.04 KHz) 
**Core 02 Thread 25 Finished:   insts:495         cycles:21802      (436020)  seconds:11    -- 0.02 IPC (0.02 IPC) --  N/A  KHz (0.04 KHz) 
**Core 11 Thread 25 Finished:   insts:495         cycles:21802      (436020)  seconds:11    -- 0.02 IPC (0.02 IPC) --  N/A  KHz (0.04 KHz) 
**Core 08 Thread 10 Finished:   insts:495         cycles:21808      (436140)  seconds:11    -- 0.02 IPC (0.02 IPC) --  N/A  KHz (0.04 KHz) 
**Core 03 Thread 09 Finished:   insts:495         cycles:21812      (436220)  seconds:11    -- 0.02 IPC (0.02 IPC) --  N/A  KHz (0.04 KHz) 
**Core 12 Thread 04 Finished:   insts:495         cycles:21814      (436260)  seconds:11    -- 0.02 IPC (0.02 IPC) --  N/A  KHz (0.04 KHz) 
**Core 08 Thread 04 Finished:   insts:495         cycles:21819      (436360)  seconds:11    -- 0.02 IPC (0.02 IPC) --  N/A  KHz (0.04 KHz) 
**Core 03 Thread 10 Finished:   insts:495         cycles:21822      (436420)  seconds:11    -- 0.02 IPC (0.02 IPC) --  N/A  KHz (0.04 KHz) 
**Core 12 Thread 03 Finished:   insts:495         cycles:21825      (436480)  seconds:11    -- 0.02 IPC (0.02 IPC) --  N/A  KHz (0.04 KHz) 
**Core 08 Thread 01 Finished:   insts:495         cycles:21830      (436580)  seconds:11    -- 0.02 IPC (0.02 IPC) --  N/A  KHz (0.04 KHz) 
**Core 03 Thread 14 Finished:   insts:495         cycles:21831      (436600)  seconds:11    -- 0.02 IPC (0.02 IPC) --  N/A  KHz (0.04 KHz) 
**Core 12 Thread 08 Finished:   insts:495         cycles:21836      (436700)  seconds:11    -- 0.02 IPC (0.02 IPC) --  N/A  KHz (0.04 KHz) 
**Core 03 Thread 20 Finished:   insts:495         cycles:21841      (436800)  seconds:11    -- 0.02 IPC (0.02 IPC) --  N/A  KHz (0.04 KHz) 
**Core 08 Thread 09 Finished:   insts:495         cycles:21842      (436820)  seconds:11    -- 0.02 IPC (0.02 IPC) --  N/A  KHz (0.04 KHz) 
**Core 12 Thread 01 Finished:   insts:495         cycles:21847      (436920)  seconds:11    -- 0.02 IPC (0.02 IPC) --  N/A  KHz (0.04 KHz) 
**Core 03 Thread 15 Finished:   insts:495         cycles:21851      (437000)  seconds:11    -- 0.02 IPC (0.02 IPC) --  N/A  KHz (0.04 KHz) 
**Core 08 Thread 06 Finished:   insts:495         cycles:21853      (437040)  seconds:11    -- 0.02 IPC (0.02 IPC) --  N/A  KHz (0.04 KHz) 
**Core 12 Thread 06 Finished:   insts:495         cycles:21858      (437140)  seconds:11    -- 0.02 IPC (0.02 IPC) --  N/A  KHz (0.04 KHz) 
**Core 03 Thread 23 Finished:   insts:495         cycles:21861      (437200)  seconds:11    -- 0.02 IPC (0.02 IPC) --  N/A  KHz (0.04 KHz) 
**Core 08 Thread 11 Finished:   insts:495         cycles:21864      (437260)  seconds:11    -- 0.02 IPC (0.02 IPC) --  N/A  KHz (0.04 KHz) 
**Core 12 Thread 11 Finished:   insts:495         cycles:21870      (437380)  seconds:11    -- 0.02 IPC (0.02 IPC) --  N/A  KHz (0.04 KHz) 
**Core 03 Thread 17 Finished:   insts:495         cycles:21871      (437400)  seconds:11    -- 0.02 IPC (0.02 IPC) --  N/A  KHz (0.04 KHz) 
**Core 08 Thread 00 Finished:   insts:497         cycles:21875      (437480)  seconds:11    -- 0.02 IPC (0.02 IPC) --  N/A  KHz (0.05 KHz) 
**Core 08 Core_Total  Finished:   insts:15842       cycles:21875      (437480) seconds:11    -- 0.72 IPC (0.72 IPC) --  N/A  KHz (1.44 KHz)
**Core 02 Thread 26 Finished:   insts:495         cycles:21880      (437580)  seconds:11    -- 0.02 IPC (0.02 IPC) --  N/A  KHz (0.04 KHz) 
**Core 12 Thread 05 Finished:   insts:495         cycles:21881      (437600)  seconds:11    -- 0.02 IPC (0.02 IPC) --  N/A  KHz (0.04 KHz) 
**Core 09 Thread 05 Finished:   insts:495         cycles:21886      (437700)  seconds:11    -- 0.02 IPC (0.02 IPC) --  N/A  KHz (0.04 KHz) 
**Core 02 Thread 27 Finished:   insts:495         cycles:21890      (437780)  seconds:11    -- 0.02 IPC (0.02 IPC) --  N/A  KHz (0.04 KHz) 
**Core 12 Thread 02 Finished:   insts:495         cycles:21892      (437820)  seconds:11    -- 0.02 IPC (0.02 IPC) --  N/A  KHz (0.04 KHz) 
**Core 09 Thread 04 Finished:   insts:495         cycles:21898      (437940)  seconds:11    -- 0.02 IPC (0.02 IPC) --  N/A  KHz (0.04 KHz) 
**Core 03 Thread 28 Finished:   insts:495         cycles:21900      (437980)  seconds:11    -- 0.02 IPC (0.02 IPC) --  N/A  KHz (0.04 KHz) 
**Core 12 Thread 07 Finished:   insts:495         cycles:21903      (438040)  seconds:11    -- 0.02 IPC (0.02 IPC) --  N/A  KHz (0.04 KHz) 
**Core 09 Thread 09 Finished:   insts:495         cycles:21909      (438160)  seconds:11    -- 0.02 IPC (0.02 IPC) --  N/A  KHz (0.04 KHz) 
**Core 02 Thread 19 Finished:   insts:495         cycles:21910      (438180)  seconds:11    -- 0.02 IPC (0.02 IPC) --  N/A  KHz (0.04 KHz) 
**Core 12 Thread 10 Finished:   insts:495         cycles:21914      (438260)  seconds:11    -- 0.02 IPC (0.02 IPC) --  N/A  KHz (0.04 KHz) 
**Core 03 Thread 25 Finished:   insts:495         cycles:21920      (438380)  seconds:11    -- 0.02 IPC (0.02 IPC) --  N/A  KHz (0.04 KHz) 
**Core 09 Thread 02 Finished:   insts:495         cycles:21920      (438380)  seconds:11    -- 0.02 IPC (0.02 IPC) --  N/A  KHz (0.04 KHz) 
**Core 12 Thread 09 Finished:   insts:495         cycles:21926      (438500)  seconds:11    -- 0.02 IPC (0.02 IPC) --  N/A  KHz (0.04 KHz) 
**Core 03 Thread 01 Finished:   insts:495         cycles:21929      (438560)  seconds:11    -- 0.02 IPC (0.02 IPC) --  N/A  KHz (0.04 KHz) 
**Core 09 Thread 07 Finished:   insts:495         cycles:21931      (438600)  seconds:11    -- 0.02 IPC (0.02 IPC) --  N/A  KHz (0.04 KHz) 
**Core 12 Thread 12 Finished:   insts:495         cycles:21937      (438720)  seconds:11    -- 0.02 IPC (0.02 IPC) --  N/A  KHz (0.04 KHz) 
**Core 03 Thread 19 Finished:   insts:495         cycles:21939      (438760)  seconds:11    -- 0.02 IPC (0.02 IPC) --  N/A  KHz (0.04 KHz) 
**Core 09 Thread 03 Finished:   insts:495         cycles:21942      (438820)  seconds:11    -- 0.02 IPC (0.02 IPC) --  N/A  KHz (0.04 KHz) 
**Core 12 Thread 00 Finished:   insts:497         cycles:21948      (438940)  seconds:11    -- 0.02 IPC (0.02 IPC) --  N/A  KHz (0.05 KHz) 
**Core 12 Core_Total  Finished:   insts:15842       cycles:21948      (438940) seconds:11    -- 0.72 IPC (0.72 IPC) --  N/A  KHz (1.44 KHz)
**Core 00 Thread 21 Finished:   insts:495         cycles:21949      (438960)  seconds:11    -- 0.02 IPC (0.02 IPC) --  N/A  KHz (0.04 KHz) 
**Core 09 Thread 08 Finished:   insts:495         cycles:21954      (439060)  seconds:11    -- 0.02 IPC (0.02 IPC) --  N/A  KHz (0.04 KHz) 
**Core 03 Thread 06 Finished:   insts:495         cycles:21959      (439160)  seconds:11    -- 0.02 IPC (0.02 IPC) --  N/A  KHz (0.04 KHz) 
**Core 13 Thread 03 Finished:   insts:495         cycles:21959      (439160)  seconds:11    -- 0.02 IPC (0.02 IPC) --  N/A  KHz (0.04 KHz) 
**Core 09 Thread 10 Finished:   insts:495         cycles:21965      (439280)  seconds:11    -- 0.02 IPC (0.02 IPC) --  N/A  KHz (0.04 KHz) 
**Core 03 Thread 03 Finished:   insts:495         cycles:21969      (439360)  seconds:11    -- 0.02 IPC (0.02 IPC) --  N/A  KHz (0.04 KHz) 
**Core 13 Thread 01 Finished:   insts:495         cycles:21970      (439380)  seconds:11    -- 0.02 IPC (0.02 IPC) --  N/A  KHz (0.04 KHz) 
**Core 09 Thread 12 Finished:   insts:495         cycles:21976      (439500)  seconds:11    -- 0.02 IPC (0.02 IPC) --  N/A  KHz (0.04 KHz) 
**Core 03 Thread 08 Finished:   insts:495         cycles:21978      (439540)  seconds:11    -- 0.02 IPC (0.02 IPC) --  N/A  KHz (0.04 KHz) 
**Core 13 Thread 02 Finished:   insts:495         cycles:21982      (439620)  seconds:11    -- 0.02 IPC (0.02 IPC) --  N/A  KHz (0.04 KHz) 
**Core 09 Thread 01 Finished:   insts:495         cycles:21987      (439720)  seconds:11    -- 0.02 IPC (0.02 IPC) --  N/A  KHz (0.04 KHz) 
**Core 03 Thread 11 Finished:   insts:495         cycles:21988      (439740)  seconds:11    -- 0.02 IPC (0.02 IPC) --  N/A  KHz (0.04 KHz) 
**Core 13 Thread 12 Finished:   insts:495         cycles:21993      (439840)  seconds:11    -- 0.02 IPC (0.02 IPC) --  N/A  KHz (0.04 KHz) 
**Core 03 Thread 13 Finished:   insts:495         cycles:21998      (439940)  seconds:11    -- 0.02 IPC (0.02 IPC) --  N/A  KHz (0.04 KHz) 
**Core 09 Thread 06 Finished:   insts:495         cycles:21998      (439940)  seconds:11    -- 0.02 IPC (0.02 IPC) --  N/A  KHz (0.04 KHz) 
**Core 13 Thread 00 Finished:   insts:497         cycles:22004      (440060)  seconds:11    -- 0.02 IPC (0.02 IPC) --  N/A  KHz (0.05 KHz) 
**Core 13 Core_Total  Finished:   insts:15842       cycles:22004      (440060) seconds:11    -- 0.72 IPC (0.72 IPC) --  N/A  KHz (1.44 KHz)
**Core 02 Thread 24 Finished:   insts:495         cycles:22008      (440140)  seconds:11    -- 0.02 IPC (0.02 IPC) --  N/A  KHz (0.04 KHz) 
**Core 09 Thread 11 Finished:   insts:495         cycles:22010      (440180)  seconds:11    -- 0.02 IPC (0.02 IPC) --  N/A  KHz (0.04 KHz) 
**Core 14 Thread 01 Finished:   insts:495         cycles:22015      (440280)  seconds:11    -- 0.02 IPC (0.02 IPC) --  N/A  KHz (0.04 KHz) 
**Core 03 Thread 16 Finished:   insts:495         cycles:22018      (440340)  seconds:11    -- 0.02 IPC (0.02 IPC) --  N/A  KHz (0.04 KHz) 
**Core 09 Thread 00 Finished:   insts:497         cycles:22021      (440400)  seconds:11    -- 0.02 IPC (0.02 IPC) --  N/A  KHz (0.05 KHz) 
**Core 09 Core_Total  Finished:   insts:15842       cycles:22021      (440400) seconds:11    -- 0.72 IPC (0.72 IPC) --  N/A  KHz (1.44 KHz)
**Core 15 Thread 08 Finished:   insts:495         cycles:22026      (440500)  seconds:11    -- 0.02 IPC (0.02 IPC) --  N/A  KHz (0.04 KHz) 
**Core 03 Thread 18 Finished:   insts:495         cycles:22027      (440520)  seconds:11    -- 0.02 IPC (0.02 IPC) --  N/A  KHz (0.04 KHz) 
**Core 10 Thread 04 Finished:   insts:495         cycles:22032      (440620)  seconds:11    -- 0.02 IPC (0.02 IPC) --  N/A  KHz (0.04 KHz) 
**Core 03 Thread 00 Finished:   insts:497         cycles:22037      (440720)  seconds:11    -- 0.02 IPC (0.02 IPC) --  N/A  KHz (0.05 KHz) 
**Core 15 Thread 01 Finished:   insts:495         cycles:22038      (440740)  seconds:11    -- 0.02 IPC (0.02 IPC) --  N/A  KHz (0.04 KHz) 
**Core 10 Thread 08 Finished:   insts:495         cycles:22043      (440840)  seconds:11    -- 0.02 IPC (0.02 IPC) --  N/A  KHz (0.04 KHz) 
**Core 03 Thread 21 Finished:   insts:495         cycles:22047      (440920)  seconds:11    -- 0.02 IPC (0.02 IPC) --  N/A  KHz (0.04 KHz) 
**Core 03 Core_Total  Finished:   insts:15842       cycles:22047      (440920) seconds:11    -- 0.72 IPC (0.72 IPC) --  N/A  KHz (1.44 KHz)
**Core 14 Thread 03 Finished:   insts:495         cycles:22049      (440960)  seconds:11    -- 0.02 IPC (0.02 IPC) --  N/A  KHz (0.04 KHz) 
**Core 10 Thread 01 Finished:   insts:495         cycles:22054      (441060)  seconds:11    -- 0.02 IPC (0.02 IPC) --  N/A  KHz (0.04 KHz) 
**Core 01 Thread 00 Finished:   insts:497         cycles:22057      (441120)  seconds:11    -- 0.02 IPC (0.02 IPC) --  N/A  KHz (0.05 KHz) 
**Core 01 Core_Total  Finished:   insts:15842       cycles:22057      (441120) seconds:11    -- 0.72 IPC (0.72 IPC) --  N/A  KHz (1.44 KHz)
**Core 14 Thread 04 Finished:   insts:495         cycles:22060      (441180)  seconds:11    -- 0.02 IPC (0.02 IPC) --  N/A  KHz (0.04 KHz) 
**Core 10 Thread 02 Finished:   insts:495         cycles:22066      (441300)  seconds:11    -- 0.02 IPC (0.02 IPC) --  N/A  KHz (0.04 KHz) 
**Core 00 Thread 00 Finished:   insts:497         cycles:22067      (441320)  seconds:11    -- 0.02 IPC (0.02 IPC) --  N/A  KHz (0.05 KHz) 
**Core 00 Core_Total  Finished:   insts:15842       cycles:22067      (441320) seconds:11    -- 0.72 IPC (0.72 IPC) --  N/A  KHz (1.44 KHz)
**Core 14 Thread 08 Finished:   insts:495         cycles:22071      (441400)  seconds:11    -- 0.02 IPC (0.02 IPC) --  N/A  KHz (0.04 KHz) 
**Core 02 Thread 00 Finished:   insts:497         cycles:22076      (441500)  seconds:11    -- 0.02 IPC (0.02 IPC) --  N/A  KHz (0.05 KHz) 
**Core 02 Core_Total  Finished:   insts:15842       cycles:22076      (441500) seconds:11    -- 0.72 IPC (0.72 IPC) --  N/A  KHz (1.44 KHz)
**Core 10 Thread 06 Finished:   insts:495         cycles:22077      (441520)  seconds:11    -- 0.02 IPC (0.02 IPC) --  N/A  KHz (0.04 KHz) 
**Core 14 Thread 09 Finished:   insts:495         cycles:22082      (441620)  seconds:11    -- 0.02 IPC (0.02 IPC) --  N/A  KHz (0.04 KHz) 
**Core 10 Thread 09 Finished:   insts:495         cycles:22088      (441740)  seconds:11    -- 0.02 IPC (0.02 IPC) --  N/A  KHz (0.04 KHz) 
**Core 14 Thread 06 Finished:   insts:495         cycles:22094      (441860)  seconds:11    -- 0.02 IPC (0.02 IPC) --  N/A  KHz (0.04 KHz) 
**Core 10 Thread 11 Finished:   insts:495         cycles:22099      (441960)  seconds:11    -- 0.02 IPC (0.02 IPC) --  N/A  KHz (0.04 KHz) 
**Core 14 Thread 11 Finished:   insts:495         cycles:22105      (442080)  seconds:11    -- 0.02 IPC (0.02 IPC) --  N/A  KHz (0.04 KHz) 
**Core 11 Thread 03 Finished:   insts:495         cycles:22110      (442180)  seconds:11    -- 0.02 IPC (0.02 IPC) --  N/A  KHz (0.04 KHz) 
**Core 14 Thread 05 Finished:   insts:495         cycles:22116      (442300)  seconds:11    -- 0.02 IPC (0.02 IPC) --  N/A  KHz (0.04 KHz) 
**Core 11 Thread 06 Finished:   insts:495         cycles:22122      (442420)  seconds:11    -- 0.02 IPC (0.02 IPC) --  N/A  KHz (0.04 KHz) 
**Core 14 Thread 02 Finished:   insts:495         cycles:22127      (442520)  seconds:11    -- 0.02 IPC (0.02 IPC) --  N/A  KHz (0.04 KHz) 
**Core 10 Thread 03 Finished:   insts:495         cycles:22133      (442640)  seconds:11    -- 0.02 IPC (0.02 IPC) --  N/A  KHz (0.04 KHz) 
**Core 14 Thread 10 Finished:   insts:495         cycles:22138      (442740)  seconds:11    -- 0.02 IPC (0.02 IPC) --  N/A  KHz (0.04 KHz) 
**Core 10 Thread 07 Finished:   insts:495         cycles:22144      (442860)  seconds:11    -- 0.02 IPC (0.02 IPC) --  N/A  KHz (0.04 KHz) 
**Core 14 Thread 07 Finished:   insts:495         cycles:22150      (442980)  seconds:11    -- 0.02 IPC (0.02 IPC) --  N/A  KHz (0.04 KHz) 
**Core 10 Thread 05 Finished:   insts:495         cycles:22155      (443080)  seconds:11    -- 0.02 IPC (0.02 IPC) --  N/A  KHz (0.04 KHz) 
**Core 14 Thread 12 Finished:   insts:495         cycles:22161      (443200)  seconds:11    -- 0.02 IPC (0.02 IPC) --  N/A  KHz (0.04 KHz) 
**Core 10 Thread 12 Finished:   insts:495         cycles:22166      (443300)  seconds:11    -- 0.02 IPC (0.02 IPC) --  N/A  KHz (0.04 KHz) 
**Core 14 Thread 00 Finished:   insts:497         cycles:22172      (443420)  seconds:11    -- 0.02 IPC (0.02 IPC) --  N/A  KHz (0.05 KHz) 
**Core 14 Core_Total  Finished:   insts:15842       cycles:22172      (443420) seconds:11    -- 0.71 IPC (0.71 IPC) --  N/A  KHz (1.44 KHz)
**Core 10 Thread 10 Finished:   insts:495         cycles:22178      (443540)  seconds:11    -- 0.02 IPC (0.02 IPC) --  N/A  KHz (0.04 KHz) 
**Core 15 Thread 03 Finished:   insts:495         cycles:22183      (443640)  seconds:11    -- 0.02 IPC (0.02 IPC) --  N/A  KHz (0.04 KHz) 
**Core 10 Thread 00 Finished:   insts:497         cycles:22189      (443760)  seconds:11    -- 0.02 IPC (0.02 IPC) --  N/A  KHz (0.05 KHz) 
**Core 10 Core_Total  Finished:   insts:15842       cycles:22189      (443760) seconds:11    -- 0.71 IPC (0.71 IPC) --  N/A  KHz (1.44 KHz)
**Core 15 Thread 06 Finished:   insts:495         cycles:22194      (443860)  seconds:11    -- 0.02 IPC (0.02 IPC) --  N/A  KHz (0.04 KHz) 
**Core 11 Thread 09 Finished:   insts:495         cycles:22200      (443980)  seconds:11    -- 0.02 IPC (0.02 IPC) --  N/A  KHz (0.04 KHz) 
**Core 15 Thread 09 Finished:   insts:495         cycles:22206      (444100)  seconds:11    -- 0.02 IPC (0.02 IPC) --  N/A  KHz (0.04 KHz) 
**Core 11 Thread 11 Finished:   insts:495         cycles:22211      (444200)  seconds:11    -- 0.02 IPC (0.02 IPC) --  N/A  KHz (0.04 KHz) 
**Core 15 Thread 11 Finished:   insts:495         cycles:22217      (444320)  seconds:11    -- 0.02 IPC (0.02 IPC) --  N/A  KHz (0.04 KHz) 
**Core 11 Thread 05 Finished:   insts:495         cycles:22222      (444420)  seconds:11    -- 0.02 IPC (0.02 IPC) --  N/A  KHz (0.04 KHz) 
**Core 15 Thread 05 Finished:   insts:495         cycles:22228      (444540)  seconds:11    -- 0.02 IPC (0.02 IPC) --  N/A  KHz (0.04 KHz) 
**Core 11 Thread 02 Finished:   insts:495         cycles:22234      (444660)  seconds:11    -- 0.02 IPC (0.02 IPC) --  N/A  KHz (0.04 KHz) 
**Core 15 Thread 02 Finished:   insts:495         cycles:22239      (444760)  seconds:11    -- 0.02 IPC (0.02 IPC) --  N/A  KHz (0.04 KHz) 
**Core 11 Thread 10 Finished:   insts:495         cycles:22245      (444880)  seconds:11    -- 0.02 IPC (0.02 IPC) --  N/A  KHz (0.04 KHz) 
**Core 15 Thread 10 Finished:   insts:495         cycles:22250      (444980)  seconds:11    -- 0.02 IPC (0.02 IPC) --  N/A  KHz (0.04 KHz) 
**Core 11 Thread 07 Finished:   insts:495         cycles:22256      (445100)  seconds:11    -- 0.02 IPC (0.02 IPC) --  N/A  KHz (0.04 KHz) 
**Core 15 Thread 07 Finished:   insts:495         cycles:22262      (445220)  seconds:11    -- 0.02 IPC (0.02 IPC) --  N/A  KHz (0.04 KHz) 
**Core 11 Thread 12 Finished:   insts:495         cycles:22267      (445320)  seconds:11    -- 0.02 IPC (0.02 IPC) --  N/A  KHz (0.04 KHz) 
**Core 15 Thread 12 Finished:   insts:495         cycles:22273      (445440)  seconds:11    -- 0.02 IPC (0.02 IPC) --  N/A  KHz (0.04 KHz) 
**Core 11 Thread 00 Finished:   insts:497         cycles:22278      (445540)  seconds:11    -- 0.02 IPC (0.02 IPC) --  N/A  KHz (0.05 KHz) 
**Core 11 Core_Total  Finished:   insts:15842       cycles:22278      (445540) seconds:11    -- 0.71 IPC (0.71 IPC) --  N/A  KHz (1.44 KHz)
**Core 15 Thread 00 Finished:   insts:497         cycles:22284      (445660)  seconds:11    -- 0.02 IPC (0.02 IPC) --  N/A  KHz (0.05 KHz) 
src/retire.cc:566: (I=497  C=445660):  ----- application 0 terminated (/benchrun/macsim/cuda4-matrixmul/sm86_a6000/input-128/results/traces/_Z8mult_gpuPfS_S_ii_0/Trace.txt,0) at 445660
**Core 15 Core_Total  Finished:   insts:15842       cycles:22284      (445660) seconds:11    -- 0.71 IPC (0.71 IPC) --  N/A  KHz (1.44 KHz)
src/macsim.cc:620: (I=497  C=445661):  finalize simulation
src/macsim.cc:627: (I=497  C=445661):  elapsed time:11.3 seconds
Done
