(0.000000) CudaRuntime.cpp:3813: Adding external function 'malloc'
(0.000000) CudaRuntime.cpp:3813: Adding external function 'free'
(0.000000) CudaRuntime.cpp:3813: Adding external function 'vprintf'
(0.000000) CudaRuntime.cpp:3813: Adding external function 'cudaGetParameterBuffer'
(0.000067) CudaRuntime.cpp:595:  Loading module (fatbin) - matrixMul.cu
(0.000081) CudaRuntime.cpp:738:  Registered kernel - _Z8mult_gpuPfS_S_ii in module 'matrixMul.cu'
(0.000107) CudaRuntime.cpp:276:  Creating devices.
(0.000247) CudaRuntime.cpp:288:   - Added 1 emulator devices.
(0.000350) CudaRuntime.cpp:446:  Creating new context for thread 0x1cc0050
(0.000403) CudaRuntime.cpp:787:  cudaMalloc( *devPtr = 0x1cc2300, size = 65536)
(0.000420) CudaRuntime.cpp:787:  cudaMalloc( *devPtr = 0x1ce2400, size = 65536)
(0.000435) CudaRuntime.cpp:787:  cudaMalloc( *devPtr = 0x1d02600, size = 65536)
(0.001694) CudaRuntime.cpp:1131: cudaMemcpy(0x1cc2300, 0x1caf930, 65536)
(0.001701) CudaRuntime.cpp:251:    _memcpy(0x1cc2300, 0x1caf930, 65536 bytes) h-to-d
(0.001756) CudaRuntime.cpp:1131: cudaMemcpy(0x1ce2400, 0x1cd23d0, 65536)
(0.001761) CudaRuntime.cpp:251:    _memcpy(0x1ce2400, 0x1cd23d0, 65536 bytes) h-to-d
grid: (4,4,1)
threads: (32,32,1)
(0.001827) CudaRuntime.cpp:2609: cudaConfigureCall()
(0.001834) CudaRuntime.cpp:2631: cudaSetupArgument() - offset 0, size 8
(0.001841) CudaRuntime.cpp:2631: cudaSetupArgument() - offset 8, size 8
(0.001846) CudaRuntime.cpp:2631: cudaSetupArgument() - offset 16, size 8
(0.001851) CudaRuntime.cpp:2631: cudaSetupArgument() - offset 24, size 4
(0.001856) CudaRuntime.cpp:2631: cudaSetupArgument() - offset 28, size 4
(0.005746) CudaRuntime.cpp:142:  Mapping parameter at offset 0 of size 8 to offset 0 of size 8
   data = 0x00 0x23 0xcc 0x01 0x00 0x00 0x00 0x00 
(0.005759) CudaRuntime.cpp:142:  Mapping parameter at offset 8 of size 8 to offset 8 of size 8
   data = 0x00 0x24 0xce 0x01 0x00 0x00 0x00 0x00 
(0.005767) CudaRuntime.cpp:142:  Mapping parameter at offset 16 of size 8 to offset 16 of size 8
   data = 0x00 0x26 0xd0 0x01 0x00 0x00 0x00 0x00 
(0.005774) CudaRuntime.cpp:142:  Mapping parameter at offset 24 of size 4 to offset 24 of size 4
   data = 0x80 0x00 0x00 0x00 
(0.005780) CudaRuntime.cpp:142:  Mapping parameter at offset 28 of size 4 to offset 28 of size 4
   data = 0x80 0x00 0x00 0x00 
(0.005786) CudaRuntime.cpp:2685: kernel launch (_Z8mult_gpuPfS_S_ii) on thread 0x1cc0050
(0.005808) CudaRuntime.cpp:2706:  launch completed successfully
all enabled
(0.009058) X86TraceGenerator.cpp:776:  New kernel launched
(0.009079) X86TraceGenerator.cpp:777:  compute version:2.0
(0.009087) X86TraceGenerator.cpp:778:  grid  4 x 4 x 1
(0.009097) X86TraceGenerator.cpp:779:  block 32 x 32 x 1
(0.009105) X86TraceGenerator.cpp:780:  number of warps per block:32
(0.009112) X86TraceGenerator.cpp:781:  number of total warps:512
(0.009120) X86TraceGenerator.cpp:782:  # threads per block : 1024
(0.009127) X86TraceGenerator.cpp:783:  number of register per thread:20
(0.009134) X86TraceGenerator.cpp:784:  number of shared memory per thread:8192
(0.009144) X86TraceGenerator.cpp:822:  max blocks per core : 1
(0.012336) X86TraceGenerator.cpp:1082: mkdir -p /benchrun/macsim/cuda4-matrixmul/sm86_a6000/input-128/results/traces/_Z8mult_gpuPfS_S_ii_0/ (status 0)

(0.012414) X86TraceGenerator.cpp:1083: errno is 0 message is Success

The GPU Elapsed Time:2.519614 Sec.
(2.521489) CudaRuntime.cpp:1131: cudaMemcpy(0x1cf24f0, 0x1d02600, 65536)
(2.521511) CudaRuntime.cpp:215:    _memcpy(0x1cf24f0, 0x1d02600, 65536 bytes) d-to-h
The CPU Elapsed Time:0.019138 Sec.
Verifying
PASS
(2.540910) CudaRuntime.cpp:887:  cudaFree(0x1cc2300)
(2.540933) CudaRuntime.cpp:887:  cudaFree(0x1ce2400)
(2.540940) CudaRuntime.cpp:887:  cudaFree(0x1d02600)
(2.541847) X86TraceGenerator.cpp:725:  destructor
(2.542033) X86TraceGenerator.cpp:2259: finalize
(2.542040) X86TraceGenerator.cpp:2263: total instruction count: 7968
