options: Options {
    input: "/benchrun/accelsim-sass/cuda4-matrixmul/sm86_rtx3070/input-512/results/log.txt",
    output: "/benchrun/accelsim-sass/cuda4-matrixmul/sm86_rtx3070/input-512/results/stats.csv",
    per_kernel: false,
    kernel_instance: false,
    configs_as_rows: false,
    config_list: None,
    benchmark_list: None,
    sim_name: None,
    strict: false,
}
GPGPU-sim version: Some("accelsim-commit-e02c99dbadefc0b9dc95317100be2a446eec142c_modified_0.0")
stats: {
    (
        "final_kernel",
        0,
        "total_dram_writes",
    ): 0.0,
    (
        "final_kernel",
        0,
        "kernel_launch_uid",
    ): 1.0,
    (
        "final_kernel",
        0,
        "total_core_cache_write_hit",
    ): 0.0,
    (
        "final_kernel",
        0,
        "l2_cache_read_total",
    ): 1048576.0,
    (
        "final_kernel",
        0,
        "l2_bandwidth_gbps",
    ): 152.9098,
    (
        "final_kernel",
        0,
        "l2_cache_write_total",
    ): 32768.0,
    (
        "final_kernel",
        0,
        "gpu_occupancy",
    ): 66.4699,
    (
        "final_kernel",
        0,
        "gpgpu_n_tot_w_icount",
    ): 12435456.0,
    (
        "final_kernel",
        0,
        "l2_cache_write_miss",
    ): 8192.0,
    (
        "final_kernel",
        0,
        "gpu_total_instructions",
    ): 397410304.0,
    (
        "final_kernel",
        0,
        "total_core_cache_write_total",
    ): 32768.0,
    (
        "final_kernel",
        0,
        "total_dram_reads",
    ): 65536.0,
    (
        "final_kernel",
        0,
        "gpu_tot_sim_cycle",
    ): 256168.0,
    (
        "final_kernel",
        0,
        "l2_cache_write_hit",
    ): 0.0,
    (
        "final_kernel",
        0,
        "total_core_cache_read_hit",
    ): 0.0,
    (
        "final_kernel",
        0,
        "l2_cache_read_miss",
    ): 16384.0,
    (
        "final_kernel",
        0,
        "total_core_cache_read_total",
    ): 1048576.0,
    (
        "final_kernel",
        0,
        "gpgpu_simulation_time_sec",
    ): 553.0,
    (
        "final_kernel",
        0,
        "gpgpu_silicon_slowdown",
    ): 2444924.0,
    (
        "final_kernel",
        0,
        "gpgpu_simulation_rate",
    ): 463.0,
    (
        "final_kernel",
        0,
        "total_core_cache_read_mshr_hit",
    ): 0.0,
    (
        "final_kernel",
        0,
        "gpu_tot_ipc",
    ): 1551.366,
    (
        "final_kernel",
        0,
        "gpu_ipc",
    ): 1551.366,
    (
        "final_kernel",
        0,
        "l2_cache_read_hit",
    ): 894826.0,
}
done in 12.591988ms: 125.15 KiB parsed (16.00 EiB/s)
