options: Options {
    input: "/benchrun/accelsim-sass/cuda10-matrixmul/sm86_a6000/input-wa32-ha64-wb64-hb32/results/log.txt",
    output: "/benchrun/accelsim-sass/cuda10-matrixmul/sm86_a6000/input-wa32-ha64-wb64-hb32/results/stats.csv",
    per_kernel: false,
    kernel_instance: false,
    configs_as_rows: false,
    config_list: None,
    benchmark_list: None,
    sim_name: None,
    strict: false,
}
GPGPU-sim version: Some("accelsim-commit-e02c99dbadefc0b9dc95317100be2a446eec142c_modified_0.0")
stats: {
    (
        "final_kernel",
        0,
        "gpgpu_n_tot_w_icount",
    ): 17664.0,
    (
        "final_kernel",
        0,
        "l2_cache_write_hit",
    ): 0.0,
    (
        "final_kernel",
        0,
        "gpgpu_simulation_time_sec",
    ): 4.0,
    (
        "final_kernel",
        0,
        "total_core_cache_write_hit",
    ): 0.0,
    (
        "final_kernel",
        0,
        "gpu_tot_ipc",
    ): 70.0171,
    (
        "final_kernel",
        0,
        "total_core_cache_write_total",
    ): 512.0,
    (
        "final_kernel",
        0,
        "gpu_total_instructions",
    ): 557056.0,
    (
        "final_kernel",
        0,
        "l2_cache_read_total",
    ): 1024.0,
    (
        "final_kernel",
        0,
        "gpgpu_simulation_rate",
    ): 1989.0,
    (
        "final_kernel",
        0,
        "gpu_occupancy",
    ): 66.001,
    (
        "final_kernel",
        0,
        "gpu_tot_sim_cycle",
    ): 7956.0,
    (
        "final_kernel",
        0,
        "gpu_ipc",
    ): 70.0171,
    (
        "final_kernel",
        0,
        "l2_cache_read_hit",
    ): 0.0,
    (
        "final_kernel",
        0,
        "total_core_cache_read_total",
    ): 1024.0,
    (
        "final_kernel",
        0,
        "l2_bandwidth_gbps",
    ): 8.711,
    (
        "final_kernel",
        0,
        "total_core_cache_read_mshr_hit",
    ): 0.0,
    (
        "final_kernel",
        0,
        "kernel_launch_uid",
    ): 1.0,
    (
        "final_kernel",
        0,
        "l2_cache_write_total",
    ): 512.0,
    (
        "final_kernel",
        0,
        "l2_cache_write_miss",
    ): 128.0,
    (
        "final_kernel",
        0,
        "total_dram_writes",
    ): 0.0,
    (
        "final_kernel",
        0,
        "total_core_cache_read_hit",
    ): 0.0,
    (
        "final_kernel",
        0,
        "gpgpu_silicon_slowdown",
    ): 708898.0,
    (
        "final_kernel",
        0,
        "total_dram_reads",
    ): 512.0,
    (
        "final_kernel",
        0,
        "l2_cache_read_miss",
    ): 128.0,
}
done in 28.030574ms: 91.67 KiB parsed (16.00 EiB/s)
