options: Options {
    input: "/benchrun/tejas/sm86_rtx3070/cuda4-matrixmul/input-128/results/stats.txt",
    output: "/benchrun/tejas/sm86_rtx3070/cuda4-matrixmul/input-128/results/stats.csv",
}
stats: Stats {
    emulator_type: Some(
        "OCELOT",
    ),
    created: None,
    sim_time: Some(
        16.047s,
    ),
    total_inst_count: Some(
        7968,
    ),
    total_cycle_count: Some(
        3214,
    ),
    dram_total_reads: 0,
    dram_total_writes: 0,
    dram_avg_read_latency: Some(
        0.0,
    ),
    total_instr_cache_access: Some(
        0,
    ),
    total_const_cache_access: Some(
        0,
    ),
    total_shared_cache_access: Some(
        0,
    ),
    total_instr_cache_misses: Some(
        32,
    ),
    total_const_cache_misses: Some(
        2048,
    ),
    total_shared_cache_misses: Some(
        0,
    ),
    kips: Some(
        0.4965414096092728,
    ),
    total_ipc: Some(
        2.4791537025513377,
    ),
}
done after 30.052258ms
