(0.000000) CudaRuntime.cpp:3813: Adding external function 'malloc'
(0.000000) CudaRuntime.cpp:3813: Adding external function 'free'
(0.000000) CudaRuntime.cpp:3813: Adding external function 'vprintf'
(0.000000) CudaRuntime.cpp:3813: Adding external function 'cudaGetParameterBuffer'
(0.000058) CudaRuntime.cpp:595:  Loading module (fatbin) - transpose.cu
(0.000072) CudaRuntime.cpp:738:  Registered kernel - _Z22transposeCoarseGrainedPfS_ii in module 'transpose.cu'
(0.000088) CudaRuntime.cpp:738:  Registered kernel - _Z20transposeFineGrainedPfS_ii in module 'transpose.cu'
(0.000097) CudaRuntime.cpp:738:  Registered kernel - _Z17transposeDiagonalPfS_ii in module 'transpose.cu'
(0.000106) CudaRuntime.cpp:738:  Registered kernel - _Z24transposeNoBankConflictsPfS_ii in module 'transpose.cu'
(0.000115) CudaRuntime.cpp:738:  Registered kernel - _Z18transposeCoalescedPfS_ii in module 'transpose.cu'
(0.000123) CudaRuntime.cpp:738:  Registered kernel - _Z14transposeNaivePfS_ii in module 'transpose.cu'
(0.000131) CudaRuntime.cpp:738:  Registered kernel - _Z13copySharedMemPfS_ii in module 'transpose.cu'
(0.000139) CudaRuntime.cpp:738:  Registered kernel - _Z4copyPfS_ii in module 'transpose.cu'
Transpose Starting...

(0.000192) CudaRuntime.cpp:446:  Creating new context for thread 0x1ab8920
(0.000221) CudaRuntime.cpp:276:  Creating devices.
(0.000371) CudaRuntime.cpp:288:   - Added 1 emulator devices.
(0.000482) CudaRuntime.cpp:2203: cuda::CudaRuntime::cudaGetDeviceProperties(dev = 0) - major: 2, minor: 1
(0.000498) CudaRuntime.cpp:2241:   returning: prop->major = 2, prop->minor = 1
(0.000640) CudaRuntime.cpp:276:  Creating devices.
(0.000725) CudaRuntime.cpp:288:   - Added 1 emulator devices.
(0.000778) CudaRuntime.cpp:2203: cuda::CudaRuntime::cudaGetDeviceProperties(dev = 0) - major: 2, minor: 1
(0.000787) CudaRuntime.cpp:2241:   returning: prop->major = 2, prop->minor = 1
(0.000839) CudaRuntime.cpp:2289: Setting device for thread 0x1ab8920 to 0
(0.000849) CudaRuntime.cpp:276:  Creating devices.
(0.000921) CudaRuntime.cpp:288:   - Added 1 emulator devices.
(0.000982) CudaRuntime.cpp:2203: cuda::CudaRuntime::cudaGetDeviceProperties(dev = 0) - major: 2, minor: 1
(0.000991) CudaRuntime.cpp:2241:   returning: prop->major = 2, prop->minor = 1
GPU Device 0: "Ocelot PTX Emulator" with compute capability 2.1

(0.001039) CudaRuntime.cpp:276:  Creating devices.
(0.001109) CudaRuntime.cpp:288:   - Added 1 emulator devices.
(0.001153) CudaRuntime.cpp:2203: cuda::CudaRuntime::cudaGetDeviceProperties(dev = 0) - major: 2, minor: 1
(0.001162) CudaRuntime.cpp:2241:   returning: prop->major = 2, prop->minor = 1
> Device 0: "Ocelot PTX Emulator"
> SM Capability 2.1 detected:
> [Ocelot PTX Emulator] has 1 MP(s) x 48 (Cores/MP) = 48 (Cores)
> Compute performance scaling factor = 4.00
> MatrixSize X = 32
> MatrixSize Y = 32
(0.001237) CudaRuntime.cpp:276:  Creating devices.
(0.001309) CudaRuntime.cpp:288:   - Added 1 emulator devices.
(0.001369) CudaRuntime.cpp:787:  cudaMalloc( *devPtr = 0x1abe900, size = 4096)
(0.001389) CudaRuntime.cpp:787:  cudaMalloc( *devPtr = 0x1abfa00, size = 4096)
(0.001414) CudaRuntime.cpp:1131: cudaMemcpy(0x1abe900, 0x1abb8a0, 4096)
(0.001423) CudaRuntime.cpp:251:    _memcpy(0x1abe900, 0x1abb8a0, 4096 bytes) h-to-d

Matrix size: 32x32 (2x2 tiles), tile size: 16x16, block size: 16x16

(0.001463) CudaRuntime.cpp:2609: cudaConfigureCall()
(0.001472) CudaRuntime.cpp:2631: cudaSetupArgument() - offset 0, size 8
(0.001488) CudaRuntime.cpp:2631: cudaSetupArgument() - offset 8, size 8
(0.001497) CudaRuntime.cpp:2631: cudaSetupArgument() - offset 16, size 4
(0.001506) CudaRuntime.cpp:2631: cudaSetupArgument() - offset 20, size 4
(0.010366) CudaRuntime.cpp:142:  Mapping parameter at offset 0 of size 8 to offset 0 of size 8
   data = 0x00 0xfa 0xab 0x01 0x00 0x00 0x00 0x00 
(0.010383) CudaRuntime.cpp:142:  Mapping parameter at offset 8 of size 8 to offset 8 of size 8
   data = 0x00 0xe9 0xab 0x01 0x00 0x00 0x00 0x00 
(0.010401) CudaRuntime.cpp:142:  Mapping parameter at offset 16 of size 4 to offset 16 of size 4
   data = 0x20 0x00 0x00 0x00 
(0.010419) CudaRuntime.cpp:142:  Mapping parameter at offset 20 of size 4 to offset 20 of size 4
   data = 0x20 0x00 0x00 0x00 
(0.010425) CudaRuntime.cpp:2685: kernel launch (_Z4copyPfS_ii) on thread 0x1ab8920
(0.010442) CudaRuntime.cpp:2706:  launch completed successfully
all enabled
(0.011083) X86TraceGenerator.cpp:776:  New kernel launched
(0.011107) X86TraceGenerator.cpp:777:  compute version:2.0
(0.011115) X86TraceGenerator.cpp:778:  grid  2 x 2 x 1
(0.011125) X86TraceGenerator.cpp:779:  block 16 x 16 x 1
(0.011132) X86TraceGenerator.cpp:780:  number of warps per block:8
(0.011139) X86TraceGenerator.cpp:781:  number of total warps:32
(0.011146) X86TraceGenerator.cpp:782:  # threads per block : 256
(0.011153) X86TraceGenerator.cpp:783:  number of register per thread:7
(0.011160) X86TraceGenerator.cpp:784:  number of shared memory per thread:0
(0.011170) X86TraceGenerator.cpp:822:  max blocks per core : 6
(0.014665) X86TraceGenerator.cpp:1082: mkdir -p /benchrun/macsim/cuda6-transpose/sm86_rtx3070/input-repeat3-dimx32-dimy32/results/traces/_Z4copyPfS_ii_0/ (status 0)

(0.014727) X86TraceGenerator.cpp:1083: errno is 0 message is Success

(0.050783) CudaRuntime.cpp:2609: cudaConfigureCall()
(0.050802) CudaRuntime.cpp:2631: cudaSetupArgument() - offset 0, size 8
(0.050811) CudaRuntime.cpp:2631: cudaSetupArgument() - offset 8, size 8
(0.050819) CudaRuntime.cpp:2631: cudaSetupArgument() - offset 16, size 4
(0.050826) CudaRuntime.cpp:2631: cudaSetupArgument() - offset 20, size 4
(0.050862) CudaRuntime.cpp:142:  Mapping parameter at offset 0 of size 8 to offset 0 of size 8
   data = 0x00 0xfa 0xab 0x01 0x00 0x00 0x00 0x00 
(0.050875) CudaRuntime.cpp:142:  Mapping parameter at offset 8 of size 8 to offset 8 of size 8
   data = 0x00 0xe9 0xab 0x01 0x00 0x00 0x00 0x00 
(0.050886) CudaRuntime.cpp:142:  Mapping parameter at offset 16 of size 4 to offset 16 of size 4
   data = 0x20 0x00 0x00 0x00 
(0.050897) CudaRuntime.cpp:142:  Mapping parameter at offset 20 of size 4 to offset 20 of size 4
   data = 0x20 0x00 0x00 0x00 
(0.050914) CudaRuntime.cpp:2685: kernel launch (_Z4copyPfS_ii) on thread 0x1ab8920
(0.050943) CudaRuntime.cpp:2706:  launch completed successfully
(0.051833) X86TraceGenerator.cpp:776:  New kernel launched
(0.051842) X86TraceGenerator.cpp:777:  compute version:2.0
(0.051846) X86TraceGenerator.cpp:778:  grid  2 x 2 x 1
(0.051849) X86TraceGenerator.cpp:779:  block 16 x 16 x 1
(0.051852) X86TraceGenerator.cpp:780:  number of warps per block:8
(0.051855) X86TraceGenerator.cpp:781:  number of total warps:32
(0.051858) X86TraceGenerator.cpp:782:  # threads per block : 256
(0.051861) X86TraceGenerator.cpp:783:  number of register per thread:7
(0.051864) X86TraceGenerator.cpp:784:  number of shared memory per thread:0
(0.051867) X86TraceGenerator.cpp:822:  max blocks per core : 6
(0.055833) X86TraceGenerator.cpp:1082: mkdir -p /benchrun/macsim/cuda6-transpose/sm86_rtx3070/input-repeat3-dimx32-dimy32/results/traces/_Z4copyPfS_ii_1/ (status 0)

(0.055849) X86TraceGenerator.cpp:1083: errno is 0 message is Success

(0.072489) CudaRuntime.cpp:2609: cudaConfigureCall()
(0.072510) CudaRuntime.cpp:2631: cudaSetupArgument() - offset 0, size 8
(0.072520) CudaRuntime.cpp:2631: cudaSetupArgument() - offset 8, size 8
(0.072527) CudaRuntime.cpp:2631: cudaSetupArgument() - offset 16, size 4
(0.072535) CudaRuntime.cpp:2631: cudaSetupArgument() - offset 20, size 4
(0.072583) CudaRuntime.cpp:142:  Mapping parameter at offset 0 of size 8 to offset 0 of size 8
   data = 0x00 0xfa 0xab 0x01 0x00 0x00 0x00 0x00 
(0.072596) CudaRuntime.cpp:142:  Mapping parameter at offset 8 of size 8 to offset 8 of size 8
   data = 0x00 0xe9 0xab 0x01 0x00 0x00 0x00 0x00 
(0.072607) CudaRuntime.cpp:142:  Mapping parameter at offset 16 of size 4 to offset 16 of size 4
   data = 0x20 0x00 0x00 0x00 
(0.072618) CudaRuntime.cpp:142:  Mapping parameter at offset 20 of size 4 to offset 20 of size 4
   data = 0x20 0x00 0x00 0x00 
(0.072627) CudaRuntime.cpp:2685: kernel launch (_Z4copyPfS_ii) on thread 0x1ab8920
(0.072668) CudaRuntime.cpp:2706:  launch completed successfully
(0.073320) X86TraceGenerator.cpp:776:  New kernel launched
(0.073328) X86TraceGenerator.cpp:777:  compute version:2.0
(0.073331) X86TraceGenerator.cpp:778:  grid  2 x 2 x 1
(0.073334) X86TraceGenerator.cpp:779:  block 16 x 16 x 1
(0.073336) X86TraceGenerator.cpp:780:  number of warps per block:8
(0.073338) X86TraceGenerator.cpp:781:  number of total warps:32
(0.073340) X86TraceGenerator.cpp:782:  # threads per block : 256
(0.073343) X86TraceGenerator.cpp:783:  number of register per thread:7
(0.073345) X86TraceGenerator.cpp:784:  number of shared memory per thread:0
(0.073348) X86TraceGenerator.cpp:822:  max blocks per core : 6
(0.077187) X86TraceGenerator.cpp:1082: mkdir -p /benchrun/macsim/cuda6-transpose/sm86_rtx3070/input-repeat3-dimx32-dimy32/results/traces/_Z4copyPfS_ii_2/ (status 0)

(0.077201) X86TraceGenerator.cpp:1083: errno is 0 message is Success

(0.093105) CudaRuntime.cpp:2609: cudaConfigureCall()
(0.093138) CudaRuntime.cpp:2631: cudaSetupArgument() - offset 0, size 8
(0.093164) CudaRuntime.cpp:2631: cudaSetupArgument() - offset 8, size 8
(0.093188) CudaRuntime.cpp:2631: cudaSetupArgument() - offset 16, size 4
(0.093212) CudaRuntime.cpp:2631: cudaSetupArgument() - offset 20, size 4
(0.093273) CudaRuntime.cpp:142:  Mapping parameter at offset 0 of size 8 to offset 0 of size 8
   data = 0x00 0xfa 0xab 0x01 0x00 0x00 0x00 0x00 
(0.093312) CudaRuntime.cpp:142:  Mapping parameter at offset 8 of size 8 to offset 8 of size 8
   data = 0x00 0xe9 0xab 0x01 0x00 0x00 0x00 0x00 
(0.093346) CudaRuntime.cpp:142:  Mapping parameter at offset 16 of size 4 to offset 16 of size 4
   data = 0x20 0x00 0x00 0x00 
(0.093381) CudaRuntime.cpp:142:  Mapping parameter at offset 20 of size 4 to offset 20 of size 4
   data = 0x20 0x00 0x00 0x00 
(0.093415) CudaRuntime.cpp:2685: kernel launch (_Z4copyPfS_ii) on thread 0x1ab8920
(0.093455) CudaRuntime.cpp:2706:  launch completed successfully
(0.094001) X86TraceGenerator.cpp:776:  New kernel launched
(0.094008) X86TraceGenerator.cpp:777:  compute version:2.0
(0.094011) X86TraceGenerator.cpp:778:  grid  2 x 2 x 1
(0.094014) X86TraceGenerator.cpp:779:  block 16 x 16 x 1
(0.094016) X86TraceGenerator.cpp:780:  number of warps per block:8
(0.094018) X86TraceGenerator.cpp:781:  number of total warps:32
(0.094021) X86TraceGenerator.cpp:782:  # threads per block : 256
(0.094023) X86TraceGenerator.cpp:783:  number of register per thread:7
(0.094025) X86TraceGenerator.cpp:784:  number of shared memory per thread:0
(0.094028) X86TraceGenerator.cpp:822:  max blocks per core : 6
(0.098198) X86TraceGenerator.cpp:1082: mkdir -p /benchrun/macsim/cuda6-transpose/sm86_rtx3070/input-repeat3-dimx32-dimy32/results/traces/_Z4copyPfS_ii_3/ (status 0)

(0.098214) X86TraceGenerator.cpp:1083: errno is 0 message is Success

(0.115324) CudaRuntime.cpp:1131: cudaMemcpy(0x1abc8b0, 0x1abfa00, 4096)
(0.115345) CudaRuntime.cpp:215:    _memcpy(0x1abc8b0, 0x1abfa00, 4096 bytes) d-to-h
(0.115379) CudaRuntime.cpp:1131: cudaMemcpy(0x1abc8b0, 0x1abfa00, 4096)
(0.115387) CudaRuntime.cpp:215:    _memcpy(0x1abc8b0, 0x1abfa00, 4096 bytes) d-to-h
transpose simple copy       , Throughput = 0.0004 GB/s, Time = 21.50996 ms, Size = 1024 fp32 elements, NumDevsUsed = 1, Workgroup = 256
(0.115418) CudaRuntime.cpp:2609: cudaConfigureCall()
(0.115427) CudaRuntime.cpp:2631: cudaSetupArgument() - offset 0, size 8
(0.115435) CudaRuntime.cpp:2631: cudaSetupArgument() - offset 8, size 8
(0.115443) CudaRuntime.cpp:2631: cudaSetupArgument() - offset 16, size 4
(0.115450) CudaRuntime.cpp:2631: cudaSetupArgument() - offset 20, size 4
(0.115488) CudaRuntime.cpp:142:  Mapping parameter at offset 0 of size 8 to offset 0 of size 8
   data = 0x00 0xfa 0xab 0x01 0x00 0x00 0x00 0x00 
(0.115501) CudaRuntime.cpp:142:  Mapping parameter at offset 8 of size 8 to offset 8 of size 8
   data = 0x00 0xe9 0xab 0x01 0x00 0x00 0x00 0x00 
(0.115512) CudaRuntime.cpp:142:  Mapping parameter at offset 16 of size 4 to offset 16 of size 4
   data = 0x20 0x00 0x00 0x00 
(0.115524) CudaRuntime.cpp:142:  Mapping parameter at offset 20 of size 4 to offset 20 of size 4
   data = 0x20 0x00 0x00 0x00 
(0.115548) CudaRuntime.cpp:2685: kernel launch (_Z13copySharedMemPfS_ii) on thread 0x1ab8920
(0.115571) CudaRuntime.cpp:2706:  launch completed successfully
(0.116457) X86TraceGenerator.cpp:776:  New kernel launched
(0.116469) X86TraceGenerator.cpp:777:  compute version:2.0
(0.116476) X86TraceGenerator.cpp:778:  grid  2 x 2 x 1
(0.116484) X86TraceGenerator.cpp:779:  block 16 x 16 x 1
(0.116491) X86TraceGenerator.cpp:780:  number of warps per block:8
(0.116498) X86TraceGenerator.cpp:781:  number of total warps:32
(0.116505) X86TraceGenerator.cpp:782:  # threads per block : 256
(0.116512) X86TraceGenerator.cpp:783:  number of register per thread:10
(0.116518) X86TraceGenerator.cpp:784:  number of shared memory per thread:1024
(0.116526) X86TraceGenerator.cpp:822:  max blocks per core : 6
(0.120573) X86TraceGenerator.cpp:1082: mkdir -p /benchrun/macsim/cuda6-transpose/sm86_rtx3070/input-repeat3-dimx32-dimy32/results/traces/_Z13copySharedMemPfS_ii_0/ (status 0)

(0.120589) X86TraceGenerator.cpp:1083: errno is 0 message is Success

(0.149075) CudaRuntime.cpp:2609: cudaConfigureCall()
(0.149095) CudaRuntime.cpp:2631: cudaSetupArgument() - offset 0, size 8
(0.149103) CudaRuntime.cpp:2631: cudaSetupArgument() - offset 8, size 8
(0.149111) CudaRuntime.cpp:2631: cudaSetupArgument() - offset 16, size 4
(0.149118) CudaRuntime.cpp:2631: cudaSetupArgument() - offset 20, size 4
(0.149154) CudaRuntime.cpp:142:  Mapping parameter at offset 0 of size 8 to offset 0 of size 8
   data = 0x00 0xfa 0xab 0x01 0x00 0x00 0x00 0x00 
(0.149167) CudaRuntime.cpp:142:  Mapping parameter at offset 8 of size 8 to offset 8 of size 8
   data = 0x00 0xe9 0xab 0x01 0x00 0x00 0x00 0x00 
(0.149177) CudaRuntime.cpp:142:  Mapping parameter at offset 16 of size 4 to offset 16 of size 4
   data = 0x20 0x00 0x00 0x00 
(0.149188) CudaRuntime.cpp:142:  Mapping parameter at offset 20 of size 4 to offset 20 of size 4
   data = 0x20 0x00 0x00 0x00 
(0.149204) CudaRuntime.cpp:2685: kernel launch (_Z13copySharedMemPfS_ii) on thread 0x1ab8920
(0.149224) CudaRuntime.cpp:2706:  launch completed successfully
(0.150251) X86TraceGenerator.cpp:776:  New kernel launched
(0.150259) X86TraceGenerator.cpp:777:  compute version:2.0
(0.150262) X86TraceGenerator.cpp:778:  grid  2 x 2 x 1
(0.150265) X86TraceGenerator.cpp:779:  block 16 x 16 x 1
(0.150267) X86TraceGenerator.cpp:780:  number of warps per block:8
(0.150269) X86TraceGenerator.cpp:781:  number of total warps:32
(0.150271) X86TraceGenerator.cpp:782:  # threads per block : 256
(0.150273) X86TraceGenerator.cpp:783:  number of register per thread:10
(0.150275) X86TraceGenerator.cpp:784:  number of shared memory per thread:1024
(0.150278) X86TraceGenerator.cpp:822:  max blocks per core : 6
(0.154417) X86TraceGenerator.cpp:1082: mkdir -p /benchrun/macsim/cuda6-transpose/sm86_rtx3070/input-repeat3-dimx32-dimy32/results/traces/_Z13copySharedMemPfS_ii_1/ (status 0)

(0.154436) X86TraceGenerator.cpp:1083: errno is 0 message is Success

(0.183232) CudaRuntime.cpp:2609: cudaConfigureCall()
(0.183252) CudaRuntime.cpp:2631: cudaSetupArgument() - offset 0, size 8
(0.183261) CudaRuntime.cpp:2631: cudaSetupArgument() - offset 8, size 8
(0.183268) CudaRuntime.cpp:2631: cudaSetupArgument() - offset 16, size 4
(0.183276) CudaRuntime.cpp:2631: cudaSetupArgument() - offset 20, size 4
(0.183342) CudaRuntime.cpp:142:  Mapping parameter at offset 0 of size 8 to offset 0 of size 8
   data = 0x00 0xfa 0xab 0x01 0x00 0x00 0x00 0x00 
(0.183375) CudaRuntime.cpp:142:  Mapping parameter at offset 8 of size 8 to offset 8 of size 8
   data = 0x00 0xe9 0xab 0x01 0x00 0x00 0x00 0x00 
(0.183387) CudaRuntime.cpp:142:  Mapping parameter at offset 16 of size 4 to offset 16 of size 4
   data = 0x20 0x00 0x00 0x00 
(0.183398) CudaRuntime.cpp:142:  Mapping parameter at offset 20 of size 4 to offset 20 of size 4
   data = 0x20 0x00 0x00 0x00 
(0.183408) CudaRuntime.cpp:2685: kernel launch (_Z13copySharedMemPfS_ii) on thread 0x1ab8920
(0.183432) CudaRuntime.cpp:2706:  launch completed successfully
(0.184492) X86TraceGenerator.cpp:776:  New kernel launched
(0.184514) X86TraceGenerator.cpp:777:  compute version:2.0
(0.184516) X86TraceGenerator.cpp:778:  grid  2 x 2 x 1
(0.184519) X86TraceGenerator.cpp:779:  block 16 x 16 x 1
(0.184521) X86TraceGenerator.cpp:780:  number of warps per block:8
(0.184524) X86TraceGenerator.cpp:781:  number of total warps:32
(0.184542) X86TraceGenerator.cpp:782:  # threads per block : 256
(0.184544) X86TraceGenerator.cpp:783:  number of register per thread:10
(0.184546) X86TraceGenerator.cpp:784:  number of shared memory per thread:1024
(0.184549) X86TraceGenerator.cpp:822:  max blocks per core : 6
(0.189003) X86TraceGenerator.cpp:1082: mkdir -p /benchrun/macsim/cuda6-transpose/sm86_rtx3070/input-repeat3-dimx32-dimy32/results/traces/_Z13copySharedMemPfS_ii_2/ (status 0)

(0.189037) X86TraceGenerator.cpp:1083: errno is 0 message is Success

(0.236713) CudaRuntime.cpp:2609: cudaConfigureCall()
(0.236733) CudaRuntime.cpp:2631: cudaSetupArgument() - offset 0, size 8
(0.236742) CudaRuntime.cpp:2631: cudaSetupArgument() - offset 8, size 8
(0.236749) CudaRuntime.cpp:2631: cudaSetupArgument() - offset 16, size 4
(0.236757) CudaRuntime.cpp:2631: cudaSetupArgument() - offset 20, size 4
(0.236794) CudaRuntime.cpp:142:  Mapping parameter at offset 0 of size 8 to offset 0 of size 8
   data = 0x00 0xfa 0xab 0x01 0x00 0x00 0x00 0x00 
(0.236807) CudaRuntime.cpp:142:  Mapping parameter at offset 8 of size 8 to offset 8 of size 8
   data = 0x00 0xe9 0xab 0x01 0x00 0x00 0x00 0x00 
(0.236818) CudaRuntime.cpp:142:  Mapping parameter at offset 16 of size 4 to offset 16 of size 4
   data = 0x20 0x00 0x00 0x00 
(0.236828) CudaRuntime.cpp:142:  Mapping parameter at offset 20 of size 4 to offset 20 of size 4
   data = 0x20 0x00 0x00 0x00 
(0.236845) CudaRuntime.cpp:2685: kernel launch (_Z13copySharedMemPfS_ii) on thread 0x1ab8920
(0.236869) CudaRuntime.cpp:2706:  launch completed successfully
(0.237905) X86TraceGenerator.cpp:776:  New kernel launched
(0.237911) X86TraceGenerator.cpp:777:  compute version:2.0
(0.237913) X86TraceGenerator.cpp:778:  grid  2 x 2 x 1
(0.237916) X86TraceGenerator.cpp:779:  block 16 x 16 x 1
(0.237918) X86TraceGenerator.cpp:780:  number of warps per block:8
(0.237920) X86TraceGenerator.cpp:781:  number of total warps:32
(0.237922) X86TraceGenerator.cpp:782:  # threads per block : 256
(0.237925) X86TraceGenerator.cpp:783:  number of register per thread:10
(0.237927) X86TraceGenerator.cpp:784:  number of shared memory per thread:1024
(0.237929) X86TraceGenerator.cpp:822:  max blocks per core : 6
(0.241951) X86TraceGenerator.cpp:1082: mkdir -p /benchrun/macsim/cuda6-transpose/sm86_rtx3070/input-repeat3-dimx32-dimy32/results/traces/_Z13copySharedMemPfS_ii_3/ (status 0)

(0.241966) X86TraceGenerator.cpp:1083: errno is 0 message is Success

(0.270527) CudaRuntime.cpp:1131: cudaMemcpy(0x1abc8b0, 0x1abfa00, 4096)
(0.270546) CudaRuntime.cpp:215:    _memcpy(0x1abc8b0, 0x1abfa00, 4096 bytes) d-to-h
(0.270579) CudaRuntime.cpp:1131: cudaMemcpy(0x1abc8b0, 0x1abfa00, 4096)
(0.270587) CudaRuntime.cpp:215:    _memcpy(0x1abc8b0, 0x1abfa00, 4096 bytes) d-to-h
transpose shared memory copy, Throughput = 0.0002 GB/s, Time = 40.48292 ms, Size = 1024 fp32 elements, NumDevsUsed = 1, Workgroup = 256
(0.270617) CudaRuntime.cpp:2609: cudaConfigureCall()
(0.270626) CudaRuntime.cpp:2631: cudaSetupArgument() - offset 0, size 8
(0.270635) CudaRuntime.cpp:2631: cudaSetupArgument() - offset 8, size 8
(0.270642) CudaRuntime.cpp:2631: cudaSetupArgument() - offset 16, size 4
(0.270649) CudaRuntime.cpp:2631: cudaSetupArgument() - offset 20, size 4
(0.270696) CudaRuntime.cpp:142:  Mapping parameter at offset 0 of size 8 to offset 0 of size 8
   data = 0x00 0xfa 0xab 0x01 0x00 0x00 0x00 0x00 
(0.270709) CudaRuntime.cpp:142:  Mapping parameter at offset 8 of size 8 to offset 8 of size 8
   data = 0x00 0xe9 0xab 0x01 0x00 0x00 0x00 0x00 
(0.270719) CudaRuntime.cpp:142:  Mapping parameter at offset 16 of size 4 to offset 16 of size 4
   data = 0x20 0x00 0x00 0x00 
(0.270730) CudaRuntime.cpp:142:  Mapping parameter at offset 20 of size 4 to offset 20 of size 4
   data = 0x20 0x00 0x00 0x00 
(0.270753) CudaRuntime.cpp:2685: kernel launch (_Z14transposeNaivePfS_ii) on thread 0x1ab8920
(0.270772) CudaRuntime.cpp:2706:  launch completed successfully
(0.271913) X86TraceGenerator.cpp:776:  New kernel launched
(0.271919) X86TraceGenerator.cpp:777:  compute version:2.0
(0.271922) X86TraceGenerator.cpp:778:  grid  2 x 2 x 1
(0.271924) X86TraceGenerator.cpp:779:  block 16 x 16 x 1
(0.271926) X86TraceGenerator.cpp:780:  number of warps per block:8
(0.271929) X86TraceGenerator.cpp:781:  number of total warps:32
(0.271931) X86TraceGenerator.cpp:782:  # threads per block : 256
(0.271933) X86TraceGenerator.cpp:783:  number of register per thread:10
(0.271935) X86TraceGenerator.cpp:784:  number of shared memory per thread:0
(0.271938) X86TraceGenerator.cpp:822:  max blocks per core : 6
(0.276114) X86TraceGenerator.cpp:1082: mkdir -p /benchrun/macsim/cuda6-transpose/sm86_rtx3070/input-repeat3-dimx32-dimy32/results/traces/_Z14transposeNaivePfS_ii_0/ (status 0)

(0.276129) X86TraceGenerator.cpp:1083: errno is 0 message is Success

(0.294281) CudaRuntime.cpp:2609: cudaConfigureCall()
(0.294300) CudaRuntime.cpp:2631: cudaSetupArgument() - offset 0, size 8
(0.294345) CudaRuntime.cpp:2631: cudaSetupArgument() - offset 8, size 8
(0.294353) CudaRuntime.cpp:2631: cudaSetupArgument() - offset 16, size 4
(0.294360) CudaRuntime.cpp:2631: cudaSetupArgument() - offset 20, size 4
(0.294393) CudaRuntime.cpp:142:  Mapping parameter at offset 0 of size 8 to offset 0 of size 8
   data = 0x00 0xfa 0xab 0x01 0x00 0x00 0x00 0x00 
(0.294406) CudaRuntime.cpp:142:  Mapping parameter at offset 8 of size 8 to offset 8 of size 8
   data = 0x00 0xe9 0xab 0x01 0x00 0x00 0x00 0x00 
(0.294417) CudaRuntime.cpp:142:  Mapping parameter at offset 16 of size 4 to offset 16 of size 4
   data = 0x20 0x00 0x00 0x00 
(0.294427) CudaRuntime.cpp:142:  Mapping parameter at offset 20 of size 4 to offset 20 of size 4
   data = 0x20 0x00 0x00 0x00 
(0.294443) CudaRuntime.cpp:2685: kernel launch (_Z14transposeNaivePfS_ii) on thread 0x1ab8920
(0.294463) CudaRuntime.cpp:2706:  launch completed successfully
(0.295120) X86TraceGenerator.cpp:776:  New kernel launched
(0.295128) X86TraceGenerator.cpp:777:  compute version:2.0
(0.295130) X86TraceGenerator.cpp:778:  grid  2 x 2 x 1
(0.295133) X86TraceGenerator.cpp:779:  block 16 x 16 x 1
(0.295135) X86TraceGenerator.cpp:780:  number of warps per block:8
(0.295137) X86TraceGenerator.cpp:781:  number of total warps:32
(0.295140) X86TraceGenerator.cpp:782:  # threads per block : 256
(0.295142) X86TraceGenerator.cpp:783:  number of register per thread:10
(0.295144) X86TraceGenerator.cpp:784:  number of shared memory per thread:0
(0.295147) X86TraceGenerator.cpp:822:  max blocks per core : 6
(0.299318) X86TraceGenerator.cpp:1082: mkdir -p /benchrun/macsim/cuda6-transpose/sm86_rtx3070/input-repeat3-dimx32-dimy32/results/traces/_Z14transposeNaivePfS_ii_1/ (status 0)

(0.299333) X86TraceGenerator.cpp:1083: errno is 0 message is Success

(0.317917) CudaRuntime.cpp:2609: cudaConfigureCall()
(0.317936) CudaRuntime.cpp:2631: cudaSetupArgument() - offset 0, size 8
(0.317945) CudaRuntime.cpp:2631: cudaSetupArgument() - offset 8, size 8
(0.317953) CudaRuntime.cpp:2631: cudaSetupArgument() - offset 16, size 4
(0.317960) CudaRuntime.cpp:2631: cudaSetupArgument() - offset 20, size 4
(0.318000) CudaRuntime.cpp:142:  Mapping parameter at offset 0 of size 8 to offset 0 of size 8
   data = 0x00 0xfa 0xab 0x01 0x00 0x00 0x00 0x00 
(0.318012) CudaRuntime.cpp:142:  Mapping parameter at offset 8 of size 8 to offset 8 of size 8
   data = 0x00 0xe9 0xab 0x01 0x00 0x00 0x00 0x00 
(0.318023) CudaRuntime.cpp:142:  Mapping parameter at offset 16 of size 4 to offset 16 of size 4
   data = 0x20 0x00 0x00 0x00 
(0.318034) CudaRuntime.cpp:142:  Mapping parameter at offset 20 of size 4 to offset 20 of size 4
   data = 0x20 0x00 0x00 0x00 
(0.318043) CudaRuntime.cpp:2685: kernel launch (_Z14transposeNaivePfS_ii) on thread 0x1ab8920
(0.318066) CudaRuntime.cpp:2706:  launch completed successfully
(0.318760) X86TraceGenerator.cpp:776:  New kernel launched
(0.318772) X86TraceGenerator.cpp:777:  compute version:2.0
(0.318774) X86TraceGenerator.cpp:778:  grid  2 x 2 x 1
(0.318777) X86TraceGenerator.cpp:779:  block 16 x 16 x 1
(0.318779) X86TraceGenerator.cpp:780:  number of warps per block:8
(0.318782) X86TraceGenerator.cpp:781:  number of total warps:32
(0.318784) X86TraceGenerator.cpp:782:  # threads per block : 256
(0.318786) X86TraceGenerator.cpp:783:  number of register per thread:10
(0.318788) X86TraceGenerator.cpp:784:  number of shared memory per thread:0
(0.318790) X86TraceGenerator.cpp:822:  max blocks per core : 6
(0.322928) X86TraceGenerator.cpp:1082: mkdir -p /benchrun/macsim/cuda6-transpose/sm86_rtx3070/input-repeat3-dimx32-dimy32/results/traces/_Z14transposeNaivePfS_ii_2/ (status 0)

(0.322943) X86TraceGenerator.cpp:1083: errno is 0 message is Success

(0.341636) CudaRuntime.cpp:2609: cudaConfigureCall()
(0.341654) CudaRuntime.cpp:2631: cudaSetupArgument() - offset 0, size 8
(0.341663) CudaRuntime.cpp:2631: cudaSetupArgument() - offset 8, size 8
(0.341671) CudaRuntime.cpp:2631: cudaSetupArgument() - offset 16, size 4
(0.341679) CudaRuntime.cpp:2631: cudaSetupArgument() - offset 20, size 4
(0.341714) CudaRuntime.cpp:142:  Mapping parameter at offset 0 of size 8 to offset 0 of size 8
   data = 0x00 0xfa 0xab 0x01 0x00 0x00 0x00 0x00 
(0.341727) CudaRuntime.cpp:142:  Mapping parameter at offset 8 of size 8 to offset 8 of size 8
   data = 0x00 0xe9 0xab 0x01 0x00 0x00 0x00 0x00 
(0.341738) CudaRuntime.cpp:142:  Mapping parameter at offset 16 of size 4 to offset 16 of size 4
   data = 0x20 0x00 0x00 0x00 
(0.341748) CudaRuntime.cpp:142:  Mapping parameter at offset 20 of size 4 to offset 20 of size 4
   data = 0x20 0x00 0x00 0x00 
(0.341765) CudaRuntime.cpp:2685: kernel launch (_Z14transposeNaivePfS_ii) on thread 0x1ab8920
(0.341784) CudaRuntime.cpp:2706:  launch completed successfully
(0.342436) X86TraceGenerator.cpp:776:  New kernel launched
(0.342445) X86TraceGenerator.cpp:777:  compute version:2.0
(0.342447) X86TraceGenerator.cpp:778:  grid  2 x 2 x 1
(0.342450) X86TraceGenerator.cpp:779:  block 16 x 16 x 1
(0.342452) X86TraceGenerator.cpp:780:  number of warps per block:8
(0.342454) X86TraceGenerator.cpp:781:  number of total warps:32
(0.342457) X86TraceGenerator.cpp:782:  # threads per block : 256
(0.342459) X86TraceGenerator.cpp:783:  number of register per thread:10
(0.342461) X86TraceGenerator.cpp:784:  number of shared memory per thread:0
(0.342463) X86TraceGenerator.cpp:822:  max blocks per core : 6
(0.346601) X86TraceGenerator.cpp:1082: mkdir -p /benchrun/macsim/cuda6-transpose/sm86_rtx3070/input-repeat3-dimx32-dimy32/results/traces/_Z14transposeNaivePfS_ii_3/ (status 0)

(0.346617) X86TraceGenerator.cpp:1083: errno is 0 message is Success

(0.365344) CudaRuntime.cpp:1131: cudaMemcpy(0x1abc8b0, 0x1abfa00, 4096)
(0.365363) CudaRuntime.cpp:215:    _memcpy(0x1abc8b0, 0x1abfa00, 4096 bytes) d-to-h
(0.365396) CudaRuntime.cpp:1131: cudaMemcpy(0x1abc8b0, 0x1abfa00, 4096)
(0.365404) CudaRuntime.cpp:215:    _memcpy(0x1abc8b0, 0x1abfa00, 4096 bytes) d-to-h
transpose naive             , Throughput = 0.0003 GB/s, Time = 23.68649 ms, Size = 1024 fp32 elements, NumDevsUsed = 1, Workgroup = 256
(0.365436) CudaRuntime.cpp:2609: cudaConfigureCall()
(0.365444) CudaRuntime.cpp:2631: cudaSetupArgument() - offset 0, size 8
(0.365453) CudaRuntime.cpp:2631: cudaSetupArgument() - offset 8, size 8
(0.365460) CudaRuntime.cpp:2631: cudaSetupArgument() - offset 16, size 4
(0.365468) CudaRuntime.cpp:2631: cudaSetupArgument() - offset 20, size 4
(0.365510) CudaRuntime.cpp:142:  Mapping parameter at offset 0 of size 8 to offset 0 of size 8
   data = 0x00 0xfa 0xab 0x01 0x00 0x00 0x00 0x00 
(0.365524) CudaRuntime.cpp:142:  Mapping parameter at offset 8 of size 8 to offset 8 of size 8
   data = 0x00 0xe9 0xab 0x01 0x00 0x00 0x00 0x00 
(0.365534) CudaRuntime.cpp:142:  Mapping parameter at offset 16 of size 4 to offset 16 of size 4
   data = 0x20 0x00 0x00 0x00 
(0.365545) CudaRuntime.cpp:142:  Mapping parameter at offset 20 of size 4 to offset 20 of size 4
   data = 0x20 0x00 0x00 0x00 
(0.365566) CudaRuntime.cpp:2685: kernel launch (_Z18transposeCoalescedPfS_ii) on thread 0x1ab8920
(0.365589) CudaRuntime.cpp:2706:  launch completed successfully
(0.366479) X86TraceGenerator.cpp:776:  New kernel launched
(0.366491) X86TraceGenerator.cpp:777:  compute version:2.0
(0.366498) X86TraceGenerator.cpp:778:  grid  2 x 2 x 1
(0.366505) X86TraceGenerator.cpp:779:  block 16 x 16 x 1
(0.366512) X86TraceGenerator.cpp:780:  number of warps per block:8
(0.366519) X86TraceGenerator.cpp:781:  number of total warps:32
(0.366526) X86TraceGenerator.cpp:782:  # threads per block : 256
(0.366533) X86TraceGenerator.cpp:783:  number of register per thread:8
(0.366539) X86TraceGenerator.cpp:784:  number of shared memory per thread:1024
(0.366547) X86TraceGenerator.cpp:822:  max blocks per core : 6
(0.370915) X86TraceGenerator.cpp:1082: mkdir -p /benchrun/macsim/cuda6-transpose/sm86_rtx3070/input-repeat3-dimx32-dimy32/results/traces/_Z18transposeCoalescedPfS_ii_0/ (status 0)

(0.370932) X86TraceGenerator.cpp:1083: errno is 0 message is Success

(0.396317) CudaRuntime.cpp:2609: cudaConfigureCall()
(0.396355) CudaRuntime.cpp:2631: cudaSetupArgument() - offset 0, size 8
(0.396384) CudaRuntime.cpp:2631: cudaSetupArgument() - offset 8, size 8
(0.396394) CudaRuntime.cpp:2631: cudaSetupArgument() - offset 16, size 4
(0.396402) CudaRuntime.cpp:2631: cudaSetupArgument() - offset 20, size 4
(0.396442) CudaRuntime.cpp:142:  Mapping parameter at offset 0 of size 8 to offset 0 of size 8
   data = 0x00 0xfa 0xab 0x01 0x00 0x00 0x00 0x00 
(0.396455) CudaRuntime.cpp:142:  Mapping parameter at offset 8 of size 8 to offset 8 of size 8
   data = 0x00 0xe9 0xab 0x01 0x00 0x00 0x00 0x00 
(0.396466) CudaRuntime.cpp:142:  Mapping parameter at offset 16 of size 4 to offset 16 of size 4
   data = 0x20 0x00 0x00 0x00 
(0.396477) CudaRuntime.cpp:142:  Mapping parameter at offset 20 of size 4 to offset 20 of size 4
   data = 0x20 0x00 0x00 0x00 
(0.396493) CudaRuntime.cpp:2685: kernel launch (_Z18transposeCoalescedPfS_ii) on thread 0x1ab8920
(0.396513) CudaRuntime.cpp:2706:  launch completed successfully
(0.397668) X86TraceGenerator.cpp:776:  New kernel launched
(0.397674) X86TraceGenerator.cpp:777:  compute version:2.0
(0.397676) X86TraceGenerator.cpp:778:  grid  2 x 2 x 1
(0.397679) X86TraceGenerator.cpp:779:  block 16 x 16 x 1
(0.397681) X86TraceGenerator.cpp:780:  number of warps per block:8
(0.397683) X86TraceGenerator.cpp:781:  number of total warps:32
(0.397685) X86TraceGenerator.cpp:782:  # threads per block : 256
(0.397687) X86TraceGenerator.cpp:783:  number of register per thread:8
(0.397690) X86TraceGenerator.cpp:784:  number of shared memory per thread:1024
(0.397692) X86TraceGenerator.cpp:822:  max blocks per core : 6
(0.401977) X86TraceGenerator.cpp:1082: mkdir -p /benchrun/macsim/cuda6-transpose/sm86_rtx3070/input-repeat3-dimx32-dimy32/results/traces/_Z18transposeCoalescedPfS_ii_1/ (status 0)

(0.401991) X86TraceGenerator.cpp:1083: errno is 0 message is Success

(0.427426) CudaRuntime.cpp:2609: cudaConfigureCall()
(0.427445) CudaRuntime.cpp:2631: cudaSetupArgument() - offset 0, size 8
(0.427454) CudaRuntime.cpp:2631: cudaSetupArgument() - offset 8, size 8
(0.427462) CudaRuntime.cpp:2631: cudaSetupArgument() - offset 16, size 4
(0.427469) CudaRuntime.cpp:2631: cudaSetupArgument() - offset 20, size 4
(0.427512) CudaRuntime.cpp:142:  Mapping parameter at offset 0 of size 8 to offset 0 of size 8
   data = 0x00 0xfa 0xab 0x01 0x00 0x00 0x00 0x00 
(0.427525) CudaRuntime.cpp:142:  Mapping parameter at offset 8 of size 8 to offset 8 of size 8
   data = 0x00 0xe9 0xab 0x01 0x00 0x00 0x00 0x00 
(0.427535) CudaRuntime.cpp:142:  Mapping parameter at offset 16 of size 4 to offset 16 of size 4
   data = 0x20 0x00 0x00 0x00 
(0.427546) CudaRuntime.cpp:142:  Mapping parameter at offset 20 of size 4 to offset 20 of size 4
   data = 0x20 0x00 0x00 0x00 
(0.427555) CudaRuntime.cpp:2685: kernel launch (_Z18transposeCoalescedPfS_ii) on thread 0x1ab8920
(0.427575) CudaRuntime.cpp:2706:  launch completed successfully
(0.428734) X86TraceGenerator.cpp:776:  New kernel launched
(0.428744) X86TraceGenerator.cpp:777:  compute version:2.0
(0.428747) X86TraceGenerator.cpp:778:  grid  2 x 2 x 1
(0.428750) X86TraceGenerator.cpp:779:  block 16 x 16 x 1
(0.428752) X86TraceGenerator.cpp:780:  number of warps per block:8
(0.428754) X86TraceGenerator.cpp:781:  number of total warps:32
(0.428756) X86TraceGenerator.cpp:782:  # threads per block : 256
(0.428758) X86TraceGenerator.cpp:783:  number of register per thread:8
(0.428761) X86TraceGenerator.cpp:784:  number of shared memory per thread:1024
(0.428763) X86TraceGenerator.cpp:822:  max blocks per core : 6
(0.432992) X86TraceGenerator.cpp:1082: mkdir -p /benchrun/macsim/cuda6-transpose/sm86_rtx3070/input-repeat3-dimx32-dimy32/results/traces/_Z18transposeCoalescedPfS_ii_2/ (status 0)

(0.433005) X86TraceGenerator.cpp:1083: errno is 0 message is Success

(0.457535) CudaRuntime.cpp:2609: cudaConfigureCall()
(0.457554) CudaRuntime.cpp:2631: cudaSetupArgument() - offset 0, size 8
(0.457563) CudaRuntime.cpp:2631: cudaSetupArgument() - offset 8, size 8
(0.457571) CudaRuntime.cpp:2631: cudaSetupArgument() - offset 16, size 4
(0.457578) CudaRuntime.cpp:2631: cudaSetupArgument() - offset 20, size 4
(0.457613) CudaRuntime.cpp:142:  Mapping parameter at offset 0 of size 8 to offset 0 of size 8
   data = 0x00 0xfa 0xab 0x01 0x00 0x00 0x00 0x00 
(0.457626) CudaRuntime.cpp:142:  Mapping parameter at offset 8 of size 8 to offset 8 of size 8
   data = 0x00 0xe9 0xab 0x01 0x00 0x00 0x00 0x00 
(0.457637) CudaRuntime.cpp:142:  Mapping parameter at offset 16 of size 4 to offset 16 of size 4
   data = 0x20 0x00 0x00 0x00 
(0.457647) CudaRuntime.cpp:142:  Mapping parameter at offset 20 of size 4 to offset 20 of size 4
   data = 0x20 0x00 0x00 0x00 
(0.457664) CudaRuntime.cpp:2685: kernel launch (_Z18transposeCoalescedPfS_ii) on thread 0x1ab8920
(0.457687) CudaRuntime.cpp:2706:  launch completed successfully
(0.458760) X86TraceGenerator.cpp:776:  New kernel launched
(0.458767) X86TraceGenerator.cpp:777:  compute version:2.0
(0.458769) X86TraceGenerator.cpp:778:  grid  2 x 2 x 1
(0.458772) X86TraceGenerator.cpp:779:  block 16 x 16 x 1
(0.458774) X86TraceGenerator.cpp:780:  number of warps per block:8
(0.458776) X86TraceGenerator.cpp:781:  number of total warps:32
(0.458779) X86TraceGenerator.cpp:782:  # threads per block : 256
(0.458781) X86TraceGenerator.cpp:783:  number of register per thread:8
(0.458783) X86TraceGenerator.cpp:784:  number of shared memory per thread:1024
(0.458786) X86TraceGenerator.cpp:822:  max blocks per core : 6
(0.463076) X86TraceGenerator.cpp:1082: mkdir -p /benchrun/macsim/cuda6-transpose/sm86_rtx3070/input-repeat3-dimx32-dimy32/results/traces/_Z18transposeCoalescedPfS_ii_3/ (status 0)

(0.463091) X86TraceGenerator.cpp:1083: errno is 0 message is Success

(0.487697) CudaRuntime.cpp:1131: cudaMemcpy(0x1abc8b0, 0x1abfa00, 4096)
(0.487715) CudaRuntime.cpp:215:    _memcpy(0x1abc8b0, 0x1abfa00, 4096 bytes) d-to-h
(0.487748) CudaRuntime.cpp:1131: cudaMemcpy(0x1abc8b0, 0x1abfa00, 4096)
(0.487756) CudaRuntime.cpp:215:    _memcpy(0x1abc8b0, 0x1abfa00, 4096 bytes) d-to-h
transpose coalesced         , Throughput = 0.0003 GB/s, Time = 30.46417 ms, Size = 1024 fp32 elements, NumDevsUsed = 1, Workgroup = 256
(0.487787) CudaRuntime.cpp:2609: cudaConfigureCall()
(0.487796) CudaRuntime.cpp:2631: cudaSetupArgument() - offset 0, size 8
(0.487804) CudaRuntime.cpp:2631: cudaSetupArgument() - offset 8, size 8
(0.487812) CudaRuntime.cpp:2631: cudaSetupArgument() - offset 16, size 4
(0.487819) CudaRuntime.cpp:2631: cudaSetupArgument() - offset 20, size 4
(0.487860) CudaRuntime.cpp:142:  Mapping parameter at offset 0 of size 8 to offset 0 of size 8
   data = 0x00 0xfa 0xab 0x01 0x00 0x00 0x00 0x00 
(0.487873) CudaRuntime.cpp:142:  Mapping parameter at offset 8 of size 8 to offset 8 of size 8
   data = 0x00 0xe9 0xab 0x01 0x00 0x00 0x00 0x00 
(0.487884) CudaRuntime.cpp:142:  Mapping parameter at offset 16 of size 4 to offset 16 of size 4
   data = 0x20 0x00 0x00 0x00 
(0.487895) CudaRuntime.cpp:142:  Mapping parameter at offset 20 of size 4 to offset 20 of size 4
   data = 0x20 0x00 0x00 0x00 
(0.487917) CudaRuntime.cpp:2685: kernel launch (_Z24transposeNoBankConflictsPfS_ii) on thread 0x1ab8920
(0.487939) CudaRuntime.cpp:2706:  launch completed successfully
(0.489158) X86TraceGenerator.cpp:776:  New kernel launched
(0.489164) X86TraceGenerator.cpp:777:  compute version:2.0
(0.489166) X86TraceGenerator.cpp:778:  grid  2 x 2 x 1
(0.489169) X86TraceGenerator.cpp:779:  block 16 x 16 x 1
(0.489171) X86TraceGenerator.cpp:780:  number of warps per block:8
(0.489173) X86TraceGenerator.cpp:781:  number of total warps:32
(0.489175) X86TraceGenerator.cpp:782:  # threads per block : 256
(0.489177) X86TraceGenerator.cpp:783:  number of register per thread:8
(0.489180) X86TraceGenerator.cpp:784:  number of shared memory per thread:1088
(0.489182) X86TraceGenerator.cpp:822:  max blocks per core : 6
(0.493529) X86TraceGenerator.cpp:1082: mkdir -p /benchrun/macsim/cuda6-transpose/sm86_rtx3070/input-repeat3-dimx32-dimy32/results/traces/_Z24transposeNoBankConflictsPfS_ii_0/ (status 0)

(0.493543) X86TraceGenerator.cpp:1083: errno is 0 message is Success

(0.518223) CudaRuntime.cpp:2609: cudaConfigureCall()
(0.518242) CudaRuntime.cpp:2631: cudaSetupArgument() - offset 0, size 8
(0.518251) CudaRuntime.cpp:2631: cudaSetupArgument() - offset 8, size 8
(0.518259) CudaRuntime.cpp:2631: cudaSetupArgument() - offset 16, size 4
(0.518266) CudaRuntime.cpp:2631: cudaSetupArgument() - offset 20, size 4
(0.518297) CudaRuntime.cpp:142:  Mapping parameter at offset 0 of size 8 to offset 0 of size 8
   data = 0x00 0xfa 0xab 0x01 0x00 0x00 0x00 0x00 
(0.518368) CudaRuntime.cpp:142:  Mapping parameter at offset 8 of size 8 to offset 8 of size 8
   data = 0x00 0xe9 0xab 0x01 0x00 0x00 0x00 0x00 
(0.518407) CudaRuntime.cpp:142:  Mapping parameter at offset 16 of size 4 to offset 16 of size 4
   data = 0x20 0x00 0x00 0x00 
(0.518441) CudaRuntime.cpp:142:  Mapping parameter at offset 20 of size 4 to offset 20 of size 4
   data = 0x20 0x00 0x00 0x00 
(0.518476) CudaRuntime.cpp:2685: kernel launch (_Z24transposeNoBankConflictsPfS_ii) on thread 0x1ab8920
(0.518516) CudaRuntime.cpp:2706:  launch completed successfully
(0.519601) X86TraceGenerator.cpp:776:  New kernel launched
(0.519609) X86TraceGenerator.cpp:777:  compute version:2.0
(0.519611) X86TraceGenerator.cpp:778:  grid  2 x 2 x 1
(0.519614) X86TraceGenerator.cpp:779:  block 16 x 16 x 1
(0.519616) X86TraceGenerator.cpp:780:  number of warps per block:8
(0.519619) X86TraceGenerator.cpp:781:  number of total warps:32
(0.519620) X86TraceGenerator.cpp:782:  # threads per block : 256
(0.519623) X86TraceGenerator.cpp:783:  number of register per thread:8
(0.519625) X86TraceGenerator.cpp:784:  number of shared memory per thread:1088
(0.519627) X86TraceGenerator.cpp:822:  max blocks per core : 6
(0.523906) X86TraceGenerator.cpp:1082: mkdir -p /benchrun/macsim/cuda6-transpose/sm86_rtx3070/input-repeat3-dimx32-dimy32/results/traces/_Z24transposeNoBankConflictsPfS_ii_1/ (status 0)

(0.523920) X86TraceGenerator.cpp:1083: errno is 0 message is Success

(0.548651) CudaRuntime.cpp:2609: cudaConfigureCall()
(0.548670) CudaRuntime.cpp:2631: cudaSetupArgument() - offset 0, size 8
(0.548679) CudaRuntime.cpp:2631: cudaSetupArgument() - offset 8, size 8
(0.548687) CudaRuntime.cpp:2631: cudaSetupArgument() - offset 16, size 4
(0.548694) CudaRuntime.cpp:2631: cudaSetupArgument() - offset 20, size 4
(0.548738) CudaRuntime.cpp:142:  Mapping parameter at offset 0 of size 8 to offset 0 of size 8
   data = 0x00 0xfa 0xab 0x01 0x00 0x00 0x00 0x00 
(0.548750) CudaRuntime.cpp:142:  Mapping parameter at offset 8 of size 8 to offset 8 of size 8
   data = 0x00 0xe9 0xab 0x01 0x00 0x00 0x00 0x00 
(0.548761) CudaRuntime.cpp:142:  Mapping parameter at offset 16 of size 4 to offset 16 of size 4
   data = 0x20 0x00 0x00 0x00 
(0.548772) CudaRuntime.cpp:142:  Mapping parameter at offset 20 of size 4 to offset 20 of size 4
   data = 0x20 0x00 0x00 0x00 
(0.548781) CudaRuntime.cpp:2685: kernel launch (_Z24transposeNoBankConflictsPfS_ii) on thread 0x1ab8920
(0.548801) CudaRuntime.cpp:2706:  launch completed successfully
(0.549904) X86TraceGenerator.cpp:776:  New kernel launched
(0.549912) X86TraceGenerator.cpp:777:  compute version:2.0
(0.549914) X86TraceGenerator.cpp:778:  grid  2 x 2 x 1
(0.549917) X86TraceGenerator.cpp:779:  block 16 x 16 x 1
(0.549919) X86TraceGenerator.cpp:780:  number of warps per block:8
(0.549922) X86TraceGenerator.cpp:781:  number of total warps:32
(0.549924) X86TraceGenerator.cpp:782:  # threads per block : 256
(0.549926) X86TraceGenerator.cpp:783:  number of register per thread:8
(0.549928) X86TraceGenerator.cpp:784:  number of shared memory per thread:1088
(0.549931) X86TraceGenerator.cpp:822:  max blocks per core : 6
(0.554249) X86TraceGenerator.cpp:1082: mkdir -p /benchrun/macsim/cuda6-transpose/sm86_rtx3070/input-repeat3-dimx32-dimy32/results/traces/_Z24transposeNoBankConflictsPfS_ii_2/ (status 0)

(0.554265) X86TraceGenerator.cpp:1083: errno is 0 message is Success

(0.580039) CudaRuntime.cpp:2609: cudaConfigureCall()
(0.580058) CudaRuntime.cpp:2631: cudaSetupArgument() - offset 0, size 8
(0.580067) CudaRuntime.cpp:2631: cudaSetupArgument() - offset 8, size 8
(0.580075) CudaRuntime.cpp:2631: cudaSetupArgument() - offset 16, size 4
(0.580082) CudaRuntime.cpp:2631: cudaSetupArgument() - offset 20, size 4
(0.580115) CudaRuntime.cpp:142:  Mapping parameter at offset 0 of size 8 to offset 0 of size 8
   data = 0x00 0xfa 0xab 0x01 0x00 0x00 0x00 0x00 
(0.580128) CudaRuntime.cpp:142:  Mapping parameter at offset 8 of size 8 to offset 8 of size 8
   data = 0x00 0xe9 0xab 0x01 0x00 0x00 0x00 0x00 
(0.580145) CudaRuntime.cpp:142:  Mapping parameter at offset 16 of size 4 to offset 16 of size 4
   data = 0x20 0x00 0x00 0x00 
(0.580177) CudaRuntime.cpp:142:  Mapping parameter at offset 20 of size 4 to offset 20 of size 4
   data = 0x20 0x00 0x00 0x00 
(0.580202) CudaRuntime.cpp:2685: kernel launch (_Z24transposeNoBankConflictsPfS_ii) on thread 0x1ab8920
(0.580226) CudaRuntime.cpp:2706:  launch completed successfully
(0.581370) X86TraceGenerator.cpp:776:  New kernel launched
(0.581378) X86TraceGenerator.cpp:777:  compute version:2.0
(0.581381) X86TraceGenerator.cpp:778:  grid  2 x 2 x 1
(0.581383) X86TraceGenerator.cpp:779:  block 16 x 16 x 1
(0.581385) X86TraceGenerator.cpp:780:  number of warps per block:8
(0.581388) X86TraceGenerator.cpp:781:  number of total warps:32
(0.581390) X86TraceGenerator.cpp:782:  # threads per block : 256
(0.581392) X86TraceGenerator.cpp:783:  number of register per thread:8
(0.581394) X86TraceGenerator.cpp:784:  number of shared memory per thread:1088
(0.581397) X86TraceGenerator.cpp:822:  max blocks per core : 6
(0.585805) X86TraceGenerator.cpp:1082: mkdir -p /benchrun/macsim/cuda6-transpose/sm86_rtx3070/input-repeat3-dimx32-dimy32/results/traces/_Z24transposeNoBankConflictsPfS_ii_3/ (status 0)

(0.585821) X86TraceGenerator.cpp:1083: errno is 0 message is Success

(0.611412) CudaRuntime.cpp:1131: cudaMemcpy(0x1abc8b0, 0x1abfa00, 4096)
(0.611431) CudaRuntime.cpp:215:    _memcpy(0x1abc8b0, 0x1abfa00, 4096 bytes) d-to-h
(0.611464) CudaRuntime.cpp:1131: cudaMemcpy(0x1abc8b0, 0x1abfa00, 4096)
(0.611471) CudaRuntime.cpp:215:    _memcpy(0x1abc8b0, 0x1abfa00, 4096 bytes) d-to-h
transpose optimized         , Throughput = 0.0002 GB/s, Time = 31.06181 ms, Size = 1024 fp32 elements, NumDevsUsed = 1, Workgroup = 256
(0.611502) CudaRuntime.cpp:2609: cudaConfigureCall()
(0.611511) CudaRuntime.cpp:2631: cudaSetupArgument() - offset 0, size 8
(0.611519) CudaRuntime.cpp:2631: cudaSetupArgument() - offset 8, size 8
(0.611527) CudaRuntime.cpp:2631: cudaSetupArgument() - offset 16, size 4
(0.611534) CudaRuntime.cpp:2631: cudaSetupArgument() - offset 20, size 4
(0.611572) CudaRuntime.cpp:142:  Mapping parameter at offset 0 of size 8 to offset 0 of size 8
   data = 0x00 0xfa 0xab 0x01 0x00 0x00 0x00 0x00 
(0.611585) CudaRuntime.cpp:142:  Mapping parameter at offset 8 of size 8 to offset 8 of size 8
   data = 0x00 0xe9 0xab 0x01 0x00 0x00 0x00 0x00 
(0.611596) CudaRuntime.cpp:142:  Mapping parameter at offset 16 of size 4 to offset 16 of size 4
   data = 0x20 0x00 0x00 0x00 
(0.611606) CudaRuntime.cpp:142:  Mapping parameter at offset 20 of size 4 to offset 20 of size 4
   data = 0x20 0x00 0x00 0x00 
(0.611629) CudaRuntime.cpp:2685: kernel launch (_Z22transposeCoarseGrainedPfS_ii) on thread 0x1ab8920
(0.611652) CudaRuntime.cpp:2706:  launch completed successfully
(0.612837) X86TraceGenerator.cpp:776:  New kernel launched
(0.612844) X86TraceGenerator.cpp:777:  compute version:2.0
(0.612847) X86TraceGenerator.cpp:778:  grid  2 x 2 x 1
(0.612849) X86TraceGenerator.cpp:779:  block 16 x 16 x 1
(0.612852) X86TraceGenerator.cpp:780:  number of warps per block:8
(0.612854) X86TraceGenerator.cpp:781:  number of total warps:32
(0.612856) X86TraceGenerator.cpp:782:  # threads per block : 256
(0.612859) X86TraceGenerator.cpp:783:  number of register per thread:8
(0.612861) X86TraceGenerator.cpp:784:  number of shared memory per thread:1088
(0.612863) X86TraceGenerator.cpp:822:  max blocks per core : 6
(0.617252) X86TraceGenerator.cpp:1082: mkdir -p /benchrun/macsim/cuda6-transpose/sm86_rtx3070/input-repeat3-dimx32-dimy32/results/traces/_Z22transposeCoarseGrainedPfS_ii_0/ (status 0)

(0.617270) X86TraceGenerator.cpp:1083: errno is 0 message is Success

(0.644634) CudaRuntime.cpp:2609: cudaConfigureCall()
(0.644654) CudaRuntime.cpp:2631: cudaSetupArgument() - offset 0, size 8
(0.644663) CudaRuntime.cpp:2631: cudaSetupArgument() - offset 8, size 8
(0.644671) CudaRuntime.cpp:2631: cudaSetupArgument() - offset 16, size 4
(0.644678) CudaRuntime.cpp:2631: cudaSetupArgument() - offset 20, size 4
(0.644713) CudaRuntime.cpp:142:  Mapping parameter at offset 0 of size 8 to offset 0 of size 8
   data = 0x00 0xfa 0xab 0x01 0x00 0x00 0x00 0x00 
(0.644726) CudaRuntime.cpp:142:  Mapping parameter at offset 8 of size 8 to offset 8 of size 8
   data = 0x00 0xe9 0xab 0x01 0x00 0x00 0x00 0x00 
(0.644737) CudaRuntime.cpp:142:  Mapping parameter at offset 16 of size 4 to offset 16 of size 4
   data = 0x20 0x00 0x00 0x00 
(0.644748) CudaRuntime.cpp:142:  Mapping parameter at offset 20 of size 4 to offset 20 of size 4
   data = 0x20 0x00 0x00 0x00 
(0.644764) CudaRuntime.cpp:2685: kernel launch (_Z22transposeCoarseGrainedPfS_ii) on thread 0x1ab8920
(0.644788) CudaRuntime.cpp:2706:  launch completed successfully
(0.645751) X86TraceGenerator.cpp:776:  New kernel launched
(0.645759) X86TraceGenerator.cpp:777:  compute version:2.0
(0.645761) X86TraceGenerator.cpp:778:  grid  2 x 2 x 1
(0.645764) X86TraceGenerator.cpp:779:  block 16 x 16 x 1
(0.645766) X86TraceGenerator.cpp:780:  number of warps per block:8
(0.645768) X86TraceGenerator.cpp:781:  number of total warps:32
(0.645770) X86TraceGenerator.cpp:782:  # threads per block : 256
(0.645773) X86TraceGenerator.cpp:783:  number of register per thread:8
(0.645775) X86TraceGenerator.cpp:784:  number of shared memory per thread:1088
(0.645777) X86TraceGenerator.cpp:822:  max blocks per core : 6
(0.650351) X86TraceGenerator.cpp:1082: mkdir -p /benchrun/macsim/cuda6-transpose/sm86_rtx3070/input-repeat3-dimx32-dimy32/results/traces/_Z22transposeCoarseGrainedPfS_ii_1/ (status 0)

(0.650367) X86TraceGenerator.cpp:1083: errno is 0 message is Success

(0.675430) CudaRuntime.cpp:2609: cudaConfigureCall()
(0.675463) CudaRuntime.cpp:2631: cudaSetupArgument() - offset 0, size 8
(0.675485) CudaRuntime.cpp:2631: cudaSetupArgument() - offset 8, size 8
(0.675513) CudaRuntime.cpp:2631: cudaSetupArgument() - offset 16, size 4
(0.675538) CudaRuntime.cpp:2631: cudaSetupArgument() - offset 20, size 4
(0.675609) CudaRuntime.cpp:142:  Mapping parameter at offset 0 of size 8 to offset 0 of size 8
   data = 0x00 0xfa 0xab 0x01 0x00 0x00 0x00 0x00 
(0.675648) CudaRuntime.cpp:142:  Mapping parameter at offset 8 of size 8 to offset 8 of size 8
   data = 0x00 0xe9 0xab 0x01 0x00 0x00 0x00 0x00 
(0.675684) CudaRuntime.cpp:142:  Mapping parameter at offset 16 of size 4 to offset 16 of size 4
   data = 0x20 0x00 0x00 0x00 
(0.675708) CudaRuntime.cpp:142:  Mapping parameter at offset 20 of size 4 to offset 20 of size 4
   data = 0x20 0x00 0x00 0x00 
(0.675719) CudaRuntime.cpp:2685: kernel launch (_Z22transposeCoarseGrainedPfS_ii) on thread 0x1ab8920
(0.675756) CudaRuntime.cpp:2706:  launch completed successfully
(0.676732) X86TraceGenerator.cpp:776:  New kernel launched
(0.676740) X86TraceGenerator.cpp:777:  compute version:2.0
(0.676742) X86TraceGenerator.cpp:778:  grid  2 x 2 x 1
(0.676745) X86TraceGenerator.cpp:779:  block 16 x 16 x 1
(0.676747) X86TraceGenerator.cpp:780:  number of warps per block:8
(0.676749) X86TraceGenerator.cpp:781:  number of total warps:32
(0.676752) X86TraceGenerator.cpp:782:  # threads per block : 256
(0.676754) X86TraceGenerator.cpp:783:  number of register per thread:8
(0.676756) X86TraceGenerator.cpp:784:  number of shared memory per thread:1088
(0.676759) X86TraceGenerator.cpp:822:  max blocks per core : 6
(0.681293) X86TraceGenerator.cpp:1082: mkdir -p /benchrun/macsim/cuda6-transpose/sm86_rtx3070/input-repeat3-dimx32-dimy32/results/traces/_Z22transposeCoarseGrainedPfS_ii_2/ (status 0)

(0.681309) X86TraceGenerator.cpp:1083: errno is 0 message is Success

(0.706033) CudaRuntime.cpp:2609: cudaConfigureCall()
(0.706053) CudaRuntime.cpp:2631: cudaSetupArgument() - offset 0, size 8
(0.706061) CudaRuntime.cpp:2631: cudaSetupArgument() - offset 8, size 8
(0.706069) CudaRuntime.cpp:2631: cudaSetupArgument() - offset 16, size 4
(0.706076) CudaRuntime.cpp:2631: cudaSetupArgument() - offset 20, size 4
(0.706117) CudaRuntime.cpp:142:  Mapping parameter at offset 0 of size 8 to offset 0 of size 8
   data = 0x00 0xfa 0xab 0x01 0x00 0x00 0x00 0x00 
(0.706130) CudaRuntime.cpp:142:  Mapping parameter at offset 8 of size 8 to offset 8 of size 8
   data = 0x00 0xe9 0xab 0x01 0x00 0x00 0x00 0x00 
(0.706141) CudaRuntime.cpp:142:  Mapping parameter at offset 16 of size 4 to offset 16 of size 4
   data = 0x20 0x00 0x00 0x00 
(0.706151) CudaRuntime.cpp:142:  Mapping parameter at offset 20 of size 4 to offset 20 of size 4
   data = 0x20 0x00 0x00 0x00 
(0.706168) CudaRuntime.cpp:2685: kernel launch (_Z22transposeCoarseGrainedPfS_ii) on thread 0x1ab8920
(0.706188) CudaRuntime.cpp:2706:  launch completed successfully
(0.707206) X86TraceGenerator.cpp:776:  New kernel launched
(0.707213) X86TraceGenerator.cpp:777:  compute version:2.0
(0.707216) X86TraceGenerator.cpp:778:  grid  2 x 2 x 1
(0.707219) X86TraceGenerator.cpp:779:  block 16 x 16 x 1
(0.707221) X86TraceGenerator.cpp:780:  number of warps per block:8
(0.707223) X86TraceGenerator.cpp:781:  number of total warps:32
(0.707226) X86TraceGenerator.cpp:782:  # threads per block : 256
(0.707228) X86TraceGenerator.cpp:783:  number of register per thread:8
(0.707230) X86TraceGenerator.cpp:784:  number of shared memory per thread:1088
(0.707233) X86TraceGenerator.cpp:822:  max blocks per core : 6
(0.710386) X86TraceGenerator.cpp:1082: mkdir -p /benchrun/macsim/cuda6-transpose/sm86_rtx3070/input-repeat3-dimx32-dimy32/results/traces/_Z22transposeCoarseGrainedPfS_ii_3/ (status 0)

(0.710400) X86TraceGenerator.cpp:1083: errno is 0 message is Success

(0.735270) CudaRuntime.cpp:1131: cudaMemcpy(0x1abc8b0, 0x1abfa00, 4096)
(0.735289) CudaRuntime.cpp:215:    _memcpy(0x1abc8b0, 0x1abfa00, 4096 bytes) d-to-h
(0.735321) CudaRuntime.cpp:1131: cudaMemcpy(0x1abc8b0, 0x1abfa00, 4096)
(0.735329) CudaRuntime.cpp:215:    _memcpy(0x1abc8b0, 0x1abfa00, 4096 bytes) d-to-h
transpose coarse-grained    , Throughput = 0.0003 GB/s, Time = 30.21073 ms, Size = 1024 fp32 elements, NumDevsUsed = 1, Workgroup = 256
(0.735359) CudaRuntime.cpp:2609: cudaConfigureCall()
(0.735369) CudaRuntime.cpp:2631: cudaSetupArgument() - offset 0, size 8
(0.735377) CudaRuntime.cpp:2631: cudaSetupArgument() - offset 8, size 8
(0.735385) CudaRuntime.cpp:2631: cudaSetupArgument() - offset 16, size 4
(0.735392) CudaRuntime.cpp:2631: cudaSetupArgument() - offset 20, size 4
(0.735432) CudaRuntime.cpp:142:  Mapping parameter at offset 0 of size 8 to offset 0 of size 8
   data = 0x00 0xfa 0xab 0x01 0x00 0x00 0x00 0x00 
(0.735445) CudaRuntime.cpp:142:  Mapping parameter at offset 8 of size 8 to offset 8 of size 8
   data = 0x00 0xe9 0xab 0x01 0x00 0x00 0x00 0x00 
(0.735455) CudaRuntime.cpp:142:  Mapping parameter at offset 16 of size 4 to offset 16 of size 4
   data = 0x20 0x00 0x00 0x00 
(0.735480) CudaRuntime.cpp:142:  Mapping parameter at offset 20 of size 4 to offset 20 of size 4
   data = 0x20 0x00 0x00 0x00 
(0.735489) CudaRuntime.cpp:2685: kernel launch (_Z20transposeFineGrainedPfS_ii) on thread 0x1ab8920
(0.735511) CudaRuntime.cpp:2706:  launch completed successfully
(0.736656) X86TraceGenerator.cpp:776:  New kernel launched
(0.736664) X86TraceGenerator.cpp:777:  compute version:2.0
(0.736666) X86TraceGenerator.cpp:778:  grid  2 x 2 x 1
(0.736669) X86TraceGenerator.cpp:779:  block 16 x 16 x 1
(0.736672) X86TraceGenerator.cpp:780:  number of warps per block:8
(0.736674) X86TraceGenerator.cpp:781:  number of total warps:32
(0.736676) X86TraceGenerator.cpp:782:  # threads per block : 256
(0.736678) X86TraceGenerator.cpp:783:  number of register per thread:8
(0.736680) X86TraceGenerator.cpp:784:  number of shared memory per thread:1088
(0.736683) X86TraceGenerator.cpp:822:  max blocks per core : 6
(0.741441) X86TraceGenerator.cpp:1082: mkdir -p /benchrun/macsim/cuda6-transpose/sm86_rtx3070/input-repeat3-dimx32-dimy32/results/traces/_Z20transposeFineGrainedPfS_ii_0/ (status 0)

(0.741457) X86TraceGenerator.cpp:1083: errno is 0 message is Success

(0.767658) CudaRuntime.cpp:2609: cudaConfigureCall()
(0.767677) CudaRuntime.cpp:2631: cudaSetupArgument() - offset 0, size 8
(0.767686) CudaRuntime.cpp:2631: cudaSetupArgument() - offset 8, size 8
(0.767693) CudaRuntime.cpp:2631: cudaSetupArgument() - offset 16, size 4
(0.767701) CudaRuntime.cpp:2631: cudaSetupArgument() - offset 20, size 4
(0.767736) CudaRuntime.cpp:142:  Mapping parameter at offset 0 of size 8 to offset 0 of size 8
   data = 0x00 0xfa 0xab 0x01 0x00 0x00 0x00 0x00 
(0.767749) CudaRuntime.cpp:142:  Mapping parameter at offset 8 of size 8 to offset 8 of size 8
   data = 0x00 0xe9 0xab 0x01 0x00 0x00 0x00 0x00 
(0.767760) CudaRuntime.cpp:142:  Mapping parameter at offset 16 of size 4 to offset 16 of size 4
   data = 0x20 0x00 0x00 0x00 
(0.767770) CudaRuntime.cpp:142:  Mapping parameter at offset 20 of size 4 to offset 20 of size 4
   data = 0x20 0x00 0x00 0x00 
(0.767786) CudaRuntime.cpp:2685: kernel launch (_Z20transposeFineGrainedPfS_ii) on thread 0x1ab8920
(0.767807) CudaRuntime.cpp:2706:  launch completed successfully
(0.768843) X86TraceGenerator.cpp:776:  New kernel launched
(0.768848) X86TraceGenerator.cpp:777:  compute version:2.0
(0.768851) X86TraceGenerator.cpp:778:  grid  2 x 2 x 1
(0.768854) X86TraceGenerator.cpp:779:  block 16 x 16 x 1
(0.768856) X86TraceGenerator.cpp:780:  number of warps per block:8
(0.768858) X86TraceGenerator.cpp:781:  number of total warps:32
(0.768860) X86TraceGenerator.cpp:782:  # threads per block : 256
(0.768863) X86TraceGenerator.cpp:783:  number of register per thread:8
(0.768865) X86TraceGenerator.cpp:784:  number of shared memory per thread:1088
(0.768867) X86TraceGenerator.cpp:822:  max blocks per core : 6
(0.773387) X86TraceGenerator.cpp:1082: mkdir -p /benchrun/macsim/cuda6-transpose/sm86_rtx3070/input-repeat3-dimx32-dimy32/results/traces/_Z20transposeFineGrainedPfS_ii_1/ (status 0)

(0.773401) X86TraceGenerator.cpp:1083: errno is 0 message is Success

(0.798798) CudaRuntime.cpp:2609: cudaConfigureCall()
(0.798818) CudaRuntime.cpp:2631: cudaSetupArgument() - offset 0, size 8
(0.798827) CudaRuntime.cpp:2631: cudaSetupArgument() - offset 8, size 8
(0.798835) CudaRuntime.cpp:2631: cudaSetupArgument() - offset 16, size 4
(0.798842) CudaRuntime.cpp:2631: cudaSetupArgument() - offset 20, size 4
(0.798882) CudaRuntime.cpp:142:  Mapping parameter at offset 0 of size 8 to offset 0 of size 8
   data = 0x00 0xfa 0xab 0x01 0x00 0x00 0x00 0x00 
(0.798895) CudaRuntime.cpp:142:  Mapping parameter at offset 8 of size 8 to offset 8 of size 8
   data = 0x00 0xe9 0xab 0x01 0x00 0x00 0x00 0x00 
(0.798906) CudaRuntime.cpp:142:  Mapping parameter at offset 16 of size 4 to offset 16 of size 4
   data = 0x20 0x00 0x00 0x00 
(0.798916) CudaRuntime.cpp:142:  Mapping parameter at offset 20 of size 4 to offset 20 of size 4
   data = 0x20 0x00 0x00 0x00 
(0.798925) CudaRuntime.cpp:2685: kernel launch (_Z20transposeFineGrainedPfS_ii) on thread 0x1ab8920
(0.798959) CudaRuntime.cpp:2706:  launch completed successfully
(0.800015) X86TraceGenerator.cpp:776:  New kernel launched
(0.800026) X86TraceGenerator.cpp:777:  compute version:2.0
(0.800030) X86TraceGenerator.cpp:778:  grid  2 x 2 x 1
(0.800033) X86TraceGenerator.cpp:779:  block 16 x 16 x 1
(0.800037) X86TraceGenerator.cpp:780:  number of warps per block:8
(0.800040) X86TraceGenerator.cpp:781:  number of total warps:32
(0.800043) X86TraceGenerator.cpp:782:  # threads per block : 256
(0.800046) X86TraceGenerator.cpp:783:  number of register per thread:8
(0.800050) X86TraceGenerator.cpp:784:  number of shared memory per thread:1088
(0.800055) X86TraceGenerator.cpp:822:  max blocks per core : 6
(0.804341) X86TraceGenerator.cpp:1082: mkdir -p /benchrun/macsim/cuda6-transpose/sm86_rtx3070/input-repeat3-dimx32-dimy32/results/traces/_Z20transposeFineGrainedPfS_ii_2/ (status 0)

(0.804366) X86TraceGenerator.cpp:1083: errno is 0 message is Success

(0.844304) CudaRuntime.cpp:2609: cudaConfigureCall()
(0.844315) CudaRuntime.cpp:2631: cudaSetupArgument() - offset 0, size 8
(0.844318) CudaRuntime.cpp:2631: cudaSetupArgument() - offset 8, size 8
(0.844320) CudaRuntime.cpp:2631: cudaSetupArgument() - offset 16, size 4
(0.844322) CudaRuntime.cpp:2631: cudaSetupArgument() - offset 20, size 4
(0.844338) CudaRuntime.cpp:142:  Mapping parameter at offset 0 of size 8 to offset 0 of size 8
   data = 0x00 0xfa 0xab 0x01 0x00 0x00 0x00 0x00 
(0.844342) CudaRuntime.cpp:142:  Mapping parameter at offset 8 of size 8 to offset 8 of size 8
   data = 0x00 0xe9 0xab 0x01 0x00 0x00 0x00 0x00 
(0.844346) CudaRuntime.cpp:142:  Mapping parameter at offset 16 of size 4 to offset 16 of size 4
   data = 0x20 0x00 0x00 0x00 
(0.844349) CudaRuntime.cpp:142:  Mapping parameter at offset 20 of size 4 to offset 20 of size 4
   data = 0x20 0x00 0x00 0x00 
(0.844354) CudaRuntime.cpp:2685: kernel launch (_Z20transposeFineGrainedPfS_ii) on thread 0x1ab8920
(0.844362) CudaRuntime.cpp:2706:  launch completed successfully
(0.845944) X86TraceGenerator.cpp:776:  New kernel launched
(0.845956) X86TraceGenerator.cpp:777:  compute version:2.0
(0.845965) X86TraceGenerator.cpp:778:  grid  2 x 2 x 1
(0.845971) X86TraceGenerator.cpp:779:  block 16 x 16 x 1
(0.845975) X86TraceGenerator.cpp:780:  number of warps per block:8
(0.845979) X86TraceGenerator.cpp:781:  number of total warps:32
(0.845988) X86TraceGenerator.cpp:782:  # threads per block : 256
(0.845993) X86TraceGenerator.cpp:783:  number of register per thread:8
(0.845998) X86TraceGenerator.cpp:784:  number of shared memory per thread:1088
(0.846007) X86TraceGenerator.cpp:822:  max blocks per core : 6
(0.852307) X86TraceGenerator.cpp:1082: mkdir -p /benchrun/macsim/cuda6-transpose/sm86_rtx3070/input-repeat3-dimx32-dimy32/results/traces/_Z20transposeFineGrainedPfS_ii_3/ (status 0)

(0.852324) X86TraceGenerator.cpp:1083: errno is 0 message is Success

(0.921972) CudaRuntime.cpp:1131: cudaMemcpy(0x1abc8b0, 0x1abfa00, 4096)
(0.922008) CudaRuntime.cpp:215:    _memcpy(0x1abc8b0, 0x1abfa00, 4096 bytes) d-to-h
(0.922059) CudaRuntime.cpp:1131: cudaMemcpy(0x1abc8b0, 0x1abfa00, 4096)
(0.922084) CudaRuntime.cpp:215:    _memcpy(0x1abc8b0, 0x1abfa00, 4096 bytes) d-to-h
transpose fine-grained      , Throughput = 0.0001 GB/s, Time = 51.43071 ms, Size = 1024 fp32 elements, NumDevsUsed = 1, Workgroup = 256
(0.922134) CudaRuntime.cpp:2609: cudaConfigureCall()
(0.922159) CudaRuntime.cpp:2631: cudaSetupArgument() - offset 0, size 8
(0.922184) CudaRuntime.cpp:2631: cudaSetupArgument() - offset 8, size 8
(0.922208) CudaRuntime.cpp:2631: cudaSetupArgument() - offset 16, size 4
(0.922231) CudaRuntime.cpp:2631: cudaSetupArgument() - offset 20, size 4
(0.922300) CudaRuntime.cpp:142:  Mapping parameter at offset 0 of size 8 to offset 0 of size 8
   data = 0x00 0xfa 0xab 0x01 0x00 0x00 0x00 0x00 
(0.922380) CudaRuntime.cpp:142:  Mapping parameter at offset 8 of size 8 to offset 8 of size 8
   data = 0x00 0xe9 0xab 0x01 0x00 0x00 0x00 0x00 
(0.922415) CudaRuntime.cpp:142:  Mapping parameter at offset 16 of size 4 to offset 16 of size 4
   data = 0x20 0x00 0x00 0x00 
(0.922465) CudaRuntime.cpp:142:  Mapping parameter at offset 20 of size 4 to offset 20 of size 4
   data = 0x20 0x00 0x00 0x00 
(0.922492) CudaRuntime.cpp:2685: kernel launch (_Z17transposeDiagonalPfS_ii) on thread 0x1ab8920
(0.922527) CudaRuntime.cpp:2706:  launch completed successfully
(0.924374) X86TraceGenerator.cpp:776:  New kernel launched
(0.924384) X86TraceGenerator.cpp:777:  compute version:2.0
(0.924389) X86TraceGenerator.cpp:778:  grid  2 x 2 x 1
(0.924393) X86TraceGenerator.cpp:779:  block 16 x 16 x 1
(0.924397) X86TraceGenerator.cpp:780:  number of warps per block:8
(0.924401) X86TraceGenerator.cpp:781:  number of total warps:32
(0.924405) X86TraceGenerator.cpp:782:  # threads per block : 256
(0.924409) X86TraceGenerator.cpp:783:  number of register per thread:10
(0.924413) X86TraceGenerator.cpp:784:  number of shared memory per thread:1088
(0.924417) X86TraceGenerator.cpp:822:  max blocks per core : 6
(0.929121) X86TraceGenerator.cpp:1082: mkdir -p /benchrun/macsim/cuda6-transpose/sm86_rtx3070/input-repeat3-dimx32-dimy32/results/traces/_Z17transposeDiagonalPfS_ii_0/ (status 0)

(0.929142) X86TraceGenerator.cpp:1083: errno is 0 message is Success

(0.974790) CudaRuntime.cpp:2609: cudaConfigureCall()
(0.974809) CudaRuntime.cpp:2631: cudaSetupArgument() - offset 0, size 8
(0.974818) CudaRuntime.cpp:2631: cudaSetupArgument() - offset 8, size 8
(0.974826) CudaRuntime.cpp:2631: cudaSetupArgument() - offset 16, size 4
(0.974833) CudaRuntime.cpp:2631: cudaSetupArgument() - offset 20, size 4
(0.974866) CudaRuntime.cpp:142:  Mapping parameter at offset 0 of size 8 to offset 0 of size 8
   data = 0x00 0xfa 0xab 0x01 0x00 0x00 0x00 0x00 
(0.974879) CudaRuntime.cpp:142:  Mapping parameter at offset 8 of size 8 to offset 8 of size 8
   data = 0x00 0xe9 0xab 0x01 0x00 0x00 0x00 0x00 
(0.974890) CudaRuntime.cpp:142:  Mapping parameter at offset 16 of size 4 to offset 16 of size 4
   data = 0x20 0x00 0x00 0x00 
(0.974900) CudaRuntime.cpp:142:  Mapping parameter at offset 20 of size 4 to offset 20 of size 4
   data = 0x20 0x00 0x00 0x00 
(0.974916) CudaRuntime.cpp:2685: kernel launch (_Z17transposeDiagonalPfS_ii) on thread 0x1ab8920
(0.974941) CudaRuntime.cpp:2706:  launch completed successfully
(0.976713) X86TraceGenerator.cpp:776:  New kernel launched
(0.976720) X86TraceGenerator.cpp:777:  compute version:2.0
(0.976724) X86TraceGenerator.cpp:778:  grid  2 x 2 x 1
(0.976727) X86TraceGenerator.cpp:779:  block 16 x 16 x 1
(0.976731) X86TraceGenerator.cpp:780:  number of warps per block:8
(0.976735) X86TraceGenerator.cpp:781:  number of total warps:32
(0.976738) X86TraceGenerator.cpp:782:  # threads per block : 256
(0.976741) X86TraceGenerator.cpp:783:  number of register per thread:10
(0.976745) X86TraceGenerator.cpp:784:  number of shared memory per thread:1088
(0.976748) X86TraceGenerator.cpp:822:  max blocks per core : 6
(0.981466) X86TraceGenerator.cpp:1082: mkdir -p /benchrun/macsim/cuda6-transpose/sm86_rtx3070/input-repeat3-dimx32-dimy32/results/traces/_Z17transposeDiagonalPfS_ii_1/ (status 0)

(0.981485) X86TraceGenerator.cpp:1083: errno is 0 message is Success

(1.025714) CudaRuntime.cpp:2609: cudaConfigureCall()
(1.025735) CudaRuntime.cpp:2631: cudaSetupArgument() - offset 0, size 8
(1.025744) CudaRuntime.cpp:2631: cudaSetupArgument() - offset 8, size 8
(1.025751) CudaRuntime.cpp:2631: cudaSetupArgument() - offset 16, size 4
(1.025759) CudaRuntime.cpp:2631: cudaSetupArgument() - offset 20, size 4
(1.025804) CudaRuntime.cpp:142:  Mapping parameter at offset 0 of size 8 to offset 0 of size 8
   data = 0x00 0xfa 0xab 0x01 0x00 0x00 0x00 0x00 
(1.025817) CudaRuntime.cpp:142:  Mapping parameter at offset 8 of size 8 to offset 8 of size 8
   data = 0x00 0xe9 0xab 0x01 0x00 0x00 0x00 0x00 
(1.025828) CudaRuntime.cpp:142:  Mapping parameter at offset 16 of size 4 to offset 16 of size 4
   data = 0x20 0x00 0x00 0x00 
(1.025838) CudaRuntime.cpp:142:  Mapping parameter at offset 20 of size 4 to offset 20 of size 4
   data = 0x20 0x00 0x00 0x00 
(1.025860) CudaRuntime.cpp:2685: kernel launch (_Z17transposeDiagonalPfS_ii) on thread 0x1ab8920
(1.025879) CudaRuntime.cpp:2706:  launch completed successfully
(1.027562) X86TraceGenerator.cpp:776:  New kernel launched
(1.027571) X86TraceGenerator.cpp:777:  compute version:2.0
(1.027575) X86TraceGenerator.cpp:778:  grid  2 x 2 x 1
(1.027580) X86TraceGenerator.cpp:779:  block 16 x 16 x 1
(1.027585) X86TraceGenerator.cpp:780:  number of warps per block:8
(1.027589) X86TraceGenerator.cpp:781:  number of total warps:32
(1.027593) X86TraceGenerator.cpp:782:  # threads per block : 256
(1.027597) X86TraceGenerator.cpp:783:  number of register per thread:10
(1.027601) X86TraceGenerator.cpp:784:  number of shared memory per thread:1088
(1.027605) X86TraceGenerator.cpp:822:  max blocks per core : 6
(1.034756) X86TraceGenerator.cpp:1082: mkdir -p /benchrun/macsim/cuda6-transpose/sm86_rtx3070/input-repeat3-dimx32-dimy32/results/traces/_Z17transposeDiagonalPfS_ii_2/ (status 0)

(1.034781) X86TraceGenerator.cpp:1083: errno is 0 message is Success

(1.079276) CudaRuntime.cpp:2609: cudaConfigureCall()
(1.079295) CudaRuntime.cpp:2631: cudaSetupArgument() - offset 0, size 8
(1.079305) CudaRuntime.cpp:2631: cudaSetupArgument() - offset 8, size 8
(1.079312) CudaRuntime.cpp:2631: cudaSetupArgument() - offset 16, size 4
(1.079320) CudaRuntime.cpp:2631: cudaSetupArgument() - offset 20, size 4
(1.079354) CudaRuntime.cpp:142:  Mapping parameter at offset 0 of size 8 to offset 0 of size 8
   data = 0x00 0xfa 0xab 0x01 0x00 0x00 0x00 0x00 
(1.079367) CudaRuntime.cpp:142:  Mapping parameter at offset 8 of size 8 to offset 8 of size 8
   data = 0x00 0xe9 0xab 0x01 0x00 0x00 0x00 0x00 
(1.079378) CudaRuntime.cpp:142:  Mapping parameter at offset 16 of size 4 to offset 16 of size 4
   data = 0x20 0x00 0x00 0x00 
(1.079388) CudaRuntime.cpp:142:  Mapping parameter at offset 20 of size 4 to offset 20 of size 4
   data = 0x20 0x00 0x00 0x00 
(1.079405) CudaRuntime.cpp:2685: kernel launch (_Z17transposeDiagonalPfS_ii) on thread 0x1ab8920
(1.079433) CudaRuntime.cpp:2706:  launch completed successfully
(1.081003) X86TraceGenerator.cpp:776:  New kernel launched
(1.081018) X86TraceGenerator.cpp:777:  compute version:2.0
(1.081023) X86TraceGenerator.cpp:778:  grid  2 x 2 x 1
(1.081027) X86TraceGenerator.cpp:779:  block 16 x 16 x 1
(1.081031) X86TraceGenerator.cpp:780:  number of warps per block:8
(1.081035) X86TraceGenerator.cpp:781:  number of total warps:32
(1.081039) X86TraceGenerator.cpp:782:  # threads per block : 256
(1.081046) X86TraceGenerator.cpp:783:  number of register per thread:10
(1.081055) X86TraceGenerator.cpp:784:  number of shared memory per thread:1088
(1.081060) X86TraceGenerator.cpp:822:  max blocks per core : 6
(1.085805) X86TraceGenerator.cpp:1082: mkdir -p /benchrun/macsim/cuda6-transpose/sm86_rtx3070/input-repeat3-dimx32-dimy32/results/traces/_Z17transposeDiagonalPfS_ii_3/ (status 0)

(1.085829) X86TraceGenerator.cpp:1083: errno is 0 message is Success

(1.136293) CudaRuntime.cpp:1131: cudaMemcpy(0x1abc8b0, 0x1abfa00, 4096)
(1.136315) CudaRuntime.cpp:215:    _memcpy(0x1abc8b0, 0x1abfa00, 4096 bytes) d-to-h
(1.136352) CudaRuntime.cpp:1131: cudaMemcpy(0x1abc8b0, 0x1abfa00, 4096)
(1.136363) CudaRuntime.cpp:215:    _memcpy(0x1abc8b0, 0x1abfa00, 4096 bytes) d-to-h
transpose diagonal          , Throughput = 0.0001 GB/s, Time = 53.83476 ms, Size = 1024 fp32 elements, NumDevsUsed = 1, Workgroup = 256
(1.136409) CudaRuntime.cpp:887:  cudaFree(0x1abe900)
(1.136425) CudaRuntime.cpp:887:  cudaFree(0x1abfa00)
Test passed
(1.137792) X86TraceGenerator.cpp:725:  destructor
(1.137999) X86TraceGenerator.cpp:2259: finalize
(1.138006) X86TraceGenerator.cpp:2263: total instruction count: 4608
