(0.000602) CudaRuntime.cpp:3813: Adding external function 'malloc'
(0.000644) CudaRuntime.cpp:3813: Adding external function 'free'
(0.000651) CudaRuntime.cpp:3813: Adding external function 'vprintf'
(0.000656) CudaRuntime.cpp:3813: Adding external function 'cudaGetParameterBuffer'
(0.000695) CudaRuntime.cpp:595:  Loading module (fatbin) - CUDAStream.cu
(0.000701) CudaRuntime.cpp:738:  Registered kernel - _Z11init_kernelIdEvPT_S1_S1_S0_S0_S0_ in module 'CUDAStream.cu'
(0.000711) CudaRuntime.cpp:738:  Registered kernel - _Z10dot_kernelIdEvPKT_S2_PS0_i in module 'CUDAStream.cu'
(0.000716) CudaRuntime.cpp:738:  Registered kernel - _Z14nstream_kernelIdEvPT_PKS0_S3_ in module 'CUDAStream.cu'
(0.000722) CudaRuntime.cpp:738:  Registered kernel - _Z12triad_kernelIdEvPT_PKS0_S3_ in module 'CUDAStream.cu'
(0.000727) CudaRuntime.cpp:738:  Registered kernel - _Z10mul_kernelIdEvPT_PKS0_ in module 'CUDAStream.cu'
(0.000732) CudaRuntime.cpp:738:  Registered kernel - _Z10add_kernelIdEvPKT_S2_PS0_ in module 'CUDAStream.cu'
(0.000736) CudaRuntime.cpp:738:  Registered kernel - _Z11copy_kernelIdEvPKT_PS0_ in module 'CUDAStream.cu'
(0.000741) CudaRuntime.cpp:738:  Registered kernel - _Z11init_kernelIfEvPT_S1_S1_S0_S0_S0_ in module 'CUDAStream.cu'
(0.000746) CudaRuntime.cpp:738:  Registered kernel - _Z10dot_kernelIfEvPKT_S2_PS0_i in module 'CUDAStream.cu'
(0.000751) CudaRuntime.cpp:738:  Registered kernel - _Z14nstream_kernelIfEvPT_PKS0_S3_ in module 'CUDAStream.cu'
(0.000756) CudaRuntime.cpp:738:  Registered kernel - _Z12triad_kernelIfEvPT_PKS0_S3_ in module 'CUDAStream.cu'
(0.000761) CudaRuntime.cpp:738:  Registered kernel - _Z10mul_kernelIfEvPT_PKS0_ in module 'CUDAStream.cu'
(0.000766) CudaRuntime.cpp:738:  Registered kernel - _Z10add_kernelIfEvPKT_S2_PS0_ in module 'CUDAStream.cu'
(0.000771) CudaRuntime.cpp:738:  Registered kernel - _Z11copy_kernelIfEvPKT_PS0_ in module 'CUDAStream.cu'
BabelStream
Version: 4.0
Implementation: CUDA
Running kernels 1 times
Precision: double
Array size: 0.1 MB (=0.0 GB)
Total size: 0.2 MB (=0.0 GB)
(0.000852) CudaRuntime.cpp:446:  Creating new context for thread 0xa82070
(0.000872) CudaRuntime.cpp:2289: Setting device for thread 0xa82070 to 0
(0.000881) CudaRuntime.cpp:276:  Creating devices.
(0.000984) CudaRuntime.cpp:288:   - Added 1 emulator devices.
(0.001070) CudaRuntime.cpp:2203: cuda::CudaRuntime::cudaGetDeviceProperties(dev = 0) - major: 2, minor: 1
(0.001078) CudaRuntime.cpp:2241:   returning: prop->major = 2, prop->minor = 1
Using CUDA device Ocelot PTX Emulator
(0.001209) CudaRuntime.cpp:2289: Setting device for thread 0xa82070 to 0
(0.001219) CudaRuntime.cpp:276:  Creating devices.
(0.001276) CudaRuntime.cpp:288:   - Added 1 emulator devices.
Driver: 4000
(0.001390) CudaRuntime.cpp:276:  Creating devices.
(0.001451) CudaRuntime.cpp:288:   - Added 1 emulator devices.
(0.001486) CudaRuntime.cpp:2203: cuda::CudaRuntime::cudaGetDeviceProperties(dev = 0) - major: 2, minor: 1
(0.001492) CudaRuntime.cpp:2241:   returning: prop->major = 2, prop->minor = 1
(0.001540) CudaRuntime.cpp:276:  Creating devices.
(0.001587) CudaRuntime.cpp:288:   - Added 1 emulator devices.
(0.001632) CudaRuntime.cpp:787:  cudaMalloc( *devPtr = 0xa86800, size = 81920)
(0.001649) CudaRuntime.cpp:787:  cudaMalloc( *devPtr = 0xa9a900, size = 81920)
(0.001659) CudaRuntime.cpp:787:  cudaMalloc( *devPtr = 0xaaea00, size = 81920)
(0.001669) CudaRuntime.cpp:787:  cudaMalloc( *devPtr = 0xac2b00, size = 2048)
(0.001676) CudaRuntime.cpp:2609: cudaConfigureCall()
(0.001682) CudaRuntime.cpp:2631: cudaSetupArgument() - offset 0, size 8
(0.001689) CudaRuntime.cpp:2631: cudaSetupArgument() - offset 8, size 8
(0.001695) CudaRuntime.cpp:2631: cudaSetupArgument() - offset 16, size 8
(0.001700) CudaRuntime.cpp:2631: cudaSetupArgument() - offset 24, size 8
(0.001705) CudaRuntime.cpp:2631: cudaSetupArgument() - offset 32, size 8
(0.001711) CudaRuntime.cpp:2631: cudaSetupArgument() - offset 40, size 8
(0.011910) CudaRuntime.cpp:142:  Mapping parameter at offset 0 of size 8 to offset 0 of size 8
   data = 0x00 0x68 0xa8 0x00 0x00 0x00 0x00 0x00 
(0.011933) CudaRuntime.cpp:142:  Mapping parameter at offset 8 of size 8 to offset 8 of size 8
   data = 0x00 0xa9 0xa9 0x00 0x00 0x00 0x00 0x00 
(0.011953) CudaRuntime.cpp:142:  Mapping parameter at offset 16 of size 8 to offset 16 of size 8
   data = 0x00 0xea 0xaa 0x00 0x00 0x00 0x00 0x00 
(0.011964) CudaRuntime.cpp:142:  Mapping parameter at offset 24 of size 8 to offset 24 of size 8
   data = 0x9a 0x99 0x99 0x99 0x99 0x99 0xb9 0x3f 
(0.011979) CudaRuntime.cpp:142:  Mapping parameter at offset 32 of size 8 to offset 32 of size 8
   data = 0x9a 0x99 0x99 0x99 0x99 0x99 0xc9 0x3f 
(0.011992) CudaRuntime.cpp:142:  Mapping parameter at offset 40 of size 8 to offset 40 of size 8
   data = 0x00 0x00 0x00 0x00 0x00 0x00 0x00 0x00 
(0.012001) CudaRuntime.cpp:2685: kernel launch (_Z11init_kernelIdEvPT_S1_S1_S0_S0_S0_) on thread 0xa82070
(0.012026) CudaRuntime.cpp:2706:  launch completed successfully
(0.063941) CudaRuntime.cpp:2609: cudaConfigureCall()
(0.063952) CudaRuntime.cpp:2631: cudaSetupArgument() - offset 0, size 8
(0.063956) CudaRuntime.cpp:2631: cudaSetupArgument() - offset 8, size 8
(0.063968) CudaRuntime.cpp:142:  Mapping parameter at offset 0 of size 8 to offset 0 of size 8
   data = 0x00 0x68 0xa8 0x00 0x00 0x00 0x00 0x00 
(0.063974) CudaRuntime.cpp:142:  Mapping parameter at offset 8 of size 8 to offset 8 of size 8
   data = 0x00 0xea 0xaa 0x00 0x00 0x00 0x00 0x00 
(0.063978) CudaRuntime.cpp:2685: kernel launch (_Z11copy_kernelIdEvPKT_PS0_) on thread 0xa82070
(0.063987) CudaRuntime.cpp:2706:  launch completed successfully
(0.071788) CudaRuntime.cpp:2609: cudaConfigureCall()
(0.071797) CudaRuntime.cpp:2631: cudaSetupArgument() - offset 0, size 8
(0.071801) CudaRuntime.cpp:2631: cudaSetupArgument() - offset 8, size 8
(0.071814) CudaRuntime.cpp:142:  Mapping parameter at offset 0 of size 8 to offset 0 of size 8
   data = 0x00 0xa9 0xa9 0x00 0x00 0x00 0x00 0x00 
(0.071821) CudaRuntime.cpp:142:  Mapping parameter at offset 8 of size 8 to offset 8 of size 8
   data = 0x00 0xea 0xaa 0x00 0x00 0x00 0x00 0x00 
(0.071826) CudaRuntime.cpp:2685: kernel launch (_Z10mul_kernelIdEvPT_PKS0_) on thread 0xa82070
(0.071837) CudaRuntime.cpp:2706:  launch completed successfully
(0.082263) CudaRuntime.cpp:2609: cudaConfigureCall()
(0.082277) CudaRuntime.cpp:2631: cudaSetupArgument() - offset 0, size 8
(0.082283) CudaRuntime.cpp:2631: cudaSetupArgument() - offset 8, size 8
(0.082289) CudaRuntime.cpp:2631: cudaSetupArgument() - offset 16, size 8
(0.082306) CudaRuntime.cpp:142:  Mapping parameter at offset 0 of size 8 to offset 0 of size 8
   data = 0x00 0x68 0xa8 0x00 0x00 0x00 0x00 0x00 
(0.082315) CudaRuntime.cpp:142:  Mapping parameter at offset 8 of size 8 to offset 8 of size 8
   data = 0x00 0xa9 0xa9 0x00 0x00 0x00 0x00 0x00 
(0.082334) CudaRuntime.cpp:142:  Mapping parameter at offset 16 of size 8 to offset 16 of size 8
   data = 0x00 0xea 0xaa 0x00 0x00 0x00 0x00 0x00 
(0.082340) CudaRuntime.cpp:2685: kernel launch (_Z10add_kernelIdEvPKT_S2_PS0_) on thread 0xa82070
(0.082354) CudaRuntime.cpp:2706:  launch completed successfully
(0.095218) CudaRuntime.cpp:2609: cudaConfigureCall()
(0.095237) CudaRuntime.cpp:2631: cudaSetupArgument() - offset 0, size 8
(0.095246) CudaRuntime.cpp:2631: cudaSetupArgument() - offset 8, size 8
(0.095254) CudaRuntime.cpp:2631: cudaSetupArgument() - offset 16, size 8
(0.095278) CudaRuntime.cpp:142:  Mapping parameter at offset 0 of size 8 to offset 0 of size 8
   data = 0x00 0x68 0xa8 0x00 0x00 0x00 0x00 0x00 
(0.095291) CudaRuntime.cpp:142:  Mapping parameter at offset 8 of size 8 to offset 8 of size 8
   data = 0x00 0xa9 0xa9 0x00 0x00 0x00 0x00 0x00 
(0.095303) CudaRuntime.cpp:142:  Mapping parameter at offset 16 of size 8 to offset 16 of size 8
   data = 0x00 0xea 0xaa 0x00 0x00 0x00 0x00 0x00 
(0.095313) CudaRuntime.cpp:2685: kernel launch (_Z12triad_kernelIdEvPT_PKS0_S3_) on thread 0xa82070
(0.095334) CudaRuntime.cpp:2706:  launch completed successfully
(0.106829) CudaRuntime.cpp:2609: cudaConfigureCall()
(0.106846) CudaRuntime.cpp:2631: cudaSetupArgument() - offset 0, size 8
(0.106855) CudaRuntime.cpp:2631: cudaSetupArgument() - offset 8, size 8
(0.106863) CudaRuntime.cpp:2631: cudaSetupArgument() - offset 16, size 8
(0.106871) CudaRuntime.cpp:2631: cudaSetupArgument() - offset 24, size 4
(0.106892) CudaRuntime.cpp:142:  Mapping parameter at offset 0 of size 8 to offset 0 of size 8
   data = 0x00 0x68 0xa8 0x00 0x00 0x00 0x00 0x00 
(0.106905) CudaRuntime.cpp:142:  Mapping parameter at offset 8 of size 8 to offset 8 of size 8
   data = 0x00 0xa9 0xa9 0x00 0x00 0x00 0x00 0x00 
(0.106918) CudaRuntime.cpp:142:  Mapping parameter at offset 16 of size 8 to offset 16 of size 8
   data = 0x00 0x2b 0xac 0x00 0x00 0x00 0x00 0x00 
(0.106929) CudaRuntime.cpp:142:  Mapping parameter at offset 24 of size 4 to offset 24 of size 4
   data = 0x00 0x28 0x00 0x00 
(0.106938) CudaRuntime.cpp:2685: kernel launch (_Z10dot_kernelIdEvPKT_S2_PS0_i) on thread 0xa82070
(0.106957) CudaRuntime.cpp:2706:  launch completed successfully
(2.637092) CudaRuntime.cpp:1131: cudaMemcpy(0xa85bd0, 0xac2b00, 2048)
(2.637106) CudaRuntime.cpp:215:    _memcpy(0xa85bd0, 0xac2b00, 2048 bytes) d-to-h
(2.637323) CudaRuntime.cpp:1131: cudaMemcpy(0xb0f980, 0xa86800, 81920)
(2.637331) CudaRuntime.cpp:215:    _memcpy(0xb0f980, 0xa86800, 81920 bytes) d-to-h
(2.637349) CudaRuntime.cpp:1131: cudaMemcpy(0xb23990, 0xa9a900, 81920)
(2.637357) CudaRuntime.cpp:215:    _memcpy(0xb23990, 0xa9a900, 81920 bytes) d-to-h
(2.637374) CudaRuntime.cpp:1131: cudaMemcpy(0xb379a0, 0xaaea00, 81920)
(2.637382) CudaRuntime.cpp:215:    _memcpy(0xb379a0, 0xaaea00, 81920 bytes) d-to-h
Function    MBytes/sec  Min (sec)   Max         Average     
Copy        20.877      0.00785     0.00785     0.00785     
Mul         15.650      0.01047     0.01047     0.01047     
Add         18.981      0.01295     0.01295     0.01295     
Triad       21.169      0.01161     0.01161     0.01161     
Dot         0.065       2.53030     2.53030     2.53030     
(2.638285) CudaRuntime.cpp:887:  cudaFree(0xa86800)
(2.638296) CudaRuntime.cpp:887:  cudaFree(0xa9a900)
(2.638305) CudaRuntime.cpp:887:  cudaFree(0xaaea00)
(2.638313) CudaRuntime.cpp:887:  cudaFree(0xac2b00)
