(0.000501) CudaRuntime.cpp:3813: Adding external function 'malloc'
(0.000551) CudaRuntime.cpp:3813: Adding external function 'free'
(0.000559) CudaRuntime.cpp:3813: Adding external function 'vprintf'
(0.000566) CudaRuntime.cpp:3813: Adding external function 'cudaGetParameterBuffer'
(0.000607) CudaRuntime.cpp:595:  Loading module (fatbin) - CUDAStream.cu
(0.000619) CudaRuntime.cpp:738:  Registered kernel - _Z11init_kernelIdEvPT_S1_S1_S0_S0_S0_ in module 'CUDAStream.cu'
(0.000631) CudaRuntime.cpp:738:  Registered kernel - _Z10dot_kernelIdEvPKT_S2_PS0_i in module 'CUDAStream.cu'
(0.000638) CudaRuntime.cpp:738:  Registered kernel - _Z14nstream_kernelIdEvPT_PKS0_S3_ in module 'CUDAStream.cu'
(0.000645) CudaRuntime.cpp:738:  Registered kernel - _Z12triad_kernelIdEvPT_PKS0_S3_ in module 'CUDAStream.cu'
(0.000652) CudaRuntime.cpp:738:  Registered kernel - _Z10mul_kernelIdEvPT_PKS0_ in module 'CUDAStream.cu'
(0.000658) CudaRuntime.cpp:738:  Registered kernel - _Z10add_kernelIdEvPKT_S2_PS0_ in module 'CUDAStream.cu'
(0.000664) CudaRuntime.cpp:738:  Registered kernel - _Z11copy_kernelIdEvPKT_PS0_ in module 'CUDAStream.cu'
(0.000670) CudaRuntime.cpp:738:  Registered kernel - _Z11init_kernelIfEvPT_S1_S1_S0_S0_S0_ in module 'CUDAStream.cu'
(0.000677) CudaRuntime.cpp:738:  Registered kernel - _Z10dot_kernelIfEvPKT_S2_PS0_i in module 'CUDAStream.cu'
(0.000683) CudaRuntime.cpp:738:  Registered kernel - _Z14nstream_kernelIfEvPT_PKS0_S3_ in module 'CUDAStream.cu'
(0.000689) CudaRuntime.cpp:738:  Registered kernel - _Z12triad_kernelIfEvPT_PKS0_S3_ in module 'CUDAStream.cu'
(0.000695) CudaRuntime.cpp:738:  Registered kernel - _Z10mul_kernelIfEvPT_PKS0_ in module 'CUDAStream.cu'
(0.000702) CudaRuntime.cpp:738:  Registered kernel - _Z10add_kernelIfEvPKT_S2_PS0_ in module 'CUDAStream.cu'
(0.000708) CudaRuntime.cpp:738:  Registered kernel - _Z11copy_kernelIfEvPKT_PS0_ in module 'CUDAStream.cu'
BabelStream
Version: 4.0
Implementation: CUDA
Running kernels 2 times
Precision: double
Array size: 0.0 MB (=0.0 GB)
Total size: 0.0 MB (=0.0 GB)
(0.000800) CudaRuntime.cpp:446:  Creating new context for thread 0xe51070
(0.000823) CudaRuntime.cpp:2289: Setting device for thread 0xe51070 to 0
(0.000834) CudaRuntime.cpp:276:  Creating devices.
(0.000952) CudaRuntime.cpp:288:   - Added 1 emulator devices.
(0.001039) CudaRuntime.cpp:2203: cuda::CudaRuntime::cudaGetDeviceProperties(dev = 0) - major: 2, minor: 1
(0.001050) CudaRuntime.cpp:2241:   returning: prop->major = 2, prop->minor = 1
Using CUDA device Ocelot PTX Emulator
(0.001236) CudaRuntime.cpp:2289: Setting device for thread 0xe51070 to 0
(0.001247) CudaRuntime.cpp:276:  Creating devices.
(0.001315) CudaRuntime.cpp:288:   - Added 1 emulator devices.
Driver: 4000
(0.001476) CudaRuntime.cpp:276:  Creating devices.
(0.001536) CudaRuntime.cpp:288:   - Added 1 emulator devices.
(0.001589) CudaRuntime.cpp:2203: cuda::CudaRuntime::cudaGetDeviceProperties(dev = 0) - major: 2, minor: 1
(0.001597) CudaRuntime.cpp:2241:   returning: prop->major = 2, prop->minor = 1
(0.001664) CudaRuntime.cpp:276:  Creating devices.
(0.001720) CudaRuntime.cpp:288:   - Added 1 emulator devices.
(0.001772) CudaRuntime.cpp:787:  cudaMalloc( *devPtr = 0xe55800, size = 8192)
(0.001788) CudaRuntime.cpp:787:  cudaMalloc( *devPtr = 0xe57900, size = 8192)
(0.001800) CudaRuntime.cpp:787:  cudaMalloc( *devPtr = 0xe59a00, size = 8192)
(0.001812) CudaRuntime.cpp:787:  cudaMalloc( *devPtr = 0xe5bb00, size = 2048)
(0.001821) CudaRuntime.cpp:2609: cudaConfigureCall()
(0.001828) CudaRuntime.cpp:2631: cudaSetupArgument() - offset 0, size 8
(0.001836) CudaRuntime.cpp:2631: cudaSetupArgument() - offset 8, size 8
(0.001843) CudaRuntime.cpp:2631: cudaSetupArgument() - offset 16, size 8
(0.001850) CudaRuntime.cpp:2631: cudaSetupArgument() - offset 24, size 8
(0.001856) CudaRuntime.cpp:2631: cudaSetupArgument() - offset 32, size 8
(0.001863) CudaRuntime.cpp:2631: cudaSetupArgument() - offset 40, size 8
(0.012285) CudaRuntime.cpp:142:  Mapping parameter at offset 0 of size 8 to offset 0 of size 8
   data = 0x00 0x58 0xe5 0x00 0x00 0x00 0x00 0x00 
(0.012296) CudaRuntime.cpp:142:  Mapping parameter at offset 8 of size 8 to offset 8 of size 8
   data = 0x00 0x79 0xe5 0x00 0x00 0x00 0x00 0x00 
(0.012302) CudaRuntime.cpp:142:  Mapping parameter at offset 16 of size 8 to offset 16 of size 8
   data = 0x00 0x9a 0xe5 0x00 0x00 0x00 0x00 0x00 
(0.012308) CudaRuntime.cpp:142:  Mapping parameter at offset 24 of size 8 to offset 24 of size 8
   data = 0x9a 0x99 0x99 0x99 0x99 0x99 0xb9 0x3f 
(0.012314) CudaRuntime.cpp:142:  Mapping parameter at offset 32 of size 8 to offset 32 of size 8
   data = 0x9a 0x99 0x99 0x99 0x99 0x99 0xc9 0x3f 
(0.012319) CudaRuntime.cpp:142:  Mapping parameter at offset 40 of size 8 to offset 40 of size 8
   data = 0x00 0x00 0x00 0x00 0x00 0x00 0x00 0x00 
(0.012324) CudaRuntime.cpp:2685: kernel launch (_Z11init_kernelIdEvPT_S1_S1_S0_S0_S0_) on thread 0xe51070
(0.012337) CudaRuntime.cpp:2706:  launch completed successfully
(0.018392) CudaRuntime.cpp:2609: cudaConfigureCall()
(0.018402) CudaRuntime.cpp:2631: cudaSetupArgument() - offset 0, size 8
(0.018406) CudaRuntime.cpp:2631: cudaSetupArgument() - offset 8, size 8
(0.018418) CudaRuntime.cpp:142:  Mapping parameter at offset 0 of size 8 to offset 0 of size 8
   data = 0x00 0x58 0xe5 0x00 0x00 0x00 0x00 0x00 
(0.018425) CudaRuntime.cpp:142:  Mapping parameter at offset 8 of size 8 to offset 8 of size 8
   data = 0x00 0x9a 0xe5 0x00 0x00 0x00 0x00 0x00 
(0.018429) CudaRuntime.cpp:2685: kernel launch (_Z11copy_kernelIdEvPKT_PS0_) on thread 0xe51070
(0.018440) CudaRuntime.cpp:2706:  launch completed successfully
(0.022047) CudaRuntime.cpp:2609: cudaConfigureCall()
(0.022058) CudaRuntime.cpp:2631: cudaSetupArgument() - offset 0, size 8
(0.022065) CudaRuntime.cpp:2631: cudaSetupArgument() - offset 8, size 8
(0.022080) CudaRuntime.cpp:142:  Mapping parameter at offset 0 of size 8 to offset 0 of size 8
   data = 0x00 0x79 0xe5 0x00 0x00 0x00 0x00 0x00 
(0.022089) CudaRuntime.cpp:142:  Mapping parameter at offset 8 of size 8 to offset 8 of size 8
   data = 0x00 0x9a 0xe5 0x00 0x00 0x00 0x00 0x00 
(0.022096) CudaRuntime.cpp:2685: kernel launch (_Z10mul_kernelIdEvPT_PKS0_) on thread 0xe51070
(0.022110) CudaRuntime.cpp:2706:  launch completed successfully
(0.026104) CudaRuntime.cpp:2609: cudaConfigureCall()
(0.026115) CudaRuntime.cpp:2631: cudaSetupArgument() - offset 0, size 8
(0.026121) CudaRuntime.cpp:2631: cudaSetupArgument() - offset 8, size 8
(0.026127) CudaRuntime.cpp:2631: cudaSetupArgument() - offset 16, size 8
(0.026141) CudaRuntime.cpp:142:  Mapping parameter at offset 0 of size 8 to offset 0 of size 8
   data = 0x00 0x58 0xe5 0x00 0x00 0x00 0x00 0x00 
(0.026150) CudaRuntime.cpp:142:  Mapping parameter at offset 8 of size 8 to offset 8 of size 8
   data = 0x00 0x79 0xe5 0x00 0x00 0x00 0x00 0x00 
(0.026166) CudaRuntime.cpp:142:  Mapping parameter at offset 16 of size 8 to offset 16 of size 8
   data = 0x00 0x9a 0xe5 0x00 0x00 0x00 0x00 0x00 
(0.026173) CudaRuntime.cpp:2685: kernel launch (_Z10add_kernelIdEvPKT_S2_PS0_) on thread 0xe51070
(0.026186) CudaRuntime.cpp:2706:  launch completed successfully
(0.030254) CudaRuntime.cpp:2609: cudaConfigureCall()
(0.030284) CudaRuntime.cpp:2631: cudaSetupArgument() - offset 0, size 8
(0.030309) CudaRuntime.cpp:2631: cudaSetupArgument() - offset 8, size 8
(0.030334) CudaRuntime.cpp:2631: cudaSetupArgument() - offset 16, size 8
(0.030379) CudaRuntime.cpp:142:  Mapping parameter at offset 0 of size 8 to offset 0 of size 8
   data = 0x00 0x58 0xe5 0x00 0x00 0x00 0x00 0x00 
(0.030417) CudaRuntime.cpp:142:  Mapping parameter at offset 8 of size 8 to offset 8 of size 8
   data = 0x00 0x79 0xe5 0x00 0x00 0x00 0x00 0x00 
(0.030455) CudaRuntime.cpp:142:  Mapping parameter at offset 16 of size 8 to offset 16 of size 8
   data = 0x00 0x9a 0xe5 0x00 0x00 0x00 0x00 0x00 
(0.030482) CudaRuntime.cpp:2685: kernel launch (_Z12triad_kernelIdEvPT_PKS0_S3_) on thread 0xe51070
(0.030517) CudaRuntime.cpp:2706:  launch completed successfully
(0.037378) CudaRuntime.cpp:2609: cudaConfigureCall()
(0.037393) CudaRuntime.cpp:2631: cudaSetupArgument() - offset 0, size 8
(0.037402) CudaRuntime.cpp:2631: cudaSetupArgument() - offset 8, size 8
(0.037410) CudaRuntime.cpp:2631: cudaSetupArgument() - offset 16, size 8
(0.037418) CudaRuntime.cpp:2631: cudaSetupArgument() - offset 24, size 4
(0.037438) CudaRuntime.cpp:142:  Mapping parameter at offset 0 of size 8 to offset 0 of size 8
   data = 0x00 0x58 0xe5 0x00 0x00 0x00 0x00 0x00 
(0.037451) CudaRuntime.cpp:142:  Mapping parameter at offset 8 of size 8 to offset 8 of size 8
   data = 0x00 0x79 0xe5 0x00 0x00 0x00 0x00 0x00 
(0.037463) CudaRuntime.cpp:142:  Mapping parameter at offset 16 of size 8 to offset 16 of size 8
   data = 0x00 0xbb 0xe5 0x00 0x00 0x00 0x00 0x00 
(0.037474) CudaRuntime.cpp:142:  Mapping parameter at offset 24 of size 4 to offset 24 of size 4
   data = 0x00 0x04 0x00 0x00 
(0.037483) CudaRuntime.cpp:2685: kernel launch (_Z10dot_kernelIdEvPKT_S2_PS0_i) on thread 0xe51070
(0.037500) CudaRuntime.cpp:2706:  launch completed successfully
(3.312271) CudaRuntime.cpp:1131: cudaMemcpy(0xe54bd0, 0xe5bb00, 2048)
(3.312290) CudaRuntime.cpp:215:    _memcpy(0xe54bd0, 0xe5bb00, 2048 bytes) d-to-h
(3.312310) CudaRuntime.cpp:2609: cudaConfigureCall()
(3.312319) CudaRuntime.cpp:2631: cudaSetupArgument() - offset 0, size 8
(3.312328) CudaRuntime.cpp:2631: cudaSetupArgument() - offset 8, size 8
(3.312352) CudaRuntime.cpp:142:  Mapping parameter at offset 0 of size 8 to offset 0 of size 8
   data = 0x00 0x58 0xe5 0x00 0x00 0x00 0x00 0x00 
(3.312365) CudaRuntime.cpp:142:  Mapping parameter at offset 8 of size 8 to offset 8 of size 8
   data = 0x00 0x9a 0xe5 0x00 0x00 0x00 0x00 0x00 
(3.312374) CudaRuntime.cpp:2685: kernel launch (_Z11copy_kernelIdEvPKT_PS0_) on thread 0xe51070
(3.312394) CudaRuntime.cpp:2706:  launch completed successfully
(3.313355) CudaRuntime.cpp:2609: cudaConfigureCall()
(3.313365) CudaRuntime.cpp:2631: cudaSetupArgument() - offset 0, size 8
(3.313373) CudaRuntime.cpp:2631: cudaSetupArgument() - offset 8, size 8
(3.313389) CudaRuntime.cpp:142:  Mapping parameter at offset 0 of size 8 to offset 0 of size 8
   data = 0x00 0x79 0xe5 0x00 0x00 0x00 0x00 0x00 
(3.313400) CudaRuntime.cpp:142:  Mapping parameter at offset 8 of size 8 to offset 8 of size 8
   data = 0x00 0x9a 0xe5 0x00 0x00 0x00 0x00 0x00 
(3.313408) CudaRuntime.cpp:2685: kernel launch (_Z10mul_kernelIdEvPT_PKS0_) on thread 0xe51070
(3.313422) CudaRuntime.cpp:2706:  launch completed successfully
(3.314347) CudaRuntime.cpp:2609: cudaConfigureCall()
(3.314355) CudaRuntime.cpp:2631: cudaSetupArgument() - offset 0, size 8
(3.314363) CudaRuntime.cpp:2631: cudaSetupArgument() - offset 8, size 8
(3.314370) CudaRuntime.cpp:2631: cudaSetupArgument() - offset 16, size 8
(3.314385) CudaRuntime.cpp:142:  Mapping parameter at offset 0 of size 8 to offset 0 of size 8
   data = 0x00 0x58 0xe5 0x00 0x00 0x00 0x00 0x00 
(3.314406) CudaRuntime.cpp:142:  Mapping parameter at offset 8 of size 8 to offset 8 of size 8
   data = 0x00 0x79 0xe5 0x00 0x00 0x00 0x00 0x00 
(3.314417) CudaRuntime.cpp:142:  Mapping parameter at offset 16 of size 8 to offset 16 of size 8
   data = 0x00 0x9a 0xe5 0x00 0x00 0x00 0x00 0x00 
(3.314425) CudaRuntime.cpp:2685: kernel launch (_Z10add_kernelIdEvPKT_S2_PS0_) on thread 0xe51070
(3.314439) CudaRuntime.cpp:2706:  launch completed successfully
(3.315677) CudaRuntime.cpp:2609: cudaConfigureCall()
(3.315704) CudaRuntime.cpp:2631: cudaSetupArgument() - offset 0, size 8
(3.315729) CudaRuntime.cpp:2631: cudaSetupArgument() - offset 8, size 8
(3.315756) CudaRuntime.cpp:2631: cudaSetupArgument() - offset 16, size 8
(3.315801) CudaRuntime.cpp:142:  Mapping parameter at offset 0 of size 8 to offset 0 of size 8
   data = 0x00 0x58 0xe5 0x00 0x00 0x00 0x00 0x00 
(3.315838) CudaRuntime.cpp:142:  Mapping parameter at offset 8 of size 8 to offset 8 of size 8
   data = 0x00 0x79 0xe5 0x00 0x00 0x00 0x00 0x00 
(3.315875) CudaRuntime.cpp:142:  Mapping parameter at offset 16 of size 8 to offset 16 of size 8
   data = 0x00 0x9a 0xe5 0x00 0x00 0x00 0x00 0x00 
(3.315901) CudaRuntime.cpp:2685: kernel launch (_Z12triad_kernelIdEvPT_PKS0_S3_) on thread 0xe51070
(3.315932) CudaRuntime.cpp:2706:  launch completed successfully
(3.317166) CudaRuntime.cpp:2609: cudaConfigureCall()
(3.317177) CudaRuntime.cpp:2631: cudaSetupArgument() - offset 0, size 8
(3.317186) CudaRuntime.cpp:2631: cudaSetupArgument() - offset 8, size 8
(3.317193) CudaRuntime.cpp:2631: cudaSetupArgument() - offset 16, size 8
(3.317201) CudaRuntime.cpp:2631: cudaSetupArgument() - offset 24, size 4
(3.317218) CudaRuntime.cpp:142:  Mapping parameter at offset 0 of size 8 to offset 0 of size 8
   data = 0x00 0x58 0xe5 0x00 0x00 0x00 0x00 0x00 
(3.317230) CudaRuntime.cpp:142:  Mapping parameter at offset 8 of size 8 to offset 8 of size 8
   data = 0x00 0x79 0xe5 0x00 0x00 0x00 0x00 0x00 
(3.317242) CudaRuntime.cpp:142:  Mapping parameter at offset 16 of size 8 to offset 16 of size 8
   data = 0x00 0xbb 0xe5 0x00 0x00 0x00 0x00 0x00 
(3.317253) CudaRuntime.cpp:142:  Mapping parameter at offset 24 of size 4 to offset 24 of size 4
   data = 0x00 0x04 0x00 0x00 
(3.317261) CudaRuntime.cpp:2685: kernel launch (_Z10dot_kernelIdEvPKT_S2_PS0_i) on thread 0xe51070
(3.317277) CudaRuntime.cpp:2706:  launch completed successfully
(5.644773) CudaRuntime.cpp:1131: cudaMemcpy(0xe54bd0, 0xe5bb00, 2048)
(5.644792) CudaRuntime.cpp:215:    _memcpy(0xe54bd0, 0xe5bb00, 2048 bytes) d-to-h
(5.644885) CudaRuntime.cpp:1131: cudaMemcpy(0xe52190, 0xe55800, 8192)
(5.644894) CudaRuntime.cpp:215:    _memcpy(0xe52190, 0xe55800, 8192 bytes) d-to-h
(5.644905) CudaRuntime.cpp:1131: cudaMemcpy(0xea8ab0, 0xe57900, 8192)
(5.644912) CudaRuntime.cpp:215:    _memcpy(0xea8ab0, 0xe57900, 8192 bytes) d-to-h
(5.644922) CudaRuntime.cpp:1131: cudaMemcpy(0xeaaac0, 0xe59a00, 8192)
(5.644930) CudaRuntime.cpp:215:    _memcpy(0xeaaac0, 0xe59a00, 8192 bytes) d-to-h
Function    MBytes/sec  Min (sec)   Max         Average     
Copy        15.801      0.00104     0.00104     0.00104     
Mul         16.552      0.00099     0.00099     0.00099     
Add         18.704      0.00131     0.00131     0.00131     
Triad       16.428      0.00150     0.00150     0.00150     
Dot         0.007       2.32765     2.32765     2.32765     
(5.645196) CudaRuntime.cpp:887:  cudaFree(0xe55800)
(5.645210) CudaRuntime.cpp:887:  cudaFree(0xe57900)
(5.645219) CudaRuntime.cpp:887:  cudaFree(0xe59a00)
(5.645228) CudaRuntime.cpp:887:  cudaFree(0xe5bb00)
