options: Options {
    input: "/benchrun/accelsim-ptx/cuda6-transpose/sm6_gtx1080/input-repeat1-dimx32-dimy32/results/log.txt",
    output: "/benchrun/accelsim-ptx/cuda6-transpose/sm6_gtx1080/input-repeat1-dimx32-dimy32/results/stats.csv",
    per_kernel: false,
    kernel_instance: false,
    configs_as_rows: false,
    config_list: None,
    benchmark_list: None,
    sim_name: None,
    strict: false,
}
GPGPU-sim version: Some("gpgpu-sim_git-commit-13c67115070dc2f0876254a790d0238073ca364a_modified_0.0")
stats: {
    (
        "final_kernel",
        0,
        "l2_cache_write_miss",
    ): 32.0,
    (
        "final_kernel",
        0,
        "l2_cache_write_total",
    ): 1920.0,
    (
        "final_kernel",
        0,
        "l2_cache_read_total",
    ): 1024.0,
    (
        "final_kernel",
        0,
        "total_dram_reads",
    ): 200.0,
    (
        "final_kernel",
        0,
        "l2_bandwidth_gbps",
    ): 11.4026,
    (
        "final_kernel",
        0,
        "gpu_ipc",
    ): 35.0744,
    (
        "final_kernel",
        0,
        "gpgpu_silicon_slowdown",
    ): 474601.0,
    (
        "final_kernel",
        0,
        "total_core_cache_write_hit",
    ): 0.0,
    (
        "final_kernel",
        0,
        "gpu_total_instructions",
    ): 518144.0,
    (
        "final_kernel",
        0,
        "total_core_cache_read_mshr_hit",
    ): 0.0,
    (
        "final_kernel",
        0,
        "gpgpu_n_tot_w_icount",
    ): 16320.0,
    (
        "final_kernel",
        0,
        "l2_cache_read_hit",
    ): 1024.0,
    (
        "final_kernel",
        0,
        "l2_cache_write_hit",
    ): 1856.0,
    (
        "final_kernel",
        0,
        "gpu_occupancy",
    ): 12.339,
    (
        "final_kernel",
        0,
        "gpgpu_simulation_time_sec",
    ): 5.0,
    (
        "final_kernel",
        0,
        "gpgpu_simulation_rate",
    ): 3386.0,
    (
        "final_kernel",
        0,
        "total_dram_writes",
    ): 128.0,
    (
        "final_kernel",
        0,
        "gpu_tot_ipc",
    ): 30.6015,
    (
        "final_kernel",
        0,
        "kernel_launch_uid",
    ): 16.0,
    (
        "final_kernel",
        0,
        "total_core_cache_read_hit",
    ): 0.0,
    (
        "final_kernel",
        0,
        "gpu_tot_sim_cycle",
    ): 16932.0,
    (
        "final_kernel",
        0,
        "const_cache_read_total",
    ): 20.0,
    (
        "final_kernel",
        0,
        "l2_cache_read_miss",
    ): 0.0,
}
done in 40.536093ms: 744.54 KiB parsed (16.00 EiB/s)
