options: Options {
    input: "/benchrun/accelsim-sass/sm86_a4000/cuda6-transpose/input-repeat3-dimx32-dimy32/results/log.txt",
    output: "/benchrun/accelsim-sass/sm86_a4000/cuda6-transpose/input-repeat3-dimx32-dimy32/results/stats.csv",
    per_kernel: false,
    kernel_instance: false,
    configs_as_rows: false,
    config_list: None,
    benchmark_list: None,
    sim_name: None,
    strict: false,
}
GPGPU-sim version: Some("accelsim-commit-e02c99dbadefc0b9dc95317100be2a446eec142c_modified_0.0")
stats: {
    (
        "final_kernel",
        0,
        "total_core_cache_read_mshr_hit",
    ): 0.0,
    (
        "final_kernel",
        0,
        "l2_cache_write_miss",
    ): 32.0,
    (
        "final_kernel",
        0,
        "l2_cache_read_total",
    ): 4096.0,
    (
        "final_kernel",
        0,
        "total_dram_writes",
    ): 0.0,
    (
        "final_kernel",
        0,
        "gpgpu_simulation_rate",
    ): 3119.0,
    (
        "final_kernel",
        0,
        "total_dram_reads",
    ): 128.0,
    (
        "final_kernel",
        0,
        "gpu_occupancy",
    ): 16.3498,
    (
        "final_kernel",
        0,
        "gpgpu_simulation_time_sec",
    ): 58.0,
    (
        "final_kernel",
        0,
        "l2_cache_read_miss",
    ): 32.0,
    (
        "final_kernel",
        0,
        "gpu_total_instructions",
    ): 766976.0,
    (
        "final_kernel",
        0,
        "l2_cache_write_hit",
    ): 5504.0,
    (
        "final_kernel",
        0,
        "kernel_launch_uid",
    ): 32.0,
    (
        "final_kernel",
        0,
        "l2_cache_read_hit",
    ): 3968.0,
    (
        "final_kernel",
        0,
        "gpgpu_silicon_slowdown",
    ): 235652.0,
    (
        "final_kernel",
        0,
        "gpu_tot_sim_cycle",
    ): 180932.0,
    (
        "final_kernel",
        0,
        "gpu_ipc",
    ): 7.5242,
    (
        "final_kernel",
        0,
        "total_core_cache_read_hit",
    ): 0.0,
    (
        "final_kernel",
        0,
        "gpgpu_n_tot_w_icount",
    ): 24576.0,
    (
        "final_kernel",
        0,
        "l2_cache_write_total",
    ): 5632.0,
    (
        "final_kernel",
        0,
        "total_core_cache_write_total",
    ): 5632.0,
    (
        "final_kernel",
        0,
        "total_core_cache_write_hit",
    ): 1536.0,
    (
        "final_kernel",
        0,
        "gpu_tot_ipc",
    ): 4.239,
    (
        "final_kernel",
        0,
        "l2_bandwidth_gbps",
    ): 1.0472,
    (
        "final_kernel",
        0,
        "total_core_cache_read_total",
    ): 4096.0,
}
done in 100.3338ms: 2.29 MiB parsed (16.00 EiB/s)
