options: Options {
    input: "/benchrun/accelsim-ptx/babelstream/sm86_a4000/input-arraysize-1024-numtimes-2/results/log.txt",
    output: "/benchrun/accelsim-ptx/babelstream/sm86_a4000/input-arraysize-1024-numtimes-2/results/stats.csv",
    per_kernel: false,
    kernel_instance: false,
    configs_as_rows: false,
    config_list: None,
    benchmark_list: None,
    sim_name: None,
    strict: false,
}
GPGPU-sim version: Some("gpgpu-sim_git-commit-13c67115070dc2f0876254a790d0238073ca364a_modified_0.0")
stats: {
    (
        "final_kernel",
        0,
        "l2_cache_write_miss",
    ): 208.0,
    (
        "final_kernel",
        0,
        "gpu_tot_sim_cycle",
    ): 102603.0,
    (
        "final_kernel",
        0,
        "gpu_occupancy",
    ): 58.2641,
    (
        "final_kernel",
        0,
        "l2_cache_read_hit",
    ): 4096.0,
    (
        "final_kernel",
        0,
        "gpgpu_simulation_time_sec",
    ): 180.0,
    (
        "final_kernel",
        0,
        "gpgpu_silicon_slowdown",
    ): 1289473.0,
    (
        "final_kernel",
        0,
        "total_dram_reads",
    ): 0.0,
    (
        "final_kernel",
        0,
        "l2_cache_write_hit",
    ): 2496.0,
    (
        "final_kernel",
        0,
        "total_core_cache_read_total",
    ): 4096.0,
    (
        "final_kernel",
        0,
        "total_core_cache_write_hit",
    ): 0.0,
    (
        "final_kernel",
        0,
        "l2_bandwidth_gbps",
    ): 0.788,
    (
        "final_kernel",
        0,
        "gpu_tot_ipc",
    ): 650.7449,
    (
        "final_kernel",
        0,
        "gpu_ipc",
    ): 1452.8368,
    (
        "final_kernel",
        0,
        "total_core_cache_read_hit",
    ): 0.0,
    (
        "final_kernel",
        0,
        "l2_cache_read_miss",
    ): 0.0,
    (
        "final_kernel",
        0,
        "gpgpu_n_tot_w_icount",
    ): 2154784.0,
    (
        "final_kernel",
        0,
        "total_core_cache_write_total",
    ): 3328.0,
    (
        "final_kernel",
        0,
        "total_core_cache_read_mshr_hit",
    ): 0.0,
    (
        "final_kernel",
        0,
        "kernel_launch_uid",
    ): 11.0,
    (
        "final_kernel",
        0,
        "l2_cache_read_total",
    ): 4096.0,
    (
        "final_kernel",
        0,
        "gpgpu_simulation_rate",
    ): 570.0,
    (
        "final_kernel",
        0,
        "gpu_total_instructions",
    ): 66768384.0,
    (
        "final_kernel",
        0,
        "total_dram_writes",
    ): 0.0,
    (
        "final_kernel",
        0,
        "l2_cache_write_total",
    ): 3328.0,
}
done in 54.187655ms: 860.29 KiB parsed (16.00 EiB/s)
