####################################################################################################
Interval
####################################################################################################
Cumulative:         Cycles:                  20000     Instructions:                  1200
AVG_MEMORY_LATENCY_BASE                                    188780                        188780

AVG_MEMORY_LATENCY                                      262824996                       1392.23

MSHR_FULL                                                       0                             0

TOTAL_MEMORY                                               188780                        188780

TOTAL_MEMORY_MERGE                                           1278                    0.00676978

TOTAL_WB                                                        0                             0

L1_WB                                                           0                           NaN

L2_WB                                                           0                           NaN

LLC_WB                                                          0                           NaN

TOTAL_DRAM                                                 187502                        187502

TOTAL_DRAM_MERGE                                                0                             0

L1_HIT_CPU                                                      0                             0

L1_HIT_GPU                                                      0                             0

L1_MISS_CPU                                                     0                             0

L1_MISS_GPU                                                187500                        187500

L2_HIT_CPU                                                      0                             0

L2_HIT_GPU                                                      0                             0

L2_MISS_CPU                                                     0                             0

L2_MISS_GPU                                                187502                        187502

L3_HIT_CPU                                                      0                             0

L3_HIT_GPU                                                      0                             0

L3_MISS_CPU                                                     0                             0

L3_MISS_GPU                                                187502                        187502

LLC_HIT_CPU                                                     0                             0

LLC_HIT_GPU                                                     0                             0

LLC_MISS_CPU                                                    0                             0

LLC_MISS_GPU                                               187502                        187502

LLC_HIT_PROMOTION_CPU                                           0                             0

LLC_HIT_PROMOTION_GPU                                           0                             0

FETCH_THREAD_SKIP_LD_WAIT                                       0                             0

FETCH_THREAD_SKIP_BR_WAIT                                       0                             0

FETCH_THREAD_SKIP_SCHED_WAIT                                    0                             0

NUM_MUL_TRANS_CM_TM_DM_INST                                     0                             0

NUM_MUL_TRANS_CM_TM_DM                                          0                           NaN

CONST_CACHE_HIT                                                 0                             0

CONST_CACHE_MISS                                                0                             0

CONST_CACHE_MISS_NO_EXECUTE                                     0                             0

CONST_CACHE_ACCESS                                              0                             0

TEXTURE_CACHE_HIT                                               0                             0

TEXTURE_CACHE_MISS                                              0                             0

TEXTURE_CACHE_NO_EXECUTE                                        0                             0

TEXTURE_CACHE_ACCESS                                            0                             0

SHARED_MEM_INST                                                 0                             0

SHARED_MEM_ACCESS                                          125056                        125056

CACHE_BANK_BUSY                                              2353                          2353

ICACHE_MISS_TOTAL                                            1280                          1280

TOTAL_CAGE_PERIOD                                               0                             0

TOTAL_CAGE_APPL0                                                0                           NaN

TOTAL_CAGE_APPL1                                                0                           NaN

TOTAL_CAGE_APPL2                                                0                           NaN

TOTAL_CAGE_APPL3                                                0                           NaN

TOTAL_CAGE_APPL4                                                0                           NaN

ABIP_AVG_RATIO_BASE                                             0                             0

ABIP_AVG_RATIO                                                  0                           NaN

TOTAL_WRITE_ACKS                                            62500                         62500

TOTAL_WRITES                                                62500                         62500

NUM_PHYSICAL_PAGES                                              0                             0

UNIQUE_PAGE                                                     0                             0

REALLOCATION                                                    0                             0

EVICTION                                                        0                             0

AVG_PAGE_FAULTS_PER_BATCH_BASE                                  0                             0

AVG_PAGE_FAULTS_PER_BATCH                                       0                           NaN

MAX_PAGE_FAULTS_PER_BATCH                                       0                           NaN

COAL_INST                                                       0                          NaN 
UNCOAL_INST                                                     0                          NaN 
                                                                0                           100%

COAL_INST_SINGLE_TRANS                                          0                          NaN 
COAL_INST_MUL_TRANS                                             0                          NaN 
UNCOAL_INST_MUL_TRANS                                           0                          NaN 
                                                                0                           100%

SM_COAL_INST                                                    0                          NaN 
CM_COAL_INST                                                    0                          NaN 
TM_COAL_INST                                                    0                          NaN 
DM_COAL_INST                                                    0                          NaN 
                                                                0                           100%

SM_UNCOAL_INST                                                  0                          NaN 
CM_UNCOAL_INST                                                  0                          NaN 
TM_UNCOAL_INST                                                  0                          NaN 
DM_UNCOAL_INST                                                  0                          NaN 
                                                                0                           100%

SM_COAL_INST_SINGLE_TRANS                                       0                          NaN 
CM_COAL_INST_SINGLE_TRANS                                       0                          NaN 
TM_COAL_INST_SINGLE_TRANS                                       0                          NaN 
DM_COAL_INST_SINGLE_TRANS                                       0                          NaN 
                                                                0                           100%

SM_COAL_INST_MUL_TRANS                                          0                          NaN 
CM_COAL_INST_MUL_TRANS                                          0                          NaN 
TM_COAL_INST_MUL_TRANS                                          0                          NaN 
DM_COAL_INST_MUL_TRANS                                          0                          NaN 
                                                                0                           100%

LD_NO_FORWARD                                               62500                           100%
FORWARDED_LD                                                    0                             0%
                                                            62500                           100%

TLB_HIT                                                         0                          NaN 
TLB_MISS                                                        0                          NaN 
                                                                0                           100%

PAGETABLE_HIT                                                   0                          NaN 
PAGETABLE_MISS                                                  0                          NaN 
                                                                0                           100%

MEM_STALL_CYCLE_CORE_0                                          0                             0

ICACHE_FILL_CORE_0                                             64                            64

NUM_WRITE_ACKS_CORE_0                                        3200                          3200

NUM_WRITES_CORE_0                                            3200                          3200

ICACHE_HIT_CORE_0                                           35200                       99.8185%
ICACHE_MISS_CORE_0                                             64                      0.181488%
                                                            35264                           100%

MEM_STALL_CYCLE_CORE_1                                          0                             0

ICACHE_FILL_CORE_1                                             64                            64

NUM_WRITE_ACKS_CORE_1                                        3172                          3172

NUM_WRITES_CORE_1                                            3172                          3172

ICACHE_HIT_CORE_1                                           35110                        99.818%
ICACHE_MISS_CORE_1                                             64                      0.181953%
                                                            35174                           100%

MEM_STALL_CYCLE_CORE_2                                          0                             0

ICACHE_FILL_CORE_2                                             64                            64

NUM_WRITE_ACKS_CORE_2                                        3008                          3008

NUM_WRITES_CORE_2                                            3008                          3008

ICACHE_HIT_CORE_2                                           33088                        99.807%
ICACHE_MISS_CORE_2                                             64                       0.19305%
                                                            33152                           100%

MEM_STALL_CYCLE_CORE_3                                          0                             0

ICACHE_FILL_CORE_3                                             64                            64

NUM_WRITE_ACKS_CORE_3                                        3136                          3136

NUM_WRITES_CORE_3                                            3136                          3136

ICACHE_HIT_CORE_3                                           34496                       99.8148%
ICACHE_MISS_CORE_3                                             64                      0.185185%
                                                            34560                           100%

MEM_STALL_CYCLE_CORE_4                                          0                             0

ICACHE_FILL_CORE_4                                             64                            64

NUM_WRITE_ACKS_CORE_4                                        3200                          3200

NUM_WRITES_CORE_4                                            3200                          3200

ICACHE_HIT_CORE_4                                           35200                       99.8185%
ICACHE_MISS_CORE_4                                             64                      0.181488%
                                                            35264                           100%

MEM_STALL_CYCLE_CORE_5                                          0                             0

ICACHE_FILL_CORE_5                                             64                            64

NUM_WRITE_ACKS_CORE_5                                        3136                          3136

NUM_WRITES_CORE_5                                            3136                          3136

ICACHE_HIT_CORE_5                                           34496                       99.8148%
ICACHE_MISS_CORE_5                                             64                      0.185185%
                                                            34560                           100%

MEM_STALL_CYCLE_CORE_6                                          0                             0

ICACHE_FILL_CORE_6                                             64                            64

NUM_WRITE_ACKS_CORE_6                                        3136                          3136

NUM_WRITES_CORE_6                                            3136                          3136

ICACHE_HIT_CORE_6                                           34496                       99.8148%
ICACHE_MISS_CORE_6                                             64                      0.185185%
                                                            34560                           100%

MEM_STALL_CYCLE_CORE_7                                          0                             0

ICACHE_FILL_CORE_7                                             64                            64

NUM_WRITE_ACKS_CORE_7                                        3136                          3136

NUM_WRITES_CORE_7                                            3136                          3136

ICACHE_HIT_CORE_7                                           34496                       99.8148%
ICACHE_MISS_CORE_7                                             64                      0.185185%
                                                            34560                           100%

MEM_STALL_CYCLE_CORE_8                                          0                             0

ICACHE_FILL_CORE_8                                             64                            64

NUM_WRITE_ACKS_CORE_8                                        3072                          3072

NUM_WRITES_CORE_8                                            3072                          3072

ICACHE_HIT_CORE_8                                           33792                        99.811%
ICACHE_MISS_CORE_8                                             64                      0.189036%
                                                            33856                           100%

MEM_STALL_CYCLE_CORE_9                                          0                             0

ICACHE_FILL_CORE_9                                             64                            64

NUM_WRITE_ACKS_CORE_9                                        3072                          3072

NUM_WRITES_CORE_9                                            3072                          3072

ICACHE_HIT_CORE_9                                           33792                        99.811%
ICACHE_MISS_CORE_9                                             64                      0.189036%
                                                            33856                           100%

MEM_STALL_CYCLE_CORE_10                                         0                             0

ICACHE_FILL_CORE_10                                            64                            64

NUM_WRITE_ACKS_CORE_10                                       3136                          3136

NUM_WRITES_CORE_10                                           3136                          3136

ICACHE_HIT_CORE_10                                          34496                       99.8148%
ICACHE_MISS_CORE_10                                            64                      0.185185%
                                                            34560                           100%

MEM_STALL_CYCLE_CORE_11                                         0                             0

ICACHE_FILL_CORE_11                                            64                            64

NUM_WRITE_ACKS_CORE_11                                       3072                          3072

NUM_WRITES_CORE_11                                           3072                          3072

ICACHE_HIT_CORE_11                                          33792                        99.811%
ICACHE_MISS_CORE_11                                            64                      0.189036%
                                                            33856                           100%

MEM_STALL_CYCLE_CORE_12                                         0                             0

ICACHE_FILL_CORE_12                                            64                            64

NUM_WRITE_ACKS_CORE_12                                       3136                          3136

NUM_WRITES_CORE_12                                           3136                          3136

ICACHE_HIT_CORE_12                                          34496                       99.8148%
ICACHE_MISS_CORE_12                                            64                      0.185185%
                                                            34560                           100%

MEM_STALL_CYCLE_CORE_13                                         0                             0

ICACHE_FILL_CORE_13                                            64                            64

NUM_WRITE_ACKS_CORE_13                                       3136                          3136

NUM_WRITES_CORE_13                                           3136                          3136

ICACHE_HIT_CORE_13                                          34496                       99.8148%
ICACHE_MISS_CORE_13                                            64                      0.185185%
                                                            34560                           100%

MEM_STALL_CYCLE_CORE_14                                         0                             0

ICACHE_FILL_CORE_14                                            64                            64

NUM_WRITE_ACKS_CORE_14                                       3072                          3072

NUM_WRITES_CORE_14                                           3072                          3072

ICACHE_HIT_CORE_14                                          33792                        99.811%
ICACHE_MISS_CORE_14                                            64                      0.189036%
                                                            33856                           100%

MEM_STALL_CYCLE_CORE_15                                         0                             0

ICACHE_FILL_CORE_15                                            64                            64

NUM_WRITE_ACKS_CORE_15                                       3072                          3072

NUM_WRITES_CORE_15                                           3072                          3072

ICACHE_HIT_CORE_15                                          33792                        99.811%
ICACHE_MISS_CORE_15                                            64                      0.189036%
                                                            33856                           100%

MEM_STALL_CYCLE_CORE_16                                         0                             0

ICACHE_FILL_CORE_16                                            64                            64

NUM_WRITE_ACKS_CORE_16                                       3200                          3200

NUM_WRITES_CORE_16                                           3200                          3200

ICACHE_HIT_CORE_16                                          35200                       99.8185%
ICACHE_MISS_CORE_16                                            64                      0.181488%
                                                            35264                           100%

MEM_STALL_CYCLE_CORE_17                                         0                             0

ICACHE_FILL_CORE_17                                            64                            64

NUM_WRITE_ACKS_CORE_17                                       3136                          3136

NUM_WRITES_CORE_17                                           3136                          3136

ICACHE_HIT_CORE_17                                          34496                       99.8148%
ICACHE_MISS_CORE_17                                            64                      0.185185%
                                                            34560                           100%

MEM_STALL_CYCLE_CORE_18                                         0                             0

ICACHE_FILL_CORE_18                                            64                            64

NUM_WRITE_ACKS_CORE_18                                       3136                          3136

NUM_WRITES_CORE_18                                           3136                          3136

ICACHE_HIT_CORE_18                                          34496                       99.8148%
ICACHE_MISS_CORE_18                                            64                      0.185185%
                                                            34560                           100%

MEM_STALL_CYCLE_CORE_19                                         0                             0

ICACHE_FILL_CORE_19                                            64                            64

NUM_WRITE_ACKS_CORE_19                                       3136                          3136

NUM_WRITES_CORE_19                                           3136                          3136

ICACHE_HIT_CORE_19                                          34496                       99.8148%
ICACHE_MISS_CORE_19                                            64                      0.185185%
                                                            34560                           100%

