options: Options {
    input: "/benchrun/tejas/babelstream/sm6_gtx1080/input-arraysize-10240-numtimes-1/results/stats.txt",
    output: "/benchrun/tejas/babelstream/sm6_gtx1080/input-arraysize-10240-numtimes-1/results/stats.csv",
}
stats: Stats {
    emulator_type: Some(
        "OCELOT",
    ),
    created: None,
    sim_time: Some(
        20.334s,
    ),
    total_inst_count: Some(
        76856,
    ),
    total_cycle_count: Some(
        34353,
    ),
    dram_total_reads: 0,
    dram_total_writes: 0,
    dram_avg_read_latency: Some(
        0.0,
    ),
    total_instr_cache_access: Some(
        0,
    ),
    total_const_cache_access: Some(
        0,
    ),
    total_shared_cache_access: Some(
        0,
    ),
    total_instr_cache_misses: Some(
        24,
    ),
    total_const_cache_misses: Some(
        1024,
    ),
    total_shared_cache_misses: Some(
        0,
    ),
    kips: Some(
        3.7796793547752534,
    ),
    total_ipc: Some(
        2.2372427444473555,
    ),
}
done after 33.207435ms
