
; Multi2Sim 5.0 - A Simulation Framework for CPU-GPU Heterogeneous Computing
; Please use command 'm2s --help' for a list of command-line options.
; Simulation alpha-numeric ID: ZtT6B


;
; Simulation Statistics Summary
;

[ General ]
RealTime = 721.47 [s]
SimEnd = KplStall
SimTime = 883005.30 [ns]
Frequency = 1132 [MHz]
Cycles = 1000007

[ Kepler ]
TotalInstructions = 1190419648
IntegerInstructions = 498177792
FP32Instructions = 92889088
FP64Instructions = 0
ControlInstructions = 98913984
LSInstructions = 99436544
MovementInstructions = 197936896
ConversionInstructions = 0
PredicateInstructions = 49459200
MiscInstructions = 153606144

[ x86 ]
RealTime = 721.41 [s]
Instructions = 109717506
InstructionsPerSecond = 152087

