options: Options {
    input: "/benchrun/tejas/sm6_gtx1080/cuda4-matrixmul/input-128/results/stats.txt",
    output: "/benchrun/tejas/sm6_gtx1080/cuda4-matrixmul/input-128/results/stats.csv",
}
stats: Stats {
    emulator_type: Some(
        "OCELOT",
    ),
    created: None,
    sim_time: Some(
        10.958s,
    ),
    total_inst_count: Some(
        7968,
    ),
    total_cycle_count: Some(
        3168,
    ),
    dram_total_reads: 0,
    dram_total_writes: 0,
    dram_avg_read_latency: Some(
        0.0,
    ),
    total_instr_cache_access: Some(
        0,
    ),
    total_const_cache_access: Some(
        0,
    ),
    total_shared_cache_access: Some(
        0,
    ),
    total_instr_cache_misses: Some(
        32,
    ),
    total_const_cache_misses: Some(
        2048,
    ),
    total_shared_cache_misses: Some(
        0,
    ),
    kips: Some(
        0.7271399890490966,
    ),
    total_ipc: Some(
        2.515151515151515,
    ),
}
done after 35.766104ms
