(0.000535) CudaRuntime.cpp:3813: Adding external function 'malloc'
(0.000603) CudaRuntime.cpp:3813: Adding external function 'free'
(0.000612) CudaRuntime.cpp:3813: Adding external function 'vprintf'
(0.000621) CudaRuntime.cpp:3813: Adding external function 'cudaGetParameterBuffer'
(0.000670) CudaRuntime.cpp:595:  Loading module (fatbin) - matrixMulTejas.cu
(0.000687) CudaRuntime.cpp:738:  Registered kernel - _Z8mult_gpuPfS_S_ii in module 'matrixMulTejas.cu'
(0.000724) CudaRuntime.cpp:276:  Creating devices.
(0.000851) CudaRuntime.cpp:288:   - Added 1 emulator devices.
(0.000982) CudaRuntime.cpp:446:  Creating new context for thread 0xf6d160
(0.001039) CudaRuntime.cpp:787:  cudaMalloc( *devPtr = 0xf6f300, size = 65536)
(0.001065) CudaRuntime.cpp:787:  cudaMalloc( *devPtr = 0xf8f500, size = 65536)
(0.001088) CudaRuntime.cpp:787:  cudaMalloc( *devPtr = 0xfaf600, size = 65536)
(0.003077) CudaRuntime.cpp:1131: cudaMemcpy(0xf6f300, 0xf5d150, 65536)
(0.003087) CudaRuntime.cpp:251:    _memcpy(0xf6f300, 0xf5d150, 65536 bytes) h-to-d
(0.003181) CudaRuntime.cpp:1131: cudaMemcpy(0xf8f500, 0xf7f410, 65536)
(0.003189) CudaRuntime.cpp:251:    _memcpy(0xf8f500, 0xf7f410, 65536 bytes) h-to-d
grid: (4,4,1)
threads: (32,32,1)
(0.003285) CudaRuntime.cpp:2609: cudaConfigureCall()
(0.003295) CudaRuntime.cpp:2631: cudaSetupArgument() - offset 0, size 8
(0.003304) CudaRuntime.cpp:2631: cudaSetupArgument() - offset 8, size 8
(0.003313) CudaRuntime.cpp:2631: cudaSetupArgument() - offset 16, size 8
(0.003322) CudaRuntime.cpp:2631: cudaSetupArgument() - offset 24, size 4
(0.003329) CudaRuntime.cpp:2631: cudaSetupArgument() - offset 28, size 4
(0.007634) CudaRuntime.cpp:142:  Mapping parameter at offset 0 of size 8 to offset 0 of size 8
   data = 0x00 0xf3 0xf6 0x00 0x00 0x00 0x00 0x00 
(0.007647) CudaRuntime.cpp:142:  Mapping parameter at offset 8 of size 8 to offset 8 of size 8
   data = 0x00 0xf5 0xf8 0x00 0x00 0x00 0x00 0x00 
(0.007654) CudaRuntime.cpp:142:  Mapping parameter at offset 16 of size 8 to offset 16 of size 8
   data = 0x00 0xf6 0xfa 0x00 0x00 0x00 0x00 0x00 
(0.007661) CudaRuntime.cpp:142:  Mapping parameter at offset 24 of size 4 to offset 24 of size 4
   data = 0x80 0x00 0x00 0x00 
(0.007667) CudaRuntime.cpp:142:  Mapping parameter at offset 28 of size 4 to offset 28 of size 4
   data = 0x80 0x00 0x00 0x00 
(0.007673) CudaRuntime.cpp:2685: kernel launch (_Z8mult_gpuPfS_S_ii) on thread 0xf6d160
(0.007691) CudaRuntime.cpp:2706:  launch completed successfully
The GPU Elapsed Time:0.655746 Sec.
(0.659061) CudaRuntime.cpp:1131: cudaMemcpy(0xf9f530, 0xfaf600, 65536)
(0.659092) CudaRuntime.cpp:215:    _memcpy(0xf9f530, 0xfaf600, 65536 bytes) d-to-h
The CPU Elapsed Time:0.016468 Sec.
Verifying
PASS
(0.675726) CudaRuntime.cpp:887:  cudaFree(0xf6f300)
(0.675739) CudaRuntime.cpp:887:  cudaFree(0xf8f500)
(0.675745) CudaRuntime.cpp:887:  cudaFree(0xfaf600)
