
; Multi2Sim 5.0 - A Simulation Framework for CPU-GPU Heterogeneous Computing
; Please use command 'm2s --help' for a list of command-line options.
; Simulation alpha-numeric ID: vDKI5


;
; Simulation Statistics Summary
;

[ General ]
RealTime = 1.10 [s]
SimEnd = ContextsFinished
SimTime = 30477.07 [ns]
Frequency = 1410 [MHz]
Cycles = 42987

[ Kepler ]
TotalInstructions = 893952
IntegerInstructions = 366592
FP32Instructions = 65536
FP64Instructions = 0
ControlInstructions = 73728
LSInstructions = 75776
MovementInstructions = 156672
ConversionInstructions = 0
PredicateInstructions = 35840
MiscInstructions = 119808

[ x86 ]
RealTime = 1.02 [s]
Instructions = 2978030
InstructionsPerSecond = 2907068

