options: Options {
    input: "/benchrun/tejas/cuda6-transpose/sm86_rtx3070/input-repeat1-dimx128-dimy128/results/stats.txt",
    output: "/benchrun/tejas/cuda6-transpose/sm86_rtx3070/input-repeat1-dimx128-dimy128/results/stats.csv",
}
stats: Stats {
    emulator_type: Some(
        "OCELOT",
    ),
    created: None,
    sim_time: Some(
        116.119s,
    ),
    total_inst_count: Some(
        36864,
    ),
    total_cycle_count: Some(
        38415,
    ),
    dram_total_reads: 0,
    dram_total_writes: 0,
    dram_avg_read_latency: Some(
        0.0,
    ),
    total_instr_cache_access: Some(
        0,
    ),
    total_const_cache_access: Some(
        0,
    ),
    total_shared_cache_access: Some(
        0,
    ),
    total_instr_cache_misses: Some(
        16,
    ),
    total_const_cache_misses: Some(
        272,
    ),
    total_shared_cache_misses: Some(
        0,
    ),
    kips: Some(
        0.31746742565816105,
    ),
    total_ipc: Some(
        0.9596251464271769,
    ),
}
done after 37.254232ms
