####################################################################################################
Interval
####################################################################################################
Cumulative:         Cycles:                  20000     Instructions:                  1200
DRAM_PRECHARGE                                                  0                             0

DRAM_ACTIVATE                                                  67                            67

DRAM_COLUMN                                                  1040                          1040

DRAM_AVG_LATENCY_BASE                                        1040                          1040

DRAM_AVG_LATENCY                                           281750                       270.913

BANDWIDTH_TOT                                              132928                        132928

DRAM_CHANNEL0_BANDWIDTH_SATURATED                            2711                          2711

DRAM_CHANNEL1_BANDWIDTH_SATURATED                            2577                          2577

DRAM_CHANNEL2_BANDWIDTH_SATURATED                            2480                          2480

DRAM_CHANNEL3_BANDWIDTH_SATURATED                            3002                          3002

DRAM_CHANNEL4_BANDWIDTH_SATURATED                               0                             0

DRAM_CHANNEL5_BANDWIDTH_SATURATED                               0                             0

DRAM_CHANNEL6_BANDWIDTH_SATURATED                               0                             0

DRAM_CHANNEL7_BANDWIDTH_SATURATED                               0                             0

DRAM_CHANNEL0_DBUS_IDLE                                   2046144                       2046144

DRAM_CHANNEL1_DBUS_IDLE                                   2046152                       2046152

DRAM_CHANNEL2_DBUS_IDLE                                   2046176                       2046176

DRAM_CHANNEL3_DBUS_IDLE                                   2046192                       2046192

DRAM_CHANNEL4_DBUS_IDLE                                         0                             0

DRAM_CHANNEL5_DBUS_IDLE                                         0                             0

DRAM_CHANNEL6_DBUS_IDLE                                         0                             0

DRAM_CHANNEL7_DBUS_IDLE                                         0                             0

