####################################################################################################
Interval
####################################################################################################
Cumulative:         Cycles:                  20000     Instructions:                  1200
INST_COUNT_TOT                                             285824                        285824

UOP_COUNT_TOT                                              285824                        285824

CYC_COUNT_TOT                                             1409591                       1409591

EXE_TIME                                                       13                            13

NUM_REPEAT                                                      0                             0

CYC_COUNT_X86                                                   0                             0

CYC_COUNT_ACC                                             1409590                       1409590

AVG_BLOCK_EXE_CYCLE                                     821191313                     821191313

AVG_BLOCK_EXE_CYCLE_BASE                                     1024                          1024

PROGRESS_ERROR                                                  0                             0

FILE_OPEN_ERROR                                                 0                             0

NUM_THREAD                                                      0                             0

APPL_CYC_COUNT_BASE0                                            1                             1

APPL_CYC_COUNT_BASE1                                            0                             0

APPL_CYC_COUNT_BASE2                                            0                             0

APPL_CYC_COUNT_BASE3                                            0                             0

APPL_CYC_COUNT_BASE4                                            0                             0

APPL_CYC_COUNT0                                           1409590                   1.40959e+06

APPL_CYC_COUNT1                                                 0                           NaN

APPL_CYC_COUNT2                                                 0                           NaN

APPL_CYC_COUNT3                                                 0                           NaN

APPL_CYC_COUNT4                                                 0                           NaN

CPI_DELTA_BASE0                                                 0                             0

CPI_DELTA_BASE1                                                 0                             0

CPI_DELTA_BASE2                                                 0                             0

CPI_DELTA_BASE3                                                 0                             0

CPI_DELTA_BASE4                                                 0                             0

CPI_DELTA0                                                      0                           NaN

CPI_DELTA1                                                      0                           NaN

CPI_DELTA2                                                      0                           NaN

CPI_DELTA3                                                      0                           NaN

CPI_DELTA4                                                      0                           NaN

CYCLE_CPU                                                       0                             0

CYCLE_GPU                                                       0                             0

INST_COUNT_CORE_0                                            8932                          8932

UOP_COUNT_CORE_0                                             8932                          8932

CYC_COUNT_CORE_0                                            34122                         34122

INST_COUNT_CORE_1                                            8932                          8932

UOP_COUNT_CORE_1                                             8932                          8932

CYC_COUNT_CORE_1                                            37225                         37225

INST_COUNT_CORE_2                                            8932                          8932

UOP_COUNT_CORE_2                                             8932                          8932

CYC_COUNT_CORE_2                                            37635                         37635

INST_COUNT_CORE_3                                            8932                          8932

UOP_COUNT_CORE_3                                             8932                          8932

CYC_COUNT_CORE_3                                            38088                         38088

INST_COUNT_CORE_4                                            8932                          8932

UOP_COUNT_CORE_4                                             8932                          8932

CYC_COUNT_CORE_4                                            38320                         38320

INST_COUNT_CORE_5                                            8932                          8932

UOP_COUNT_CORE_5                                             8932                          8932

CYC_COUNT_CORE_5                                            34077                         34077

INST_COUNT_CORE_6                                            8932                          8932

UOP_COUNT_CORE_6                                             8932                          8932

CYC_COUNT_CORE_6                                            36684                         36684

INST_COUNT_CORE_7                                            8932                          8932

UOP_COUNT_CORE_7                                             8932                          8932

CYC_COUNT_CORE_7                                            38489                         38489

INST_COUNT_CORE_8                                            8932                          8932

UOP_COUNT_CORE_8                                             8932                          8932

CYC_COUNT_CORE_8                                            37372                         37372

INST_COUNT_CORE_9                                            8932                          8932

UOP_COUNT_CORE_9                                             8932                          8932

CYC_COUNT_CORE_9                                            39306                         39306

INST_COUNT_CORE_10                                           8932                          8932

UOP_COUNT_CORE_10                                            8932                          8932

CYC_COUNT_CORE_10                                           39413                         39413

INST_COUNT_CORE_11                                           8932                          8932

UOP_COUNT_CORE_11                                            8932                          8932

CYC_COUNT_CORE_11                                           39356                         39356

INST_COUNT_CORE_12                                           8932                          8932

UOP_COUNT_CORE_12                                            8932                          8932

CYC_COUNT_CORE_12                                           39992                         39992

INST_COUNT_CORE_13                                           8932                          8932

UOP_COUNT_CORE_13                                            8932                          8932

CYC_COUNT_CORE_13                                           35795                         35795

INST_COUNT_CORE_14                                           8932                          8932

UOP_COUNT_CORE_14                                            8932                          8932

CYC_COUNT_CORE_14                                           38460                         38460

INST_COUNT_CORE_15                                           8932                          8932

UOP_COUNT_CORE_15                                            8932                          8932

CYC_COUNT_CORE_15                                           39732                         39732

INST_COUNT_CORE_16                                           8932                          8932

UOP_COUNT_CORE_16                                            8932                          8932

CYC_COUNT_CORE_16                                           38268                         38268

INST_COUNT_CORE_17                                           8932                          8932

UOP_COUNT_CORE_17                                            8932                          8932

CYC_COUNT_CORE_17                                           39624                         39624

INST_COUNT_CORE_18                                           4466                          4466

UOP_COUNT_CORE_18                                            4466                          4466

CYC_COUNT_CORE_18                                           31923                         31923

INST_COUNT_CORE_19                                           4466                          4466

UOP_COUNT_CORE_19                                            4466                          4466

CYC_COUNT_CORE_19                                           28108                         28108

INST_COUNT_CORE_20                                           4466                          4466

UOP_COUNT_CORE_20                                            4466                          4466

CYC_COUNT_CORE_20                                           31345                         31345

INST_COUNT_CORE_21                                           4466                          4466

UOP_COUNT_CORE_21                                            4466                          4466

CYC_COUNT_CORE_21                                           33872                         33872

INST_COUNT_CORE_22                                           4466                          4466

UOP_COUNT_CORE_22                                            4466                          4466

CYC_COUNT_CORE_22                                           35630                         35630

INST_COUNT_CORE_23                                           4466                          4466

UOP_COUNT_CORE_23                                            4466                          4466

CYC_COUNT_CORE_23                                           38287                         38287

INST_COUNT_CORE_24                                           4466                          4466

UOP_COUNT_CORE_24                                            4466                          4466

CYC_COUNT_CORE_24                                           33627                         33627

INST_COUNT_CORE_25                                           4466                          4466

UOP_COUNT_CORE_25                                            4466                          4466

CYC_COUNT_CORE_25                                           35654                         35654

INST_COUNT_CORE_26                                           4466                          4466

UOP_COUNT_CORE_26                                            4466                          4466

CYC_COUNT_CORE_26                                           36610                         36610

INST_COUNT_CORE_27                                           4466                          4466

UOP_COUNT_CORE_27                                            4466                          4466

CYC_COUNT_CORE_27                                           29000                         29000

INST_COUNT_CORE_28                                           4466                          4466

UOP_COUNT_CORE_28                                            4466                          4466

CYC_COUNT_CORE_28                                           30955                         30955

INST_COUNT_CORE_29                                           4466                          4466

UOP_COUNT_CORE_29                                            4466                          4466

CYC_COUNT_CORE_29                                           32256                         32256

INST_COUNT_CORE_30                                           4466                          4466

UOP_COUNT_CORE_30                                            4466                          4466

CYC_COUNT_CORE_30                                           35626                         35626

INST_COUNT_CORE_31                                           4466                          4466

UOP_COUNT_CORE_31                                            4466                          4466

CYC_COUNT_CORE_31                                           37493                         37493

INST_COUNT_CORE_32                                           4466                          4466

UOP_COUNT_CORE_32                                            4466                          4466

CYC_COUNT_CORE_32                                           35634                         35634

INST_COUNT_CORE_33                                           4466                          4466

UOP_COUNT_CORE_33                                            4466                          4466

CYC_COUNT_CORE_33                                           37618                         37618

INST_COUNT_CORE_34                                           4466                          4466

UOP_COUNT_CORE_34                                            4466                          4466

CYC_COUNT_CORE_34                                           37877                         37877

INST_COUNT_CORE_35                                           4466                          4466

UOP_COUNT_CORE_35                                            4466                          4466

CYC_COUNT_CORE_35                                           30329                         30329

INST_COUNT_CORE_36                                           4466                          4466

UOP_COUNT_CORE_36                                            4466                          4466

CYC_COUNT_CORE_36                                           31818                         31818

INST_COUNT_CORE_37                                           4466                          4466

UOP_COUNT_CORE_37                                            4466                          4466

CYC_COUNT_CORE_37                                           33890                         33890

INST_COUNT_CORE_38                                           4466                          4466

UOP_COUNT_CORE_38                                            4466                          4466

CYC_COUNT_CORE_38                                           36487                         36487

INST_COUNT_CORE_39                                           4466                          4466

UOP_COUNT_CORE_39                                            4466                          4466

CYC_COUNT_CORE_39                                           37401                         37401

INST_COUNT_CORE_40                                           4466                          4466

UOP_COUNT_CORE_40                                            4466                          4466

CYC_COUNT_CORE_40                                           36066                         36066

INST_COUNT_CORE_41                                           4466                          4466

UOP_COUNT_CORE_41                                            4466                          4466

CYC_COUNT_CORE_41                                           37993                         37993

INST_COUNT_CORE_42                                           4466                          4466

UOP_COUNT_CORE_42                                            4466                          4466

CYC_COUNT_CORE_42                                           38217                         38217

INST_COUNT_CORE_43                                           4466                          4466

UOP_COUNT_CORE_43                                            4466                          4466

CYC_COUNT_CORE_43                                           30679                         30679

INST_COUNT_CORE_44                                           4466                          4466

UOP_COUNT_CORE_44                                            4466                          4466

CYC_COUNT_CORE_44                                           32020                         32020

INST_COUNT_CORE_45                                           4466                          4466

UOP_COUNT_CORE_45                                            4466                          4466

CYC_COUNT_CORE_45                                           34016                         34016

