options: Options {
    input: "/benchrun/accelsim-ptx/cuda10-matrixmul/sm86_rtx3070/input-wa32-ha64-wb64-hb32/results/log.txt",
    output: "/benchrun/accelsim-ptx/cuda10-matrixmul/sm86_rtx3070/input-wa32-ha64-wb64-hb32/results/stats.csv",
    per_kernel: false,
    kernel_instance: false,
    configs_as_rows: false,
    config_list: None,
    benchmark_list: None,
    sim_name: None,
    strict: false,
}
GPGPU-sim version: Some("gpgpu-sim_git-commit-13c67115070dc2f0876254a790d0238073ca364a_modified_0.0")
stats: {
    (
        "final_kernel",
        0,
        "total_core_cache_write_total",
    ): 512.0,
    (
        "final_kernel",
        0,
        "l2_cache_read_hit",
    ): 1024.0,
    (
        "final_kernel",
        0,
        "gpgpu_simulation_time_sec",
    ): 5.0,
    (
        "final_kernel",
        0,
        "l2_cache_write_miss",
    ): 128.0,
    (
        "final_kernel",
        0,
        "gpu_tot_sim_cycle",
    ): 9659.0,
    (
        "final_kernel",
        0,
        "l2_cache_read_total",
    ): 1024.0,
    (
        "final_kernel",
        0,
        "l2_cache_write_hit",
    ): 0.0,
    (
        "final_kernel",
        0,
        "l2_cache_write_total",
    ): 512.0,
    (
        "final_kernel",
        0,
        "total_core_cache_read_hit",
    ): 0.0,
    (
        "final_kernel",
        0,
        "l2_bandwidth_gbps",
    ): 5.7604,
    (
        "final_kernel",
        0,
        "gpgpu_silicon_slowdown",
    ): 586224.0,
    (
        "final_kernel",
        0,
        "gpu_occupancy",
    ): 66.2271,
    (
        "final_kernel",
        0,
        "gpu_ipc",
    ): 65.3053,
    (
        "final_kernel",
        0,
        "gpgpu_simulation_rate",
    ): 1931.0,
    (
        "final_kernel",
        0,
        "total_dram_reads",
    ): 0.0,
    (
        "final_kernel",
        0,
        "total_core_cache_read_total",
    ): 1024.0,
    (
        "final_kernel",
        0,
        "kernel_launch_uid",
    ): 1.0,
    (
        "final_kernel",
        0,
        "l2_cache_read_miss",
    ): 0.0,
    (
        "final_kernel",
        0,
        "total_core_cache_write_hit",
    ): 0.0,
    (
        "final_kernel",
        0,
        "gpu_total_instructions",
    ): 630784.0,
    (
        "final_kernel",
        0,
        "gpgpu_n_tot_w_icount",
    ): 19968.0,
    (
        "final_kernel",
        0,
        "total_core_cache_read_mshr_hit",
    ): 0.0,
    (
        "final_kernel",
        0,
        "total_dram_writes",
    ): 0.0,
    (
        "final_kernel",
        0,
        "gpu_tot_ipc",
    ): 65.3053,
}
done in 26.16287ms: 102.89 KiB parsed (16.00 EiB/s)
