(0.000000) CudaRuntime.cpp:3813: Adding external function 'malloc'
(0.000000) CudaRuntime.cpp:3813: Adding external function 'free'
(0.000000) CudaRuntime.cpp:3813: Adding external function 'vprintf'
(0.000000) CudaRuntime.cpp:3813: Adding external function 'cudaGetParameterBuffer'
(0.000058) CudaRuntime.cpp:595:  Loading module (fatbin) - transpose.cu
(0.000077) CudaRuntime.cpp:738:  Registered kernel - _Z22transposeCoarseGrainedPfS_ii in module 'transpose.cu'
(0.000093) CudaRuntime.cpp:738:  Registered kernel - _Z20transposeFineGrainedPfS_ii in module 'transpose.cu'
(0.000102) CudaRuntime.cpp:738:  Registered kernel - _Z17transposeDiagonalPfS_ii in module 'transpose.cu'
(0.000111) CudaRuntime.cpp:738:  Registered kernel - _Z24transposeNoBankConflictsPfS_ii in module 'transpose.cu'
(0.000120) CudaRuntime.cpp:738:  Registered kernel - _Z18transposeCoalescedPfS_ii in module 'transpose.cu'
(0.000129) CudaRuntime.cpp:738:  Registered kernel - _Z14transposeNaivePfS_ii in module 'transpose.cu'
(0.000137) CudaRuntime.cpp:738:  Registered kernel - _Z13copySharedMemPfS_ii in module 'transpose.cu'
(0.000145) CudaRuntime.cpp:738:  Registered kernel - _Z4copyPfS_ii in module 'transpose.cu'
Transpose Starting...

(0.000218) CudaRuntime.cpp:446:  Creating new context for thread 0x1776920
(0.000247) CudaRuntime.cpp:276:  Creating devices.
(0.000383) CudaRuntime.cpp:288:   - Added 1 emulator devices.
(0.000488) CudaRuntime.cpp:2203: cuda::CudaRuntime::cudaGetDeviceProperties(dev = 0) - major: 2, minor: 1
(0.000504) CudaRuntime.cpp:2241:   returning: prop->major = 2, prop->minor = 1
(0.000684) CudaRuntime.cpp:276:  Creating devices.
(0.000767) CudaRuntime.cpp:288:   - Added 1 emulator devices.
(0.000832) CudaRuntime.cpp:2203: cuda::CudaRuntime::cudaGetDeviceProperties(dev = 0) - major: 2, minor: 1
(0.000841) CudaRuntime.cpp:2241:   returning: prop->major = 2, prop->minor = 1
(0.000894) CudaRuntime.cpp:2289: Setting device for thread 0x1776920 to 0
(0.000904) CudaRuntime.cpp:276:  Creating devices.
(0.000976) CudaRuntime.cpp:288:   - Added 1 emulator devices.
(0.001178) CudaRuntime.cpp:2203: cuda::CudaRuntime::cudaGetDeviceProperties(dev = 0) - major: 2, minor: 1
(0.001188) CudaRuntime.cpp:2241:   returning: prop->major = 2, prop->minor = 1
GPU Device 0: "Ocelot PTX Emulator" with compute capability 2.1

(0.001246) CudaRuntime.cpp:276:  Creating devices.
(0.001332) CudaRuntime.cpp:288:   - Added 1 emulator devices.
(0.001381) CudaRuntime.cpp:2203: cuda::CudaRuntime::cudaGetDeviceProperties(dev = 0) - major: 2, minor: 1
(0.001391) CudaRuntime.cpp:2241:   returning: prop->major = 2, prop->minor = 1
> Device 0: "Ocelot PTX Emulator"
> SM Capability 2.1 detected:
> [Ocelot PTX Emulator] has 1 MP(s) x 48 (Cores/MP) = 48 (Cores)
> Compute performance scaling factor = 4.00
> MatrixSize X = 128
> MatrixSize Y = 128
(0.001475) CudaRuntime.cpp:276:  Creating devices.
(0.001548) CudaRuntime.cpp:288:   - Added 1 emulator devices.
(0.001611) CudaRuntime.cpp:787:  cudaMalloc( *devPtr = 0x17a9900, size = 65536)
(0.001635) CudaRuntime.cpp:787:  cudaMalloc( *devPtr = 0x17b9a00, size = 65536)
(0.001932) CudaRuntime.cpp:1131: cudaMemcpy(0x17a9900, 0x17798a0, 65536)
(0.001941) CudaRuntime.cpp:251:    _memcpy(0x17a9900, 0x17798a0, 65536 bytes) h-to-d

Matrix size: 128x128 (8x8 tiles), tile size: 16x16, block size: 16x16

(0.002398) CudaRuntime.cpp:2609: cudaConfigureCall()
(0.002408) CudaRuntime.cpp:2631: cudaSetupArgument() - offset 0, size 8
(0.002423) CudaRuntime.cpp:2631: cudaSetupArgument() - offset 8, size 8
(0.002433) CudaRuntime.cpp:2631: cudaSetupArgument() - offset 16, size 4
(0.002441) CudaRuntime.cpp:2631: cudaSetupArgument() - offset 20, size 4
(0.010788) CudaRuntime.cpp:142:  Mapping parameter at offset 0 of size 8 to offset 0 of size 8
   data = 0x00 0x9a 0x7b 0x01 0x00 0x00 0x00 0x00 
(0.010803) CudaRuntime.cpp:142:  Mapping parameter at offset 8 of size 8 to offset 8 of size 8
   data = 0x00 0x99 0x7a 0x01 0x00 0x00 0x00 0x00 
(0.010810) CudaRuntime.cpp:142:  Mapping parameter at offset 16 of size 4 to offset 16 of size 4
   data = 0x80 0x00 0x00 0x00 
(0.010827) CudaRuntime.cpp:142:  Mapping parameter at offset 20 of size 4 to offset 20 of size 4
   data = 0x80 0x00 0x00 0x00 
(0.010834) CudaRuntime.cpp:2685: kernel launch (_Z4copyPfS_ii) on thread 0x1776920
(0.010852) CudaRuntime.cpp:2706:  launch completed successfully
all enabled
(0.011485) X86TraceGenerator.cpp:776:  New kernel launched
(0.011509) X86TraceGenerator.cpp:777:  compute version:2.0
(0.011517) X86TraceGenerator.cpp:778:  grid  8 x 8 x 1
(0.011527) X86TraceGenerator.cpp:779:  block 16 x 16 x 1
(0.011535) X86TraceGenerator.cpp:780:  number of warps per block:8
(0.011542) X86TraceGenerator.cpp:781:  number of total warps:512
(0.011549) X86TraceGenerator.cpp:782:  # threads per block : 256
(0.011556) X86TraceGenerator.cpp:783:  number of register per thread:7
(0.011564) X86TraceGenerator.cpp:784:  number of shared memory per thread:0
(0.011573) X86TraceGenerator.cpp:822:  max blocks per core : 6
(0.016174) X86TraceGenerator.cpp:1082: mkdir -p /benchrun/macsim/sm6_gtx1080/cuda6-transpose/input-repeat1-dimx128-dimy128/results/traces/_Z4copyPfS_ii_0/ (status 0)

(0.016236) X86TraceGenerator.cpp:1083: errno is 0 message is Success

(0.153750) CudaRuntime.cpp:2609: cudaConfigureCall()
(0.153792) CudaRuntime.cpp:2631: cudaSetupArgument() - offset 0, size 8
(0.153816) CudaRuntime.cpp:2631: cudaSetupArgument() - offset 8, size 8
(0.153830) CudaRuntime.cpp:2631: cudaSetupArgument() - offset 16, size 4
(0.153844) CudaRuntime.cpp:2631: cudaSetupArgument() - offset 20, size 4
(0.153910) CudaRuntime.cpp:142:  Mapping parameter at offset 0 of size 8 to offset 0 of size 8
   data = 0x00 0x9a 0x7b 0x01 0x00 0x00 0x00 0x00 
(0.153944) CudaRuntime.cpp:142:  Mapping parameter at offset 8 of size 8 to offset 8 of size 8
   data = 0x00 0x99 0x7a 0x01 0x00 0x00 0x00 0x00 
(0.153983) CudaRuntime.cpp:142:  Mapping parameter at offset 16 of size 4 to offset 16 of size 4
   data = 0x80 0x00 0x00 0x00 
(0.154005) CudaRuntime.cpp:142:  Mapping parameter at offset 20 of size 4 to offset 20 of size 4
   data = 0x80 0x00 0x00 0x00 
(0.154029) CudaRuntime.cpp:2685: kernel launch (_Z4copyPfS_ii) on thread 0x1776920
(0.154073) CudaRuntime.cpp:2706:  launch completed successfully
(0.155140) X86TraceGenerator.cpp:776:  New kernel launched
(0.155154) X86TraceGenerator.cpp:777:  compute version:2.0
(0.155161) X86TraceGenerator.cpp:778:  grid  8 x 8 x 1
(0.155166) X86TraceGenerator.cpp:779:  block 16 x 16 x 1
(0.155174) X86TraceGenerator.cpp:780:  number of warps per block:8
(0.155181) X86TraceGenerator.cpp:781:  number of total warps:512
(0.155188) X86TraceGenerator.cpp:782:  # threads per block : 256
(0.155195) X86TraceGenerator.cpp:783:  number of register per thread:7
(0.155200) X86TraceGenerator.cpp:784:  number of shared memory per thread:0
(0.155207) X86TraceGenerator.cpp:822:  max blocks per core : 6
(0.158165) X86TraceGenerator.cpp:1082: mkdir -p /benchrun/macsim/sm6_gtx1080/cuda6-transpose/input-repeat1-dimx128-dimy128/results/traces/_Z4copyPfS_ii_1/ (status 0)

(0.158186) X86TraceGenerator.cpp:1083: errno is 0 message is Success

(0.330354) CudaRuntime.cpp:1131: cudaMemcpy(0x17898b0, 0x17b9a00, 65536)
(0.330371) CudaRuntime.cpp:215:    _memcpy(0x17898b0, 0x17b9a00, 65536 bytes) d-to-h
(0.330511) CudaRuntime.cpp:1131: cudaMemcpy(0x17898b0, 0x17b9a00, 65536)
(0.330521) CudaRuntime.cpp:215:    _memcpy(0x17898b0, 0x17b9a00, 65536 bytes) d-to-h
transpose simple copy       , Throughput = 0.0007 GB/s, Time = 176.61786 ms, Size = 16384 fp32 elements, NumDevsUsed = 1, Workgroup = 256
(0.330622) CudaRuntime.cpp:2609: cudaConfigureCall()
(0.330632) CudaRuntime.cpp:2631: cudaSetupArgument() - offset 0, size 8
(0.330642) CudaRuntime.cpp:2631: cudaSetupArgument() - offset 8, size 8
(0.330651) CudaRuntime.cpp:2631: cudaSetupArgument() - offset 16, size 4
(0.330661) CudaRuntime.cpp:2631: cudaSetupArgument() - offset 20, size 4
(0.330688) CudaRuntime.cpp:142:  Mapping parameter at offset 0 of size 8 to offset 0 of size 8
   data = 0x00 0x9a 0x7b 0x01 0x00 0x00 0x00 0x00 
(0.330704) CudaRuntime.cpp:142:  Mapping parameter at offset 8 of size 8 to offset 8 of size 8
   data = 0x00 0x99 0x7a 0x01 0x00 0x00 0x00 0x00 
(0.330724) CudaRuntime.cpp:142:  Mapping parameter at offset 16 of size 4 to offset 16 of size 4
   data = 0x80 0x00 0x00 0x00 
(0.330738) CudaRuntime.cpp:142:  Mapping parameter at offset 20 of size 4 to offset 20 of size 4
   data = 0x80 0x00 0x00 0x00 
(0.330749) CudaRuntime.cpp:2685: kernel launch (_Z13copySharedMemPfS_ii) on thread 0x1776920
(0.330769) CudaRuntime.cpp:2706:  launch completed successfully
(0.333081) X86TraceGenerator.cpp:776:  New kernel launched
(0.333100) X86TraceGenerator.cpp:777:  compute version:2.0
(0.333113) X86TraceGenerator.cpp:778:  grid  8 x 8 x 1
(0.333127) X86TraceGenerator.cpp:779:  block 16 x 16 x 1
(0.333141) X86TraceGenerator.cpp:780:  number of warps per block:8
(0.333154) X86TraceGenerator.cpp:781:  number of total warps:512
(0.333167) X86TraceGenerator.cpp:782:  # threads per block : 256
(0.333179) X86TraceGenerator.cpp:783:  number of register per thread:10
(0.333193) X86TraceGenerator.cpp:784:  number of shared memory per thread:1024
(0.333206) X86TraceGenerator.cpp:822:  max blocks per core : 6
(0.335269) X86TraceGenerator.cpp:1082: mkdir -p /benchrun/macsim/sm6_gtx1080/cuda6-transpose/input-repeat1-dimx128-dimy128/results/traces/_Z13copySharedMemPfS_ii_0/ (status 0)

(0.335298) X86TraceGenerator.cpp:1083: errno is 0 message is Success

(0.525910) CudaRuntime.cpp:2609: cudaConfigureCall()
(0.525953) CudaRuntime.cpp:2631: cudaSetupArgument() - offset 0, size 8
(0.525980) CudaRuntime.cpp:2631: cudaSetupArgument() - offset 8, size 8
(0.526003) CudaRuntime.cpp:2631: cudaSetupArgument() - offset 16, size 4
(0.526025) CudaRuntime.cpp:2631: cudaSetupArgument() - offset 20, size 4
(0.526086) CudaRuntime.cpp:142:  Mapping parameter at offset 0 of size 8 to offset 0 of size 8
   data = 0x00 0x9a 0x7b 0x01 0x00 0x00 0x00 0x00 
(0.526124) CudaRuntime.cpp:142:  Mapping parameter at offset 8 of size 8 to offset 8 of size 8
   data = 0x00 0x99 0x7a 0x01 0x00 0x00 0x00 0x00 
(0.526159) CudaRuntime.cpp:142:  Mapping parameter at offset 16 of size 4 to offset 16 of size 4
   data = 0x80 0x00 0x00 0x00 
(0.526196) CudaRuntime.cpp:142:  Mapping parameter at offset 20 of size 4 to offset 20 of size 4
   data = 0x80 0x00 0x00 0x00 
(0.526243) CudaRuntime.cpp:2685: kernel launch (_Z13copySharedMemPfS_ii) on thread 0x1776920
(0.526305) CudaRuntime.cpp:2706:  launch completed successfully
(0.527581) X86TraceGenerator.cpp:776:  New kernel launched
(0.527592) X86TraceGenerator.cpp:777:  compute version:2.0
(0.527599) X86TraceGenerator.cpp:778:  grid  8 x 8 x 1
(0.527607) X86TraceGenerator.cpp:779:  block 16 x 16 x 1
(0.527615) X86TraceGenerator.cpp:780:  number of warps per block:8
(0.527623) X86TraceGenerator.cpp:781:  number of total warps:512
(0.527630) X86TraceGenerator.cpp:782:  # threads per block : 256
(0.527637) X86TraceGenerator.cpp:783:  number of register per thread:10
(0.527643) X86TraceGenerator.cpp:784:  number of shared memory per thread:1024
(0.527651) X86TraceGenerator.cpp:822:  max blocks per core : 6
(0.532011) X86TraceGenerator.cpp:1082: mkdir -p /benchrun/macsim/sm6_gtx1080/cuda6-transpose/input-repeat1-dimx128-dimy128/results/traces/_Z13copySharedMemPfS_ii_1/ (status 0)

(0.532031) X86TraceGenerator.cpp:1083: errno is 0 message is Success

(0.733305) CudaRuntime.cpp:1131: cudaMemcpy(0x17898b0, 0x17b9a00, 65536)
(0.733329) CudaRuntime.cpp:215:    _memcpy(0x17898b0, 0x17b9a00, 65536 bytes) d-to-h
(0.733530) CudaRuntime.cpp:1131: cudaMemcpy(0x17898b0, 0x17b9a00, 65536)
(0.733546) CudaRuntime.cpp:215:    _memcpy(0x17898b0, 0x17b9a00, 65536 bytes) d-to-h
transpose shared memory copy, Throughput = 0.0006 GB/s, Time = 207.40819 ms, Size = 16384 fp32 elements, NumDevsUsed = 1, Workgroup = 256
(0.733703) CudaRuntime.cpp:2609: cudaConfigureCall()
(0.733722) CudaRuntime.cpp:2631: cudaSetupArgument() - offset 0, size 8
(0.733738) CudaRuntime.cpp:2631: cudaSetupArgument() - offset 8, size 8
(0.733754) CudaRuntime.cpp:2631: cudaSetupArgument() - offset 16, size 4
(0.733769) CudaRuntime.cpp:2631: cudaSetupArgument() - offset 20, size 4
(0.733832) CudaRuntime.cpp:142:  Mapping parameter at offset 0 of size 8 to offset 0 of size 8
   data = 0x00 0x9a 0x7b 0x01 0x00 0x00 0x00 0x00 
(0.733857) CudaRuntime.cpp:142:  Mapping parameter at offset 8 of size 8 to offset 8 of size 8
   data = 0x00 0x99 0x7a 0x01 0x00 0x00 0x00 0x00 
(0.733879) CudaRuntime.cpp:142:  Mapping parameter at offset 16 of size 4 to offset 16 of size 4
   data = 0x80 0x00 0x00 0x00 
(0.733901) CudaRuntime.cpp:142:  Mapping parameter at offset 20 of size 4 to offset 20 of size 4
   data = 0x80 0x00 0x00 0x00 
(0.733918) CudaRuntime.cpp:2685: kernel launch (_Z14transposeNaivePfS_ii) on thread 0x1776920
(0.733946) CudaRuntime.cpp:2706:  launch completed successfully
(0.735284) X86TraceGenerator.cpp:776:  New kernel launched
(0.735299) X86TraceGenerator.cpp:777:  compute version:2.0
(0.735307) X86TraceGenerator.cpp:778:  grid  8 x 8 x 1
(0.735317) X86TraceGenerator.cpp:779:  block 16 x 16 x 1
(0.735326) X86TraceGenerator.cpp:780:  number of warps per block:8
(0.735334) X86TraceGenerator.cpp:781:  number of total warps:512
(0.735343) X86TraceGenerator.cpp:782:  # threads per block : 256
(0.735351) X86TraceGenerator.cpp:783:  number of register per thread:10
(0.735359) X86TraceGenerator.cpp:784:  number of shared memory per thread:0
(0.735368) X86TraceGenerator.cpp:822:  max blocks per core : 6
(0.737837) X86TraceGenerator.cpp:1082: mkdir -p /benchrun/macsim/sm6_gtx1080/cuda6-transpose/input-repeat1-dimx128-dimy128/results/traces/_Z14transposeNaivePfS_ii_0/ (status 0)

(0.737860) X86TraceGenerator.cpp:1083: errno is 0 message is Success

(0.888294) CudaRuntime.cpp:2609: cudaConfigureCall()
(0.888306) CudaRuntime.cpp:2631: cudaSetupArgument() - offset 0, size 8
(0.888311) CudaRuntime.cpp:2631: cudaSetupArgument() - offset 8, size 8
(0.888314) CudaRuntime.cpp:2631: cudaSetupArgument() - offset 16, size 4
(0.888318) CudaRuntime.cpp:2631: cudaSetupArgument() - offset 20, size 4
(0.888338) CudaRuntime.cpp:142:  Mapping parameter at offset 0 of size 8 to offset 0 of size 8
   data = 0x00 0x9a 0x7b 0x01 0x00 0x00 0x00 0x00 
(0.888346) CudaRuntime.cpp:142:  Mapping parameter at offset 8 of size 8 to offset 8 of size 8
   data = 0x00 0x99 0x7a 0x01 0x00 0x00 0x00 0x00 
(0.888352) CudaRuntime.cpp:142:  Mapping parameter at offset 16 of size 4 to offset 16 of size 4
   data = 0x80 0x00 0x00 0x00 
(0.888358) CudaRuntime.cpp:142:  Mapping parameter at offset 20 of size 4 to offset 20 of size 4
   data = 0x80 0x00 0x00 0x00 
(0.888365) CudaRuntime.cpp:2685: kernel launch (_Z14transposeNaivePfS_ii) on thread 0x1776920
(0.888376) CudaRuntime.cpp:2706:  launch completed successfully
(0.889224) X86TraceGenerator.cpp:776:  New kernel launched
(0.889234) X86TraceGenerator.cpp:777:  compute version:2.0
(0.889241) X86TraceGenerator.cpp:778:  grid  8 x 8 x 1
(0.889249) X86TraceGenerator.cpp:779:  block 16 x 16 x 1
(0.889256) X86TraceGenerator.cpp:780:  number of warps per block:8
(0.889263) X86TraceGenerator.cpp:781:  number of total warps:512
(0.889270) X86TraceGenerator.cpp:782:  # threads per block : 256
(0.889277) X86TraceGenerator.cpp:783:  number of register per thread:10
(0.889283) X86TraceGenerator.cpp:784:  number of shared memory per thread:0
(0.889291) X86TraceGenerator.cpp:822:  max blocks per core : 6
(0.893199) X86TraceGenerator.cpp:1082: mkdir -p /benchrun/macsim/sm6_gtx1080/cuda6-transpose/input-repeat1-dimx128-dimy128/results/traces/_Z14transposeNaivePfS_ii_1/ (status 0)

(0.893216) X86TraceGenerator.cpp:1083: errno is 0 message is Success

(1.010391) CudaRuntime.cpp:1131: cudaMemcpy(0x17898b0, 0x17b9a00, 65536)
(1.010425) CudaRuntime.cpp:215:    _memcpy(0x17898b0, 0x17b9a00, 65536 bytes) d-to-h
(1.010774) CudaRuntime.cpp:1131: cudaMemcpy(0x17898b0, 0x17b9a00, 65536)
(1.010803) CudaRuntime.cpp:215:    _memcpy(0x17898b0, 0x17b9a00, 65536 bytes) d-to-h
transpose naive             , Throughput = 0.0010 GB/s, Time = 122.06268 ms, Size = 16384 fp32 elements, NumDevsUsed = 1, Workgroup = 256
(1.011084) CudaRuntime.cpp:2609: cudaConfigureCall()
(1.011111) CudaRuntime.cpp:2631: cudaSetupArgument() - offset 0, size 8
(1.011153) CudaRuntime.cpp:2631: cudaSetupArgument() - offset 8, size 8
(1.011178) CudaRuntime.cpp:2631: cudaSetupArgument() - offset 16, size 4
(1.011202) CudaRuntime.cpp:2631: cudaSetupArgument() - offset 20, size 4
(1.011280) CudaRuntime.cpp:142:  Mapping parameter at offset 0 of size 8 to offset 0 of size 8
   data = 0x00 0x9a 0x7b 0x01 0x00 0x00 0x00 0x00 
(1.011319) CudaRuntime.cpp:142:  Mapping parameter at offset 8 of size 8 to offset 8 of size 8
   data = 0x00 0x99 0x7a 0x01 0x00 0x00 0x00 0x00 
(1.011355) CudaRuntime.cpp:142:  Mapping parameter at offset 16 of size 4 to offset 16 of size 4
   data = 0x80 0x00 0x00 0x00 
(1.011394) CudaRuntime.cpp:142:  Mapping parameter at offset 20 of size 4 to offset 20 of size 4
   data = 0x80 0x00 0x00 0x00 
(1.011421) CudaRuntime.cpp:2685: kernel launch (_Z18transposeCoalescedPfS_ii) on thread 0x1776920
(1.011459) CudaRuntime.cpp:2706:  launch completed successfully
(1.012584) X86TraceGenerator.cpp:776:  New kernel launched
(1.012597) X86TraceGenerator.cpp:777:  compute version:2.0
(1.012604) X86TraceGenerator.cpp:778:  grid  8 x 8 x 1
(1.012611) X86TraceGenerator.cpp:779:  block 16 x 16 x 1
(1.012618) X86TraceGenerator.cpp:780:  number of warps per block:8
(1.012625) X86TraceGenerator.cpp:781:  number of total warps:512
(1.012632) X86TraceGenerator.cpp:782:  # threads per block : 256
(1.012638) X86TraceGenerator.cpp:783:  number of register per thread:8
(1.012645) X86TraceGenerator.cpp:784:  number of shared memory per thread:1024
(1.012652) X86TraceGenerator.cpp:822:  max blocks per core : 6
(1.016824) X86TraceGenerator.cpp:1082: mkdir -p /benchrun/macsim/sm6_gtx1080/cuda6-transpose/input-repeat1-dimx128-dimy128/results/traces/_Z18transposeCoalescedPfS_ii_0/ (status 0)

(1.016844) X86TraceGenerator.cpp:1083: errno is 0 message is Success

(1.206895) CudaRuntime.cpp:2609: cudaConfigureCall()
(1.206910) CudaRuntime.cpp:2631: cudaSetupArgument() - offset 0, size 8
(1.206918) CudaRuntime.cpp:2631: cudaSetupArgument() - offset 8, size 8
(1.206923) CudaRuntime.cpp:2631: cudaSetupArgument() - offset 16, size 4
(1.206931) CudaRuntime.cpp:2631: cudaSetupArgument() - offset 20, size 4
(1.206959) CudaRuntime.cpp:142:  Mapping parameter at offset 0 of size 8 to offset 0 of size 8
   data = 0x00 0x9a 0x7b 0x01 0x00 0x00 0x00 0x00 
(1.206974) CudaRuntime.cpp:142:  Mapping parameter at offset 8 of size 8 to offset 8 of size 8
   data = 0x00 0x99 0x7a 0x01 0x00 0x00 0x00 0x00 
(1.206980) CudaRuntime.cpp:142:  Mapping parameter at offset 16 of size 4 to offset 16 of size 4
   data = 0x80 0x00 0x00 0x00 
(1.206992) CudaRuntime.cpp:142:  Mapping parameter at offset 20 of size 4 to offset 20 of size 4
   data = 0x80 0x00 0x00 0x00 
(1.207005) CudaRuntime.cpp:2685: kernel launch (_Z18transposeCoalescedPfS_ii) on thread 0x1776920
(1.207021) CudaRuntime.cpp:2706:  launch completed successfully
(1.208245) X86TraceGenerator.cpp:776:  New kernel launched
(1.208251) X86TraceGenerator.cpp:777:  compute version:2.0
(1.208253) X86TraceGenerator.cpp:778:  grid  8 x 8 x 1
(1.208256) X86TraceGenerator.cpp:779:  block 16 x 16 x 1
(1.208258) X86TraceGenerator.cpp:780:  number of warps per block:8
(1.208260) X86TraceGenerator.cpp:781:  number of total warps:512
(1.208262) X86TraceGenerator.cpp:782:  # threads per block : 256
(1.208265) X86TraceGenerator.cpp:783:  number of register per thread:8
(1.208267) X86TraceGenerator.cpp:784:  number of shared memory per thread:1024
(1.208269) X86TraceGenerator.cpp:822:  max blocks per core : 6
(1.212231) X86TraceGenerator.cpp:1082: mkdir -p /benchrun/macsim/sm6_gtx1080/cuda6-transpose/input-repeat1-dimx128-dimy128/results/traces/_Z18transposeCoalescedPfS_ii_1/ (status 0)

(1.212245) X86TraceGenerator.cpp:1083: errno is 0 message is Success

(1.364822) CudaRuntime.cpp:1131: cudaMemcpy(0x17898b0, 0x17b9a00, 65536)
(1.364834) CudaRuntime.cpp:215:    _memcpy(0x17898b0, 0x17b9a00, 65536 bytes) d-to-h
(1.365006) CudaRuntime.cpp:1131: cudaMemcpy(0x17898b0, 0x17b9a00, 65536)
(1.365013) CudaRuntime.cpp:215:    _memcpy(0x17898b0, 0x17b9a00, 65536 bytes) d-to-h
transpose coalesced         , Throughput = 0.0008 GB/s, Time = 157.92490 ms, Size = 16384 fp32 elements, NumDevsUsed = 1, Workgroup = 256
(1.365181) CudaRuntime.cpp:2609: cudaConfigureCall()
(1.365191) CudaRuntime.cpp:2631: cudaSetupArgument() - offset 0, size 8
(1.365196) CudaRuntime.cpp:2631: cudaSetupArgument() - offset 8, size 8
(1.365205) CudaRuntime.cpp:2631: cudaSetupArgument() - offset 16, size 4
(1.365213) CudaRuntime.cpp:2631: cudaSetupArgument() - offset 20, size 4
(1.365243) CudaRuntime.cpp:142:  Mapping parameter at offset 0 of size 8 to offset 0 of size 8
   data = 0x00 0x9a 0x7b 0x01 0x00 0x00 0x00 0x00 
(1.365251) CudaRuntime.cpp:142:  Mapping parameter at offset 8 of size 8 to offset 8 of size 8
   data = 0x00 0x99 0x7a 0x01 0x00 0x00 0x00 0x00 
(1.365259) CudaRuntime.cpp:142:  Mapping parameter at offset 16 of size 4 to offset 16 of size 4
   data = 0x80 0x00 0x00 0x00 
(1.365268) CudaRuntime.cpp:142:  Mapping parameter at offset 20 of size 4 to offset 20 of size 4
   data = 0x80 0x00 0x00 0x00 
(1.365276) CudaRuntime.cpp:2685: kernel launch (_Z24transposeNoBankConflictsPfS_ii) on thread 0x1776920
(1.365293) CudaRuntime.cpp:2706:  launch completed successfully
(1.366620) X86TraceGenerator.cpp:776:  New kernel launched
(1.366630) X86TraceGenerator.cpp:777:  compute version:2.0
(1.366637) X86TraceGenerator.cpp:778:  grid  8 x 8 x 1
(1.366644) X86TraceGenerator.cpp:779:  block 16 x 16 x 1
(1.366651) X86TraceGenerator.cpp:780:  number of warps per block:8
(1.366658) X86TraceGenerator.cpp:781:  number of total warps:512
(1.366664) X86TraceGenerator.cpp:782:  # threads per block : 256
(1.366671) X86TraceGenerator.cpp:783:  number of register per thread:8
(1.366678) X86TraceGenerator.cpp:784:  number of shared memory per thread:1088
(1.366685) X86TraceGenerator.cpp:822:  max blocks per core : 6
(1.371103) X86TraceGenerator.cpp:1082: mkdir -p /benchrun/macsim/sm6_gtx1080/cuda6-transpose/input-repeat1-dimx128-dimy128/results/traces/_Z24transposeNoBankConflictsPfS_ii_0/ (status 0)

(1.371119) X86TraceGenerator.cpp:1083: errno is 0 message is Success

(1.529958) CudaRuntime.cpp:2609: cudaConfigureCall()
(1.529976) CudaRuntime.cpp:2631: cudaSetupArgument() - offset 0, size 8
(1.529984) CudaRuntime.cpp:2631: cudaSetupArgument() - offset 8, size 8
(1.529992) CudaRuntime.cpp:2631: cudaSetupArgument() - offset 16, size 4
(1.529999) CudaRuntime.cpp:2631: cudaSetupArgument() - offset 20, size 4
(1.530031) CudaRuntime.cpp:142:  Mapping parameter at offset 0 of size 8 to offset 0 of size 8
   data = 0x00 0x9a 0x7b 0x01 0x00 0x00 0x00 0x00 
(1.530049) CudaRuntime.cpp:142:  Mapping parameter at offset 8 of size 8 to offset 8 of size 8
   data = 0x00 0x99 0x7a 0x01 0x00 0x00 0x00 0x00 
(1.530059) CudaRuntime.cpp:142:  Mapping parameter at offset 16 of size 4 to offset 16 of size 4
   data = 0x80 0x00 0x00 0x00 
(1.530070) CudaRuntime.cpp:142:  Mapping parameter at offset 20 of size 4 to offset 20 of size 4
   data = 0x80 0x00 0x00 0x00 
(1.530086) CudaRuntime.cpp:2685: kernel launch (_Z24transposeNoBankConflictsPfS_ii) on thread 0x1776920
(1.530106) CudaRuntime.cpp:2706:  launch completed successfully
(1.531315) X86TraceGenerator.cpp:776:  New kernel launched
(1.531321) X86TraceGenerator.cpp:777:  compute version:2.0
(1.531323) X86TraceGenerator.cpp:778:  grid  8 x 8 x 1
(1.531326) X86TraceGenerator.cpp:779:  block 16 x 16 x 1
(1.531328) X86TraceGenerator.cpp:780:  number of warps per block:8
(1.531330) X86TraceGenerator.cpp:781:  number of total warps:512
(1.531332) X86TraceGenerator.cpp:782:  # threads per block : 256
(1.531334) X86TraceGenerator.cpp:783:  number of register per thread:8
(1.531337) X86TraceGenerator.cpp:784:  number of shared memory per thread:1088
(1.531339) X86TraceGenerator.cpp:822:  max blocks per core : 6
(1.535838) X86TraceGenerator.cpp:1082: mkdir -p /benchrun/macsim/sm6_gtx1080/cuda6-transpose/input-repeat1-dimx128-dimy128/results/traces/_Z24transposeNoBankConflictsPfS_ii_1/ (status 0)

(1.535852) X86TraceGenerator.cpp:1083: errno is 0 message is Success

(1.691308) CudaRuntime.cpp:1131: cudaMemcpy(0x17898b0, 0x17b9a00, 65536)
(1.691338) CudaRuntime.cpp:215:    _memcpy(0x17898b0, 0x17b9a00, 65536 bytes) d-to-h
(1.691632) CudaRuntime.cpp:1131: cudaMemcpy(0x17898b0, 0x17b9a00, 65536)
(1.691640) CudaRuntime.cpp:215:    _memcpy(0x17898b0, 0x17b9a00, 65536 bytes) d-to-h
transpose optimized         , Throughput = 0.0008 GB/s, Time = 161.34787 ms, Size = 16384 fp32 elements, NumDevsUsed = 1, Workgroup = 256
(1.691869) CudaRuntime.cpp:2609: cudaConfigureCall()
(1.691878) CudaRuntime.cpp:2631: cudaSetupArgument() - offset 0, size 8
(1.691886) CudaRuntime.cpp:2631: cudaSetupArgument() - offset 8, size 8
(1.691893) CudaRuntime.cpp:2631: cudaSetupArgument() - offset 16, size 4
(1.691900) CudaRuntime.cpp:2631: cudaSetupArgument() - offset 20, size 4
(1.691939) CudaRuntime.cpp:142:  Mapping parameter at offset 0 of size 8 to offset 0 of size 8
   data = 0x00 0x9a 0x7b 0x01 0x00 0x00 0x00 0x00 
(1.691951) CudaRuntime.cpp:142:  Mapping parameter at offset 8 of size 8 to offset 8 of size 8
   data = 0x00 0x99 0x7a 0x01 0x00 0x00 0x00 0x00 
(1.691961) CudaRuntime.cpp:142:  Mapping parameter at offset 16 of size 4 to offset 16 of size 4
   data = 0x80 0x00 0x00 0x00 
(1.691972) CudaRuntime.cpp:142:  Mapping parameter at offset 20 of size 4 to offset 20 of size 4
   data = 0x80 0x00 0x00 0x00 
(1.691981) CudaRuntime.cpp:2685: kernel launch (_Z22transposeCoarseGrainedPfS_ii) on thread 0x1776920
(1.692002) CudaRuntime.cpp:2706:  launch completed successfully
(1.693373) X86TraceGenerator.cpp:776:  New kernel launched
(1.693380) X86TraceGenerator.cpp:777:  compute version:2.0
(1.693382) X86TraceGenerator.cpp:778:  grid  8 x 8 x 1
(1.693385) X86TraceGenerator.cpp:779:  block 16 x 16 x 1
(1.693387) X86TraceGenerator.cpp:780:  number of warps per block:8
(1.693389) X86TraceGenerator.cpp:781:  number of total warps:512
(1.693392) X86TraceGenerator.cpp:782:  # threads per block : 256
(1.693394) X86TraceGenerator.cpp:783:  number of register per thread:8
(1.693396) X86TraceGenerator.cpp:784:  number of shared memory per thread:1088
(1.693398) X86TraceGenerator.cpp:822:  max blocks per core : 6
(1.697778) X86TraceGenerator.cpp:1082: mkdir -p /benchrun/macsim/sm6_gtx1080/cuda6-transpose/input-repeat1-dimx128-dimy128/results/traces/_Z22transposeCoarseGrainedPfS_ii_0/ (status 0)

(1.697797) X86TraceGenerator.cpp:1083: errno is 0 message is Success

(1.865183) CudaRuntime.cpp:2609: cudaConfigureCall()
(1.865195) CudaRuntime.cpp:2631: cudaSetupArgument() - offset 0, size 8
(1.865200) CudaRuntime.cpp:2631: cudaSetupArgument() - offset 8, size 8
(1.865204) CudaRuntime.cpp:2631: cudaSetupArgument() - offset 16, size 4
(1.865208) CudaRuntime.cpp:2631: cudaSetupArgument() - offset 20, size 4
(1.865228) CudaRuntime.cpp:142:  Mapping parameter at offset 0 of size 8 to offset 0 of size 8
   data = 0x00 0x9a 0x7b 0x01 0x00 0x00 0x00 0x00 
(1.865237) CudaRuntime.cpp:142:  Mapping parameter at offset 8 of size 8 to offset 8 of size 8
   data = 0x00 0x99 0x7a 0x01 0x00 0x00 0x00 0x00 
(1.865243) CudaRuntime.cpp:142:  Mapping parameter at offset 16 of size 4 to offset 16 of size 4
   data = 0x80 0x00 0x00 0x00 
(1.865249) CudaRuntime.cpp:142:  Mapping parameter at offset 20 of size 4 to offset 20 of size 4
   data = 0x80 0x00 0x00 0x00 
(1.865257) CudaRuntime.cpp:2685: kernel launch (_Z22transposeCoarseGrainedPfS_ii) on thread 0x1776920
(1.865268) CudaRuntime.cpp:2706:  launch completed successfully
(1.866378) X86TraceGenerator.cpp:776:  New kernel launched
(1.866384) X86TraceGenerator.cpp:777:  compute version:2.0
(1.866386) X86TraceGenerator.cpp:778:  grid  8 x 8 x 1
(1.866389) X86TraceGenerator.cpp:779:  block 16 x 16 x 1
(1.866391) X86TraceGenerator.cpp:780:  number of warps per block:8
(1.866394) X86TraceGenerator.cpp:781:  number of total warps:512
(1.866396) X86TraceGenerator.cpp:782:  # threads per block : 256
(1.866398) X86TraceGenerator.cpp:783:  number of register per thread:8
(1.866400) X86TraceGenerator.cpp:784:  number of shared memory per thread:1088
(1.866403) X86TraceGenerator.cpp:822:  max blocks per core : 6
(1.870665) X86TraceGenerator.cpp:1082: mkdir -p /benchrun/macsim/sm6_gtx1080/cuda6-transpose/input-repeat1-dimx128-dimy128/results/traces/_Z22transposeCoarseGrainedPfS_ii_1/ (status 0)

(1.870686) X86TraceGenerator.cpp:1083: errno is 0 message is Success

(2.052334) CudaRuntime.cpp:1131: cudaMemcpy(0x17898b0, 0x17b9a00, 65536)
(2.052353) CudaRuntime.cpp:215:    _memcpy(0x17898b0, 0x17b9a00, 65536 bytes) d-to-h
(2.052646) CudaRuntime.cpp:1131: cudaMemcpy(0x17898b0, 0x17b9a00, 65536)
(2.052654) CudaRuntime.cpp:215:    _memcpy(0x17898b0, 0x17b9a00, 65536 bytes) d-to-h
transpose coarse-grained    , Throughput = 0.0007 GB/s, Time = 187.13951 ms, Size = 16384 fp32 elements, NumDevsUsed = 1, Workgroup = 256
(2.052913) CudaRuntime.cpp:2609: cudaConfigureCall()
(2.052942) CudaRuntime.cpp:2631: cudaSetupArgument() - offset 0, size 8
(2.052968) CudaRuntime.cpp:2631: cudaSetupArgument() - offset 8, size 8
(2.052992) CudaRuntime.cpp:2631: cudaSetupArgument() - offset 16, size 4
(2.053015) CudaRuntime.cpp:2631: cudaSetupArgument() - offset 20, size 4
(2.053107) CudaRuntime.cpp:142:  Mapping parameter at offset 0 of size 8 to offset 0 of size 8
   data = 0x00 0x9a 0x7b 0x01 0x00 0x00 0x00 0x00 
(2.053120) CudaRuntime.cpp:142:  Mapping parameter at offset 8 of size 8 to offset 8 of size 8
   data = 0x00 0x99 0x7a 0x01 0x00 0x00 0x00 0x00 
(2.053131) CudaRuntime.cpp:142:  Mapping parameter at offset 16 of size 4 to offset 16 of size 4
   data = 0x80 0x00 0x00 0x00 
(2.053141) CudaRuntime.cpp:142:  Mapping parameter at offset 20 of size 4 to offset 20 of size 4
   data = 0x80 0x00 0x00 0x00 
(2.053150) CudaRuntime.cpp:2685: kernel launch (_Z20transposeFineGrainedPfS_ii) on thread 0x1776920
(2.053173) CudaRuntime.cpp:2706:  launch completed successfully
(2.054428) X86TraceGenerator.cpp:776:  New kernel launched
(2.054434) X86TraceGenerator.cpp:777:  compute version:2.0
(2.054436) X86TraceGenerator.cpp:778:  grid  8 x 8 x 1
(2.054439) X86TraceGenerator.cpp:779:  block 16 x 16 x 1
(2.054441) X86TraceGenerator.cpp:780:  number of warps per block:8
(2.054443) X86TraceGenerator.cpp:781:  number of total warps:512
(2.054446) X86TraceGenerator.cpp:782:  # threads per block : 256
(2.054448) X86TraceGenerator.cpp:783:  number of register per thread:8
(2.054450) X86TraceGenerator.cpp:784:  number of shared memory per thread:1088
(2.054453) X86TraceGenerator.cpp:822:  max blocks per core : 6
(2.058963) X86TraceGenerator.cpp:1082: mkdir -p /benchrun/macsim/sm6_gtx1080/cuda6-transpose/input-repeat1-dimx128-dimy128/results/traces/_Z20transposeFineGrainedPfS_ii_0/ (status 0)

(2.058980) X86TraceGenerator.cpp:1083: errno is 0 message is Success

(2.249700) CudaRuntime.cpp:2609: cudaConfigureCall()
(2.249707) CudaRuntime.cpp:2631: cudaSetupArgument() - offset 0, size 8
(2.249710) CudaRuntime.cpp:2631: cudaSetupArgument() - offset 8, size 8
(2.249712) CudaRuntime.cpp:2631: cudaSetupArgument() - offset 16, size 4
(2.249715) CudaRuntime.cpp:2631: cudaSetupArgument() - offset 20, size 4
(2.249730) CudaRuntime.cpp:142:  Mapping parameter at offset 0 of size 8 to offset 0 of size 8
   data = 0x00 0x9a 0x7b 0x01 0x00 0x00 0x00 0x00 
(2.249735) CudaRuntime.cpp:142:  Mapping parameter at offset 8 of size 8 to offset 8 of size 8
   data = 0x00 0x99 0x7a 0x01 0x00 0x00 0x00 0x00 
(2.249738) CudaRuntime.cpp:142:  Mapping parameter at offset 16 of size 4 to offset 16 of size 4
   data = 0x80 0x00 0x00 0x00 
(2.249742) CudaRuntime.cpp:142:  Mapping parameter at offset 20 of size 4 to offset 20 of size 4
   data = 0x80 0x00 0x00 0x00 
(2.249747) CudaRuntime.cpp:2685: kernel launch (_Z20transposeFineGrainedPfS_ii) on thread 0x1776920
(2.249756) CudaRuntime.cpp:2706:  launch completed successfully
(2.251002) X86TraceGenerator.cpp:776:  New kernel launched
(2.251008) X86TraceGenerator.cpp:777:  compute version:2.0
(2.251011) X86TraceGenerator.cpp:778:  grid  8 x 8 x 1
(2.251014) X86TraceGenerator.cpp:779:  block 16 x 16 x 1
(2.251016) X86TraceGenerator.cpp:780:  number of warps per block:8
(2.251018) X86TraceGenerator.cpp:781:  number of total warps:512
(2.251020) X86TraceGenerator.cpp:782:  # threads per block : 256
(2.251028) X86TraceGenerator.cpp:783:  number of register per thread:8
(2.251030) X86TraceGenerator.cpp:784:  number of shared memory per thread:1088
(2.251032) X86TraceGenerator.cpp:822:  max blocks per core : 6
(2.254218) X86TraceGenerator.cpp:1082: mkdir -p /benchrun/macsim/sm6_gtx1080/cuda6-transpose/input-repeat1-dimx128-dimy128/results/traces/_Z20transposeFineGrainedPfS_ii_1/ (status 0)

(2.254230) X86TraceGenerator.cpp:1083: errno is 0 message is Success

(2.399589) CudaRuntime.cpp:1131: cudaMemcpy(0x17898b0, 0x17b9a00, 65536)
(2.399597) CudaRuntime.cpp:215:    _memcpy(0x17898b0, 0x17b9a00, 65536 bytes) d-to-h
(2.399692) CudaRuntime.cpp:1131: cudaMemcpy(0x17898b0, 0x17b9a00, 65536)
(2.399694) CudaRuntime.cpp:215:    _memcpy(0x17898b0, 0x17b9a00, 65536 bytes) d-to-h
transpose fine-grained      , Throughput = 0.0008 GB/s, Time = 149.89066 ms, Size = 16384 fp32 elements, NumDevsUsed = 1, Workgroup = 256
(2.399764) CudaRuntime.cpp:2609: cudaConfigureCall()
(2.399767) CudaRuntime.cpp:2631: cudaSetupArgument() - offset 0, size 8
(2.399770) CudaRuntime.cpp:2631: cudaSetupArgument() - offset 8, size 8
(2.399772) CudaRuntime.cpp:2631: cudaSetupArgument() - offset 16, size 4
(2.399774) CudaRuntime.cpp:2631: cudaSetupArgument() - offset 20, size 4
(2.399794) CudaRuntime.cpp:142:  Mapping parameter at offset 0 of size 8 to offset 0 of size 8
   data = 0x00 0x9a 0x7b 0x01 0x00 0x00 0x00 0x00 
(2.399797) CudaRuntime.cpp:142:  Mapping parameter at offset 8 of size 8 to offset 8 of size 8
   data = 0x00 0x99 0x7a 0x01 0x00 0x00 0x00 0x00 
(2.399801) CudaRuntime.cpp:142:  Mapping parameter at offset 16 of size 4 to offset 16 of size 4
   data = 0x80 0x00 0x00 0x00 
(2.399804) CudaRuntime.cpp:142:  Mapping parameter at offset 20 of size 4 to offset 20 of size 4
   data = 0x80 0x00 0x00 0x00 
(2.399807) CudaRuntime.cpp:2685: kernel launch (_Z17transposeDiagonalPfS_ii) on thread 0x1776920
(2.399818) CudaRuntime.cpp:2706:  launch completed successfully
(2.401179) X86TraceGenerator.cpp:776:  New kernel launched
(2.401185) X86TraceGenerator.cpp:777:  compute version:2.0
(2.401187) X86TraceGenerator.cpp:778:  grid  8 x 8 x 1
(2.401189) X86TraceGenerator.cpp:779:  block 16 x 16 x 1
(2.401192) X86TraceGenerator.cpp:780:  number of warps per block:8
(2.401194) X86TraceGenerator.cpp:781:  number of total warps:512
(2.401196) X86TraceGenerator.cpp:782:  # threads per block : 256
(2.401198) X86TraceGenerator.cpp:783:  number of register per thread:10
(2.401200) X86TraceGenerator.cpp:784:  number of shared memory per thread:1088
(2.401203) X86TraceGenerator.cpp:822:  max blocks per core : 6
(2.404680) X86TraceGenerator.cpp:1082: mkdir -p /benchrun/macsim/sm6_gtx1080/cuda6-transpose/input-repeat1-dimx128-dimy128/results/traces/_Z17transposeDiagonalPfS_ii_0/ (status 0)

(2.404694) X86TraceGenerator.cpp:1083: errno is 0 message is Success

(2.622476) CudaRuntime.cpp:2609: cudaConfigureCall()
(2.622484) CudaRuntime.cpp:2631: cudaSetupArgument() - offset 0, size 8
(2.622486) CudaRuntime.cpp:2631: cudaSetupArgument() - offset 8, size 8
(2.622488) CudaRuntime.cpp:2631: cudaSetupArgument() - offset 16, size 4
(2.622491) CudaRuntime.cpp:2631: cudaSetupArgument() - offset 20, size 4
(2.622504) CudaRuntime.cpp:142:  Mapping parameter at offset 0 of size 8 to offset 0 of size 8
   data = 0x00 0x9a 0x7b 0x01 0x00 0x00 0x00 0x00 
(2.622510) CudaRuntime.cpp:142:  Mapping parameter at offset 8 of size 8 to offset 8 of size 8
   data = 0x00 0x99 0x7a 0x01 0x00 0x00 0x00 0x00 
(2.622513) CudaRuntime.cpp:142:  Mapping parameter at offset 16 of size 4 to offset 16 of size 4
   data = 0x80 0x00 0x00 0x00 
(2.622516) CudaRuntime.cpp:142:  Mapping parameter at offset 20 of size 4 to offset 20 of size 4
   data = 0x80 0x00 0x00 0x00 
(2.622522) CudaRuntime.cpp:2685: kernel launch (_Z17transposeDiagonalPfS_ii) on thread 0x1776920
(2.622534) CudaRuntime.cpp:2706:  launch completed successfully
(2.623921) X86TraceGenerator.cpp:776:  New kernel launched
(2.623926) X86TraceGenerator.cpp:777:  compute version:2.0
(2.623929) X86TraceGenerator.cpp:778:  grid  8 x 8 x 1
(2.623937) X86TraceGenerator.cpp:779:  block 16 x 16 x 1
(2.623940) X86TraceGenerator.cpp:780:  number of warps per block:8
(2.623942) X86TraceGenerator.cpp:781:  number of total warps:512
(2.623944) X86TraceGenerator.cpp:782:  # threads per block : 256
(2.623946) X86TraceGenerator.cpp:783:  number of register per thread:10
(2.623948) X86TraceGenerator.cpp:784:  number of shared memory per thread:1088
(2.623951) X86TraceGenerator.cpp:822:  max blocks per core : 6
(2.628442) X86TraceGenerator.cpp:1082: mkdir -p /benchrun/macsim/sm6_gtx1080/cuda6-transpose/input-repeat1-dimx128-dimy128/results/traces/_Z17transposeDiagonalPfS_ii_1/ (status 0)

(2.628460) X86TraceGenerator.cpp:1083: errno is 0 message is Success

(2.825856) CudaRuntime.cpp:1131: cudaMemcpy(0x17898b0, 0x17b9a00, 65536)
(2.825865) CudaRuntime.cpp:215:    _memcpy(0x17898b0, 0x17b9a00, 65536 bytes) d-to-h
(2.825962) CudaRuntime.cpp:1131: cudaMemcpy(0x17898b0, 0x17b9a00, 65536)
(2.825964) CudaRuntime.cpp:215:    _memcpy(0x17898b0, 0x17b9a00, 65536 bytes) d-to-h
transpose diagonal          , Throughput = 0.0006 GB/s, Time = 203.37915 ms, Size = 16384 fp32 elements, NumDevsUsed = 1, Workgroup = 256
(2.826049) CudaRuntime.cpp:887:  cudaFree(0x17a9900)
(2.826056) CudaRuntime.cpp:887:  cudaFree(0x17b9a00)
Test passed
(2.826843) X86TraceGenerator.cpp:725:  destructor
(2.826997) X86TraceGenerator.cpp:2259: finalize
(2.827005) X86TraceGenerator.cpp:2263: total instruction count: 36864
