####################################################################################################
Interval
####################################################################################################
Cumulative:         Cycles:                  20000     Instructions:                  1200
INST_COUNT_TOT                                           15065600                      15065600

UOP_COUNT_TOT                                            15065600                      15065600

CYC_COUNT_TOT                                             5884621                       5884621

EXE_TIME                                                     1064                          1064

NUM_REPEAT                                                      0                             0

CYC_COUNT_X86                                                   0                             0

CYC_COUNT_ACC                                             5884620                       5884620

AVG_BLOCK_EXE_CYCLE                                     792531499                     792531499

AVG_BLOCK_EXE_CYCLE_BASE                                      256                           256

PROGRESS_ERROR                                                  0                             0

FILE_OPEN_ERROR                                                 0                             0

NUM_THREAD                                                      0                             0

APPL_CYC_COUNT_BASE0                                            1                             1

APPL_CYC_COUNT_BASE1                                            0                             0

APPL_CYC_COUNT_BASE2                                            0                             0

APPL_CYC_COUNT_BASE3                                            0                             0

APPL_CYC_COUNT_BASE4                                            0                             0

APPL_CYC_COUNT0                                           5884620                   5.88462e+06

APPL_CYC_COUNT1                                                 0                           NaN

APPL_CYC_COUNT2                                                 0                           NaN

APPL_CYC_COUNT3                                                 0                           NaN

APPL_CYC_COUNT4                                                 0                           NaN

CPI_DELTA_BASE0                                                 0                             0

CPI_DELTA_BASE1                                                 0                             0

CPI_DELTA_BASE2                                                 0                             0

CPI_DELTA_BASE3                                                 0                             0

CPI_DELTA_BASE4                                                 0                             0

CPI_DELTA0                                                      0                           NaN

CPI_DELTA1                                                      0                           NaN

CPI_DELTA2                                                      0                           NaN

CPI_DELTA3                                                      0                           NaN

CPI_DELTA4                                                      0                           NaN

CYCLE_CPU                                                       0                             0

CYCLE_GPU                                                       0                             0

INST_COUNT_CORE_0                                          176550                        176550

UOP_COUNT_CORE_0                                           176550                        176550

CYC_COUNT_CORE_0                                           237375                        237375

INST_COUNT_CORE_1                                          176550                        176550

UOP_COUNT_CORE_1                                           176550                        176550

CYC_COUNT_CORE_1                                           233504                        233504

INST_COUNT_CORE_2                                          176550                        176550

UOP_COUNT_CORE_2                                           176550                        176550

CYC_COUNT_CORE_2                                           233562                        233562

INST_COUNT_CORE_3                                          176550                        176550

UOP_COUNT_CORE_3                                           176550                        176550

CYC_COUNT_CORE_3                                           233940                        233940

INST_COUNT_CORE_4                                          176550                        176550

UOP_COUNT_CORE_4                                           176550                        176550

CYC_COUNT_CORE_4                                           229028                        229028

INST_COUNT_CORE_5                                          176550                        176550

UOP_COUNT_CORE_5                                           176550                        176550

CYC_COUNT_CORE_5                                           233597                        233597

INST_COUNT_CORE_6                                          176550                        176550

UOP_COUNT_CORE_6                                           176550                        176550

CYC_COUNT_CORE_6                                           237407                        237407

INST_COUNT_CORE_7                                          235400                        235400

UOP_COUNT_CORE_7                                           235400                        235400

CYC_COUNT_CORE_7                                           291844                        291844

INST_COUNT_CORE_8                                          176550                        176550

UOP_COUNT_CORE_8                                           176550                        176550

CYC_COUNT_CORE_8                                           232621                        232621

INST_COUNT_CORE_9                                          176550                        176550

UOP_COUNT_CORE_9                                           176550                        176550

CYC_COUNT_CORE_9                                           237419                        237419

INST_COUNT_CORE_10                                         176550                        176550

UOP_COUNT_CORE_10                                          176550                        176550

CYC_COUNT_CORE_10                                          233421                        233421

INST_COUNT_CORE_11                                         176550                        176550

UOP_COUNT_CORE_11                                          176550                        176550

CYC_COUNT_CORE_11                                          232523                        232523

INST_COUNT_CORE_12                                         176550                        176550

UOP_COUNT_CORE_12                                          176550                        176550

CYC_COUNT_CORE_12                                          233596                        233596

INST_COUNT_CORE_13                                         176550                        176550

UOP_COUNT_CORE_13                                          176550                        176550

CYC_COUNT_CORE_13                                          237764                        237764

INST_COUNT_CORE_14                                         176550                        176550

UOP_COUNT_CORE_14                                          176550                        176550

CYC_COUNT_CORE_14                                          234010                        234010

INST_COUNT_CORE_15                                         176550                        176550

UOP_COUNT_CORE_15                                          176550                        176550

CYC_COUNT_CORE_15                                          233518                        233518

INST_COUNT_CORE_16                                         176550                        176550

UOP_COUNT_CORE_16                                          176550                        176550

CYC_COUNT_CORE_16                                          232528                        232528

INST_COUNT_CORE_17                                         176550                        176550

UOP_COUNT_CORE_17                                          176550                        176550

CYC_COUNT_CORE_17                                          232626                        232626

INST_COUNT_CORE_18                                         176550                        176550

UOP_COUNT_CORE_18                                          176550                        176550

CYC_COUNT_CORE_18                                          237846                        237846

INST_COUNT_CORE_19                                         176550                        176550

UOP_COUNT_CORE_19                                          176550                        176550

CYC_COUNT_CORE_19                                          237447                        237447

INST_COUNT_CORE_20                                         176550                        176550

UOP_COUNT_CORE_20                                          176550                        176550

CYC_COUNT_CORE_20                                          237789                        237789

INST_COUNT_CORE_21                                         176550                        176550

UOP_COUNT_CORE_21                                          176550                        176550

CYC_COUNT_CORE_21                                          237799                        237799

INST_COUNT_CORE_22                                         176550                        176550

UOP_COUNT_CORE_22                                          176550                        176550

CYC_COUNT_CORE_22                                          233514                        233514

INST_COUNT_CORE_23                                         176550                        176550

UOP_COUNT_CORE_23                                          176550                        176550

CYC_COUNT_CORE_23                                          233386                        233386

INST_COUNT_CORE_24                                         176550                        176550

UOP_COUNT_CORE_24                                          176550                        176550

CYC_COUNT_CORE_24                                          232504                        232504

INST_COUNT_CORE_25                                         176550                        176550

UOP_COUNT_CORE_25                                          176550                        176550

CYC_COUNT_CORE_25                                          233752                        233752

INST_COUNT_CORE_26                                         176550                        176550

UOP_COUNT_CORE_26                                          176550                        176550

CYC_COUNT_CORE_26                                          237421                        237421

INST_COUNT_CORE_27                                         176550                        176550

UOP_COUNT_CORE_27                                          176550                        176550

CYC_COUNT_CORE_27                                          233722                        233722

INST_COUNT_CORE_28                                         176550                        176550

UOP_COUNT_CORE_28                                          176550                        176550

CYC_COUNT_CORE_28                                          233767                        233767

INST_COUNT_CORE_29                                         176550                        176550

UOP_COUNT_CORE_29                                          176550                        176550

CYC_COUNT_CORE_29                                          233757                        233757

INST_COUNT_CORE_30                                         176550                        176550

UOP_COUNT_CORE_30                                          176550                        176550

CYC_COUNT_CORE_30                                          237798                        237798

INST_COUNT_CORE_31                                         176550                        176550

UOP_COUNT_CORE_31                                          176550                        176550

CYC_COUNT_CORE_31                                          238130                        238130

INST_COUNT_CORE_32                                         176550                        176550

UOP_COUNT_CORE_32                                          176550                        176550

CYC_COUNT_CORE_32                                          233984                        233984

INST_COUNT_CORE_33                                         176550                        176550

UOP_COUNT_CORE_33                                          176550                        176550

CYC_COUNT_CORE_33                                          238150                        238150

INST_COUNT_CORE_34                                         176550                        176550

UOP_COUNT_CORE_34                                          176550                        176550

CYC_COUNT_CORE_34                                          232621                        232621

INST_COUNT_CORE_35                                         176550                        176550

UOP_COUNT_CORE_35                                          176550                        176550

CYC_COUNT_CORE_35                                          237385                        237385

INST_COUNT_CORE_36                                         176550                        176550

UOP_COUNT_CORE_36                                          176550                        176550

CYC_COUNT_CORE_36                                          237803                        237803

INST_COUNT_CORE_37                                         176550                        176550

UOP_COUNT_CORE_37                                          176550                        176550

CYC_COUNT_CORE_37                                          233742                        233742

INST_COUNT_CORE_38                                         176550                        176550

UOP_COUNT_CORE_38                                          176550                        176550

CYC_COUNT_CORE_38                                          233702                        233702

INST_COUNT_CORE_39                                         176550                        176550

UOP_COUNT_CORE_39                                          176550                        176550

CYC_COUNT_CORE_39                                          237385                        237385

INST_COUNT_CORE_40                                         176550                        176550

UOP_COUNT_CORE_40                                          176550                        176550

CYC_COUNT_CORE_40                                          237786                        237786

INST_COUNT_CORE_41                                         176550                        176550

UOP_COUNT_CORE_41                                          176550                        176550

CYC_COUNT_CORE_41                                          237811                        237811

INST_COUNT_CORE_42                                         176550                        176550

UOP_COUNT_CORE_42                                          176550                        176550

CYC_COUNT_CORE_42                                          237819                        237819

INST_COUNT_CORE_43                                         235400                        235400

UOP_COUNT_CORE_43                                          235400                        235400

CYC_COUNT_CORE_43                                          294232                        294232

INST_COUNT_CORE_44                                         176550                        176550

UOP_COUNT_CORE_44                                          176550                        176550

CYC_COUNT_CORE_44                                          233550                        233550

INST_COUNT_CORE_45                                         176550                        176550

UOP_COUNT_CORE_45                                          176550                        176550

CYC_COUNT_CORE_45                                          237448                        237448

INST_COUNT_CORE_46                                         176550                        176550

UOP_COUNT_CORE_46                                          176550                        176550

CYC_COUNT_CORE_46                                          238296                        238296

INST_COUNT_CORE_47                                         176550                        176550

UOP_COUNT_CORE_47                                          176550                        176550

CYC_COUNT_CORE_47                                          235980                        235980

INST_COUNT_CORE_48                                         176550                        176550

UOP_COUNT_CORE_48                                          176550                        176550

CYC_COUNT_CORE_48                                          237797                        237797

INST_COUNT_CORE_49                                         176550                        176550

UOP_COUNT_CORE_49                                          176550                        176550

CYC_COUNT_CORE_49                                          237738                        237738

INST_COUNT_CORE_50                                         176550                        176550

UOP_COUNT_CORE_50                                          176550                        176550

CYC_COUNT_CORE_50                                          238315                        238315

INST_COUNT_CORE_51                                         235400                        235400

UOP_COUNT_CORE_51                                          235400                        235400

CYC_COUNT_CORE_51                                          294100                        294100

INST_COUNT_CORE_52                                         176550                        176550

UOP_COUNT_CORE_52                                          176550                        176550

CYC_COUNT_CORE_52                                          233743                        233743

INST_COUNT_CORE_53                                         176550                        176550

UOP_COUNT_CORE_53                                          176550                        176550

CYC_COUNT_CORE_53                                          238423                        238423

INST_COUNT_CORE_54                                         176550                        176550

UOP_COUNT_CORE_54                                          176550                        176550

CYC_COUNT_CORE_54                                          237836                        237836

INST_COUNT_CORE_55                                         176550                        176550

UOP_COUNT_CORE_55                                          176550                        176550

CYC_COUNT_CORE_55                                          238482                        238482

INST_COUNT_CORE_56                                         176550                        176550

UOP_COUNT_CORE_56                                          176550                        176550

CYC_COUNT_CORE_56                                          237890                        237890

INST_COUNT_CORE_57                                         176550                        176550

UOP_COUNT_CORE_57                                          176550                        176550

CYC_COUNT_CORE_57                                          237358                        237358

INST_COUNT_CORE_58                                         176550                        176550

UOP_COUNT_CORE_58                                          176550                        176550

CYC_COUNT_CORE_58                                          238560                        238560

INST_COUNT_CORE_59                                         176550                        176550

UOP_COUNT_CORE_59                                          176550                        176550

CYC_COUNT_CORE_59                                          233768                        233768

INST_COUNT_CORE_60                                         176550                        176550

UOP_COUNT_CORE_60                                          176550                        176550

CYC_COUNT_CORE_60                                          233758                        233758

INST_COUNT_CORE_61                                         176550                        176550

UOP_COUNT_CORE_61                                          176550                        176550

CYC_COUNT_CORE_61                                          237426                        237426

INST_COUNT_CORE_62                                         176550                        176550

UOP_COUNT_CORE_62                                          176550                        176550

CYC_COUNT_CORE_62                                          233395                        233395

INST_COUNT_CORE_63                                         176550                        176550

UOP_COUNT_CORE_63                                          176550                        176550

CYC_COUNT_CORE_63                                          233436                        233436

INST_COUNT_CORE_64                                         176550                        176550

UOP_COUNT_CORE_64                                          176550                        176550

CYC_COUNT_CORE_64                                          237438                        237438

INST_COUNT_CORE_65                                         176550                        176550

UOP_COUNT_CORE_65                                          176550                        176550

CYC_COUNT_CORE_65                                          237762                        237762

INST_COUNT_CORE_66                                         176550                        176550

UOP_COUNT_CORE_66                                          176550                        176550

CYC_COUNT_CORE_66                                          237413                        237413

INST_COUNT_CORE_67                                         176550                        176550

UOP_COUNT_CORE_67                                          176550                        176550

CYC_COUNT_CORE_67                                          237748                        237748

INST_COUNT_CORE_68                                         176550                        176550

UOP_COUNT_CORE_68                                          176550                        176550

CYC_COUNT_CORE_68                                          233995                        233995

INST_COUNT_CORE_69                                         176550                        176550

UOP_COUNT_CORE_69                                          176550                        176550

CYC_COUNT_CORE_69                                          238071                        238071

INST_COUNT_CORE_70                                         176550                        176550

UOP_COUNT_CORE_70                                          176550                        176550

CYC_COUNT_CORE_70                                          237751                        237751

INST_COUNT_CORE_71                                         176550                        176550

UOP_COUNT_CORE_71                                          176550                        176550

CYC_COUNT_CORE_71                                          232525                        232525

INST_COUNT_CORE_72                                         176550                        176550

UOP_COUNT_CORE_72                                          176550                        176550

CYC_COUNT_CORE_72                                          237753                        237753

INST_COUNT_CORE_73                                         176550                        176550

UOP_COUNT_CORE_73                                          176550                        176550

CYC_COUNT_CORE_73                                          233387                        233387

INST_COUNT_CORE_74                                         176550                        176550

UOP_COUNT_CORE_74                                          176550                        176550

CYC_COUNT_CORE_74                                          234001                        234001

INST_COUNT_CORE_75                                         176550                        176550

UOP_COUNT_CORE_75                                          176550                        176550

CYC_COUNT_CORE_75                                          233407                        233407

INST_COUNT_CORE_76                                         176550                        176550

UOP_COUNT_CORE_76                                          176550                        176550

CYC_COUNT_CORE_76                                          237478                        237478

INST_COUNT_CORE_77                                         176550                        176550

UOP_COUNT_CORE_77                                          176550                        176550

CYC_COUNT_CORE_77                                          237514                        237514

INST_COUNT_CORE_78                                         176550                        176550

UOP_COUNT_CORE_78                                          176550                        176550

CYC_COUNT_CORE_78                                          237736                        237736

INST_COUNT_CORE_79                                         176550                        176550

UOP_COUNT_CORE_79                                          176550                        176550

CYC_COUNT_CORE_79                                          237747                        237747

INST_COUNT_CORE_80                                         235400                        235400

UOP_COUNT_CORE_80                                          235400                        235400

CYC_COUNT_CORE_80                                          289894                        289894

INST_COUNT_CORE_81                                         176550                        176550

UOP_COUNT_CORE_81                                          176550                        176550

CYC_COUNT_CORE_81                                          237889                        237889

INST_COUNT_CORE_82                                         176550                        176550

UOP_COUNT_CORE_82                                          176550                        176550

CYC_COUNT_CORE_82                                          233425                        233425

INST_COUNT_CORE_83                                         176550                        176550

UOP_COUNT_CORE_83                                          176550                        176550

CYC_COUNT_CORE_83                                          233836                        233836

