(0.000407) CudaRuntime.cpp:3813: Adding external function 'malloc'
(0.000452) CudaRuntime.cpp:3813: Adding external function 'free'
(0.000458) CudaRuntime.cpp:3813: Adding external function 'vprintf'
(0.000463) CudaRuntime.cpp:3813: Adding external function 'cudaGetParameterBuffer'
(0.000497) CudaRuntime.cpp:595:  Loading module (fatbin) - transposeTejas.cu
(0.000507) CudaRuntime.cpp:738:  Registered kernel - _Z22transposeCoarseGrainedPfS_ii in module 'transposeTejas.cu'
(0.000517) CudaRuntime.cpp:738:  Registered kernel - _Z20transposeFineGrainedPfS_ii in module 'transposeTejas.cu'
(0.000523) CudaRuntime.cpp:738:  Registered kernel - _Z17transposeDiagonalPfS_ii in module 'transposeTejas.cu'
(0.000528) CudaRuntime.cpp:738:  Registered kernel - _Z24transposeNoBankConflictsPfS_ii in module 'transposeTejas.cu'
(0.000533) CudaRuntime.cpp:738:  Registered kernel - _Z18transposeCoalescedPfS_ii in module 'transposeTejas.cu'
(0.000538) CudaRuntime.cpp:738:  Registered kernel - _Z14transposeNaivePfS_ii in module 'transposeTejas.cu'
(0.000543) CudaRuntime.cpp:738:  Registered kernel - _Z13copySharedMemPfS_ii in module 'transposeTejas.cu'
(0.000548) CudaRuntime.cpp:738:  Registered kernel - _Z4copyPfS_ii in module 'transposeTejas.cu'
Transpose Starting...

(0.000602) CudaRuntime.cpp:446:  Creating new context for thread 0x23aaec0
(0.000621) CudaRuntime.cpp:276:  Creating devices.
(0.000716) CudaRuntime.cpp:288:   - Added 1 emulator devices.
(0.000802) CudaRuntime.cpp:2203: cuda::CudaRuntime::cudaGetDeviceProperties(dev = 0) - major: 2, minor: 1
(0.000813) CudaRuntime.cpp:2241:   returning: prop->major = 2, prop->minor = 1
(0.000941) CudaRuntime.cpp:276:  Creating devices.
(0.001003) CudaRuntime.cpp:288:   - Added 1 emulator devices.
(0.001044) CudaRuntime.cpp:2203: cuda::CudaRuntime::cudaGetDeviceProperties(dev = 0) - major: 2, minor: 1
(0.001051) CudaRuntime.cpp:2241:   returning: prop->major = 2, prop->minor = 1
(0.001145) CudaRuntime.cpp:2289: Setting device for thread 0x23aaec0 to 0
(0.001152) CudaRuntime.cpp:276:  Creating devices.
(0.001199) CudaRuntime.cpp:288:   - Added 1 emulator devices.
(0.001230) CudaRuntime.cpp:2203: cuda::CudaRuntime::cudaGetDeviceProperties(dev = 0) - major: 2, minor: 1
(0.001236) CudaRuntime.cpp:2241:   returning: prop->major = 2, prop->minor = 1
GPU Device 0: "Ocelot PTX Emulator" with compute capability 2.1

(0.001295) CudaRuntime.cpp:276:  Creating devices.
(0.001342) CudaRuntime.cpp:288:   - Added 1 emulator devices.
(0.001370) CudaRuntime.cpp:2203: cuda::CudaRuntime::cudaGetDeviceProperties(dev = 0) - major: 2, minor: 1
(0.001376) CudaRuntime.cpp:2241:   returning: prop->major = 2, prop->minor = 1
> Device 0: "Ocelot PTX Emulator"
> SM Capability 2.1 detected:
> [Ocelot PTX Emulator] has 1 MP(s) x 48 (Cores/MP) = 48 (Cores)
> Compute performance scaling factor = 4.00
> MatrixSize X = 32
> MatrixSize Y = 32
(0.001437) CudaRuntime.cpp:276:  Creating devices.
(0.001483) CudaRuntime.cpp:288:   - Added 1 emulator devices.
(0.001522) CudaRuntime.cpp:787:  cudaMalloc( *devPtr = 0x23b1a00, size = 4096)
(0.001538) CudaRuntime.cpp:787:  cudaMalloc( *devPtr = 0x23b2b00, size = 4096)
(0.001554) CudaRuntime.cpp:1131: cudaMemcpy(0x23b1a00, 0x23ae7e0, 4096)
(0.001560) CudaRuntime.cpp:251:    _memcpy(0x23b1a00, 0x23ae7e0, 4096 bytes) h-to-d

Matrix size: 32x32 (2x2 tiles), tile size: 16x16, block size: 16x16

(0.001594) CudaRuntime.cpp:2609: cudaConfigureCall()
(0.001600) CudaRuntime.cpp:2631: cudaSetupArgument() - offset 0, size 8
(0.001607) CudaRuntime.cpp:2631: cudaSetupArgument() - offset 8, size 8
(0.001612) CudaRuntime.cpp:2631: cudaSetupArgument() - offset 16, size 4
(0.001618) CudaRuntime.cpp:2631: cudaSetupArgument() - offset 20, size 4
(0.009351) CudaRuntime.cpp:142:  Mapping parameter at offset 0 of size 8 to offset 0 of size 8
   data = 0x00 0x2b 0x3b 0x02 0x00 0x00 0x00 0x00 
(0.009373) CudaRuntime.cpp:142:  Mapping parameter at offset 8 of size 8 to offset 8 of size 8
   data = 0x00 0x1a 0x3b 0x02 0x00 0x00 0x00 0x00 
(0.009387) CudaRuntime.cpp:142:  Mapping parameter at offset 16 of size 4 to offset 16 of size 4
   data = 0x20 0x00 0x00 0x00 
(0.009409) CudaRuntime.cpp:142:  Mapping parameter at offset 20 of size 4 to offset 20 of size 4
   data = 0x20 0x00 0x00 0x00 
(0.009422) CudaRuntime.cpp:2685: kernel launch (_Z4copyPfS_ii) on thread 0x23aaec0
(0.009443) CudaRuntime.cpp:2706:  launch completed successfully
(0.016410) CudaRuntime.cpp:2609: cudaConfigureCall()
(0.016424) CudaRuntime.cpp:2631: cudaSetupArgument() - offset 0, size 8
(0.016434) CudaRuntime.cpp:2631: cudaSetupArgument() - offset 8, size 8
(0.016445) CudaRuntime.cpp:2631: cudaSetupArgument() - offset 16, size 4
(0.016455) CudaRuntime.cpp:2631: cudaSetupArgument() - offset 20, size 4
(0.016477) CudaRuntime.cpp:142:  Mapping parameter at offset 0 of size 8 to offset 0 of size 8
   data = 0x00 0x2b 0x3b 0x02 0x00 0x00 0x00 0x00 
(0.016493) CudaRuntime.cpp:142:  Mapping parameter at offset 8 of size 8 to offset 8 of size 8
   data = 0x00 0x1a 0x3b 0x02 0x00 0x00 0x00 0x00 
(0.016508) CudaRuntime.cpp:142:  Mapping parameter at offset 16 of size 4 to offset 16 of size 4
   data = 0x20 0x00 0x00 0x00 
(0.016523) CudaRuntime.cpp:142:  Mapping parameter at offset 20 of size 4 to offset 20 of size 4
   data = 0x20 0x00 0x00 0x00 
(0.016534) CudaRuntime.cpp:2685: kernel launch (_Z4copyPfS_ii) on thread 0x23aaec0
(0.016551) CudaRuntime.cpp:2706:  launch completed successfully
(0.021401) CudaRuntime.cpp:2609: cudaConfigureCall()
(0.021425) CudaRuntime.cpp:2631: cudaSetupArgument() - offset 0, size 8
(0.021444) CudaRuntime.cpp:2631: cudaSetupArgument() - offset 8, size 8
(0.021462) CudaRuntime.cpp:2631: cudaSetupArgument() - offset 16, size 4
(0.021481) CudaRuntime.cpp:2631: cudaSetupArgument() - offset 20, size 4
(0.021518) CudaRuntime.cpp:142:  Mapping parameter at offset 0 of size 8 to offset 0 of size 8
   data = 0x00 0x2b 0x3b 0x02 0x00 0x00 0x00 0x00 
(0.021548) CudaRuntime.cpp:142:  Mapping parameter at offset 8 of size 8 to offset 8 of size 8
   data = 0x00 0x1a 0x3b 0x02 0x00 0x00 0x00 0x00 
(0.021574) CudaRuntime.cpp:142:  Mapping parameter at offset 16 of size 4 to offset 16 of size 4
   data = 0x20 0x00 0x00 0x00 
(0.021600) CudaRuntime.cpp:142:  Mapping parameter at offset 20 of size 4 to offset 20 of size 4
   data = 0x20 0x00 0x00 0x00 
(0.021620) CudaRuntime.cpp:2685: kernel launch (_Z4copyPfS_ii) on thread 0x23aaec0
(0.021649) CudaRuntime.cpp:2706:  launch completed successfully
(0.025999) CudaRuntime.cpp:2609: cudaConfigureCall()
(0.026023) CudaRuntime.cpp:2631: cudaSetupArgument() - offset 0, size 8
(0.026041) CudaRuntime.cpp:2631: cudaSetupArgument() - offset 8, size 8
(0.026060) CudaRuntime.cpp:2631: cudaSetupArgument() - offset 16, size 4
(0.026078) CudaRuntime.cpp:2631: cudaSetupArgument() - offset 20, size 4
(0.026119) CudaRuntime.cpp:142:  Mapping parameter at offset 0 of size 8 to offset 0 of size 8
   data = 0x00 0x2b 0x3b 0x02 0x00 0x00 0x00 0x00 
(0.026148) CudaRuntime.cpp:142:  Mapping parameter at offset 8 of size 8 to offset 8 of size 8
   data = 0x00 0x1a 0x3b 0x02 0x00 0x00 0x00 0x00 
(0.026174) CudaRuntime.cpp:142:  Mapping parameter at offset 16 of size 4 to offset 16 of size 4
   data = 0x20 0x00 0x00 0x00 
(0.026200) CudaRuntime.cpp:142:  Mapping parameter at offset 20 of size 4 to offset 20 of size 4
   data = 0x20 0x00 0x00 0x00 
(0.026220) CudaRuntime.cpp:2685: kernel launch (_Z4copyPfS_ii) on thread 0x23aaec0
(0.026245) CudaRuntime.cpp:2706:  launch completed successfully
(0.030114) CudaRuntime.cpp:1131: cudaMemcpy(0x23af7f0, 0x23b2b00, 4096)
(0.030145) CudaRuntime.cpp:215:    _memcpy(0x23af7f0, 0x23b2b00, 4096 bytes) d-to-h
(0.030209) CudaRuntime.cpp:1131: cudaMemcpy(0x23af7f0, 0x23b2b00, 4096)
(0.030234) CudaRuntime.cpp:215:    _memcpy(0x23af7f0, 0x23b2b00, 4096 bytes) d-to-h
transpose simple copy       , Throughput = 0.0017 GB/s, Time = 4.55983 ms, Size = 1024 fp32 elements, NumDevsUsed = 1, Workgroup = 256
(0.030282) CudaRuntime.cpp:2609: cudaConfigureCall()
(0.030306) CudaRuntime.cpp:2631: cudaSetupArgument() - offset 0, size 8
(0.030330) CudaRuntime.cpp:2631: cudaSetupArgument() - offset 8, size 8
(0.030353) CudaRuntime.cpp:2631: cudaSetupArgument() - offset 16, size 4
(0.030388) CudaRuntime.cpp:2631: cudaSetupArgument() - offset 20, size 4
(0.030434) CudaRuntime.cpp:142:  Mapping parameter at offset 0 of size 8 to offset 0 of size 8
   data = 0x00 0x2b 0x3b 0x02 0x00 0x00 0x00 0x00 
(0.030472) CudaRuntime.cpp:142:  Mapping parameter at offset 8 of size 8 to offset 8 of size 8
   data = 0x00 0x1a 0x3b 0x02 0x00 0x00 0x00 0x00 
(0.030506) CudaRuntime.cpp:142:  Mapping parameter at offset 16 of size 4 to offset 16 of size 4
   data = 0x20 0x00 0x00 0x00 
(0.030540) CudaRuntime.cpp:142:  Mapping parameter at offset 20 of size 4 to offset 20 of size 4
   data = 0x20 0x00 0x00 0x00 
(0.030566) CudaRuntime.cpp:2685: kernel launch (_Z13copySharedMemPfS_ii) on thread 0x23aaec0
(0.030600) CudaRuntime.cpp:2706:  launch completed successfully
(0.036303) CudaRuntime.cpp:2609: cudaConfigureCall()
(0.036322) CudaRuntime.cpp:2631: cudaSetupArgument() - offset 0, size 8
(0.036334) CudaRuntime.cpp:2631: cudaSetupArgument() - offset 8, size 8
(0.036341) CudaRuntime.cpp:2631: cudaSetupArgument() - offset 16, size 4
(0.036350) CudaRuntime.cpp:2631: cudaSetupArgument() - offset 20, size 4
(0.036376) CudaRuntime.cpp:142:  Mapping parameter at offset 0 of size 8 to offset 0 of size 8
   data = 0x00 0x2b 0x3b 0x02 0x00 0x00 0x00 0x00 
(0.036395) CudaRuntime.cpp:142:  Mapping parameter at offset 8 of size 8 to offset 8 of size 8
   data = 0x00 0x1a 0x3b 0x02 0x00 0x00 0x00 0x00 
(0.036415) CudaRuntime.cpp:142:  Mapping parameter at offset 16 of size 4 to offset 16 of size 4
   data = 0x20 0x00 0x00 0x00 
(0.036435) CudaRuntime.cpp:142:  Mapping parameter at offset 20 of size 4 to offset 20 of size 4
   data = 0x20 0x00 0x00 0x00 
(0.036442) CudaRuntime.cpp:2685: kernel launch (_Z13copySharedMemPfS_ii) on thread 0x23aaec0
(0.036458) CudaRuntime.cpp:2706:  launch completed successfully
(0.045853) CudaRuntime.cpp:2609: cudaConfigureCall()
(0.045871) CudaRuntime.cpp:2631: cudaSetupArgument() - offset 0, size 8
(0.045881) CudaRuntime.cpp:2631: cudaSetupArgument() - offset 8, size 8
(0.045890) CudaRuntime.cpp:2631: cudaSetupArgument() - offset 16, size 4
(0.045899) CudaRuntime.cpp:2631: cudaSetupArgument() - offset 20, size 4
(0.045923) CudaRuntime.cpp:142:  Mapping parameter at offset 0 of size 8 to offset 0 of size 8
   data = 0x00 0x2b 0x3b 0x02 0x00 0x00 0x00 0x00 
(0.045937) CudaRuntime.cpp:142:  Mapping parameter at offset 8 of size 8 to offset 8 of size 8
   data = 0x00 0x1a 0x3b 0x02 0x00 0x00 0x00 0x00 
(0.045949) CudaRuntime.cpp:142:  Mapping parameter at offset 16 of size 4 to offset 16 of size 4
   data = 0x20 0x00 0x00 0x00 
(0.045961) CudaRuntime.cpp:142:  Mapping parameter at offset 20 of size 4 to offset 20 of size 4
   data = 0x20 0x00 0x00 0x00 
(0.045971) CudaRuntime.cpp:2685: kernel launch (_Z13copySharedMemPfS_ii) on thread 0x23aaec0
(0.045989) CudaRuntime.cpp:2706:  launch completed successfully
(0.051768) CudaRuntime.cpp:2609: cudaConfigureCall()
(0.051782) CudaRuntime.cpp:2631: cudaSetupArgument() - offset 0, size 8
(0.051796) CudaRuntime.cpp:2631: cudaSetupArgument() - offset 8, size 8
(0.051806) CudaRuntime.cpp:2631: cudaSetupArgument() - offset 16, size 4
(0.051812) CudaRuntime.cpp:2631: cudaSetupArgument() - offset 20, size 4
(0.051835) CudaRuntime.cpp:142:  Mapping parameter at offset 0 of size 8 to offset 0 of size 8
   data = 0x00 0x2b 0x3b 0x02 0x00 0x00 0x00 0x00 
(0.051853) CudaRuntime.cpp:142:  Mapping parameter at offset 8 of size 8 to offset 8 of size 8
   data = 0x00 0x1a 0x3b 0x02 0x00 0x00 0x00 0x00 
(0.051861) CudaRuntime.cpp:142:  Mapping parameter at offset 16 of size 4 to offset 16 of size 4
   data = 0x20 0x00 0x00 0x00 
(0.051869) CudaRuntime.cpp:142:  Mapping parameter at offset 20 of size 4 to offset 20 of size 4
   data = 0x20 0x00 0x00 0x00 
(0.051877) CudaRuntime.cpp:2685: kernel launch (_Z13copySharedMemPfS_ii) on thread 0x23aaec0
(0.051897) CudaRuntime.cpp:2706:  launch completed successfully
(0.061007) CudaRuntime.cpp:1131: cudaMemcpy(0x23af7f0, 0x23b2b00, 4096)
(0.061023) CudaRuntime.cpp:215:    _memcpy(0x23af7f0, 0x23b2b00, 4096 bytes) d-to-h
(0.061049) CudaRuntime.cpp:1131: cudaMemcpy(0x23af7f0, 0x23b2b00, 4096)
(0.061057) CudaRuntime.cpp:215:    _memcpy(0x23af7f0, 0x23b2b00, 4096 bytes) d-to-h
transpose shared memory copy, Throughput = 0.0009 GB/s, Time = 8.23355 ms, Size = 1024 fp32 elements, NumDevsUsed = 1, Workgroup = 256
(0.061078) CudaRuntime.cpp:2609: cudaConfigureCall()
(0.061083) CudaRuntime.cpp:2631: cudaSetupArgument() - offset 0, size 8
(0.061087) CudaRuntime.cpp:2631: cudaSetupArgument() - offset 8, size 8
(0.061091) CudaRuntime.cpp:2631: cudaSetupArgument() - offset 16, size 4
(0.061095) CudaRuntime.cpp:2631: cudaSetupArgument() - offset 20, size 4
(0.061108) CudaRuntime.cpp:142:  Mapping parameter at offset 0 of size 8 to offset 0 of size 8
   data = 0x00 0x2b 0x3b 0x02 0x00 0x00 0x00 0x00 
(0.061113) CudaRuntime.cpp:142:  Mapping parameter at offset 8 of size 8 to offset 8 of size 8
   data = 0x00 0x1a 0x3b 0x02 0x00 0x00 0x00 0x00 
(0.061118) CudaRuntime.cpp:142:  Mapping parameter at offset 16 of size 4 to offset 16 of size 4
   data = 0x20 0x00 0x00 0x00 
(0.061122) CudaRuntime.cpp:142:  Mapping parameter at offset 20 of size 4 to offset 20 of size 4
   data = 0x20 0x00 0x00 0x00 
(0.061126) CudaRuntime.cpp:2685: kernel launch (_Z14transposeNaivePfS_ii) on thread 0x23aaec0
(0.061135) CudaRuntime.cpp:2706:  launch completed successfully
(0.065900) CudaRuntime.cpp:2609: cudaConfigureCall()
(0.065911) CudaRuntime.cpp:2631: cudaSetupArgument() - offset 0, size 8
(0.065918) CudaRuntime.cpp:2631: cudaSetupArgument() - offset 8, size 8
(0.065925) CudaRuntime.cpp:2631: cudaSetupArgument() - offset 16, size 4
(0.065933) CudaRuntime.cpp:2631: cudaSetupArgument() - offset 20, size 4
(0.065949) CudaRuntime.cpp:142:  Mapping parameter at offset 0 of size 8 to offset 0 of size 8
   data = 0x00 0x2b 0x3b 0x02 0x00 0x00 0x00 0x00 
(0.065961) CudaRuntime.cpp:142:  Mapping parameter at offset 8 of size 8 to offset 8 of size 8
   data = 0x00 0x1a 0x3b 0x02 0x00 0x00 0x00 0x00 
(0.065972) CudaRuntime.cpp:142:  Mapping parameter at offset 16 of size 4 to offset 16 of size 4
   data = 0x20 0x00 0x00 0x00 
(0.065982) CudaRuntime.cpp:142:  Mapping parameter at offset 20 of size 4 to offset 20 of size 4
   data = 0x20 0x00 0x00 0x00 
(0.065990) CudaRuntime.cpp:2685: kernel launch (_Z14transposeNaivePfS_ii) on thread 0x23aaec0
(0.066002) CudaRuntime.cpp:2706:  launch completed successfully
(0.070422) CudaRuntime.cpp:2609: cudaConfigureCall()
(0.070427) CudaRuntime.cpp:2631: cudaSetupArgument() - offset 0, size 8
(0.070430) CudaRuntime.cpp:2631: cudaSetupArgument() - offset 8, size 8
(0.070434) CudaRuntime.cpp:2631: cudaSetupArgument() - offset 16, size 4
(0.070437) CudaRuntime.cpp:2631: cudaSetupArgument() - offset 20, size 4
(0.070446) CudaRuntime.cpp:142:  Mapping parameter at offset 0 of size 8 to offset 0 of size 8
   data = 0x00 0x2b 0x3b 0x02 0x00 0x00 0x00 0x00 
(0.070451) CudaRuntime.cpp:142:  Mapping parameter at offset 8 of size 8 to offset 8 of size 8
   data = 0x00 0x1a 0x3b 0x02 0x00 0x00 0x00 0x00 
(0.070455) CudaRuntime.cpp:142:  Mapping parameter at offset 16 of size 4 to offset 16 of size 4
   data = 0x20 0x00 0x00 0x00 
(0.070460) CudaRuntime.cpp:142:  Mapping parameter at offset 20 of size 4 to offset 20 of size 4
   data = 0x20 0x00 0x00 0x00 
(0.070463) CudaRuntime.cpp:2685: kernel launch (_Z14transposeNaivePfS_ii) on thread 0x23aaec0
(0.070470) CudaRuntime.cpp:2706:  launch completed successfully
(0.074256) CudaRuntime.cpp:2609: cudaConfigureCall()
(0.074264) CudaRuntime.cpp:2631: cudaSetupArgument() - offset 0, size 8
(0.074268) CudaRuntime.cpp:2631: cudaSetupArgument() - offset 8, size 8
(0.074271) CudaRuntime.cpp:2631: cudaSetupArgument() - offset 16, size 4
(0.074274) CudaRuntime.cpp:2631: cudaSetupArgument() - offset 20, size 4
(0.074286) CudaRuntime.cpp:142:  Mapping parameter at offset 0 of size 8 to offset 0 of size 8
   data = 0x00 0x2b 0x3b 0x02 0x00 0x00 0x00 0x00 
(0.074291) CudaRuntime.cpp:142:  Mapping parameter at offset 8 of size 8 to offset 8 of size 8
   data = 0x00 0x1a 0x3b 0x02 0x00 0x00 0x00 0x00 
(0.074301) CudaRuntime.cpp:142:  Mapping parameter at offset 16 of size 4 to offset 16 of size 4
   data = 0x20 0x00 0x00 0x00 
(0.074306) CudaRuntime.cpp:142:  Mapping parameter at offset 20 of size 4 to offset 20 of size 4
   data = 0x20 0x00 0x00 0x00 
(0.074310) CudaRuntime.cpp:2685: kernel launch (_Z14transposeNaivePfS_ii) on thread 0x23aaec0
(0.074319) CudaRuntime.cpp:2706:  launch completed successfully
(0.077642) CudaRuntime.cpp:1131: cudaMemcpy(0x23af7f0, 0x23b2b00, 4096)
(0.077648) CudaRuntime.cpp:215:    _memcpy(0x23af7f0, 0x23b2b00, 4096 bytes) d-to-h
(0.077659) CudaRuntime.cpp:1131: cudaMemcpy(0x23af7f0, 0x23b2b00, 4096)
(0.077662) CudaRuntime.cpp:215:    _memcpy(0x23af7f0, 0x23b2b00, 4096 bytes) d-to-h
transpose naive             , Throughput = 0.0019 GB/s, Time = 3.91539 ms, Size = 1024 fp32 elements, NumDevsUsed = 1, Workgroup = 256
(0.077673) CudaRuntime.cpp:2609: cudaConfigureCall()
(0.077677) CudaRuntime.cpp:2631: cudaSetupArgument() - offset 0, size 8
(0.077680) CudaRuntime.cpp:2631: cudaSetupArgument() - offset 8, size 8
(0.077683) CudaRuntime.cpp:2631: cudaSetupArgument() - offset 16, size 4
(0.077687) CudaRuntime.cpp:2631: cudaSetupArgument() - offset 20, size 4
(0.077696) CudaRuntime.cpp:142:  Mapping parameter at offset 0 of size 8 to offset 0 of size 8
   data = 0x00 0x2b 0x3b 0x02 0x00 0x00 0x00 0x00 
(0.077701) CudaRuntime.cpp:142:  Mapping parameter at offset 8 of size 8 to offset 8 of size 8
   data = 0x00 0x1a 0x3b 0x02 0x00 0x00 0x00 0x00 
(0.077706) CudaRuntime.cpp:142:  Mapping parameter at offset 16 of size 4 to offset 16 of size 4
   data = 0x20 0x00 0x00 0x00 
(0.077710) CudaRuntime.cpp:142:  Mapping parameter at offset 20 of size 4 to offset 20 of size 4
   data = 0x20 0x00 0x00 0x00 
(0.077714) CudaRuntime.cpp:2685: kernel launch (_Z18transposeCoalescedPfS_ii) on thread 0x23aaec0
(0.077721) CudaRuntime.cpp:2706:  launch completed successfully
(0.081711) CudaRuntime.cpp:2609: cudaConfigureCall()
(0.081717) CudaRuntime.cpp:2631: cudaSetupArgument() - offset 0, size 8
(0.081722) CudaRuntime.cpp:2631: cudaSetupArgument() - offset 8, size 8
(0.081726) CudaRuntime.cpp:2631: cudaSetupArgument() - offset 16, size 4
(0.081730) CudaRuntime.cpp:2631: cudaSetupArgument() - offset 20, size 4
(0.081742) CudaRuntime.cpp:142:  Mapping parameter at offset 0 of size 8 to offset 0 of size 8
   data = 0x00 0x2b 0x3b 0x02 0x00 0x00 0x00 0x00 
(0.081764) CudaRuntime.cpp:142:  Mapping parameter at offset 8 of size 8 to offset 8 of size 8
   data = 0x00 0x1a 0x3b 0x02 0x00 0x00 0x00 0x00 
(0.081774) CudaRuntime.cpp:142:  Mapping parameter at offset 16 of size 4 to offset 16 of size 4
   data = 0x20 0x00 0x00 0x00 
(0.081784) CudaRuntime.cpp:142:  Mapping parameter at offset 20 of size 4 to offset 20 of size 4
   data = 0x20 0x00 0x00 0x00 
(0.081793) CudaRuntime.cpp:2685: kernel launch (_Z18transposeCoalescedPfS_ii) on thread 0x23aaec0
(0.081810) CudaRuntime.cpp:2706:  launch completed successfully
(0.085190) CudaRuntime.cpp:2609: cudaConfigureCall()
(0.085196) CudaRuntime.cpp:2631: cudaSetupArgument() - offset 0, size 8
(0.085200) CudaRuntime.cpp:2631: cudaSetupArgument() - offset 8, size 8
(0.085204) CudaRuntime.cpp:2631: cudaSetupArgument() - offset 16, size 4
(0.085208) CudaRuntime.cpp:2631: cudaSetupArgument() - offset 20, size 4
(0.085218) CudaRuntime.cpp:142:  Mapping parameter at offset 0 of size 8 to offset 0 of size 8
   data = 0x00 0x2b 0x3b 0x02 0x00 0x00 0x00 0x00 
(0.085224) CudaRuntime.cpp:142:  Mapping parameter at offset 8 of size 8 to offset 8 of size 8
   data = 0x00 0x1a 0x3b 0x02 0x00 0x00 0x00 0x00 
(0.085230) CudaRuntime.cpp:142:  Mapping parameter at offset 16 of size 4 to offset 16 of size 4
   data = 0x20 0x00 0x00 0x00 
(0.085235) CudaRuntime.cpp:142:  Mapping parameter at offset 20 of size 4 to offset 20 of size 4
   data = 0x20 0x00 0x00 0x00 
(0.085240) CudaRuntime.cpp:2685: kernel launch (_Z18transposeCoalescedPfS_ii) on thread 0x23aaec0
(0.085248) CudaRuntime.cpp:2706:  launch completed successfully
(0.092109) CudaRuntime.cpp:2609: cudaConfigureCall()
(0.092122) CudaRuntime.cpp:2631: cudaSetupArgument() - offset 0, size 8
(0.092138) CudaRuntime.cpp:2631: cudaSetupArgument() - offset 8, size 8
(0.092144) CudaRuntime.cpp:2631: cudaSetupArgument() - offset 16, size 4
(0.092150) CudaRuntime.cpp:2631: cudaSetupArgument() - offset 20, size 4
(0.092169) CudaRuntime.cpp:142:  Mapping parameter at offset 0 of size 8 to offset 0 of size 8
   data = 0x00 0x2b 0x3b 0x02 0x00 0x00 0x00 0x00 
(0.092178) CudaRuntime.cpp:142:  Mapping parameter at offset 8 of size 8 to offset 8 of size 8
   data = 0x00 0x1a 0x3b 0x02 0x00 0x00 0x00 0x00 
(0.092187) CudaRuntime.cpp:142:  Mapping parameter at offset 16 of size 4 to offset 16 of size 4
   data = 0x20 0x00 0x00 0x00 
(0.092196) CudaRuntime.cpp:142:  Mapping parameter at offset 20 of size 4 to offset 20 of size 4
   data = 0x20 0x00 0x00 0x00 
(0.092202) CudaRuntime.cpp:2685: kernel launch (_Z18transposeCoalescedPfS_ii) on thread 0x23aaec0
(0.092216) CudaRuntime.cpp:2706:  launch completed successfully
(0.096121) CudaRuntime.cpp:1131: cudaMemcpy(0x23af7f0, 0x23b2b00, 4096)
(0.096142) CudaRuntime.cpp:215:    _memcpy(0x23af7f0, 0x23b2b00, 4096 bytes) d-to-h
(0.096174) CudaRuntime.cpp:1131: cudaMemcpy(0x23af7f0, 0x23b2b00, 4096)
(0.096188) CudaRuntime.cpp:215:    _memcpy(0x23af7f0, 0x23b2b00, 4096 bytes) d-to-h
transpose coalesced         , Throughput = 0.0016 GB/s, Time = 4.79794 ms, Size = 1024 fp32 elements, NumDevsUsed = 1, Workgroup = 256
(0.096214) CudaRuntime.cpp:2609: cudaConfigureCall()
(0.096227) CudaRuntime.cpp:2631: cudaSetupArgument() - offset 0, size 8
(0.096241) CudaRuntime.cpp:2631: cudaSetupArgument() - offset 8, size 8
(0.096257) CudaRuntime.cpp:2631: cudaSetupArgument() - offset 16, size 4
(0.096273) CudaRuntime.cpp:2631: cudaSetupArgument() - offset 20, size 4
(0.096303) CudaRuntime.cpp:142:  Mapping parameter at offset 0 of size 8 to offset 0 of size 8
   data = 0x00 0x2b 0x3b 0x02 0x00 0x00 0x00 0x00 
(0.096326) CudaRuntime.cpp:142:  Mapping parameter at offset 8 of size 8 to offset 8 of size 8
   data = 0x00 0x1a 0x3b 0x02 0x00 0x00 0x00 0x00 
(0.096347) CudaRuntime.cpp:142:  Mapping parameter at offset 16 of size 4 to offset 16 of size 4
   data = 0x20 0x00 0x00 0x00 
(0.096368) CudaRuntime.cpp:142:  Mapping parameter at offset 20 of size 4 to offset 20 of size 4
   data = 0x20 0x00 0x00 0x00 
(0.096388) CudaRuntime.cpp:2685: kernel launch (_Z24transposeNoBankConflictsPfS_ii) on thread 0x23aaec0
(0.096411) CudaRuntime.cpp:2706:  launch completed successfully
(0.100969) CudaRuntime.cpp:2609: cudaConfigureCall()
(0.100980) CudaRuntime.cpp:2631: cudaSetupArgument() - offset 0, size 8
(0.100987) CudaRuntime.cpp:2631: cudaSetupArgument() - offset 8, size 8
(0.100992) CudaRuntime.cpp:2631: cudaSetupArgument() - offset 16, size 4
(0.100998) CudaRuntime.cpp:2631: cudaSetupArgument() - offset 20, size 4
(0.101014) CudaRuntime.cpp:142:  Mapping parameter at offset 0 of size 8 to offset 0 of size 8
   data = 0x00 0x2b 0x3b 0x02 0x00 0x00 0x00 0x00 
(0.101023) CudaRuntime.cpp:142:  Mapping parameter at offset 8 of size 8 to offset 8 of size 8
   data = 0x00 0x1a 0x3b 0x02 0x00 0x00 0x00 0x00 
(0.101032) CudaRuntime.cpp:142:  Mapping parameter at offset 16 of size 4 to offset 16 of size 4
   data = 0x20 0x00 0x00 0x00 
(0.101041) CudaRuntime.cpp:142:  Mapping parameter at offset 20 of size 4 to offset 20 of size 4
   data = 0x20 0x00 0x00 0x00 
(0.101048) CudaRuntime.cpp:2685: kernel launch (_Z24transposeNoBankConflictsPfS_ii) on thread 0x23aaec0
(0.101061) CudaRuntime.cpp:2706:  launch completed successfully
(0.104974) CudaRuntime.cpp:2609: cudaConfigureCall()
(0.104986) CudaRuntime.cpp:2631: cudaSetupArgument() - offset 0, size 8
(0.104993) CudaRuntime.cpp:2631: cudaSetupArgument() - offset 8, size 8
(0.104998) CudaRuntime.cpp:2631: cudaSetupArgument() - offset 16, size 4
(0.105005) CudaRuntime.cpp:2631: cudaSetupArgument() - offset 20, size 4
(0.105022) CudaRuntime.cpp:142:  Mapping parameter at offset 0 of size 8 to offset 0 of size 8
   data = 0x00 0x2b 0x3b 0x02 0x00 0x00 0x00 0x00 
(0.105032) CudaRuntime.cpp:142:  Mapping parameter at offset 8 of size 8 to offset 8 of size 8
   data = 0x00 0x1a 0x3b 0x02 0x00 0x00 0x00 0x00 
(0.105049) CudaRuntime.cpp:142:  Mapping parameter at offset 16 of size 4 to offset 16 of size 4
   data = 0x20 0x00 0x00 0x00 
(0.105058) CudaRuntime.cpp:142:  Mapping parameter at offset 20 of size 4 to offset 20 of size 4
   data = 0x20 0x00 0x00 0x00 
(0.105065) CudaRuntime.cpp:2685: kernel launch (_Z24transposeNoBankConflictsPfS_ii) on thread 0x23aaec0
(0.105078) CudaRuntime.cpp:2706:  launch completed successfully
(0.111700) CudaRuntime.cpp:2609: cudaConfigureCall()
(0.111717) CudaRuntime.cpp:2631: cudaSetupArgument() - offset 0, size 8
(0.111726) CudaRuntime.cpp:2631: cudaSetupArgument() - offset 8, size 8
(0.111735) CudaRuntime.cpp:2631: cudaSetupArgument() - offset 16, size 4
(0.111743) CudaRuntime.cpp:2631: cudaSetupArgument() - offset 20, size 4
(0.111766) CudaRuntime.cpp:142:  Mapping parameter at offset 0 of size 8 to offset 0 of size 8
   data = 0x00 0x2b 0x3b 0x02 0x00 0x00 0x00 0x00 
(0.111779) CudaRuntime.cpp:142:  Mapping parameter at offset 8 of size 8 to offset 8 of size 8
   data = 0x00 0x1a 0x3b 0x02 0x00 0x00 0x00 0x00 
(0.111790) CudaRuntime.cpp:142:  Mapping parameter at offset 16 of size 4 to offset 16 of size 4
   data = 0x20 0x00 0x00 0x00 
(0.111802) CudaRuntime.cpp:142:  Mapping parameter at offset 20 of size 4 to offset 20 of size 4
   data = 0x20 0x00 0x00 0x00 
(0.111811) CudaRuntime.cpp:2685: kernel launch (_Z24transposeNoBankConflictsPfS_ii) on thread 0x23aaec0
(0.111829) CudaRuntime.cpp:2706:  launch completed successfully
(0.116650) CudaRuntime.cpp:1131: cudaMemcpy(0x23af7f0, 0x23b2b00, 4096)
(0.116667) CudaRuntime.cpp:215:    _memcpy(0x23af7f0, 0x23b2b00, 4096 bytes) d-to-h
(0.116692) CudaRuntime.cpp:1131: cudaMemcpy(0x23af7f0, 0x23b2b00, 4096)
(0.116711) CudaRuntime.cpp:215:    _memcpy(0x23af7f0, 0x23b2b00, 4096 bytes) d-to-h
transpose optimized         , Throughput = 0.0015 GB/s, Time = 5.22335 ms, Size = 1024 fp32 elements, NumDevsUsed = 1, Workgroup = 256
(0.116763) CudaRuntime.cpp:2609: cudaConfigureCall()
(0.116785) CudaRuntime.cpp:2631: cudaSetupArgument() - offset 0, size 8
(0.116805) CudaRuntime.cpp:2631: cudaSetupArgument() - offset 8, size 8
(0.116826) CudaRuntime.cpp:2631: cudaSetupArgument() - offset 16, size 4
(0.116847) CudaRuntime.cpp:2631: cudaSetupArgument() - offset 20, size 4
(0.116893) CudaRuntime.cpp:142:  Mapping parameter at offset 0 of size 8 to offset 0 of size 8
   data = 0x00 0x2b 0x3b 0x02 0x00 0x00 0x00 0x00 
(0.116936) CudaRuntime.cpp:142:  Mapping parameter at offset 8 of size 8 to offset 8 of size 8
   data = 0x00 0x1a 0x3b 0x02 0x00 0x00 0x00 0x00 
(0.116966) CudaRuntime.cpp:142:  Mapping parameter at offset 16 of size 4 to offset 16 of size 4
   data = 0x20 0x00 0x00 0x00 
(0.117001) CudaRuntime.cpp:142:  Mapping parameter at offset 20 of size 4 to offset 20 of size 4
   data = 0x20 0x00 0x00 0x00 
(0.117027) CudaRuntime.cpp:2685: kernel launch (_Z22transposeCoarseGrainedPfS_ii) on thread 0x23aaec0
(0.117064) CudaRuntime.cpp:2706:  launch completed successfully
(0.120245) CudaRuntime.cpp:2609: cudaConfigureCall()
(0.120257) CudaRuntime.cpp:2631: cudaSetupArgument() - offset 0, size 8
(0.120265) CudaRuntime.cpp:2631: cudaSetupArgument() - offset 8, size 8
(0.120273) CudaRuntime.cpp:2631: cudaSetupArgument() - offset 16, size 4
(0.120281) CudaRuntime.cpp:2631: cudaSetupArgument() - offset 20, size 4
(0.120299) CudaRuntime.cpp:142:  Mapping parameter at offset 0 of size 8 to offset 0 of size 8
   data = 0x00 0x2b 0x3b 0x02 0x00 0x00 0x00 0x00 
(0.120311) CudaRuntime.cpp:142:  Mapping parameter at offset 8 of size 8 to offset 8 of size 8
   data = 0x00 0x1a 0x3b 0x02 0x00 0x00 0x00 0x00 
(0.120322) CudaRuntime.cpp:142:  Mapping parameter at offset 16 of size 4 to offset 16 of size 4
   data = 0x20 0x00 0x00 0x00 
(0.120334) CudaRuntime.cpp:142:  Mapping parameter at offset 20 of size 4 to offset 20 of size 4
   data = 0x20 0x00 0x00 0x00 
(0.120342) CudaRuntime.cpp:2685: kernel launch (_Z22transposeCoarseGrainedPfS_ii) on thread 0x23aaec0
(0.120359) CudaRuntime.cpp:2706:  launch completed successfully
(0.125775) CudaRuntime.cpp:2609: cudaConfigureCall()
(0.125799) CudaRuntime.cpp:2631: cudaSetupArgument() - offset 0, size 8
(0.125809) CudaRuntime.cpp:2631: cudaSetupArgument() - offset 8, size 8
(0.125816) CudaRuntime.cpp:2631: cudaSetupArgument() - offset 16, size 4
(0.125824) CudaRuntime.cpp:2631: cudaSetupArgument() - offset 20, size 4
(0.125848) CudaRuntime.cpp:142:  Mapping parameter at offset 0 of size 8 to offset 0 of size 8
   data = 0x00 0x2b 0x3b 0x02 0x00 0x00 0x00 0x00 
(0.125861) CudaRuntime.cpp:142:  Mapping parameter at offset 8 of size 8 to offset 8 of size 8
   data = 0x00 0x1a 0x3b 0x02 0x00 0x00 0x00 0x00 
(0.125871) CudaRuntime.cpp:142:  Mapping parameter at offset 16 of size 4 to offset 16 of size 4
   data = 0x20 0x00 0x00 0x00 
(0.125882) CudaRuntime.cpp:142:  Mapping parameter at offset 20 of size 4 to offset 20 of size 4
   data = 0x20 0x00 0x00 0x00 
(0.125890) CudaRuntime.cpp:2685: kernel launch (_Z22transposeCoarseGrainedPfS_ii) on thread 0x23aaec0
(0.125909) CudaRuntime.cpp:2706:  launch completed successfully
(0.154833) CudaRuntime.cpp:2609: cudaConfigureCall()
(0.154867) CudaRuntime.cpp:2631: cudaSetupArgument() - offset 0, size 8
(0.154893) CudaRuntime.cpp:2631: cudaSetupArgument() - offset 8, size 8
(0.154917) CudaRuntime.cpp:2631: cudaSetupArgument() - offset 16, size 4
(0.154942) CudaRuntime.cpp:2631: cudaSetupArgument() - offset 20, size 4
(0.154994) CudaRuntime.cpp:142:  Mapping parameter at offset 0 of size 8 to offset 0 of size 8
   data = 0x00 0x2b 0x3b 0x02 0x00 0x00 0x00 0x00 
(0.155033) CudaRuntime.cpp:142:  Mapping parameter at offset 8 of size 8 to offset 8 of size 8
   data = 0x00 0x1a 0x3b 0x02 0x00 0x00 0x00 0x00 
(0.155068) CudaRuntime.cpp:142:  Mapping parameter at offset 16 of size 4 to offset 16 of size 4
   data = 0x20 0x00 0x00 0x00 
(0.155102) CudaRuntime.cpp:142:  Mapping parameter at offset 20 of size 4 to offset 20 of size 4
   data = 0x20 0x00 0x00 0x00 
(0.155129) CudaRuntime.cpp:2685: kernel launch (_Z22transposeCoarseGrainedPfS_ii) on thread 0x23aaec0
(0.155167) CudaRuntime.cpp:2706:  launch completed successfully
(0.168005) CudaRuntime.cpp:1131: cudaMemcpy(0x23af7f0, 0x23b2b00, 4096)
(0.168034) CudaRuntime.cpp:215:    _memcpy(0x23af7f0, 0x23b2b00, 4096 bytes) d-to-h
(0.168078) CudaRuntime.cpp:1131: cudaMemcpy(0x23af7f0, 0x23b2b00, 4096)
(0.168101) CudaRuntime.cpp:215:    _memcpy(0x23af7f0, 0x23b2b00, 4096 bytes) d-to-h
transpose coarse-grained    , Throughput = 0.0005 GB/s, Time = 15.91269 ms, Size = 1024 fp32 elements, NumDevsUsed = 1, Workgroup = 256
(0.168153) CudaRuntime.cpp:2609: cudaConfigureCall()
(0.168174) CudaRuntime.cpp:2631: cudaSetupArgument() - offset 0, size 8
(0.168204) CudaRuntime.cpp:2631: cudaSetupArgument() - offset 8, size 8
(0.168229) CudaRuntime.cpp:2631: cudaSetupArgument() - offset 16, size 4
(0.168254) CudaRuntime.cpp:2631: cudaSetupArgument() - offset 20, size 4
(0.168284) CudaRuntime.cpp:142:  Mapping parameter at offset 0 of size 8 to offset 0 of size 8
   data = 0x00 0x2b 0x3b 0x02 0x00 0x00 0x00 0x00 
(0.168315) CudaRuntime.cpp:142:  Mapping parameter at offset 8 of size 8 to offset 8 of size 8
   data = 0x00 0x1a 0x3b 0x02 0x00 0x00 0x00 0x00 
(0.168329) CudaRuntime.cpp:142:  Mapping parameter at offset 16 of size 4 to offset 16 of size 4
   data = 0x20 0x00 0x00 0x00 
(0.168344) CudaRuntime.cpp:142:  Mapping parameter at offset 20 of size 4 to offset 20 of size 4
   data = 0x20 0x00 0x00 0x00 
(0.168356) CudaRuntime.cpp:2685: kernel launch (_Z20transposeFineGrainedPfS_ii) on thread 0x23aaec0
(0.168387) CudaRuntime.cpp:2706:  launch completed successfully
(0.185375) CudaRuntime.cpp:2609: cudaConfigureCall()
(0.185396) CudaRuntime.cpp:2631: cudaSetupArgument() - offset 0, size 8
(0.185408) CudaRuntime.cpp:2631: cudaSetupArgument() - offset 8, size 8
(0.185414) CudaRuntime.cpp:2631: cudaSetupArgument() - offset 16, size 4
(0.185424) CudaRuntime.cpp:2631: cudaSetupArgument() - offset 20, size 4
(0.185448) CudaRuntime.cpp:142:  Mapping parameter at offset 0 of size 8 to offset 0 of size 8
   data = 0x00 0x2b 0x3b 0x02 0x00 0x00 0x00 0x00 
(0.185467) CudaRuntime.cpp:142:  Mapping parameter at offset 8 of size 8 to offset 8 of size 8
   data = 0x00 0x1a 0x3b 0x02 0x00 0x00 0x00 0x00 
(0.185476) CudaRuntime.cpp:142:  Mapping parameter at offset 16 of size 4 to offset 16 of size 4
   data = 0x20 0x00 0x00 0x00 
(0.185485) CudaRuntime.cpp:142:  Mapping parameter at offset 20 of size 4 to offset 20 of size 4
   data = 0x20 0x00 0x00 0x00 
(0.185493) CudaRuntime.cpp:2685: kernel launch (_Z20transposeFineGrainedPfS_ii) on thread 0x23aaec0
(0.185510) CudaRuntime.cpp:2706:  launch completed successfully
(0.195114) CudaRuntime.cpp:2609: cudaConfigureCall()
(0.195130) CudaRuntime.cpp:2631: cudaSetupArgument() - offset 0, size 8
(0.195141) CudaRuntime.cpp:2631: cudaSetupArgument() - offset 8, size 8
(0.195151) CudaRuntime.cpp:2631: cudaSetupArgument() - offset 16, size 4
(0.195160) CudaRuntime.cpp:2631: cudaSetupArgument() - offset 20, size 4
(0.195184) CudaRuntime.cpp:142:  Mapping parameter at offset 0 of size 8 to offset 0 of size 8
   data = 0x00 0x2b 0x3b 0x02 0x00 0x00 0x00 0x00 
(0.195200) CudaRuntime.cpp:142:  Mapping parameter at offset 8 of size 8 to offset 8 of size 8
   data = 0x00 0x1a 0x3b 0x02 0x00 0x00 0x00 0x00 
(0.195214) CudaRuntime.cpp:142:  Mapping parameter at offset 16 of size 4 to offset 16 of size 4
   data = 0x20 0x00 0x00 0x00 
(0.195228) CudaRuntime.cpp:142:  Mapping parameter at offset 20 of size 4 to offset 20 of size 4
   data = 0x20 0x00 0x00 0x00 
(0.195239) CudaRuntime.cpp:2685: kernel launch (_Z20transposeFineGrainedPfS_ii) on thread 0x23aaec0
(0.195256) CudaRuntime.cpp:2706:  launch completed successfully
(0.205224) CudaRuntime.cpp:2609: cudaConfigureCall()
(0.205241) CudaRuntime.cpp:2631: cudaSetupArgument() - offset 0, size 8
(0.205255) CudaRuntime.cpp:2631: cudaSetupArgument() - offset 8, size 8
(0.205268) CudaRuntime.cpp:2631: cudaSetupArgument() - offset 16, size 4
(0.205281) CudaRuntime.cpp:2631: cudaSetupArgument() - offset 20, size 4
(0.205311) CudaRuntime.cpp:142:  Mapping parameter at offset 0 of size 8 to offset 0 of size 8
   data = 0x00 0x2b 0x3b 0x02 0x00 0x00 0x00 0x00 
(0.205332) CudaRuntime.cpp:142:  Mapping parameter at offset 8 of size 8 to offset 8 of size 8
   data = 0x00 0x1a 0x3b 0x02 0x00 0x00 0x00 0x00 
(0.205350) CudaRuntime.cpp:142:  Mapping parameter at offset 16 of size 4 to offset 16 of size 4
   data = 0x20 0x00 0x00 0x00 
(0.205369) CudaRuntime.cpp:142:  Mapping parameter at offset 20 of size 4 to offset 20 of size 4
   data = 0x20 0x00 0x00 0x00 
(0.205384) CudaRuntime.cpp:2685: kernel launch (_Z20transposeFineGrainedPfS_ii) on thread 0x23aaec0
(0.205405) CudaRuntime.cpp:2706:  launch completed successfully
(0.209524) CudaRuntime.cpp:1131: cudaMemcpy(0x23af7f0, 0x23b2b00, 4096)
(0.209532) CudaRuntime.cpp:215:    _memcpy(0x23af7f0, 0x23b2b00, 4096 bytes) d-to-h
(0.209546) CudaRuntime.cpp:1131: cudaMemcpy(0x23af7f0, 0x23b2b00, 4096)
(0.209551) CudaRuntime.cpp:215:    _memcpy(0x23af7f0, 0x23b2b00, 4096 bytes) d-to-h
transpose fine-grained      , Throughput = 0.0009 GB/s, Time = 8.05505 ms, Size = 1024 fp32 elements, NumDevsUsed = 1, Workgroup = 256
(0.209567) CudaRuntime.cpp:2609: cudaConfigureCall()
(0.209572) CudaRuntime.cpp:2631: cudaSetupArgument() - offset 0, size 8
(0.209577) CudaRuntime.cpp:2631: cudaSetupArgument() - offset 8, size 8
(0.209581) CudaRuntime.cpp:2631: cudaSetupArgument() - offset 16, size 4
(0.209585) CudaRuntime.cpp:2631: cudaSetupArgument() - offset 20, size 4
(0.209598) CudaRuntime.cpp:142:  Mapping parameter at offset 0 of size 8 to offset 0 of size 8
   data = 0x00 0x2b 0x3b 0x02 0x00 0x00 0x00 0x00 
(0.209605) CudaRuntime.cpp:142:  Mapping parameter at offset 8 of size 8 to offset 8 of size 8
   data = 0x00 0x1a 0x3b 0x02 0x00 0x00 0x00 0x00 
(0.209610) CudaRuntime.cpp:142:  Mapping parameter at offset 16 of size 4 to offset 16 of size 4
   data = 0x20 0x00 0x00 0x00 
(0.209617) CudaRuntime.cpp:142:  Mapping parameter at offset 20 of size 4 to offset 20 of size 4
   data = 0x20 0x00 0x00 0x00 
(0.209621) CudaRuntime.cpp:2685: kernel launch (_Z17transposeDiagonalPfS_ii) on thread 0x23aaec0
(0.209638) CudaRuntime.cpp:2706:  launch completed successfully
(0.213390) CudaRuntime.cpp:2609: cudaConfigureCall()
(0.213413) CudaRuntime.cpp:2631: cudaSetupArgument() - offset 0, size 8
(0.213435) CudaRuntime.cpp:2631: cudaSetupArgument() - offset 8, size 8
(0.213453) CudaRuntime.cpp:2631: cudaSetupArgument() - offset 16, size 4
(0.213471) CudaRuntime.cpp:2631: cudaSetupArgument() - offset 20, size 4
(0.213510) CudaRuntime.cpp:142:  Mapping parameter at offset 0 of size 8 to offset 0 of size 8
   data = 0x00 0x2b 0x3b 0x02 0x00 0x00 0x00 0x00 
(0.213539) CudaRuntime.cpp:142:  Mapping parameter at offset 8 of size 8 to offset 8 of size 8
   data = 0x00 0x1a 0x3b 0x02 0x00 0x00 0x00 0x00 
(0.213564) CudaRuntime.cpp:142:  Mapping parameter at offset 16 of size 4 to offset 16 of size 4
   data = 0x20 0x00 0x00 0x00 
(0.213592) CudaRuntime.cpp:142:  Mapping parameter at offset 20 of size 4 to offset 20 of size 4
   data = 0x20 0x00 0x00 0x00 
(0.213612) CudaRuntime.cpp:2685: kernel launch (_Z17transposeDiagonalPfS_ii) on thread 0x23aaec0
(0.213638) CudaRuntime.cpp:2706:  launch completed successfully
(0.217412) CudaRuntime.cpp:2609: cudaConfigureCall()
(0.217433) CudaRuntime.cpp:2631: cudaSetupArgument() - offset 0, size 8
(0.217452) CudaRuntime.cpp:2631: cudaSetupArgument() - offset 8, size 8
(0.217470) CudaRuntime.cpp:2631: cudaSetupArgument() - offset 16, size 4
(0.217488) CudaRuntime.cpp:2631: cudaSetupArgument() - offset 20, size 4
(0.217522) CudaRuntime.cpp:142:  Mapping parameter at offset 0 of size 8 to offset 0 of size 8
   data = 0x00 0x2b 0x3b 0x02 0x00 0x00 0x00 0x00 
(0.217551) CudaRuntime.cpp:142:  Mapping parameter at offset 8 of size 8 to offset 8 of size 8
   data = 0x00 0x1a 0x3b 0x02 0x00 0x00 0x00 0x00 
(0.217577) CudaRuntime.cpp:142:  Mapping parameter at offset 16 of size 4 to offset 16 of size 4
   data = 0x20 0x00 0x00 0x00 
(0.217602) CudaRuntime.cpp:142:  Mapping parameter at offset 20 of size 4 to offset 20 of size 4
   data = 0x20 0x00 0x00 0x00 
(0.217622) CudaRuntime.cpp:2685: kernel launch (_Z17transposeDiagonalPfS_ii) on thread 0x23aaec0
(0.217647) CudaRuntime.cpp:2706:  launch completed successfully
(0.241972) CudaRuntime.cpp:2609: cudaConfigureCall()
(0.242000) CudaRuntime.cpp:2631: cudaSetupArgument() - offset 0, size 8
(0.242017) CudaRuntime.cpp:2631: cudaSetupArgument() - offset 8, size 8
(0.242034) CudaRuntime.cpp:2631: cudaSetupArgument() - offset 16, size 4
(0.242052) CudaRuntime.cpp:2631: cudaSetupArgument() - offset 20, size 4
(0.242091) CudaRuntime.cpp:142:  Mapping parameter at offset 0 of size 8 to offset 0 of size 8
   data = 0x00 0x2b 0x3b 0x02 0x00 0x00 0x00 0x00 
(0.242118) CudaRuntime.cpp:142:  Mapping parameter at offset 8 of size 8 to offset 8 of size 8
   data = 0x00 0x1a 0x3b 0x02 0x00 0x00 0x00 0x00 
(0.242145) CudaRuntime.cpp:142:  Mapping parameter at offset 16 of size 4 to offset 16 of size 4
   data = 0x20 0x00 0x00 0x00 
(0.242164) CudaRuntime.cpp:142:  Mapping parameter at offset 20 of size 4 to offset 20 of size 4
   data = 0x20 0x00 0x00 0x00 
(0.242182) CudaRuntime.cpp:2685: kernel launch (_Z17transposeDiagonalPfS_ii) on thread 0x23aaec0
(0.242211) CudaRuntime.cpp:2706:  launch completed successfully
(0.250002) CudaRuntime.cpp:1131: cudaMemcpy(0x23af7f0, 0x23b2b00, 4096)
(0.250029) CudaRuntime.cpp:215:    _memcpy(0x23af7f0, 0x23b2b00, 4096 bytes) d-to-h
(0.250067) CudaRuntime.cpp:1131: cudaMemcpy(0x23af7f0, 0x23b2b00, 4096)
(0.250088) CudaRuntime.cpp:215:    _memcpy(0x23af7f0, 0x23b2b00, 4096 bytes) d-to-h
transpose diagonal          , Throughput = 0.0006 GB/s, Time = 12.19988 ms, Size = 1024 fp32 elements, NumDevsUsed = 1, Workgroup = 256
(0.250137) CudaRuntime.cpp:887:  cudaFree(0x23b1a00)
(0.250164) CudaRuntime.cpp:887:  cudaFree(0x23b2b00)
Test passed
