(0.000580) CudaRuntime.cpp:3813: Adding external function 'malloc'
(0.000650) CudaRuntime.cpp:3813: Adding external function 'free'
(0.000660) CudaRuntime.cpp:3813: Adding external function 'vprintf'
(0.000668) CudaRuntime.cpp:3813: Adding external function 'cudaGetParameterBuffer'
(0.000718) CudaRuntime.cpp:595:  Loading module (fatbin) - transposeTejas.cu
(0.000735) CudaRuntime.cpp:738:  Registered kernel - _Z22transposeCoarseGrainedPfS_ii in module 'transposeTejas.cu'
(0.000749) CudaRuntime.cpp:738:  Registered kernel - _Z20transposeFineGrainedPfS_ii in module 'transposeTejas.cu'
(0.000758) CudaRuntime.cpp:738:  Registered kernel - _Z17transposeDiagonalPfS_ii in module 'transposeTejas.cu'
(0.000766) CudaRuntime.cpp:738:  Registered kernel - _Z24transposeNoBankConflictsPfS_ii in module 'transposeTejas.cu'
(0.000774) CudaRuntime.cpp:738:  Registered kernel - _Z18transposeCoalescedPfS_ii in module 'transposeTejas.cu'
(0.000801) CudaRuntime.cpp:738:  Registered kernel - _Z14transposeNaivePfS_ii in module 'transposeTejas.cu'
(0.000812) CudaRuntime.cpp:738:  Registered kernel - _Z13copySharedMemPfS_ii in module 'transposeTejas.cu'
(0.000824) CudaRuntime.cpp:738:  Registered kernel - _Z4copyPfS_ii in module 'transposeTejas.cu'
Transpose Starting...

(0.000920) CudaRuntime.cpp:446:  Creating new context for thread 0x187fec0
(0.000969) CudaRuntime.cpp:276:  Creating devices.
(0.001127) CudaRuntime.cpp:288:   - Added 1 emulator devices.
(0.001230) CudaRuntime.cpp:2203: cuda::CudaRuntime::cudaGetDeviceProperties(dev = 0) - major: 2, minor: 1
(0.001246) CudaRuntime.cpp:2241:   returning: prop->major = 2, prop->minor = 1
(0.001389) CudaRuntime.cpp:276:  Creating devices.
(0.001482) CudaRuntime.cpp:288:   - Added 1 emulator devices.
(0.001537) CudaRuntime.cpp:2203: cuda::CudaRuntime::cudaGetDeviceProperties(dev = 0) - major: 2, minor: 1
(0.001547) CudaRuntime.cpp:2241:   returning: prop->major = 2, prop->minor = 1
(0.001638) CudaRuntime.cpp:2289: Setting device for thread 0x187fec0 to 0
(0.001649) CudaRuntime.cpp:276:  Creating devices.
(0.001724) CudaRuntime.cpp:288:   - Added 1 emulator devices.
(0.001781) CudaRuntime.cpp:2203: cuda::CudaRuntime::cudaGetDeviceProperties(dev = 0) - major: 2, minor: 1
(0.001790) CudaRuntime.cpp:2241:   returning: prop->major = 2, prop->minor = 1
GPU Device 0: "Ocelot PTX Emulator" with compute capability 2.1

(0.001854) CudaRuntime.cpp:276:  Creating devices.
(0.001925) CudaRuntime.cpp:288:   - Added 1 emulator devices.
(0.001971) CudaRuntime.cpp:2203: cuda::CudaRuntime::cudaGetDeviceProperties(dev = 0) - major: 2, minor: 1
(0.001980) CudaRuntime.cpp:2241:   returning: prop->major = 2, prop->minor = 1
> Device 0: "Ocelot PTX Emulator"
> SM Capability 2.1 detected:
> [Ocelot PTX Emulator] has 1 MP(s) x 48 (Cores/MP) = 48 (Cores)
> Compute performance scaling factor = 4.00
> MatrixSize X = 32
> MatrixSize Y = 32
(0.002054) CudaRuntime.cpp:276:  Creating devices.
(0.002126) CudaRuntime.cpp:288:   - Added 1 emulator devices.
(0.002188) CudaRuntime.cpp:787:  cudaMalloc( *devPtr = 0x1886a00, size = 4096)
(0.002213) CudaRuntime.cpp:787:  cudaMalloc( *devPtr = 0x1887b00, size = 4096)
(0.002239) CudaRuntime.cpp:1131: cudaMemcpy(0x1886a00, 0x18837e0, 4096)
(0.002248) CudaRuntime.cpp:251:    _memcpy(0x1886a00, 0x18837e0, 4096 bytes) h-to-d

Matrix size: 32x32 (2x2 tiles), tile size: 16x16, block size: 16x16

(0.002287) CudaRuntime.cpp:2609: cudaConfigureCall()
(0.002297) CudaRuntime.cpp:2631: cudaSetupArgument() - offset 0, size 8
(0.002307) CudaRuntime.cpp:2631: cudaSetupArgument() - offset 8, size 8
(0.002316) CudaRuntime.cpp:2631: cudaSetupArgument() - offset 16, size 4
(0.002324) CudaRuntime.cpp:2631: cudaSetupArgument() - offset 20, size 4
(0.011624) CudaRuntime.cpp:142:  Mapping parameter at offset 0 of size 8 to offset 0 of size 8
   data = 0x00 0x7b 0x88 0x01 0x00 0x00 0x00 0x00 
(0.011654) CudaRuntime.cpp:142:  Mapping parameter at offset 8 of size 8 to offset 8 of size 8
   data = 0x00 0x6a 0x88 0x01 0x00 0x00 0x00 0x00 
(0.011678) CudaRuntime.cpp:142:  Mapping parameter at offset 16 of size 4 to offset 16 of size 4
   data = 0x20 0x00 0x00 0x00 
(0.011709) CudaRuntime.cpp:142:  Mapping parameter at offset 20 of size 4 to offset 20 of size 4
   data = 0x20 0x00 0x00 0x00 
(0.011742) CudaRuntime.cpp:2685: kernel launch (_Z4copyPfS_ii) on thread 0x187fec0
(0.011770) CudaRuntime.cpp:2706:  launch completed successfully
(0.018975) CudaRuntime.cpp:2609: cudaConfigureCall()
(0.018985) CudaRuntime.cpp:2631: cudaSetupArgument() - offset 0, size 8
(0.018990) CudaRuntime.cpp:2631: cudaSetupArgument() - offset 8, size 8
(0.018994) CudaRuntime.cpp:2631: cudaSetupArgument() - offset 16, size 4
(0.018999) CudaRuntime.cpp:2631: cudaSetupArgument() - offset 20, size 4
(0.019012) CudaRuntime.cpp:142:  Mapping parameter at offset 0 of size 8 to offset 0 of size 8
   data = 0x00 0x7b 0x88 0x01 0x00 0x00 0x00 0x00 
(0.019019) CudaRuntime.cpp:142:  Mapping parameter at offset 8 of size 8 to offset 8 of size 8
   data = 0x00 0x6a 0x88 0x01 0x00 0x00 0x00 0x00 
(0.019025) CudaRuntime.cpp:142:  Mapping parameter at offset 16 of size 4 to offset 16 of size 4
   data = 0x20 0x00 0x00 0x00 
(0.019031) CudaRuntime.cpp:142:  Mapping parameter at offset 20 of size 4 to offset 20 of size 4
   data = 0x20 0x00 0x00 0x00 
(0.019036) CudaRuntime.cpp:2685: kernel launch (_Z4copyPfS_ii) on thread 0x187fec0
(0.019048) CudaRuntime.cpp:2706:  launch completed successfully
(0.022739) CudaRuntime.cpp:2609: cudaConfigureCall()
(0.022748) CudaRuntime.cpp:2631: cudaSetupArgument() - offset 0, size 8
(0.022752) CudaRuntime.cpp:2631: cudaSetupArgument() - offset 8, size 8
(0.022756) CudaRuntime.cpp:2631: cudaSetupArgument() - offset 16, size 4
(0.022761) CudaRuntime.cpp:2631: cudaSetupArgument() - offset 20, size 4
(0.022773) CudaRuntime.cpp:142:  Mapping parameter at offset 0 of size 8 to offset 0 of size 8
   data = 0x00 0x7b 0x88 0x01 0x00 0x00 0x00 0x00 
(0.022780) CudaRuntime.cpp:142:  Mapping parameter at offset 8 of size 8 to offset 8 of size 8
   data = 0x00 0x6a 0x88 0x01 0x00 0x00 0x00 0x00 
(0.022786) CudaRuntime.cpp:142:  Mapping parameter at offset 16 of size 4 to offset 16 of size 4
   data = 0x20 0x00 0x00 0x00 
(0.022791) CudaRuntime.cpp:142:  Mapping parameter at offset 20 of size 4 to offset 20 of size 4
   data = 0x20 0x00 0x00 0x00 
(0.022796) CudaRuntime.cpp:2685: kernel launch (_Z4copyPfS_ii) on thread 0x187fec0
(0.022807) CudaRuntime.cpp:2706:  launch completed successfully
(0.025828) CudaRuntime.cpp:2609: cudaConfigureCall()
(0.025840) CudaRuntime.cpp:2631: cudaSetupArgument() - offset 0, size 8
(0.025846) CudaRuntime.cpp:2631: cudaSetupArgument() - offset 8, size 8
(0.025852) CudaRuntime.cpp:2631: cudaSetupArgument() - offset 16, size 4
(0.025858) CudaRuntime.cpp:2631: cudaSetupArgument() - offset 20, size 4
(0.025875) CudaRuntime.cpp:142:  Mapping parameter at offset 0 of size 8 to offset 0 of size 8
   data = 0x00 0x7b 0x88 0x01 0x00 0x00 0x00 0x00 
(0.025884) CudaRuntime.cpp:142:  Mapping parameter at offset 8 of size 8 to offset 8 of size 8
   data = 0x00 0x6a 0x88 0x01 0x00 0x00 0x00 0x00 
(0.025893) CudaRuntime.cpp:142:  Mapping parameter at offset 16 of size 4 to offset 16 of size 4
   data = 0x20 0x00 0x00 0x00 
(0.025902) CudaRuntime.cpp:142:  Mapping parameter at offset 20 of size 4 to offset 20 of size 4
   data = 0x20 0x00 0x00 0x00 
(0.025908) CudaRuntime.cpp:2685: kernel launch (_Z4copyPfS_ii) on thread 0x187fec0
(0.025923) CudaRuntime.cpp:2706:  launch completed successfully
(0.029672) CudaRuntime.cpp:1131: cudaMemcpy(0x18847f0, 0x1887b00, 4096)
(0.029684) CudaRuntime.cpp:215:    _memcpy(0x18847f0, 0x1887b00, 4096 bytes) d-to-h
(0.029703) CudaRuntime.cpp:1131: cudaMemcpy(0x18847f0, 0x1887b00, 4096)
(0.029709) CudaRuntime.cpp:215:    _memcpy(0x18847f0, 0x1887b00, 4096 bytes) d-to-h
transpose simple copy       , Throughput = 0.0021 GB/s, Time = 3.56332 ms, Size = 1024 fp32 elements, NumDevsUsed = 1, Workgroup = 256
(0.029730) CudaRuntime.cpp:2609: cudaConfigureCall()
(0.029736) CudaRuntime.cpp:2631: cudaSetupArgument() - offset 0, size 8
(0.029742) CudaRuntime.cpp:2631: cudaSetupArgument() - offset 8, size 8
(0.029748) CudaRuntime.cpp:2631: cudaSetupArgument() - offset 16, size 4
(0.029782) CudaRuntime.cpp:2631: cudaSetupArgument() - offset 20, size 4
(0.029811) CudaRuntime.cpp:142:  Mapping parameter at offset 0 of size 8 to offset 0 of size 8
   data = 0x00 0x7b 0x88 0x01 0x00 0x00 0x00 0x00 
(0.029828) CudaRuntime.cpp:142:  Mapping parameter at offset 8 of size 8 to offset 8 of size 8
   data = 0x00 0x6a 0x88 0x01 0x00 0x00 0x00 0x00 
(0.029840) CudaRuntime.cpp:142:  Mapping parameter at offset 16 of size 4 to offset 16 of size 4
   data = 0x20 0x00 0x00 0x00 
(0.029858) CudaRuntime.cpp:142:  Mapping parameter at offset 20 of size 4 to offset 20 of size 4
   data = 0x20 0x00 0x00 0x00 
(0.029868) CudaRuntime.cpp:2685: kernel launch (_Z13copySharedMemPfS_ii) on thread 0x187fec0
(0.029890) CudaRuntime.cpp:2706:  launch completed successfully
(0.035767) CudaRuntime.cpp:2609: cudaConfigureCall()
(0.035783) CudaRuntime.cpp:2631: cudaSetupArgument() - offset 0, size 8
(0.035791) CudaRuntime.cpp:2631: cudaSetupArgument() - offset 8, size 8
(0.035799) CudaRuntime.cpp:2631: cudaSetupArgument() - offset 16, size 4
(0.035806) CudaRuntime.cpp:2631: cudaSetupArgument() - offset 20, size 4
(0.035828) CudaRuntime.cpp:142:  Mapping parameter at offset 0 of size 8 to offset 0 of size 8
   data = 0x00 0x7b 0x88 0x01 0x00 0x00 0x00 0x00 
(0.035841) CudaRuntime.cpp:142:  Mapping parameter at offset 8 of size 8 to offset 8 of size 8
   data = 0x00 0x6a 0x88 0x01 0x00 0x00 0x00 0x00 
(0.035852) CudaRuntime.cpp:142:  Mapping parameter at offset 16 of size 4 to offset 16 of size 4
   data = 0x20 0x00 0x00 0x00 
(0.035862) CudaRuntime.cpp:142:  Mapping parameter at offset 20 of size 4 to offset 20 of size 4
   data = 0x20 0x00 0x00 0x00 
(0.035871) CudaRuntime.cpp:2685: kernel launch (_Z13copySharedMemPfS_ii) on thread 0x187fec0
(0.035889) CudaRuntime.cpp:2706:  launch completed successfully
(0.039836) CudaRuntime.cpp:2609: cudaConfigureCall()
(0.039852) CudaRuntime.cpp:2631: cudaSetupArgument() - offset 0, size 8
(0.039861) CudaRuntime.cpp:2631: cudaSetupArgument() - offset 8, size 8
(0.039869) CudaRuntime.cpp:2631: cudaSetupArgument() - offset 16, size 4
(0.039876) CudaRuntime.cpp:2631: cudaSetupArgument() - offset 20, size 4
(0.039897) CudaRuntime.cpp:142:  Mapping parameter at offset 0 of size 8 to offset 0 of size 8
   data = 0x00 0x7b 0x88 0x01 0x00 0x00 0x00 0x00 
(0.039910) CudaRuntime.cpp:142:  Mapping parameter at offset 8 of size 8 to offset 8 of size 8
   data = 0x00 0x6a 0x88 0x01 0x00 0x00 0x00 0x00 
(0.039921) CudaRuntime.cpp:142:  Mapping parameter at offset 16 of size 4 to offset 16 of size 4
   data = 0x20 0x00 0x00 0x00 
(0.039931) CudaRuntime.cpp:142:  Mapping parameter at offset 20 of size 4 to offset 20 of size 4
   data = 0x20 0x00 0x00 0x00 
(0.039939) CudaRuntime.cpp:2685: kernel launch (_Z13copySharedMemPfS_ii) on thread 0x187fec0
(0.039958) CudaRuntime.cpp:2706:  launch completed successfully
(0.043666) CudaRuntime.cpp:2609: cudaConfigureCall()
(0.043682) CudaRuntime.cpp:2631: cudaSetupArgument() - offset 0, size 8
(0.043691) CudaRuntime.cpp:2631: cudaSetupArgument() - offset 8, size 8
(0.043699) CudaRuntime.cpp:2631: cudaSetupArgument() - offset 16, size 4
(0.043707) CudaRuntime.cpp:2631: cudaSetupArgument() - offset 20, size 4
(0.043771) CudaRuntime.cpp:142:  Mapping parameter at offset 0 of size 8 to offset 0 of size 8
   data = 0x00 0x7b 0x88 0x01 0x00 0x00 0x00 0x00 
(0.043785) CudaRuntime.cpp:142:  Mapping parameter at offset 8 of size 8 to offset 8 of size 8
   data = 0x00 0x6a 0x88 0x01 0x00 0x00 0x00 0x00 
(0.043796) CudaRuntime.cpp:142:  Mapping parameter at offset 16 of size 4 to offset 16 of size 4
   data = 0x20 0x00 0x00 0x00 
(0.043806) CudaRuntime.cpp:142:  Mapping parameter at offset 20 of size 4 to offset 20 of size 4
   data = 0x20 0x00 0x00 0x00 
(0.043815) CudaRuntime.cpp:2685: kernel launch (_Z13copySharedMemPfS_ii) on thread 0x187fec0
(0.043833) CudaRuntime.cpp:2706:  launch completed successfully
(0.047221) CudaRuntime.cpp:1131: cudaMemcpy(0x18847f0, 0x1887b00, 4096)
(0.047237) CudaRuntime.cpp:215:    _memcpy(0x18847f0, 0x1887b00, 4096 bytes) d-to-h
(0.047301) CudaRuntime.cpp:1131: cudaMemcpy(0x18847f0, 0x1887b00, 4096)
(0.047318) CudaRuntime.cpp:215:    _memcpy(0x18847f0, 0x1887b00, 4096 bytes) d-to-h
transpose shared memory copy, Throughput = 0.0020 GB/s, Time = 3.81955 ms, Size = 1024 fp32 elements, NumDevsUsed = 1, Workgroup = 256
(0.047364) CudaRuntime.cpp:2609: cudaConfigureCall()
(0.047378) CudaRuntime.cpp:2631: cudaSetupArgument() - offset 0, size 8
(0.047400) CudaRuntime.cpp:2631: cudaSetupArgument() - offset 8, size 8
(0.047427) CudaRuntime.cpp:2631: cudaSetupArgument() - offset 16, size 4
(0.047452) CudaRuntime.cpp:2631: cudaSetupArgument() - offset 20, size 4
(0.047498) CudaRuntime.cpp:142:  Mapping parameter at offset 0 of size 8 to offset 0 of size 8
   data = 0x00 0x7b 0x88 0x01 0x00 0x00 0x00 0x00 
(0.047536) CudaRuntime.cpp:142:  Mapping parameter at offset 8 of size 8 to offset 8 of size 8
   data = 0x00 0x6a 0x88 0x01 0x00 0x00 0x00 0x00 
(0.047570) CudaRuntime.cpp:142:  Mapping parameter at offset 16 of size 4 to offset 16 of size 4
   data = 0x20 0x00 0x00 0x00 
(0.047604) CudaRuntime.cpp:142:  Mapping parameter at offset 20 of size 4 to offset 20 of size 4
   data = 0x20 0x00 0x00 0x00 
(0.047630) CudaRuntime.cpp:2685: kernel launch (_Z14transposeNaivePfS_ii) on thread 0x187fec0
(0.047664) CudaRuntime.cpp:2706:  launch completed successfully
(0.050018) CudaRuntime.cpp:2609: cudaConfigureCall()
(0.050031) CudaRuntime.cpp:2631: cudaSetupArgument() - offset 0, size 8
(0.050039) CudaRuntime.cpp:2631: cudaSetupArgument() - offset 8, size 8
(0.050047) CudaRuntime.cpp:2631: cudaSetupArgument() - offset 16, size 4
(0.050055) CudaRuntime.cpp:2631: cudaSetupArgument() - offset 20, size 4
(0.050074) CudaRuntime.cpp:142:  Mapping parameter at offset 0 of size 8 to offset 0 of size 8
   data = 0x00 0x7b 0x88 0x01 0x00 0x00 0x00 0x00 
(0.050087) CudaRuntime.cpp:142:  Mapping parameter at offset 8 of size 8 to offset 8 of size 8
   data = 0x00 0x6a 0x88 0x01 0x00 0x00 0x00 0x00 
(0.050098) CudaRuntime.cpp:142:  Mapping parameter at offset 16 of size 4 to offset 16 of size 4
   data = 0x20 0x00 0x00 0x00 
(0.050110) CudaRuntime.cpp:142:  Mapping parameter at offset 20 of size 4 to offset 20 of size 4
   data = 0x20 0x00 0x00 0x00 
(0.050119) CudaRuntime.cpp:2685: kernel launch (_Z14transposeNaivePfS_ii) on thread 0x187fec0
(0.050135) CudaRuntime.cpp:2706:  launch completed successfully
(0.052891) CudaRuntime.cpp:2609: cudaConfigureCall()
(0.052908) CudaRuntime.cpp:2631: cudaSetupArgument() - offset 0, size 8
(0.052917) CudaRuntime.cpp:2631: cudaSetupArgument() - offset 8, size 8
(0.052924) CudaRuntime.cpp:2631: cudaSetupArgument() - offset 16, size 4
(0.052932) CudaRuntime.cpp:2631: cudaSetupArgument() - offset 20, size 4
(0.052953) CudaRuntime.cpp:142:  Mapping parameter at offset 0 of size 8 to offset 0 of size 8
   data = 0x00 0x7b 0x88 0x01 0x00 0x00 0x00 0x00 
(0.052965) CudaRuntime.cpp:142:  Mapping parameter at offset 8 of size 8 to offset 8 of size 8
   data = 0x00 0x6a 0x88 0x01 0x00 0x00 0x00 0x00 
(0.052976) CudaRuntime.cpp:142:  Mapping parameter at offset 16 of size 4 to offset 16 of size 4
   data = 0x20 0x00 0x00 0x00 
(0.052986) CudaRuntime.cpp:142:  Mapping parameter at offset 20 of size 4 to offset 20 of size 4
   data = 0x20 0x00 0x00 0x00 
(0.052995) CudaRuntime.cpp:2685: kernel launch (_Z14transposeNaivePfS_ii) on thread 0x187fec0
(0.053013) CudaRuntime.cpp:2706:  launch completed successfully
(0.055512) CudaRuntime.cpp:2609: cudaConfigureCall()
(0.055528) CudaRuntime.cpp:2631: cudaSetupArgument() - offset 0, size 8
(0.055537) CudaRuntime.cpp:2631: cudaSetupArgument() - offset 8, size 8
(0.055544) CudaRuntime.cpp:2631: cudaSetupArgument() - offset 16, size 4
(0.055552) CudaRuntime.cpp:2631: cudaSetupArgument() - offset 20, size 4
(0.055572) CudaRuntime.cpp:142:  Mapping parameter at offset 0 of size 8 to offset 0 of size 8
   data = 0x00 0x7b 0x88 0x01 0x00 0x00 0x00 0x00 
(0.055585) CudaRuntime.cpp:142:  Mapping parameter at offset 8 of size 8 to offset 8 of size 8
   data = 0x00 0x6a 0x88 0x01 0x00 0x00 0x00 0x00 
(0.055636) CudaRuntime.cpp:142:  Mapping parameter at offset 16 of size 4 to offset 16 of size 4
   data = 0x20 0x00 0x00 0x00 
(0.055657) CudaRuntime.cpp:142:  Mapping parameter at offset 20 of size 4 to offset 20 of size 4
   data = 0x20 0x00 0x00 0x00 
(0.055671) CudaRuntime.cpp:2685: kernel launch (_Z14transposeNaivePfS_ii) on thread 0x187fec0
(0.055701) CudaRuntime.cpp:2706:  launch completed successfully
(0.057750) CudaRuntime.cpp:1131: cudaMemcpy(0x18847f0, 0x1887b00, 4096)
(0.057763) CudaRuntime.cpp:215:    _memcpy(0x18847f0, 0x1887b00, 4096 bytes) d-to-h
(0.057787) CudaRuntime.cpp:1131: cudaMemcpy(0x18847f0, 0x1887b00, 4096)
(0.057796) CudaRuntime.cpp:215:    _memcpy(0x18847f0, 0x1887b00, 4096 bytes) d-to-h
transpose naive             , Throughput = 0.0030 GB/s, Time = 2.57572 ms, Size = 1024 fp32 elements, NumDevsUsed = 1, Workgroup = 256
(0.057823) CudaRuntime.cpp:2609: cudaConfigureCall()
(0.057832) CudaRuntime.cpp:2631: cudaSetupArgument() - offset 0, size 8
(0.057840) CudaRuntime.cpp:2631: cudaSetupArgument() - offset 8, size 8
(0.057847) CudaRuntime.cpp:2631: cudaSetupArgument() - offset 16, size 4
(0.057856) CudaRuntime.cpp:2631: cudaSetupArgument() - offset 20, size 4
(0.057876) CudaRuntime.cpp:142:  Mapping parameter at offset 0 of size 8 to offset 0 of size 8
   data = 0x00 0x7b 0x88 0x01 0x00 0x00 0x00 0x00 
(0.057888) CudaRuntime.cpp:142:  Mapping parameter at offset 8 of size 8 to offset 8 of size 8
   data = 0x00 0x6a 0x88 0x01 0x00 0x00 0x00 0x00 
(0.057899) CudaRuntime.cpp:142:  Mapping parameter at offset 16 of size 4 to offset 16 of size 4
   data = 0x20 0x00 0x00 0x00 
(0.057910) CudaRuntime.cpp:142:  Mapping parameter at offset 20 of size 4 to offset 20 of size 4
   data = 0x20 0x00 0x00 0x00 
(0.057919) CudaRuntime.cpp:2685: kernel launch (_Z18transposeCoalescedPfS_ii) on thread 0x187fec0
(0.057936) CudaRuntime.cpp:2706:  launch completed successfully
(0.061784) CudaRuntime.cpp:2609: cudaConfigureCall()
(0.061799) CudaRuntime.cpp:2631: cudaSetupArgument() - offset 0, size 8
(0.061807) CudaRuntime.cpp:2631: cudaSetupArgument() - offset 8, size 8
(0.061815) CudaRuntime.cpp:2631: cudaSetupArgument() - offset 16, size 4
(0.061822) CudaRuntime.cpp:2631: cudaSetupArgument() - offset 20, size 4
(0.061843) CudaRuntime.cpp:142:  Mapping parameter at offset 0 of size 8 to offset 0 of size 8
   data = 0x00 0x7b 0x88 0x01 0x00 0x00 0x00 0x00 
(0.061856) CudaRuntime.cpp:142:  Mapping parameter at offset 8 of size 8 to offset 8 of size 8
   data = 0x00 0x6a 0x88 0x01 0x00 0x00 0x00 0x00 
(0.061866) CudaRuntime.cpp:142:  Mapping parameter at offset 16 of size 4 to offset 16 of size 4
   data = 0x20 0x00 0x00 0x00 
(0.061877) CudaRuntime.cpp:142:  Mapping parameter at offset 20 of size 4 to offset 20 of size 4
   data = 0x20 0x00 0x00 0x00 
(0.061886) CudaRuntime.cpp:2685: kernel launch (_Z18transposeCoalescedPfS_ii) on thread 0x187fec0
(0.061905) CudaRuntime.cpp:2706:  launch completed successfully
(0.065562) CudaRuntime.cpp:2609: cudaConfigureCall()
(0.065576) CudaRuntime.cpp:2631: cudaSetupArgument() - offset 0, size 8
(0.065584) CudaRuntime.cpp:2631: cudaSetupArgument() - offset 8, size 8
(0.065592) CudaRuntime.cpp:2631: cudaSetupArgument() - offset 16, size 4
(0.065600) CudaRuntime.cpp:2631: cudaSetupArgument() - offset 20, size 4
(0.065622) CudaRuntime.cpp:142:  Mapping parameter at offset 0 of size 8 to offset 0 of size 8
   data = 0x00 0x7b 0x88 0x01 0x00 0x00 0x00 0x00 
(0.065635) CudaRuntime.cpp:142:  Mapping parameter at offset 8 of size 8 to offset 8 of size 8
   data = 0x00 0x6a 0x88 0x01 0x00 0x00 0x00 0x00 
(0.065646) CudaRuntime.cpp:142:  Mapping parameter at offset 16 of size 4 to offset 16 of size 4
   data = 0x20 0x00 0x00 0x00 
(0.065657) CudaRuntime.cpp:142:  Mapping parameter at offset 20 of size 4 to offset 20 of size 4
   data = 0x20 0x00 0x00 0x00 
(0.065666) CudaRuntime.cpp:2685: kernel launch (_Z18transposeCoalescedPfS_ii) on thread 0x187fec0
(0.065683) CudaRuntime.cpp:2706:  launch completed successfully
(0.068406) CudaRuntime.cpp:2609: cudaConfigureCall()
(0.068418) CudaRuntime.cpp:2631: cudaSetupArgument() - offset 0, size 8
(0.068449) CudaRuntime.cpp:2631: cudaSetupArgument() - offset 8, size 8
(0.068463) CudaRuntime.cpp:2631: cudaSetupArgument() - offset 16, size 4
(0.068475) CudaRuntime.cpp:2631: cudaSetupArgument() - offset 20, size 4
(0.068501) CudaRuntime.cpp:142:  Mapping parameter at offset 0 of size 8 to offset 0 of size 8
   data = 0x00 0x7b 0x88 0x01 0x00 0x00 0x00 0x00 
(0.068527) CudaRuntime.cpp:142:  Mapping parameter at offset 8 of size 8 to offset 8 of size 8
   data = 0x00 0x6a 0x88 0x01 0x00 0x00 0x00 0x00 
(0.068544) CudaRuntime.cpp:142:  Mapping parameter at offset 16 of size 4 to offset 16 of size 4
   data = 0x20 0x00 0x00 0x00 
(0.068571) CudaRuntime.cpp:142:  Mapping parameter at offset 20 of size 4 to offset 20 of size 4
   data = 0x20 0x00 0x00 0x00 
(0.068580) CudaRuntime.cpp:2685: kernel launch (_Z18transposeCoalescedPfS_ii) on thread 0x187fec0
(0.068598) CudaRuntime.cpp:2706:  launch completed successfully
(0.071374) CudaRuntime.cpp:1131: cudaMemcpy(0x18847f0, 0x1887b00, 4096)
(0.071392) CudaRuntime.cpp:215:    _memcpy(0x18847f0, 0x1887b00, 4096 bytes) d-to-h
(0.071416) CudaRuntime.cpp:1131: cudaMemcpy(0x18847f0, 0x1887b00, 4096)
(0.071424) CudaRuntime.cpp:215:    _memcpy(0x18847f0, 0x1887b00, 4096 bytes) d-to-h
transpose coalesced         , Throughput = 0.0024 GB/s, Time = 3.19529 ms, Size = 1024 fp32 elements, NumDevsUsed = 1, Workgroup = 256
(0.071451) CudaRuntime.cpp:2609: cudaConfigureCall()
(0.071459) CudaRuntime.cpp:2631: cudaSetupArgument() - offset 0, size 8
(0.071468) CudaRuntime.cpp:2631: cudaSetupArgument() - offset 8, size 8
(0.071475) CudaRuntime.cpp:2631: cudaSetupArgument() - offset 16, size 4
(0.071483) CudaRuntime.cpp:2631: cudaSetupArgument() - offset 20, size 4
(0.071504) CudaRuntime.cpp:142:  Mapping parameter at offset 0 of size 8 to offset 0 of size 8
   data = 0x00 0x7b 0x88 0x01 0x00 0x00 0x00 0x00 
(0.071517) CudaRuntime.cpp:142:  Mapping parameter at offset 8 of size 8 to offset 8 of size 8
   data = 0x00 0x6a 0x88 0x01 0x00 0x00 0x00 0x00 
(0.071527) CudaRuntime.cpp:142:  Mapping parameter at offset 16 of size 4 to offset 16 of size 4
   data = 0x20 0x00 0x00 0x00 
(0.071538) CudaRuntime.cpp:142:  Mapping parameter at offset 20 of size 4 to offset 20 of size 4
   data = 0x20 0x00 0x00 0x00 
(0.071547) CudaRuntime.cpp:2685: kernel launch (_Z24transposeNoBankConflictsPfS_ii) on thread 0x187fec0
(0.071566) CudaRuntime.cpp:2706:  launch completed successfully
(0.074554) CudaRuntime.cpp:2609: cudaConfigureCall()
(0.074569) CudaRuntime.cpp:2631: cudaSetupArgument() - offset 0, size 8
(0.074578) CudaRuntime.cpp:2631: cudaSetupArgument() - offset 8, size 8
(0.074585) CudaRuntime.cpp:2631: cudaSetupArgument() - offset 16, size 4
(0.074593) CudaRuntime.cpp:2631: cudaSetupArgument() - offset 20, size 4
(0.074613) CudaRuntime.cpp:142:  Mapping parameter at offset 0 of size 8 to offset 0 of size 8
   data = 0x00 0x7b 0x88 0x01 0x00 0x00 0x00 0x00 
(0.074625) CudaRuntime.cpp:142:  Mapping parameter at offset 8 of size 8 to offset 8 of size 8
   data = 0x00 0x6a 0x88 0x01 0x00 0x00 0x00 0x00 
(0.074636) CudaRuntime.cpp:142:  Mapping parameter at offset 16 of size 4 to offset 16 of size 4
   data = 0x20 0x00 0x00 0x00 
(0.074647) CudaRuntime.cpp:142:  Mapping parameter at offset 20 of size 4 to offset 20 of size 4
   data = 0x20 0x00 0x00 0x00 
(0.074656) CudaRuntime.cpp:2685: kernel launch (_Z24transposeNoBankConflictsPfS_ii) on thread 0x187fec0
(0.074675) CudaRuntime.cpp:2706:  launch completed successfully
(0.077810) CudaRuntime.cpp:2609: cudaConfigureCall()
(0.077823) CudaRuntime.cpp:2631: cudaSetupArgument() - offset 0, size 8
(0.077832) CudaRuntime.cpp:2631: cudaSetupArgument() - offset 8, size 8
(0.077840) CudaRuntime.cpp:2631: cudaSetupArgument() - offset 16, size 4
(0.077848) CudaRuntime.cpp:2631: cudaSetupArgument() - offset 20, size 4
(0.077869) CudaRuntime.cpp:142:  Mapping parameter at offset 0 of size 8 to offset 0 of size 8
   data = 0x00 0x7b 0x88 0x01 0x00 0x00 0x00 0x00 
(0.077881) CudaRuntime.cpp:142:  Mapping parameter at offset 8 of size 8 to offset 8 of size 8
   data = 0x00 0x6a 0x88 0x01 0x00 0x00 0x00 0x00 
(0.077918) CudaRuntime.cpp:142:  Mapping parameter at offset 16 of size 4 to offset 16 of size 4
   data = 0x20 0x00 0x00 0x00 
(0.077937) CudaRuntime.cpp:142:  Mapping parameter at offset 20 of size 4 to offset 20 of size 4
   data = 0x20 0x00 0x00 0x00 
(0.077949) CudaRuntime.cpp:2685: kernel launch (_Z24transposeNoBankConflictsPfS_ii) on thread 0x187fec0
(0.077970) CudaRuntime.cpp:2706:  launch completed successfully
(0.081703) CudaRuntime.cpp:2609: cudaConfigureCall()
(0.081715) CudaRuntime.cpp:2631: cudaSetupArgument() - offset 0, size 8
(0.081724) CudaRuntime.cpp:2631: cudaSetupArgument() - offset 8, size 8
(0.081733) CudaRuntime.cpp:2631: cudaSetupArgument() - offset 16, size 4
(0.081742) CudaRuntime.cpp:2631: cudaSetupArgument() - offset 20, size 4
(0.081760) CudaRuntime.cpp:142:  Mapping parameter at offset 0 of size 8 to offset 0 of size 8
   data = 0x00 0x7b 0x88 0x01 0x00 0x00 0x00 0x00 
(0.081774) CudaRuntime.cpp:142:  Mapping parameter at offset 8 of size 8 to offset 8 of size 8
   data = 0x00 0x6a 0x88 0x01 0x00 0x00 0x00 0x00 
(0.081787) CudaRuntime.cpp:142:  Mapping parameter at offset 16 of size 4 to offset 16 of size 4
   data = 0x20 0x00 0x00 0x00 
(0.081800) CudaRuntime.cpp:142:  Mapping parameter at offset 20 of size 4 to offset 20 of size 4
   data = 0x20 0x00 0x00 0x00 
(0.081810) CudaRuntime.cpp:2685: kernel launch (_Z24transposeNoBankConflictsPfS_ii) on thread 0x187fec0
(0.081823) CudaRuntime.cpp:2706:  launch completed successfully
(0.084985) CudaRuntime.cpp:1131: cudaMemcpy(0x18847f0, 0x1887b00, 4096)
(0.085000) CudaRuntime.cpp:215:    _memcpy(0x18847f0, 0x1887b00, 4096 bytes) d-to-h
(0.085022) CudaRuntime.cpp:1131: cudaMemcpy(0x18847f0, 0x1887b00, 4096)
(0.085035) CudaRuntime.cpp:215:    _memcpy(0x18847f0, 0x1887b00, 4096 bytes) d-to-h
transpose optimized         , Throughput = 0.0022 GB/s, Time = 3.47630 ms, Size = 1024 fp32 elements, NumDevsUsed = 1, Workgroup = 256
(0.085058) CudaRuntime.cpp:2609: cudaConfigureCall()
(0.085070) CudaRuntime.cpp:2631: cudaSetupArgument() - offset 0, size 8
(0.085082) CudaRuntime.cpp:2631: cudaSetupArgument() - offset 8, size 8
(0.085094) CudaRuntime.cpp:2631: cudaSetupArgument() - offset 16, size 4
(0.085106) CudaRuntime.cpp:2631: cudaSetupArgument() - offset 20, size 4
(0.085130) CudaRuntime.cpp:142:  Mapping parameter at offset 0 of size 8 to offset 0 of size 8
   data = 0x00 0x7b 0x88 0x01 0x00 0x00 0x00 0x00 
(0.085149) CudaRuntime.cpp:142:  Mapping parameter at offset 8 of size 8 to offset 8 of size 8
   data = 0x00 0x6a 0x88 0x01 0x00 0x00 0x00 0x00 
(0.085166) CudaRuntime.cpp:142:  Mapping parameter at offset 16 of size 4 to offset 16 of size 4
   data = 0x20 0x00 0x00 0x00 
(0.085183) CudaRuntime.cpp:142:  Mapping parameter at offset 20 of size 4 to offset 20 of size 4
   data = 0x20 0x00 0x00 0x00 
(0.085196) CudaRuntime.cpp:2685: kernel launch (_Z22transposeCoarseGrainedPfS_ii) on thread 0x187fec0
(0.085213) CudaRuntime.cpp:2706:  launch completed successfully
(0.087865) CudaRuntime.cpp:2609: cudaConfigureCall()
(0.087871) CudaRuntime.cpp:2631: cudaSetupArgument() - offset 0, size 8
(0.087875) CudaRuntime.cpp:2631: cudaSetupArgument() - offset 8, size 8
(0.087878) CudaRuntime.cpp:2631: cudaSetupArgument() - offset 16, size 4
(0.087882) CudaRuntime.cpp:2631: cudaSetupArgument() - offset 20, size 4
(0.087891) CudaRuntime.cpp:142:  Mapping parameter at offset 0 of size 8 to offset 0 of size 8
   data = 0x00 0x7b 0x88 0x01 0x00 0x00 0x00 0x00 
(0.087897) CudaRuntime.cpp:142:  Mapping parameter at offset 8 of size 8 to offset 8 of size 8
   data = 0x00 0x6a 0x88 0x01 0x00 0x00 0x00 0x00 
(0.087902) CudaRuntime.cpp:142:  Mapping parameter at offset 16 of size 4 to offset 16 of size 4
   data = 0x20 0x00 0x00 0x00 
(0.087908) CudaRuntime.cpp:142:  Mapping parameter at offset 20 of size 4 to offset 20 of size 4
   data = 0x20 0x00 0x00 0x00 
(0.087912) CudaRuntime.cpp:2685: kernel launch (_Z22transposeCoarseGrainedPfS_ii) on thread 0x187fec0
(0.087920) CudaRuntime.cpp:2706:  launch completed successfully
(0.090455) CudaRuntime.cpp:2609: cudaConfigureCall()
(0.090468) CudaRuntime.cpp:2631: cudaSetupArgument() - offset 0, size 8
(0.090480) CudaRuntime.cpp:2631: cudaSetupArgument() - offset 8, size 8
(0.090492) CudaRuntime.cpp:2631: cudaSetupArgument() - offset 16, size 4
(0.090504) CudaRuntime.cpp:2631: cudaSetupArgument() - offset 20, size 4
(0.090525) CudaRuntime.cpp:142:  Mapping parameter at offset 0 of size 8 to offset 0 of size 8
   data = 0x00 0x7b 0x88 0x01 0x00 0x00 0x00 0x00 
(0.090544) CudaRuntime.cpp:142:  Mapping parameter at offset 8 of size 8 to offset 8 of size 8
   data = 0x00 0x6a 0x88 0x01 0x00 0x00 0x00 0x00 
(0.090561) CudaRuntime.cpp:142:  Mapping parameter at offset 16 of size 4 to offset 16 of size 4
   data = 0x20 0x00 0x00 0x00 
(0.090578) CudaRuntime.cpp:142:  Mapping parameter at offset 20 of size 4 to offset 20 of size 4
   data = 0x20 0x00 0x00 0x00 
(0.090591) CudaRuntime.cpp:2685: kernel launch (_Z22transposeCoarseGrainedPfS_ii) on thread 0x187fec0
(0.090607) CudaRuntime.cpp:2706:  launch completed successfully
(0.095005) CudaRuntime.cpp:2609: cudaConfigureCall()
(0.095039) CudaRuntime.cpp:2631: cudaSetupArgument() - offset 0, size 8
(0.095055) CudaRuntime.cpp:2631: cudaSetupArgument() - offset 8, size 8
(0.095071) CudaRuntime.cpp:2631: cudaSetupArgument() - offset 16, size 4
(0.095086) CudaRuntime.cpp:2631: cudaSetupArgument() - offset 20, size 4
(0.095116) CudaRuntime.cpp:142:  Mapping parameter at offset 0 of size 8 to offset 0 of size 8
   data = 0x00 0x7b 0x88 0x01 0x00 0x00 0x00 0x00 
(0.095141) CudaRuntime.cpp:142:  Mapping parameter at offset 8 of size 8 to offset 8 of size 8
   data = 0x00 0x6a 0x88 0x01 0x00 0x00 0x00 0x00 
(0.095164) CudaRuntime.cpp:142:  Mapping parameter at offset 16 of size 4 to offset 16 of size 4
   data = 0x20 0x00 0x00 0x00 
(0.095187) CudaRuntime.cpp:142:  Mapping parameter at offset 20 of size 4 to offset 20 of size 4
   data = 0x20 0x00 0x00 0x00 
(0.095204) CudaRuntime.cpp:2685: kernel launch (_Z22transposeCoarseGrainedPfS_ii) on thread 0x187fec0
(0.095226) CudaRuntime.cpp:2706:  launch completed successfully
(0.097842) CudaRuntime.cpp:1131: cudaMemcpy(0x18847f0, 0x1887b00, 4096)
(0.097862) CudaRuntime.cpp:215:    _memcpy(0x18847f0, 0x1887b00, 4096 bytes) d-to-h
(0.097890) CudaRuntime.cpp:1131: cudaMemcpy(0x18847f0, 0x1887b00, 4096)
(0.097906) CudaRuntime.cpp:215:    _memcpy(0x18847f0, 0x1887b00, 4096 bytes) d-to-h
transpose coarse-grained    , Throughput = 0.0023 GB/s, Time = 3.32077 ms, Size = 1024 fp32 elements, NumDevsUsed = 1, Workgroup = 256
(0.097937) CudaRuntime.cpp:2609: cudaConfigureCall()
(0.097953) CudaRuntime.cpp:2631: cudaSetupArgument() - offset 0, size 8
(0.097969) CudaRuntime.cpp:2631: cudaSetupArgument() - offset 8, size 8
(0.097985) CudaRuntime.cpp:2631: cudaSetupArgument() - offset 16, size 4
(0.098000) CudaRuntime.cpp:2631: cudaSetupArgument() - offset 20, size 4
(0.098029) CudaRuntime.cpp:142:  Mapping parameter at offset 0 of size 8 to offset 0 of size 8
   data = 0x00 0x7b 0x88 0x01 0x00 0x00 0x00 0x00 
(0.098054) CudaRuntime.cpp:142:  Mapping parameter at offset 8 of size 8 to offset 8 of size 8
   data = 0x00 0x6a 0x88 0x01 0x00 0x00 0x00 0x00 
(0.098077) CudaRuntime.cpp:142:  Mapping parameter at offset 16 of size 4 to offset 16 of size 4
   data = 0x20 0x00 0x00 0x00 
(0.098099) CudaRuntime.cpp:142:  Mapping parameter at offset 20 of size 4 to offset 20 of size 4
   data = 0x20 0x00 0x00 0x00 
(0.098116) CudaRuntime.cpp:2685: kernel launch (_Z20transposeFineGrainedPfS_ii) on thread 0x187fec0
(0.098137) CudaRuntime.cpp:2706:  launch completed successfully
(0.101336) CudaRuntime.cpp:2609: cudaConfigureCall()
(0.101356) CudaRuntime.cpp:2631: cudaSetupArgument() - offset 0, size 8
(0.101372) CudaRuntime.cpp:2631: cudaSetupArgument() - offset 8, size 8
(0.101388) CudaRuntime.cpp:2631: cudaSetupArgument() - offset 16, size 4
(0.101404) CudaRuntime.cpp:2631: cudaSetupArgument() - offset 20, size 4
(0.101434) CudaRuntime.cpp:142:  Mapping parameter at offset 0 of size 8 to offset 0 of size 8
   data = 0x00 0x7b 0x88 0x01 0x00 0x00 0x00 0x00 
(0.101467) CudaRuntime.cpp:142:  Mapping parameter at offset 8 of size 8 to offset 8 of size 8
   data = 0x00 0x6a 0x88 0x01 0x00 0x00 0x00 0x00 
(0.101490) CudaRuntime.cpp:142:  Mapping parameter at offset 16 of size 4 to offset 16 of size 4
   data = 0x20 0x00 0x00 0x00 
(0.101514) CudaRuntime.cpp:142:  Mapping parameter at offset 20 of size 4 to offset 20 of size 4
   data = 0x20 0x00 0x00 0x00 
(0.101531) CudaRuntime.cpp:2685: kernel launch (_Z20transposeFineGrainedPfS_ii) on thread 0x187fec0
(0.101555) CudaRuntime.cpp:2706:  launch completed successfully
(0.105774) CudaRuntime.cpp:2609: cudaConfigureCall()
(0.105789) CudaRuntime.cpp:2631: cudaSetupArgument() - offset 0, size 8
(0.105798) CudaRuntime.cpp:2631: cudaSetupArgument() - offset 8, size 8
(0.105805) CudaRuntime.cpp:2631: cudaSetupArgument() - offset 16, size 4
(0.105812) CudaRuntime.cpp:2631: cudaSetupArgument() - offset 20, size 4
(0.105833) CudaRuntime.cpp:142:  Mapping parameter at offset 0 of size 8 to offset 0 of size 8
   data = 0x00 0x7b 0x88 0x01 0x00 0x00 0x00 0x00 
(0.105845) CudaRuntime.cpp:142:  Mapping parameter at offset 8 of size 8 to offset 8 of size 8
   data = 0x00 0x6a 0x88 0x01 0x00 0x00 0x00 0x00 
(0.105855) CudaRuntime.cpp:142:  Mapping parameter at offset 16 of size 4 to offset 16 of size 4
   data = 0x20 0x00 0x00 0x00 
(0.105866) CudaRuntime.cpp:142:  Mapping parameter at offset 20 of size 4 to offset 20 of size 4
   data = 0x20 0x00 0x00 0x00 
(0.105874) CudaRuntime.cpp:2685: kernel launch (_Z20transposeFineGrainedPfS_ii) on thread 0x187fec0
(0.105891) CudaRuntime.cpp:2706:  launch completed successfully
(0.109972) CudaRuntime.cpp:2609: cudaConfigureCall()
(0.110001) CudaRuntime.cpp:2631: cudaSetupArgument() - offset 0, size 8
(0.110024) CudaRuntime.cpp:2631: cudaSetupArgument() - offset 8, size 8
(0.110047) CudaRuntime.cpp:2631: cudaSetupArgument() - offset 16, size 4
(0.110069) CudaRuntime.cpp:2631: cudaSetupArgument() - offset 20, size 4
(0.110114) CudaRuntime.cpp:142:  Mapping parameter at offset 0 of size 8 to offset 0 of size 8
   data = 0x00 0x7b 0x88 0x01 0x00 0x00 0x00 0x00 
(0.110150) CudaRuntime.cpp:142:  Mapping parameter at offset 8 of size 8 to offset 8 of size 8
   data = 0x00 0x6a 0x88 0x01 0x00 0x00 0x00 0x00 
(0.110182) CudaRuntime.cpp:142:  Mapping parameter at offset 16 of size 4 to offset 16 of size 4
   data = 0x20 0x00 0x00 0x00 
(0.110214) CudaRuntime.cpp:142:  Mapping parameter at offset 20 of size 4 to offset 20 of size 4
   data = 0x20 0x00 0x00 0x00 
(0.110238) CudaRuntime.cpp:2685: kernel launch (_Z20transposeFineGrainedPfS_ii) on thread 0x187fec0
(0.110272) CudaRuntime.cpp:2706:  launch completed successfully
(0.126080) CudaRuntime.cpp:1131: cudaMemcpy(0x18847f0, 0x1887b00, 4096)
(0.126115) CudaRuntime.cpp:215:    _memcpy(0x18847f0, 0x1887b00, 4096 bytes) d-to-h
(0.126159) CudaRuntime.cpp:1131: cudaMemcpy(0x18847f0, 0x1887b00, 4096)
(0.126183) CudaRuntime.cpp:215:    _memcpy(0x18847f0, 0x1887b00, 4096 bytes) d-to-h
transpose fine-grained      , Throughput = 0.0009 GB/s, Time = 8.23832 ms, Size = 1024 fp32 elements, NumDevsUsed = 1, Workgroup = 256
(0.126230) CudaRuntime.cpp:2609: cudaConfigureCall()
(0.126255) CudaRuntime.cpp:2631: cudaSetupArgument() - offset 0, size 8
(0.126280) CudaRuntime.cpp:2631: cudaSetupArgument() - offset 8, size 8
(0.126303) CudaRuntime.cpp:2631: cudaSetupArgument() - offset 16, size 4
(0.126327) CudaRuntime.cpp:2631: cudaSetupArgument() - offset 20, size 4
(0.126377) CudaRuntime.cpp:142:  Mapping parameter at offset 0 of size 8 to offset 0 of size 8
   data = 0x00 0x7b 0x88 0x01 0x00 0x00 0x00 0x00 
(0.126415) CudaRuntime.cpp:142:  Mapping parameter at offset 8 of size 8 to offset 8 of size 8
   data = 0x00 0x6a 0x88 0x01 0x00 0x00 0x00 0x00 
(0.126450) CudaRuntime.cpp:142:  Mapping parameter at offset 16 of size 4 to offset 16 of size 4
   data = 0x20 0x00 0x00 0x00 
(0.126484) CudaRuntime.cpp:142:  Mapping parameter at offset 20 of size 4 to offset 20 of size 4
   data = 0x20 0x00 0x00 0x00 
(0.126510) CudaRuntime.cpp:2685: kernel launch (_Z17transposeDiagonalPfS_ii) on thread 0x187fec0
(0.126557) CudaRuntime.cpp:2706:  launch completed successfully
(0.134104) CudaRuntime.cpp:2609: cudaConfigureCall()
(0.134137) CudaRuntime.cpp:2631: cudaSetupArgument() - offset 0, size 8
(0.134162) CudaRuntime.cpp:2631: cudaSetupArgument() - offset 8, size 8
(0.134186) CudaRuntime.cpp:2631: cudaSetupArgument() - offset 16, size 4
(0.134210) CudaRuntime.cpp:2631: cudaSetupArgument() - offset 20, size 4
(0.134260) CudaRuntime.cpp:142:  Mapping parameter at offset 0 of size 8 to offset 0 of size 8
   data = 0x00 0x7b 0x88 0x01 0x00 0x00 0x00 0x00 
(0.134298) CudaRuntime.cpp:142:  Mapping parameter at offset 8 of size 8 to offset 8 of size 8
   data = 0x00 0x6a 0x88 0x01 0x00 0x00 0x00 0x00 
(0.134333) CudaRuntime.cpp:142:  Mapping parameter at offset 16 of size 4 to offset 16 of size 4
   data = 0x20 0x00 0x00 0x00 
(0.134368) CudaRuntime.cpp:142:  Mapping parameter at offset 20 of size 4 to offset 20 of size 4
   data = 0x20 0x00 0x00 0x00 
(0.134394) CudaRuntime.cpp:2685: kernel launch (_Z17transposeDiagonalPfS_ii) on thread 0x187fec0
(0.134431) CudaRuntime.cpp:2706:  launch completed successfully
(0.140351) CudaRuntime.cpp:2609: cudaConfigureCall()
(0.140368) CudaRuntime.cpp:2631: cudaSetupArgument() - offset 0, size 8
(0.140379) CudaRuntime.cpp:2631: cudaSetupArgument() - offset 8, size 8
(0.140389) CudaRuntime.cpp:2631: cudaSetupArgument() - offset 16, size 4
(0.140399) CudaRuntime.cpp:2631: cudaSetupArgument() - offset 20, size 4
(0.140417) CudaRuntime.cpp:142:  Mapping parameter at offset 0 of size 8 to offset 0 of size 8
   data = 0x00 0x7b 0x88 0x01 0x00 0x00 0x00 0x00 
(0.140425) CudaRuntime.cpp:142:  Mapping parameter at offset 8 of size 8 to offset 8 of size 8
   data = 0x00 0x6a 0x88 0x01 0x00 0x00 0x00 0x00 
(0.140437) CudaRuntime.cpp:142:  Mapping parameter at offset 16 of size 4 to offset 16 of size 4
   data = 0x20 0x00 0x00 0x00 
(0.140444) CudaRuntime.cpp:142:  Mapping parameter at offset 20 of size 4 to offset 20 of size 4
   data = 0x20 0x00 0x00 0x00 
(0.140451) CudaRuntime.cpp:2685: kernel launch (_Z17transposeDiagonalPfS_ii) on thread 0x187fec0
(0.140464) CudaRuntime.cpp:2706:  launch completed successfully
(0.149656) CudaRuntime.cpp:2609: cudaConfigureCall()
(0.149677) CudaRuntime.cpp:2631: cudaSetupArgument() - offset 0, size 8
(0.149686) CudaRuntime.cpp:2631: cudaSetupArgument() - offset 8, size 8
(0.149693) CudaRuntime.cpp:2631: cudaSetupArgument() - offset 16, size 4
(0.149700) CudaRuntime.cpp:2631: cudaSetupArgument() - offset 20, size 4
(0.149725) CudaRuntime.cpp:142:  Mapping parameter at offset 0 of size 8 to offset 0 of size 8
   data = 0x00 0x7b 0x88 0x01 0x00 0x00 0x00 0x00 
(0.149738) CudaRuntime.cpp:142:  Mapping parameter at offset 8 of size 8 to offset 8 of size 8
   data = 0x00 0x6a 0x88 0x01 0x00 0x00 0x00 0x00 
(0.149749) CudaRuntime.cpp:142:  Mapping parameter at offset 16 of size 4 to offset 16 of size 4
   data = 0x20 0x00 0x00 0x00 
(0.149760) CudaRuntime.cpp:142:  Mapping parameter at offset 20 of size 4 to offset 20 of size 4
   data = 0x20 0x00 0x00 0x00 
(0.149769) CudaRuntime.cpp:2685: kernel launch (_Z17transposeDiagonalPfS_ii) on thread 0x187fec0
(0.149786) CudaRuntime.cpp:2706:  launch completed successfully
(0.154576) CudaRuntime.cpp:1131: cudaMemcpy(0x18847f0, 0x1887b00, 4096)
(0.154596) CudaRuntime.cpp:215:    _memcpy(0x18847f0, 0x1887b00, 4096 bytes) d-to-h
(0.154622) CudaRuntime.cpp:1131: cudaMemcpy(0x18847f0, 0x1887b00, 4096)
(0.154636) CudaRuntime.cpp:215:    _memcpy(0x18847f0, 0x1887b00, 4096 bytes) d-to-h
transpose diagonal          , Throughput = 0.0011 GB/s, Time = 6.82696 ms, Size = 1024 fp32 elements, NumDevsUsed = 1, Workgroup = 256
(0.154668) CudaRuntime.cpp:887:  cudaFree(0x1886a00)
(0.154686) CudaRuntime.cpp:887:  cudaFree(0x1887b00)
Test passed
