(0.000580) CudaRuntime.cpp:3813: Adding external function 'malloc'
(0.000642) CudaRuntime.cpp:3813: Adding external function 'free'
(0.000652) CudaRuntime.cpp:3813: Adding external function 'vprintf'
(0.000660) CudaRuntime.cpp:3813: Adding external function 'cudaGetParameterBuffer'
(0.000710) CudaRuntime.cpp:595:  Loading module (fatbin) - transposeTejas.cu
(0.000726) CudaRuntime.cpp:738:  Registered kernel - _Z22transposeCoarseGrainedPfS_ii in module 'transposeTejas.cu'
(0.000741) CudaRuntime.cpp:738:  Registered kernel - _Z20transposeFineGrainedPfS_ii in module 'transposeTejas.cu'
(0.000750) CudaRuntime.cpp:738:  Registered kernel - _Z17transposeDiagonalPfS_ii in module 'transposeTejas.cu'
(0.000758) CudaRuntime.cpp:738:  Registered kernel - _Z24transposeNoBankConflictsPfS_ii in module 'transposeTejas.cu'
(0.000766) CudaRuntime.cpp:738:  Registered kernel - _Z18transposeCoalescedPfS_ii in module 'transposeTejas.cu'
(0.000774) CudaRuntime.cpp:738:  Registered kernel - _Z14transposeNaivePfS_ii in module 'transposeTejas.cu'
(0.000782) CudaRuntime.cpp:738:  Registered kernel - _Z13copySharedMemPfS_ii in module 'transposeTejas.cu'
(0.000789) CudaRuntime.cpp:738:  Registered kernel - _Z4copyPfS_ii in module 'transposeTejas.cu'
Transpose Starting...

(0.000848) CudaRuntime.cpp:446:  Creating new context for thread 0x129aec0
(0.000875) CudaRuntime.cpp:276:  Creating devices.
(0.001015) CudaRuntime.cpp:288:   - Added 1 emulator devices.
(0.001131) CudaRuntime.cpp:2203: cuda::CudaRuntime::cudaGetDeviceProperties(dev = 0) - major: 2, minor: 1
(0.001147) CudaRuntime.cpp:2241:   returning: prop->major = 2, prop->minor = 1
(0.001274) CudaRuntime.cpp:276:  Creating devices.
(0.001357) CudaRuntime.cpp:288:   - Added 1 emulator devices.
(0.001409) CudaRuntime.cpp:2203: cuda::CudaRuntime::cudaGetDeviceProperties(dev = 0) - major: 2, minor: 1
(0.001418) CudaRuntime.cpp:2241:   returning: prop->major = 2, prop->minor = 1
(0.001461) CudaRuntime.cpp:2289: Setting device for thread 0x129aec0 to 0
(0.001471) CudaRuntime.cpp:276:  Creating devices.
(0.001542) CudaRuntime.cpp:288:   - Added 1 emulator devices.
(0.001601) CudaRuntime.cpp:2203: cuda::CudaRuntime::cudaGetDeviceProperties(dev = 0) - major: 2, minor: 1
(0.001610) CudaRuntime.cpp:2241:   returning: prop->major = 2, prop->minor = 1
GPU Device 0: "Ocelot PTX Emulator" with compute capability 2.1

(0.001668) CudaRuntime.cpp:276:  Creating devices.
(0.001740) CudaRuntime.cpp:288:   - Added 1 emulator devices.
(0.001787) CudaRuntime.cpp:2203: cuda::CudaRuntime::cudaGetDeviceProperties(dev = 0) - major: 2, minor: 1
(0.001796) CudaRuntime.cpp:2241:   returning: prop->major = 2, prop->minor = 1
> Device 0: "Ocelot PTX Emulator"
> SM Capability 2.1 detected:
> [Ocelot PTX Emulator] has 1 MP(s) x 48 (Cores/MP) = 48 (Cores)
> Compute performance scaling factor = 4.00
> MatrixSize X = 32
> MatrixSize Y = 32
(0.001863) CudaRuntime.cpp:276:  Creating devices.
(0.001932) CudaRuntime.cpp:288:   - Added 1 emulator devices.
(0.001993) CudaRuntime.cpp:787:  cudaMalloc( *devPtr = 0x12a1a00, size = 4096)
(0.002017) CudaRuntime.cpp:787:  cudaMalloc( *devPtr = 0x12a2b00, size = 4096)
(0.002043) CudaRuntime.cpp:1131: cudaMemcpy(0x12a1a00, 0x129e7e0, 4096)
(0.002052) CudaRuntime.cpp:251:    _memcpy(0x12a1a00, 0x129e7e0, 4096 bytes) h-to-d

Matrix size: 32x32 (2x2 tiles), tile size: 16x16, block size: 16x16

(0.002091) CudaRuntime.cpp:2609: cudaConfigureCall()
(0.002100) CudaRuntime.cpp:2631: cudaSetupArgument() - offset 0, size 8
(0.002110) CudaRuntime.cpp:2631: cudaSetupArgument() - offset 8, size 8
(0.002119) CudaRuntime.cpp:2631: cudaSetupArgument() - offset 16, size 4
(0.002128) CudaRuntime.cpp:2631: cudaSetupArgument() - offset 20, size 4
(0.012235) CudaRuntime.cpp:142:  Mapping parameter at offset 0 of size 8 to offset 0 of size 8
   data = 0x00 0x2b 0x2a 0x01 0x00 0x00 0x00 0x00 
(0.012259) CudaRuntime.cpp:142:  Mapping parameter at offset 8 of size 8 to offset 8 of size 8
   data = 0x00 0x1a 0x2a 0x01 0x00 0x00 0x00 0x00 
(0.012271) CudaRuntime.cpp:142:  Mapping parameter at offset 16 of size 4 to offset 16 of size 4
   data = 0x20 0x00 0x00 0x00 
(0.012294) CudaRuntime.cpp:142:  Mapping parameter at offset 20 of size 4 to offset 20 of size 4
   data = 0x20 0x00 0x00 0x00 
(0.012305) CudaRuntime.cpp:2685: kernel launch (_Z4copyPfS_ii) on thread 0x129aec0
(0.012328) CudaRuntime.cpp:2706:  launch completed successfully
(0.021261) CudaRuntime.cpp:2609: cudaConfigureCall()
(0.021281) CudaRuntime.cpp:2631: cudaSetupArgument() - offset 0, size 8
(0.021289) CudaRuntime.cpp:2631: cudaSetupArgument() - offset 8, size 8
(0.021299) CudaRuntime.cpp:2631: cudaSetupArgument() - offset 16, size 4
(0.021307) CudaRuntime.cpp:2631: cudaSetupArgument() - offset 20, size 4
(0.021329) CudaRuntime.cpp:142:  Mapping parameter at offset 0 of size 8 to offset 0 of size 8
   data = 0x00 0x2b 0x2a 0x01 0x00 0x00 0x00 0x00 
(0.021340) CudaRuntime.cpp:142:  Mapping parameter at offset 8 of size 8 to offset 8 of size 8
   data = 0x00 0x1a 0x2a 0x01 0x00 0x00 0x00 0x00 
(0.021348) CudaRuntime.cpp:142:  Mapping parameter at offset 16 of size 4 to offset 16 of size 4
   data = 0x20 0x00 0x00 0x00 
(0.021356) CudaRuntime.cpp:142:  Mapping parameter at offset 20 of size 4 to offset 20 of size 4
   data = 0x20 0x00 0x00 0x00 
(0.021362) CudaRuntime.cpp:2685: kernel launch (_Z4copyPfS_ii) on thread 0x129aec0
(0.021375) CudaRuntime.cpp:2706:  launch completed successfully
(0.026581) CudaRuntime.cpp:2609: cudaConfigureCall()
(0.026593) CudaRuntime.cpp:2631: cudaSetupArgument() - offset 0, size 8
(0.026602) CudaRuntime.cpp:2631: cudaSetupArgument() - offset 8, size 8
(0.026610) CudaRuntime.cpp:2631: cudaSetupArgument() - offset 16, size 4
(0.026616) CudaRuntime.cpp:2631: cudaSetupArgument() - offset 20, size 4
(0.026632) CudaRuntime.cpp:142:  Mapping parameter at offset 0 of size 8 to offset 0 of size 8
   data = 0x00 0x2b 0x2a 0x01 0x00 0x00 0x00 0x00 
(0.026640) CudaRuntime.cpp:142:  Mapping parameter at offset 8 of size 8 to offset 8 of size 8
   data = 0x00 0x1a 0x2a 0x01 0x00 0x00 0x00 0x00 
(0.026649) CudaRuntime.cpp:142:  Mapping parameter at offset 16 of size 4 to offset 16 of size 4
   data = 0x20 0x00 0x00 0x00 
(0.026655) CudaRuntime.cpp:142:  Mapping parameter at offset 20 of size 4 to offset 20 of size 4
   data = 0x20 0x00 0x00 0x00 
(0.026660) CudaRuntime.cpp:2685: kernel launch (_Z4copyPfS_ii) on thread 0x129aec0
(0.026671) CudaRuntime.cpp:2706:  launch completed successfully
(0.030697) CudaRuntime.cpp:2609: cudaConfigureCall()
(0.030706) CudaRuntime.cpp:2631: cudaSetupArgument() - offset 0, size 8
(0.030710) CudaRuntime.cpp:2631: cudaSetupArgument() - offset 8, size 8
(0.030715) CudaRuntime.cpp:2631: cudaSetupArgument() - offset 16, size 4
(0.030719) CudaRuntime.cpp:2631: cudaSetupArgument() - offset 20, size 4
(0.030736) CudaRuntime.cpp:142:  Mapping parameter at offset 0 of size 8 to offset 0 of size 8
   data = 0x00 0x2b 0x2a 0x01 0x00 0x00 0x00 0x00 
(0.030746) CudaRuntime.cpp:142:  Mapping parameter at offset 8 of size 8 to offset 8 of size 8
   data = 0x00 0x1a 0x2a 0x01 0x00 0x00 0x00 0x00 
(0.030756) CudaRuntime.cpp:142:  Mapping parameter at offset 16 of size 4 to offset 16 of size 4
   data = 0x20 0x00 0x00 0x00 
(0.030767) CudaRuntime.cpp:142:  Mapping parameter at offset 20 of size 4 to offset 20 of size 4
   data = 0x20 0x00 0x00 0x00 
(0.030776) CudaRuntime.cpp:2685: kernel launch (_Z4copyPfS_ii) on thread 0x129aec0
(0.030790) CudaRuntime.cpp:2706:  launch completed successfully
(0.035121) CudaRuntime.cpp:1131: cudaMemcpy(0x129f7f0, 0x12a2b00, 4096)
(0.035126) CudaRuntime.cpp:215:    _memcpy(0x129f7f0, 0x12a2b00, 4096 bytes) d-to-h
(0.035134) CudaRuntime.cpp:1131: cudaMemcpy(0x129f7f0, 0x12a2b00, 4096)
(0.035137) CudaRuntime.cpp:215:    _memcpy(0x129f7f0, 0x12a2b00, 4096 bytes) d-to-h
transpose simple copy       , Throughput = 0.0017 GB/s, Time = 4.62317 ms, Size = 1024 fp32 elements, NumDevsUsed = 1, Workgroup = 256
(0.035146) CudaRuntime.cpp:2609: cudaConfigureCall()
(0.035149) CudaRuntime.cpp:2631: cudaSetupArgument() - offset 0, size 8
(0.035152) CudaRuntime.cpp:2631: cudaSetupArgument() - offset 8, size 8
(0.035154) CudaRuntime.cpp:2631: cudaSetupArgument() - offset 16, size 4
(0.035163) CudaRuntime.cpp:2631: cudaSetupArgument() - offset 20, size 4
(0.035171) CudaRuntime.cpp:142:  Mapping parameter at offset 0 of size 8 to offset 0 of size 8
   data = 0x00 0x2b 0x2a 0x01 0x00 0x00 0x00 0x00 
(0.035174) CudaRuntime.cpp:142:  Mapping parameter at offset 8 of size 8 to offset 8 of size 8
   data = 0x00 0x1a 0x2a 0x01 0x00 0x00 0x00 0x00 
(0.035178) CudaRuntime.cpp:142:  Mapping parameter at offset 16 of size 4 to offset 16 of size 4
   data = 0x20 0x00 0x00 0x00 
(0.035182) CudaRuntime.cpp:142:  Mapping parameter at offset 20 of size 4 to offset 20 of size 4
   data = 0x20 0x00 0x00 0x00 
(0.035185) CudaRuntime.cpp:2685: kernel launch (_Z13copySharedMemPfS_ii) on thread 0x129aec0
(0.035191) CudaRuntime.cpp:2706:  launch completed successfully
(0.041489) CudaRuntime.cpp:2609: cudaConfigureCall()
(0.041495) CudaRuntime.cpp:2631: cudaSetupArgument() - offset 0, size 8
(0.041497) CudaRuntime.cpp:2631: cudaSetupArgument() - offset 8, size 8
(0.041500) CudaRuntime.cpp:2631: cudaSetupArgument() - offset 16, size 4
(0.041502) CudaRuntime.cpp:2631: cudaSetupArgument() - offset 20, size 4
(0.041510) CudaRuntime.cpp:142:  Mapping parameter at offset 0 of size 8 to offset 0 of size 8
   data = 0x00 0x2b 0x2a 0x01 0x00 0x00 0x00 0x00 
(0.041513) CudaRuntime.cpp:142:  Mapping parameter at offset 8 of size 8 to offset 8 of size 8
   data = 0x00 0x1a 0x2a 0x01 0x00 0x00 0x00 0x00 
(0.041517) CudaRuntime.cpp:142:  Mapping parameter at offset 16 of size 4 to offset 16 of size 4
   data = 0x20 0x00 0x00 0x00 
(0.041520) CudaRuntime.cpp:142:  Mapping parameter at offset 20 of size 4 to offset 20 of size 4
   data = 0x20 0x00 0x00 0x00 
(0.041523) CudaRuntime.cpp:2685: kernel launch (_Z13copySharedMemPfS_ii) on thread 0x129aec0
(0.041529) CudaRuntime.cpp:2706:  launch completed successfully
(0.045245) CudaRuntime.cpp:2609: cudaConfigureCall()
(0.045250) CudaRuntime.cpp:2631: cudaSetupArgument() - offset 0, size 8
(0.045254) CudaRuntime.cpp:2631: cudaSetupArgument() - offset 8, size 8
(0.045257) CudaRuntime.cpp:2631: cudaSetupArgument() - offset 16, size 4
(0.045260) CudaRuntime.cpp:2631: cudaSetupArgument() - offset 20, size 4
(0.045269) CudaRuntime.cpp:142:  Mapping parameter at offset 0 of size 8 to offset 0 of size 8
   data = 0x00 0x2b 0x2a 0x01 0x00 0x00 0x00 0x00 
(0.045274) CudaRuntime.cpp:142:  Mapping parameter at offset 8 of size 8 to offset 8 of size 8
   data = 0x00 0x1a 0x2a 0x01 0x00 0x00 0x00 0x00 
(0.045279) CudaRuntime.cpp:142:  Mapping parameter at offset 16 of size 4 to offset 16 of size 4
   data = 0x20 0x00 0x00 0x00 
(0.045283) CudaRuntime.cpp:142:  Mapping parameter at offset 20 of size 4 to offset 20 of size 4
   data = 0x20 0x00 0x00 0x00 
(0.045287) CudaRuntime.cpp:2685: kernel launch (_Z13copySharedMemPfS_ii) on thread 0x129aec0
(0.045294) CudaRuntime.cpp:2706:  launch completed successfully
(0.048218) CudaRuntime.cpp:2609: cudaConfigureCall()
(0.048231) CudaRuntime.cpp:2631: cudaSetupArgument() - offset 0, size 8
(0.048237) CudaRuntime.cpp:2631: cudaSetupArgument() - offset 8, size 8
(0.048245) CudaRuntime.cpp:2631: cudaSetupArgument() - offset 16, size 4
(0.048249) CudaRuntime.cpp:2631: cudaSetupArgument() - offset 20, size 4
(0.048269) CudaRuntime.cpp:142:  Mapping parameter at offset 0 of size 8 to offset 0 of size 8
   data = 0x00 0x2b 0x2a 0x01 0x00 0x00 0x00 0x00 
(0.048284) CudaRuntime.cpp:142:  Mapping parameter at offset 8 of size 8 to offset 8 of size 8
   data = 0x00 0x1a 0x2a 0x01 0x00 0x00 0x00 0x00 
(0.048298) CudaRuntime.cpp:142:  Mapping parameter at offset 16 of size 4 to offset 16 of size 4
   data = 0x20 0x00 0x00 0x00 
(0.048311) CudaRuntime.cpp:142:  Mapping parameter at offset 20 of size 4 to offset 20 of size 4
   data = 0x20 0x00 0x00 0x00 
(0.048322) CudaRuntime.cpp:2685: kernel launch (_Z13copySharedMemPfS_ii) on thread 0x129aec0
(0.048337) CudaRuntime.cpp:2706:  launch completed successfully
(0.055657) CudaRuntime.cpp:1131: cudaMemcpy(0x129f7f0, 0x12a2b00, 4096)
(0.055675) CudaRuntime.cpp:215:    _memcpy(0x129f7f0, 0x12a2b00, 4096 bytes) d-to-h
(0.055725) CudaRuntime.cpp:1131: cudaMemcpy(0x129f7f0, 0x12a2b00, 4096)
(0.055739) CudaRuntime.cpp:215:    _memcpy(0x129f7f0, 0x12a2b00, 4096 bytes) d-to-h
transpose shared memory copy, Throughput = 0.0016 GB/s, Time = 4.71751 ms, Size = 1024 fp32 elements, NumDevsUsed = 1, Workgroup = 256
(0.055779) CudaRuntime.cpp:2609: cudaConfigureCall()
(0.055791) CudaRuntime.cpp:2631: cudaSetupArgument() - offset 0, size 8
(0.055802) CudaRuntime.cpp:2631: cudaSetupArgument() - offset 8, size 8
(0.055814) CudaRuntime.cpp:2631: cudaSetupArgument() - offset 16, size 4
(0.055824) CudaRuntime.cpp:2631: cudaSetupArgument() - offset 20, size 4
(0.055853) CudaRuntime.cpp:142:  Mapping parameter at offset 0 of size 8 to offset 0 of size 8
   data = 0x00 0x2b 0x2a 0x01 0x00 0x00 0x00 0x00 
(0.055872) CudaRuntime.cpp:142:  Mapping parameter at offset 8 of size 8 to offset 8 of size 8
   data = 0x00 0x1a 0x2a 0x01 0x00 0x00 0x00 0x00 
(0.055887) CudaRuntime.cpp:142:  Mapping parameter at offset 16 of size 4 to offset 16 of size 4
   data = 0x20 0x00 0x00 0x00 
(0.055906) CudaRuntime.cpp:142:  Mapping parameter at offset 20 of size 4 to offset 20 of size 4
   data = 0x20 0x00 0x00 0x00 
(0.055918) CudaRuntime.cpp:2685: kernel launch (_Z14transposeNaivePfS_ii) on thread 0x129aec0
(0.055940) CudaRuntime.cpp:2706:  launch completed successfully
(0.058725) CudaRuntime.cpp:2609: cudaConfigureCall()
(0.058747) CudaRuntime.cpp:2631: cudaSetupArgument() - offset 0, size 8
(0.058767) CudaRuntime.cpp:2631: cudaSetupArgument() - offset 8, size 8
(0.058786) CudaRuntime.cpp:2631: cudaSetupArgument() - offset 16, size 4
(0.058805) CudaRuntime.cpp:2631: cudaSetupArgument() - offset 20, size 4
(0.058843) CudaRuntime.cpp:142:  Mapping parameter at offset 0 of size 8 to offset 0 of size 8
   data = 0x00 0x2b 0x2a 0x01 0x00 0x00 0x00 0x00 
(0.058873) CudaRuntime.cpp:142:  Mapping parameter at offset 8 of size 8 to offset 8 of size 8
   data = 0x00 0x1a 0x2a 0x01 0x00 0x00 0x00 0x00 
(0.058900) CudaRuntime.cpp:142:  Mapping parameter at offset 16 of size 4 to offset 16 of size 4
   data = 0x20 0x00 0x00 0x00 
(0.058928) CudaRuntime.cpp:142:  Mapping parameter at offset 20 of size 4 to offset 20 of size 4
   data = 0x20 0x00 0x00 0x00 
(0.058950) CudaRuntime.cpp:2685: kernel launch (_Z14transposeNaivePfS_ii) on thread 0x129aec0
(0.058976) CudaRuntime.cpp:2706:  launch completed successfully
(0.061206) CudaRuntime.cpp:2609: cudaConfigureCall()
(0.061219) CudaRuntime.cpp:2631: cudaSetupArgument() - offset 0, size 8
(0.061226) CudaRuntime.cpp:2631: cudaSetupArgument() - offset 8, size 8
(0.061233) CudaRuntime.cpp:2631: cudaSetupArgument() - offset 16, size 4
(0.061239) CudaRuntime.cpp:2631: cudaSetupArgument() - offset 20, size 4
(0.061257) CudaRuntime.cpp:142:  Mapping parameter at offset 0 of size 8 to offset 0 of size 8
   data = 0x00 0x2b 0x2a 0x01 0x00 0x00 0x00 0x00 
(0.061267) CudaRuntime.cpp:142:  Mapping parameter at offset 8 of size 8 to offset 8 of size 8
   data = 0x00 0x1a 0x2a 0x01 0x00 0x00 0x00 0x00 
(0.061276) CudaRuntime.cpp:142:  Mapping parameter at offset 16 of size 4 to offset 16 of size 4
   data = 0x20 0x00 0x00 0x00 
(0.061285) CudaRuntime.cpp:142:  Mapping parameter at offset 20 of size 4 to offset 20 of size 4
   data = 0x20 0x00 0x00 0x00 
(0.061292) CudaRuntime.cpp:2685: kernel launch (_Z14transposeNaivePfS_ii) on thread 0x129aec0
(0.061308) CudaRuntime.cpp:2706:  launch completed successfully
(0.063265) CudaRuntime.cpp:2609: cudaConfigureCall()
(0.063276) CudaRuntime.cpp:2631: cudaSetupArgument() - offset 0, size 8
(0.063282) CudaRuntime.cpp:2631: cudaSetupArgument() - offset 8, size 8
(0.063288) CudaRuntime.cpp:2631: cudaSetupArgument() - offset 16, size 4
(0.063294) CudaRuntime.cpp:2631: cudaSetupArgument() - offset 20, size 4
(0.063309) CudaRuntime.cpp:142:  Mapping parameter at offset 0 of size 8 to offset 0 of size 8
   data = 0x00 0x2b 0x2a 0x01 0x00 0x00 0x00 0x00 
(0.063318) CudaRuntime.cpp:142:  Mapping parameter at offset 8 of size 8 to offset 8 of size 8
   data = 0x00 0x1a 0x2a 0x01 0x00 0x00 0x00 0x00 
(0.063335) CudaRuntime.cpp:142:  Mapping parameter at offset 16 of size 4 to offset 16 of size 4
   data = 0x20 0x00 0x00 0x00 
(0.063344) CudaRuntime.cpp:142:  Mapping parameter at offset 20 of size 4 to offset 20 of size 4
   data = 0x20 0x00 0x00 0x00 
(0.063350) CudaRuntime.cpp:2685: kernel launch (_Z14transposeNaivePfS_ii) on thread 0x129aec0
(0.063364) CudaRuntime.cpp:2706:  launch completed successfully
(0.066356) CudaRuntime.cpp:1131: cudaMemcpy(0x129f7f0, 0x12a2b00, 4096)
(0.066368) CudaRuntime.cpp:215:    _memcpy(0x129f7f0, 0x12a2b00, 4096 bytes) d-to-h
(0.066387) CudaRuntime.cpp:1131: cudaMemcpy(0x129f7f0, 0x12a2b00, 4096)
(0.066393) CudaRuntime.cpp:215:    _memcpy(0x129f7f0, 0x12a2b00, 4096 bytes) d-to-h
transpose naive             , Throughput = 0.0030 GB/s, Time = 2.54552 ms, Size = 1024 fp32 elements, NumDevsUsed = 1, Workgroup = 256
(0.066413) CudaRuntime.cpp:2609: cudaConfigureCall()
(0.066420) CudaRuntime.cpp:2631: cudaSetupArgument() - offset 0, size 8
(0.066426) CudaRuntime.cpp:2631: cudaSetupArgument() - offset 8, size 8
(0.066432) CudaRuntime.cpp:2631: cudaSetupArgument() - offset 16, size 4
(0.066438) CudaRuntime.cpp:2631: cudaSetupArgument() - offset 20, size 4
(0.066454) CudaRuntime.cpp:142:  Mapping parameter at offset 0 of size 8 to offset 0 of size 8
   data = 0x00 0x2b 0x2a 0x01 0x00 0x00 0x00 0x00 
(0.066464) CudaRuntime.cpp:142:  Mapping parameter at offset 8 of size 8 to offset 8 of size 8
   data = 0x00 0x1a 0x2a 0x01 0x00 0x00 0x00 0x00 
(0.066473) CudaRuntime.cpp:142:  Mapping parameter at offset 16 of size 4 to offset 16 of size 4
   data = 0x20 0x00 0x00 0x00 
(0.066481) CudaRuntime.cpp:142:  Mapping parameter at offset 20 of size 4 to offset 20 of size 4
   data = 0x20 0x00 0x00 0x00 
(0.066488) CudaRuntime.cpp:2685: kernel launch (_Z18transposeCoalescedPfS_ii) on thread 0x129aec0
(0.066501) CudaRuntime.cpp:2706:  launch completed successfully
(0.070460) CudaRuntime.cpp:2609: cudaConfigureCall()
(0.070481) CudaRuntime.cpp:2631: cudaSetupArgument() - offset 0, size 8
(0.070499) CudaRuntime.cpp:2631: cudaSetupArgument() - offset 8, size 8
(0.070517) CudaRuntime.cpp:2631: cudaSetupArgument() - offset 16, size 4
(0.070535) CudaRuntime.cpp:2631: cudaSetupArgument() - offset 20, size 4
(0.070568) CudaRuntime.cpp:142:  Mapping parameter at offset 0 of size 8 to offset 0 of size 8
   data = 0x00 0x2b 0x2a 0x01 0x00 0x00 0x00 0x00 
(0.070597) CudaRuntime.cpp:142:  Mapping parameter at offset 8 of size 8 to offset 8 of size 8
   data = 0x00 0x1a 0x2a 0x01 0x00 0x00 0x00 0x00 
(0.070622) CudaRuntime.cpp:142:  Mapping parameter at offset 16 of size 4 to offset 16 of size 4
   data = 0x20 0x00 0x00 0x00 
(0.070648) CudaRuntime.cpp:142:  Mapping parameter at offset 20 of size 4 to offset 20 of size 4
   data = 0x20 0x00 0x00 0x00 
(0.070668) CudaRuntime.cpp:2685: kernel launch (_Z18transposeCoalescedPfS_ii) on thread 0x129aec0
(0.070692) CudaRuntime.cpp:2706:  launch completed successfully
(0.073823) CudaRuntime.cpp:2609: cudaConfigureCall()
(0.073832) CudaRuntime.cpp:2631: cudaSetupArgument() - offset 0, size 8
(0.073838) CudaRuntime.cpp:2631: cudaSetupArgument() - offset 8, size 8
(0.073844) CudaRuntime.cpp:2631: cudaSetupArgument() - offset 16, size 4
(0.073850) CudaRuntime.cpp:2631: cudaSetupArgument() - offset 20, size 4
(0.073864) CudaRuntime.cpp:142:  Mapping parameter at offset 0 of size 8 to offset 0 of size 8
   data = 0x00 0x2b 0x2a 0x01 0x00 0x00 0x00 0x00 
(0.073873) CudaRuntime.cpp:142:  Mapping parameter at offset 8 of size 8 to offset 8 of size 8
   data = 0x00 0x1a 0x2a 0x01 0x00 0x00 0x00 0x00 
(0.073882) CudaRuntime.cpp:142:  Mapping parameter at offset 16 of size 4 to offset 16 of size 4
   data = 0x20 0x00 0x00 0x00 
(0.073890) CudaRuntime.cpp:142:  Mapping parameter at offset 20 of size 4 to offset 20 of size 4
   data = 0x20 0x00 0x00 0x00 
(0.073896) CudaRuntime.cpp:2685: kernel launch (_Z18transposeCoalescedPfS_ii) on thread 0x129aec0
(0.073908) CudaRuntime.cpp:2706:  launch completed successfully
(0.076811) CudaRuntime.cpp:2609: cudaConfigureCall()
(0.076827) CudaRuntime.cpp:2631: cudaSetupArgument() - offset 0, size 8
(0.076847) CudaRuntime.cpp:2631: cudaSetupArgument() - offset 8, size 8
(0.076855) CudaRuntime.cpp:2631: cudaSetupArgument() - offset 16, size 4
(0.076864) CudaRuntime.cpp:2631: cudaSetupArgument() - offset 20, size 4
(0.076886) CudaRuntime.cpp:142:  Mapping parameter at offset 0 of size 8 to offset 0 of size 8
   data = 0x00 0x2b 0x2a 0x01 0x00 0x00 0x00 0x00 
(0.076899) CudaRuntime.cpp:142:  Mapping parameter at offset 8 of size 8 to offset 8 of size 8
   data = 0x00 0x1a 0x2a 0x01 0x00 0x00 0x00 0x00 
(0.076910) CudaRuntime.cpp:142:  Mapping parameter at offset 16 of size 4 to offset 16 of size 4
   data = 0x20 0x00 0x00 0x00 
(0.076921) CudaRuntime.cpp:142:  Mapping parameter at offset 20 of size 4 to offset 20 of size 4
   data = 0x20 0x00 0x00 0x00 
(0.076930) CudaRuntime.cpp:2685: kernel launch (_Z18transposeCoalescedPfS_ii) on thread 0x129aec0
(0.076948) CudaRuntime.cpp:2706:  launch completed successfully
(0.079720) CudaRuntime.cpp:1131: cudaMemcpy(0x129f7f0, 0x12a2b00, 4096)
(0.079736) CudaRuntime.cpp:215:    _memcpy(0x129f7f0, 0x12a2b00, 4096 bytes) d-to-h
(0.079761) CudaRuntime.cpp:1131: cudaMemcpy(0x129f7f0, 0x12a2b00, 4096)
(0.079769) CudaRuntime.cpp:215:    _memcpy(0x129f7f0, 0x12a2b00, 4096 bytes) d-to-h
transpose coalesced         , Throughput = 0.0025 GB/s, Time = 3.08577 ms, Size = 1024 fp32 elements, NumDevsUsed = 1, Workgroup = 256
(0.079796) CudaRuntime.cpp:2609: cudaConfigureCall()
(0.079804) CudaRuntime.cpp:2631: cudaSetupArgument() - offset 0, size 8
(0.079813) CudaRuntime.cpp:2631: cudaSetupArgument() - offset 8, size 8
(0.079821) CudaRuntime.cpp:2631: cudaSetupArgument() - offset 16, size 4
(0.079829) CudaRuntime.cpp:2631: cudaSetupArgument() - offset 20, size 4
(0.079850) CudaRuntime.cpp:142:  Mapping parameter at offset 0 of size 8 to offset 0 of size 8
   data = 0x00 0x2b 0x2a 0x01 0x00 0x00 0x00 0x00 
(0.079863) CudaRuntime.cpp:142:  Mapping parameter at offset 8 of size 8 to offset 8 of size 8
   data = 0x00 0x1a 0x2a 0x01 0x00 0x00 0x00 0x00 
(0.079874) CudaRuntime.cpp:142:  Mapping parameter at offset 16 of size 4 to offset 16 of size 4
   data = 0x20 0x00 0x00 0x00 
(0.079885) CudaRuntime.cpp:142:  Mapping parameter at offset 20 of size 4 to offset 20 of size 4
   data = 0x20 0x00 0x00 0x00 
(0.079894) CudaRuntime.cpp:2685: kernel launch (_Z24transposeNoBankConflictsPfS_ii) on thread 0x129aec0
(0.079913) CudaRuntime.cpp:2706:  launch completed successfully
(0.082856) CudaRuntime.cpp:2609: cudaConfigureCall()
(0.082871) CudaRuntime.cpp:2631: cudaSetupArgument() - offset 0, size 8
(0.082880) CudaRuntime.cpp:2631: cudaSetupArgument() - offset 8, size 8
(0.082889) CudaRuntime.cpp:2631: cudaSetupArgument() - offset 16, size 4
(0.082897) CudaRuntime.cpp:2631: cudaSetupArgument() - offset 20, size 4
(0.082917) CudaRuntime.cpp:142:  Mapping parameter at offset 0 of size 8 to offset 0 of size 8
   data = 0x00 0x2b 0x2a 0x01 0x00 0x00 0x00 0x00 
(0.082930) CudaRuntime.cpp:142:  Mapping parameter at offset 8 of size 8 to offset 8 of size 8
   data = 0x00 0x1a 0x2a 0x01 0x00 0x00 0x00 0x00 
(0.082941) CudaRuntime.cpp:142:  Mapping parameter at offset 16 of size 4 to offset 16 of size 4
   data = 0x20 0x00 0x00 0x00 
(0.082953) CudaRuntime.cpp:142:  Mapping parameter at offset 20 of size 4 to offset 20 of size 4
   data = 0x20 0x00 0x00 0x00 
(0.082962) CudaRuntime.cpp:2685: kernel launch (_Z24transposeNoBankConflictsPfS_ii) on thread 0x129aec0
(0.082981) CudaRuntime.cpp:2706:  launch completed successfully
(0.085737) CudaRuntime.cpp:2609: cudaConfigureCall()
(0.085752) CudaRuntime.cpp:2631: cudaSetupArgument() - offset 0, size 8
(0.085761) CudaRuntime.cpp:2631: cudaSetupArgument() - offset 8, size 8
(0.085769) CudaRuntime.cpp:2631: cudaSetupArgument() - offset 16, size 4
(0.085776) CudaRuntime.cpp:2631: cudaSetupArgument() - offset 20, size 4
(0.085797) CudaRuntime.cpp:142:  Mapping parameter at offset 0 of size 8 to offset 0 of size 8
   data = 0x00 0x2b 0x2a 0x01 0x00 0x00 0x00 0x00 
(0.085809) CudaRuntime.cpp:142:  Mapping parameter at offset 8 of size 8 to offset 8 of size 8
   data = 0x00 0x1a 0x2a 0x01 0x00 0x00 0x00 0x00 
(0.085830) CudaRuntime.cpp:142:  Mapping parameter at offset 16 of size 4 to offset 16 of size 4
   data = 0x20 0x00 0x00 0x00 
(0.085841) CudaRuntime.cpp:142:  Mapping parameter at offset 20 of size 4 to offset 20 of size 4
   data = 0x20 0x00 0x00 0x00 
(0.085849) CudaRuntime.cpp:2685: kernel launch (_Z24transposeNoBankConflictsPfS_ii) on thread 0x129aec0
(0.085866) CudaRuntime.cpp:2706:  launch completed successfully
(0.098770) CudaRuntime.cpp:2609: cudaConfigureCall()
(0.098802) CudaRuntime.cpp:2631: cudaSetupArgument() - offset 0, size 8
(0.098828) CudaRuntime.cpp:2631: cudaSetupArgument() - offset 8, size 8
(0.098852) CudaRuntime.cpp:2631: cudaSetupArgument() - offset 16, size 4
(0.098876) CudaRuntime.cpp:2631: cudaSetupArgument() - offset 20, size 4
(0.098925) CudaRuntime.cpp:142:  Mapping parameter at offset 0 of size 8 to offset 0 of size 8
   data = 0x00 0x2b 0x2a 0x01 0x00 0x00 0x00 0x00 
(0.098964) CudaRuntime.cpp:142:  Mapping parameter at offset 8 of size 8 to offset 8 of size 8
   data = 0x00 0x1a 0x2a 0x01 0x00 0x00 0x00 0x00 
(0.098999) CudaRuntime.cpp:142:  Mapping parameter at offset 16 of size 4 to offset 16 of size 4
   data = 0x20 0x00 0x00 0x00 
(0.099033) CudaRuntime.cpp:142:  Mapping parameter at offset 20 of size 4 to offset 20 of size 4
   data = 0x20 0x00 0x00 0x00 
(0.099059) CudaRuntime.cpp:2685: kernel launch (_Z24transposeNoBankConflictsPfS_ii) on thread 0x129aec0
(0.099096) CudaRuntime.cpp:2706:  launch completed successfully
(0.102854) CudaRuntime.cpp:1131: cudaMemcpy(0x129f7f0, 0x12a2b00, 4096)
(0.102870) CudaRuntime.cpp:215:    _memcpy(0x129f7f0, 0x12a2b00, 4096 bytes) d-to-h
(0.102895) CudaRuntime.cpp:1131: cudaMemcpy(0x129f7f0, 0x12a2b00, 4096)
(0.102921) CudaRuntime.cpp:215:    _memcpy(0x129f7f0, 0x12a2b00, 4096 bytes) d-to-h
transpose optimized         , Throughput = 0.0011 GB/s, Time = 6.66436 ms, Size = 1024 fp32 elements, NumDevsUsed = 1, Workgroup = 256
(0.102971) CudaRuntime.cpp:2609: cudaConfigureCall()
(0.102993) CudaRuntime.cpp:2631: cudaSetupArgument() - offset 0, size 8
(0.103010) CudaRuntime.cpp:2631: cudaSetupArgument() - offset 8, size 8
(0.103024) CudaRuntime.cpp:2631: cudaSetupArgument() - offset 16, size 4
(0.103038) CudaRuntime.cpp:2631: cudaSetupArgument() - offset 20, size 4
(0.103087) CudaRuntime.cpp:142:  Mapping parameter at offset 0 of size 8 to offset 0 of size 8
   data = 0x00 0x2b 0x2a 0x01 0x00 0x00 0x00 0x00 
(0.103126) CudaRuntime.cpp:142:  Mapping parameter at offset 8 of size 8 to offset 8 of size 8
   data = 0x00 0x1a 0x2a 0x01 0x00 0x00 0x00 0x00 
(0.103159) CudaRuntime.cpp:142:  Mapping parameter at offset 16 of size 4 to offset 16 of size 4
   data = 0x20 0x00 0x00 0x00 
(0.103194) CudaRuntime.cpp:142:  Mapping parameter at offset 20 of size 4 to offset 20 of size 4
   data = 0x20 0x00 0x00 0x00 
(0.103220) CudaRuntime.cpp:2685: kernel launch (_Z22transposeCoarseGrainedPfS_ii) on thread 0x129aec0
(0.103289) CudaRuntime.cpp:2706:  launch completed successfully
(0.106778) CudaRuntime.cpp:2609: cudaConfigureCall()
(0.106793) CudaRuntime.cpp:2631: cudaSetupArgument() - offset 0, size 8
(0.106803) CudaRuntime.cpp:2631: cudaSetupArgument() - offset 8, size 8
(0.106811) CudaRuntime.cpp:2631: cudaSetupArgument() - offset 16, size 4
(0.106819) CudaRuntime.cpp:2631: cudaSetupArgument() - offset 20, size 4
(0.106840) CudaRuntime.cpp:142:  Mapping parameter at offset 0 of size 8 to offset 0 of size 8
   data = 0x00 0x2b 0x2a 0x01 0x00 0x00 0x00 0x00 
(0.106853) CudaRuntime.cpp:142:  Mapping parameter at offset 8 of size 8 to offset 8 of size 8
   data = 0x00 0x1a 0x2a 0x01 0x00 0x00 0x00 0x00 
(0.106865) CudaRuntime.cpp:142:  Mapping parameter at offset 16 of size 4 to offset 16 of size 4
   data = 0x20 0x00 0x00 0x00 
(0.106877) CudaRuntime.cpp:142:  Mapping parameter at offset 20 of size 4 to offset 20 of size 4
   data = 0x20 0x00 0x00 0x00 
(0.106886) CudaRuntime.cpp:2685: kernel launch (_Z22transposeCoarseGrainedPfS_ii) on thread 0x129aec0
(0.106903) CudaRuntime.cpp:2706:  launch completed successfully
(0.110174) CudaRuntime.cpp:2609: cudaConfigureCall()
(0.110187) CudaRuntime.cpp:2631: cudaSetupArgument() - offset 0, size 8
(0.110195) CudaRuntime.cpp:2631: cudaSetupArgument() - offset 8, size 8
(0.110203) CudaRuntime.cpp:2631: cudaSetupArgument() - offset 16, size 4
(0.110212) CudaRuntime.cpp:2631: cudaSetupArgument() - offset 20, size 4
(0.110231) CudaRuntime.cpp:142:  Mapping parameter at offset 0 of size 8 to offset 0 of size 8
   data = 0x00 0x2b 0x2a 0x01 0x00 0x00 0x00 0x00 
(0.110244) CudaRuntime.cpp:142:  Mapping parameter at offset 8 of size 8 to offset 8 of size 8
   data = 0x00 0x1a 0x2a 0x01 0x00 0x00 0x00 0x00 
(0.110255) CudaRuntime.cpp:142:  Mapping parameter at offset 16 of size 4 to offset 16 of size 4
   data = 0x20 0x00 0x00 0x00 
(0.110266) CudaRuntime.cpp:142:  Mapping parameter at offset 20 of size 4 to offset 20 of size 4
   data = 0x20 0x00 0x00 0x00 
(0.110275) CudaRuntime.cpp:2685: kernel launch (_Z22transposeCoarseGrainedPfS_ii) on thread 0x129aec0
(0.110291) CudaRuntime.cpp:2706:  launch completed successfully
(0.113444) CudaRuntime.cpp:2609: cudaConfigureCall()
(0.113466) CudaRuntime.cpp:2631: cudaSetupArgument() - offset 0, size 8
(0.113480) CudaRuntime.cpp:2631: cudaSetupArgument() - offset 8, size 8
(0.113494) CudaRuntime.cpp:2631: cudaSetupArgument() - offset 16, size 4
(0.113508) CudaRuntime.cpp:2631: cudaSetupArgument() - offset 20, size 4
(0.113544) CudaRuntime.cpp:142:  Mapping parameter at offset 0 of size 8 to offset 0 of size 8
   data = 0x00 0x2b 0x2a 0x01 0x00 0x00 0x00 0x00 
(0.113593) CudaRuntime.cpp:142:  Mapping parameter at offset 8 of size 8 to offset 8 of size 8
   data = 0x00 0x1a 0x2a 0x01 0x00 0x00 0x00 0x00 
(0.113616) CudaRuntime.cpp:142:  Mapping parameter at offset 16 of size 4 to offset 16 of size 4
   data = 0x20 0x00 0x00 0x00 
(0.113635) CudaRuntime.cpp:142:  Mapping parameter at offset 20 of size 4 to offset 20 of size 4
   data = 0x20 0x00 0x00 0x00 
(0.113650) CudaRuntime.cpp:2685: kernel launch (_Z22transposeCoarseGrainedPfS_ii) on thread 0x129aec0
(0.113688) CudaRuntime.cpp:2706:  launch completed successfully
(0.119722) CudaRuntime.cpp:1131: cudaMemcpy(0x129f7f0, 0x12a2b00, 4096)
(0.119746) CudaRuntime.cpp:215:    _memcpy(0x129f7f0, 0x12a2b00, 4096 bytes) d-to-h
(0.119792) CudaRuntime.cpp:1131: cudaMemcpy(0x129f7f0, 0x12a2b00, 4096)
(0.119807) CudaRuntime.cpp:215:    _memcpy(0x129f7f0, 0x12a2b00, 4096 bytes) d-to-h
transpose coarse-grained    , Throughput = 0.0018 GB/s, Time = 4.31140 ms, Size = 1024 fp32 elements, NumDevsUsed = 1, Workgroup = 256
(0.119859) CudaRuntime.cpp:2609: cudaConfigureCall()
(0.119874) CudaRuntime.cpp:2631: cudaSetupArgument() - offset 0, size 8
(0.119888) CudaRuntime.cpp:2631: cudaSetupArgument() - offset 8, size 8
(0.119902) CudaRuntime.cpp:2631: cudaSetupArgument() - offset 16, size 4
(0.119916) CudaRuntime.cpp:2631: cudaSetupArgument() - offset 20, size 4
(0.119948) CudaRuntime.cpp:142:  Mapping parameter at offset 0 of size 8 to offset 0 of size 8
   data = 0x00 0x2b 0x2a 0x01 0x00 0x00 0x00 0x00 
(0.119970) CudaRuntime.cpp:142:  Mapping parameter at offset 8 of size 8 to offset 8 of size 8
   data = 0x00 0x1a 0x2a 0x01 0x00 0x00 0x00 0x00 
(0.119990) CudaRuntime.cpp:142:  Mapping parameter at offset 16 of size 4 to offset 16 of size 4
   data = 0x20 0x00 0x00 0x00 
(0.120009) CudaRuntime.cpp:142:  Mapping parameter at offset 20 of size 4 to offset 20 of size 4
   data = 0x20 0x00 0x00 0x00 
(0.120025) CudaRuntime.cpp:2685: kernel launch (_Z20transposeFineGrainedPfS_ii) on thread 0x129aec0
(0.120054) CudaRuntime.cpp:2706:  launch completed successfully
(0.125375) CudaRuntime.cpp:2609: cudaConfigureCall()
(0.125403) CudaRuntime.cpp:2631: cudaSetupArgument() - offset 0, size 8
(0.125429) CudaRuntime.cpp:2631: cudaSetupArgument() - offset 8, size 8
(0.125443) CudaRuntime.cpp:2631: cudaSetupArgument() - offset 16, size 4
(0.125457) CudaRuntime.cpp:2631: cudaSetupArgument() - offset 20, size 4
(0.125492) CudaRuntime.cpp:142:  Mapping parameter at offset 0 of size 8 to offset 0 of size 8
   data = 0x00 0x2b 0x2a 0x01 0x00 0x00 0x00 0x00 
(0.125640) CudaRuntime.cpp:142:  Mapping parameter at offset 8 of size 8 to offset 8 of size 8
   data = 0x00 0x1a 0x2a 0x01 0x00 0x00 0x00 0x00 
(0.125673) CudaRuntime.cpp:142:  Mapping parameter at offset 16 of size 4 to offset 16 of size 4
   data = 0x20 0x00 0x00 0x00 
(0.125708) CudaRuntime.cpp:142:  Mapping parameter at offset 20 of size 4 to offset 20 of size 4
   data = 0x20 0x00 0x00 0x00 
(0.125727) CudaRuntime.cpp:2685: kernel launch (_Z20transposeFineGrainedPfS_ii) on thread 0x129aec0
(0.125762) CudaRuntime.cpp:2706:  launch completed successfully
(0.131729) CudaRuntime.cpp:2609: cudaConfigureCall()
(0.131746) CudaRuntime.cpp:2631: cudaSetupArgument() - offset 0, size 8
(0.131764) CudaRuntime.cpp:2631: cudaSetupArgument() - offset 8, size 8
(0.131781) CudaRuntime.cpp:2631: cudaSetupArgument() - offset 16, size 4
(0.131793) CudaRuntime.cpp:2631: cudaSetupArgument() - offset 20, size 4
(0.131828) CudaRuntime.cpp:142:  Mapping parameter at offset 0 of size 8 to offset 0 of size 8
   data = 0x00 0x2b 0x2a 0x01 0x00 0x00 0x00 0x00 
(0.131854) CudaRuntime.cpp:142:  Mapping parameter at offset 8 of size 8 to offset 8 of size 8
   data = 0x00 0x1a 0x2a 0x01 0x00 0x00 0x00 0x00 
(0.131877) CudaRuntime.cpp:142:  Mapping parameter at offset 16 of size 4 to offset 16 of size 4
   data = 0x20 0x00 0x00 0x00 
(0.131899) CudaRuntime.cpp:142:  Mapping parameter at offset 20 of size 4 to offset 20 of size 4
   data = 0x20 0x00 0x00 0x00 
(0.131910) CudaRuntime.cpp:2685: kernel launch (_Z20transposeFineGrainedPfS_ii) on thread 0x129aec0
(0.131938) CudaRuntime.cpp:2706:  launch completed successfully
(0.137106) CudaRuntime.cpp:2609: cudaConfigureCall()
(0.137121) CudaRuntime.cpp:2631: cudaSetupArgument() - offset 0, size 8
(0.137133) CudaRuntime.cpp:2631: cudaSetupArgument() - offset 8, size 8
(0.137139) CudaRuntime.cpp:2631: cudaSetupArgument() - offset 16, size 4
(0.137148) CudaRuntime.cpp:2631: cudaSetupArgument() - offset 20, size 4
(0.137169) CudaRuntime.cpp:142:  Mapping parameter at offset 0 of size 8 to offset 0 of size 8
   data = 0x00 0x2b 0x2a 0x01 0x00 0x00 0x00 0x00 
(0.137180) CudaRuntime.cpp:142:  Mapping parameter at offset 8 of size 8 to offset 8 of size 8
   data = 0x00 0x1a 0x2a 0x01 0x00 0x00 0x00 0x00 
(0.137198) CudaRuntime.cpp:142:  Mapping parameter at offset 16 of size 4 to offset 16 of size 4
   data = 0x20 0x00 0x00 0x00 
(0.137209) CudaRuntime.cpp:142:  Mapping parameter at offset 20 of size 4 to offset 20 of size 4
   data = 0x20 0x00 0x00 0x00 
(0.137215) CudaRuntime.cpp:2685: kernel launch (_Z20transposeFineGrainedPfS_ii) on thread 0x129aec0
(0.137233) CudaRuntime.cpp:2706:  launch completed successfully
(0.140268) CudaRuntime.cpp:1131: cudaMemcpy(0x129f7f0, 0x12a2b00, 4096)
(0.140279) CudaRuntime.cpp:215:    _memcpy(0x129f7f0, 0x12a2b00, 4096 bytes) d-to-h
(0.140299) CudaRuntime.cpp:1131: cudaMemcpy(0x129f7f0, 0x12a2b00, 4096)
(0.140317) CudaRuntime.cpp:215:    _memcpy(0x129f7f0, 0x12a2b00, 4096 bytes) d-to-h
transpose fine-grained      , Throughput = 0.0015 GB/s, Time = 4.96666 ms, Size = 1024 fp32 elements, NumDevsUsed = 1, Workgroup = 256
(0.140348) CudaRuntime.cpp:2609: cudaConfigureCall()
(0.140359) CudaRuntime.cpp:2631: cudaSetupArgument() - offset 0, size 8
(0.140366) CudaRuntime.cpp:2631: cudaSetupArgument() - offset 8, size 8
(0.140376) CudaRuntime.cpp:2631: cudaSetupArgument() - offset 16, size 4
(0.140384) CudaRuntime.cpp:2631: cudaSetupArgument() - offset 20, size 4
(0.140404) CudaRuntime.cpp:142:  Mapping parameter at offset 0 of size 8 to offset 0 of size 8
   data = 0x00 0x2b 0x2a 0x01 0x00 0x00 0x00 0x00 
(0.140414) CudaRuntime.cpp:142:  Mapping parameter at offset 8 of size 8 to offset 8 of size 8
   data = 0x00 0x1a 0x2a 0x01 0x00 0x00 0x00 0x00 
(0.140422) CudaRuntime.cpp:142:  Mapping parameter at offset 16 of size 4 to offset 16 of size 4
   data = 0x20 0x00 0x00 0x00 
(0.140430) CudaRuntime.cpp:142:  Mapping parameter at offset 20 of size 4 to offset 20 of size 4
   data = 0x20 0x00 0x00 0x00 
(0.140440) CudaRuntime.cpp:2685: kernel launch (_Z17transposeDiagonalPfS_ii) on thread 0x129aec0
(0.140465) CudaRuntime.cpp:2706:  launch completed successfully
(0.152959) CudaRuntime.cpp:2609: cudaConfigureCall()
(0.152971) CudaRuntime.cpp:2631: cudaSetupArgument() - offset 0, size 8
(0.152975) CudaRuntime.cpp:2631: cudaSetupArgument() - offset 8, size 8
(0.152979) CudaRuntime.cpp:2631: cudaSetupArgument() - offset 16, size 4
(0.152982) CudaRuntime.cpp:2631: cudaSetupArgument() - offset 20, size 4
(0.152996) CudaRuntime.cpp:142:  Mapping parameter at offset 0 of size 8 to offset 0 of size 8
   data = 0x00 0x2b 0x2a 0x01 0x00 0x00 0x00 0x00 
(0.153001) CudaRuntime.cpp:142:  Mapping parameter at offset 8 of size 8 to offset 8 of size 8
   data = 0x00 0x1a 0x2a 0x01 0x00 0x00 0x00 0x00 
(0.153005) CudaRuntime.cpp:142:  Mapping parameter at offset 16 of size 4 to offset 16 of size 4
   data = 0x20 0x00 0x00 0x00 
(0.153010) CudaRuntime.cpp:142:  Mapping parameter at offset 20 of size 4 to offset 20 of size 4
   data = 0x20 0x00 0x00 0x00 
(0.153014) CudaRuntime.cpp:2685: kernel launch (_Z17transposeDiagonalPfS_ii) on thread 0x129aec0
(0.153025) CudaRuntime.cpp:2706:  launch completed successfully
(0.165028) CudaRuntime.cpp:2609: cudaConfigureCall()
(0.165046) CudaRuntime.cpp:2631: cudaSetupArgument() - offset 0, size 8
(0.165053) CudaRuntime.cpp:2631: cudaSetupArgument() - offset 8, size 8
(0.165061) CudaRuntime.cpp:2631: cudaSetupArgument() - offset 16, size 4
(0.165066) CudaRuntime.cpp:2631: cudaSetupArgument() - offset 20, size 4
(0.165084) CudaRuntime.cpp:142:  Mapping parameter at offset 0 of size 8 to offset 0 of size 8
   data = 0x00 0x2b 0x2a 0x01 0x00 0x00 0x00 0x00 
(0.165091) CudaRuntime.cpp:142:  Mapping parameter at offset 8 of size 8 to offset 8 of size 8
   data = 0x00 0x1a 0x2a 0x01 0x00 0x00 0x00 0x00 
(0.165097) CudaRuntime.cpp:142:  Mapping parameter at offset 16 of size 4 to offset 16 of size 4
   data = 0x20 0x00 0x00 0x00 
(0.165102) CudaRuntime.cpp:142:  Mapping parameter at offset 20 of size 4 to offset 20 of size 4
   data = 0x20 0x00 0x00 0x00 
(0.165107) CudaRuntime.cpp:2685: kernel launch (_Z17transposeDiagonalPfS_ii) on thread 0x129aec0
(0.165125) CudaRuntime.cpp:2706:  launch completed successfully
(0.173939) CudaRuntime.cpp:2609: cudaConfigureCall()
(0.173953) CudaRuntime.cpp:2631: cudaSetupArgument() - offset 0, size 8
(0.173959) CudaRuntime.cpp:2631: cudaSetupArgument() - offset 8, size 8
(0.173968) CudaRuntime.cpp:2631: cudaSetupArgument() - offset 16, size 4
(0.173973) CudaRuntime.cpp:2631: cudaSetupArgument() - offset 20, size 4
(0.173992) CudaRuntime.cpp:142:  Mapping parameter at offset 0 of size 8 to offset 0 of size 8
   data = 0x00 0x2b 0x2a 0x01 0x00 0x00 0x00 0x00 
(0.174001) CudaRuntime.cpp:142:  Mapping parameter at offset 8 of size 8 to offset 8 of size 8
   data = 0x00 0x1a 0x2a 0x01 0x00 0x00 0x00 0x00 
(0.174009) CudaRuntime.cpp:142:  Mapping parameter at offset 16 of size 4 to offset 16 of size 4
   data = 0x20 0x00 0x00 0x00 
(0.174016) CudaRuntime.cpp:142:  Mapping parameter at offset 20 of size 4 to offset 20 of size 4
   data = 0x20 0x00 0x00 0x00 
(0.174023) CudaRuntime.cpp:2685: kernel launch (_Z17transposeDiagonalPfS_ii) on thread 0x129aec0
(0.174041) CudaRuntime.cpp:2706:  launch completed successfully
(0.180705) CudaRuntime.cpp:1131: cudaMemcpy(0x129f7f0, 0x12a2b00, 4096)
(0.180716) CudaRuntime.cpp:215:    _memcpy(0x129f7f0, 0x12a2b00, 4096 bytes) d-to-h
(0.180730) CudaRuntime.cpp:1131: cudaMemcpy(0x129f7f0, 0x12a2b00, 4096)
(0.180734) CudaRuntime.cpp:215:    _memcpy(0x129f7f0, 0x12a2b00, 4096 bytes) d-to-h
transpose diagonal          , Throughput = 0.0008 GB/s, Time = 9.24794 ms, Size = 1024 fp32 elements, NumDevsUsed = 1, Workgroup = 256
(0.180755) CudaRuntime.cpp:887:  cudaFree(0x12a1a00)
(0.180763) CudaRuntime.cpp:887:  cudaFree(0x12a2b00)
Test passed
