(0.000599) CudaRuntime.cpp:3813: Adding external function 'malloc'
(0.000655) CudaRuntime.cpp:3813: Adding external function 'free'
(0.000666) CudaRuntime.cpp:3813: Adding external function 'vprintf'
(0.000674) CudaRuntime.cpp:3813: Adding external function 'cudaGetParameterBuffer'
(0.000724) CudaRuntime.cpp:595:  Loading module (fatbin) - CUDAStream.cu
(0.000735) CudaRuntime.cpp:738:  Registered kernel - _Z11init_kernelIdEvPT_S1_S1_S0_S0_S0_ in module 'CUDAStream.cu'
(0.000749) CudaRuntime.cpp:738:  Registered kernel - _Z10dot_kernelIdEvPKT_S2_PS0_i in module 'CUDAStream.cu'
(0.000757) CudaRuntime.cpp:738:  Registered kernel - _Z14nstream_kernelIdEvPT_PKS0_S3_ in module 'CUDAStream.cu'
(0.000766) CudaRuntime.cpp:738:  Registered kernel - _Z12triad_kernelIdEvPT_PKS0_S3_ in module 'CUDAStream.cu'
(0.000774) CudaRuntime.cpp:738:  Registered kernel - _Z10mul_kernelIdEvPT_PKS0_ in module 'CUDAStream.cu'
(0.000782) CudaRuntime.cpp:738:  Registered kernel - _Z10add_kernelIdEvPKT_S2_PS0_ in module 'CUDAStream.cu'
(0.000789) CudaRuntime.cpp:738:  Registered kernel - _Z11copy_kernelIdEvPKT_PS0_ in module 'CUDAStream.cu'
(0.000798) CudaRuntime.cpp:738:  Registered kernel - _Z11init_kernelIfEvPT_S1_S1_S0_S0_S0_ in module 'CUDAStream.cu'
(0.000805) CudaRuntime.cpp:738:  Registered kernel - _Z10dot_kernelIfEvPKT_S2_PS0_i in module 'CUDAStream.cu'
(0.000813) CudaRuntime.cpp:738:  Registered kernel - _Z14nstream_kernelIfEvPT_PKS0_S3_ in module 'CUDAStream.cu'
(0.000821) CudaRuntime.cpp:738:  Registered kernel - _Z12triad_kernelIfEvPT_PKS0_S3_ in module 'CUDAStream.cu'
(0.000829) CudaRuntime.cpp:738:  Registered kernel - _Z10mul_kernelIfEvPT_PKS0_ in module 'CUDAStream.cu'
(0.000837) CudaRuntime.cpp:738:  Registered kernel - _Z10add_kernelIfEvPKT_S2_PS0_ in module 'CUDAStream.cu'
(0.000846) CudaRuntime.cpp:738:  Registered kernel - _Z11copy_kernelIfEvPKT_PS0_ in module 'CUDAStream.cu'
BabelStream
Version: 4.0
Implementation: CUDA
Running kernels 1 times
Precision: double
Array size: 0.1 MB (=0.0 GB)
Total size: 0.2 MB (=0.0 GB)
(0.000959) CudaRuntime.cpp:446:  Creating new context for thread 0xc35070
(0.000988) CudaRuntime.cpp:2289: Setting device for thread 0xc35070 to 0
(0.001001) CudaRuntime.cpp:276:  Creating devices.
(0.001144) CudaRuntime.cpp:288:   - Added 1 emulator devices.
(0.001252) CudaRuntime.cpp:2203: cuda::CudaRuntime::cudaGetDeviceProperties(dev = 0) - major: 2, minor: 1
(0.001265) CudaRuntime.cpp:2241:   returning: prop->major = 2, prop->minor = 1
Using CUDA device Ocelot PTX Emulator
(0.001449) CudaRuntime.cpp:2289: Setting device for thread 0xc35070 to 0
(0.001464) CudaRuntime.cpp:276:  Creating devices.
(0.001549) CudaRuntime.cpp:288:   - Added 1 emulator devices.
Driver: 4000
(0.001691) CudaRuntime.cpp:276:  Creating devices.
(0.001766) CudaRuntime.cpp:288:   - Added 1 emulator devices.
(0.001824) CudaRuntime.cpp:2203: cuda::CudaRuntime::cudaGetDeviceProperties(dev = 0) - major: 2, minor: 1
(0.001834) CudaRuntime.cpp:2241:   returning: prop->major = 2, prop->minor = 1
(0.001888) CudaRuntime.cpp:276:  Creating devices.
(0.001959) CudaRuntime.cpp:288:   - Added 1 emulator devices.
(0.002021) CudaRuntime.cpp:787:  cudaMalloc( *devPtr = 0xc39800, size = 81920)
(0.002047) CudaRuntime.cpp:787:  cudaMalloc( *devPtr = 0xc4d900, size = 81920)
(0.002062) CudaRuntime.cpp:787:  cudaMalloc( *devPtr = 0xc61a00, size = 81920)
(0.002077) CudaRuntime.cpp:787:  cudaMalloc( *devPtr = 0xc75b00, size = 2048)
(0.002087) CudaRuntime.cpp:2609: cudaConfigureCall()
(0.002096) CudaRuntime.cpp:2631: cudaSetupArgument() - offset 0, size 8
(0.002106) CudaRuntime.cpp:2631: cudaSetupArgument() - offset 8, size 8
(0.002114) CudaRuntime.cpp:2631: cudaSetupArgument() - offset 16, size 8
(0.002122) CudaRuntime.cpp:2631: cudaSetupArgument() - offset 24, size 8
(0.002130) CudaRuntime.cpp:2631: cudaSetupArgument() - offset 32, size 8
(0.002139) CudaRuntime.cpp:2631: cudaSetupArgument() - offset 40, size 8
(0.013010) CudaRuntime.cpp:142:  Mapping parameter at offset 0 of size 8 to offset 0 of size 8
   data = 0x00 0x98 0xc3 0x00 0x00 0x00 0x00 0x00 
(0.013025) CudaRuntime.cpp:142:  Mapping parameter at offset 8 of size 8 to offset 8 of size 8
   data = 0x00 0xd9 0xc4 0x00 0x00 0x00 0x00 0x00 
(0.013032) CudaRuntime.cpp:142:  Mapping parameter at offset 16 of size 8 to offset 16 of size 8
   data = 0x00 0x1a 0xc6 0x00 0x00 0x00 0x00 0x00 
(0.013040) CudaRuntime.cpp:142:  Mapping parameter at offset 24 of size 8 to offset 24 of size 8
   data = 0x9a 0x99 0x99 0x99 0x99 0x99 0xb9 0x3f 
(0.013047) CudaRuntime.cpp:142:  Mapping parameter at offset 32 of size 8 to offset 32 of size 8
   data = 0x9a 0x99 0x99 0x99 0x99 0x99 0xc9 0x3f 
(0.013054) CudaRuntime.cpp:142:  Mapping parameter at offset 40 of size 8 to offset 40 of size 8
   data = 0x00 0x00 0x00 0x00 0x00 0x00 0x00 0x00 
(0.013061) CudaRuntime.cpp:2685: kernel launch (_Z11init_kernelIdEvPT_S1_S1_S0_S0_S0_) on thread 0xc35070
(0.013077) CudaRuntime.cpp:2706:  launch completed successfully
(0.034575) CudaRuntime.cpp:2609: cudaConfigureCall()
(0.034585) CudaRuntime.cpp:2631: cudaSetupArgument() - offset 0, size 8
(0.034589) CudaRuntime.cpp:2631: cudaSetupArgument() - offset 8, size 8
(0.034600) CudaRuntime.cpp:142:  Mapping parameter at offset 0 of size 8 to offset 0 of size 8
   data = 0x00 0x98 0xc3 0x00 0x00 0x00 0x00 0x00 
(0.034606) CudaRuntime.cpp:142:  Mapping parameter at offset 8 of size 8 to offset 8 of size 8
   data = 0x00 0x1a 0xc6 0x00 0x00 0x00 0x00 0x00 
(0.034609) CudaRuntime.cpp:2685: kernel launch (_Z11copy_kernelIdEvPKT_PS0_) on thread 0xc35070
(0.034623) CudaRuntime.cpp:2706:  launch completed successfully
(0.048474) CudaRuntime.cpp:2609: cudaConfigureCall()
(0.048481) CudaRuntime.cpp:2631: cudaSetupArgument() - offset 0, size 8
(0.048484) CudaRuntime.cpp:2631: cudaSetupArgument() - offset 8, size 8
(0.048493) CudaRuntime.cpp:142:  Mapping parameter at offset 0 of size 8 to offset 0 of size 8
   data = 0x00 0xd9 0xc4 0x00 0x00 0x00 0x00 0x00 
(0.048497) CudaRuntime.cpp:142:  Mapping parameter at offset 8 of size 8 to offset 8 of size 8
   data = 0x00 0x1a 0xc6 0x00 0x00 0x00 0x00 0x00 
(0.048500) CudaRuntime.cpp:2685: kernel launch (_Z10mul_kernelIdEvPT_PKS0_) on thread 0xc35070
(0.048511) CudaRuntime.cpp:2706:  launch completed successfully
(0.056422) CudaRuntime.cpp:2609: cudaConfigureCall()
(0.056428) CudaRuntime.cpp:2631: cudaSetupArgument() - offset 0, size 8
(0.056431) CudaRuntime.cpp:2631: cudaSetupArgument() - offset 8, size 8
(0.056433) CudaRuntime.cpp:2631: cudaSetupArgument() - offset 16, size 8
(0.056441) CudaRuntime.cpp:142:  Mapping parameter at offset 0 of size 8 to offset 0 of size 8
   data = 0x00 0x98 0xc3 0x00 0x00 0x00 0x00 0x00 
(0.056445) CudaRuntime.cpp:142:  Mapping parameter at offset 8 of size 8 to offset 8 of size 8
   data = 0x00 0xd9 0xc4 0x00 0x00 0x00 0x00 0x00 
(0.056453) CudaRuntime.cpp:142:  Mapping parameter at offset 16 of size 8 to offset 16 of size 8
   data = 0x00 0x1a 0xc6 0x00 0x00 0x00 0x00 0x00 
(0.056456) CudaRuntime.cpp:2685: kernel launch (_Z10add_kernelIdEvPKT_S2_PS0_) on thread 0xc35070
(0.056466) CudaRuntime.cpp:2706:  launch completed successfully
(0.067524) CudaRuntime.cpp:2609: cudaConfigureCall()
(0.067535) CudaRuntime.cpp:2631: cudaSetupArgument() - offset 0, size 8
(0.067542) CudaRuntime.cpp:2631: cudaSetupArgument() - offset 8, size 8
(0.067549) CudaRuntime.cpp:2631: cudaSetupArgument() - offset 16, size 8
(0.067566) CudaRuntime.cpp:142:  Mapping parameter at offset 0 of size 8 to offset 0 of size 8
   data = 0x00 0x98 0xc3 0x00 0x00 0x00 0x00 0x00 
(0.067577) CudaRuntime.cpp:142:  Mapping parameter at offset 8 of size 8 to offset 8 of size 8
   data = 0x00 0xd9 0xc4 0x00 0x00 0x00 0x00 0x00 
(0.067588) CudaRuntime.cpp:142:  Mapping parameter at offset 16 of size 8 to offset 16 of size 8
   data = 0x00 0x1a 0xc6 0x00 0x00 0x00 0x00 0x00 
(0.067596) CudaRuntime.cpp:2685: kernel launch (_Z12triad_kernelIdEvPT_PKS0_S3_) on thread 0xc35070
(0.067607) CudaRuntime.cpp:2706:  launch completed successfully
(0.078287) CudaRuntime.cpp:2609: cudaConfigureCall()
(0.078296) CudaRuntime.cpp:2631: cudaSetupArgument() - offset 0, size 8
(0.078304) CudaRuntime.cpp:2631: cudaSetupArgument() - offset 8, size 8
(0.078311) CudaRuntime.cpp:2631: cudaSetupArgument() - offset 16, size 8
(0.078318) CudaRuntime.cpp:2631: cudaSetupArgument() - offset 24, size 4
(0.078334) CudaRuntime.cpp:142:  Mapping parameter at offset 0 of size 8 to offset 0 of size 8
   data = 0x00 0x98 0xc3 0x00 0x00 0x00 0x00 0x00 
(0.078345) CudaRuntime.cpp:142:  Mapping parameter at offset 8 of size 8 to offset 8 of size 8
   data = 0x00 0xd9 0xc4 0x00 0x00 0x00 0x00 0x00 
(0.078357) CudaRuntime.cpp:142:  Mapping parameter at offset 16 of size 8 to offset 16 of size 8
   data = 0x00 0x5b 0xc7 0x00 0x00 0x00 0x00 0x00 
(0.078367) CudaRuntime.cpp:142:  Mapping parameter at offset 24 of size 4 to offset 24 of size 4
   data = 0x00 0x28 0x00 0x00 
(0.078375) CudaRuntime.cpp:2685: kernel launch (_Z10dot_kernelIdEvPKT_S2_PS0_i) on thread 0xc35070
(0.078385) CudaRuntime.cpp:2706:  launch completed successfully
(3.134432) CudaRuntime.cpp:1131: cudaMemcpy(0xc38bd0, 0xc75b00, 2048)
(3.134452) CudaRuntime.cpp:215:    _memcpy(0xc38bd0, 0xc75b00, 2048 bytes) d-to-h
(3.135134) CudaRuntime.cpp:1131: cudaMemcpy(0xcc2980, 0xc39800, 81920)
(3.135160) CudaRuntime.cpp:215:    _memcpy(0xcc2980, 0xc39800, 81920 bytes) d-to-h
(3.135204) CudaRuntime.cpp:1131: cudaMemcpy(0xcd6990, 0xc4d900, 81920)
(3.135228) CudaRuntime.cpp:215:    _memcpy(0xcd6990, 0xc4d900, 81920 bytes) d-to-h
(3.135270) CudaRuntime.cpp:1131: cudaMemcpy(0xcea9a0, 0xc61a00, 81920)
(3.135294) CudaRuntime.cpp:215:    _memcpy(0xcea9a0, 0xc61a00, 81920 bytes) d-to-h
Function    MBytes/sec  Min (sec)   Max         Average     
Copy        11.789      0.01390     0.01390     0.01390     
Mul         20.614      0.00795     0.00795     0.00795     
Add         22.145      0.01110     0.01110     0.01110     
Triad       22.837      0.01076     0.01076     0.01076     
Dot         0.054       3.05618     3.05618     3.05618     
(3.138176) CudaRuntime.cpp:887:  cudaFree(0xc39800)
(3.138193) CudaRuntime.cpp:887:  cudaFree(0xc4d900)
(3.138203) CudaRuntime.cpp:887:  cudaFree(0xc61a00)
(3.138213) CudaRuntime.cpp:887:  cudaFree(0xc75b00)
