options: Options {
    input: "/benchrun/accelsim-ptx/cuda10-matrixmul/sm86_rtx3070/input-wa512-ha512-wb512-hb512/results/log.txt",
    output: "/benchrun/accelsim-ptx/cuda10-matrixmul/sm86_rtx3070/input-wa512-ha512-wb512-hb512/results/stats.csv",
    per_kernel: false,
    kernel_instance: false,
    configs_as_rows: false,
    config_list: None,
    benchmark_list: None,
    sim_name: None,
    strict: false,
}
GPGPU-sim version: Some("gpgpu-sim_git-commit-13c67115070dc2f0876254a790d0238073ca364a_modified_0.0")
stats: {
    (
        "final_kernel",
        0,
        "l2_cache_read_miss",
    ): 0.0,
    (
        "final_kernel",
        0,
        "l2_cache_write_hit",
    ): 0.0,
    (
        "final_kernel",
        0,
        "total_dram_reads",
    ): 0.0,
    (
        "final_kernel",
        0,
        "total_core_cache_read_total",
    ): 1048576.0,
    (
        "final_kernel",
        0,
        "total_core_cache_read_hit",
    ): 1152.0,
    (
        "final_kernel",
        0,
        "gpgpu_simulation_time_sec",
    ): 1305.0,
    (
        "final_kernel",
        0,
        "gpu_tot_ipc",
    ): 1437.8704,
    (
        "final_kernel",
        0,
        "gpu_tot_sim_cycle",
    ): 334364.0,
    (
        "final_kernel",
        0,
        "l2_cache_write_miss",
    ): 8192.0,
    (
        "final_kernel",
        0,
        "gpu_ipc",
    ): 1437.8704,
    (
        "final_kernel",
        0,
        "kernel_launch_uid",
    ): 1.0,
    (
        "final_kernel",
        0,
        "total_core_cache_read_mshr_hit",
    ): 0.0,
    (
        "final_kernel",
        0,
        "gpu_total_instructions",
    ): 480772096.0,
    (
        "final_kernel",
        0,
        "total_dram_writes",
    ): 0.0,
    (
        "final_kernel",
        0,
        "gpgpu_n_tot_w_icount",
    ): 15040512.0,
    (
        "final_kernel",
        0,
        "gpgpu_silicon_slowdown",
    ): 4421875.0,
    (
        "final_kernel",
        0,
        "l2_cache_read_hit",
    ): 1047424.0,
    (
        "final_kernel",
        0,
        "l2_cache_write_total",
    ): 32768.0,
    (
        "final_kernel",
        0,
        "gpu_occupancy",
    ): 66.6215,
    (
        "final_kernel",
        0,
        "l2_cache_read_total",
    ): 1047424.0,
    (
        "final_kernel",
        0,
        "total_core_cache_write_hit",
    ): 0.0,
    (
        "final_kernel",
        0,
        "l2_bandwidth_gbps",
    ): 117.0248,
    (
        "final_kernel",
        0,
        "gpgpu_simulation_rate",
    ): 256.0,
    (
        "final_kernel",
        0,
        "total_core_cache_write_total",
    ): 32768.0,
}
done in 24.158915ms: 124.50 KiB parsed (16.00 EiB/s)
