Arguments: macsim --out=/benchrun/macsim/cuda4-matrixmul/sm86_a4000/input-128/results/stats 
src/macsim.cc:122: (I=0  C=0):  initialize knobs
number of cores : 48
src/macsim.cc:537: (I=0  C=0):  initialize simulation
src/macsim.cc:323: (I=0  C=0):  initialize cores (0/0/48)
src/memory.cc:1568: (I=0  C=0):  Memory system(l2_decoupled_network) has been initialized.
src/network_simple.cc:92: (I=0  C=0):  TOTAL_ROUTER:71 CPU:0 GPU:48 L3:1 LLC:6 MC:16
enabling bug detector
src/macsim.cc:750: (I=0  C=0):  Initializing new noc

src/macsim.cc:838: (I=0  C=0):  Clock LCM           : 35
src/macsim.cc:839: (I=0  C=0):  CPU clock frequency : 1 GHz
src/macsim.cc:840: (I=0  C=0):  GPU clock frequency : 0.735 GHz
src/macsim.cc:841: (I=0  C=0):  LLC clock frequency : 0.735 GHz
src/macsim.cc:842: (I=0  C=0):  NOC clock frequency : 0.735 GHz
src/macsim.cc:843: (I=0  C=0):  MC  clock frequency : 3.5 GHz
src/process_manager.cc:434: (I=0  C=0):  setup_process:0 /benchrun/macsim/cuda4-matrixmul/sm86_a4000/input-128/results/traces/_Z8mult_gpuPfS_S_ii_0/Trace.txt current_index:0 (1)
trace:/benchrun/macsim/cuda4-matrixmul/sm86_a4000/input-128/results/traces/_Z8mult_gpuPfS_S_ii_0/Trace.txt is opened 
src/process_manager.cc:541: (I=0  C=0):  thread_count:512
**Core 00 Thread 12 Finished:   insts:495         cycles:17530      (87645)  seconds:8     -- 0.03 IPC (0.03 IPC) --  N/A  KHz (0.06 KHz) 
**Core 00 Thread 20 Finished:   insts:495         cycles:17536      (87675)  seconds:8     -- 0.03 IPC (0.03 IPC) --  N/A  KHz (0.06 KHz) 
**Core 00 Thread 13 Finished:   insts:495         cycles:17537      (87680)  seconds:8     -- 0.03 IPC (0.03 IPC) --  N/A  KHz (0.06 KHz) 
**Core 00 Thread 24 Finished:   insts:495         cycles:17540      (87695)  seconds:8     -- 0.03 IPC (0.03 IPC) --  N/A  KHz (0.06 KHz) 
**Core 02 Thread 09 Finished:   insts:495         cycles:17540      (87695)  seconds:8     -- 0.03 IPC (0.03 IPC) --  N/A  KHz (0.06 KHz) 
**Core 00 Thread 15 Finished:   insts:495         cycles:17545      (87720)  seconds:8     -- 0.03 IPC (0.03 IPC) --  N/A  KHz (0.06 KHz) 
**Core 00 Thread 29 Finished:   insts:495         cycles:17547      (87730)  seconds:8     -- 0.03 IPC (0.03 IPC) --  N/A  KHz (0.06 KHz) 
**Core 00 Thread 02 Finished:   insts:495         cycles:17548      (87735)  seconds:8     -- 0.03 IPC (0.03 IPC) --  N/A  KHz (0.06 KHz) 
**Core 00 Thread 25 Finished:   insts:495         cycles:17552      (87755)  seconds:8     -- 0.03 IPC (0.03 IPC) --  N/A  KHz (0.06 KHz) 
**Core 00 Thread 19 Finished:   insts:495         cycles:17552      (87755)  seconds:8     -- 0.03 IPC (0.03 IPC) --  N/A  KHz (0.06 KHz) 
**Core 00 Thread 03 Finished:   insts:495         cycles:17553      (87760)  seconds:8     -- 0.03 IPC (0.03 IPC) --  N/A  KHz (0.06 KHz) 
**Core 00 Thread 30 Finished:   insts:495         cycles:17558      (87785)  seconds:8     -- 0.03 IPC (0.03 IPC) --  N/A  KHz (0.06 KHz) 
**Core 00 Thread 17 Finished:   insts:495         cycles:17558      (87785)  seconds:8     -- 0.03 IPC (0.03 IPC) --  N/A  KHz (0.06 KHz) 
**Core 00 Thread 08 Finished:   insts:495         cycles:17558      (87785)  seconds:8     -- 0.03 IPC (0.03 IPC) --  N/A  KHz (0.06 KHz) 
**Core 00 Thread 27 Finished:   insts:495         cycles:17560      (87795)  seconds:8     -- 0.03 IPC (0.03 IPC) --  N/A  KHz (0.06 KHz) 
**Core 00 Thread 22 Finished:   insts:495         cycles:17560      (87795)  seconds:8     -- 0.03 IPC (0.03 IPC) --  N/A  KHz (0.06 KHz) 
**Core 00 Thread 21 Finished:   insts:495         cycles:17560      (87795)  seconds:8     -- 0.03 IPC (0.03 IPC) --  N/A  KHz (0.06 KHz) 
**Core 00 Thread 16 Finished:   insts:495         cycles:17560      (87795)  seconds:8     -- 0.03 IPC (0.03 IPC) --  N/A  KHz (0.06 KHz) 
**Core 02 Thread 11 Finished:   insts:495         cycles:17562      (87805)  seconds:8     -- 0.03 IPC (0.03 IPC) --  N/A  KHz (0.06 KHz) 
**Core 04 Thread 28 Finished:   insts:495         cycles:17562      (87805)  seconds:8     -- 0.03 IPC (0.03 IPC) --  N/A  KHz (0.06 KHz) 
**Core 04 Thread 26 Finished:   insts:495         cycles:17563      (87810)  seconds:8     -- 0.03 IPC (0.03 IPC) --  N/A  KHz (0.06 KHz) 
**Core 00 Thread 01 Finished:   insts:495         cycles:17564      (87815)  seconds:8     -- 0.03 IPC (0.03 IPC) --  N/A  KHz (0.06 KHz) 
**Core 00 Thread 04 Finished:   insts:495         cycles:17566      (87825)  seconds:8     -- 0.03 IPC (0.03 IPC) --  N/A  KHz (0.06 KHz) 
**Core 04 Thread 25 Finished:   insts:495         cycles:17569      (87840)  seconds:8     -- 0.03 IPC (0.03 IPC) --  N/A  KHz (0.06 KHz) 
**Core 00 Thread 31 Finished:   insts:495         cycles:17570      (87845)  seconds:8     -- 0.03 IPC (0.03 IPC) --  N/A  KHz (0.06 KHz) 
**Core 00 Thread 26 Finished:   insts:495         cycles:17570      (87845)  seconds:8     -- 0.03 IPC (0.03 IPC) --  N/A  KHz (0.06 KHz) 
**Core 00 Thread 10 Finished:   insts:495         cycles:17572      (87855)  seconds:8     -- 0.03 IPC (0.03 IPC) --  N/A  KHz (0.06 KHz) 
**Core 02 Thread 24 Finished:   insts:495         cycles:17572      (87855)  seconds:8     -- 0.03 IPC (0.03 IPC) --  N/A  KHz (0.06 KHz) 
**Core 02 Thread 14 Finished:   insts:495         cycles:17573      (87860)  seconds:8     -- 0.03 IPC (0.03 IPC) --  N/A  KHz (0.06 KHz) 
**Core 04 Thread 04 Finished:   insts:495         cycles:17573      (87860)  seconds:8     -- 0.03 IPC (0.03 IPC) --  N/A  KHz (0.06 KHz) 
**Core 00 Thread 23 Finished:   insts:495         cycles:17574      (87865)  seconds:8     -- 0.03 IPC (0.03 IPC) --  N/A  KHz (0.06 KHz) 
**Core 00 Thread 18 Finished:   insts:495         cycles:17574      (87865)  seconds:8     -- 0.03 IPC (0.03 IPC) --  N/A  KHz (0.06 KHz) 
**Core 00 Thread 05 Finished:   insts:495         cycles:17574      (87865)  seconds:8     -- 0.03 IPC (0.03 IPC) --  N/A  KHz (0.06 KHz) 
**Core 02 Thread 12 Finished:   insts:495         cycles:17574      (87865)  seconds:8     -- 0.03 IPC (0.03 IPC) --  N/A  KHz (0.06 KHz) 
**Core 04 Thread 08 Finished:   insts:495         cycles:17574      (87865)  seconds:8     -- 0.03 IPC (0.03 IPC) --  N/A  KHz (0.06 KHz) 
**Core 00 Thread 28 Finished:   insts:495         cycles:17575      (87870)  seconds:8     -- 0.03 IPC (0.03 IPC) --  N/A  KHz (0.06 KHz) 
**Core 04 Thread 31 Finished:   insts:495         cycles:17575      (87870)  seconds:8     -- 0.03 IPC (0.03 IPC) --  N/A  KHz (0.06 KHz) 
**Core 02 Thread 18 Finished:   insts:495         cycles:17577      (87880)  seconds:8     -- 0.03 IPC (0.03 IPC) --  N/A  KHz (0.06 KHz) 
**Core 02 Thread 29 Finished:   insts:495         cycles:17578      (87885)  seconds:8     -- 0.03 IPC (0.03 IPC) --  N/A  KHz (0.06 KHz) 
**Core 02 Thread 01 Finished:   insts:495         cycles:17578      (87885)  seconds:8     -- 0.03 IPC (0.03 IPC) --  N/A  KHz (0.06 KHz) 
**Core 00 Thread 07 Finished:   insts:495         cycles:17580      (87895)  seconds:8     -- 0.03 IPC (0.03 IPC) --  N/A  KHz (0.06 KHz) 
**Core 02 Thread 23 Finished:   insts:495         cycles:17580      (87895)  seconds:8     -- 0.03 IPC (0.03 IPC) --  N/A  KHz (0.06 KHz) 
**Core 02 Thread 02 Finished:   insts:495         cycles:17580      (87895)  seconds:8     -- 0.03 IPC (0.03 IPC) --  N/A  KHz (0.06 KHz) 
**Core 04 Thread 09 Finished:   insts:495         cycles:17582      (87905)  seconds:8     -- 0.03 IPC (0.03 IPC) --  N/A  KHz (0.06 KHz) 
**Core 04 Thread 30 Finished:   insts:495         cycles:17584      (87915)  seconds:8     -- 0.03 IPC (0.03 IPC) --  N/A  KHz (0.06 KHz) 
**Core 00 Thread 09 Finished:   insts:495         cycles:17586      (87925)  seconds:8     -- 0.03 IPC (0.03 IPC) --  N/A  KHz (0.06 KHz) 
**Core 04 Thread 05 Finished:   insts:495         cycles:17586      (87925)  seconds:8     -- 0.03 IPC (0.03 IPC) --  N/A  KHz (0.06 KHz) 
**Core 02 Thread 28 Finished:   insts:495         cycles:17587      (87930)  seconds:8     -- 0.03 IPC (0.03 IPC) --  N/A  KHz (0.06 KHz) 
**Core 02 Thread 13 Finished:   insts:495         cycles:17588      (87935)  seconds:8     -- 0.03 IPC (0.03 IPC) --  N/A  KHz (0.06 KHz) 
**Core 04 Thread 18 Finished:   insts:495         cycles:17588      (87935)  seconds:8     -- 0.03 IPC (0.03 IPC) --  N/A  KHz (0.06 KHz) 
**Core 02 Thread 19 Finished:   insts:495         cycles:17589      (87940)  seconds:8     -- 0.03 IPC (0.03 IPC) --  N/A  KHz (0.06 KHz) 
**Core 02 Thread 22 Finished:   insts:495         cycles:17590      (87945)  seconds:8     -- 0.03 IPC (0.03 IPC) --  N/A  KHz (0.06 KHz) 
**Core 04 Thread 14 Finished:   insts:495         cycles:17591      (87950)  seconds:8     -- 0.03 IPC (0.03 IPC) --  N/A  KHz (0.06 KHz) 
**Core 00 Thread 06 Finished:   insts:495         cycles:17592      (87955)  seconds:8     -- 0.03 IPC (0.03 IPC) --  N/A  KHz (0.06 KHz) 
**Core 04 Thread 21 Finished:   insts:495         cycles:17592      (87955)  seconds:8     -- 0.03 IPC (0.03 IPC) --  N/A  KHz (0.06 KHz) 
**Core 04 Thread 03 Finished:   insts:495         cycles:17593      (87960)  seconds:8     -- 0.03 IPC (0.03 IPC) --  N/A  KHz (0.06 KHz) 
**Core 02 Thread 03 Finished:   insts:495         cycles:17594      (87965)  seconds:8     -- 0.03 IPC (0.03 IPC) --  N/A  KHz (0.06 KHz) 
**Core 04 Thread 29 Finished:   insts:495         cycles:17594      (87965)  seconds:8     -- 0.03 IPC (0.03 IPC) --  N/A  KHz (0.06 KHz) 
**Core 04 Thread 23 Finished:   insts:495         cycles:17594      (87965)  seconds:8     -- 0.03 IPC (0.03 IPC) --  N/A  KHz (0.06 KHz) 
**Core 00 Thread 14 Finished:   insts:495         cycles:17596      (87975)  seconds:8     -- 0.03 IPC (0.03 IPC) --  N/A  KHz (0.06 KHz) 
**Core 02 Thread 30 Finished:   insts:495         cycles:17596      (87975)  seconds:8     -- 0.03 IPC (0.03 IPC) --  N/A  KHz (0.06 KHz) 
**Core 04 Thread 11 Finished:   insts:495         cycles:17596      (87975)  seconds:8     -- 0.03 IPC (0.03 IPC) --  N/A  KHz (0.06 KHz) 
**Core 02 Thread 10 Finished:   insts:495         cycles:17598      (87985)  seconds:8     -- 0.03 IPC (0.03 IPC) --  N/A  KHz (0.06 KHz) 
**Core 04 Thread 27 Finished:   insts:495         cycles:17598      (87985)  seconds:8     -- 0.03 IPC (0.03 IPC) --  N/A  KHz (0.06 KHz) 
**Core 04 Thread 07 Finished:   insts:495         cycles:17598      (87985)  seconds:8     -- 0.03 IPC (0.03 IPC) --  N/A  KHz (0.06 KHz) 
**Core 00 Thread 11 Finished:   insts:495         cycles:17599      (87990)  seconds:8     -- 0.03 IPC (0.03 IPC) --  N/A  KHz (0.06 KHz) 
**Core 02 Thread 25 Finished:   insts:495         cycles:17599      (87990)  seconds:8     -- 0.03 IPC (0.03 IPC) --  N/A  KHz (0.06 KHz) 
**Core 04 Thread 22 Finished:   insts:495         cycles:17600      (87995)  seconds:8     -- 0.03 IPC (0.03 IPC) --  N/A  KHz (0.06 KHz) 
**Core 04 Thread 16 Finished:   insts:495         cycles:17600      (87995)  seconds:8     -- 0.03 IPC (0.03 IPC) --  N/A  KHz (0.06 KHz) 
**Core 04 Thread 17 Finished:   insts:495         cycles:17601      (88000)  seconds:8     -- 0.03 IPC (0.03 IPC) --  N/A  KHz (0.06 KHz) 
**Core 02 Thread 20 Finished:   insts:495         cycles:17602      (88005)  seconds:8     -- 0.03 IPC (0.03 IPC) --  N/A  KHz (0.06 KHz) 
**Core 04 Thread 01 Finished:   insts:495         cycles:17602      (88005)  seconds:8     -- 0.03 IPC (0.03 IPC) --  N/A  KHz (0.06 KHz) 
**Core 04 Thread 02 Finished:   insts:495         cycles:17603      (88010)  seconds:8     -- 0.03 IPC (0.03 IPC) --  N/A  KHz (0.06 KHz) 
**Core 04 Thread 06 Finished:   insts:495         cycles:17604      (88015)  seconds:8     -- 0.03 IPC (0.03 IPC) --  N/A  KHz (0.06 KHz) 
**Core 04 Thread 13 Finished:   insts:495         cycles:17604      (88015)  seconds:8     -- 0.03 IPC (0.03 IPC) --  N/A  KHz (0.06 KHz) 
**Core 02 Thread 04 Finished:   insts:495         cycles:17605      (88020)  seconds:8     -- 0.03 IPC (0.03 IPC) --  N/A  KHz (0.06 KHz) 
**Core 02 Thread 06 Finished:   insts:495         cycles:17605      (88020)  seconds:8     -- 0.03 IPC (0.03 IPC) --  N/A  KHz (0.06 KHz) 
**Core 02 Thread 27 Finished:   insts:495         cycles:17606      (88025)  seconds:8     -- 0.03 IPC (0.03 IPC) --  N/A  KHz (0.06 KHz) 
**Core 04 Thread 10 Finished:   insts:495         cycles:17607      (88030)  seconds:8     -- 0.03 IPC (0.03 IPC) --  N/A  KHz (0.06 KHz) 
**Core 02 Thread 15 Finished:   insts:495         cycles:17608      (88035)  seconds:8     -- 0.03 IPC (0.03 IPC) --  N/A  KHz (0.06 KHz) 
**Core 02 Thread 31 Finished:   insts:495         cycles:17609      (88040)  seconds:8     -- 0.03 IPC (0.03 IPC) --  N/A  KHz (0.06 KHz) 
**Core 00 Thread 00 Finished:   insts:497         cycles:17611      (88050)  seconds:8     -- 0.03 IPC (0.03 IPC) --  N/A  KHz (0.06 KHz) 
**Core 00 Core_Total  Finished:   insts:15842       cycles:17611      (88050) seconds:8     -- 0.90 IPC (0.90 IPC) --  N/A  KHz (1.98 KHz)
**Core 04 Thread 20 Finished:   insts:495         cycles:17611      (88050)  seconds:8     -- 0.03 IPC (0.03 IPC) --  N/A  KHz (0.06 KHz) 
**Core 02 Thread 21 Finished:   insts:495         cycles:17612      (88055)  seconds:8     -- 0.03 IPC (0.03 IPC) --  N/A  KHz (0.06 KHz) 
**Core 02 Thread 17 Finished:   insts:495         cycles:17612      (88055)  seconds:8     -- 0.03 IPC (0.03 IPC) --  N/A  KHz (0.06 KHz) 
**Core 04 Thread 15 Finished:   insts:495         cycles:17614      (88065)  seconds:8     -- 0.03 IPC (0.03 IPC) --  N/A  KHz (0.06 KHz) 
**Core 02 Thread 07 Finished:   insts:495         cycles:17615      (88070)  seconds:8     -- 0.03 IPC (0.03 IPC) --  N/A  KHz (0.06 KHz) 
**Core 04 Thread 24 Finished:   insts:495         cycles:17615      (88070)  seconds:8     -- 0.03 IPC (0.03 IPC) --  N/A  KHz (0.06 KHz) 
**Core 04 Thread 12 Finished:   insts:495         cycles:17617      (88080)  seconds:8     -- 0.03 IPC (0.03 IPC) --  N/A  KHz (0.06 KHz) 
**Core 02 Thread 26 Finished:   insts:495         cycles:17618      (88085)  seconds:8     -- 0.03 IPC (0.03 IPC) --  N/A  KHz (0.06 KHz) 
**Core 02 Thread 16 Finished:   insts:495         cycles:17618      (88085)  seconds:8     -- 0.03 IPC (0.03 IPC) --  N/A  KHz (0.06 KHz) 
**Core 04 Thread 19 Finished:   insts:495         cycles:17620      (88095)  seconds:8     -- 0.03 IPC (0.03 IPC) --  N/A  KHz (0.06 KHz) 
**Core 02 Thread 05 Finished:   insts:495         cycles:17621      (88100)  seconds:8     -- 0.03 IPC (0.03 IPC) --  N/A  KHz (0.06 KHz) 
**Core 02 Thread 08 Finished:   insts:495         cycles:17627      (88130)  seconds:8     -- 0.03 IPC (0.03 IPC) --  N/A  KHz (0.06 KHz) 
**Core 04 Thread 00 Finished:   insts:497         cycles:17656      (88275)  seconds:8     -- 0.03 IPC (0.03 IPC) --  N/A  KHz (0.06 KHz) 
**Core 04 Core_Total  Finished:   insts:15842       cycles:17656      (88275) seconds:8     -- 0.90 IPC (0.90 IPC) --  N/A  KHz (1.98 KHz)
**Core 12 Thread 31 Finished:   insts:495         cycles:17670      (88345)  seconds:8     -- 0.03 IPC (0.03 IPC) --  N/A  KHz (0.06 KHz) 
**Core 12 Thread 02 Finished:   insts:495         cycles:17672      (88355)  seconds:8     -- 0.03 IPC (0.03 IPC) --  N/A  KHz (0.06 KHz) 
**Core 02 Thread 00 Finished:   insts:497         cycles:17672      (88355)  seconds:8     -- 0.03 IPC (0.03 IPC) --  N/A  KHz (0.06 KHz) 
**Core 02 Core_Total  Finished:   insts:15842       cycles:17672      (88355) seconds:8     -- 0.90 IPC (0.90 IPC) --  N/A  KHz (1.98 KHz)
**Core 12 Thread 04 Finished:   insts:495         cycles:17674      (88365)  seconds:8     -- 0.03 IPC (0.03 IPC) --  N/A  KHz (0.06 KHz) 
**Core 12 Thread 11 Finished:   insts:495         cycles:17676      (88375)  seconds:8     -- 0.03 IPC (0.03 IPC) --  N/A  KHz (0.06 KHz) 
**Core 12 Thread 07 Finished:   insts:495         cycles:17678      (88385)  seconds:8     -- 0.03 IPC (0.03 IPC) --  N/A  KHz (0.06 KHz) 
**Core 12 Thread 01 Finished:   insts:495         cycles:17680      (88395)  seconds:8     -- 0.03 IPC (0.03 IPC) --  N/A  KHz (0.06 KHz) 
**Core 12 Thread 12 Finished:   insts:495         cycles:17686      (88425)  seconds:8     -- 0.03 IPC (0.03 IPC) --  N/A  KHz (0.06 KHz) 
**Core 12 Thread 21 Finished:   insts:495         cycles:17688      (88435)  seconds:8     -- 0.03 IPC (0.03 IPC) --  N/A  KHz (0.06 KHz) 
**Core 12 Thread 17 Finished:   insts:495         cycles:17688      (88435)  seconds:8     -- 0.03 IPC (0.03 IPC) --  N/A  KHz (0.06 KHz) 
**Core 12 Thread 26 Finished:   insts:495         cycles:17691      (88450)  seconds:8     -- 0.03 IPC (0.03 IPC) --  N/A  KHz (0.06 KHz) 
**Core 12 Thread 16 Finished:   insts:495         cycles:17694      (88465)  seconds:8     -- 0.03 IPC (0.03 IPC) --  N/A  KHz (0.06 KHz) 
**Core 12 Thread 05 Finished:   insts:495         cycles:17694      (88465)  seconds:8     -- 0.03 IPC (0.03 IPC) --  N/A  KHz (0.06 KHz) 
**Core 12 Thread 09 Finished:   insts:495         cycles:17697      (88480)  seconds:8     -- 0.03 IPC (0.03 IPC) --  N/A  KHz (0.06 KHz) 
**Core 12 Thread 28 Finished:   insts:495         cycles:17698      (88485)  seconds:8     -- 0.03 IPC (0.03 IPC) --  N/A  KHz (0.06 KHz) 
**Core 12 Thread 14 Finished:   insts:495         cycles:17698      (88485)  seconds:8     -- 0.03 IPC (0.03 IPC) --  N/A  KHz (0.06 KHz) 
**Core 12 Thread 24 Finished:   insts:495         cycles:17702      (88505)  seconds:8     -- 0.03 IPC (0.03 IPC) --  N/A  KHz (0.06 KHz) 
**Core 12 Thread 23 Finished:   insts:495         cycles:17702      (88505)  seconds:8     -- 0.03 IPC (0.03 IPC) --  N/A  KHz (0.06 KHz) 
**Core 12 Thread 19 Finished:   insts:495         cycles:17702      (88505)  seconds:8     -- 0.03 IPC (0.03 IPC) --  N/A  KHz (0.06 KHz) 
**Core 12 Thread 29 Finished:   insts:495         cycles:17704      (88515)  seconds:8     -- 0.03 IPC (0.03 IPC) --  N/A  KHz (0.06 KHz) 
**Core 12 Thread 08 Finished:   insts:495         cycles:17704      (88515)  seconds:8     -- 0.03 IPC (0.03 IPC) --  N/A  KHz (0.06 KHz) 
**Core 12 Thread 06 Finished:   insts:495         cycles:17706      (88525)  seconds:8     -- 0.03 IPC (0.03 IPC) --  N/A  KHz (0.06 KHz) 
**Core 12 Thread 30 Finished:   insts:495         cycles:17707      (88530)  seconds:8     -- 0.03 IPC (0.03 IPC) --  N/A  KHz (0.06 KHz) 
**Core 12 Thread 25 Finished:   insts:495         cycles:17708      (88535)  seconds:8     -- 0.03 IPC (0.03 IPC) --  N/A  KHz (0.06 KHz) 
**Core 12 Thread 22 Finished:   insts:495         cycles:17710      (88545)  seconds:8     -- 0.03 IPC (0.03 IPC) --  N/A  KHz (0.06 KHz) 
**Core 12 Thread 03 Finished:   insts:495         cycles:17710      (88545)  seconds:8     -- 0.03 IPC (0.03 IPC) --  N/A  KHz (0.06 KHz) 
**Core 12 Thread 13 Finished:   insts:495         cycles:17710      (88545)  seconds:8     -- 0.03 IPC (0.03 IPC) --  N/A  KHz (0.06 KHz) 
**Core 12 Thread 10 Finished:   insts:495         cycles:17717      (88580)  seconds:8     -- 0.03 IPC (0.03 IPC) --  N/A  KHz (0.06 KHz) 
**Core 12 Thread 18 Finished:   insts:495         cycles:17718      (88585)  seconds:8     -- 0.03 IPC (0.03 IPC) --  N/A  KHz (0.06 KHz) 
**Core 12 Thread 15 Finished:   insts:495         cycles:17718      (88585)  seconds:8     -- 0.03 IPC (0.03 IPC) --  N/A  KHz (0.06 KHz) 
**Core 12 Thread 20 Finished:   insts:495         cycles:17721      (88600)  seconds:8     -- 0.03 IPC (0.03 IPC) --  N/A  KHz (0.06 KHz) 
**Core 14 Thread 23 Finished:   insts:495         cycles:17724      (88615)  seconds:8     -- 0.03 IPC (0.03 IPC) --  N/A  KHz (0.06 KHz) 
**Core 01 Thread 25 Finished:   insts:495         cycles:17724      (88615)  seconds:8     -- 0.03 IPC (0.03 IPC) --  N/A  KHz (0.06 KHz) 
**Core 14 Thread 26 Finished:   insts:495         cycles:17726      (88625)  seconds:8     -- 0.03 IPC (0.03 IPC) --  N/A  KHz (0.06 KHz) 
**Core 01 Thread 29 Finished:   insts:495         cycles:17726      (88625)  seconds:8     -- 0.03 IPC (0.03 IPC) --  N/A  KHz (0.06 KHz) 
**Core 01 Thread 30 Finished:   insts:495         cycles:17728      (88635)  seconds:8     -- 0.03 IPC (0.03 IPC) --  N/A  KHz (0.06 KHz) 
**Core 14 Thread 30 Finished:   insts:495         cycles:17728      (88635)  seconds:8     -- 0.03 IPC (0.03 IPC) --  N/A  KHz (0.06 KHz) 
**Core 14 Thread 31 Finished:   insts:495         cycles:17732      (88655)  seconds:8     -- 0.03 IPC (0.03 IPC) --  N/A  KHz (0.06 KHz) 
**Core 14 Thread 03 Finished:   insts:495         cycles:17732      (88655)  seconds:8     -- 0.03 IPC (0.03 IPC) --  N/A  KHz (0.06 KHz) 
**Core 12 Thread 27 Finished:   insts:495         cycles:17735      (88670)  seconds:8     -- 0.03 IPC (0.03 IPC) --  N/A  KHz (0.06 KHz) 
**Core 06 Thread 17 Finished:   insts:495         cycles:17736      (88675)  seconds:8     -- 0.03 IPC (0.03 IPC) --  N/A  KHz (0.06 KHz) 
**Core 06 Thread 20 Finished:   insts:495         cycles:17738      (88685)  seconds:8     -- 0.03 IPC (0.03 IPC) --  N/A  KHz (0.06 KHz) 
**Core 06 Thread 18 Finished:   insts:495         cycles:17738      (88685)  seconds:8     -- 0.03 IPC (0.03 IPC) --  N/A  KHz (0.06 KHz) 
**Core 06 Thread 23 Finished:   insts:495         cycles:17742      (88705)  seconds:8     -- 0.03 IPC (0.03 IPC) --  N/A  KHz (0.06 KHz) 
**Core 06 Thread 28 Finished:   insts:495         cycles:17744      (88715)  seconds:8     -- 0.03 IPC (0.03 IPC) --  N/A  KHz (0.06 KHz) 
**Core 01 Thread 28 Finished:   insts:495         cycles:17748      (88735)  seconds:8     -- 0.03 IPC (0.03 IPC) --  N/A  KHz (0.06 KHz) 
**Core 01 Thread 27 Finished:   insts:495         cycles:17748      (88735)  seconds:8     -- 0.03 IPC (0.03 IPC) --  N/A  KHz (0.06 KHz) 
**Core 06 Thread 01 Finished:   insts:495         cycles:17748      (88735)  seconds:8     -- 0.03 IPC (0.03 IPC) --  N/A  KHz (0.06 KHz) 
**Core 06 Thread 27 Finished:   insts:495         cycles:17750      (88745)  seconds:8     -- 0.03 IPC (0.03 IPC) --  N/A  KHz (0.06 KHz) 
**Core 14 Thread 28 Finished:   insts:495         cycles:17750      (88745)  seconds:8     -- 0.03 IPC (0.03 IPC) --  N/A  KHz (0.06 KHz) 
**Core 14 Thread 22 Finished:   insts:495         cycles:17750      (88745)  seconds:8     -- 0.03 IPC (0.03 IPC) --  N/A  KHz (0.06 KHz) 
**Core 01 Thread 02 Finished:   insts:495         cycles:17751      (88750)  seconds:8     -- 0.03 IPC (0.03 IPC) --  N/A  KHz (0.06 KHz) 
**Core 01 Thread 03 Finished:   insts:495         cycles:17752      (88755)  seconds:8     -- 0.03 IPC (0.03 IPC) --  N/A  KHz (0.06 KHz) 
**Core 13 Thread 28 Finished:   insts:495         cycles:17752      (88755)  seconds:8     -- 0.03 IPC (0.03 IPC) --  N/A  KHz (0.06 KHz) 
**Core 14 Thread 24 Finished:   insts:495         cycles:17752      (88755)  seconds:8     -- 0.03 IPC (0.03 IPC) --  N/A  KHz (0.06 KHz) 
**Core 14 Thread 02 Finished:   insts:495         cycles:17752      (88755)  seconds:8     -- 0.03 IPC (0.03 IPC) --  N/A  KHz (0.06 KHz) 
**Core 14 Thread 01 Finished:   insts:495         cycles:17752      (88755)  seconds:8     -- 0.03 IPC (0.03 IPC) --  N/A  KHz (0.06 KHz) 
**Core 01 Thread 07 Finished:   insts:495         cycles:17754      (88765)  seconds:8     -- 0.03 IPC (0.03 IPC) --  N/A  KHz (0.06 KHz) 
**Core 13 Thread 31 Finished:   insts:495         cycles:17754      (88765)  seconds:8     -- 0.03 IPC (0.03 IPC) --  N/A  KHz (0.06 KHz) 
**Core 01 Thread 12 Finished:   insts:495         cycles:17758      (88785)  seconds:8     -- 0.03 IPC (0.03 IPC) --  N/A  KHz (0.06 KHz) 
**Core 13 Thread 03 Finished:   insts:495         cycles:17761      (88800)  seconds:8     -- 0.03 IPC (0.03 IPC) --  N/A  KHz (0.06 KHz) 
**Core 06 Thread 22 Finished:   insts:495         cycles:17762      (88805)  seconds:8     -- 0.03 IPC (0.03 IPC) --  N/A  KHz (0.06 KHz) 
**Core 01 Thread 13 Finished:   insts:495         cycles:17762      (88805)  seconds:8     -- 0.03 IPC (0.03 IPC) --  N/A  KHz (0.06 KHz) 
**Core 01 Thread 08 Finished:   insts:495         cycles:17763      (88810)  seconds:8     -- 0.03 IPC (0.03 IPC) --  N/A  KHz (0.06 KHz) 
**Core 03 Thread 18 Finished:   insts:495         cycles:17764      (88815)  seconds:8     -- 0.03 IPC (0.03 IPC) --  N/A  KHz (0.06 KHz) 
**Core 03 Thread 09 Finished:   insts:495         cycles:17764      (88815)  seconds:8     -- 0.03 IPC (0.03 IPC) --  N/A  KHz (0.06 KHz) 
**Core 13 Thread 04 Finished:   insts:495         cycles:17765      (88820)  seconds:8     -- 0.03 IPC (0.03 IPC) --  N/A  KHz (0.06 KHz) 
**Core 14 Thread 29 Finished:   insts:495         cycles:17766      (88825)  seconds:8     -- 0.03 IPC (0.03 IPC) --  N/A  KHz (0.06 KHz) 
**Core 01 Thread 22 Finished:   insts:495         cycles:17766      (88825)  seconds:8     -- 0.03 IPC (0.03 IPC) --  N/A  KHz (0.06 KHz) 
**Core 03 Thread 13 Finished:   insts:495         cycles:17767      (88830)  seconds:8     -- 0.03 IPC (0.03 IPC) --  N/A  KHz (0.06 KHz) 
**Core 05 Thread 11 Finished:   insts:495         cycles:17767      (88830)  seconds:8     -- 0.03 IPC (0.03 IPC) --  N/A  KHz (0.06 KHz) 
**Core 14 Thread 27 Finished:   insts:495         cycles:17768      (88835)  seconds:8     -- 0.03 IPC (0.03 IPC) --  N/A  KHz (0.06 KHz) 
**Core 14 Thread 25 Finished:   insts:495         cycles:17768      (88835)  seconds:8     -- 0.03 IPC (0.03 IPC) --  N/A  KHz (0.06 KHz) 
**Core 01 Thread 26 Finished:   insts:495         cycles:17768      (88835)  seconds:8     -- 0.03 IPC (0.03 IPC) --  N/A  KHz (0.06 KHz) 
**Core 01 Thread 31 Finished:   insts:495         cycles:17770      (88845)  seconds:8     -- 0.03 IPC (0.03 IPC) --  N/A  KHz (0.06 KHz) 
**Core 01 Thread 01 Finished:   insts:495         cycles:17772      (88855)  seconds:8     -- 0.03 IPC (0.03 IPC) --  N/A  KHz (0.06 KHz) 
**Core 01 Thread 17 Finished:   insts:495         cycles:17775      (88870)  seconds:8     -- 0.03 IPC (0.03 IPC) --  N/A  KHz (0.06 KHz) 
**Core 13 Thread 08 Finished:   insts:495         cycles:17775      (88870)  seconds:8     -- 0.03 IPC (0.03 IPC) --  N/A  KHz (0.06 KHz) 
**Core 05 Thread 15 Finished:   insts:495         cycles:17778      (88885)  seconds:8     -- 0.03 IPC (0.03 IPC) --  N/A  KHz (0.06 KHz) 
**Core 06 Thread 05 Finished:   insts:495         cycles:17778      (88885)  seconds:8     -- 0.03 IPC (0.03 IPC) --  N/A  KHz (0.06 KHz) 
**Core 13 Thread 27 Finished:   insts:495         cycles:17778      (88885)  seconds:8     -- 0.03 IPC (0.03 IPC) --  N/A  KHz (0.06 KHz) 
**Core 13 Thread 01 Finished:   insts:495         cycles:17778      (88885)  seconds:8     -- 0.03 IPC (0.03 IPC) --  N/A  KHz (0.06 KHz) 
**Core 01 Thread 21 Finished:   insts:495         cycles:17779      (88890)  seconds:8     -- 0.03 IPC (0.03 IPC) --  N/A  KHz (0.06 KHz) 
**Core 06 Thread 06 Finished:   insts:495         cycles:17779      (88890)  seconds:8     -- 0.03 IPC (0.03 IPC) --  N/A  KHz (0.06 KHz) 
**Core 03 Thread 08 Finished:   insts:495         cycles:17780      (88895)  seconds:8     -- 0.03 IPC (0.03 IPC) --  N/A  KHz (0.06 KHz) 
**Core 13 Thread 06 Finished:   insts:495         cycles:17780      (88895)  seconds:8     -- 0.03 IPC (0.03 IPC) --  N/A  KHz (0.06 KHz) 
**Core 01 Thread 04 Finished:   insts:495         cycles:17781      (88900)  seconds:8     -- 0.03 IPC (0.03 IPC) --  N/A  KHz (0.06 KHz) 
**Core 03 Thread 11 Finished:   insts:495         cycles:17782      (88905)  seconds:8     -- 0.03 IPC (0.03 IPC) --  N/A  KHz (0.06 KHz) 
**Core 06 Thread 25 Finished:   insts:495         cycles:17782      (88905)  seconds:8     -- 0.03 IPC (0.03 IPC) --  N/A  KHz (0.06 KHz) 
**Core 03 Thread 16 Finished:   insts:495         cycles:17784      (88915)  seconds:8     -- 0.03 IPC (0.03 IPC) --  N/A  KHz (0.06 KHz) 
**Core 06 Thread 30 Finished:   insts:495         cycles:17784      (88915)  seconds:8     -- 0.03 IPC (0.03 IPC) --  N/A  KHz (0.06 KHz) 
**Core 03 Thread 21 Finished:   insts:495         cycles:17786      (88925)  seconds:8     -- 0.03 IPC (0.03 IPC) --  N/A  KHz (0.06 KHz) 
**Core 01 Thread 18 Finished:   insts:495         cycles:17789      (88940)  seconds:8     -- 0.03 IPC (0.03 IPC) --  N/A  KHz (0.06 KHz) 
**Core 15 Thread 07 Finished:   insts:495         cycles:17789      (88940)  seconds:8     -- 0.03 IPC (0.03 IPC) --  N/A  KHz (0.06 KHz) 
**Core 01 Thread 05 Finished:   insts:495         cycles:17790      (88945)  seconds:8     -- 0.03 IPC (0.03 IPC) --  N/A  KHz (0.06 KHz) 
**Core 15 Thread 12 Finished:   insts:495         cycles:17790      (88945)  seconds:8     -- 0.03 IPC (0.03 IPC) --  N/A  KHz (0.06 KHz) 
**Core 01 Thread 10 Finished:   insts:495         cycles:17791      (88950)  seconds:8     -- 0.03 IPC (0.03 IPC) --  N/A  KHz (0.06 KHz) 
**Core 13 Thread 29 Finished:   insts:495         cycles:17791      (88950)  seconds:8     -- 0.03 IPC (0.03 IPC) --  N/A  KHz (0.06 KHz) 
**Core 01 Thread 23 Finished:   insts:495         cycles:17792      (88955)  seconds:8     -- 0.03 IPC (0.03 IPC) --  N/A  KHz (0.06 KHz) 
**Core 05 Thread 16 Finished:   insts:495         cycles:17792      (88955)  seconds:8     -- 0.03 IPC (0.03 IPC) --  N/A  KHz (0.06 KHz) 
**Core 05 Thread 13 Finished:   insts:495         cycles:17793      (88960)  seconds:8     -- 0.03 IPC (0.03 IPC) --  N/A  KHz (0.06 KHz) 
**Core 01 Thread 15 Finished:   insts:495         cycles:17794      (88965)  seconds:8     -- 0.03 IPC (0.03 IPC) --  N/A  KHz (0.06 KHz) 
**Core 12 Thread 00 Finished:   insts:497         cycles:17794      (88965)  seconds:8     -- 0.03 IPC (0.03 IPC) --  N/A  KHz (0.06 KHz) 
**Core 12 Core_Total  Finished:   insts:15842       cycles:17794      (88965) seconds:8     -- 0.89 IPC (0.89 IPC) --  N/A  KHz (1.98 KHz)
**Core 05 Thread 20 Finished:   insts:495         cycles:17796      (88975)  seconds:8     -- 0.03 IPC (0.03 IPC) --  N/A  KHz (0.06 KHz) 
**Core 13 Thread 30 Finished:   insts:495         cycles:17796      (88975)  seconds:8     -- 0.03 IPC (0.03 IPC) --  N/A  KHz (0.06 KHz) 
**Core 13 Thread 02 Finished:   insts:495         cycles:17803      (89010)  seconds:8     -- 0.03 IPC (0.03 IPC) --  N/A  KHz (0.06 KHz) 
**Core 14 Thread 04 Finished:   insts:495         cycles:17803      (89010)  seconds:8     -- 0.03 IPC (0.03 IPC) --  N/A  KHz (0.06 KHz) 
**Core 01 Thread 20 Finished:   insts:495         cycles:17804      (89015)  seconds:8     -- 0.03 IPC (0.03 IPC) --  N/A  KHz (0.06 KHz) 
**Core 13 Thread 05 Finished:   insts:495         cycles:17804      (89015)  seconds:8     -- 0.03 IPC (0.03 IPC) --  N/A  KHz (0.06 KHz) 
**Core 03 Thread 07 Finished:   insts:495         cycles:17805      (89020)  seconds:8     -- 0.03 IPC (0.03 IPC) --  N/A  KHz (0.06 KHz) 
**Core 03 Thread 10 Finished:   insts:495         cycles:17805      (89020)  seconds:8     -- 0.03 IPC (0.03 IPC) --  N/A  KHz (0.06 KHz) 
**Core 03 Thread 01 Finished:   insts:495         cycles:17806      (89025)  seconds:8     -- 0.03 IPC (0.03 IPC) --  N/A  KHz (0.06 KHz) 
**Core 14 Thread 05 Finished:   insts:495         cycles:17806      (89025)  seconds:8     -- 0.03 IPC (0.03 IPC) --  N/A  KHz (0.06 KHz) 
**Core 01 Thread 24 Finished:   insts:495         cycles:17807      (89030)  seconds:8     -- 0.03 IPC (0.03 IPC) --  N/A  KHz (0.06 KHz) 
**Core 01 Thread 16 Finished:   insts:495         cycles:17807      (89030)  seconds:8     -- 0.03 IPC (0.03 IPC) --  N/A  KHz (0.06 KHz) 
**Core 03 Thread 28 Finished:   insts:495         cycles:17808      (89035)  seconds:8     -- 0.03 IPC (0.03 IPC) --  N/A  KHz (0.06 KHz) 
**Core 03 Thread 17 Finished:   insts:495         cycles:17808      (89035)  seconds:8     -- 0.03 IPC (0.03 IPC) --  N/A  KHz (0.06 KHz) 
**Core 03 Thread 23 Finished:   insts:495         cycles:17809      (89040)  seconds:8     -- 0.03 IPC (0.03 IPC) --  N/A  KHz (0.06 KHz) 
**Core 05 Thread 10 Finished:   insts:495         cycles:17809      (89040)  seconds:8     -- 0.03 IPC (0.03 IPC) --  N/A  KHz (0.06 KHz) 
**Core 03 Thread 31 Finished:   insts:495         cycles:17810      (89045)  seconds:8     -- 0.03 IPC (0.03 IPC) --  N/A  KHz (0.06 KHz) 
**Core 05 Thread 18 Finished:   insts:495         cycles:17810      (89045)  seconds:8     -- 0.03 IPC (0.03 IPC) --  N/A  KHz (0.06 KHz) 
**Core 03 Thread 04 Finished:   insts:495         cycles:17817      (89080)  seconds:8     -- 0.03 IPC (0.03 IPC) --  N/A  KHz (0.06 KHz) 
**Core 03 Thread 02 Finished:   insts:495         cycles:17817      (89080)  seconds:8     -- 0.03 IPC (0.03 IPC) --  N/A  KHz (0.06 KHz) 
**Core 13 Thread 09 Finished:   insts:495         cycles:17818      (89085)  seconds:8     -- 0.03 IPC (0.03 IPC) --  N/A  KHz (0.06 KHz) 
**Core 01 Thread 06 Finished:   insts:495         cycles:17818      (89085)  seconds:8     -- 0.03 IPC (0.03 IPC) --  N/A  KHz (0.06 KHz) 
**Core 03 Thread 22 Finished:   insts:495         cycles:17818      (89085)  seconds:8     -- 0.03 IPC (0.03 IPC) --  N/A  KHz (0.06 KHz) 
**Core 13 Thread 07 Finished:   insts:495         cycles:17819      (89090)  seconds:8     -- 0.03 IPC (0.03 IPC) --  N/A  KHz (0.06 KHz) 
**Core 01 Thread 11 Finished:   insts:495         cycles:17819      (89090)  seconds:8     -- 0.03 IPC (0.03 IPC) --  N/A  KHz (0.06 KHz) 
**Core 13 Thread 13 Finished:   insts:495         cycles:17820      (89095)  seconds:8     -- 0.03 IPC (0.03 IPC) --  N/A  KHz (0.06 KHz) 
**Core 03 Thread 15 Finished:   insts:495         cycles:17820      (89095)  seconds:8     -- 0.03 IPC (0.03 IPC) --  N/A  KHz (0.06 KHz) 
**Core 13 Thread 10 Finished:   insts:495         cycles:17821      (89100)  seconds:8     -- 0.03 IPC (0.03 IPC) --  N/A  KHz (0.06 KHz) 
**Core 03 Thread 26 Finished:   insts:495         cycles:17821      (89100)  seconds:8     -- 0.03 IPC (0.03 IPC) --  N/A  KHz (0.06 KHz) 
**Core 01 Thread 19 Finished:   insts:495         cycles:17822      (89105)  seconds:8     -- 0.03 IPC (0.03 IPC) --  N/A  KHz (0.06 KHz) 
**Core 03 Thread 03 Finished:   insts:495         cycles:17822      (89105)  seconds:8     -- 0.03 IPC (0.03 IPC) --  N/A  KHz (0.06 KHz) 
**Core 03 Thread 29 Finished:   insts:495         cycles:17823      (89110)  seconds:8     -- 0.03 IPC (0.03 IPC) --  N/A  KHz (0.06 KHz) 
**Core 03 Thread 24 Finished:   insts:495         cycles:17823      (89110)  seconds:8     -- 0.03 IPC (0.03 IPC) --  N/A  KHz (0.06 KHz) 
**Core 03 Thread 27 Finished:   insts:495         cycles:17824      (89115)  seconds:8     -- 0.03 IPC (0.03 IPC) --  N/A  KHz (0.06 KHz) 
**Core 03 Thread 06 Finished:   insts:495         cycles:17824      (89115)  seconds:8     -- 0.03 IPC (0.03 IPC) --  N/A  KHz (0.06 KHz) 
**Core 03 Thread 12 Finished:   insts:495         cycles:17832      (89155)  seconds:8     -- 0.03 IPC (0.03 IPC) --  N/A  KHz (0.06 KHz) 
**Core 13 Thread 18 Finished:   insts:495         cycles:17832      (89155)  seconds:8     -- 0.03 IPC (0.03 IPC) --  N/A  KHz (0.06 KHz) 
**Core 03 Thread 14 Finished:   insts:495         cycles:17833      (89160)  seconds:8     -- 0.03 IPC (0.03 IPC) --  N/A  KHz (0.06 KHz) 
**Core 05 Thread 03 Finished:   insts:495         cycles:17833      (89160)  seconds:8     -- 0.03 IPC (0.03 IPC) --  N/A  KHz (0.06 KHz) 
**Core 03 Thread 20 Finished:   insts:495         cycles:17834      (89165)  seconds:8     -- 0.03 IPC (0.03 IPC) --  N/A  KHz (0.06 KHz) 
**Core 13 Thread 23 Finished:   insts:495         cycles:17834      (89165)  seconds:8     -- 0.03 IPC (0.03 IPC) --  N/A  KHz (0.06 KHz) 
**Core 03 Thread 30 Finished:   insts:495         cycles:17835      (89170)  seconds:8     -- 0.03 IPC (0.03 IPC) --  N/A  KHz (0.06 KHz) 
**Core 03 Thread 25 Finished:   insts:495         cycles:17835      (89170)  seconds:8     -- 0.03 IPC (0.03 IPC) --  N/A  KHz (0.06 KHz) 
**Core 05 Thread 09 Finished:   insts:495         cycles:17836      (89175)  seconds:8     -- 0.03 IPC (0.03 IPC) --  N/A  KHz (0.06 KHz) 
**Core 07 Thread 20 Finished:   insts:495         cycles:17836      (89175)  seconds:8     -- 0.03 IPC (0.03 IPC) --  N/A  KHz (0.06 KHz) 
**Core 03 Thread 05 Finished:   insts:495         cycles:17837      (89180)  seconds:8     -- 0.03 IPC (0.03 IPC) --  N/A  KHz (0.06 KHz) 
**Core 05 Thread 12 Finished:   insts:495         cycles:17837      (89180)  seconds:8     -- 0.03 IPC (0.03 IPC) --  N/A  KHz (0.06 KHz) 
**Core 05 Thread 01 Finished:   insts:495         cycles:17838      (89185)  seconds:8     -- 0.03 IPC (0.03 IPC) --  N/A  KHz (0.06 KHz) 
**Core 05 Thread 08 Finished:   insts:495         cycles:17838      (89185)  seconds:8     -- 0.03 IPC (0.03 IPC) --  N/A  KHz (0.06 KHz) 
**Core 01 Thread 09 Finished:   insts:495         cycles:17846      (89225)  seconds:8     -- 0.03 IPC (0.03 IPC) --  N/A  KHz (0.06 KHz) 
**Core 13 Thread 11 Finished:   insts:495         cycles:17846      (89225)  seconds:8     -- 0.03 IPC (0.03 IPC) --  N/A  KHz (0.06 KHz) 
**Core 01 Thread 14 Finished:   insts:495         cycles:17847      (89230)  seconds:8     -- 0.03 IPC (0.03 IPC) --  N/A  KHz (0.06 KHz) 
**Core 13 Thread 16 Finished:   insts:495         cycles:17847      (89230)  seconds:8     -- 0.03 IPC (0.03 IPC) --  N/A  KHz (0.06 KHz) 
**Core 05 Thread 14 Finished:   insts:495         cycles:17848      (89235)  seconds:8     -- 0.03 IPC (0.03 IPC) --  N/A  KHz (0.06 KHz) 
**Core 06 Thread 03 Finished:   insts:495         cycles:17848      (89235)  seconds:8     -- 0.03 IPC (0.03 IPC) --  N/A  KHz (0.06 KHz) 
**Core 03 Thread 19 Finished:   insts:495         cycles:17849      (89240)  seconds:8     -- 0.03 IPC (0.03 IPC) --  N/A  KHz (0.06 KHz) 
**Core 05 Thread 17 Finished:   insts:495         cycles:17849      (89240)  seconds:8     -- 0.03 IPC (0.03 IPC) --  N/A  KHz (0.06 KHz) 
**Core 05 Thread 19 Finished:   insts:495         cycles:17850      (89245)  seconds:8     -- 0.03 IPC (0.03 IPC) --  N/A  KHz (0.06 KHz) 
**Core 05 Thread 06 Finished:   insts:495         cycles:17850      (89245)  seconds:8     -- 0.03 IPC (0.03 IPC) --  N/A  KHz (0.06 KHz) 
**Core 05 Thread 04 Finished:   insts:495         cycles:17851      (89250)  seconds:8     -- 0.03 IPC (0.03 IPC) --  N/A  KHz (0.06 KHz) 
**Core 06 Thread 08 Finished:   insts:495         cycles:17851      (89250)  seconds:8     -- 0.03 IPC (0.03 IPC) --  N/A  KHz (0.06 KHz) 
**Core 05 Thread 25 Finished:   insts:495         cycles:17852      (89255)  seconds:8     -- 0.03 IPC (0.03 IPC) --  N/A  KHz (0.06 KHz) 
**Core 05 Thread 21 Finished:   insts:495         cycles:17852      (89255)  seconds:8     -- 0.03 IPC (0.03 IPC) --  N/A  KHz (0.06 KHz) 
**Core 05 Thread 26 Finished:   insts:495         cycles:17853      (89260)  seconds:8     -- 0.03 IPC (0.03 IPC) --  N/A  KHz (0.06 KHz) 
**Core 05 Thread 23 Finished:   insts:495         cycles:17853      (89260)  seconds:8     -- 0.03 IPC (0.03 IPC) --  N/A  KHz (0.06 KHz) 
**Core 05 Thread 00 Finished:   insts:497         cycles:17860      (89295)  seconds:8     -- 0.03 IPC (0.03 IPC) --  N/A  KHz (0.06 KHz) 
**Core 15 Thread 15 Finished:   insts:495         cycles:17860      (89295)  seconds:8     -- 0.03 IPC (0.03 IPC) --  N/A  KHz (0.06 KHz) 
**Core 05 Thread 02 Finished:   insts:495         cycles:17861      (89300)  seconds:8     -- 0.03 IPC (0.03 IPC) --  N/A  KHz (0.06 KHz) 
**Core 15 Thread 05 Finished:   insts:495         cycles:17861      (89300)  seconds:8     -- 0.03 IPC (0.03 IPC) --  N/A  KHz (0.06 KHz) 
**Core 06 Thread 10 Finished:   insts:495         cycles:17862      (89305)  seconds:8     -- 0.03 IPC (0.03 IPC) --  N/A  KHz (0.06 KHz) 
**Core 05 Thread 05 Finished:   insts:495         cycles:17862      (89305)  seconds:8     -- 0.03 IPC (0.03 IPC) --  N/A  KHz (0.06 KHz) 
**Core 05 Thread 30 Finished:   insts:495         cycles:17863      (89310)  seconds:8     -- 0.03 IPC (0.03 IPC) --  N/A  KHz (0.06 KHz) 
**Core 06 Thread 15 Finished:   insts:495         cycles:17863      (89310)  seconds:8     -- 0.03 IPC (0.03 IPC) --  N/A  KHz (0.06 KHz) 
**Core 05 Thread 28 Finished:   insts:495         cycles:17864      (89315)  seconds:8     -- 0.03 IPC (0.03 IPC) --  N/A  KHz (0.06 KHz) 
**Core 07 Thread 23 Finished:   insts:495         cycles:17864      (89315)  seconds:8     -- 0.03 IPC (0.03 IPC) --  N/A  KHz (0.06 KHz) 
**Core 10 Thread 22 Finished:   insts:495         cycles:17865      (89320)  seconds:8     -- 0.03 IPC (0.03 IPC) --  N/A  KHz (0.06 KHz) 
**Core 05 Thread 07 Finished:   insts:495         cycles:17866      (89325)  seconds:8     -- 0.03 IPC (0.03 IPC) --  N/A  KHz (0.06 KHz) 
**Core 06 Thread 02 Finished:   insts:495         cycles:17866      (89325)  seconds:8     -- 0.03 IPC (0.03 IPC) --  N/A  KHz (0.06 KHz) 
**Core 05 Thread 24 Finished:   insts:495         cycles:17867      (89330)  seconds:8     -- 0.03 IPC (0.03 IPC) --  N/A  KHz (0.06 KHz) 
**Core 05 Thread 22 Finished:   insts:495         cycles:17867      (89330)  seconds:8     -- 0.03 IPC (0.03 IPC) --  N/A  KHz (0.06 KHz) 
**Core 10 Thread 19 Finished:   insts:495         cycles:17868      (89335)  seconds:8     -- 0.03 IPC (0.03 IPC) --  N/A  KHz (0.06 KHz) 
**Core 09 Thread 24 Finished:   insts:495         cycles:17874      (89365)  seconds:8     -- 0.03 IPC (0.03 IPC) --  N/A  KHz (0.06 KHz) 
**Core 14 Thread 08 Finished:   insts:495         cycles:17874      (89365)  seconds:8     -- 0.03 IPC (0.03 IPC) --  N/A  KHz (0.06 KHz) 
**Core 06 Thread 04 Finished:   insts:495         cycles:17875      (89370)  seconds:8     -- 0.03 IPC (0.03 IPC) --  N/A  KHz (0.06 KHz) 
**Core 14 Thread 13 Finished:   insts:495         cycles:17875      (89370)  seconds:8     -- 0.03 IPC (0.03 IPC) --  N/A  KHz (0.06 KHz) 
**Core 06 Thread 07 Finished:   insts:495         cycles:17876      (89375)  seconds:8     -- 0.03 IPC (0.03 IPC) --  N/A  KHz (0.06 KHz) 
**Core 06 Thread 13 Finished:   insts:495         cycles:17876      (89375)  seconds:8     -- 0.03 IPC (0.03 IPC) --  N/A  KHz (0.06 KHz) 
**Core 05 Thread 31 Finished:   insts:495         cycles:17877      (89380)  seconds:8     -- 0.03 IPC (0.03 IPC) --  N/A  KHz (0.06 KHz) 
**Core 05 Thread 27 Finished:   insts:495         cycles:17877      (89380)  seconds:8     -- 0.03 IPC (0.03 IPC) --  N/A  KHz (0.06 KHz) 
**Core 03 Thread 00 Finished:   insts:497         cycles:17878      (89385)  seconds:8     -- 0.03 IPC (0.03 IPC) --  N/A  KHz (0.06 KHz) 
**Core 03 Core_Total  Finished:   insts:15842       cycles:17878      (89385) seconds:8     -- 0.89 IPC (0.89 IPC) --  N/A  KHz (1.98 KHz)
**Core 06 Thread 09 Finished:   insts:495         cycles:17878      (89385)  seconds:8     -- 0.03 IPC (0.03 IPC) --  N/A  KHz (0.06 KHz) 
**Core 05 Thread 29 Finished:   insts:495         cycles:17879      (89390)  seconds:8     -- 0.03 IPC (0.03 IPC) --  N/A  KHz (0.06 KHz) 
**Core 05 Core_Total  Finished:   insts:15842       cycles:17879      (89390) seconds:8     -- 0.89 IPC (0.89 IPC) --  N/A  KHz (1.98 KHz)
**Core 09 Thread 25 Finished:   insts:495         cycles:17879      (89390)  seconds:8     -- 0.03 IPC (0.03 IPC) --  N/A  KHz (0.06 KHz) 
**Core 06 Thread 26 Finished:   insts:495         cycles:17880      (89395)  seconds:8     -- 0.03 IPC (0.03 IPC) --  N/A  KHz (0.06 KHz) 
**Core 06 Thread 21 Finished:   insts:495         cycles:17880      (89395)  seconds:8     -- 0.03 IPC (0.03 IPC) --  N/A  KHz (0.06 KHz) 
**Core 06 Thread 00 Finished:   insts:497         cycles:17881      (89400)  seconds:8     -- 0.03 IPC (0.03 IPC) --  N/A  KHz (0.06 KHz) 
**Core 06 Thread 14 Finished:   insts:495         cycles:17881      (89400)  seconds:8     -- 0.03 IPC (0.03 IPC) --  N/A  KHz (0.06 KHz) 
**Core 08 Thread 28 Finished:   insts:495         cycles:17888      (89435)  seconds:8     -- 0.03 IPC (0.03 IPC) --  N/A  KHz (0.06 KHz) 
**Core 13 Thread 14 Finished:   insts:495         cycles:17888      (89435)  seconds:8     -- 0.03 IPC (0.03 IPC) --  N/A  KHz (0.06 KHz) 
**Core 06 Thread 19 Finished:   insts:495         cycles:17889      (89440)  seconds:8     -- 0.03 IPC (0.03 IPC) --  N/A  KHz (0.06 KHz) 
**Core 13 Thread 21 Finished:   insts:495         cycles:17889      (89440)  seconds:8     -- 0.03 IPC (0.03 IPC) --  N/A  KHz (0.06 KHz) 
**Core 06 Thread 12 Finished:   insts:495         cycles:17890      (89445)  seconds:8     -- 0.03 IPC (0.03 IPC) --  N/A  KHz (0.06 KHz) 
**Core 08 Thread 26 Finished:   insts:495         cycles:17890      (89445)  seconds:8     -- 0.03 IPC (0.03 IPC) --  N/A  KHz (0.06 KHz) 
**Core 06 Thread 29 Finished:   insts:495         cycles:17891      (89450)  seconds:8     -- 0.03 IPC (0.03 IPC) --  N/A  KHz (0.06 KHz) 
**Core 06 Thread 16 Finished:   insts:495         cycles:17891      (89450)  seconds:8     -- 0.03 IPC (0.03 IPC) --  N/A  KHz (0.06 KHz) 
**Core 01 Thread 00 Finished:   insts:497         cycles:17892      (89455)  seconds:8     -- 0.03 IPC (0.03 IPC) --  N/A  KHz (0.06 KHz) 
**Core 01 Core_Total  Finished:   insts:15842       cycles:17892      (89455) seconds:8     -- 0.89 IPC (0.89 IPC) --  N/A  KHz (1.98 KHz)
**Core 06 Thread 24 Finished:   insts:495         cycles:17892      (89455)  seconds:8     -- 0.03 IPC (0.03 IPC) --  N/A  KHz (0.06 KHz) 
**Core 06 Thread 31 Finished:   insts:495         cycles:17893      (89460)  seconds:8     -- 0.03 IPC (0.03 IPC) --  N/A  KHz (0.06 KHz) 
**Core 07 Thread 28 Finished:   insts:495         cycles:17893      (89460)  seconds:8     -- 0.03 IPC (0.03 IPC) --  N/A  KHz (0.06 KHz) 
**Core 06 Thread 11 Finished:   insts:495         cycles:17894      (89465)  seconds:8     -- 0.03 IPC (0.03 IPC) --  N/A  KHz (0.06 KHz) 
**Core 06 Core_Total  Finished:   insts:15842       cycles:17894      (89465) seconds:8     -- 0.89 IPC (0.89 IPC) --  N/A  KHz (1.98 KHz)
**Core 07 Thread 21 Finished:   insts:495         cycles:17895      (89470)  seconds:8     -- 0.03 IPC (0.03 IPC) --  N/A  KHz (0.06 KHz) 
**Core 07 Thread 03 Finished:   insts:495         cycles:17895      (89470)  seconds:8     -- 0.03 IPC (0.03 IPC) --  N/A  KHz (0.06 KHz) 
**Core 13 Thread 26 Finished:   insts:495         cycles:17903      (89510)  seconds:8     -- 0.03 IPC (0.03 IPC) --  N/A  KHz (0.06 KHz) 
**Core 13 Thread 17 Finished:   insts:495         cycles:17903      (89510)  seconds:8     -- 0.03 IPC (0.03 IPC) --  N/A  KHz (0.06 KHz) 
**Core 07 Thread 31 Finished:   insts:495         cycles:17904      (89515)  seconds:8     -- 0.03 IPC (0.03 IPC) --  N/A  KHz (0.06 KHz) 
**Core 07 Thread 04 Finished:   insts:495         cycles:17904      (89515)  seconds:8     -- 0.03 IPC (0.03 IPC) --  N/A  KHz (0.06 KHz) 
**Core 07 Thread 30 Finished:   insts:495         cycles:17905      (89520)  seconds:8     -- 0.03 IPC (0.03 IPC) --  N/A  KHz (0.06 KHz) 
**Core 07 Thread 25 Finished:   insts:495         cycles:17905      (89520)  seconds:8     -- 0.03 IPC (0.03 IPC) --  N/A  KHz (0.06 KHz) 
**Core 07 Thread 01 Finished:   insts:495         cycles:17906      (89525)  seconds:8     -- 0.03 IPC (0.03 IPC) --  N/A  KHz (0.06 KHz) 
**Core 07 Thread 08 Finished:   insts:495         cycles:17906      (89525)  seconds:8     -- 0.03 IPC (0.03 IPC) --  N/A  KHz (0.06 KHz) 
**Core 07 Thread 26 Finished:   insts:495         cycles:17908      (89535)  seconds:8     -- 0.03 IPC (0.03 IPC) --  N/A  KHz (0.06 KHz) 
**Core 07 Thread 09 Finished:   insts:495         cycles:17909      (89540)  seconds:8     -- 0.03 IPC (0.03 IPC) --  N/A  KHz (0.06 KHz) 
**Core 07 Thread 18 Finished:   insts:495         cycles:17917      (89580)  seconds:8     -- 0.03 IPC (0.03 IPC) --  N/A  KHz (0.06 KHz) 
**Core 07 Thread 13 Finished:   insts:495         cycles:17917      (89580)  seconds:8     -- 0.03 IPC (0.03 IPC) --  N/A  KHz (0.06 KHz) 
**Core 07 Thread 02 Finished:   insts:495         cycles:17918      (89585)  seconds:8     -- 0.03 IPC (0.03 IPC) --  N/A  KHz (0.06 KHz) 
**Core 07 Thread 06 Finished:   insts:495         cycles:17918      (89585)  seconds:8     -- 0.03 IPC (0.03 IPC) --  N/A  KHz (0.06 KHz) 
**Core 07 Thread 29 Finished:   insts:495         cycles:17919      (89590)  seconds:8     -- 0.03 IPC (0.03 IPC) --  N/A  KHz (0.06 KHz) 
**Core 07 Thread 24 Finished:   insts:495         cycles:17919      (89590)  seconds:8     -- 0.03 IPC (0.03 IPC) --  N/A  KHz (0.06 KHz) 
**Core 07 Thread 27 Finished:   insts:495         cycles:17920      (89595)  seconds:8     -- 0.03 IPC (0.03 IPC) --  N/A  KHz (0.06 KHz) 
**Core 07 Thread 11 Finished:   insts:495         cycles:17922      (89605)  seconds:8     -- 0.03 IPC (0.03 IPC) --  N/A  KHz (0.06 KHz) 
**Core 11 Thread 04 Finished:   insts:495         cycles:17923      (89610)  seconds:8     -- 0.03 IPC (0.03 IPC) --  N/A  KHz (0.06 KHz) 
**Core 10 Thread 29 Finished:   insts:495         cycles:17931      (89650)  seconds:8     -- 0.03 IPC (0.03 IPC) --  N/A  KHz (0.06 KHz) 
**Core 10 Thread 24 Finished:   insts:495         cycles:17931      (89650)  seconds:8     -- 0.03 IPC (0.03 IPC) --  N/A  KHz (0.06 KHz) 
**Core 08 Thread 25 Finished:   insts:495         cycles:17932      (89655)  seconds:8     -- 0.03 IPC (0.03 IPC) --  N/A  KHz (0.06 KHz) 
**Core 15 Thread 10 Finished:   insts:495         cycles:17932      (89655)  seconds:8     -- 0.03 IPC (0.03 IPC) --  N/A  KHz (0.06 KHz) 
**Core 07 Thread 00 Finished:   insts:497         cycles:17933      (89660)  seconds:8     -- 0.03 IPC (0.03 IPC) --  N/A  KHz (0.06 KHz) 
**Core 15 Thread 20 Finished:   insts:495         cycles:17933      (89660)  seconds:8     -- 0.03 IPC (0.03 IPC) --  N/A  KHz (0.06 KHz) 
**Core 08 Thread 30 Finished:   insts:495         cycles:17934      (89665)  seconds:8     -- 0.03 IPC (0.03 IPC) --  N/A  KHz (0.06 KHz) 
**Core 08 Thread 08 Finished:   insts:495         cycles:17934      (89665)  seconds:8     -- 0.03 IPC (0.03 IPC) --  N/A  KHz (0.06 KHz) 
**Core 07 Thread 17 Finished:   insts:495         cycles:17935      (89670)  seconds:8     -- 0.03 IPC (0.03 IPC) --  N/A  KHz (0.06 KHz) 
**Core 07 Thread 16 Finished:   insts:495         cycles:17935      (89670)  seconds:8     -- 0.03 IPC (0.03 IPC) --  N/A  KHz (0.06 KHz) 
**Core 07 Thread 05 Finished:   insts:495         cycles:17936      (89675)  seconds:8     -- 0.03 IPC (0.03 IPC) --  N/A  KHz (0.06 KHz) 
**Core 07 Thread 10 Finished:   insts:495         cycles:17936      (89675)  seconds:8     -- 0.03 IPC (0.03 IPC) --  N/A  KHz (0.06 KHz) 
**Core 07 Thread 22 Finished:   insts:495         cycles:17937      (89680)  seconds:8     -- 0.03 IPC (0.03 IPC) --  N/A  KHz (0.06 KHz) 
**Core 08 Thread 04 Finished:   insts:495         cycles:17937      (89680)  seconds:8     -- 0.03 IPC (0.03 IPC) --  N/A  KHz (0.06 KHz) 
**Core 07 Thread 15 Finished:   insts:495         cycles:17938      (89685)  seconds:8     -- 0.03 IPC (0.03 IPC) --  N/A  KHz (0.06 KHz) 
**Core 08 Thread 01 Finished:   insts:495         cycles:17938      (89685)  seconds:8     -- 0.03 IPC (0.03 IPC) --  N/A  KHz (0.06 KHz) 
**Core 11 Thread 06 Finished:   insts:495         cycles:17940      (89695)  seconds:8     -- 0.03 IPC (0.03 IPC) --  N/A  KHz (0.06 KHz) 
**Core 08 Thread 18 Finished:   insts:495         cycles:17945      (89720)  seconds:8     -- 0.03 IPC (0.03 IPC) --  N/A  KHz (0.06 KHz) 
**Core 08 Thread 06 Finished:   insts:495         cycles:17945      (89720)  seconds:8     -- 0.03 IPC (0.03 IPC) --  N/A  KHz (0.06 KHz) 
**Core 08 Thread 31 Finished:   insts:495         cycles:17946      (89725)  seconds:8     -- 0.03 IPC (0.03 IPC) --  N/A  KHz (0.06 KHz) 
**Core 09 Thread 27 Finished:   insts:495         cycles:17946      (89725)  seconds:8     -- 0.03 IPC (0.03 IPC) --  N/A  KHz (0.06 KHz) 
**Core 08 Thread 21 Finished:   insts:495         cycles:17947      (89730)  seconds:8     -- 0.03 IPC (0.03 IPC) --  N/A  KHz (0.06 KHz) 
**Core 14 Thread 18 Finished:   insts:495         cycles:17947      (89730)  seconds:8     -- 0.03 IPC (0.03 IPC) --  N/A  KHz (0.06 KHz) 
**Core 09 Thread 29 Finished:   insts:495         cycles:17948      (89735)  seconds:8     -- 0.03 IPC (0.03 IPC) --  N/A  KHz (0.06 KHz) 
**Core 14 Thread 06 Finished:   insts:495         cycles:17948      (89735)  seconds:8     -- 0.03 IPC (0.03 IPC) --  N/A  KHz (0.06 KHz) 
**Core 07 Thread 19 Finished:   insts:495         cycles:17949      (89740)  seconds:8     -- 0.03 IPC (0.03 IPC) --  N/A  KHz (0.06 KHz) 
**Core 08 Thread 16 Finished:   insts:495         cycles:17949      (89740)  seconds:8     -- 0.03 IPC (0.03 IPC) --  N/A  KHz (0.06 KHz) 
**Core 07 Thread 07 Finished:   insts:495         cycles:17950      (89745)  seconds:8     -- 0.03 IPC (0.03 IPC) --  N/A  KHz (0.06 KHz) 
**Core 08 Thread 09 Finished:   insts:495         cycles:17950      (89745)  seconds:8     -- 0.03 IPC (0.03 IPC) --  N/A  KHz (0.06 KHz) 
**Core 07 Thread 12 Finished:   insts:495         cycles:17951      (89750)  seconds:8     -- 0.03 IPC (0.03 IPC) --  N/A  KHz (0.06 KHz) 
**Core 07 Thread 14 Finished:   insts:495         cycles:17951      (89750)  seconds:8     -- 0.03 IPC (0.03 IPC) --  N/A  KHz (0.06 KHz) 
**Core 07 Core_Total  Finished:   insts:15842       cycles:17951      (89750) seconds:8     -- 0.88 IPC (0.88 IPC) --  N/A  KHz (1.98 KHz)
**Core 08 Thread 03 Finished:   insts:495         cycles:17952      (89755)  seconds:8     -- 0.03 IPC (0.03 IPC) --  N/A  KHz (0.06 KHz) 
**Core 08 Thread 02 Finished:   insts:495         cycles:17952      (89755)  seconds:8     -- 0.03 IPC (0.03 IPC) --  N/A  KHz (0.06 KHz) 
**Core 08 Thread 17 Finished:   insts:495         cycles:17959      (89790)  seconds:8     -- 0.03 IPC (0.03 IPC) --  N/A  KHz (0.06 KHz) 
**Core 08 Thread 05 Finished:   insts:495         cycles:17959      (89790)  seconds:8     -- 0.03 IPC (0.03 IPC) --  N/A  KHz (0.06 KHz) 
**Core 08 Thread 23 Finished:   insts:495         cycles:17960      (89795)  seconds:8     -- 0.03 IPC (0.03 IPC) --  N/A  KHz (0.06 KHz) 
**Core 08 Thread 14 Finished:   insts:495         cycles:17960      (89795)  seconds:8     -- 0.03 IPC (0.03 IPC) --  N/A  KHz (0.06 KHz) 
**Core 08 Thread 29 Finished:   insts:495         cycles:17961      (89800)  seconds:8     -- 0.03 IPC (0.03 IPC) --  N/A  KHz (0.06 KHz) 
**Core 08 Thread 27 Finished:   insts:495         cycles:17961      (89800)  seconds:8     -- 0.03 IPC (0.03 IPC) --  N/A  KHz (0.06 KHz) 
**Core 13 Thread 19 Finished:   insts:495         cycles:17962      (89805)  seconds:8     -- 0.03 IPC (0.03 IPC) --  N/A  KHz (0.06 KHz) 
**Core 08 Thread 22 Finished:   insts:495         cycles:17962      (89805)  seconds:8     -- 0.03 IPC (0.03 IPC) --  N/A  KHz (0.06 KHz) 
**Core 13 Thread 15 Finished:   insts:495         cycles:17963      (89810)  seconds:8     -- 0.03 IPC (0.03 IPC) --  N/A  KHz (0.06 KHz) 
**Core 08 Thread 11 Finished:   insts:495         cycles:17963      (89810)  seconds:8     -- 0.03 IPC (0.03 IPC) --  N/A  KHz (0.06 KHz) 
**Core 08 Thread 00 Finished:   insts:497         cycles:17964      (89815)  seconds:8     -- 0.03 IPC (0.03 IPC) --  N/A  KHz (0.06 KHz) 
**Core 09 Thread 30 Finished:   insts:495         cycles:17964      (89815)  seconds:8     -- 0.03 IPC (0.03 IPC) --  N/A  KHz (0.06 KHz) 
**Core 09 Thread 03 Finished:   insts:495         cycles:17965      (89820)  seconds:8     -- 0.03 IPC (0.03 IPC) --  N/A  KHz (0.06 KHz) 
**Core 08 Thread 20 Finished:   insts:495         cycles:17974      (89865)  seconds:8     -- 0.03 IPC (0.03 IPC) --  N/A  KHz (0.06 KHz) 
**Core 08 Thread 07 Finished:   insts:495         cycles:17974      (89865)  seconds:8     -- 0.03 IPC (0.03 IPC) --  N/A  KHz (0.06 KHz) 
**Core 08 Thread 24 Finished:   insts:495         cycles:17975      (89870)  seconds:8     -- 0.03 IPC (0.03 IPC) --  N/A  KHz (0.06 KHz) 
**Core 08 Thread 13 Finished:   insts:495         cycles:17975      (89870)  seconds:8     -- 0.03 IPC (0.03 IPC) --  N/A  KHz (0.06 KHz) 
**Core 08 Thread 10 Finished:   insts:495         cycles:17976      (89875)  seconds:8     -- 0.03 IPC (0.03 IPC) --  N/A  KHz (0.06 KHz) 
**Core 13 Thread 24 Finished:   insts:495         cycles:17976      (89875)  seconds:8     -- 0.03 IPC (0.03 IPC) --  N/A  KHz (0.06 KHz) 
**Core 09 Thread 02 Finished:   insts:495         cycles:17977      (89880)  seconds:8     -- 0.03 IPC (0.03 IPC) --  N/A  KHz (0.06 KHz) 
**Core 13 Thread 22 Finished:   insts:495         cycles:17977      (89880)  seconds:8     -- 0.03 IPC (0.03 IPC) --  N/A  KHz (0.06 KHz) 
**Core 09 Thread 31 Finished:   insts:495         cycles:17978      (89885)  seconds:8     -- 0.03 IPC (0.03 IPC) --  N/A  KHz (0.06 KHz) 
**Core 09 Thread 01 Finished:   insts:495         cycles:17979      (89890)  seconds:8     -- 0.03 IPC (0.03 IPC) --  N/A  KHz (0.06 KHz) 
**Core 09 Thread 08 Finished:   insts:495         cycles:17979      (89890)  seconds:8     -- 0.03 IPC (0.03 IPC) --  N/A  KHz (0.06 KHz) 
**Core 08 Thread 19 Finished:   insts:495         cycles:17988      (89935)  seconds:8     -- 0.03 IPC (0.03 IPC) --  N/A  KHz (0.06 KHz) 
**Core 08 Thread 15 Finished:   insts:495         cycles:17988      (89935)  seconds:8     -- 0.03 IPC (0.03 IPC) --  N/A  KHz (0.06 KHz) 
**Core 08 Thread 12 Finished:   insts:495         cycles:17989      (89940)  seconds:8     -- 0.03 IPC (0.03 IPC) --  N/A  KHz (0.06 KHz) 
**Core 08 Core_Total  Finished:   insts:15842       cycles:17989      (89940) seconds:8     -- 0.88 IPC (0.88 IPC) --  N/A  KHz (1.98 KHz)
**Core 09 Thread 28 Finished:   insts:495         cycles:17989      (89940)  seconds:8     -- 0.03 IPC (0.03 IPC) --  N/A  KHz (0.06 KHz) 
**Core 09 Thread 22 Finished:   insts:495         cycles:17990      (89945)  seconds:8     -- 0.03 IPC (0.03 IPC) --  N/A  KHz (0.06 KHz) 
**Core 09 Thread 04 Finished:   insts:495         cycles:17990      (89945)  seconds:8     -- 0.03 IPC (0.03 IPC) --  N/A  KHz (0.06 KHz) 
**Core 09 Thread 21 Finished:   insts:495         cycles:17991      (89950)  seconds:8     -- 0.03 IPC (0.03 IPC) --  N/A  KHz (0.06 KHz) 
**Core 11 Thread 03 Finished:   insts:495         cycles:17991      (89950)  seconds:8     -- 0.03 IPC (0.03 IPC) --  N/A  KHz (0.06 KHz) 
**Core 09 Thread 05 Finished:   insts:495         cycles:17992      (89955)  seconds:8     -- 0.03 IPC (0.03 IPC) --  N/A  KHz (0.06 KHz) 
**Core 09 Thread 00 Finished:   insts:497         cycles:17993      (89960)  seconds:8     -- 0.03 IPC (0.03 IPC) --  N/A  KHz (0.06 KHz) 
**Core 09 Thread 26 Finished:   insts:495         cycles:17994      (89965)  seconds:8     -- 0.03 IPC (0.03 IPC) --  N/A  KHz (0.06 KHz) 
**Core 09 Thread 17 Finished:   insts:495         cycles:18002      (90005)  seconds:8     -- 0.03 IPC (0.03 IPC) --  N/A  KHz (0.06 KHz) 
**Core 09 Thread 13 Finished:   insts:495         cycles:18002      (90005)  seconds:8     -- 0.03 IPC (0.03 IPC) --  N/A  KHz (0.06 KHz) 
**Core 09 Thread 23 Finished:   insts:495         cycles:18003      (90010)  seconds:8     -- 0.03 IPC (0.03 IPC) --  N/A  KHz (0.06 KHz) 
**Core 09 Thread 12 Finished:   insts:495         cycles:18003      (90010)  seconds:8     -- 0.03 IPC (0.03 IPC) --  N/A  KHz (0.06 KHz) 
**Core 10 Thread 27 Finished:   insts:495         cycles:18004      (90015)  seconds:8     -- 0.03 IPC (0.03 IPC) --  N/A  KHz (0.06 KHz) 
**Core 10 Thread 21 Finished:   insts:495         cycles:18004      (90015)  seconds:8     -- 0.03 IPC (0.03 IPC) --  N/A  KHz (0.06 KHz) 
**Core 09 Thread 07 Finished:   insts:495         cycles:18005      (90020)  seconds:8     -- 0.03 IPC (0.03 IPC) --  N/A  KHz (0.06 KHz) 
**Core 15 Thread 17 Finished:   insts:495         cycles:18005      (90020)  seconds:8     -- 0.03 IPC (0.03 IPC) --  N/A  KHz (0.06 KHz) 
**Core 10 Thread 02 Finished:   insts:495         cycles:18006      (90025)  seconds:8     -- 0.03 IPC (0.03 IPC) --  N/A  KHz (0.06 KHz) 
**Core 15 Thread 22 Finished:   insts:495         cycles:18006      (90025)  seconds:8     -- 0.03 IPC (0.03 IPC) --  N/A  KHz (0.06 KHz) 
**Core 10 Thread 31 Finished:   insts:495         cycles:18007      (90030)  seconds:8     -- 0.03 IPC (0.03 IPC) --  N/A  KHz (0.06 KHz) 
**Core 10 Thread 03 Finished:   insts:495         cycles:18007      (90030)  seconds:8     -- 0.03 IPC (0.03 IPC) --  N/A  KHz (0.06 KHz) 
**Core 09 Thread 20 Finished:   insts:495         cycles:18008      (90035)  seconds:8     -- 0.03 IPC (0.03 IPC) --  N/A  KHz (0.06 KHz) 
**Core 09 Thread 10 Finished:   insts:495         cycles:18016      (90075)  seconds:8     -- 0.03 IPC (0.03 IPC) --  N/A  KHz (0.06 KHz) 
**Core 09 Thread 15 Finished:   insts:495         cycles:18016      (90075)  seconds:8     -- 0.03 IPC (0.03 IPC) --  N/A  KHz (0.06 KHz) 
**Core 09 Thread 06 Finished:   insts:495         cycles:18017      (90080)  seconds:8     -- 0.03 IPC (0.03 IPC) --  N/A  KHz (0.06 KHz) 
**Core 10 Thread 28 Finished:   insts:495         cycles:18017      (90080)  seconds:8     -- 0.03 IPC (0.03 IPC) --  N/A  KHz (0.06 KHz) 
**Core 10 Thread 30 Finished:   insts:495         cycles:18018      (90085)  seconds:8     -- 0.03 IPC (0.03 IPC) --  N/A  KHz (0.06 KHz) 
**Core 10 Thread 23 Finished:   insts:495         cycles:18018      (90085)  seconds:8     -- 0.03 IPC (0.03 IPC) --  N/A  KHz (0.06 KHz) 
**Core 14 Thread 16 Finished:   insts:495         cycles:18019      (90090)  seconds:8     -- 0.03 IPC (0.03 IPC) --  N/A  KHz (0.06 KHz) 
**Core 14 Thread 11 Finished:   insts:495         cycles:18019      (90090)  seconds:8     -- 0.03 IPC (0.03 IPC) --  N/A  KHz (0.06 KHz) 
**Core 09 Thread 19 Finished:   insts:495         cycles:18020      (90095)  seconds:8     -- 0.03 IPC (0.03 IPC) --  N/A  KHz (0.06 KHz) 
**Core 10 Thread 25 Finished:   insts:495         cycles:18020      (90095)  seconds:8     -- 0.03 IPC (0.03 IPC) --  N/A  KHz (0.06 KHz) 
**Core 10 Thread 04 Finished:   insts:495         cycles:18021      (90100)  seconds:8     -- 0.03 IPC (0.03 IPC) --  N/A  KHz (0.06 KHz) 
**Core 10 Thread 01 Finished:   insts:495         cycles:18021      (90100)  seconds:8     -- 0.03 IPC (0.03 IPC) --  N/A  KHz (0.06 KHz) 
**Core 10 Thread 00 Finished:   insts:497         cycles:18022      (90105)  seconds:8     -- 0.03 IPC (0.03 IPC) --  N/A  KHz (0.06 KHz) 
**Core 09 Thread 09 Finished:   insts:495         cycles:18030      (90145)  seconds:8     -- 0.03 IPC (0.03 IPC) --  N/A  KHz (0.06 KHz) 
**Core 09 Thread 14 Finished:   insts:495         cycles:18030      (90145)  seconds:8     -- 0.03 IPC (0.03 IPC) --  N/A  KHz (0.06 KHz) 
**Core 11 Thread 23 Finished:   insts:495         cycles:18031      (90150)  seconds:8     -- 0.03 IPC (0.03 IPC) --  N/A  KHz (0.06 KHz) 
**Core 11 Thread 08 Finished:   insts:495         cycles:18031      (90150)  seconds:8     -- 0.03 IPC (0.03 IPC) --  N/A  KHz (0.06 KHz) 
**Core 10 Thread 26 Finished:   insts:495         cycles:18032      (90155)  seconds:8     -- 0.03 IPC (0.03 IPC) --  N/A  KHz (0.06 KHz) 
**Core 11 Thread 21 Finished:   insts:495         cycles:18032      (90155)  seconds:8     -- 0.03 IPC (0.03 IPC) --  N/A  KHz (0.06 KHz) 
**Core 09 Thread 18 Finished:   insts:495         cycles:18033      (90160)  seconds:8     -- 0.03 IPC (0.03 IPC) --  N/A  KHz (0.06 KHz) 
**Core 11 Thread 26 Finished:   insts:495         cycles:18033      (90160)  seconds:8     -- 0.03 IPC (0.03 IPC) --  N/A  KHz (0.06 KHz) 
**Core 13 Thread 25 Finished:   insts:495         cycles:18034      (90165)  seconds:8     -- 0.03 IPC (0.03 IPC) --  N/A  KHz (0.06 KHz) 
**Core 13 Thread 12 Finished:   insts:495         cycles:18034      (90165)  seconds:8     -- 0.03 IPC (0.03 IPC) --  N/A  KHz (0.06 KHz) 
**Core 11 Thread 02 Finished:   insts:495         cycles:18035      (90170)  seconds:8     -- 0.03 IPC (0.03 IPC) --  N/A  KHz (0.06 KHz) 
**Core 09 Thread 16 Finished:   insts:495         cycles:18036      (90175)  seconds:8     -- 0.03 IPC (0.03 IPC) --  N/A  KHz (0.06 KHz) 
**Core 11 Thread 31 Finished:   insts:495         cycles:18036      (90175)  seconds:8     -- 0.03 IPC (0.03 IPC) --  N/A  KHz (0.06 KHz) 
**Core 09 Thread 11 Finished:   insts:495         cycles:18045      (90220)  seconds:8     -- 0.03 IPC (0.03 IPC) --  N/A  KHz (0.06 KHz) 
**Core 09 Core_Total  Finished:   insts:15842       cycles:18045      (90220) seconds:8     -- 0.88 IPC (0.88 IPC) --  N/A  KHz (1.98 KHz)
**Core 10 Thread 05 Finished:   insts:495         cycles:18045      (90220)  seconds:8     -- 0.03 IPC (0.03 IPC) --  N/A  KHz (0.06 KHz) 
**Core 10 Thread 20 Finished:   insts:495         cycles:18046      (90225)  seconds:8     -- 0.03 IPC (0.03 IPC) --  N/A  KHz (0.06 KHz) 
**Core 11 Thread 22 Finished:   insts:495         cycles:18046      (90225)  seconds:8     -- 0.03 IPC (0.03 IPC) --  N/A  KHz (0.06 KHz) 
**Core 11 Thread 28 Finished:   insts:495         cycles:18047      (90230)  seconds:8     -- 0.03 IPC (0.03 IPC) --  N/A  KHz (0.06 KHz) 
**Core 13 Thread 00 Finished:   insts:497         cycles:18047      (90230)  seconds:8     -- 0.03 IPC (0.03 IPC) --  N/A  KHz (0.06 KHz) 
**Core 11 Thread 01 Finished:   insts:495         cycles:18048      (90235)  seconds:8     -- 0.03 IPC (0.03 IPC) --  N/A  KHz (0.06 KHz) 
**Core 13 Thread 20 Finished:   insts:495         cycles:18048      (90235)  seconds:8     -- 0.03 IPC (0.03 IPC) --  N/A  KHz (0.06 KHz) 
**Core 13 Core_Total  Finished:   insts:15842       cycles:18048      (90235) seconds:8     -- 0.88 IPC (0.88 IPC) --  N/A  KHz (1.98 KHz)
**Core 10 Thread 15 Finished:   insts:495         cycles:18049      (90240)  seconds:8     -- 0.03 IPC (0.03 IPC) --  N/A  KHz (0.06 KHz) 
**Core 14 Thread 09 Finished:   insts:495         cycles:18049      (90240)  seconds:8     -- 0.03 IPC (0.03 IPC) --  N/A  KHz (0.06 KHz) 
**Core 11 Thread 24 Finished:   insts:495         cycles:18050      (90245)  seconds:8     -- 0.03 IPC (0.03 IPC) --  N/A  KHz (0.06 KHz) 
**Core 14 Thread 21 Finished:   insts:495         cycles:18050      (90245)  seconds:8     -- 0.03 IPC (0.03 IPC) --  N/A  KHz (0.06 KHz) 
**Core 11 Thread 00 Finished:   insts:497         cycles:18051      (90250)  seconds:8     -- 0.03 IPC (0.03 IPC) --  N/A  KHz (0.06 KHz) 
**Core 10 Thread 07 Finished:   insts:495         cycles:18056      (90275)  seconds:8     -- 0.03 IPC (0.03 IPC) --  N/A  KHz (0.06 KHz) 
**Core 10 Thread 10 Finished:   insts:495         cycles:18056      (90275)  seconds:8     -- 0.03 IPC (0.03 IPC) --  N/A  KHz (0.06 KHz) 
**Core 11 Thread 30 Finished:   insts:495         cycles:18057      (90280)  seconds:8     -- 0.03 IPC (0.03 IPC) --  N/A  KHz (0.06 KHz) 
**Core 11 Thread 25 Finished:   insts:495         cycles:18057      (90280)  seconds:8     -- 0.03 IPC (0.03 IPC) --  N/A  KHz (0.06 KHz) 
**Core 14 Thread 17 Finished:   insts:495         cycles:18058      (90285)  seconds:8     -- 0.03 IPC (0.03 IPC) --  N/A  KHz (0.06 KHz) 
**Core 14 Thread 14 Finished:   insts:495         cycles:18058      (90285)  seconds:8     -- 0.03 IPC (0.03 IPC) --  N/A  KHz (0.06 KHz) 
**Core 11 Thread 27 Finished:   insts:495         cycles:18059      (90290)  seconds:8     -- 0.03 IPC (0.03 IPC) --  N/A  KHz (0.06 KHz) 
**Core 10 Thread 18 Finished:   insts:495         cycles:18059      (90290)  seconds:8     -- 0.03 IPC (0.03 IPC) --  N/A  KHz (0.06 KHz) 
**Core 14 Thread 07 Finished:   insts:495         cycles:18060      (90295)  seconds:8     -- 0.03 IPC (0.03 IPC) --  N/A  KHz (0.06 KHz) 
**Core 14 Thread 12 Finished:   insts:495         cycles:18060      (90295)  seconds:8     -- 0.03 IPC (0.03 IPC) --  N/A  KHz (0.06 KHz) 
**Core 15 Thread 03 Finished:   insts:495         cycles:18061      (90300)  seconds:8     -- 0.03 IPC (0.03 IPC) --  N/A  KHz (0.06 KHz) 
**Core 10 Thread 14 Finished:   insts:495         cycles:18061      (90300)  seconds:8     -- 0.03 IPC (0.03 IPC) --  N/A  KHz (0.06 KHz) 
**Core 10 Thread 12 Finished:   insts:495         cycles:18064      (90315)  seconds:8     -- 0.03 IPC (0.03 IPC) --  N/A  KHz (0.06 KHz) 
**Core 14 Thread 15 Finished:   insts:495         cycles:18064      (90315)  seconds:8     -- 0.03 IPC (0.03 IPC) --  N/A  KHz (0.06 KHz) 
**Core 11 Thread 29 Finished:   insts:495         cycles:18065      (90320)  seconds:8     -- 0.03 IPC (0.03 IPC) --  N/A  KHz (0.06 KHz) 
**Core 15 Thread 21 Finished:   insts:495         cycles:18065      (90320)  seconds:8     -- 0.03 IPC (0.03 IPC) --  N/A  KHz (0.06 KHz) 
**Core 10 Thread 06 Finished:   insts:495         cycles:18067      (90330)  seconds:8     -- 0.03 IPC (0.03 IPC) --  N/A  KHz (0.06 KHz) 
**Core 14 Thread 19 Finished:   insts:495         cycles:18067      (90330)  seconds:8     -- 0.03 IPC (0.03 IPC) --  N/A  KHz (0.06 KHz) 
**Core 15 Thread 25 Finished:   insts:495         cycles:18068      (90335)  seconds:8     -- 0.03 IPC (0.03 IPC) --  N/A  KHz (0.06 KHz) 
**Core 15 Thread 04 Finished:   insts:495         cycles:18068      (90335)  seconds:8     -- 0.03 IPC (0.03 IPC) --  N/A  KHz (0.06 KHz) 
**Core 15 Thread 08 Finished:   insts:495         cycles:18070      (90345)  seconds:8     -- 0.03 IPC (0.03 IPC) --  N/A  KHz (0.06 KHz) 
**Core 10 Thread 17 Finished:   insts:495         cycles:18071      (90350)  seconds:8     -- 0.03 IPC (0.03 IPC) --  N/A  KHz (0.06 KHz) 
**Core 14 Thread 00 Finished:   insts:497         cycles:18071      (90350)  seconds:8     -- 0.03 IPC (0.03 IPC) --  N/A  KHz (0.06 KHz) 
**Core 15 Thread 23 Finished:   insts:495         cycles:18072      (90355)  seconds:8     -- 0.03 IPC (0.03 IPC) --  N/A  KHz (0.06 KHz) 
**Core 14 Thread 10 Finished:   insts:495         cycles:18073      (90360)  seconds:8     -- 0.03 IPC (0.03 IPC) --  N/A  KHz (0.06 KHz) 
**Core 10 Thread 16 Finished:   insts:495         cycles:18074      (90365)  seconds:8     -- 0.03 IPC (0.03 IPC) --  N/A  KHz (0.06 KHz) 
**Core 15 Thread 26 Finished:   insts:495         cycles:18074      (90365)  seconds:8     -- 0.03 IPC (0.03 IPC) --  N/A  KHz (0.06 KHz) 
**Core 15 Thread 13 Finished:   insts:495         cycles:18076      (90375)  seconds:8     -- 0.03 IPC (0.03 IPC) --  N/A  KHz (0.06 KHz) 
**Core 10 Thread 09 Finished:   insts:495         cycles:18077      (90380)  seconds:8     -- 0.03 IPC (0.03 IPC) --  N/A  KHz (0.06 KHz) 
**Core 15 Thread 01 Finished:   insts:495         cycles:18077      (90380)  seconds:8     -- 0.03 IPC (0.03 IPC) --  N/A  KHz (0.06 KHz) 
**Core 15 Thread 29 Finished:   insts:495         cycles:18078      (90385)  seconds:8     -- 0.03 IPC (0.03 IPC) --  N/A  KHz (0.06 KHz) 
**Core 14 Thread 20 Finished:   insts:495         cycles:18080      (90395)  seconds:8     -- 0.03 IPC (0.03 IPC) --  N/A  KHz (0.06 KHz) 
**Core 14 Core_Total  Finished:   insts:15842       cycles:18080      (90395) seconds:8     -- 0.88 IPC (0.88 IPC) --  N/A  KHz (1.98 KHz)
**Core 15 Thread 00 Finished:   insts:497         cycles:18080      (90395)  seconds:8     -- 0.03 IPC (0.03 IPC) --  N/A  KHz (0.06 KHz) 
**Core 10 Thread 08 Finished:   insts:495         cycles:18081      (90400)  seconds:8     -- 0.03 IPC (0.03 IPC) --  N/A  KHz (0.06 KHz) 
**Core 15 Thread 24 Finished:   insts:495         cycles:18081      (90400)  seconds:8     -- 0.03 IPC (0.03 IPC) --  N/A  KHz (0.06 KHz) 
**Core 15 Thread 02 Finished:   insts:495         cycles:18083      (90410)  seconds:8     -- 0.03 IPC (0.03 IPC) --  N/A  KHz (0.06 KHz) 
**Core 15 Thread 06 Finished:   insts:495         cycles:18083      (90410)  seconds:8     -- 0.03 IPC (0.03 IPC) --  N/A  KHz (0.06 KHz) 
**Core 11 Thread 18 Finished:   insts:495         cycles:18084      (90415)  seconds:8     -- 0.03 IPC (0.03 IPC) --  N/A  KHz (0.06 KHz) 
**Core 15 Thread 28 Finished:   insts:495         cycles:18084      (90415)  seconds:8     -- 0.03 IPC (0.03 IPC) --  N/A  KHz (0.06 KHz) 
**Core 15 Thread 09 Finished:   insts:495         cycles:18086      (90425)  seconds:8     -- 0.03 IPC (0.03 IPC) --  N/A  KHz (0.06 KHz) 
**Core 10 Thread 13 Finished:   insts:495         cycles:18087      (90430)  seconds:8     -- 0.03 IPC (0.03 IPC) --  N/A  KHz (0.06 KHz) 
**Core 15 Thread 31 Finished:   insts:495         cycles:18087      (90430)  seconds:8     -- 0.03 IPC (0.03 IPC) --  N/A  KHz (0.06 KHz) 
**Core 15 Thread 14 Finished:   insts:495         cycles:18089      (90440)  seconds:8     -- 0.03 IPC (0.03 IPC) --  N/A  KHz (0.06 KHz) 
**Core 10 Thread 11 Finished:   insts:495         cycles:18090      (90445)  seconds:8     -- 0.03 IPC (0.03 IPC) --  N/A  KHz (0.06 KHz) 
**Core 10 Core_Total  Finished:   insts:15842       cycles:18090      (90445) seconds:8     -- 0.88 IPC (0.88 IPC) --  N/A  KHz (1.98 KHz)
**Core 15 Thread 27 Finished:   insts:495         cycles:18090      (90445)  seconds:8     -- 0.03 IPC (0.03 IPC) --  N/A  KHz (0.06 KHz) 
**Core 15 Thread 19 Finished:   insts:495         cycles:18092      (90455)  seconds:8     -- 0.03 IPC (0.03 IPC) --  N/A  KHz (0.06 KHz) 
**Core 11 Thread 05 Finished:   insts:495         cycles:18093      (90460)  seconds:8     -- 0.03 IPC (0.03 IPC) --  N/A  KHz (0.06 KHz) 
**Core 15 Thread 30 Finished:   insts:495         cycles:18094      (90465)  seconds:8     -- 0.03 IPC (0.03 IPC) --  N/A  KHz (0.06 KHz) 
**Core 11 Thread 19 Finished:   insts:495         cycles:18096      (90475)  seconds:8     -- 0.03 IPC (0.03 IPC) --  N/A  KHz (0.06 KHz) 
**Core 15 Thread 11 Finished:   insts:495         cycles:18096      (90475)  seconds:8     -- 0.03 IPC (0.03 IPC) --  N/A  KHz (0.06 KHz) 
**Core 11 Thread 14 Finished:   insts:495         cycles:18099      (90490)  seconds:8     -- 0.03 IPC (0.03 IPC) --  N/A  KHz (0.06 KHz) 
**Core 15 Thread 16 Finished:   insts:495         cycles:18099      (90490)  seconds:8     -- 0.03 IPC (0.03 IPC) --  N/A  KHz (0.06 KHz) 
**Core 15 Thread 18 Finished:   insts:495         cycles:18102      (90505)  seconds:8     -- 0.03 IPC (0.03 IPC) --  N/A  KHz (0.06 KHz) 
**Core 15 Core_Total  Finished:   insts:15842       cycles:18102      (90505) seconds:8     -- 0.88 IPC (0.88 IPC) --  N/A  KHz (1.98 KHz)
**Core 11 Thread 11 Finished:   insts:495         cycles:18103      (90510)  seconds:8     -- 0.03 IPC (0.03 IPC) --  N/A  KHz (0.06 KHz) 
**Core 11 Thread 07 Finished:   insts:495         cycles:18106      (90525)  seconds:8     -- 0.03 IPC (0.03 IPC) --  N/A  KHz (0.06 KHz) 
**Core 11 Thread 17 Finished:   insts:495         cycles:18109      (90540)  seconds:8     -- 0.03 IPC (0.03 IPC) --  N/A  KHz (0.06 KHz) 
**Core 11 Thread 13 Finished:   insts:495         cycles:18112      (90555)  seconds:8     -- 0.03 IPC (0.03 IPC) --  N/A  KHz (0.06 KHz) 
**Core 11 Thread 09 Finished:   insts:495         cycles:18115      (90570)  seconds:8     -- 0.03 IPC (0.03 IPC) --  N/A  KHz (0.06 KHz) 
**Core 11 Thread 20 Finished:   insts:495         cycles:18119      (90590)  seconds:8     -- 0.03 IPC (0.03 IPC) --  N/A  KHz (0.06 KHz) 
**Core 11 Thread 16 Finished:   insts:495         cycles:18122      (90605)  seconds:8     -- 0.03 IPC (0.03 IPC) --  N/A  KHz (0.06 KHz) 
**Core 11 Thread 10 Finished:   insts:495         cycles:18125      (90620)  seconds:8     -- 0.03 IPC (0.03 IPC) --  N/A  KHz (0.06 KHz) 
**Core 11 Thread 15 Finished:   insts:495         cycles:18128      (90635)  seconds:8     -- 0.03 IPC (0.03 IPC) --  N/A  KHz (0.06 KHz) 
**Core 11 Thread 12 Finished:   insts:495         cycles:18131      (90650)  seconds:8     -- 0.03 IPC (0.03 IPC) --  N/A  KHz (0.06 KHz) 
src/retire.cc:566: (I=497  C=90650):  ----- application 0 terminated (/benchrun/macsim/cuda4-matrixmul/sm86_a4000/input-128/results/traces/_Z8mult_gpuPfS_S_ii_0/Trace.txt,0) at 90650
**Core 11 Core_Total  Finished:   insts:15842       cycles:18131      (90650) seconds:8     -- 0.87 IPC (0.87 IPC) --  N/A  KHz (1.98 KHz)
src/macsim.cc:620: (I=497  C=90651):  finalize simulation
src/macsim.cc:627: (I=497  C=90651):  elapsed time:8.8 seconds
Done
