options: Options {
    input: "/benchrun/accelsim-ptx/sm6_gtx1080/vectoradd/input-1000000/results/log.txt",
    output: "/benchrun/accelsim-ptx/sm6_gtx1080/vectoradd/input-1000000/results/stats.csv",
    per_kernel: false,
    kernel_instance: false,
    configs_as_rows: false,
    config_list: None,
    benchmark_list: None,
    sim_name: None,
    strict: false,
}
GPGPU-sim version: Some("gpgpu-sim_git-commit-13c67115070dc2f0876254a790d0238073ca364a_modified_0.0")
stats: {
    (
        "final_kernel",
        0,
        "l2_cache_read_total",
    ): 125000.0,
    (
        "final_kernel",
        0,
        "gpgpu_simulation_rate",
    ): 1199.0,
    (
        "final_kernel",
        0,
        "const_cache_read_total",
    ): 20.0,
    (
        "final_kernel",
        0,
        "l2_cache_read_hit",
    ): 0.0,
    (
        "final_kernel",
        0,
        "l2_cache_write_hit",
    ): 0.0,
    (
        "final_kernel",
        0,
        "total_dram_writes",
    ): 250000.0,
    (
        "final_kernel",
        0,
        "total_core_cache_read_mshr_hit",
    ): 0.0,
    (
        "final_kernel",
        0,
        "total_core_cache_write_hit",
    ): 0.0,
    (
        "final_kernel",
        0,
        "total_core_cache_read_hit",
    ): 0.0,
    (
        "final_kernel",
        0,
        "gpu_tot_ipc",
    ): 119.8946,
    (
        "final_kernel",
        0,
        "gpu_total_instructions",
    ): 21004928.0,
    (
        "final_kernel",
        0,
        "kernel_launch_uid",
    ): 1.0,
    (
        "final_kernel",
        0,
        "l2_bandwidth_gbps",
    ): 55.0534,
    (
        "final_kernel",
        0,
        "gpgpu_simulation_time_sec",
    ): 146.0,
    (
        "final_kernel",
        0,
        "gpu_occupancy",
    ): 66.9129,
    (
        "final_kernel",
        0,
        "l2_cache_write_miss",
    ): 62500.0,
    (
        "final_kernel",
        0,
        "gpgpu_n_tot_w_icount",
    ): 687654.0,
    (
        "final_kernel",
        0,
        "gpgpu_silicon_slowdown",
    ): 1340283.0,
    (
        "final_kernel",
        0,
        "l2_cache_read_miss",
    ): 125000.0,
    (
        "final_kernel",
        0,
        "l2_cache_write_total",
    ): 62500.0,
    (
        "final_kernel",
        0,
        "total_dram_reads",
    ): 750012.0,
    (
        "final_kernel",
        0,
        "gpu_ipc",
    ): 119.8946,
    (
        "final_kernel",
        0,
        "gpu_tot_sim_cycle",
    ): 175195.0,
}
done in 18.47966ms: 77.73 KiB parsed (16.00 EiB/s)
