####################################################################################################
Interval
####################################################################################################
Cumulative:         Cycles:                  20000     Instructions:                  1200
DISPATCHED_INST                                             71456                         71456

DISPATCH_WAIT                                             4684161                       65.5531

NUM_NO_FETCH_CYCLES                                         21434                         21434

AVG_CORE_IDLE_CYCLE                                         92872                         92872

REEXEC_NUM                                                      0                             0

INV_MATCH_NUM                                                   0                             0

EARLY_PERM_NUM                                                  0                             0

PERM_MATCH_NUM                                                  0                             0

RETIRE_SPECLD_NUM                                               0                             0

RETIRE_SPECST_NUM                                               0                             0

FENCE_HEAD_ROB_WAIT                                             0                             0

NUM_SAMPLES_CORE_0                                          13905                         13905

NUM_ACTIVE_BLOCKS_CORE_0                                    13889                      0.998849

NUM_ACTIVE_THREADS_CORE_0                                   98065                        7.0525

NUM_SCHED_IDLE_CYCLE_CORE_0                                     0                             0

NUM_NO_SCHED_CYCLE_CORE_0                                    4054                          4054

CORE_DISPATCHED_INST_CORE_0                                  4466                          4466

CORE_DISPATCH_WAIT_CORE_0                                  285163                        63.852

CORE_CYCLES_CORE_0                                              0                             0

CORE_SCHED_THREADS_CORE_0                                       0                           NaN

CORE_NUM_NO_FETCH_CYCLES_CORE_0                              1306                          1306

CORE_NUM_NO_FETCH_CYCLES_WITH_READY_THREADS_CORE_0                   0                             0

CORE_NUM_FETCH_CYCLES_CORE_0                                    0                             0

CORE_FETCH_DELTA_CORE_0                                         0                           NaN

CORE_NUM_RETIRE_CYCLES_CORE_0                                   0                             0

CORE_RETIRE_DELTA_CORE_0                                        0                           NaN

FENCE_PREF_REQ_CORE_0                                           0                             0

FENCE_WAITING_CORE_0                                            0                             0

DYN_FENCE_NUM_CORE_0                                            0                             0

WB_ORDERING_STALL_CORE_0                                        0                             0

WB_FULL_CORE_0                                                  0                             0

FENCE_TOT_CYCLES_CORE_0                                         0                             0

FENCE_EXEC_CYCLES_CORE_0                                        0                             0

STORE_RES_CORE_0                                                0                             0

STORE_NUM_CORE_0                                                0                             0

STORE_WB_FREE_CORE_0                                            0                             0

SCHED_FAILED_REASON_SUCCESS_CORE_0                           4466                       24.0172%
SCHED_FAILED_OPERANDS_NOT_READY_CORE_0                      13277                       71.4009%
SCHED_FAILED_NO_AVAILABLE_PORTS_CORE_0                        848                       4.56037%
SCHED_FAILED_NO_MEM_REQ_SLOTS_CORE_0                            0                             0%
SCHED_FAILED_NO_AVAILABLE_SIMD_UNIT_CORE_0                      0                             0%
SCHED_FAILED_FENCE_ACTIVE_CORE_0                                0                             0%
SCHED_FAILED_MEM_MANAGEMENT_CORE_0                              4                     0.0215112%
                                                            18595                           100%

NUM_SAMPLES_CORE_1                                          16319                         16319

NUM_ACTIVE_BLOCKS_CORE_1                                    16303                       0.99902

NUM_ACTIVE_THREADS_CORE_1                                  114575                       7.02096

NUM_SCHED_IDLE_CYCLE_CORE_1                                     0                             0

NUM_NO_SCHED_CYCLE_CORE_1                                    5316                          5316

CORE_DISPATCHED_INST_CORE_1                                  4466                          4466

CORE_DISPATCH_WAIT_CORE_1                                  285833                        64.002

CORE_CYCLES_CORE_1                                              0                             0

CORE_SCHED_THREADS_CORE_1                                       0                           NaN

CORE_NUM_NO_FETCH_CYCLES_CORE_1                              1346                          1346

CORE_NUM_NO_FETCH_CYCLES_WITH_READY_THREADS_CORE_1                   0                             0

CORE_NUM_FETCH_CYCLES_CORE_1                                    0                             0

CORE_FETCH_DELTA_CORE_1                                         0                           NaN

CORE_NUM_RETIRE_CYCLES_CORE_1                                   0                             0

CORE_RETIRE_DELTA_CORE_1                                        0                           NaN

FENCE_PREF_REQ_CORE_1                                           0                             0

FENCE_WAITING_CORE_1                                            0                             0

DYN_FENCE_NUM_CORE_1                                            0                             0

WB_ORDERING_STALL_CORE_1                                        0                             0

WB_FULL_CORE_1                                                  0                             0

FENCE_TOT_CYCLES_CORE_1                                         0                             0

FENCE_EXEC_CYCLES_CORE_1                                        0                             0

STORE_RES_CORE_1                                                0                             0

STORE_NUM_CORE_1                                                0                             0

STORE_WB_FREE_CORE_1                                            0                             0

SCHED_FAILED_REASON_SUCCESS_CORE_1                           4466                       23.8009%
SCHED_FAILED_OPERANDS_NOT_READY_CORE_1                      13418                       71.5093%
SCHED_FAILED_NO_AVAILABLE_PORTS_CORE_1                        876                       4.66851%
SCHED_FAILED_NO_MEM_REQ_SLOTS_CORE_1                            0                             0%
SCHED_FAILED_NO_AVAILABLE_SIMD_UNIT_CORE_1                      0                             0%
SCHED_FAILED_FENCE_ACTIVE_CORE_1                                0                             0%
SCHED_FAILED_MEM_MANAGEMENT_CORE_1                              4                     0.0213174%
                                                            18764                           100%

NUM_SAMPLES_CORE_2                                          16672                         16672

NUM_ACTIVE_BLOCKS_CORE_2                                    16656                       0.99904

NUM_ACTIVE_THREADS_CORE_2                                  124003                        7.4378

NUM_SCHED_IDLE_CYCLE_CORE_2                                     0                             0

NUM_NO_SCHED_CYCLE_CORE_2                                    5371                          5371

CORE_DISPATCHED_INST_CORE_2                                  4466                          4466

CORE_DISPATCH_WAIT_CORE_2                                  286111                       64.0643

CORE_CYCLES_CORE_2                                              0                             0

CORE_SCHED_THREADS_CORE_2                                       0                           NaN

CORE_NUM_NO_FETCH_CYCLES_CORE_2                              1327                          1327

CORE_NUM_NO_FETCH_CYCLES_WITH_READY_THREADS_CORE_2                   0                             0

CORE_NUM_FETCH_CYCLES_CORE_2                                    0                             0

CORE_FETCH_DELTA_CORE_2                                         0                           NaN

CORE_NUM_RETIRE_CYCLES_CORE_2                                   0                             0

CORE_RETIRE_DELTA_CORE_2                                        0                           NaN

FENCE_PREF_REQ_CORE_2                                           0                             0

FENCE_WAITING_CORE_2                                            0                             0

DYN_FENCE_NUM_CORE_2                                            0                             0

WB_ORDERING_STALL_CORE_2                                        0                             0

WB_FULL_CORE_2                                                  0                             0

FENCE_TOT_CYCLES_CORE_2                                         0                             0

FENCE_EXEC_CYCLES_CORE_2                                        0                             0

STORE_RES_CORE_2                                                0                             0

STORE_NUM_CORE_2                                                0                             0

STORE_WB_FREE_CORE_2                                            0                             0

SCHED_FAILED_REASON_SUCCESS_CORE_2                           4466                       23.6459%
SCHED_FAILED_OPERANDS_NOT_READY_CORE_2                      13586                       71.9331%
SCHED_FAILED_NO_AVAILABLE_PORTS_CORE_2                        827                       4.37867%
SCHED_FAILED_NO_MEM_REQ_SLOTS_CORE_2                            0                             0%
SCHED_FAILED_NO_AVAILABLE_SIMD_UNIT_CORE_2                      0                             0%
SCHED_FAILED_FENCE_ACTIVE_CORE_2                                0                             0%
SCHED_FAILED_MEM_MANAGEMENT_CORE_2                              8                     0.0423572%
                                                            18887                           100%

NUM_SAMPLES_CORE_3                                          17379                         17379

NUM_ACTIVE_BLOCKS_CORE_3                                    17363                      0.999079

NUM_ACTIVE_THREADS_CORE_3                                  128047                       7.36792

NUM_SCHED_IDLE_CYCLE_CORE_3                                     0                             0

NUM_NO_SCHED_CYCLE_CORE_3                                    5816                          5816

CORE_DISPATCHED_INST_CORE_3                                  4466                          4466

CORE_DISPATCH_WAIT_CORE_3                                  286670                       64.1894

CORE_CYCLES_CORE_3                                              0                             0

CORE_SCHED_THREADS_CORE_3                                       0                           NaN

CORE_NUM_NO_FETCH_CYCLES_CORE_3                              1350                          1350

CORE_NUM_NO_FETCH_CYCLES_WITH_READY_THREADS_CORE_3                   0                             0

CORE_NUM_FETCH_CYCLES_CORE_3                                    0                             0

CORE_FETCH_DELTA_CORE_3                                         0                           NaN

CORE_NUM_RETIRE_CYCLES_CORE_3                                   0                             0

CORE_RETIRE_DELTA_CORE_3                                        0                           NaN

FENCE_PREF_REQ_CORE_3                                           0                             0

FENCE_WAITING_CORE_3                                            0                             0

DYN_FENCE_NUM_CORE_3                                            0                             0

WB_ORDERING_STALL_CORE_3                                        0                             0

WB_FULL_CORE_3                                                  0                             0

FENCE_TOT_CYCLES_CORE_3                                         0                             0

FENCE_EXEC_CYCLES_CORE_3                                        0                             0

STORE_RES_CORE_3                                                0                             0

STORE_NUM_CORE_3                                                0                             0

STORE_WB_FREE_CORE_3                                            0                             0

SCHED_FAILED_REASON_SUCCESS_CORE_3                           4466                       23.4954%
SCHED_FAILED_OPERANDS_NOT_READY_CORE_3                      13659                       71.8592%
SCHED_FAILED_NO_AVAILABLE_PORTS_CORE_3                        879                       4.62437%
SCHED_FAILED_NO_MEM_REQ_SLOTS_CORE_3                            0                             0%
SCHED_FAILED_NO_AVAILABLE_SIMD_UNIT_CORE_3                      0                             0%
SCHED_FAILED_FENCE_ACTIVE_CORE_3                                0                             0%
SCHED_FAILED_MEM_MANAGEMENT_CORE_3                              4                     0.0210438%
                                                            19008                           100%

NUM_SAMPLES_CORE_4                                          16077                         16077

NUM_ACTIVE_BLOCKS_CORE_4                                    16061                      0.999005

NUM_ACTIVE_THREADS_CORE_4                                  117763                       7.32494

NUM_SCHED_IDLE_CYCLE_CORE_4                                     0                             0

NUM_NO_SCHED_CYCLE_CORE_4                                    5084                          5084

CORE_DISPATCHED_INST_CORE_4                                  4466                          4466

CORE_DISPATCH_WAIT_CORE_4                                  288019                       64.4915

CORE_CYCLES_CORE_4                                              0                             0

CORE_SCHED_THREADS_CORE_4                                       0                           NaN

CORE_NUM_NO_FETCH_CYCLES_CORE_4                              1348                          1348

CORE_NUM_NO_FETCH_CYCLES_WITH_READY_THREADS_CORE_4                   0                             0

CORE_NUM_FETCH_CYCLES_CORE_4                                    0                             0

CORE_FETCH_DELTA_CORE_4                                         0                           NaN

CORE_NUM_RETIRE_CYCLES_CORE_4                                   0                             0

CORE_RETIRE_DELTA_CORE_4                                        0                           NaN

FENCE_PREF_REQ_CORE_4                                           0                             0

FENCE_WAITING_CORE_4                                            0                             0

DYN_FENCE_NUM_CORE_4                                            0                             0

WB_ORDERING_STALL_CORE_4                                        0                             0

WB_FULL_CORE_4                                                  0                             0

FENCE_TOT_CYCLES_CORE_4                                         0                             0

FENCE_EXEC_CYCLES_CORE_4                                        0                             0

STORE_RES_CORE_4                                                0                             0

STORE_NUM_CORE_4                                                0                             0

STORE_WB_FREE_CORE_4                                            0                             0

SCHED_FAILED_REASON_SUCCESS_CORE_4                           4466                       23.0088%
SCHED_FAILED_OPERANDS_NOT_READY_CORE_4                      14114                       72.7151%
SCHED_FAILED_NO_AVAILABLE_PORTS_CORE_4                        826                       4.25554%
SCHED_FAILED_NO_MEM_REQ_SLOTS_CORE_4                            0                             0%
SCHED_FAILED_NO_AVAILABLE_SIMD_UNIT_CORE_4                      0                             0%
SCHED_FAILED_FENCE_ACTIVE_CORE_4                                0                             0%
SCHED_FAILED_MEM_MANAGEMENT_CORE_4                              4                     0.0206079%
                                                            19410                           100%

NUM_SAMPLES_CORE_5                                          16754                         16754

NUM_ACTIVE_BLOCKS_CORE_5                                    16738                      0.999045

NUM_ACTIVE_THREADS_CORE_5                                  125179                       7.47159

NUM_SCHED_IDLE_CYCLE_CORE_5                                     0                             0

NUM_NO_SCHED_CYCLE_CORE_5                                    5433                          5433

CORE_DISPATCHED_INST_CORE_5                                  4466                          4466

CORE_DISPATCH_WAIT_CORE_5                                  288362                       64.5683

CORE_CYCLES_CORE_5                                              0                             0

CORE_SCHED_THREADS_CORE_5                                       0                           NaN

CORE_NUM_NO_FETCH_CYCLES_CORE_5                              1347                          1347

CORE_NUM_NO_FETCH_CYCLES_WITH_READY_THREADS_CORE_5                   0                             0

CORE_NUM_FETCH_CYCLES_CORE_5                                    0                             0

CORE_FETCH_DELTA_CORE_5                                         0                           NaN

CORE_NUM_RETIRE_CYCLES_CORE_5                                   0                             0

CORE_RETIRE_DELTA_CORE_5                                        0                           NaN

FENCE_PREF_REQ_CORE_5                                           0                             0

FENCE_WAITING_CORE_5                                            0                             0

DYN_FENCE_NUM_CORE_5                                            0                             0

WB_ORDERING_STALL_CORE_5                                        0                             0

WB_FULL_CORE_5                                                  0                             0

FENCE_TOT_CYCLES_CORE_5                                         0                             0

FENCE_EXEC_CYCLES_CORE_5                                        0                             0

STORE_RES_CORE_5                                                0                             0

STORE_NUM_CORE_5                                                0                             0

STORE_WB_FREE_CORE_5                                            0                             0

SCHED_FAILED_REASON_SUCCESS_CORE_5                           4466                       22.9803%
SCHED_FAILED_OPERANDS_NOT_READY_CORE_5                      14125                       72.6819%
SCHED_FAILED_NO_AVAILABLE_PORTS_CORE_5                        839                       4.31718%
SCHED_FAILED_NO_MEM_REQ_SLOTS_CORE_5                            0                             0%
SCHED_FAILED_NO_AVAILABLE_SIMD_UNIT_CORE_5                      0                             0%
SCHED_FAILED_FENCE_ACTIVE_CORE_5                                0                             0%
SCHED_FAILED_MEM_MANAGEMENT_CORE_5                              4                     0.0205825%
                                                            19434                           100%

NUM_SAMPLES_CORE_6                                          17539                         17539

NUM_ACTIVE_BLOCKS_CORE_6                                    17523                      0.999088

NUM_ACTIVE_THREADS_CORE_6                                  130613                         7.447

NUM_SCHED_IDLE_CYCLE_CORE_6                                     0                             0

NUM_NO_SCHED_CYCLE_CORE_6                                    5901                          5901

CORE_DISPATCHED_INST_CORE_6                                  4466                          4466

CORE_DISPATCH_WAIT_CORE_6                                  294764                       66.0018

CORE_CYCLES_CORE_6                                              0                             0

CORE_SCHED_THREADS_CORE_6                                       0                           NaN

CORE_NUM_NO_FETCH_CYCLES_CORE_6                              1338                          1338

CORE_NUM_NO_FETCH_CYCLES_WITH_READY_THREADS_CORE_6                   0                             0

CORE_NUM_FETCH_CYCLES_CORE_6                                    0                             0

CORE_FETCH_DELTA_CORE_6                                         0                           NaN

CORE_NUM_RETIRE_CYCLES_CORE_6                                   0                             0

CORE_RETIRE_DELTA_CORE_6                                        0                           NaN

FENCE_PREF_REQ_CORE_6                                           0                             0

FENCE_WAITING_CORE_6                                            0                             0

DYN_FENCE_NUM_CORE_6                                            0                             0

WB_ORDERING_STALL_CORE_6                                        0                             0

WB_FULL_CORE_6                                                  0                             0

FENCE_TOT_CYCLES_CORE_6                                         0                             0

FENCE_EXEC_CYCLES_CORE_6                                        0                             0

STORE_RES_CORE_6                                                0                             0

STORE_NUM_CORE_6                                                0                             0

STORE_WB_FREE_CORE_6                                            0                             0

SCHED_FAILED_REASON_SUCCESS_CORE_6                           4466                        21.292%
SCHED_FAILED_OPERANDS_NOT_READY_CORE_6                      15629                       74.5125%
SCHED_FAILED_NO_AVAILABLE_PORTS_CORE_6                        872                       4.15733%
SCHED_FAILED_NO_MEM_REQ_SLOTS_CORE_6                            0                             0%
SCHED_FAILED_NO_AVAILABLE_SIMD_UNIT_CORE_6                      0                             0%
SCHED_FAILED_FENCE_ACTIVE_CORE_6                                0                             0%
SCHED_FAILED_MEM_MANAGEMENT_CORE_6                              8                     0.0381406%
                                                            20975                           100%

NUM_SAMPLES_CORE_7                                          17825                         17825

NUM_ACTIVE_BLOCKS_CORE_7                                    17809                      0.999102

NUM_ACTIVE_THREADS_CORE_7                                  132265                        7.4202

NUM_SCHED_IDLE_CYCLE_CORE_7                                     0                             0

NUM_NO_SCHED_CYCLE_CORE_7                                    5948                          5948

CORE_DISPATCHED_INST_CORE_7                                  4466                          4466

CORE_DISPATCH_WAIT_CORE_7                                  294995                       66.0535

CORE_CYCLES_CORE_7                                              0                             0

CORE_SCHED_THREADS_CORE_7                                       0                           NaN

CORE_NUM_NO_FETCH_CYCLES_CORE_7                              1341                          1341

CORE_NUM_NO_FETCH_CYCLES_WITH_READY_THREADS_CORE_7                   0                             0

CORE_NUM_FETCH_CYCLES_CORE_7                                    0                             0

CORE_FETCH_DELTA_CORE_7                                         0                           NaN

CORE_NUM_RETIRE_CYCLES_CORE_7                                   0                             0

CORE_RETIRE_DELTA_CORE_7                                        0                           NaN

FENCE_PREF_REQ_CORE_7                                           0                             0

FENCE_WAITING_CORE_7                                            0                             0

DYN_FENCE_NUM_CORE_7                                            0                             0

WB_ORDERING_STALL_CORE_7                                        0                             0

WB_FULL_CORE_7                                                  0                             0

FENCE_TOT_CYCLES_CORE_7                                         0                             0

FENCE_EXEC_CYCLES_CORE_7                                        0                             0

STORE_RES_CORE_7                                                0                             0

STORE_NUM_CORE_7                                                0                             0

STORE_WB_FREE_CORE_7                                            0                             0

SCHED_FAILED_REASON_SUCCESS_CORE_7                           4466                       21.2222%
SCHED_FAILED_OPERANDS_NOT_READY_CORE_7                      15743                       74.8099%
SCHED_FAILED_NO_AVAILABLE_PORTS_CORE_7                        827                       3.92986%
SCHED_FAILED_NO_MEM_REQ_SLOTS_CORE_7                            0                             0%
SCHED_FAILED_NO_AVAILABLE_SIMD_UNIT_CORE_7                      0                             0%
SCHED_FAILED_FENCE_ACTIVE_CORE_7                                0                             0%
SCHED_FAILED_MEM_MANAGEMENT_CORE_7                              8                     0.0380156%
                                                            21044                           100%

NUM_SAMPLES_CORE_8                                          17622                         17622

NUM_ACTIVE_BLOCKS_CORE_8                                    17606                      0.999092

NUM_ACTIVE_THREADS_CORE_8                                  126506                       7.17887

NUM_SCHED_IDLE_CYCLE_CORE_8                                     0                             0

NUM_NO_SCHED_CYCLE_CORE_8                                    5862                          5862

CORE_DISPATCHED_INST_CORE_8                                  4466                          4466

CORE_DISPATCH_WAIT_CORE_8                                  290038                       64.9436

CORE_CYCLES_CORE_8                                              0                             0

CORE_SCHED_THREADS_CORE_8                                       0                           NaN

CORE_NUM_NO_FETCH_CYCLES_CORE_8                              1341                          1341

CORE_NUM_NO_FETCH_CYCLES_WITH_READY_THREADS_CORE_8                   0                             0

CORE_NUM_FETCH_CYCLES_CORE_8                                    0                             0

CORE_FETCH_DELTA_CORE_8                                         0                           NaN

CORE_NUM_RETIRE_CYCLES_CORE_8                                   0                             0

CORE_RETIRE_DELTA_CORE_8                                        0                           NaN

FENCE_PREF_REQ_CORE_8                                           0                             0

FENCE_WAITING_CORE_8                                            0                             0

DYN_FENCE_NUM_CORE_8                                            0                             0

WB_ORDERING_STALL_CORE_8                                        0                             0

WB_FULL_CORE_8                                                  0                             0

FENCE_TOT_CYCLES_CORE_8                                         0                             0

FENCE_EXEC_CYCLES_CORE_8                                        0                             0

STORE_RES_CORE_8                                                0                             0

STORE_NUM_CORE_8                                                0                             0

STORE_WB_FREE_CORE_8                                            0                             0

SCHED_FAILED_REASON_SUCCESS_CORE_8                           4466                        22.551%
SCHED_FAILED_OPERANDS_NOT_READY_CORE_8                      14490                        73.167%
SCHED_FAILED_NO_AVAILABLE_PORTS_CORE_8                        844                       4.26177%
SCHED_FAILED_NO_MEM_REQ_SLOTS_CORE_8                            0                             0%
SCHED_FAILED_NO_AVAILABLE_SIMD_UNIT_CORE_8                      0                             0%
SCHED_FAILED_FENCE_ACTIVE_CORE_8                                0                             0%
SCHED_FAILED_MEM_MANAGEMENT_CORE_8                              4                     0.0201979%
                                                            19804                           100%

NUM_SAMPLES_CORE_9                                          17780                         17780

NUM_ACTIVE_BLOCKS_CORE_9                                    17764                        0.9991

NUM_ACTIVE_THREADS_CORE_9                                  129867                       7.30411

NUM_SCHED_IDLE_CYCLE_CORE_9                                     0                             0

NUM_NO_SCHED_CYCLE_CORE_9                                    5940                          5940

CORE_DISPATCHED_INST_CORE_9                                  4466                          4466

CORE_DISPATCH_WAIT_CORE_9                                  289767                       64.8829

CORE_CYCLES_CORE_9                                              0                             0

CORE_SCHED_THREADS_CORE_9                                       0                           NaN

CORE_NUM_NO_FETCH_CYCLES_CORE_9                              1345                          1345

CORE_NUM_NO_FETCH_CYCLES_WITH_READY_THREADS_CORE_9                   0                             0

CORE_NUM_FETCH_CYCLES_CORE_9                                    0                             0

CORE_FETCH_DELTA_CORE_9                                         0                           NaN

CORE_NUM_RETIRE_CYCLES_CORE_9                                   0                             0

CORE_RETIRE_DELTA_CORE_9                                        0                           NaN

FENCE_PREF_REQ_CORE_9                                           0                             0

FENCE_WAITING_CORE_9                                            0                             0

DYN_FENCE_NUM_CORE_9                                            0                             0

WB_ORDERING_STALL_CORE_9                                        0                             0

WB_FULL_CORE_9                                                  0                             0

FENCE_TOT_CYCLES_CORE_9                                         0                             0

FENCE_EXEC_CYCLES_CORE_9                                        0                             0

STORE_RES_CORE_9                                                0                             0

STORE_NUM_CORE_9                                                0                             0

STORE_WB_FREE_CORE_9                                            0                             0

SCHED_FAILED_REASON_SUCCESS_CORE_9                           4466                       22.5601%
SCHED_FAILED_OPERANDS_NOT_READY_CORE_9                      14490                       73.1966%
SCHED_FAILED_NO_AVAILABLE_PORTS_CORE_9                        836                       4.22308%
SCHED_FAILED_NO_MEM_REQ_SLOTS_CORE_9                            0                             0%
SCHED_FAILED_NO_AVAILABLE_SIMD_UNIT_CORE_9                      0                             0%
SCHED_FAILED_FENCE_ACTIVE_CORE_9                                0                             0%
SCHED_FAILED_MEM_MANAGEMENT_CORE_9                              4                     0.0202061%
                                                            19796                           100%

NUM_SAMPLES_CORE_10                                         18293                         18293

NUM_ACTIVE_BLOCKS_CORE_10                                   18277                      0.999125

NUM_ACTIVE_THREADS_CORE_10                                 136974                       7.48778

NUM_SCHED_IDLE_CYCLE_CORE_10                                    0                             0

NUM_NO_SCHED_CYCLE_CORE_10                                   6178                          6178

CORE_DISPATCHED_INST_CORE_10                                 4466                          4466

CORE_DISPATCH_WAIT_CORE_10                                 302905                       67.8247

CORE_CYCLES_CORE_10                                             0                             0

CORE_SCHED_THREADS_CORE_10                                      0                           NaN

CORE_NUM_NO_FETCH_CYCLES_CORE_10                             1340                          1340

CORE_NUM_NO_FETCH_CYCLES_WITH_READY_THREADS_CORE_10                   0                             0

CORE_NUM_FETCH_CYCLES_CORE_10                                   0                             0

CORE_FETCH_DELTA_CORE_10                                        0                           NaN

CORE_NUM_RETIRE_CYCLES_CORE_10                                  0                             0

CORE_RETIRE_DELTA_CORE_10                                       0                           NaN

FENCE_PREF_REQ_CORE_10                                          0                             0

FENCE_WAITING_CORE_10                                           0                             0

DYN_FENCE_NUM_CORE_10                                           0                             0

WB_ORDERING_STALL_CORE_10                                       0                             0

WB_FULL_CORE_10                                                 0                             0

FENCE_TOT_CYCLES_CORE_10                                        0                             0

FENCE_EXEC_CYCLES_CORE_10                                       0                             0

STORE_RES_CORE_10                                               0                             0

STORE_NUM_CORE_10                                               0                             0

STORE_WB_FREE_CORE_10                                           0                             0

SCHED_FAILED_REASON_SUCCESS_CORE_10                          4466                        19.458%
SCHED_FAILED_OPERANDS_NOT_READY_CORE_10                     17639                       76.8517%
SCHED_FAILED_NO_AVAILABLE_PORTS_CORE_10                       847                       3.69031%
SCHED_FAILED_NO_MEM_REQ_SLOTS_CORE_10                           0                             0%
SCHED_FAILED_NO_AVAILABLE_SIMD_UNIT_CORE_10                     0                             0%
SCHED_FAILED_FENCE_ACTIVE_CORE_10                               0                             0%
SCHED_FAILED_MEM_MANAGEMENT_CORE_10                             0                             0%
                                                            22952                           100%

NUM_SAMPLES_CORE_11                                         18436                         18436

NUM_ACTIVE_BLOCKS_CORE_11                                   18420                      0.999132

NUM_ACTIVE_THREADS_CORE_11                                 138480                       7.51139

NUM_SCHED_IDLE_CYCLE_CORE_11                                    0                             0

NUM_NO_SCHED_CYCLE_CORE_11                                   6451                          6451

CORE_DISPATCHED_INST_CORE_11                                 4466                          4466

CORE_DISPATCH_WAIT_CORE_11                                 302870                       67.8168

CORE_CYCLES_CORE_11                                             0                             0

CORE_SCHED_THREADS_CORE_11                                      0                           NaN

CORE_NUM_NO_FETCH_CYCLES_CORE_11                             1356                          1356

CORE_NUM_NO_FETCH_CYCLES_WITH_READY_THREADS_CORE_11                   0                             0

CORE_NUM_FETCH_CYCLES_CORE_11                                   0                             0

CORE_FETCH_DELTA_CORE_11                                        0                           NaN

CORE_NUM_RETIRE_CYCLES_CORE_11                                  0                             0

CORE_RETIRE_DELTA_CORE_11                                       0                           NaN

FENCE_PREF_REQ_CORE_11                                          0                             0

FENCE_WAITING_CORE_11                                           0                             0

DYN_FENCE_NUM_CORE_11                                           0                             0

WB_ORDERING_STALL_CORE_11                                       0                             0

WB_FULL_CORE_11                                                 0                             0

FENCE_TOT_CYCLES_CORE_11                                        0                             0

FENCE_EXEC_CYCLES_CORE_11                                       0                             0

STORE_RES_CORE_11                                               0                             0

STORE_NUM_CORE_11                                               0                             0

STORE_WB_FREE_CORE_11                                           0                             0

SCHED_FAILED_REASON_SUCCESS_CORE_11                          4466                       19.4123%
SCHED_FAILED_OPERANDS_NOT_READY_CORE_11                     17641                         76.68%
SCHED_FAILED_NO_AVAILABLE_PORTS_CORE_11                       895                       3.89029%
SCHED_FAILED_NO_MEM_REQ_SLOTS_CORE_11                           0                             0%
SCHED_FAILED_NO_AVAILABLE_SIMD_UNIT_CORE_11                     0                             0%
SCHED_FAILED_FENCE_ACTIVE_CORE_11                               0                             0%
SCHED_FAILED_MEM_MANAGEMENT_CORE_11                             4                     0.0173868%
                                                            23006                           100%

NUM_SAMPLES_CORE_12                                         18275                         18275

NUM_ACTIVE_BLOCKS_CORE_12                                   18259                      0.999124

NUM_ACTIVE_THREADS_CORE_12                                 129816                       7.10347

NUM_SCHED_IDLE_CYCLE_CORE_12                                    0                             0

NUM_NO_SCHED_CYCLE_CORE_12                                   6156                          6156

CORE_DISPATCHED_INST_CORE_12                                 4466                          4466

CORE_DISPATCH_WAIT_CORE_12                                 291775                       65.3325

CORE_CYCLES_CORE_12                                             0                             0

CORE_SCHED_THREADS_CORE_12                                      0                           NaN

CORE_NUM_NO_FETCH_CYCLES_CORE_12                             1334                          1334

CORE_NUM_NO_FETCH_CYCLES_WITH_READY_THREADS_CORE_12                   0                             0

CORE_NUM_FETCH_CYCLES_CORE_12                                   0                             0

CORE_FETCH_DELTA_CORE_12                                        0                           NaN

CORE_NUM_RETIRE_CYCLES_CORE_12                                  0                             0

CORE_RETIRE_DELTA_CORE_12                                       0                           NaN

FENCE_PREF_REQ_CORE_12                                          0                             0

FENCE_WAITING_CORE_12                                           0                             0

DYN_FENCE_NUM_CORE_12                                           0                             0

WB_ORDERING_STALL_CORE_12                                       0                             0

WB_FULL_CORE_12                                                 0                             0

FENCE_TOT_CYCLES_CORE_12                                        0                             0

FENCE_EXEC_CYCLES_CORE_12                                       0                             0

STORE_RES_CORE_12                                               0                             0

STORE_NUM_CORE_12                                               0                             0

STORE_WB_FREE_CORE_12                                           0                             0

SCHED_FAILED_REASON_SUCCESS_CORE_12                          4466                       22.0206%
SCHED_FAILED_OPERANDS_NOT_READY_CORE_12                     15011                       74.0151%
SCHED_FAILED_NO_AVAILABLE_PORTS_CORE_12                       796                       3.92486%
SCHED_FAILED_NO_MEM_REQ_SLOTS_CORE_12                           0                             0%
SCHED_FAILED_NO_AVAILABLE_SIMD_UNIT_CORE_12                     0                             0%
SCHED_FAILED_FENCE_ACTIVE_CORE_12                               0                             0%
SCHED_FAILED_MEM_MANAGEMENT_CORE_12                             8                     0.0394458%
                                                            20281                           100%

NUM_SAMPLES_CORE_13                                         18396                         18396

NUM_ACTIVE_BLOCKS_CORE_13                                   18380                       0.99913

NUM_ACTIVE_THREADS_CORE_13                                 133539                       7.25913

NUM_SCHED_IDLE_CYCLE_CORE_13                                    0                             0

NUM_NO_SCHED_CYCLE_CORE_13                                   6384                          6384

CORE_DISPATCHED_INST_CORE_13                                 4466                          4466

CORE_DISPATCH_WAIT_CORE_13                                 291934                       65.3681

CORE_CYCLES_CORE_13                                             0                             0

CORE_SCHED_THREADS_CORE_13                                      0                           NaN

CORE_NUM_NO_FETCH_CYCLES_CORE_13                             1351                          1351

CORE_NUM_NO_FETCH_CYCLES_WITH_READY_THREADS_CORE_13                   0                             0

CORE_NUM_FETCH_CYCLES_CORE_13                                   0                             0

CORE_FETCH_DELTA_CORE_13                                        0                           NaN

CORE_NUM_RETIRE_CYCLES_CORE_13                                  0                             0

CORE_RETIRE_DELTA_CORE_13                                       0                           NaN

FENCE_PREF_REQ_CORE_13                                          0                             0

FENCE_WAITING_CORE_13                                           0                             0

DYN_FENCE_NUM_CORE_13                                           0                             0

WB_ORDERING_STALL_CORE_13                                       0                             0

WB_FULL_CORE_13                                                 0                             0

FENCE_TOT_CYCLES_CORE_13                                        0                             0

FENCE_EXEC_CYCLES_CORE_13                                       0                             0

STORE_RES_CORE_13                                               0                             0

STORE_NUM_CORE_13                                               0                             0

STORE_WB_FREE_CORE_13                                           0                             0

SCHED_FAILED_REASON_SUCCESS_CORE_13                          4466                       22.0239%
SCHED_FAILED_OPERANDS_NOT_READY_CORE_13                     14929                       73.6217%
SCHED_FAILED_NO_AVAILABLE_PORTS_CORE_13                       879                       4.33475%
SCHED_FAILED_NO_MEM_REQ_SLOTS_CORE_13                           0                             0%
SCHED_FAILED_NO_AVAILABLE_SIMD_UNIT_CORE_13                     0                             0%
SCHED_FAILED_FENCE_ACTIVE_CORE_13                               0                             0%
SCHED_FAILED_MEM_MANAGEMENT_CORE_13                             4                     0.0197258%
                                                            20278                           100%

NUM_SAMPLES_CORE_14                                         18825                         18825

NUM_ACTIVE_BLOCKS_CORE_14                                   18810                      0.999203

NUM_ACTIVE_THREADS_CORE_14                                 139501                       7.41041

NUM_SCHED_IDLE_CYCLE_CORE_14                                    0                             0

NUM_NO_SCHED_CYCLE_CORE_14                                   6518                          6518

CORE_DISPATCHED_INST_CORE_14                                 4466                          4466

CORE_DISPATCH_WAIT_CORE_14                                 302890                       67.8213

CORE_CYCLES_CORE_14                                             0                             0

CORE_SCHED_THREADS_CORE_14                                      0                           NaN

CORE_NUM_NO_FETCH_CYCLES_CORE_14                             1354                          1354

CORE_NUM_NO_FETCH_CYCLES_WITH_READY_THREADS_CORE_14                   0                             0

CORE_NUM_FETCH_CYCLES_CORE_14                                   0                             0

CORE_FETCH_DELTA_CORE_14                                        0                           NaN

CORE_NUM_RETIRE_CYCLES_CORE_14                                  0                             0

CORE_RETIRE_DELTA_CORE_14                                       0                           NaN

FENCE_PREF_REQ_CORE_14                                          0                             0

FENCE_WAITING_CORE_14                                           0                             0

DYN_FENCE_NUM_CORE_14                                           0                             0

WB_ORDERING_STALL_CORE_14                                       0                             0

WB_FULL_CORE_14                                                 0                             0

FENCE_TOT_CYCLES_CORE_14                                        0                             0

FENCE_EXEC_CYCLES_CORE_14                                       0                             0

STORE_RES_CORE_14                                               0                             0

STORE_NUM_CORE_14                                               0                             0

STORE_WB_FREE_CORE_14                                           0                             0

SCHED_FAILED_REASON_SUCCESS_CORE_14                          4466                       19.3225%
SCHED_FAILED_OPERANDS_NOT_READY_CORE_14                     17773                       76.8961%
SCHED_FAILED_NO_AVAILABLE_PORTS_CORE_14                       874                       3.78142%
SCHED_FAILED_NO_MEM_REQ_SLOTS_CORE_14                           0                             0%
SCHED_FAILED_NO_AVAILABLE_SIMD_UNIT_CORE_14                     0                             0%
SCHED_FAILED_FENCE_ACTIVE_CORE_14                               0                             0%
SCHED_FAILED_MEM_MANAGEMENT_CORE_14                             0                             0%
                                                            23113                           100%

NUM_SAMPLES_CORE_15                                         18674                         18674

NUM_ACTIVE_BLOCKS_CORE_15                                   18672                      0.999893

NUM_ACTIVE_THREADS_CORE_15                                 137284                       7.35161

NUM_SCHED_IDLE_CYCLE_CORE_15                                    0                             0

NUM_NO_SCHED_CYCLE_CORE_15                                   6460                          6460

CORE_DISPATCHED_INST_CORE_15                                 4466                          4466

CORE_DISPATCH_WAIT_CORE_15                                 302065                       67.6366

CORE_CYCLES_CORE_15                                             0                             0

CORE_SCHED_THREADS_CORE_15                                      0                           NaN

CORE_NUM_NO_FETCH_CYCLES_CORE_15                             1310                          1310

CORE_NUM_NO_FETCH_CYCLES_WITH_READY_THREADS_CORE_15                   0                             0

CORE_NUM_FETCH_CYCLES_CORE_15                                   0                             0

CORE_FETCH_DELTA_CORE_15                                        0                           NaN

CORE_NUM_RETIRE_CYCLES_CORE_15                                  0                             0

CORE_RETIRE_DELTA_CORE_15                                       0                           NaN

FENCE_PREF_REQ_CORE_15                                          0                             0

FENCE_WAITING_CORE_15                                           0                             0

DYN_FENCE_NUM_CORE_15                                           0                             0

WB_ORDERING_STALL_CORE_15                                       0                             0

WB_FULL_CORE_15                                                 0                             0

FENCE_TOT_CYCLES_CORE_15                                        0                             0

FENCE_EXEC_CYCLES_CORE_15                                       0                             0

STORE_RES_CORE_15                                               0                             0

STORE_NUM_CORE_15                                               0                             0

STORE_WB_FREE_CORE_15                                           0                             0

SCHED_FAILED_REASON_SUCCESS_CORE_15                          4466                       19.5431%
SCHED_FAILED_OPERANDS_NOT_READY_CORE_15                     17513                       76.6366%
SCHED_FAILED_NO_AVAILABLE_PORTS_CORE_15                       869                       3.80273%
SCHED_FAILED_NO_MEM_REQ_SLOTS_CORE_15                           0                             0%
SCHED_FAILED_NO_AVAILABLE_SIMD_UNIT_CORE_15                     0                             0%
SCHED_FAILED_FENCE_ACTIVE_CORE_15                               0                             0%
SCHED_FAILED_MEM_MANAGEMENT_CORE_15                             4                     0.0175039%
                                                            22852                           100%

NUM_SAMPLES_CORE_16                                             0                             0

NUM_ACTIVE_BLOCKS_CORE_16                                       0                           NaN

NUM_ACTIVE_THREADS_CORE_16                                      0                           NaN

NUM_SCHED_IDLE_CYCLE_CORE_16                                    0                             0

NUM_NO_SCHED_CYCLE_CORE_16                                      0                             0

CORE_DISPATCHED_INST_CORE_16                                    0                             0

CORE_DISPATCH_WAIT_CORE_16                                      0                           NaN

CORE_CYCLES_CORE_16                                             0                             0

CORE_SCHED_THREADS_CORE_16                                      0                           NaN

CORE_NUM_NO_FETCH_CYCLES_CORE_16                                0                             0

CORE_NUM_NO_FETCH_CYCLES_WITH_READY_THREADS_CORE_16                   0                             0

CORE_NUM_FETCH_CYCLES_CORE_16                                   0                             0

CORE_FETCH_DELTA_CORE_16                                        0                           NaN

CORE_NUM_RETIRE_CYCLES_CORE_16                                  0                             0

CORE_RETIRE_DELTA_CORE_16                                       0                           NaN

FENCE_PREF_REQ_CORE_16                                          0                             0

FENCE_WAITING_CORE_16                                           0                             0

DYN_FENCE_NUM_CORE_16                                           0                             0

WB_ORDERING_STALL_CORE_16                                       0                             0

WB_FULL_CORE_16                                                 0                             0

FENCE_TOT_CYCLES_CORE_16                                        0                             0

FENCE_EXEC_CYCLES_CORE_16                                       0                             0

STORE_RES_CORE_16                                               0                             0

STORE_NUM_CORE_16                                               0                             0

STORE_WB_FREE_CORE_16                                           0                             0

SCHED_FAILED_REASON_SUCCESS_CORE_16                             0                          NaN 
SCHED_FAILED_OPERANDS_NOT_READY_CORE_16                         0                          NaN 
SCHED_FAILED_NO_AVAILABLE_PORTS_CORE_16                         0                          NaN 
SCHED_FAILED_NO_MEM_REQ_SLOTS_CORE_16                           0                          NaN 
SCHED_FAILED_NO_AVAILABLE_SIMD_UNIT_CORE_16                     0                          NaN 
SCHED_FAILED_FENCE_ACTIVE_CORE_16                               0                          NaN 
SCHED_FAILED_MEM_MANAGEMENT_CORE_16                             0                          NaN 
                                                                0                           100%

NUM_SAMPLES_CORE_17                                             0                             0

NUM_ACTIVE_BLOCKS_CORE_17                                       0                           NaN

NUM_ACTIVE_THREADS_CORE_17                                      0                           NaN

NUM_SCHED_IDLE_CYCLE_CORE_17                                    0                             0

NUM_NO_SCHED_CYCLE_CORE_17                                      0                             0

CORE_DISPATCHED_INST_CORE_17                                    0                             0

CORE_DISPATCH_WAIT_CORE_17                                      0                           NaN

CORE_CYCLES_CORE_17                                             0                             0

CORE_SCHED_THREADS_CORE_17                                      0                           NaN

CORE_NUM_NO_FETCH_CYCLES_CORE_17                                0                             0

CORE_NUM_NO_FETCH_CYCLES_WITH_READY_THREADS_CORE_17                   0                             0

CORE_NUM_FETCH_CYCLES_CORE_17                                   0                             0

CORE_FETCH_DELTA_CORE_17                                        0                           NaN

CORE_NUM_RETIRE_CYCLES_CORE_17                                  0                             0

CORE_RETIRE_DELTA_CORE_17                                       0                           NaN

FENCE_PREF_REQ_CORE_17                                          0                             0

FENCE_WAITING_CORE_17                                           0                             0

DYN_FENCE_NUM_CORE_17                                           0                             0

WB_ORDERING_STALL_CORE_17                                       0                             0

WB_FULL_CORE_17                                                 0                             0

FENCE_TOT_CYCLES_CORE_17                                        0                             0

FENCE_EXEC_CYCLES_CORE_17                                       0                             0

STORE_RES_CORE_17                                               0                             0

STORE_NUM_CORE_17                                               0                             0

STORE_WB_FREE_CORE_17                                           0                             0

SCHED_FAILED_REASON_SUCCESS_CORE_17                             0                          NaN 
SCHED_FAILED_OPERANDS_NOT_READY_CORE_17                         0                          NaN 
SCHED_FAILED_NO_AVAILABLE_PORTS_CORE_17                         0                          NaN 
SCHED_FAILED_NO_MEM_REQ_SLOTS_CORE_17                           0                          NaN 
SCHED_FAILED_NO_AVAILABLE_SIMD_UNIT_CORE_17                     0                          NaN 
SCHED_FAILED_FENCE_ACTIVE_CORE_17                               0                          NaN 
SCHED_FAILED_MEM_MANAGEMENT_CORE_17                             0                          NaN 
                                                                0                           100%

NUM_SAMPLES_CORE_18                                             0                             0

NUM_ACTIVE_BLOCKS_CORE_18                                       0                           NaN

NUM_ACTIVE_THREADS_CORE_18                                      0                           NaN

NUM_SCHED_IDLE_CYCLE_CORE_18                                    0                             0

NUM_NO_SCHED_CYCLE_CORE_18                                      0                             0

CORE_DISPATCHED_INST_CORE_18                                    0                             0

CORE_DISPATCH_WAIT_CORE_18                                      0                           NaN

CORE_CYCLES_CORE_18                                             0                             0

CORE_SCHED_THREADS_CORE_18                                      0                           NaN

CORE_NUM_NO_FETCH_CYCLES_CORE_18                                0                             0

CORE_NUM_NO_FETCH_CYCLES_WITH_READY_THREADS_CORE_18                   0                             0

CORE_NUM_FETCH_CYCLES_CORE_18                                   0                             0

CORE_FETCH_DELTA_CORE_18                                        0                           NaN

CORE_NUM_RETIRE_CYCLES_CORE_18                                  0                             0

CORE_RETIRE_DELTA_CORE_18                                       0                           NaN

FENCE_PREF_REQ_CORE_18                                          0                             0

FENCE_WAITING_CORE_18                                           0                             0

DYN_FENCE_NUM_CORE_18                                           0                             0

WB_ORDERING_STALL_CORE_18                                       0                             0

WB_FULL_CORE_18                                                 0                             0

FENCE_TOT_CYCLES_CORE_18                                        0                             0

FENCE_EXEC_CYCLES_CORE_18                                       0                             0

STORE_RES_CORE_18                                               0                             0

STORE_NUM_CORE_18                                               0                             0

STORE_WB_FREE_CORE_18                                           0                             0

SCHED_FAILED_REASON_SUCCESS_CORE_18                             0                          NaN 
SCHED_FAILED_OPERANDS_NOT_READY_CORE_18                         0                          NaN 
SCHED_FAILED_NO_AVAILABLE_PORTS_CORE_18                         0                          NaN 
SCHED_FAILED_NO_MEM_REQ_SLOTS_CORE_18                           0                          NaN 
SCHED_FAILED_NO_AVAILABLE_SIMD_UNIT_CORE_18                     0                          NaN 
SCHED_FAILED_FENCE_ACTIVE_CORE_18                               0                          NaN 
SCHED_FAILED_MEM_MANAGEMENT_CORE_18                             0                          NaN 
                                                                0                           100%

NUM_SAMPLES_CORE_19                                             0                             0

NUM_ACTIVE_BLOCKS_CORE_19                                       0                           NaN

NUM_ACTIVE_THREADS_CORE_19                                      0                           NaN

NUM_SCHED_IDLE_CYCLE_CORE_19                                    0                             0

NUM_NO_SCHED_CYCLE_CORE_19                                      0                             0

CORE_DISPATCHED_INST_CORE_19                                    0                             0

CORE_DISPATCH_WAIT_CORE_19                                      0                           NaN

CORE_CYCLES_CORE_19                                             0                             0

CORE_SCHED_THREADS_CORE_19                                      0                           NaN

CORE_NUM_NO_FETCH_CYCLES_CORE_19                                0                             0

CORE_NUM_NO_FETCH_CYCLES_WITH_READY_THREADS_CORE_19                   0                             0

CORE_NUM_FETCH_CYCLES_CORE_19                                   0                             0

CORE_FETCH_DELTA_CORE_19                                        0                           NaN

CORE_NUM_RETIRE_CYCLES_CORE_19                                  0                             0

CORE_RETIRE_DELTA_CORE_19                                       0                           NaN

FENCE_PREF_REQ_CORE_19                                          0                             0

FENCE_WAITING_CORE_19                                           0                             0

DYN_FENCE_NUM_CORE_19                                           0                             0

WB_ORDERING_STALL_CORE_19                                       0                             0

WB_FULL_CORE_19                                                 0                             0

FENCE_TOT_CYCLES_CORE_19                                        0                             0

FENCE_EXEC_CYCLES_CORE_19                                       0                             0

STORE_RES_CORE_19                                               0                             0

STORE_NUM_CORE_19                                               0                             0

STORE_WB_FREE_CORE_19                                           0                             0

SCHED_FAILED_REASON_SUCCESS_CORE_19                             0                          NaN 
SCHED_FAILED_OPERANDS_NOT_READY_CORE_19                         0                          NaN 
SCHED_FAILED_NO_AVAILABLE_PORTS_CORE_19                         0                          NaN 
SCHED_FAILED_NO_MEM_REQ_SLOTS_CORE_19                           0                          NaN 
SCHED_FAILED_NO_AVAILABLE_SIMD_UNIT_CORE_19                     0                          NaN 
SCHED_FAILED_FENCE_ACTIVE_CORE_19                               0                          NaN 
SCHED_FAILED_MEM_MANAGEMENT_CORE_19                             0                          NaN 
                                                                0                           100%

