options: Options {
    input: "/benchrun/tejas/sm86_rtx3070/babelstream/input-arraysize-1024-numtimes-1/results/stats.txt",
    output: "/benchrun/tejas/sm86_rtx3070/babelstream/input-arraysize-1024-numtimes-1/results/stats.csv",
}
stats: Stats {
    emulator_type: Some(
        "OCELOT",
    ),
    created: None,
    sim_time: Some(
        22.745s,
    ),
    total_inst_count: Some(
        75884,
    ),
    total_cycle_count: Some(
        17534,
    ),
    dram_total_reads: 0,
    dram_total_writes: 0,
    dram_avg_read_latency: Some(
        0.0,
    ),
    total_instr_cache_access: Some(
        0,
    ),
    total_const_cache_access: Some(
        0,
    ),
    total_shared_cache_access: Some(
        0,
    ),
    total_instr_cache_misses: Some(
        16,
    ),
    total_const_cache_misses: Some(
        2048,
    ),
    total_shared_cache_misses: Some(
        0,
    ),
    kips: Some(
        3.3362936909210816,
    ),
    total_ipc: Some(
        4.327820234972054,
    ),
}
done after 34.045759ms
