(0.000000) CudaRuntime.cpp:3813: Adding external function 'malloc'
(0.000000) CudaRuntime.cpp:3813: Adding external function 'free'
(0.000000) CudaRuntime.cpp:3813: Adding external function 'vprintf'
(0.000000) CudaRuntime.cpp:3813: Adding external function 'cudaGetParameterBuffer'
(0.000075) CudaRuntime.cpp:595:  Loading module (fatbin) - matrixMul.cu
(0.000096) CudaRuntime.cpp:738:  Registered kernel - _Z8mult_gpuPfS_S_ii in module 'matrixMul.cu'
(0.000133) CudaRuntime.cpp:276:  Creating devices.
(0.000251) CudaRuntime.cpp:288:   - Added 1 emulator devices.
(0.000413) CudaRuntime.cpp:446:  Creating new context for thread 0xcf3140
(0.000470) CudaRuntime.cpp:787:  cudaMalloc( *devPtr = 0x7f6ce53fd100, size = 1048576)
(0.000507) CudaRuntime.cpp:787:  cudaMalloc( *devPtr = 0x7f6ce51fb100, size = 1048576)
(0.000539) CudaRuntime.cpp:787:  cudaMalloc( *devPtr = 0x7f6ce4ff9100, size = 1048576)
(0.018895) CudaRuntime.cpp:1131: cudaMemcpy(0x7f6ce53fd100, 0x7f6ceae7b010, 1048576)
(0.018913) CudaRuntime.cpp:251:    _memcpy(0x7f6ce53fd100, 0x7f6ceae7b010, 1048576 bytes) h-to-d
(0.019473) CudaRuntime.cpp:1131: cudaMemcpy(0x7f6ce51fb100, 0x7f6ce52fc010, 1048576)
(0.019485) CudaRuntime.cpp:251:    _memcpy(0x7f6ce51fb100, 0x7f6ce52fc010, 1048576 bytes) h-to-d
grid: (16,16,1)
threads: (32,32,1)
(0.020093) CudaRuntime.cpp:2609: cudaConfigureCall()
(0.020105) CudaRuntime.cpp:2631: cudaSetupArgument() - offset 0, size 8
(0.020114) CudaRuntime.cpp:2631: cudaSetupArgument() - offset 8, size 8
(0.020123) CudaRuntime.cpp:2631: cudaSetupArgument() - offset 16, size 8
(0.020132) CudaRuntime.cpp:2631: cudaSetupArgument() - offset 24, size 4
(0.020139) CudaRuntime.cpp:2631: cudaSetupArgument() - offset 28, size 4
(0.024122) CudaRuntime.cpp:142:  Mapping parameter at offset 0 of size 8 to offset 0 of size 8
   data = 0x00 0xd1 0x3f 0xe5 0x6c 0x7f 0x00 0x00 
(0.024137) CudaRuntime.cpp:142:  Mapping parameter at offset 8 of size 8 to offset 8 of size 8
   data = 0x00 0xb1 0x1f 0xe5 0x6c 0x7f 0x00 0x00 
(0.024148) CudaRuntime.cpp:142:  Mapping parameter at offset 16 of size 8 to offset 16 of size 8
   data = 0x00 0x91 0xff 0xe4 0x6c 0x7f 0x00 0x00 
(0.024159) CudaRuntime.cpp:142:  Mapping parameter at offset 24 of size 4 to offset 24 of size 4
   data = 0x00 0x02 0x00 0x00 
(0.024169) CudaRuntime.cpp:142:  Mapping parameter at offset 28 of size 4 to offset 28 of size 4
   data = 0x00 0x02 0x00 0x00 
(0.024177) CudaRuntime.cpp:2685: kernel launch (_Z8mult_gpuPfS_S_ii) on thread 0xcf3140
(0.024199) CudaRuntime.cpp:2706:  launch completed successfully
all enabled
(0.025200) X86TraceGenerator.cpp:776:  New kernel launched
(0.025209) X86TraceGenerator.cpp:777:  compute version:2.0
(0.025211) X86TraceGenerator.cpp:778:  grid  16 x 16 x 1
(0.025214) X86TraceGenerator.cpp:779:  block 32 x 32 x 1
(0.025217) X86TraceGenerator.cpp:780:  number of warps per block:32
(0.025219) X86TraceGenerator.cpp:781:  number of total warps:8192
(0.025221) X86TraceGenerator.cpp:782:  # threads per block : 1024
(0.025223) X86TraceGenerator.cpp:783:  number of register per thread:20
(0.025225) X86TraceGenerator.cpp:784:  number of shared memory per thread:8192
(0.025229) X86TraceGenerator.cpp:822:  max blocks per core : 1
(0.045517) X86TraceGenerator.cpp:1082: mkdir -p /benchrun/macsim/cuda4-matrixmul/sm86_rtx3070/input-512/results/traces/_Z8mult_gpuPfS_S_ii_0/ (status 0)

(0.045562) X86TraceGenerator.cpp:1083: errno is 0 message is Success

The GPU Elapsed Time:103.088884 Sec.
(103.108988) CudaRuntime.cpp:1131: cudaMemcpy(0x7f6ce50fa010, 0x7f6ce4ff9100, 1048576)
(103.108999) CudaRuntime.cpp:215:    _memcpy(0x7f6ce50fa010, 0x7f6ce4ff9100, 1048576 bytes) d-to-h
The CPU Elapsed Time:0.664257 Sec.
Verifying
PASS
(103.774758) CudaRuntime.cpp:887:  cudaFree(0x7f6ce53fd100)
(103.774880) CudaRuntime.cpp:887:  cudaFree(0x7f6ce51fb100)
(103.774988) CudaRuntime.cpp:887:  cudaFree(0x7f6ce4ff9100)
(103.775804) X86TraceGenerator.cpp:725:  destructor
(103.775956) X86TraceGenerator.cpp:2259: finalize
(103.775960) X86TraceGenerator.cpp:2263: total instruction count: 471552
