(0.000503) CudaRuntime.cpp:3813: Adding external function 'malloc'
(0.000561) CudaRuntime.cpp:3813: Adding external function 'free'
(0.000569) CudaRuntime.cpp:3813: Adding external function 'vprintf'
(0.000576) CudaRuntime.cpp:3813: Adding external function 'cudaGetParameterBuffer'
(0.000620) CudaRuntime.cpp:595:  Loading module (fatbin) - vectorAddTejas.cu
(0.000630) CudaRuntime.cpp:738:  Registered kernel - _Z6vecAddPdS_S_i in module 'vectorAddTejas.cu'
(0.000686) CudaRuntime.cpp:276:  Creating devices.
(0.000811) CudaRuntime.cpp:288:   - Added 1 emulator devices.
(0.000951) CudaRuntime.cpp:446:  Creating new context for thread 0x2426150
(0.000997) CudaRuntime.cpp:787:  cudaMalloc( *devPtr = 0x7f506909e100, size = 8000000)
(0.001019) CudaRuntime.cpp:787:  cudaMalloc( *devPtr = 0x7f50688fc100, size = 8000000)
(0.001059) CudaRuntime.cpp:787:  cudaMalloc( *devPtr = 0x7f506015a100, size = 8000000)
(0.139414) CudaRuntime.cpp:1131: cudaMemcpy(0x7f506909e100, 0x7f506af85010, 8000000)
(0.139426) CudaRuntime.cpp:251:    _memcpy(0x7f506909e100, 0x7f506af85010, 8000000 bytes) h-to-d
(0.143200) CudaRuntime.cpp:1131: cudaMemcpy(0x7f50688fc100, 0x7f506a7e3010, 8000000)
(0.143209) CudaRuntime.cpp:251:    _memcpy(0x7f50688fc100, 0x7f506a7e3010, 8000000 bytes) h-to-d
(0.147013) CudaRuntime.cpp:1131: cudaMemcpy(0x7f506015a100, 0x7f506a041010, 8000000)
(0.147023) CudaRuntime.cpp:251:    _memcpy(0x7f506015a100, 0x7f506a041010, 8000000 bytes) h-to-d
(0.150832) CudaRuntime.cpp:2609: cudaConfigureCall()
(0.150842) CudaRuntime.cpp:2631: cudaSetupArgument() - offset 0, size 8
(0.150846) CudaRuntime.cpp:2631: cudaSetupArgument() - offset 8, size 8
(0.150849) CudaRuntime.cpp:2631: cudaSetupArgument() - offset 16, size 8
(0.150852) CudaRuntime.cpp:2631: cudaSetupArgument() - offset 24, size 4
(0.151568) CudaRuntime.cpp:142:  Mapping parameter at offset 0 of size 8 to offset 0 of size 8
   data = 0x00 0xe1 0x09 0x69 0x50 0x7f 0x00 0x00 
(0.151573) CudaRuntime.cpp:142:  Mapping parameter at offset 8 of size 8 to offset 8 of size 8
   data = 0x00 0xc1 0x8f 0x68 0x50 0x7f 0x00 0x00 
(0.151577) CudaRuntime.cpp:142:  Mapping parameter at offset 16 of size 8 to offset 16 of size 8
   data = 0x00 0xa1 0x15 0x60 0x50 0x7f 0x00 0x00 
(0.151580) CudaRuntime.cpp:142:  Mapping parameter at offset 24 of size 4 to offset 24 of size 4
   data = 0x40 0x42 0x0f 0x00 
(0.151584) CudaRuntime.cpp:2685: kernel launch (_Z6vecAddPdS_S_i) on thread 0x2426150
(0.151603) CudaRuntime.cpp:2706:  launch completed successfully
(1.676671) CudaRuntime.cpp:1131: cudaMemcpy(0x7f506a041010, 0x7f506015a100, 8000000)
(1.676711) CudaRuntime.cpp:215:    _memcpy(0x7f506a041010, 0x7f506015a100, 8000000 bytes) d-to-h
Final sum = 1000000.000000; sum/n = 1.000000 (should be ~1)
(1.685481) CudaRuntime.cpp:887:  cudaFree(0x7f506909e100)
(1.686352) CudaRuntime.cpp:887:  cudaFree(0x7f50688fc100)
(1.687464) CudaRuntime.cpp:887:  cudaFree(0x7f506015a100)
