options: Options {
    input: "/benchrun/accelsim-sass/sm86_a4000/vectoradd/input-1000/results/log.txt",
    output: "/benchrun/accelsim-sass/sm86_a4000/vectoradd/input-1000/results/stats.csv",
    per_kernel: false,
    kernel_instance: false,
    configs_as_rows: false,
    config_list: None,
    benchmark_list: None,
    sim_name: None,
    strict: false,
}
GPGPU-sim version: Some("accelsim-commit-e02c99dbadefc0b9dc95317100be2a446eec142c_modified_0.0")
stats: {
    (
        "final_kernel",
        0,
        "gpgpu_silicon_slowdown",
    ): 220588.0,
    (
        "final_kernel",
        0,
        "l2_cache_write_hit",
    ): 0.0,
    (
        "final_kernel",
        0,
        "l2_cache_read_total",
    ): 500.0,
    (
        "final_kernel",
        0,
        "total_core_cache_write_total",
    ): 250.0,
    (
        "final_kernel",
        0,
        "total_dram_writes",
    ): 0.0,
    (
        "final_kernel",
        0,
        "total_core_cache_read_mshr_hit",
    ): 0.0,
    (
        "final_kernel",
        0,
        "total_core_cache_write_hit",
    ): 0.0,
    (
        "final_kernel",
        0,
        "total_core_cache_read_hit",
    ): 0.0,
    (
        "final_kernel",
        0,
        "gpu_tot_ipc",
    ): 2.2722,
    (
        "final_kernel",
        0,
        "l2_cache_write_miss",
    ): 63.0,
    (
        "final_kernel",
        0,
        "kernel_launch_uid",
    ): 1.0,
    (
        "final_kernel",
        0,
        "gpu_occupancy",
    ): 54.9033,
    (
        "final_kernel",
        0,
        "gpu_ipc",
    ): 2.2722,
    (
        "final_kernel",
        0,
        "l2_cache_write_total",
    ): 250.0,
    (
        "final_kernel",
        0,
        "total_dram_reads",
    ): 500.0,
    (
        "final_kernel",
        0,
        "gpgpu_simulation_rate",
    ): 3332.0,
    (
        "final_kernel",
        0,
        "total_core_cache_read_total",
    ): 500.0,
    (
        "final_kernel",
        0,
        "l2_bandwidth_gbps",
    ): 2.6467,
    (
        "final_kernel",
        0,
        "gpgpu_simulation_time_sec",
    ): 2.0,
    (
        "final_kernel",
        0,
        "gpgpu_n_tot_w_icount",
    ): 512.0,
    (
        "final_kernel",
        0,
        "gpu_tot_sim_cycle",
    ): 6665.0,
    (
        "final_kernel",
        0,
        "gpu_total_instructions",
    ): 15144.0,
    (
        "final_kernel",
        0,
        "l2_cache_read_miss",
    ): 126.0,
    (
        "final_kernel",
        0,
        "l2_cache_read_hit",
    ): 0.0,
}
done in 16.675825ms: 100.70 KiB parsed (16.00 EiB/s)
