Transpose Starting...

MapSMtoCores for SM 6.1 is undefined.  Default to use 192 Cores/SM
GPU Device 0: "NVIDIA GeForce GTX 1080" with compute capability 6.1

MapSMtoCores for SM 6.1 is undefined.  Default to use 192 Cores/SM
> Device 0: "NVIDIA GeForce GTX 1080"
> SM Capability 6.1 detected:
MapSMtoCores for SM 6.1 is undefined.  Default to use 192 Cores/SM
MapSMtoCores for SM 6.1 is undefined.  Default to use 192 Cores/SM
> [NVIDIA GeForce GTX 1080] has 20 MP(s) x 192 (Cores/MP) = 3840 (Cores)
> Compute performance scaling factor = 1.00
> MatrixSize X = 128
> MatrixSize Y = 128

Matrix size: 128x128 (8x8 tiles), tile size: 16x16, block size: 16x16

transpose simple copy       , Throughput = 9.8826 GB/s, Time = 0.01235 ms, Size = 16384 fp32 elements, NumDevsUsed = 1, Workgroup = 256
transpose shared memory copy, Throughput = 9.3497 GB/s, Time = 0.01306 ms, Size = 16384 fp32 elements, NumDevsUsed = 1, Workgroup = 256
transpose naive             , Throughput = 9.4190 GB/s, Time = 0.01296 ms, Size = 16384 fp32 elements, NumDevsUsed = 1, Workgroup = 256
transpose coalesced         , Throughput = 9.2366 GB/s, Time = 0.01322 ms, Size = 16384 fp32 elements, NumDevsUsed = 1, Workgroup = 256
transpose optimized         , Throughput = 10.5378 GB/s, Time = 0.01158 ms, Size = 16384 fp32 elements, NumDevsUsed = 1, Workgroup = 256
transpose coarse-grained    , Throughput = 11.3533 GB/s, Time = 0.01075 ms, Size = 16384 fp32 elements, NumDevsUsed = 1, Workgroup = 256
transpose fine-grained      , Throughput = 10.1455 GB/s, Time = 0.01203 ms, Size = 16384 fp32 elements, NumDevsUsed = 1, Workgroup = 256
transpose diagonal          , Throughput = 9.4423 GB/s, Time = 0.01293 ms, Size = 16384 fp32 elements, NumDevsUsed = 1, Workgroup = 256
Test passed
