options: Options {
    input: "/benchrun/accelsim-sass/cuda6-transpose/sm86_a6000/input-repeat1-dimx128-dimy128/results/log.txt",
    output: "/benchrun/accelsim-sass/cuda6-transpose/sm86_a6000/input-repeat1-dimx128-dimy128/results/stats.csv",
    per_kernel: false,
    kernel_instance: false,
    configs_as_rows: false,
    config_list: None,
    benchmark_list: None,
    sim_name: None,
    strict: false,
}
GPGPU-sim version: Some("accelsim-commit-e02c99dbadefc0b9dc95317100be2a446eec142c_modified_0.0")
stats: {
    (
        "final_kernel",
        0,
        "l2_cache_read_miss",
    ): 512.0,
    (
        "final_kernel",
        0,
        "l2_bandwidth_gbps",
    ): 30.7302,
    (
        "final_kernel",
        0,
        "l2_cache_write_hit",
    ): 43008.0,
    (
        "final_kernel",
        0,
        "gpu_total_instructions",
    ): 9047552.0,
    (
        "final_kernel",
        0,
        "kernel_launch_uid",
    ): 16.0,
    (
        "final_kernel",
        0,
        "total_dram_writes",
    ): 0.0,
    (
        "final_kernel",
        0,
        "l2_cache_read_hit",
    ): 30720.0,
    (
        "final_kernel",
        0,
        "gpu_tot_sim_cycle",
    ): 94437.0,
    (
        "final_kernel",
        0,
        "total_core_cache_write_total",
    ): 45056.0,
    (
        "final_kernel",
        0,
        "gpgpu_simulation_time_sec",
    ): 89.0,
    (
        "final_kernel",
        0,
        "total_dram_reads",
    ): 2048.0,
    (
        "final_kernel",
        0,
        "gpgpu_n_tot_w_icount",
    ): 286720.0,
    (
        "final_kernel",
        0,
        "gpu_occupancy",
    ): 16.0,
    (
        "final_kernel",
        0,
        "l2_cache_read_total",
    ): 32768.0,
    (
        "final_kernel",
        0,
        "gpu_ipc",
    ): 180.1024,
    (
        "final_kernel",
        0,
        "total_core_cache_read_mshr_hit",
    ): 0.0,
    (
        "final_kernel",
        0,
        "gpgpu_silicon_slowdown",
    ): 1328934.0,
    (
        "final_kernel",
        0,
        "l2_cache_write_miss",
    ): 512.0,
    (
        "final_kernel",
        0,
        "total_core_cache_read_total",
    ): 32768.0,
    (
        "final_kernel",
        0,
        "total_core_cache_write_hit",
    ): 12288.0,
    (
        "final_kernel",
        0,
        "total_core_cache_read_hit",
    ): 0.0,
    (
        "final_kernel",
        0,
        "l2_cache_write_total",
    ): 45056.0,
    (
        "final_kernel",
        0,
        "gpu_tot_ipc",
    ): 95.8052,
    (
        "final_kernel",
        0,
        "gpgpu_simulation_rate",
    ): 1061.0,
}
done in 52.883337ms: 1.10 MiB parsed (16.00 EiB/s)
