Arguments: macsim --out=/benchrun/macsim/cuda4-matrixmul/sm6_gtx1080/input-128/results/stats 
src/macsim.cc:122: (I=0  C=0):  initialize knobs
number of cores : 20
src/macsim.cc:537: (I=0  C=0):  initialize simulation
src/macsim.cc:323: (I=0  C=0):  initialize cores (0/0/20)
src/memory.cc:1568: (I=0  C=0):  Memory system(l2_decoupled_network) has been initialized.
src/network_simple.cc:92: (I=0  C=0):  TOTAL_ROUTER:35 CPU:0 GPU:20 L3:1 LLC:6 MC:8
enabling bug detector
src/macsim.cc:750: (I=0  C=0):  Initializing new noc

src/macsim.cc:838: (I=0  C=0):  Clock LCM           : 12528
src/macsim.cc:839: (I=0  C=0):  CPU clock frequency : 1 GHz
src/macsim.cc:840: (I=0  C=0):  GPU clock frequency : 1.607 GHz
src/macsim.cc:841: (I=0  C=0):  LLC clock frequency : 1.607 GHz
src/macsim.cc:842: (I=0  C=0):  NOC clock frequency : 2.962 GHz
src/macsim.cc:843: (I=0  C=0):  MC  clock frequency : 2.75 GHz
src/process_manager.cc:434: (I=0  C=0):  setup_process:0 /benchrun/macsim/cuda4-matrixmul/sm6_gtx1080/input-128/results/traces/_Z8mult_gpuPfS_S_ii_0/Trace.txt current_index:0 (1)
trace:/benchrun/macsim/cuda4-matrixmul/sm6_gtx1080/input-128/results/traces/_Z8mult_gpuPfS_S_ii_0/Trace.txt is opened 
src/process_manager.cc:541: (I=0  C=0):  thread_count:512
**Core 06 Thread 13 Finished:   insts:495         cycles:25408      (19893681)  seconds:15    -- 0.02 IPC (0.02 IPC) --  N/A  KHz (0.03 KHz) 
**Core 10 Thread 25 Finished:   insts:495         cycles:25411      (19896030)  seconds:15    -- 0.02 IPC (0.02 IPC) --  N/A  KHz (0.03 KHz) 
**Core 02 Thread 23 Finished:   insts:495         cycles:25428      (19909341)  seconds:16    -- 0.02 IPC (0.02 IPC) --  N/A  KHz (0.03 KHz) 
**Core 02 Thread 01 Finished:   insts:495         cycles:25428      (19909341)  seconds:16    -- 0.02 IPC (0.02 IPC) --  N/A  KHz (0.03 KHz) 
**Core 14 Thread 25 Finished:   insts:495         cycles:25431      (19911690)  seconds:15    -- 0.02 IPC (0.02 IPC) --  N/A  KHz (0.03 KHz) 
**Core 10 Thread 29 Finished:   insts:495         cycles:25443      (19921086)  seconds:15    -- 0.02 IPC (0.02 IPC) --  N/A  KHz (0.03 KHz) 
**Core 02 Thread 25 Finished:   insts:495         cycles:25443      (19921086)  seconds:16    -- 0.02 IPC (0.02 IPC) --  N/A  KHz (0.03 KHz) 
**Core 02 Thread 03 Finished:   insts:495         cycles:25452      (19928133)  seconds:16    -- 0.02 IPC (0.02 IPC) --  N/A  KHz (0.03 KHz) 
**Core 06 Thread 17 Finished:   insts:495         cycles:25463      (19936746)  seconds:15    -- 0.02 IPC (0.02 IPC) --  N/A  KHz (0.03 KHz) 
**Core 14 Thread 29 Finished:   insts:495         cycles:25463      (19936746)  seconds:15    -- 0.02 IPC (0.02 IPC) --  N/A  KHz (0.03 KHz) 
**Core 01 Thread 00 Finished:   insts:497         cycles:25469      (19941444)  seconds:16    -- 0.02 IPC (0.02 IPC) --  N/A  KHz (0.03 KHz) 
**Core 02 Thread 29 Finished:   insts:495         cycles:25478      (19948491)  seconds:16    -- 0.02 IPC (0.02 IPC) --  N/A  KHz (0.03 KHz) 
**Core 14 Thread 01 Finished:   insts:495         cycles:25478      (19948491)  seconds:15    -- 0.02 IPC (0.02 IPC) --  N/A  KHz (0.03 KHz) 
**Core 02 Thread 02 Finished:   insts:495         cycles:25488      (19956321)  seconds:16    -- 0.02 IPC (0.02 IPC) --  N/A  KHz (0.03 KHz) 
**Core 06 Thread 21 Finished:   insts:495         cycles:25499      (19964934)  seconds:15    -- 0.02 IPC (0.02 IPC) --  N/A  KHz (0.03 KHz) 
**Core 10 Thread 26 Finished:   insts:495         cycles:25499      (19964934)  seconds:15    -- 0.02 IPC (0.02 IPC) --  N/A  KHz (0.03 KHz) 
**Core 02 Thread 00 Finished:   insts:497         cycles:25504      (19968849)  seconds:16    -- 0.02 IPC (0.02 IPC) --  N/A  KHz (0.03 KHz) 
**Core 06 Thread 14 Finished:   insts:495         cycles:25510      (19973547)  seconds:15    -- 0.02 IPC (0.02 IPC) --  N/A  KHz (0.03 KHz) 
**Core 10 Thread 05 Finished:   insts:495         cycles:25513      (19975896)  seconds:15    -- 0.02 IPC (0.02 IPC) --  N/A  KHz (0.03 KHz) 
**Core 02 Thread 04 Finished:   insts:495         cycles:25522      (19982943)  seconds:16    -- 0.02 IPC (0.02 IPC) --  N/A  KHz (0.03 KHz) 
**Core 14 Thread 26 Finished:   insts:495         cycles:25533      (19991556)  seconds:15    -- 0.02 IPC (0.02 IPC) --  N/A  KHz (0.03 KHz) 
**Core 10 Thread 01 Finished:   insts:495         cycles:25533      (19991556)  seconds:15    -- 0.02 IPC (0.02 IPC) --  N/A  KHz (0.03 KHz) 
**Core 06 Thread 25 Finished:   insts:495         cycles:25545      (20000952)  seconds:15    -- 0.02 IPC (0.02 IPC) --  N/A  KHz (0.03 KHz) 
**Core 14 Thread 05 Finished:   insts:495         cycles:25548      (20003301)  seconds:15    -- 0.02 IPC (0.02 IPC) --  N/A  KHz (0.03 KHz) 
**Core 03 Thread 01 Finished:   insts:495         cycles:25552      (20006433)  seconds:16    -- 0.02 IPC (0.02 IPC) --  N/A  KHz (0.03 KHz) 
**Core 15 Thread 23 Finished:   insts:495         cycles:25568      (20018961)  seconds:15    -- 0.02 IPC (0.02 IPC) --  N/A  KHz (0.03 KHz) 
**Core 02 Thread 05 Finished:   insts:495         cycles:25568      (20018961)  seconds:16    -- 0.02 IPC (0.02 IPC) --  N/A  KHz (0.03 KHz) 
**Core 02 Thread 24 Finished:   insts:495         cycles:25580      (20028357)  seconds:16    -- 0.02 IPC (0.02 IPC) --  N/A  KHz (0.03 KHz) 
**Core 10 Thread 30 Finished:   insts:495         cycles:25584      (20031489)  seconds:15    -- 0.02 IPC (0.02 IPC) --  N/A  KHz (0.03 KHz) 
**Core 03 Thread 02 Finished:   insts:495         cycles:25584      (20031489)  seconds:16    -- 0.02 IPC (0.02 IPC) --  N/A  KHz (0.03 KHz) 
**Core 11 Thread 11 Finished:   insts:495         cycles:25587      (20033838)  seconds:15    -- 0.02 IPC (0.02 IPC) --  N/A  KHz (0.03 KHz) 
**Core 02 Thread 27 Finished:   insts:495         cycles:25587      (20033838)  seconds:16    -- 0.02 IPC (0.02 IPC) --  N/A  KHz (0.03 KHz) 
**Core 09 Thread 00 Finished:   insts:497         cycles:25588      (20034621)  seconds:15    -- 0.02 IPC (0.02 IPC) --  N/A  KHz (0.03 KHz) 
**Core 03 Thread 03 Finished:   insts:495         cycles:25588      (20034621)  seconds:16    -- 0.02 IPC (0.02 IPC) --  N/A  KHz (0.03 KHz) 
**Core 14 Thread 30 Finished:   insts:495         cycles:25589      (20035404)  seconds:15    -- 0.02 IPC (0.02 IPC) --  N/A  KHz (0.03 KHz) 
**Core 03 Thread 00 Finished:   insts:497         cycles:25589      (20035404)  seconds:16    -- 0.02 IPC (0.02 IPC) --  N/A  KHz (0.03 KHz) 
**Core 11 Thread 13 Finished:   insts:495         cycles:25590      (20036187)  seconds:15    -- 0.02 IPC (0.02 IPC) --  N/A  KHz (0.03 KHz) 
**Core 06 Thread 18 Finished:   insts:495         cycles:25590      (20036187)  seconds:15    -- 0.02 IPC (0.02 IPC) --  N/A  KHz (0.03 KHz) 
**Core 03 Thread 04 Finished:   insts:495         cycles:25591      (20036970)  seconds:16    -- 0.02 IPC (0.02 IPC) --  N/A  KHz (0.03 KHz) 
**Core 07 Thread 01 Finished:   insts:495         cycles:25591      (20036970)  seconds:15    -- 0.02 IPC (0.02 IPC) --  N/A  KHz (0.03 KHz) 
**Core 00 Thread 00 Finished:   insts:497         cycles:25592      (20037753)  seconds:16    -- 0.02 IPC (0.02 IPC) --  N/A  KHz (0.03 KHz) 
**Core 11 Thread 17 Finished:   insts:495         cycles:25592      (20037753)  seconds:15    -- 0.02 IPC (0.02 IPC) --  N/A  KHz (0.03 KHz) 
**Core 02 Thread 31 Finished:   insts:495         cycles:25593      (20038536)  seconds:16    -- 0.02 IPC (0.02 IPC) --  N/A  KHz (0.03 KHz) 
**Core 11 Thread 21 Finished:   insts:495         cycles:25593      (20038536)  seconds:15    -- 0.02 IPC (0.02 IPC) --  N/A  KHz (0.03 KHz) 
**Core 01 Thread 02 Finished:   insts:495         cycles:25594      (20039319)  seconds:16    -- 0.02 IPC (0.02 IPC) --  N/A  KHz (0.03 KHz) 
**Core 07 Thread 05 Finished:   insts:495         cycles:25594      (20039319)  seconds:15    -- 0.02 IPC (0.02 IPC) --  N/A  KHz (0.03 KHz) 
**Core 06 Thread 22 Finished:   insts:495         cycles:25595      (20040102)  seconds:15    -- 0.02 IPC (0.02 IPC) --  N/A  KHz (0.03 KHz) 
**Core 14 Thread 02 Finished:   insts:495         cycles:25595      (20040102)  seconds:15    -- 0.02 IPC (0.02 IPC) --  N/A  KHz (0.03 KHz) 
**Core 01 Thread 01 Finished:   insts:495         cycles:25596      (20040885)  seconds:16    -- 0.02 IPC (0.02 IPC) --  N/A  KHz (0.03 KHz) 
**Core 10 Thread 27 Finished:   insts:495         cycles:25596      (20040885)  seconds:15    -- 0.02 IPC (0.02 IPC) --  N/A  KHz (0.03 KHz) 
**Core 07 Thread 09 Finished:   insts:495         cycles:25597      (20041668)  seconds:15    -- 0.02 IPC (0.02 IPC) --  N/A  KHz (0.03 KHz) 
**Core 14 Thread 09 Finished:   insts:495         cycles:25597      (20041668)  seconds:15    -- 0.02 IPC (0.02 IPC) --  N/A  KHz (0.03 KHz) 
**Core 03 Thread 09 Finished:   insts:495         cycles:25598      (20042451)  seconds:16    -- 0.02 IPC (0.02 IPC) --  N/A  KHz (0.03 KHz) 
**Core 10 Thread 06 Finished:   insts:495         cycles:25598      (20042451)  seconds:15    -- 0.02 IPC (0.02 IPC) --  N/A  KHz (0.03 KHz) 
**Core 01 Thread 04 Finished:   insts:495         cycles:25599      (20043234)  seconds:16    -- 0.02 IPC (0.02 IPC) --  N/A  KHz (0.03 KHz) 
**Core 06 Thread 15 Finished:   insts:495         cycles:25599      (20043234)  seconds:15    -- 0.02 IPC (0.02 IPC) --  N/A  KHz (0.03 KHz) 
**Core 01 Thread 03 Finished:   insts:495         cycles:25600      (20044017)  seconds:16    -- 0.02 IPC (0.02 IPC) --  N/A  KHz (0.03 KHz) 
**Core 14 Thread 27 Finished:   insts:495         cycles:25600      (20044017)  seconds:15    -- 0.02 IPC (0.02 IPC) --  N/A  KHz (0.03 KHz) 
**Core 03 Thread 13 Finished:   insts:495         cycles:25601      (20044800)  seconds:16    -- 0.02 IPC (0.02 IPC) --  N/A  KHz (0.03 KHz) 
**Core 14 Thread 06 Finished:   insts:495         cycles:25601      (20044800)  seconds:15    -- 0.02 IPC (0.02 IPC) --  N/A  KHz (0.03 KHz) 
**Core 10 Thread 02 Finished:   insts:495         cycles:25602      (20045583)  seconds:15    -- 0.02 IPC (0.02 IPC) --  N/A  KHz (0.03 KHz) 
**Core 15 Thread 24 Finished:   insts:495         cycles:25602      (20045583)  seconds:15    -- 0.02 IPC (0.02 IPC) --  N/A  KHz (0.03 KHz) 
**Core 03 Thread 17 Finished:   insts:495         cycles:25603      (20046366)  seconds:16    -- 0.02 IPC (0.02 IPC) --  N/A  KHz (0.03 KHz) 
**Core 00 Thread 01 Finished:   insts:495         cycles:25603      (20046366)  seconds:16    -- 0.02 IPC (0.02 IPC) --  N/A  KHz (0.03 KHz) 
**Core 06 Thread 26 Finished:   insts:495         cycles:25604      (20047149)  seconds:15    -- 0.02 IPC (0.02 IPC) --  N/A  KHz (0.03 KHz) 
**Core 10 Thread 31 Finished:   insts:495         cycles:25604      (20047149)  seconds:15    -- 0.02 IPC (0.02 IPC) --  N/A  KHz (0.03 KHz) 
**Core 11 Thread 12 Finished:   insts:495         cycles:25605      (20047932)  seconds:15    -- 0.02 IPC (0.02 IPC) --  N/A  KHz (0.03 KHz) 
**Core 00 Thread 02 Finished:   insts:495         cycles:25610      (20051847)  seconds:16    -- 0.02 IPC (0.02 IPC) --  N/A  KHz (0.03 KHz) 
**Core 02 Thread 06 Finished:   insts:495         cycles:25613      (20054196)  seconds:16    -- 0.02 IPC (0.02 IPC) --  N/A  KHz (0.03 KHz) 
**Core 14 Thread 31 Finished:   insts:495         cycles:25614      (20054979)  seconds:15    -- 0.02 IPC (0.02 IPC) --  N/A  KHz (0.03 KHz) 
**Core 03 Thread 21 Finished:   insts:495         cycles:25622      (20061243)  seconds:16    -- 0.02 IPC (0.02 IPC) --  N/A  KHz (0.03 KHz) 
**Core 13 Thread 14 Finished:   insts:495         cycles:25623      (20062026)  seconds:15    -- 0.02 IPC (0.02 IPC) --  N/A  KHz (0.03 KHz) 
**Core 00 Thread 03 Finished:   insts:495         cycles:25626      (20064375)  seconds:16    -- 0.02 IPC (0.02 IPC) --  N/A  KHz (0.03 KHz) 
**Core 02 Thread 26 Finished:   insts:495         cycles:25632      (20069073)  seconds:16    -- 0.02 IPC (0.02 IPC) --  N/A  KHz (0.03 KHz) 
**Core 11 Thread 15 Finished:   insts:495         cycles:25633      (20069856)  seconds:15    -- 0.02 IPC (0.02 IPC) --  N/A  KHz (0.03 KHz) 
**Core 07 Thread 29 Finished:   insts:495         cycles:25642      (20076903)  seconds:15    -- 0.02 IPC (0.02 IPC) --  N/A  KHz (0.03 KHz) 
**Core 11 Thread 19 Finished:   insts:495         cycles:25643      (20077686)  seconds:15    -- 0.02 IPC (0.02 IPC) --  N/A  KHz (0.03 KHz) 
**Core 00 Thread 04 Finished:   insts:495         cycles:25643      (20077686)  seconds:16    -- 0.02 IPC (0.02 IPC) --  N/A  KHz (0.03 KHz) 
**Core 06 Thread 19 Finished:   insts:495         cycles:25651      (20083950)  seconds:15    -- 0.02 IPC (0.02 IPC) --  N/A  KHz (0.03 KHz) 
**Core 11 Thread 23 Finished:   insts:495         cycles:25652      (20084733)  seconds:15    -- 0.02 IPC (0.02 IPC) --  N/A  KHz (0.03 KHz) 
**Core 07 Thread 03 Finished:   insts:495         cycles:25660      (20090997)  seconds:15    -- 0.02 IPC (0.02 IPC) --  N/A  KHz (0.03 KHz) 
**Core 14 Thread 03 Finished:   insts:495         cycles:25661      (20091780)  seconds:15    -- 0.02 IPC (0.02 IPC) --  N/A  KHz (0.03 KHz) 
**Core 02 Thread 30 Finished:   insts:495         cycles:25670      (20098827)  seconds:16    -- 0.02 IPC (0.02 IPC) --  N/A  KHz (0.03 KHz) 
**Core 10 Thread 28 Finished:   insts:495         cycles:25671      (20099610)  seconds:15    -- 0.02 IPC (0.02 IPC) --  N/A  KHz (0.03 KHz) 
**Core 07 Thread 07 Finished:   insts:495         cycles:25679      (20105874)  seconds:15    -- 0.02 IPC (0.02 IPC) --  N/A  KHz (0.03 KHz) 
**Core 13 Thread 10 Finished:   insts:495         cycles:25680      (20106657)  seconds:15    -- 0.02 IPC (0.02 IPC) --  N/A  KHz (0.03 KHz) 
**Core 06 Thread 23 Finished:   insts:495         cycles:25689      (20113704)  seconds:15    -- 0.02 IPC (0.02 IPC) --  N/A  KHz (0.03 KHz) 
**Core 10 Thread 07 Finished:   insts:495         cycles:25690      (20114487)  seconds:15    -- 0.02 IPC (0.02 IPC) --  N/A  KHz (0.03 KHz) 
**Core 07 Thread 11 Finished:   insts:495         cycles:25698      (20120751)  seconds:15    -- 0.02 IPC (0.02 IPC) --  N/A  KHz (0.03 KHz) 
**Core 13 Thread 18 Finished:   insts:495         cycles:25700      (20122317)  seconds:15    -- 0.02 IPC (0.02 IPC) --  N/A  KHz (0.03 KHz) 
**Core 03 Thread 10 Finished:   insts:495         cycles:25708      (20128581)  seconds:16    -- 0.02 IPC (0.02 IPC) --  N/A  KHz (0.03 KHz) 
**Core 14 Thread 28 Finished:   insts:495         cycles:25709      (20129364)  seconds:15    -- 0.02 IPC (0.02 IPC) --  N/A  KHz (0.03 KHz) 
**Core 06 Thread 16 Finished:   insts:495         cycles:25717      (20135628)  seconds:15    -- 0.02 IPC (0.02 IPC) --  N/A  KHz (0.03 KHz) 
**Core 14 Thread 07 Finished:   insts:495         cycles:25718      (20136411)  seconds:15    -- 0.02 IPC (0.02 IPC) --  N/A  KHz (0.03 KHz) 
**Core 02 Thread 13 Finished:   insts:495         cycles:25727      (20143458)  seconds:16    -- 0.02 IPC (0.02 IPC) --  N/A  KHz (0.03 KHz) 
**Core 12 Thread 21 Finished:   insts:495         cycles:25728      (20144241)  seconds:15    -- 0.02 IPC (0.02 IPC) --  N/A  KHz (0.03 KHz) 
**Core 10 Thread 03 Finished:   insts:495         cycles:25736      (20150505)  seconds:15    -- 0.02 IPC (0.02 IPC) --  N/A  KHz (0.03 KHz) 
**Core 09 Thread 29 Finished:   insts:495         cycles:25738      (20152071)  seconds:15    -- 0.02 IPC (0.02 IPC) --  N/A  KHz (0.03 KHz) 
**Core 02 Thread 17 Finished:   insts:495         cycles:25746      (20158335)  seconds:16    -- 0.02 IPC (0.02 IPC) --  N/A  KHz (0.03 KHz) 
**Core 10 Thread 09 Finished:   insts:495         cycles:25747      (20159118)  seconds:15    -- 0.02 IPC (0.02 IPC) --  N/A  KHz (0.03 KHz) 
**Core 06 Thread 27 Finished:   insts:495         cycles:25755      (20165382)  seconds:15    -- 0.02 IPC (0.02 IPC) --  N/A  KHz (0.03 KHz) 
**Core 15 Thread 29 Finished:   insts:495         cycles:25756      (20166165)  seconds:15    -- 0.02 IPC (0.02 IPC) --  N/A  KHz (0.03 KHz) 
**Core 03 Thread 05 Finished:   insts:495         cycles:25765      (20173212)  seconds:16    -- 0.02 IPC (0.02 IPC) --  N/A  KHz (0.03 KHz) 
**Core 14 Thread 13 Finished:   insts:495         cycles:25766      (20173995)  seconds:15    -- 0.02 IPC (0.02 IPC) --  N/A  KHz (0.03 KHz) 
**Core 03 Thread 22 Finished:   insts:495         cycles:25774      (20180259)  seconds:16    -- 0.02 IPC (0.02 IPC) --  N/A  KHz (0.03 KHz) 
**Core 11 Thread 14 Finished:   insts:495         cycles:25775      (20181042)  seconds:15    -- 0.02 IPC (0.02 IPC) --  N/A  KHz (0.03 KHz) 
**Core 02 Thread 28 Finished:   insts:495         cycles:25783      (20187306)  seconds:16    -- 0.02 IPC (0.02 IPC) --  N/A  KHz (0.03 KHz) 
**Core 11 Thread 18 Finished:   insts:495         cycles:25785      (20188872)  seconds:15    -- 0.02 IPC (0.02 IPC) --  N/A  KHz (0.03 KHz) 
**Core 07 Thread 31 Finished:   insts:495         cycles:25793      (20195136)  seconds:15    -- 0.02 IPC (0.02 IPC) --  N/A  KHz (0.03 KHz) 
**Core 11 Thread 22 Finished:   insts:495         cycles:25794      (20195919)  seconds:15    -- 0.02 IPC (0.02 IPC) --  N/A  KHz (0.03 KHz) 
**Core 06 Thread 20 Finished:   insts:495         cycles:25803      (20202966)  seconds:15    -- 0.02 IPC (0.02 IPC) --  N/A  KHz (0.03 KHz) 
**Core 14 Thread 04 Finished:   insts:495         cycles:25804      (20203749)  seconds:15    -- 0.02 IPC (0.02 IPC) --  N/A  KHz (0.03 KHz) 
**Core 07 Thread 02 Finished:   insts:495         cycles:25812      (20210013)  seconds:15    -- 0.02 IPC (0.02 IPC) --  N/A  KHz (0.03 KHz) 
**Core 11 Thread 25 Finished:   insts:495         cycles:25813      (20210796)  seconds:15    -- 0.02 IPC (0.02 IPC) --  N/A  KHz (0.03 KHz) 
**Core 06 Thread 00 Finished:   insts:497         cycles:25821      (20217060)  seconds:15    -- 0.02 IPC (0.02 IPC) --  N/A  KHz (0.03 KHz) 
**Core 13 Thread 09 Finished:   insts:495         cycles:25823      (20218626)  seconds:15    -- 0.02 IPC (0.02 IPC) --  N/A  KHz (0.03 KHz) 
**Core 07 Thread 06 Finished:   insts:495         cycles:25831      (20224890)  seconds:15    -- 0.02 IPC (0.02 IPC) --  N/A  KHz (0.03 KHz) 
**Core 10 Thread 08 Finished:   insts:495         cycles:25832      (20225673)  seconds:15    -- 0.02 IPC (0.02 IPC) --  N/A  KHz (0.03 KHz) 
**Core 06 Thread 24 Finished:   insts:495         cycles:25840      (20231937)  seconds:15    -- 0.02 IPC (0.02 IPC) --  N/A  KHz (0.03 KHz) 
**Core 14 Thread 17 Finished:   insts:495         cycles:25842      (20233503)  seconds:15    -- 0.02 IPC (0.02 IPC) --  N/A  KHz (0.03 KHz) 
**Core 07 Thread 10 Finished:   insts:495         cycles:25850      (20239767)  seconds:15    -- 0.02 IPC (0.02 IPC) --  N/A  KHz (0.03 KHz) 
**Core 15 Thread 25 Finished:   insts:495         cycles:25851      (20240550)  seconds:15    -- 0.02 IPC (0.02 IPC) --  N/A  KHz (0.03 KHz) 
**Core 03 Thread 11 Finished:   insts:495         cycles:25860      (20247597)  seconds:16    -- 0.02 IPC (0.02 IPC) --  N/A  KHz (0.03 KHz) 
**Core 14 Thread 08 Finished:   insts:495         cycles:25861      (20248380)  seconds:15    -- 0.02 IPC (0.02 IPC) --  N/A  KHz (0.03 KHz) 
**Core 07 Thread 13 Finished:   insts:495         cycles:25869      (20254644)  seconds:15    -- 0.02 IPC (0.02 IPC) --  N/A  KHz (0.03 KHz) 
**Core 12 Thread 22 Finished:   insts:495         cycles:25870      (20255427)  seconds:15    -- 0.02 IPC (0.02 IPC) --  N/A  KHz (0.03 KHz) 
**Core 03 Thread 14 Finished:   insts:495         cycles:25878      (20261691)  seconds:16    -- 0.02 IPC (0.02 IPC) --  N/A  KHz (0.03 KHz) 
**Core 09 Thread 30 Finished:   insts:495         cycles:25879      (20262474)  seconds:15    -- 0.02 IPC (0.02 IPC) --  N/A  KHz (0.03 KHz) 
**Core 10 Thread 04 Finished:   insts:495         cycles:25888      (20269521)  seconds:15    -- 0.02 IPC (0.02 IPC) --  N/A  KHz (0.03 KHz) 
**Core 10 Thread 10 Finished:   insts:495         cycles:25889      (20270304)  seconds:15    -- 0.02 IPC (0.02 IPC) --  N/A  KHz (0.03 KHz) 
**Core 03 Thread 18 Finished:   insts:495         cycles:25898      (20277351)  seconds:16    -- 0.02 IPC (0.02 IPC) --  N/A  KHz (0.03 KHz) 
**Core 15 Thread 31 Finished:   insts:495         cycles:25899      (20278134)  seconds:15    -- 0.02 IPC (0.02 IPC) --  N/A  KHz (0.03 KHz) 
**Core 06 Thread 28 Finished:   insts:495         cycles:25907      (20284398)  seconds:15    -- 0.02 IPC (0.02 IPC) --  N/A  KHz (0.03 KHz) 
**Core 13 Thread 13 Finished:   insts:495         cycles:25908      (20285181)  seconds:15    -- 0.02 IPC (0.02 IPC) --  N/A  KHz (0.03 KHz) 
**Core 03 Thread 06 Finished:   insts:495         cycles:25916      (20291445)  seconds:16    -- 0.02 IPC (0.02 IPC) --  N/A  KHz (0.03 KHz) 
**Core 11 Thread 16 Finished:   insts:495         cycles:25917      (20292228)  seconds:15    -- 0.02 IPC (0.02 IPC) --  N/A  KHz (0.03 KHz) 
**Core 03 Thread 23 Finished:   insts:495         cycles:25926      (20299275)  seconds:16    -- 0.02 IPC (0.02 IPC) --  N/A  KHz (0.03 KHz) 
**Core 11 Thread 20 Finished:   insts:495         cycles:25927      (20300058)  seconds:15    -- 0.02 IPC (0.02 IPC) --  N/A  KHz (0.03 KHz) 
**Core 01 Thread 28 Finished:   insts:495         cycles:25935      (20306322)  seconds:16    -- 0.02 IPC (0.02 IPC) --  N/A  KHz (0.03 KHz) 
**Core 11 Thread 24 Finished:   insts:495         cycles:25936      (20307105)  seconds:15    -- 0.02 IPC (0.02 IPC) --  N/A  KHz (0.03 KHz) 
**Core 07 Thread 30 Finished:   insts:495         cycles:25945      (20314152)  seconds:15    -- 0.02 IPC (0.02 IPC) --  N/A  KHz (0.03 KHz) 
**Core 15 Thread 01 Finished:   insts:495         cycles:25946      (20314935)  seconds:15    -- 0.02 IPC (0.02 IPC) --  N/A  KHz (0.03 KHz) 
**Core 07 Thread 17 Finished:   insts:495         cycles:25954      (20321199)  seconds:15    -- 0.02 IPC (0.02 IPC) --  N/A  KHz (0.03 KHz) 
**Core 11 Thread 27 Finished:   insts:495         cycles:25956      (20322765)  seconds:15    -- 0.02 IPC (0.02 IPC) --  N/A  KHz (0.03 KHz) 
**Core 07 Thread 04 Finished:   insts:495         cycles:25964      (20329029)  seconds:15    -- 0.02 IPC (0.02 IPC) --  N/A  KHz (0.03 KHz) 
**Core 13 Thread 11 Finished:   insts:495         cycles:25965      (20329812)  seconds:15    -- 0.02 IPC (0.02 IPC) --  N/A  KHz (0.03 KHz) 
**Core 05 Thread 00 Finished:   insts:497         cycles:25973      (20336076)  seconds:16    -- 0.02 IPC (0.02 IPC) --  N/A  KHz (0.03 KHz) 
**Core 09 Thread 05 Finished:   insts:495         cycles:25974      (20336859)  seconds:15    -- 0.02 IPC (0.02 IPC) --  N/A  KHz (0.03 KHz) 
**Core 07 Thread 08 Finished:   insts:495         cycles:25983      (20343906)  seconds:15    -- 0.02 IPC (0.02 IPC) --  N/A  KHz (0.03 KHz) 
**Core 12 Thread 17 Finished:   insts:495         cycles:25984      (20344689)  seconds:15    -- 0.02 IPC (0.02 IPC) --  N/A  KHz (0.03 KHz) 
**Core 07 Thread 23 Finished:   insts:495         cycles:25992      (20350953)  seconds:15    -- 0.02 IPC (0.02 IPC) --  N/A  KHz (0.03 KHz) 
**Core 15 Thread 27 Finished:   insts:495         cycles:25994      (20352519)  seconds:15    -- 0.02 IPC (0.02 IPC) --  N/A  KHz (0.03 KHz) 
**Core 07 Thread 12 Finished:   insts:495         cycles:26002      (20358783)  seconds:15    -- 0.02 IPC (0.02 IPC) --  N/A  KHz (0.03 KHz) 
**Core 13 Thread 07 Finished:   insts:495         cycles:26003      (20359566)  seconds:15    -- 0.02 IPC (0.02 IPC) --  N/A  KHz (0.03 KHz) 
**Core 02 Thread 09 Finished:   insts:495         cycles:26011      (20365830)  seconds:16    -- 0.02 IPC (0.02 IPC) --  N/A  KHz (0.03 KHz) 
**Core 12 Thread 23 Finished:   insts:495         cycles:26012      (20366613)  seconds:15    -- 0.02 IPC (0.02 IPC) --  N/A  KHz (0.03 KHz) 
**Core 07 Thread 15 Finished:   insts:495         cycles:26021      (20373660)  seconds:15    -- 0.02 IPC (0.02 IPC) --  N/A  KHz (0.03 KHz) 
**Core 14 Thread 00 Finished:   insts:497         cycles:26022      (20374443)  seconds:15    -- 0.02 IPC (0.02 IPC) --  N/A  KHz (0.03 KHz) 
**Core 03 Thread 15 Finished:   insts:495         cycles:26030      (20380707)  seconds:16    -- 0.02 IPC (0.02 IPC) --  N/A  KHz (0.03 KHz) 
**Core 10 Thread 11 Finished:   insts:495         cycles:26031      (20381490)  seconds:15    -- 0.02 IPC (0.02 IPC) --  N/A  KHz (0.03 KHz) 
**Core 09 Thread 01 Finished:   insts:495         cycles:26039      (20387754)  seconds:15    -- 0.02 IPC (0.02 IPC) --  N/A  KHz (0.03 KHz) 
**Core 15 Thread 30 Finished:   insts:495         cycles:26041      (20389320)  seconds:15    -- 0.02 IPC (0.02 IPC) --  N/A  KHz (0.03 KHz) 
**Core 02 Thread 19 Finished:   insts:495         cycles:26049      (20395584)  seconds:16    -- 0.02 IPC (0.02 IPC) --  N/A  KHz (0.03 KHz) 
**Core 13 Thread 15 Finished:   insts:495         cycles:26050      (20396367)  seconds:15    -- 0.02 IPC (0.02 IPC) --  N/A  KHz (0.03 KHz) 
**Core 05 Thread 26 Finished:   insts:495         cycles:26059      (20403414)  seconds:16    -- 0.02 IPC (0.02 IPC) --  N/A  KHz (0.03 KHz) 
**Core 10 Thread 13 Finished:   insts:495         cycles:26060      (20404197)  seconds:15    -- 0.02 IPC (0.02 IPC) --  N/A  KHz (0.03 KHz) 
**Core 03 Thread 07 Finished:   insts:495         cycles:26068      (20410461)  seconds:16    -- 0.02 IPC (0.02 IPC) --  N/A  KHz (0.03 KHz) 
**Core 10 Thread 17 Finished:   insts:495         cycles:26069      (20411244)  seconds:15    -- 0.02 IPC (0.02 IPC) --  N/A  KHz (0.03 KHz) 
**Core 03 Thread 24 Finished:   insts:495         cycles:26077      (20417508)  seconds:16    -- 0.02 IPC (0.02 IPC) --  N/A  KHz (0.03 KHz) 
**Core 10 Thread 21 Finished:   insts:495         cycles:26079      (20419074)  seconds:15    -- 0.02 IPC (0.02 IPC) --  N/A  KHz (0.03 KHz) 
**Core 01 Thread 27 Finished:   insts:495         cycles:26087      (20425338)  seconds:16    -- 0.02 IPC (0.02 IPC) --  N/A  KHz (0.03 KHz) 
**Core 15 Thread 03 Finished:   insts:495         cycles:26088      (20426121)  seconds:15    -- 0.02 IPC (0.02 IPC) --  N/A  KHz (0.03 KHz) 
**Core 10 Thread 00 Finished:   insts:497         cycles:26096      (20432385)  seconds:15    -- 0.02 IPC (0.02 IPC) --  N/A  KHz (0.03 KHz) 
**Core 11 Thread 26 Finished:   insts:495         cycles:26098      (20433951)  seconds:15    -- 0.02 IPC (0.02 IPC) --  N/A  KHz (0.03 KHz) 
**Core 07 Thread 19 Finished:   insts:495         cycles:26106      (20440215)  seconds:15    -- 0.02 IPC (0.02 IPC) --  N/A  KHz (0.03 KHz) 
**Core 14 Thread 10 Finished:   insts:495         cycles:26107      (20440998)  seconds:15    -- 0.02 IPC (0.02 IPC) --  N/A  KHz (0.03 KHz) 
**Core 06 Thread 01 Finished:   insts:495         cycles:26116      (20448045)  seconds:15    -- 0.02 IPC (0.02 IPC) --  N/A  KHz (0.03 KHz) 
**Core 08 Thread 05 Finished:   insts:495         cycles:26117      (20448828)  seconds:15    -- 0.02 IPC (0.02 IPC) --  N/A  KHz (0.03 KHz) 
**Core 03 Thread 29 Finished:   insts:495         cycles:26125      (20455092)  seconds:16    -- 0.02 IPC (0.02 IPC) --  N/A  KHz (0.03 KHz) 
**Core 13 Thread 17 Finished:   insts:495         cycles:26126      (20455875)  seconds:15    -- 0.02 IPC (0.02 IPC) --  N/A  KHz (0.03 KHz) 
**Core 06 Thread 05 Finished:   insts:495         cycles:26134      (20462139)  seconds:15    -- 0.02 IPC (0.02 IPC) --  N/A  KHz (0.03 KHz) 
**Core 15 Thread 26 Finished:   insts:495         cycles:26135      (20462922)  seconds:15    -- 0.02 IPC (0.02 IPC) --  N/A  KHz (0.03 KHz) 
**Core 07 Thread 24 Finished:   insts:495         cycles:26144      (20469969)  seconds:15    -- 0.02 IPC (0.02 IPC) --  N/A  KHz (0.03 KHz) 
**Core 13 Thread 08 Finished:   insts:495         cycles:26145      (20470752)  seconds:15    -- 0.02 IPC (0.02 IPC) --  N/A  KHz (0.03 KHz) 
**Core 04 Thread 09 Finished:   insts:495         cycles:26154      (20477799)  seconds:16    -- 0.02 IPC (0.02 IPC) --  N/A  KHz (0.03 KHz) 
**Core 12 Thread 24 Finished:   insts:495         cycles:26155      (20478582)  seconds:15    -- 0.02 IPC (0.02 IPC) --  N/A  KHz (0.03 KHz) 
**Core 02 Thread 11 Finished:   insts:495         cycles:26163      (20484846)  seconds:16    -- 0.02 IPC (0.02 IPC) --  N/A  KHz (0.03 KHz) 
**Core 11 Thread 29 Finished:   insts:495         cycles:26164      (20485629)  seconds:15    -- 0.02 IPC (0.02 IPC) --  N/A  KHz (0.03 KHz) 
**Core 07 Thread 14 Finished:   insts:495         cycles:26172      (20491893)  seconds:15    -- 0.02 IPC (0.02 IPC) --  N/A  KHz (0.03 KHz) 
**Core 10 Thread 12 Finished:   insts:495         cycles:26173      (20492676)  seconds:15    -- 0.02 IPC (0.02 IPC) --  N/A  KHz (0.03 KHz) 
**Core 02 Thread 15 Finished:   insts:495         cycles:26182      (20499723)  seconds:16    -- 0.02 IPC (0.02 IPC) --  N/A  KHz (0.03 KHz) 
**Core 12 Thread 29 Finished:   insts:495         cycles:26183      (20500506)  seconds:15    -- 0.02 IPC (0.02 IPC) --  N/A  KHz (0.03 KHz) 
**Core 09 Thread 02 Finished:   insts:495         cycles:26191      (20506770)  seconds:15    -- 0.02 IPC (0.02 IPC) --  N/A  KHz (0.03 KHz) 
**Core 14 Thread 14 Finished:   insts:495         cycles:26192      (20507553)  seconds:15    -- 0.02 IPC (0.02 IPC) --  N/A  KHz (0.03 KHz) 
**Core 02 Thread 18 Finished:   insts:495         cycles:26201      (20514600)  seconds:16    -- 0.02 IPC (0.02 IPC) --  N/A  KHz (0.03 KHz) 
**Core 10 Thread 14 Finished:   insts:495         cycles:26202      (20515383)  seconds:15    -- 0.02 IPC (0.02 IPC) --  N/A  KHz (0.03 KHz) 
**Core 05 Thread 25 Finished:   insts:495         cycles:26210      (20521647)  seconds:16    -- 0.02 IPC (0.02 IPC) --  N/A  KHz (0.03 KHz) 
**Core 10 Thread 18 Finished:   insts:495         cycles:26212      (20523213)  seconds:15    -- 0.02 IPC (0.02 IPC) --  N/A  KHz (0.03 KHz) 
**Core 02 Thread 07 Finished:   insts:495         cycles:26220      (20529477)  seconds:16    -- 0.02 IPC (0.02 IPC) --  N/A  KHz (0.03 KHz) 
**Core 08 Thread 21 Finished:   insts:495         cycles:26221      (20530260)  seconds:15    -- 0.02 IPC (0.02 IPC) --  N/A  KHz (0.03 KHz) 
**Core 02 Thread 21 Finished:   insts:495         cycles:26229      (20536524)  seconds:16    -- 0.02 IPC (0.02 IPC) --  N/A  KHz (0.03 KHz) 
**Core 15 Thread 02 Finished:   insts:495         cycles:26230      (20537307)  seconds:15    -- 0.02 IPC (0.02 IPC) --  N/A  KHz (0.03 KHz) 
**Core 03 Thread 25 Finished:   insts:495         cycles:26239      (20544354)  seconds:16    -- 0.02 IPC (0.02 IPC) --  N/A  KHz (0.03 KHz) 
**Core 11 Thread 28 Finished:   insts:495         cycles:26240      (20545137)  seconds:15    -- 0.02 IPC (0.02 IPC) --  N/A  KHz (0.03 KHz) 
**Core 06 Thread 29 Finished:   insts:495         cycles:26248      (20551401)  seconds:15    -- 0.02 IPC (0.02 IPC) --  N/A  KHz (0.03 KHz) 
**Core 14 Thread 11 Finished:   insts:495         cycles:26250      (20552967)  seconds:15    -- 0.02 IPC (0.02 IPC) --  N/A  KHz (0.03 KHz) 
**Core 04 Thread 17 Finished:   insts:495         cycles:26258      (20559231)  seconds:16    -- 0.02 IPC (0.02 IPC) --  N/A  KHz (0.03 KHz) 
**Core 08 Thread 06 Finished:   insts:495         cycles:26259      (20560014)  seconds:15    -- 0.02 IPC (0.02 IPC) --  N/A  KHz (0.03 KHz) 
**Core 06 Thread 02 Finished:   insts:495         cycles:26267      (20566278)  seconds:15    -- 0.02 IPC (0.02 IPC) --  N/A  KHz (0.03 KHz) 
**Core 13 Thread 19 Finished:   insts:495         cycles:26268      (20567061)  seconds:15    -- 0.02 IPC (0.02 IPC) --  N/A  KHz (0.03 KHz) 
**Core 03 Thread 30 Finished:   insts:495         cycles:26277      (20574108)  seconds:16    -- 0.02 IPC (0.02 IPC) --  N/A  KHz (0.03 KHz) 
**Core 15 Thread 28 Finished:   insts:495         cycles:26278      (20574891)  seconds:15    -- 0.02 IPC (0.02 IPC) --  N/A  KHz (0.03 KHz) 
**Core 05 Thread 06 Finished:   insts:495         cycles:26286      (20581155)  seconds:16    -- 0.02 IPC (0.02 IPC) --  N/A  KHz (0.03 KHz) 
**Core 15 Thread 05 Finished:   insts:495         cycles:26287      (20581938)  seconds:15    -- 0.02 IPC (0.02 IPC) --  N/A  KHz (0.03 KHz) 
**Core 04 Thread 21 Finished:   insts:495         cycles:26295      (20588202)  seconds:16    -- 0.02 IPC (0.02 IPC) --  N/A  KHz (0.03 KHz) 
**Core 13 Thread 22 Finished:   insts:495         cycles:26297      (20589768)  seconds:15    -- 0.02 IPC (0.02 IPC) --  N/A  KHz (0.03 KHz) 
**Core 04 Thread 10 Finished:   insts:495         cycles:26305      (20596032)  seconds:16    -- 0.02 IPC (0.02 IPC) --  N/A  KHz (0.03 KHz) 
**Core 13 Thread 00 Finished:   insts:497         cycles:26306      (20596815)  seconds:15    -- 0.02 IPC (0.02 IPC) --  N/A  KHz (0.03 KHz) 
**Core 02 Thread 10 Finished:   insts:495         cycles:26315      (20603862)  seconds:16    -- 0.02 IPC (0.02 IPC) --  N/A  KHz (0.03 KHz) 
**Core 08 Thread 09 Finished:   insts:495         cycles:26316      (20604645)  seconds:15    -- 0.02 IPC (0.02 IPC) --  N/A  KHz (0.03 KHz) 
**Core 07 Thread 16 Finished:   insts:495         cycles:26324      (20610909)  seconds:15    -- 0.02 IPC (0.02 IPC) --  N/A  KHz (0.03 KHz) 
**Core 12 Thread 30 Finished:   insts:495         cycles:26325      (20611692)  seconds:15    -- 0.02 IPC (0.02 IPC) --  N/A  KHz (0.03 KHz) 
**Core 02 Thread 14 Finished:   insts:495         cycles:26333      (20617956)  seconds:16    -- 0.02 IPC (0.02 IPC) --  N/A  KHz (0.03 KHz) 
**Core 14 Thread 15 Finished:   insts:495         cycles:26335      (20619522)  seconds:15    -- 0.02 IPC (0.02 IPC) --  N/A  KHz (0.03 KHz) 
**Core 09 Thread 04 Finished:   insts:495         cycles:26343      (20625786)  seconds:15    -- 0.02 IPC (0.02 IPC) --  N/A  KHz (0.03 KHz) 
**Core 10 Thread 15 Finished:   insts:495         cycles:26344      (20626569)  seconds:15    -- 0.02 IPC (0.02 IPC) --  N/A  KHz (0.03 KHz) 
**Core 02 Thread 20 Finished:   insts:495         cycles:26352      (20632833)  seconds:16    -- 0.02 IPC (0.02 IPC) --  N/A  KHz (0.03 KHz) 
**Core 08 Thread 17 Finished:   insts:495         cycles:26354      (20634399)  seconds:15    -- 0.02 IPC (0.02 IPC) --  N/A  KHz (0.03 KHz) 
**Core 07 Thread 25 Finished:   insts:495         cycles:26362      (20640663)  seconds:15    -- 0.02 IPC (0.02 IPC) --  N/A  KHz (0.03 KHz) 
**Core 08 Thread 22 Finished:   insts:495         cycles:26363      (20641446)  seconds:15    -- 0.02 IPC (0.02 IPC) --  N/A  KHz (0.03 KHz) 
**Core 03 Thread 08 Finished:   insts:495         cycles:26372      (20648493)  seconds:16    -- 0.02 IPC (0.02 IPC) --  N/A  KHz (0.03 KHz) 
**Core 15 Thread 04 Finished:   insts:495         cycles:26373      (20649276)  seconds:15    -- 0.02 IPC (0.02 IPC) --  N/A  KHz (0.03 KHz) 
**Core 02 Thread 22 Finished:   insts:495         cycles:26381      (20655540)  seconds:16    -- 0.02 IPC (0.02 IPC) --  N/A  KHz (0.03 KHz) 
**Core 08 Thread 25 Finished:   insts:495         cycles:26382      (20656323)  seconds:15    -- 0.02 IPC (0.02 IPC) --  N/A  KHz (0.03 KHz) 
**Core 03 Thread 26 Finished:   insts:495         cycles:26390      (20662587)  seconds:16    -- 0.02 IPC (0.02 IPC) --  N/A  KHz (0.03 KHz) 
**Core 13 Thread 12 Finished:   insts:495         cycles:26391      (20663370)  seconds:15    -- 0.02 IPC (0.02 IPC) --  N/A  KHz (0.03 KHz) 
**Core 06 Thread 30 Finished:   insts:495         cycles:26400      (20670417)  seconds:15    -- 0.02 IPC (0.02 IPC) --  N/A  KHz (0.03 KHz) 
**Core 08 Thread 07 Finished:   insts:495         cycles:26401      (20671200)  seconds:15    -- 0.02 IPC (0.02 IPC) --  N/A  KHz (0.03 KHz) 
**Core 07 Thread 18 Finished:   insts:495         cycles:26410      (20678247)  seconds:15    -- 0.02 IPC (0.02 IPC) --  N/A  KHz (0.03 KHz) 
**Core 12 Thread 18 Finished:   insts:495         cycles:26411      (20679030)  seconds:15    -- 0.02 IPC (0.02 IPC) --  N/A  KHz (0.03 KHz) 
**Core 06 Thread 03 Finished:   insts:495         cycles:26419      (20685294)  seconds:15    -- 0.02 IPC (0.02 IPC) --  N/A  KHz (0.03 KHz) 
**Core 12 Thread 25 Finished:   insts:495         cycles:26420      (20686077)  seconds:15    -- 0.02 IPC (0.02 IPC) --  N/A  KHz (0.03 KHz) 
**Core 03 Thread 31 Finished:   insts:495         cycles:26428      (20692341)  seconds:16    -- 0.02 IPC (0.02 IPC) --  N/A  KHz (0.03 KHz) 
**Core 15 Thread 07 Finished:   insts:495         cycles:26429      (20693124)  seconds:15    -- 0.02 IPC (0.02 IPC) --  N/A  KHz (0.03 KHz) 
**Core 06 Thread 06 Finished:   insts:495         cycles:26438      (20700171)  seconds:15    -- 0.02 IPC (0.02 IPC) --  N/A  KHz (0.03 KHz) 
**Core 13 Thread 21 Finished:   insts:495         cycles:26439      (20700954)  seconds:15    -- 0.02 IPC (0.02 IPC) --  N/A  KHz (0.03 KHz) 
**Core 04 Thread 22 Finished:   insts:495         cycles:26447      (20707218)  seconds:16    -- 0.02 IPC (0.02 IPC) --  N/A  KHz (0.03 KHz) 
**Core 09 Thread 31 Finished:   insts:495         cycles:26448      (20708001)  seconds:15    -- 0.02 IPC (0.02 IPC) --  N/A  KHz (0.03 KHz) 
**Core 04 Thread 11 Finished:   insts:495         cycles:26457      (20715048)  seconds:16    -- 0.02 IPC (0.02 IPC) --  N/A  KHz (0.03 KHz) 
**Core 08 Thread 10 Finished:   insts:495         cycles:26458      (20715831)  seconds:15    -- 0.02 IPC (0.02 IPC) --  N/A  KHz (0.03 KHz) 
**Core 03 Thread 12 Finished:   insts:495         cycles:26466      (20722095)  seconds:16    -- 0.02 IPC (0.02 IPC) --  N/A  KHz (0.03 KHz) 
**Core 12 Thread 31 Finished:   insts:495         cycles:26468      (20723661)  seconds:15    -- 0.02 IPC (0.02 IPC) --  N/A  KHz (0.03 KHz) 
**Core 04 Thread 13 Finished:   insts:495         cycles:26476      (20729925)  seconds:16    -- 0.02 IPC (0.02 IPC) --  N/A  KHz (0.03 KHz) 
**Core 13 Thread 16 Finished:   insts:495         cycles:26477      (20730708)  seconds:15    -- 0.02 IPC (0.02 IPC) --  N/A  KHz (0.03 KHz) 
**Core 03 Thread 16 Finished:   insts:495         cycles:26485      (20736972)  seconds:16    -- 0.02 IPC (0.02 IPC) --  N/A  KHz (0.03 KHz) 
**Core 08 Thread 13 Finished:   insts:495         cycles:26486      (20737755)  seconds:15    -- 0.02 IPC (0.02 IPC) --  N/A  KHz (0.03 KHz) 
**Core 11 Thread 01 Finished:   insts:495         cycles:26495      (20744802)  seconds:15    -- 0.02 IPC (0.02 IPC) --  N/A  KHz (0.03 KHz) 
**Core 08 Thread 18 Finished:   insts:495         cycles:26496      (20745585)  seconds:15    -- 0.02 IPC (0.02 IPC) --  N/A  KHz (0.03 KHz) 
**Core 00 Thread 17 Finished:   insts:495         cycles:26504      (20751849)  seconds:16    -- 0.02 IPC (0.02 IPC) --  N/A  KHz (0.03 KHz) 
**Core 08 Thread 23 Finished:   insts:495         cycles:26506      (20753415)  seconds:15    -- 0.02 IPC (0.02 IPC) --  N/A  KHz (0.03 KHz) 
**Core 07 Thread 27 Finished:   insts:495         cycles:26514      (20759679)  seconds:15    -- 0.02 IPC (0.02 IPC) --  N/A  KHz (0.03 KHz) 
**Core 12 Thread 01 Finished:   insts:495         cycles:26515      (20760462)  seconds:15    -- 0.02 IPC (0.02 IPC) --  N/A  KHz (0.03 KHz) 
**Core 02 Thread 08 Finished:   insts:495         cycles:26523      (20766726)  seconds:17    -- 0.02 IPC (0.02 IPC) --  N/A  KHz (0.03 KHz) 
**Core 08 Thread 26 Finished:   insts:495         cycles:26524      (20767509)  seconds:16    -- 0.02 IPC (0.02 IPC) --  N/A  KHz (0.03 KHz) 
**Core 00 Thread 21 Finished:   insts:495         cycles:26533      (20774556)  seconds:17    -- 0.02 IPC (0.02 IPC) --  N/A  KHz (0.03 KHz) 
**Core 14 Thread 12 Finished:   insts:495         cycles:26534      (20775339)  seconds:16    -- 0.02 IPC (0.02 IPC) --  N/A  KHz (0.03 KHz) 
**Core 03 Thread 27 Finished:   insts:495         cycles:26542      (20781603)  seconds:17    -- 0.02 IPC (0.02 IPC) --  N/A  KHz (0.03 KHz) 
**Core 08 Thread 08 Finished:   insts:495         cycles:26543      (20782386)  seconds:16    -- 0.02 IPC (0.02 IPC) --  N/A  KHz (0.03 KHz) 
**Core 06 Thread 31 Finished:   insts:495         cycles:26551      (20788650)  seconds:16    -- 0.02 IPC (0.02 IPC) --  N/A  KHz (0.03 KHz) 
**Core 12 Thread 19 Finished:   insts:495         cycles:26553      (20790216)  seconds:16    -- 0.02 IPC (0.02 IPC) --  N/A  KHz (0.03 KHz) 
**Core 07 Thread 20 Finished:   insts:495         cycles:26561      (20796480)  seconds:16    -- 0.02 IPC (0.02 IPC) --  N/A  KHz (0.03 KHz) 
**Core 12 Thread 26 Finished:   insts:495         cycles:26562      (20797263)  seconds:16    -- 0.02 IPC (0.02 IPC) --  N/A  KHz (0.03 KHz) 
**Core 05 Thread 02 Finished:   insts:495         cycles:26571      (20804310)  seconds:17    -- 0.02 IPC (0.02 IPC) --  N/A  KHz (0.03 KHz) 
**Core 15 Thread 06 Finished:   insts:495         cycles:26572      (20805093)  seconds:16    -- 0.02 IPC (0.02 IPC) --  N/A  KHz (0.03 KHz) 
**Core 01 Thread 30 Finished:   insts:495         cycles:26580      (20811357)  seconds:17    -- 0.02 IPC (0.02 IPC) --  N/A  KHz (0.03 KHz) 
**Core 13 Thread 23 Finished:   insts:495         cycles:26581      (20812140)  seconds:16    -- 0.02 IPC (0.02 IPC) --  N/A  KHz (0.03 KHz) 
**Core 05 Thread 08 Finished:   insts:495         cycles:26589      (20818404)  seconds:17    -- 0.02 IPC (0.02 IPC) --  N/A  KHz (0.03 KHz) 
**Core 11 Thread 31 Finished:   insts:495         cycles:26591      (20819970)  seconds:16    -- 0.02 IPC (0.02 IPC) --  N/A  KHz (0.03 KHz) 
**Core 04 Thread 23 Finished:   insts:495         cycles:26599      (20826234)  seconds:17    -- 0.02 IPC (0.02 IPC) --  N/A  KHz (0.03 KHz) 
**Core 08 Thread 11 Finished:   insts:495         cycles:26600      (20827017)  seconds:16    -- 0.02 IPC (0.02 IPC) --  N/A  KHz (0.03 KHz) 
**Core 04 Thread 12 Finished:   insts:495         cycles:26608      (20833281)  seconds:17    -- 0.02 IPC (0.02 IPC) --  N/A  KHz (0.03 KHz) 
**Core 13 Thread 30 Finished:   insts:495         cycles:26610      (20834847)  seconds:16    -- 0.02 IPC (0.02 IPC) --  N/A  KHz (0.03 KHz) 
**Core 02 Thread 12 Finished:   insts:495         cycles:26618      (20841111)  seconds:17    -- 0.02 IPC (0.02 IPC) --  N/A  KHz (0.03 KHz) 
**Core 14 Thread 16 Finished:   insts:495         cycles:26619      (20841894)  seconds:16    -- 0.02 IPC (0.02 IPC) --  N/A  KHz (0.03 KHz) 
**Core 04 Thread 14 Finished:   insts:495         cycles:26628      (20848941)  seconds:17    -- 0.02 IPC (0.02 IPC) --  N/A  KHz (0.03 KHz) 
**Core 10 Thread 16 Finished:   insts:495         cycles:26629      (20849724)  seconds:16    -- 0.02 IPC (0.02 IPC) --  N/A  KHz (0.03 KHz) 
**Core 02 Thread 16 Finished:   insts:495         cycles:26637      (20855988)  seconds:17    -- 0.02 IPC (0.02 IPC) --  N/A  KHz (0.03 KHz) 
**Core 02 Core_Total  Finished:   insts:15842       cycles:26637      (20855988) seconds:17    -- 0.59 IPC (0.59 IPC) --  N/A  KHz (0.93 KHz)
**Core 10 Thread 19 Finished:   insts:495         cycles:26638      (20856771)  seconds:16    -- 0.02 IPC (0.02 IPC) --  N/A  KHz (0.03 KHz) 
**Core 11 Thread 03 Finished:   insts:495         cycles:26646      (20863035)  seconds:16    -- 0.02 IPC (0.02 IPC) --  N/A  KHz (0.03 KHz) 
**Core 08 Thread 24 Finished:   insts:495         cycles:26647      (20863818)  seconds:16    -- 0.02 IPC (0.02 IPC) --  N/A  KHz (0.03 KHz) 
**Core 00 Thread 18 Finished:   insts:495         cycles:26656      (20870865)  seconds:17    -- 0.02 IPC (0.02 IPC) --  N/A  KHz (0.03 KHz) 
**Core 12 Thread 02 Finished:   insts:495         cycles:26657      (20871648)  seconds:16    -- 0.02 IPC (0.02 IPC) --  N/A  KHz (0.03 KHz) 
**Core 07 Thread 26 Finished:   insts:495         cycles:26666      (20878695)  seconds:16    -- 0.02 IPC (0.02 IPC) --  N/A  KHz (0.03 KHz) 
**Core 08 Thread 27 Finished:   insts:495         cycles:26667      (20879478)  seconds:16    -- 0.02 IPC (0.02 IPC) --  N/A  KHz (0.03 KHz) 
**Core 01 Thread 06 Finished:   insts:495         cycles:26675      (20885742)  seconds:17    -- 0.02 IPC (0.02 IPC) --  N/A  KHz (0.03 KHz) 
**Core 15 Thread 09 Finished:   insts:495         cycles:26676      (20886525)  seconds:16    -- 0.02 IPC (0.02 IPC) --  N/A  KHz (0.03 KHz) 
**Core 00 Thread 22 Finished:   insts:495         cycles:26684      (20892789)  seconds:17    -- 0.02 IPC (0.02 IPC) --  N/A  KHz (0.03 KHz) 
**Core 09 Thread 06 Finished:   insts:495         cycles:26685      (20893572)  seconds:16    -- 0.02 IPC (0.02 IPC) --  N/A  KHz (0.03 KHz) 
**Core 03 Thread 28 Finished:   insts:495         cycles:26694      (20900619)  seconds:17    -- 0.02 IPC (0.02 IPC) --  N/A  KHz (0.03 KHz) 
**Core 14 Thread 18 Finished:   insts:495         cycles:26695      (20901402)  seconds:16    -- 0.02 IPC (0.02 IPC) --  N/A  KHz (0.03 KHz) 
**Core 05 Thread 30 Finished:   insts:495         cycles:26703      (20907666)  seconds:17    -- 0.02 IPC (0.02 IPC) --  N/A  KHz (0.03 KHz) 
**Core 12 Thread 27 Finished:   insts:495         cycles:26704      (20908449)  seconds:16    -- 0.02 IPC (0.02 IPC) --  N/A  KHz (0.03 KHz) 
**Core 04 Thread 18 Finished:   insts:495         cycles:26713      (20915496)  seconds:17    -- 0.02 IPC (0.02 IPC) --  N/A  KHz (0.03 KHz) 
**Core 15 Thread 08 Finished:   insts:495         cycles:26714      (20916279)  seconds:16    -- 0.02 IPC (0.02 IPC) --  N/A  KHz (0.03 KHz) 
**Core 05 Thread 04 Finished:   insts:495         cycles:26722      (20922543)  seconds:17    -- 0.02 IPC (0.02 IPC) --  N/A  KHz (0.03 KHz) 
**Core 13 Thread 24 Finished:   insts:495         cycles:26724      (20924109)  seconds:16    -- 0.02 IPC (0.02 IPC) --  N/A  KHz (0.03 KHz) 
**Core 01 Thread 29 Finished:   insts:495         cycles:26732      (20930373)  seconds:17    -- 0.02 IPC (0.02 IPC) --  N/A  KHz (0.03 KHz) 
**Core 11 Thread 30 Finished:   insts:495         cycles:26733      (20931156)  seconds:16    -- 0.02 IPC (0.02 IPC) --  N/A  KHz (0.03 KHz) 
**Core 05 Thread 05 Finished:   insts:495         cycles:26741      (20937420)  seconds:17    -- 0.02 IPC (0.02 IPC) --  N/A  KHz (0.03 KHz) 
**Core 08 Thread 12 Finished:   insts:495         cycles:26742      (20938203)  seconds:16    -- 0.02 IPC (0.02 IPC) --  N/A  KHz (0.03 KHz) 
**Core 04 Thread 24 Finished:   insts:495         cycles:26751      (20945250)  seconds:17    -- 0.02 IPC (0.02 IPC) --  N/A  KHz (0.03 KHz) 
**Core 13 Thread 29 Finished:   insts:495         cycles:26752      (20946033)  seconds:16    -- 0.02 IPC (0.02 IPC) --  N/A  KHz (0.03 KHz) 
**Core 06 Thread 09 Finished:   insts:495         cycles:26760      (20952297)  seconds:16    -- 0.02 IPC (0.02 IPC) --  N/A  KHz (0.03 KHz) 
**Core 12 Thread 13 Finished:   insts:495         cycles:26762      (20953863)  seconds:16    -- 0.02 IPC (0.02 IPC) --  N/A  KHz (0.03 KHz) 
**Core 00 Thread 09 Finished:   insts:495         cycles:26770      (20960127)  seconds:17    -- 0.02 IPC (0.02 IPC) --  N/A  KHz (0.03 KHz) 
**Core 08 Thread 14 Finished:   insts:495         cycles:26771      (20960910)  seconds:16    -- 0.02 IPC (0.02 IPC) --  N/A  KHz (0.03 KHz) 
**Core 04 Thread 15 Finished:   insts:495         cycles:26779      (20967174)  seconds:17    -- 0.02 IPC (0.02 IPC) --  N/A  KHz (0.03 KHz) 
**Core 08 Thread 19 Finished:   insts:495         cycles:26780      (20967957)  seconds:16    -- 0.02 IPC (0.02 IPC) --  N/A  KHz (0.03 KHz) 
**Core 00 Thread 13 Finished:   insts:495         cycles:26789      (20975004)  seconds:17    -- 0.02 IPC (0.02 IPC) --  N/A  KHz (0.03 KHz) 
**Core 09 Thread 21 Finished:   insts:495         cycles:26790      (20975787)  seconds:16    -- 0.02 IPC (0.02 IPC) --  N/A  KHz (0.03 KHz) 
**Core 09 Thread 03 Finished:   insts:495         cycles:26798      (20982051)  seconds:16    -- 0.02 IPC (0.02 IPC) --  N/A  KHz (0.03 KHz) 
**Core 12 Thread 03 Finished:   insts:495         cycles:26799      (20982834)  seconds:16    -- 0.02 IPC (0.02 IPC) --  N/A  KHz (0.03 KHz) 
**Core 00 Thread 19 Finished:   insts:495         cycles:26807      (20989098)  seconds:17    -- 0.02 IPC (0.02 IPC) --  N/A  KHz (0.03 KHz) 
**Core 08 Thread 28 Finished:   insts:495         cycles:26809      (20990664)  seconds:16    -- 0.02 IPC (0.02 IPC) --  N/A  KHz (0.03 KHz) 
**Core 07 Thread 28 Finished:   insts:495         cycles:26817      (20996928)  seconds:16    -- 0.02 IPC (0.02 IPC) --  N/A  KHz (0.03 KHz) 
**Core 15 Thread 11 Finished:   insts:495         cycles:26818      (20997711)  seconds:16    -- 0.02 IPC (0.02 IPC) --  N/A  KHz (0.03 KHz) 
**Core 01 Thread 05 Finished:   insts:495         cycles:26827      (21004758)  seconds:17    -- 0.02 IPC (0.02 IPC) --  N/A  KHz (0.03 KHz) 
**Core 09 Thread 08 Finished:   insts:495         cycles:26828      (21005541)  seconds:16    -- 0.02 IPC (0.02 IPC) --  N/A  KHz (0.03 KHz) 
**Core 00 Thread 23 Finished:   insts:495         cycles:26836      (21011805)  seconds:17    -- 0.02 IPC (0.02 IPC) --  N/A  KHz (0.03 KHz) 
**Core 14 Thread 19 Finished:   insts:495         cycles:26837      (21012588)  seconds:16    -- 0.02 IPC (0.02 IPC) --  N/A  KHz (0.03 KHz) 
**Core 00 Thread 25 Finished:   insts:495         cycles:26845      (21018852)  seconds:17    -- 0.02 IPC (0.02 IPC) --  N/A  KHz (0.03 KHz) 
**Core 12 Thread 28 Finished:   insts:495         cycles:26847      (21020418)  seconds:16    -- 0.02 IPC (0.02 IPC) --  N/A  KHz (0.03 KHz) 
**Core 05 Thread 29 Finished:   insts:495         cycles:26855      (21026682)  seconds:17    -- 0.02 IPC (0.02 IPC) --  N/A  KHz (0.03 KHz) 
**Core 12 Thread 05 Finished:   insts:495         cycles:26856      (21027465)  seconds:16    -- 0.02 IPC (0.02 IPC) --  N/A  KHz (0.03 KHz) 
**Core 04 Thread 19 Finished:   insts:495         cycles:26864      (21033729)  seconds:17    -- 0.02 IPC (0.02 IPC) --  N/A  KHz (0.03 KHz) 
**Core 14 Thread 21 Finished:   insts:495         cycles:26866      (21035295)  seconds:16    -- 0.02 IPC (0.02 IPC) --  N/A  KHz (0.03 KHz) 
**Core 05 Thread 01 Finished:   insts:495         cycles:26874      (21041559)  seconds:17    -- 0.02 IPC (0.02 IPC) --  N/A  KHz (0.03 KHz) 
**Core 12 Thread 00 Finished:   insts:497         cycles:26875      (21042342)  seconds:16    -- 0.02 IPC (0.02 IPC) --  N/A  KHz (0.03 KHz) 
**Core 01 Thread 31 Finished:   insts:495         cycles:26884      (21049389)  seconds:17    -- 0.02 IPC (0.02 IPC) --  N/A  KHz (0.03 KHz) 
**Core 09 Thread 09 Finished:   insts:495         cycles:26885      (21050172)  seconds:16    -- 0.02 IPC (0.02 IPC) --  N/A  KHz (0.03 KHz) 
**Core 06 Thread 07 Finished:   insts:495         cycles:26893      (21056436)  seconds:16    -- 0.02 IPC (0.02 IPC) --  N/A  KHz (0.03 KHz) 
**Core 13 Thread 31 Finished:   insts:495         cycles:26894      (21057219)  seconds:16    -- 0.02 IPC (0.02 IPC) --  N/A  KHz (0.03 KHz) 
**Core 05 Thread 22 Finished:   insts:495         cycles:26902      (21063483)  seconds:17    -- 0.02 IPC (0.02 IPC) --  N/A  KHz (0.03 KHz) 
**Core 12 Thread 14 Finished:   insts:495         cycles:26903      (21064266)  seconds:16    -- 0.02 IPC (0.02 IPC) --  N/A  KHz (0.03 KHz) 
**Core 05 Thread 10 Finished:   insts:495         cycles:26912      (21071313)  seconds:17    -- 0.02 IPC (0.02 IPC) --  N/A  KHz (0.03 KHz) 
**Core 08 Thread 15 Finished:   insts:495         cycles:26913      (21072096)  seconds:16    -- 0.02 IPC (0.02 IPC) --  N/A  KHz (0.03 KHz) 
**Core 00 Thread 10 Finished:   insts:495         cycles:26922      (21079143)  seconds:17    -- 0.02 IPC (0.02 IPC) --  N/A  KHz (0.03 KHz) 
**Core 08 Thread 20 Finished:   insts:495         cycles:26923      (21079926)  seconds:16    -- 0.02 IPC (0.02 IPC) --  N/A  KHz (0.03 KHz) 
**Core 04 Thread 16 Finished:   insts:495         cycles:26931      (21086190)  seconds:17    -- 0.02 IPC (0.02 IPC) --  N/A  KHz (0.03 KHz) 
**Core 09 Thread 22 Finished:   insts:495         cycles:26932      (21086973)  seconds:16    -- 0.02 IPC (0.02 IPC) --  N/A  KHz (0.03 KHz) 
**Core 00 Thread 14 Finished:   insts:495         cycles:26940      (21093237)  seconds:17    -- 0.02 IPC (0.02 IPC) --  N/A  KHz (0.03 KHz) 
**Core 12 Thread 04 Finished:   insts:495         cycles:26941      (21094020)  seconds:16    -- 0.02 IPC (0.02 IPC) --  N/A  KHz (0.03 KHz) 
**Core 11 Thread 02 Finished:   insts:495         cycles:26950      (21101067)  seconds:16    -- 0.02 IPC (0.02 IPC) --  N/A  KHz (0.03 KHz) 
**Core 09 Thread 25 Finished:   insts:495         cycles:26951      (21101850)  seconds:16    -- 0.02 IPC (0.02 IPC) --  N/A  KHz (0.03 KHz) 
**Core 00 Thread 20 Finished:   insts:495         cycles:26959      (21108114)  seconds:17    -- 0.02 IPC (0.02 IPC) --  N/A  KHz (0.03 KHz) 
**Core 15 Thread 10 Finished:   insts:495         cycles:26960      (21108897)  seconds:16    -- 0.02 IPC (0.02 IPC) --  N/A  KHz (0.03 KHz) 
**Core 05 Thread 28 Finished:   insts:495         cycles:26969      (21115944)  seconds:17    -- 0.02 IPC (0.02 IPC) --  N/A  KHz (0.03 KHz) 
**Core 09 Thread 07 Finished:   insts:495         cycles:26970      (21116727)  seconds:16    -- 0.02 IPC (0.02 IPC) --  N/A  KHz (0.03 KHz) 
**Core 01 Thread 08 Finished:   insts:495         cycles:26978      (21122991)  seconds:17    -- 0.02 IPC (0.02 IPC) --  N/A  KHz (0.03 KHz) 
**Core 12 Thread 20 Finished:   insts:495         cycles:26980      (21124557)  seconds:16    -- 0.02 IPC (0.02 IPC) --  N/A  KHz (0.03 KHz) 
**Core 00 Thread 24 Finished:   insts:495         cycles:26988      (21130821)  seconds:17    -- 0.02 IPC (0.02 IPC) --  N/A  KHz (0.03 KHz) 
**Core 13 Thread 26 Finished:   insts:495         cycles:26989      (21131604)  seconds:16    -- 0.02 IPC (0.02 IPC) --  N/A  KHz (0.03 KHz) 
**Core 00 Thread 26 Finished:   insts:495         cycles:26997      (21137868)  seconds:17    -- 0.02 IPC (0.02 IPC) --  N/A  KHz (0.03 KHz) 
**Core 12 Thread 06 Finished:   insts:495         cycles:26998      (21138651)  seconds:16    -- 0.02 IPC (0.02 IPC) --  N/A  KHz (0.03 KHz) 
**Core 05 Thread 31 Finished:   insts:495         cycles:27007      (21145698)  seconds:17    -- 0.02 IPC (0.02 IPC) --  N/A  KHz (0.03 KHz) 
**Core 14 Thread 22 Finished:   insts:495         cycles:27008      (21146481)  seconds:16    -- 0.02 IPC (0.02 IPC) --  N/A  KHz (0.03 KHz) 
**Core 04 Thread 20 Finished:   insts:495         cycles:27016      (21152745)  seconds:17    -- 0.02 IPC (0.02 IPC) --  N/A  KHz (0.03 KHz) 
**Core 08 Thread 29 Finished:   insts:495         cycles:27018      (21154311)  seconds:16    -- 0.02 IPC (0.02 IPC) --  N/A  KHz (0.03 KHz) 
**Core 05 Thread 03 Finished:   insts:495         cycles:27026      (21160575)  seconds:17    -- 0.02 IPC (0.02 IPC) --  N/A  KHz (0.03 KHz) 
**Core 09 Thread 10 Finished:   insts:495         cycles:27027      (21161358)  seconds:16    -- 0.02 IPC (0.02 IPC) --  N/A  KHz (0.03 KHz) 
**Core 00 Thread 29 Finished:   insts:495         cycles:27035      (21167622)  seconds:17    -- 0.02 IPC (0.02 IPC) --  N/A  KHz (0.03 KHz) 
**Core 12 Thread 15 Finished:   insts:495         cycles:27036      (21168405)  seconds:16    -- 0.02 IPC (0.02 IPC) --  N/A  KHz (0.03 KHz) 
**Core 04 Thread 05 Finished:   insts:495         cycles:27045      (21175452)  seconds:17    -- 0.02 IPC (0.02 IPC) --  N/A  KHz (0.03 KHz) 
**Core 08 Thread 16 Finished:   insts:495         cycles:27046      (21176235)  seconds:16    -- 0.02 IPC (0.02 IPC) --  N/A  KHz (0.03 KHz) 
**Core 07 Thread 21 Finished:   insts:495         cycles:27054      (21182499)  seconds:16    -- 0.02 IPC (0.02 IPC) --  N/A  KHz (0.03 KHz) 
**Core 09 Thread 17 Finished:   insts:495         cycles:27055      (21183282)  seconds:16    -- 0.02 IPC (0.02 IPC) --  N/A  KHz (0.03 KHz) 
**Core 05 Thread 12 Finished:   insts:495         cycles:27063      (21189546)  seconds:17    -- 0.02 IPC (0.02 IPC) --  N/A  KHz (0.03 KHz) 
**Core 09 Thread 24 Finished:   insts:495         cycles:27065      (21191112)  seconds:16    -- 0.02 IPC (0.02 IPC) --  N/A  KHz (0.03 KHz) 
**Core 00 Thread 11 Finished:   insts:495         cycles:27073      (21197376)  seconds:17    -- 0.02 IPC (0.02 IPC) --  N/A  KHz (0.03 KHz) 
**Core 13 Thread 02 Finished:   insts:495         cycles:27074      (21198159)  seconds:16    -- 0.02 IPC (0.02 IPC) --  N/A  KHz (0.03 KHz) 
**Core 05 Thread 14 Finished:   insts:495         cycles:27083      (21205206)  seconds:17    -- 0.02 IPC (0.02 IPC) --  N/A  KHz (0.03 KHz) 
**Core 09 Thread 26 Finished:   insts:495         cycles:27084      (21205989)  seconds:16    -- 0.02 IPC (0.02 IPC) --  N/A  KHz (0.03 KHz) 
**Core 00 Thread 15 Finished:   insts:495         cycles:27092      (21212253)  seconds:17    -- 0.02 IPC (0.02 IPC) --  N/A  KHz (0.03 KHz) 
**Core 12 Thread 09 Finished:   insts:495         cycles:27093      (21213036)  seconds:16    -- 0.02 IPC (0.02 IPC) --  N/A  KHz (0.03 KHz) 
**Core 11 Thread 04 Finished:   insts:495         cycles:27101      (21219300)  seconds:16    -- 0.02 IPC (0.02 IPC) --  N/A  KHz (0.03 KHz) 
**Core 11 Thread 05 Finished:   insts:495         cycles:27103      (21220866)  seconds:16    -- 0.02 IPC (0.02 IPC) --  N/A  KHz (0.03 KHz) 
**Core 01 Thread 18 Finished:   insts:495         cycles:27111      (21227130)  seconds:17    -- 0.02 IPC (0.02 IPC) --  N/A  KHz (0.03 KHz) 
**Core 13 Thread 20 Finished:   insts:495         cycles:27112      (21227913)  seconds:16    -- 0.02 IPC (0.02 IPC) --  N/A  KHz (0.03 KHz) 
**Core 05 Thread 27 Finished:   insts:495         cycles:27120      (21234177)  seconds:17    -- 0.02 IPC (0.02 IPC) --  N/A  KHz (0.03 KHz) 
**Core 13 Thread 25 Finished:   insts:495         cycles:27122      (21235743)  seconds:16    -- 0.02 IPC (0.02 IPC) --  N/A  KHz (0.03 KHz) 
**Core 01 Thread 07 Finished:   insts:495         cycles:27130      (21242007)  seconds:17    -- 0.02 IPC (0.02 IPC) --  N/A  KHz (0.03 KHz) 
**Core 12 Thread 07 Finished:   insts:495         cycles:27131      (21242790)  seconds:16    -- 0.02 IPC (0.02 IPC) --  N/A  KHz (0.03 KHz) 
**Core 01 Thread 22 Finished:   insts:495         cycles:27140      (21249837)  seconds:17    -- 0.02 IPC (0.02 IPC) --  N/A  KHz (0.03 KHz) 
**Core 14 Thread 23 Finished:   insts:495         cycles:27141      (21250620)  seconds:16    -- 0.02 IPC (0.02 IPC) --  N/A  KHz (0.03 KHz) 
**Core 00 Thread 27 Finished:   insts:495         cycles:27149      (21256884)  seconds:17    -- 0.02 IPC (0.02 IPC) --  N/A  KHz (0.03 KHz) 
**Core 08 Thread 30 Finished:   insts:495         cycles:27150      (21257667)  seconds:16    -- 0.02 IPC (0.02 IPC) --  N/A  KHz (0.03 KHz) 
**Core 04 Thread 29 Finished:   insts:495         cycles:27158      (21263931)  seconds:17    -- 0.02 IPC (0.02 IPC) --  N/A  KHz (0.03 KHz) 
**Core 09 Thread 12 Finished:   insts:495         cycles:27159      (21264714)  seconds:16    -- 0.02 IPC (0.02 IPC) --  N/A  KHz (0.03 KHz) 
**Core 05 Thread 18 Finished:   insts:495         cycles:27168      (21271761)  seconds:17    -- 0.02 IPC (0.02 IPC) --  N/A  KHz (0.03 KHz) 
**Core 12 Thread 16 Finished:   insts:495         cycles:27169      (21272544)  seconds:16    -- 0.02 IPC (0.02 IPC) --  N/A  KHz (0.03 KHz) 
**Core 06 Thread 04 Finished:   insts:495         cycles:27178      (21279591)  seconds:16    -- 0.02 IPC (0.02 IPC) --  N/A  KHz (0.03 KHz) 
**Core 09 Thread 13 Finished:   insts:495         cycles:27179      (21280374)  seconds:16    -- 0.02 IPC (0.02 IPC) --  N/A  KHz (0.03 KHz) 
**Core 00 Thread 30 Finished:   insts:495         cycles:27187      (21286638)  seconds:17    -- 0.02 IPC (0.02 IPC) --  N/A  KHz (0.03 KHz) 
**Core 09 Thread 18 Finished:   insts:495         cycles:27188      (21287421)  seconds:16    -- 0.02 IPC (0.02 IPC) --  N/A  KHz (0.03 KHz) 
**Core 04 Thread 06 Finished:   insts:495         cycles:27196      (21293685)  seconds:17    -- 0.02 IPC (0.02 IPC) --  N/A  KHz (0.03 KHz) 
**Core 09 Thread 23 Finished:   insts:495         cycles:27197      (21294468)  seconds:16    -- 0.02 IPC (0.02 IPC) --  N/A  KHz (0.03 KHz) 
**Core 05 Thread 24 Finished:   insts:495         cycles:27206      (21301515)  seconds:17    -- 0.02 IPC (0.02 IPC) --  N/A  KHz (0.03 KHz) 
**Core 13 Thread 01 Finished:   insts:495         cycles:27207      (21302298)  seconds:16    -- 0.02 IPC (0.02 IPC) --  N/A  KHz (0.03 KHz) 
**Core 05 Thread 09 Finished:   insts:495         cycles:27215      (21308562)  seconds:17    -- 0.02 IPC (0.02 IPC) --  N/A  KHz (0.03 KHz) 
**Core 09 Thread 28 Finished:   insts:495         cycles:27216      (21309345)  seconds:16    -- 0.02 IPC (0.02 IPC) --  N/A  KHz (0.03 KHz) 
**Core 00 Thread 12 Finished:   insts:495         cycles:27225      (21316392)  seconds:17    -- 0.02 IPC (0.02 IPC) --  N/A  KHz (0.03 KHz) 
**Core 12 Thread 10 Finished:   insts:495         cycles:27226      (21317175)  seconds:16    -- 0.02 IPC (0.02 IPC) --  N/A  KHz (0.03 KHz) 
**Core 05 Thread 16 Finished:   insts:495         cycles:27234      (21323439)  seconds:17    -- 0.02 IPC (0.02 IPC) --  N/A  KHz (0.03 KHz) 
**Core 11 Thread 07 Finished:   insts:495         cycles:27236      (21325005)  seconds:16    -- 0.02 IPC (0.02 IPC) --  N/A  KHz (0.03 KHz) 
**Core 00 Thread 16 Finished:   insts:495         cycles:27244      (21331269)  seconds:17    -- 0.02 IPC (0.02 IPC) --  N/A  KHz (0.03 KHz) 
**Core 14 Thread 20 Finished:   insts:495         cycles:27245      (21332052)  seconds:16    -- 0.02 IPC (0.02 IPC) --  N/A  KHz (0.03 KHz) 
**Core 08 Thread 01 Finished:   insts:495         cycles:27253      (21338316)  seconds:16    -- 0.02 IPC (0.02 IPC) --  N/A  KHz (0.03 KHz) 
**Core 13 Thread 27 Finished:   insts:495         cycles:27254      (21339099)  seconds:16    -- 0.02 IPC (0.02 IPC) --  N/A  KHz (0.03 KHz) 
**Core 01 Thread 17 Finished:   insts:495         cycles:27263      (21346146)  seconds:17    -- 0.02 IPC (0.02 IPC) --  N/A  KHz (0.03 KHz) 
**Core 12 Thread 08 Finished:   insts:495         cycles:27264      (21346929)  seconds:16    -- 0.02 IPC (0.02 IPC) --  N/A  KHz (0.03 KHz) 
**Core 04 Thread 25 Finished:   insts:495         cycles:27272      (21353193)  seconds:17    -- 0.02 IPC (0.02 IPC) --  N/A  KHz (0.03 KHz) 
**Core 14 Thread 24 Finished:   insts:495         cycles:27274      (21354759)  seconds:16    -- 0.02 IPC (0.02 IPC) --  N/A  KHz (0.03 KHz) 
**Core 14 Core_Total  Finished:   insts:15842       cycles:27274      (21354759) seconds:16    -- 0.58 IPC (0.58 IPC) --  N/A  KHz (0.99 KHz)
**Core 00 Thread 05 Finished:   insts:495         cycles:27282      (21361023)  seconds:17    -- 0.02 IPC (0.02 IPC) --  N/A  KHz (0.03 KHz) 
**Core 08 Thread 31 Finished:   insts:495         cycles:27283      (21361806)  seconds:16    -- 0.02 IPC (0.02 IPC) --  N/A  KHz (0.03 KHz) 
**Core 01 Thread 21 Finished:   insts:495         cycles:27291      (21368070)  seconds:17    -- 0.02 IPC (0.02 IPC) --  N/A  KHz (0.03 KHz) 
**Core 09 Thread 11 Finished:   insts:495         cycles:27292      (21368853)  seconds:16    -- 0.02 IPC (0.02 IPC) --  N/A  KHz (0.03 KHz) 
**Core 00 Thread 28 Finished:   insts:495         cycles:27301      (21375900)  seconds:17    -- 0.02 IPC (0.02 IPC) --  N/A  KHz (0.03 KHz) 
**Core 15 Thread 13 Finished:   insts:495         cycles:27302      (21376683)  seconds:16    -- 0.02 IPC (0.02 IPC) --  N/A  KHz (0.03 KHz) 
**Core 04 Thread 30 Finished:   insts:495         cycles:27310      (21382947)  seconds:17    -- 0.02 IPC (0.02 IPC) --  N/A  KHz (0.03 KHz) 
**Core 09 Thread 14 Finished:   insts:495         cycles:27311      (21383730)  seconds:16    -- 0.02 IPC (0.02 IPC) --  N/A  KHz (0.03 KHz) 
**Core 05 Thread 20 Finished:   insts:495         cycles:27319      (21389994)  seconds:17    -- 0.02 IPC (0.02 IPC) --  N/A  KHz (0.03 KHz) 
**Core 09 Thread 20 Finished:   insts:495         cycles:27321      (21391560)  seconds:16    -- 0.02 IPC (0.02 IPC) --  N/A  KHz (0.03 KHz) 
**Core 04 Thread 01 Finished:   insts:495         cycles:27329      (21397824)  seconds:17    -- 0.02 IPC (0.02 IPC) --  N/A  KHz (0.03 KHz) 
**Core 10 Thread 22 Finished:   insts:495         cycles:27330      (21398607)  seconds:16    -- 0.02 IPC (0.02 IPC) --  N/A  KHz (0.03 KHz) 
**Core 00 Thread 31 Finished:   insts:495         cycles:27339      (21405654)  seconds:17    -- 0.02 IPC (0.02 IPC) --  N/A  KHz (0.03 KHz) 
**Core 13 Thread 03 Finished:   insts:495         cycles:27340      (21406437)  seconds:16    -- 0.02 IPC (0.02 IPC) --  N/A  KHz (0.03 KHz) 
**Core 04 Thread 07 Finished:   insts:495         cycles:27348      (21412701)  seconds:17    -- 0.02 IPC (0.02 IPC) --  N/A  KHz (0.03 KHz) 
**Core 09 Thread 27 Finished:   insts:495         cycles:27349      (21413484)  seconds:16    -- 0.02 IPC (0.02 IPC) --  N/A  KHz (0.03 KHz) 
**Core 05 Thread 21 Finished:   insts:495         cycles:27357      (21419748)  seconds:17    -- 0.02 IPC (0.02 IPC) --  N/A  KHz (0.03 KHz) 
**Core 12 Thread 11 Finished:   insts:495         cycles:27359      (21421314)  seconds:16    -- 0.02 IPC (0.02 IPC) --  N/A  KHz (0.03 KHz) 
**Core 05 Thread 11 Finished:   insts:495         cycles:27367      (21427578)  seconds:17    -- 0.02 IPC (0.02 IPC) --  N/A  KHz (0.03 KHz) 
**Core 11 Thread 06 Finished:   insts:495         cycles:27368      (21428361)  seconds:16    -- 0.02 IPC (0.02 IPC) --  N/A  KHz (0.03 KHz) 
**Core 01 Thread 10 Finished:   insts:495         cycles:27376      (21434625)  seconds:17    -- 0.02 IPC (0.02 IPC) --  N/A  KHz (0.03 KHz) 
**Core 15 Thread 17 Finished:   insts:495         cycles:27378      (21436191)  seconds:16    -- 0.02 IPC (0.02 IPC) --  N/A  KHz (0.03 KHz) 
**Core 05 Thread 13 Finished:   insts:495         cycles:27386      (21442455)  seconds:17    -- 0.02 IPC (0.02 IPC) --  N/A  KHz (0.03 KHz) 
**Core 13 Thread 28 Finished:   insts:495         cycles:27387      (21443238)  seconds:16    -- 0.02 IPC (0.02 IPC) --  N/A  KHz (0.03 KHz) 
**Core 01 Thread 14 Finished:   insts:495         cycles:27396      (21450285)  seconds:17    -- 0.02 IPC (0.02 IPC) --  N/A  KHz (0.03 KHz) 
**Core 13 Thread 06 Finished:   insts:495         cycles:27397      (21451068)  seconds:16    -- 0.02 IPC (0.02 IPC) --  N/A  KHz (0.03 KHz) 
**Core 08 Thread 02 Finished:   insts:495         cycles:27405      (21457332)  seconds:16    -- 0.02 IPC (0.02 IPC) --  N/A  KHz (0.03 KHz) 
**Core 15 Thread 21 Finished:   insts:495         cycles:27406      (21458115)  seconds:16    -- 0.02 IPC (0.02 IPC) --  N/A  KHz (0.03 KHz) 
**Core 01 Thread 20 Finished:   insts:495         cycles:27414      (21464379)  seconds:17    -- 0.02 IPC (0.02 IPC) --  N/A  KHz (0.03 KHz) 
**Core 15 Thread 00 Finished:   insts:497         cycles:27415      (21465162)  seconds:16    -- 0.02 IPC (0.02 IPC) --  N/A  KHz (0.03 KHz) 
**Core 04 Thread 26 Finished:   insts:495         cycles:27424      (21472209)  seconds:17    -- 0.02 IPC (0.02 IPC) --  N/A  KHz (0.03 KHz) 
**Core 11 Thread 09 Finished:   insts:495         cycles:27425      (21472992)  seconds:16    -- 0.02 IPC (0.02 IPC) --  N/A  KHz (0.03 KHz) 
**Core 00 Thread 06 Finished:   insts:495         cycles:27434      (21480039)  seconds:17    -- 0.02 IPC (0.02 IPC) --  N/A  KHz (0.03 KHz) 
**Core 15 Thread 15 Finished:   insts:495         cycles:27435      (21480822)  seconds:16    -- 0.02 IPC (0.02 IPC) --  N/A  KHz (0.03 KHz) 
**Core 01 Thread 24 Finished:   insts:495         cycles:27443      (21487086)  seconds:17    -- 0.02 IPC (0.02 IPC) --  N/A  KHz (0.03 KHz) 
**Core 09 Thread 16 Finished:   insts:495         cycles:27444      (21487869)  seconds:16    -- 0.02 IPC (0.02 IPC) --  N/A  KHz (0.03 KHz) 
**Core 01 Thread 26 Finished:   insts:495         cycles:27452      (21494133)  seconds:17    -- 0.02 IPC (0.02 IPC) --  N/A  KHz (0.03 KHz) 
**Core 09 Thread 19 Finished:   insts:495         cycles:27453      (21494916)  seconds:16    -- 0.02 IPC (0.02 IPC) --  N/A  KHz (0.03 KHz) 
**Core 04 Thread 31 Finished:   insts:495         cycles:27462      (21501963)  seconds:17    -- 0.02 IPC (0.02 IPC) --  N/A  KHz (0.03 KHz) 
**Core 10 Thread 23 Finished:   insts:495         cycles:27463      (21502746)  seconds:16    -- 0.02 IPC (0.02 IPC) --  N/A  KHz (0.03 KHz) 
**Core 05 Thread 17 Finished:   insts:495         cycles:27471      (21509010)  seconds:17    -- 0.02 IPC (0.02 IPC) --  N/A  KHz (0.03 KHz) 
**Core 13 Thread 04 Finished:   insts:495         cycles:27472      (21509793)  seconds:16    -- 0.02 IPC (0.02 IPC) --  N/A  KHz (0.03 KHz) 
**Core 04 Thread 02 Finished:   insts:495         cycles:27481      (21516840)  seconds:17    -- 0.02 IPC (0.02 IPC) --  N/A  KHz (0.03 KHz) 
**Core 12 Thread 12 Finished:   insts:495         cycles:27482      (21517623)  seconds:16    -- 0.02 IPC (0.02 IPC) --  N/A  KHz (0.03 KHz) 
**Core 12 Core_Total  Finished:   insts:15842       cycles:27482      (21517623) seconds:16    -- 0.58 IPC (0.58 IPC) --  N/A  KHz (0.99 KHz)
**Core 04 Thread 00 Finished:   insts:497         cycles:27490      (21523887)  seconds:17    -- 0.02 IPC (0.02 IPC) --  N/A  KHz (0.03 KHz) 
**Core 11 Thread 08 Finished:   insts:495         cycles:27492      (21525453)  seconds:16    -- 0.02 IPC (0.02 IPC) --  N/A  KHz (0.03 KHz) 
**Core 04 Thread 08 Finished:   insts:495         cycles:27500      (21531717)  seconds:17    -- 0.02 IPC (0.02 IPC) --  N/A  KHz (0.03 KHz) 
**Core 15 Thread 19 Finished:   insts:495         cycles:27501      (21532500)  seconds:16    -- 0.02 IPC (0.02 IPC) --  N/A  KHz (0.03 KHz) 
**Core 05 Thread 23 Finished:   insts:495         cycles:27509      (21538764)  seconds:17    -- 0.02 IPC (0.02 IPC) --  N/A  KHz (0.03 KHz) 
**Core 13 Thread 05 Finished:   insts:495         cycles:27510      (21539547)  seconds:16    -- 0.02 IPC (0.02 IPC) --  N/A  KHz (0.03 KHz) 
**Core 13 Core_Total  Finished:   insts:15842       cycles:27510      (21539547) seconds:16    -- 0.58 IPC (0.58 IPC) --  N/A  KHz (0.99 KHz)
**Core 06 Thread 10 Finished:   insts:495         cycles:27519      (21546594)  seconds:16    -- 0.02 IPC (0.02 IPC) --  N/A  KHz (0.03 KHz) 
**Core 15 Thread 22 Finished:   insts:495         cycles:27520      (21547377)  seconds:16    -- 0.02 IPC (0.02 IPC) --  N/A  KHz (0.03 KHz) 
**Core 01 Thread 09 Finished:   insts:495         cycles:27528      (21553641)  seconds:17    -- 0.02 IPC (0.02 IPC) --  N/A  KHz (0.03 KHz) 
**Core 11 Thread 10 Finished:   insts:495         cycles:27530      (21555207)  seconds:16    -- 0.02 IPC (0.02 IPC) --  N/A  KHz (0.03 KHz) 
**Core 05 Thread 15 Finished:   insts:495         cycles:27538      (21561471)  seconds:17    -- 0.02 IPC (0.02 IPC) --  N/A  KHz (0.03 KHz) 
**Core 15 Thread 14 Finished:   insts:495         cycles:27539      (21562254)  seconds:16    -- 0.02 IPC (0.02 IPC) --  N/A  KHz (0.03 KHz) 
**Core 01 Thread 13 Finished:   insts:495         cycles:27547      (21568518)  seconds:17    -- 0.02 IPC (0.02 IPC) --  N/A  KHz (0.03 KHz) 
**Core 09 Thread 15 Finished:   insts:495         cycles:27548      (21569301)  seconds:16    -- 0.02 IPC (0.02 IPC) --  N/A  KHz (0.03 KHz) 
**Core 09 Core_Total  Finished:   insts:15842       cycles:27548      (21569301) seconds:16    -- 0.58 IPC (0.58 IPC) --  N/A  KHz (0.99 KHz)
**Core 08 Thread 03 Finished:   insts:495         cycles:27557      (21576348)  seconds:16    -- 0.02 IPC (0.02 IPC) --  N/A  KHz (0.03 KHz) 
**Core 10 Thread 20 Finished:   insts:495         cycles:27558      (21577131)  seconds:16    -- 0.02 IPC (0.02 IPC) --  N/A  KHz (0.03 KHz) 
**Core 01 Thread 19 Finished:   insts:495         cycles:27566      (21583395)  seconds:17    -- 0.02 IPC (0.02 IPC) --  N/A  KHz (0.03 KHz) 
**Core 10 Thread 24 Finished:   insts:495         cycles:27567      (21584178)  seconds:16    -- 0.02 IPC (0.02 IPC) --  N/A  KHz (0.03 KHz) 
**Core 10 Core_Total  Finished:   insts:15842       cycles:27567      (21584178) seconds:16    -- 0.57 IPC (0.57 IPC) --  N/A  KHz (0.99 KHz)
**Core 04 Thread 27 Finished:   insts:495         cycles:27575      (21590442)  seconds:17    -- 0.02 IPC (0.02 IPC) --  N/A  KHz (0.03 KHz) 
**Core 15 Thread 12 Finished:   insts:495         cycles:27577      (21592008)  seconds:16    -- 0.02 IPC (0.02 IPC) --  N/A  KHz (0.03 KHz) 
**Core 00 Thread 07 Finished:   insts:495         cycles:27585      (21598272)  seconds:17    -- 0.02 IPC (0.02 IPC) --  N/A  KHz (0.03 KHz) 
**Core 15 Thread 18 Finished:   insts:495         cycles:27586      (21599055)  seconds:16    -- 0.02 IPC (0.02 IPC) --  N/A  KHz (0.03 KHz) 
**Core 01 Thread 23 Finished:   insts:495         cycles:27595      (21606102)  seconds:17    -- 0.02 IPC (0.02 IPC) --  N/A  KHz (0.03 KHz) 
**Core 15 Thread 16 Finished:   insts:495         cycles:27596      (21606885)  seconds:16    -- 0.02 IPC (0.02 IPC) --  N/A  KHz (0.03 KHz) 
**Core 01 Thread 25 Finished:   insts:495         cycles:27604      (21613149)  seconds:17    -- 0.02 IPC (0.02 IPC) --  N/A  KHz (0.03 KHz) 
**Core 15 Thread 20 Finished:   insts:495         cycles:27605      (21613932)  seconds:16    -- 0.02 IPC (0.02 IPC) --  N/A  KHz (0.03 KHz) 
**Core 15 Core_Total  Finished:   insts:15842       cycles:27605      (21613932) seconds:16    -- 0.57 IPC (0.57 IPC) --  N/A  KHz (0.99 KHz)
**Core 08 Thread 00 Finished:   insts:497         cycles:27613      (21620196)  seconds:16    -- 0.02 IPC (0.02 IPC) --  N/A  KHz (0.03 KHz) 
**Core 05 Thread 19 Finished:   insts:495         cycles:27623      (21628026)  seconds:17    -- 0.02 IPC (0.02 IPC) --  N/A  KHz (0.03 KHz) 
**Core 04 Thread 03 Finished:   insts:495         cycles:27632      (21635073)  seconds:17    -- 0.02 IPC (0.02 IPC) --  N/A  KHz (0.03 KHz) 
**Core 07 Thread 00 Finished:   insts:497         cycles:27642      (21642903)  seconds:16    -- 0.02 IPC (0.02 IPC) --  N/A  KHz (0.03 KHz) 
**Core 05 Thread 07 Finished:   insts:495         cycles:27652      (21650733)  seconds:17    -- 0.02 IPC (0.02 IPC) --  N/A  KHz (0.03 KHz) 
**Core 05 Core_Total  Finished:   insts:15842       cycles:27652      (21650733) seconds:17    -- 0.57 IPC (0.57 IPC) --  N/A  KHz (0.93 KHz)
**Core 07 Thread 22 Finished:   insts:495         cycles:27661      (21657780)  seconds:16    -- 0.02 IPC (0.02 IPC) --  N/A  KHz (0.03 KHz) 
**Core 07 Core_Total  Finished:   insts:15842       cycles:27661      (21657780) seconds:16    -- 0.57 IPC (0.57 IPC) --  N/A  KHz (0.99 KHz)
**Core 06 Thread 11 Finished:   insts:495         cycles:27670      (21664827)  seconds:16    -- 0.02 IPC (0.02 IPC) --  N/A  KHz (0.03 KHz) 
**Core 01 Thread 12 Finished:   insts:495         cycles:27680      (21672657)  seconds:17    -- 0.02 IPC (0.02 IPC) --  N/A  KHz (0.03 KHz) 
**Core 01 Thread 16 Finished:   insts:495         cycles:27690      (21680487)  seconds:17    -- 0.02 IPC (0.02 IPC) --  N/A  KHz (0.03 KHz) 
**Core 08 Thread 04 Finished:   insts:495         cycles:27699      (21687534)  seconds:16    -- 0.02 IPC (0.02 IPC) --  N/A  KHz (0.03 KHz) 
**Core 08 Core_Total  Finished:   insts:15842       cycles:27699      (21687534) seconds:16    -- 0.57 IPC (0.57 IPC) --  N/A  KHz (0.99 KHz)
**Core 03 Thread 19 Finished:   insts:495         cycles:27708      (21694581)  seconds:17    -- 0.02 IPC (0.02 IPC) --  N/A  KHz (0.03 KHz) 
**Core 04 Thread 28 Finished:   insts:495         cycles:27718      (21702411)  seconds:17    -- 0.02 IPC (0.02 IPC) --  N/A  KHz (0.03 KHz) 
**Core 00 Thread 08 Finished:   insts:495         cycles:27727      (21709458)  seconds:17    -- 0.02 IPC (0.02 IPC) --  N/A  KHz (0.03 KHz) 
**Core 00 Core_Total  Finished:   insts:15842       cycles:27727      (21709458) seconds:17    -- 0.57 IPC (0.57 IPC) --  N/A  KHz (0.93 KHz)
**Core 11 Thread 00 Finished:   insts:497         cycles:27737      (21717288)  seconds:16    -- 0.02 IPC (0.02 IPC) --  N/A  KHz (0.03 KHz) 
**Core 11 Core_Total  Finished:   insts:15842       cycles:27737      (21717288) seconds:16    -- 0.57 IPC (0.57 IPC) --  N/A  KHz (0.99 KHz)
**Core 04 Thread 04 Finished:   insts:495         cycles:27746      (21724335)  seconds:17    -- 0.02 IPC (0.02 IPC) --  N/A  KHz (0.03 KHz) 
**Core 04 Core_Total  Finished:   insts:15842       cycles:27746      (21724335) seconds:17    -- 0.57 IPC (0.57 IPC) --  N/A  KHz (0.93 KHz)
**Core 06 Thread 08 Finished:   insts:495         cycles:27756      (21732165)  seconds:16    -- 0.02 IPC (0.02 IPC) --  N/A  KHz (0.03 KHz) 
**Core 06 Thread 12 Finished:   insts:495         cycles:27765      (21739212)  seconds:16    -- 0.02 IPC (0.02 IPC) --  N/A  KHz (0.03 KHz) 
**Core 06 Core_Total  Finished:   insts:15842       cycles:27765      (21739212) seconds:16    -- 0.57 IPC (0.57 IPC) --  N/A  KHz (0.99 KHz)
**Core 01 Thread 11 Finished:   insts:495         cycles:27775      (21747042)  seconds:17    -- 0.02 IPC (0.02 IPC) --  N/A  KHz (0.03 KHz) 
**Core 01 Thread 15 Finished:   insts:495         cycles:27784      (21754089)  seconds:17    -- 0.02 IPC (0.02 IPC) --  N/A  KHz (0.03 KHz) 
**Core 01 Core_Total  Finished:   insts:15842       cycles:27784      (21754089) seconds:17    -- 0.57 IPC (0.57 IPC) --  N/A  KHz (0.93 KHz)
**Core 03 Thread 20 Finished:   insts:495         cycles:27794      (21761919)  seconds:17    -- 0.02 IPC (0.02 IPC) --  N/A  KHz (0.03 KHz) 
src/retire.cc:566: (I=497  C=21761919):  ----- application 0 terminated (/benchrun/macsim/cuda4-matrixmul/sm6_gtx1080/input-128/results/traces/_Z8mult_gpuPfS_S_ii_0/Trace.txt,0) at 21761919
**Core 03 Core_Total  Finished:   insts:15842       cycles:27794      (21761919) seconds:17    -- 0.57 IPC (0.57 IPC) --  N/A  KHz (0.93 KHz)
src/macsim.cc:620: (I=497  C=21761920):  finalize simulation
src/macsim.cc:627: (I=497  C=21761920):  elapsed time:16.6 seconds
Done
