(0.000523) CudaRuntime.cpp:3813: Adding external function 'malloc'
(0.000587) CudaRuntime.cpp:3813: Adding external function 'free'
(0.000597) CudaRuntime.cpp:3813: Adding external function 'vprintf'
(0.000605) CudaRuntime.cpp:3813: Adding external function 'cudaGetParameterBuffer'
(0.000655) CudaRuntime.cpp:595:  Loading module (fatbin) - CUDAStream.cu
(0.000665) CudaRuntime.cpp:738:  Registered kernel - _Z11init_kernelIdEvPT_S1_S1_S0_S0_S0_ in module 'CUDAStream.cu'
(0.000678) CudaRuntime.cpp:738:  Registered kernel - _Z10dot_kernelIdEvPKT_S2_PS0_i in module 'CUDAStream.cu'
(0.000686) CudaRuntime.cpp:738:  Registered kernel - _Z14nstream_kernelIdEvPT_PKS0_S3_ in module 'CUDAStream.cu'
(0.000694) CudaRuntime.cpp:738:  Registered kernel - _Z12triad_kernelIdEvPT_PKS0_S3_ in module 'CUDAStream.cu'
(0.000702) CudaRuntime.cpp:738:  Registered kernel - _Z10mul_kernelIdEvPT_PKS0_ in module 'CUDAStream.cu'
(0.000709) CudaRuntime.cpp:738:  Registered kernel - _Z10add_kernelIdEvPKT_S2_PS0_ in module 'CUDAStream.cu'
(0.000716) CudaRuntime.cpp:738:  Registered kernel - _Z11copy_kernelIdEvPKT_PS0_ in module 'CUDAStream.cu'
(0.000723) CudaRuntime.cpp:738:  Registered kernel - _Z11init_kernelIfEvPT_S1_S1_S0_S0_S0_ in module 'CUDAStream.cu'
(0.000731) CudaRuntime.cpp:738:  Registered kernel - _Z10dot_kernelIfEvPKT_S2_PS0_i in module 'CUDAStream.cu'
(0.000738) CudaRuntime.cpp:738:  Registered kernel - _Z14nstream_kernelIfEvPT_PKS0_S3_ in module 'CUDAStream.cu'
(0.000745) CudaRuntime.cpp:738:  Registered kernel - _Z12triad_kernelIfEvPT_PKS0_S3_ in module 'CUDAStream.cu'
(0.000751) CudaRuntime.cpp:738:  Registered kernel - _Z10mul_kernelIfEvPT_PKS0_ in module 'CUDAStream.cu'
(0.000759) CudaRuntime.cpp:738:  Registered kernel - _Z10add_kernelIfEvPKT_S2_PS0_ in module 'CUDAStream.cu'
(0.000767) CudaRuntime.cpp:738:  Registered kernel - _Z11copy_kernelIfEvPKT_PS0_ in module 'CUDAStream.cu'
BabelStream
Version: 4.0
Implementation: CUDA
Running kernels 1 times
Precision: double
Array size: 0.8 MB (=0.0 GB)
Total size: 2.5 MB (=0.0 GB)
(0.000873) CudaRuntime.cpp:446:  Creating new context for thread 0xe76070
(0.000898) CudaRuntime.cpp:2289: Setting device for thread 0xe76070 to 0
(0.000911) CudaRuntime.cpp:276:  Creating devices.
(0.001044) CudaRuntime.cpp:288:   - Added 1 emulator devices.
(0.001144) CudaRuntime.cpp:2203: cuda::CudaRuntime::cudaGetDeviceProperties(dev = 0) - major: 2, minor: 1
(0.001156) CudaRuntime.cpp:2241:   returning: prop->major = 2, prop->minor = 1
Using CUDA device Ocelot PTX Emulator
(0.001305) CudaRuntime.cpp:2289: Setting device for thread 0xe76070 to 0
(0.001319) CudaRuntime.cpp:276:  Creating devices.
(0.001402) CudaRuntime.cpp:288:   - Added 1 emulator devices.
Driver: 4000
(0.001511) CudaRuntime.cpp:276:  Creating devices.
(0.001582) CudaRuntime.cpp:288:   - Added 1 emulator devices.
(0.001635) CudaRuntime.cpp:2203: cuda::CudaRuntime::cudaGetDeviceProperties(dev = 0) - major: 2, minor: 1
(0.001644) CudaRuntime.cpp:2241:   returning: prop->major = 2, prop->minor = 1
(0.001696) CudaRuntime.cpp:276:  Creating devices.
(0.001760) CudaRuntime.cpp:288:   - Added 1 emulator devices.
(0.001825) CudaRuntime.cpp:787:  cudaMalloc( *devPtr = 0x7f1edc08b100, size = 819200)
(0.001847) CudaRuntime.cpp:787:  cudaMalloc( *devPtr = 0x7f1edbfc2100, size = 819200)
(0.001869) CudaRuntime.cpp:787:  cudaMalloc( *devPtr = 0x7f1ed6e09100, size = 819200)
(0.001884) CudaRuntime.cpp:787:  cudaMalloc( *devPtr = 0xe7a800, size = 2048)
(0.001893) CudaRuntime.cpp:2609: cudaConfigureCall()
(0.001902) CudaRuntime.cpp:2631: cudaSetupArgument() - offset 0, size 8
(0.001912) CudaRuntime.cpp:2631: cudaSetupArgument() - offset 8, size 8
(0.001920) CudaRuntime.cpp:2631: cudaSetupArgument() - offset 16, size 8
(0.001928) CudaRuntime.cpp:2631: cudaSetupArgument() - offset 24, size 8
(0.001935) CudaRuntime.cpp:2631: cudaSetupArgument() - offset 32, size 8
(0.001943) CudaRuntime.cpp:2631: cudaSetupArgument() - offset 40, size 8
(0.013342) CudaRuntime.cpp:142:  Mapping parameter at offset 0 of size 8 to offset 0 of size 8
   data = 0x00 0xb1 0x08 0xdc 0x1e 0x7f 0x00 0x00 
(0.013363) CudaRuntime.cpp:142:  Mapping parameter at offset 8 of size 8 to offset 8 of size 8
   data = 0x00 0x21 0xfc 0xdb 0x1e 0x7f 0x00 0x00 
(0.013375) CudaRuntime.cpp:142:  Mapping parameter at offset 16 of size 8 to offset 16 of size 8
   data = 0x00 0x91 0xe0 0xd6 0x1e 0x7f 0x00 0x00 
(0.013386) CudaRuntime.cpp:142:  Mapping parameter at offset 24 of size 8 to offset 24 of size 8
   data = 0x9a 0x99 0x99 0x99 0x99 0x99 0xb9 0x3f 
(0.013397) CudaRuntime.cpp:142:  Mapping parameter at offset 32 of size 8 to offset 32 of size 8
   data = 0x9a 0x99 0x99 0x99 0x99 0x99 0xc9 0x3f 
(0.013407) CudaRuntime.cpp:142:  Mapping parameter at offset 40 of size 8 to offset 40 of size 8
   data = 0x00 0x00 0x00 0x00 0x00 0x00 0x00 0x00 
(0.013417) CudaRuntime.cpp:2685: kernel launch (_Z11init_kernelIdEvPT_S1_S1_S0_S0_S0_) on thread 0xe76070
(0.013440) CudaRuntime.cpp:2706:  launch completed successfully
(0.211441) CudaRuntime.cpp:2609: cudaConfigureCall()
(0.211463) CudaRuntime.cpp:2631: cudaSetupArgument() - offset 0, size 8
(0.211472) CudaRuntime.cpp:2631: cudaSetupArgument() - offset 8, size 8
(0.211496) CudaRuntime.cpp:142:  Mapping parameter at offset 0 of size 8 to offset 0 of size 8
   data = 0x00 0xb1 0x08 0xdc 0x1e 0x7f 0x00 0x00 
(0.211510) CudaRuntime.cpp:142:  Mapping parameter at offset 8 of size 8 to offset 8 of size 8
   data = 0x00 0x91 0xe0 0xd6 0x1e 0x7f 0x00 0x00 
(0.211519) CudaRuntime.cpp:2685: kernel launch (_Z11copy_kernelIdEvPKT_PS0_) on thread 0xe76070
(0.211541) CudaRuntime.cpp:2706:  launch completed successfully
(0.349303) CudaRuntime.cpp:2609: cudaConfigureCall()
(0.349322) CudaRuntime.cpp:2631: cudaSetupArgument() - offset 0, size 8
(0.349332) CudaRuntime.cpp:2631: cudaSetupArgument() - offset 8, size 8
(0.349355) CudaRuntime.cpp:142:  Mapping parameter at offset 0 of size 8 to offset 0 of size 8
   data = 0x00 0x21 0xfc 0xdb 0x1e 0x7f 0x00 0x00 
(0.349368) CudaRuntime.cpp:142:  Mapping parameter at offset 8 of size 8 to offset 8 of size 8
   data = 0x00 0x91 0xe0 0xd6 0x1e 0x7f 0x00 0x00 
(0.349378) CudaRuntime.cpp:2685: kernel launch (_Z10mul_kernelIdEvPT_PKS0_) on thread 0xe76070
(0.349397) CudaRuntime.cpp:2706:  launch completed successfully
(0.453532) CudaRuntime.cpp:2609: cudaConfigureCall()
(0.453551) CudaRuntime.cpp:2631: cudaSetupArgument() - offset 0, size 8
(0.453560) CudaRuntime.cpp:2631: cudaSetupArgument() - offset 8, size 8
(0.453569) CudaRuntime.cpp:2631: cudaSetupArgument() - offset 16, size 8
(0.453594) CudaRuntime.cpp:142:  Mapping parameter at offset 0 of size 8 to offset 0 of size 8
   data = 0x00 0xb1 0x08 0xdc 0x1e 0x7f 0x00 0x00 
(0.453607) CudaRuntime.cpp:142:  Mapping parameter at offset 8 of size 8 to offset 8 of size 8
   data = 0x00 0x21 0xfc 0xdb 0x1e 0x7f 0x00 0x00 
(0.453630) CudaRuntime.cpp:142:  Mapping parameter at offset 16 of size 8 to offset 16 of size 8
   data = 0x00 0x91 0xe0 0xd6 0x1e 0x7f 0x00 0x00 
(0.453640) CudaRuntime.cpp:2685: kernel launch (_Z10add_kernelIdEvPKT_S2_PS0_) on thread 0xe76070
(0.453660) CudaRuntime.cpp:2706:  launch completed successfully
(0.598965) CudaRuntime.cpp:2609: cudaConfigureCall()
(0.598983) CudaRuntime.cpp:2631: cudaSetupArgument() - offset 0, size 8
(0.598992) CudaRuntime.cpp:2631: cudaSetupArgument() - offset 8, size 8
(0.599000) CudaRuntime.cpp:2631: cudaSetupArgument() - offset 16, size 8
(0.599024) CudaRuntime.cpp:142:  Mapping parameter at offset 0 of size 8 to offset 0 of size 8
   data = 0x00 0xb1 0x08 0xdc 0x1e 0x7f 0x00 0x00 
(0.599036) CudaRuntime.cpp:142:  Mapping parameter at offset 8 of size 8 to offset 8 of size 8
   data = 0x00 0x21 0xfc 0xdb 0x1e 0x7f 0x00 0x00 
(0.599049) CudaRuntime.cpp:142:  Mapping parameter at offset 16 of size 8 to offset 16 of size 8
   data = 0x00 0x91 0xe0 0xd6 0x1e 0x7f 0x00 0x00 
(0.599058) CudaRuntime.cpp:2685: kernel launch (_Z12triad_kernelIdEvPT_PKS0_S3_) on thread 0xe76070
(0.599078) CudaRuntime.cpp:2706:  launch completed successfully
(0.763064) CudaRuntime.cpp:2609: cudaConfigureCall()
(0.763083) CudaRuntime.cpp:2631: cudaSetupArgument() - offset 0, size 8
(0.763092) CudaRuntime.cpp:2631: cudaSetupArgument() - offset 8, size 8
(0.763101) CudaRuntime.cpp:2631: cudaSetupArgument() - offset 16, size 8
(0.763109) CudaRuntime.cpp:2631: cudaSetupArgument() - offset 24, size 4
(0.763133) CudaRuntime.cpp:142:  Mapping parameter at offset 0 of size 8 to offset 0 of size 8
   data = 0x00 0xb1 0x08 0xdc 0x1e 0x7f 0x00 0x00 
(0.763146) CudaRuntime.cpp:142:  Mapping parameter at offset 8 of size 8 to offset 8 of size 8
   data = 0x00 0x21 0xfc 0xdb 0x1e 0x7f 0x00 0x00 
(0.763158) CudaRuntime.cpp:142:  Mapping parameter at offset 16 of size 8 to offset 16 of size 8
   data = 0x00 0xa8 0xe7 0x00 0x00 0x00 0x00 0x00 
(0.763169) CudaRuntime.cpp:142:  Mapping parameter at offset 24 of size 4 to offset 24 of size 4
   data = 0x00 0x90 0x01 0x00 
(0.763178) CudaRuntime.cpp:2685: kernel launch (_Z10dot_kernelIdEvPKT_S2_PS0_i) on thread 0xe76070
(0.763199) CudaRuntime.cpp:2706:  launch completed successfully
(3.287490) CudaRuntime.cpp:1131: cudaMemcpy(0xe79bd0, 0xe7a800, 2048)
(3.287511) CudaRuntime.cpp:215:    _memcpy(0xe79bd0, 0xe7a800, 2048 bytes) d-to-h
(3.293625) CudaRuntime.cpp:1131: cudaMemcpy(0xec7780, 0x7f1edc08b100, 819200)
(3.293641) CudaRuntime.cpp:215:    _memcpy(0xec7780, 0x7f1edc08b100, 819200 bytes) d-to-h
(3.293787) CudaRuntime.cpp:1131: cudaMemcpy(0xf8f790, 0x7f1edbfc2100, 819200)
(3.293797) CudaRuntime.cpp:215:    _memcpy(0xf8f790, 0x7f1edbfc2100, 819200 bytes) d-to-h
(3.293949) CudaRuntime.cpp:1131: cudaMemcpy(0x10577a0, 0x7f1ed6e09100, 819200)
(3.293957) CudaRuntime.cpp:215:    _memcpy(0x10577a0, 0x7f1ed6e09100, 819200 bytes) d-to-h
Function    MBytes/sec  Min (sec)   Max         Average     
Copy        11.885      0.13785     0.13785     0.13785     
Mul         15.720      0.10422     0.10422     0.10422     
Add         16.899      0.14543     0.14543     0.14543     
Triad       14.977      0.16409     0.16409     0.16409     
Dot         0.649       2.52448     2.52448     2.52448     
(3.308207) CudaRuntime.cpp:887:  cudaFree(0x7f1edc08b100)
(3.308326) CudaRuntime.cpp:887:  cudaFree(0x7f1edbfc2100)
(3.308407) CudaRuntime.cpp:887:  cudaFree(0x7f1ed6e09100)
(3.308485) CudaRuntime.cpp:887:  cudaFree(0xe7a800)
