(0.000000) CudaRuntime.cpp:3813: Adding external function 'malloc'
(0.000000) CudaRuntime.cpp:3813: Adding external function 'free'
(0.000000) CudaRuntime.cpp:3813: Adding external function 'vprintf'
(0.000000) CudaRuntime.cpp:3813: Adding external function 'cudaGetParameterBuffer'
(0.000073) CudaRuntime.cpp:595:  Loading module (fatbin) - vectorAdd.cu
(0.000086) CudaRuntime.cpp:738:  Registered kernel - _Z6vecAddPdS_S_i in module 'vectorAdd.cu'
(0.000142) CudaRuntime.cpp:276:  Creating devices.
(0.000272) CudaRuntime.cpp:288:   - Added 1 emulator devices.
(0.000407) CudaRuntime.cpp:446:  Creating new context for thread 0x2404000
(0.000489) CudaRuntime.cpp:787:  cudaMalloc( *devPtr = 0x7f19960da100, size = 8000000)
(0.000515) CudaRuntime.cpp:787:  cudaMalloc( *devPtr = 0x7f1995938100, size = 8000000)
(0.000535) CudaRuntime.cpp:787:  cudaMalloc( *devPtr = 0x7f1995196100, size = 8000000)
(0.136826) CudaRuntime.cpp:1131: cudaMemcpy(0x7f19960da100, 0x7f1997fc1010, 8000000)
(0.136839) CudaRuntime.cpp:251:    _memcpy(0x7f19960da100, 0x7f1997fc1010, 8000000 bytes) h-to-d
(0.140733) CudaRuntime.cpp:1131: cudaMemcpy(0x7f1995938100, 0x7f199781f010, 8000000)
(0.140741) CudaRuntime.cpp:251:    _memcpy(0x7f1995938100, 0x7f199781f010, 8000000 bytes) h-to-d
(0.144548) CudaRuntime.cpp:1131: cudaMemcpy(0x7f1995196100, 0x7f199707d010, 8000000)
(0.144555) CudaRuntime.cpp:251:    _memcpy(0x7f1995196100, 0x7f199707d010, 8000000 bytes) h-to-d
(0.148430) CudaRuntime.cpp:2609: cudaConfigureCall()
(0.148442) CudaRuntime.cpp:2631: cudaSetupArgument() - offset 0, size 8
(0.148446) CudaRuntime.cpp:2631: cudaSetupArgument() - offset 8, size 8
(0.148450) CudaRuntime.cpp:2631: cudaSetupArgument() - offset 16, size 8
(0.148453) CudaRuntime.cpp:2631: cudaSetupArgument() - offset 24, size 4
(0.149215) CudaRuntime.cpp:142:  Mapping parameter at offset 0 of size 8 to offset 0 of size 8
   data = 0x00 0xa1 0x0d 0x96 0x19 0x7f 0x00 0x00 
(0.149228) CudaRuntime.cpp:142:  Mapping parameter at offset 8 of size 8 to offset 8 of size 8
   data = 0x00 0x81 0x93 0x95 0x19 0x7f 0x00 0x00 
(0.149239) CudaRuntime.cpp:142:  Mapping parameter at offset 16 of size 8 to offset 16 of size 8
   data = 0x00 0x61 0x19 0x95 0x19 0x7f 0x00 0x00 
(0.149249) CudaRuntime.cpp:142:  Mapping parameter at offset 24 of size 4 to offset 24 of size 4
   data = 0x40 0x42 0x0f 0x00 
(0.149257) CudaRuntime.cpp:2685: kernel launch (_Z6vecAddPdS_S_i) on thread 0x2404000
(0.149276) CudaRuntime.cpp:2706:  launch completed successfully
all enabled
(0.150026) X86TraceGenerator.cpp:776:  New kernel launched
(0.150049) X86TraceGenerator.cpp:777:  compute version:2.0
(0.150057) X86TraceGenerator.cpp:778:  grid  977 x 1 x 1
(0.150067) X86TraceGenerator.cpp:779:  block 1024 x 1 x 1
(0.150074) X86TraceGenerator.cpp:780:  number of warps per block:32
(0.150082) X86TraceGenerator.cpp:781:  number of total warps:31264
(0.150089) X86TraceGenerator.cpp:782:  # threads per block : 1024
(0.150096) X86TraceGenerator.cpp:783:  number of register per thread:14
(0.150103) X86TraceGenerator.cpp:784:  number of shared memory per thread:0
(0.150112) X86TraceGenerator.cpp:822:  max blocks per core : 1
(0.158185) X86TraceGenerator.cpp:1082: mkdir -p /benchrun/macsim/vectoradd/sm86_rtx3070/input-1000000/results/traces/_Z6vecAddPdS_S_i_0/ (status 0)

(0.158234) X86TraceGenerator.cpp:1083: errno is 0 message is Success

(5.444217) CudaRuntime.cpp:1131: cudaMemcpy(0x7f199707d010, 0x7f1995196100, 8000000)
(5.444229) CudaRuntime.cpp:215:    _memcpy(0x7f199707d010, 0x7f1995196100, 8000000 bytes) d-to-h
Final sum = 1000000.000000; sum/n = 1.000000 (should be ~1)
(5.450683) CudaRuntime.cpp:887:  cudaFree(0x7f19960da100)
(5.451314) CudaRuntime.cpp:887:  cudaFree(0x7f1995938100)
(5.452193) CudaRuntime.cpp:887:  cudaFree(0x7f1995196100)
(5.455716) X86TraceGenerator.cpp:725:  destructor
(5.455862) X86TraceGenerator.cpp:2259: finalize
(5.455868) X86TraceGenerator.cpp:2263: total instruction count: 22473
