options: Options {
    input: "/benchrun/accelsim-ptx/sm6_gtx1080/cuda10-transpose/input-repeat1-dimx32-dimy32/results/log.txt",
    output: "/benchrun/accelsim-ptx/sm6_gtx1080/cuda10-transpose/input-repeat1-dimx32-dimy32/results/stats.csv",
    per_kernel: false,
    kernel_instance: false,
    configs_as_rows: false,
    config_list: None,
    benchmark_list: None,
    sim_name: None,
    strict: false,
}
GPGPU-sim version: Some("gpgpu-sim_git-commit-13c67115070dc2f0876254a790d0238073ca364a_modified_0.0")
stats: {
    (
        "final_kernel",
        0,
        "total_core_cache_read_hit",
    ): 0.0,
    (
        "final_kernel",
        0,
        "kernel_launch_uid",
    ): 16.0,
    (
        "final_kernel",
        0,
        "l2_cache_write_miss",
    ): 32.0,
    (
        "final_kernel",
        0,
        "l2_cache_write_hit",
    ): 1856.0,
    (
        "final_kernel",
        0,
        "l2_cache_write_total",
    ): 1920.0,
    (
        "final_kernel",
        0,
        "gpgpu_silicon_slowdown",
    ): 340899.0,
    (
        "final_kernel",
        0,
        "gpgpu_simulation_rate",
    ): 4714.0,
    (
        "final_kernel",
        0,
        "gpgpu_n_tot_w_icount",
    ): 16320.0,
    (
        "final_kernel",
        0,
        "gpu_tot_ipc",
    ): 27.4761,
    (
        "final_kernel",
        0,
        "gpu_total_instructions",
    ): 518144.0,
    (
        "final_kernel",
        0,
        "total_dram_writes",
    ): 128.0,
    (
        "final_kernel",
        0,
        "total_core_cache_write_hit",
    ): 0.0,
    (
        "final_kernel",
        0,
        "gpgpu_simulation_time_sec",
    ): 4.0,
    (
        "final_kernel",
        0,
        "const_cache_read_total",
    ): 20.0,
    (
        "final_kernel",
        0,
        "total_dram_reads",
    ): 200.0,
    (
        "final_kernel",
        0,
        "total_core_cache_read_mshr_hit",
    ): 0.0,
    (
        "final_kernel",
        0,
        "l2_bandwidth_gbps",
    ): 5.6398,
    (
        "final_kernel",
        0,
        "gpu_ipc",
    ): 31.9756,
    (
        "final_kernel",
        0,
        "l2_cache_read_hit",
    ): 1024.0,
    (
        "final_kernel",
        0,
        "gpu_occupancy",
    ): 12.2287,
    (
        "final_kernel",
        0,
        "l2_cache_read_miss",
    ): 0.0,
    (
        "final_kernel",
        0,
        "gpu_tot_sim_cycle",
    ): 18858.0,
    (
        "final_kernel",
        0,
        "l2_cache_read_total",
    ): 1024.0,
}
done in 42.493796ms: 744.27 KiB parsed (16.00 EiB/s)
