(0.000574) CudaRuntime.cpp:3813: Adding external function 'malloc'
(0.000644) CudaRuntime.cpp:3813: Adding external function 'free'
(0.000653) CudaRuntime.cpp:3813: Adding external function 'vprintf'
(0.000661) CudaRuntime.cpp:3813: Adding external function 'cudaGetParameterBuffer'
(0.000710) CudaRuntime.cpp:595:  Loading module (fatbin) - vectorAddTejas.cu
(0.000722) CudaRuntime.cpp:738:  Registered kernel - _Z6vecAddPdS_S_i in module 'vectorAddTejas.cu'
(0.000786) CudaRuntime.cpp:276:  Creating devices.
(0.000923) CudaRuntime.cpp:288:   - Added 1 emulator devices.
(0.001050) CudaRuntime.cpp:446:  Creating new context for thread 0x1163150
(0.001107) CudaRuntime.cpp:787:  cudaMalloc( *devPtr = 0x7f40d6ef6100, size = 8000000)
(0.001133) CudaRuntime.cpp:787:  cudaMalloc( *devPtr = 0x7f40d6754100, size = 8000000)
(0.001153) CudaRuntime.cpp:787:  cudaMalloc( *devPtr = 0x7f40d5fb2100, size = 8000000)
(0.149370) CudaRuntime.cpp:1131: cudaMemcpy(0x7f40d6ef6100, 0x7f40d8ddd010, 8000000)
(0.149389) CudaRuntime.cpp:251:    _memcpy(0x7f40d6ef6100, 0x7f40d8ddd010, 8000000 bytes) h-to-d
(0.153946) CudaRuntime.cpp:1131: cudaMemcpy(0x7f40d6754100, 0x7f40d863b010, 8000000)
(0.153962) CudaRuntime.cpp:251:    _memcpy(0x7f40d6754100, 0x7f40d863b010, 8000000 bytes) h-to-d
(0.158567) CudaRuntime.cpp:1131: cudaMemcpy(0x7f40d5fb2100, 0x7f40d7e99010, 8000000)
(0.158588) CudaRuntime.cpp:251:    _memcpy(0x7f40d5fb2100, 0x7f40d7e99010, 8000000 bytes) h-to-d
(0.163088) CudaRuntime.cpp:2609: cudaConfigureCall()
(0.163101) CudaRuntime.cpp:2631: cudaSetupArgument() - offset 0, size 8
(0.163105) CudaRuntime.cpp:2631: cudaSetupArgument() - offset 8, size 8
(0.163109) CudaRuntime.cpp:2631: cudaSetupArgument() - offset 16, size 8
(0.163112) CudaRuntime.cpp:2631: cudaSetupArgument() - offset 24, size 4
(0.163832) CudaRuntime.cpp:142:  Mapping parameter at offset 0 of size 8 to offset 0 of size 8
   data = 0x00 0x61 0xef 0xd6 0x40 0x7f 0x00 0x00 
(0.163838) CudaRuntime.cpp:142:  Mapping parameter at offset 8 of size 8 to offset 8 of size 8
   data = 0x00 0x41 0x75 0xd6 0x40 0x7f 0x00 0x00 
(0.163841) CudaRuntime.cpp:142:  Mapping parameter at offset 16 of size 8 to offset 16 of size 8
   data = 0x00 0x21 0xfb 0xd5 0x40 0x7f 0x00 0x00 
(0.163845) CudaRuntime.cpp:142:  Mapping parameter at offset 24 of size 4 to offset 24 of size 4
   data = 0x40 0x42 0x0f 0x00 
(0.163848) CudaRuntime.cpp:2685: kernel launch (_Z6vecAddPdS_S_i) on thread 0x1163150
(0.163862) CudaRuntime.cpp:2706:  launch completed successfully
(1.726340) CudaRuntime.cpp:1131: cudaMemcpy(0x7f40d7e99010, 0x7f40d5fb2100, 8000000)
(1.726359) CudaRuntime.cpp:215:    _memcpy(0x7f40d7e99010, 0x7f40d5fb2100, 8000000 bytes) d-to-h
Final sum = 1000000.000000; sum/n = 1.000000 (should be ~1)
(1.735543) CudaRuntime.cpp:887:  cudaFree(0x7f40d6ef6100)
(1.736467) CudaRuntime.cpp:887:  cudaFree(0x7f40d6754100)
(1.737513) CudaRuntime.cpp:887:  cudaFree(0x7f40d5fb2100)
