options: Options {
    input: "/benchrun/accelsim-sass/sm6_gtx1080/cuda6-transpose/input-repeat1-dimx32-dimy32/results/log.txt",
    output: "/benchrun/accelsim-sass/sm6_gtx1080/cuda6-transpose/input-repeat1-dimx32-dimy32/results/stats.csv",
    per_kernel: false,
    kernel_instance: false,
    configs_as_rows: false,
    config_list: None,
    benchmark_list: None,
    sim_name: None,
    strict: false,
}
GPGPU-sim version: Some("accelsim-commit-e02c99dbadefc0b9dc95317100be2a446eec142c_modified_0.0")
stats: {
    (
        "final_kernel",
        0,
        "total_core_cache_read_hit",
    ): 0.0,
    (
        "final_kernel",
        0,
        "gpgpu_simulation_time_sec",
    ): 3.0,
    (
        "final_kernel",
        0,
        "l2_cache_read_total",
    ): 1024.0,
    (
        "final_kernel",
        0,
        "gpgpu_silicon_slowdown",
    ): 342206.0,
    (
        "final_kernel",
        0,
        "l2_cache_write_hit",
    ): 1856.0,
    (
        "final_kernel",
        0,
        "l2_cache_read_hit",
    ): 960.0,
    (
        "final_kernel",
        0,
        "total_core_cache_read_mshr_hit",
    ): 0.0,
    (
        "final_kernel",
        0,
        "gpgpu_n_tot_w_icount",
    ): 17920.0,
    (
        "final_kernel",
        0,
        "gpu_ipc",
    ): 46.1497,
    (
        "final_kernel",
        0,
        "total_core_cache_write_hit",
    ): 0.0,
    (
        "final_kernel",
        0,
        "gpgpu_simulation_rate",
    ): 4696.0,
    (
        "final_kernel",
        0,
        "total_dram_writes",
    ): 128.0,
    (
        "final_kernel",
        0,
        "kernel_launch_uid",
    ): 16.0,
    (
        "final_kernel",
        0,
        "gpu_tot_sim_cycle",
    ): 14090.0,
    (
        "final_kernel",
        0,
        "gpu_total_instructions",
    ): 565760.0,
    (
        "final_kernel",
        0,
        "gpu_occupancy",
    ): 12.2518,
    (
        "final_kernel",
        0,
        "gpu_tot_ipc",
    ): 40.1533,
    (
        "final_kernel",
        0,
        "l2_cache_write_miss",
    ): 32.0,
    (
        "final_kernel",
        0,
        "l2_cache_read_miss",
    ): 32.0,
    (
        "final_kernel",
        0,
        "l2_cache_write_total",
    ): 1920.0,
    (
        "final_kernel",
        0,
        "l2_bandwidth_gbps",
    ): 5.3173,
    (
        "final_kernel",
        0,
        "total_dram_reads",
    ): 292.0,
}
done in 57.818607ms: 730.49 KiB parsed (16.00 EiB/s)
