Arguments: macsim --out=/benchrun/macsim/cuda4-matrixmul/sm6_gtx1080/input-32/results/stats 
src/macsim.cc:122: (I=0  C=0):  initialize knobs
number of cores : 20
src/macsim.cc:537: (I=0  C=0):  initialize simulation
src/macsim.cc:323: (I=0  C=0):  initialize cores (0/0/20)
src/memory.cc:1568: (I=0  C=0):  Memory system(l2_decoupled_network) has been initialized.
src/network_simple.cc:92: (I=0  C=0):  TOTAL_ROUTER:35 CPU:0 GPU:20 L3:1 LLC:6 MC:8
enabling bug detector
src/macsim.cc:750: (I=0  C=0):  Initializing new noc

src/macsim.cc:838: (I=0  C=0):  Clock LCM           : 12528
src/macsim.cc:839: (I=0  C=0):  CPU clock frequency : 1 GHz
src/macsim.cc:840: (I=0  C=0):  GPU clock frequency : 1.607 GHz
src/macsim.cc:841: (I=0  C=0):  LLC clock frequency : 1.607 GHz
src/macsim.cc:842: (I=0  C=0):  NOC clock frequency : 2.962 GHz
src/macsim.cc:843: (I=0  C=0):  MC  clock frequency : 2.75 GHz
src/process_manager.cc:434: (I=0  C=0):  setup_process:0 /benchrun/macsim/cuda4-matrixmul/sm6_gtx1080/input-32/results/traces/_Z8mult_gpuPfS_S_ii_0/Trace.txt current_index:0 (1)
trace:/benchrun/macsim/cuda4-matrixmul/sm6_gtx1080/input-32/results/traces/_Z8mult_gpuPfS_S_ii_0/Trace.txt is opened 
src/process_manager.cc:541: (I=0  C=0):  thread_count:32
**Core 00 Thread 01 Finished:   insts:159         cycles:7120       (5574177)  seconds:3     -- 0.02 IPC (0.02 IPC) --  N/A  KHz (0.05 KHz) 
**Core 00 Thread 05 Finished:   insts:159         cycles:7130       (5582007)  seconds:3     -- 0.02 IPC (0.02 IPC) --  N/A  KHz (0.05 KHz) 
**Core 00 Thread 02 Finished:   insts:159         cycles:7140       (5589837)  seconds:3     -- 0.02 IPC (0.02 IPC) --  N/A  KHz (0.05 KHz) 
**Core 00 Thread 21 Finished:   insts:159         cycles:7149       (5596884)  seconds:3     -- 0.02 IPC (0.02 IPC) --  N/A  KHz (0.05 KHz) 
**Core 00 Thread 04 Finished:   insts:159         cycles:7158       (5603931)  seconds:3     -- 0.02 IPC (0.02 IPC) --  N/A  KHz (0.05 KHz) 
**Core 00 Thread 03 Finished:   insts:159         cycles:7168       (5611761)  seconds:3     -- 0.02 IPC (0.02 IPC) --  N/A  KHz (0.05 KHz) 
**Core 00 Thread 20 Finished:   insts:159         cycles:7178       (5619591)  seconds:3     -- 0.02 IPC (0.02 IPC) --  N/A  KHz (0.05 KHz) 
**Core 00 Thread 06 Finished:   insts:159         cycles:7187       (5626638)  seconds:3     -- 0.02 IPC (0.02 IPC) --  N/A  KHz (0.05 KHz) 
**Core 00 Thread 00 Finished:   insts:161         cycles:7196       (5633685)  seconds:3     -- 0.02 IPC (0.02 IPC) --  N/A  KHz (0.05 KHz) 
**Core 00 Thread 22 Finished:   insts:159         cycles:7206       (5641515)  seconds:3     -- 0.02 IPC (0.02 IPC) --  N/A  KHz (0.05 KHz) 
**Core 00 Thread 07 Finished:   insts:159         cycles:7215       (5648562)  seconds:3     -- 0.02 IPC (0.02 IPC) --  N/A  KHz (0.05 KHz) 
**Core 00 Thread 23 Finished:   insts:159         cycles:7225       (5656392)  seconds:3     -- 0.02 IPC (0.02 IPC) --  N/A  KHz (0.05 KHz) 
**Core 00 Thread 09 Finished:   insts:159         cycles:7234       (5663439)  seconds:3     -- 0.02 IPC (0.02 IPC) --  N/A  KHz (0.05 KHz) 
**Core 00 Thread 25 Finished:   insts:159         cycles:7244       (5671269)  seconds:3     -- 0.02 IPC (0.02 IPC) --  N/A  KHz (0.05 KHz) 
**Core 00 Thread 08 Finished:   insts:159         cycles:7253       (5678316)  seconds:3     -- 0.02 IPC (0.02 IPC) --  N/A  KHz (0.05 KHz) 
**Core 00 Thread 24 Finished:   insts:159         cycles:7263       (5686146)  seconds:3     -- 0.02 IPC (0.02 IPC) --  N/A  KHz (0.05 KHz) 
**Core 00 Thread 10 Finished:   insts:159         cycles:7272       (5693193)  seconds:3     -- 0.02 IPC (0.02 IPC) --  N/A  KHz (0.05 KHz) 
**Core 00 Thread 26 Finished:   insts:159         cycles:7282       (5701023)  seconds:3     -- 0.02 IPC (0.02 IPC) --  N/A  KHz (0.05 KHz) 
**Core 00 Thread 11 Finished:   insts:159         cycles:7291       (5708070)  seconds:3     -- 0.02 IPC (0.02 IPC) --  N/A  KHz (0.05 KHz) 
**Core 00 Thread 27 Finished:   insts:159         cycles:7301       (5715900)  seconds:3     -- 0.02 IPC (0.02 IPC) --  N/A  KHz (0.05 KHz) 
**Core 00 Thread 13 Finished:   insts:159         cycles:7310       (5722947)  seconds:3     -- 0.02 IPC (0.02 IPC) --  N/A  KHz (0.05 KHz) 
**Core 00 Thread 29 Finished:   insts:159         cycles:7319       (5729994)  seconds:3     -- 0.02 IPC (0.02 IPC) --  N/A  KHz (0.05 KHz) 
**Core 00 Thread 12 Finished:   insts:159         cycles:7329       (5737824)  seconds:3     -- 0.02 IPC (0.02 IPC) --  N/A  KHz (0.05 KHz) 
**Core 00 Thread 28 Finished:   insts:159         cycles:7339       (5745654)  seconds:3     -- 0.02 IPC (0.02 IPC) --  N/A  KHz (0.05 KHz) 
**Core 00 Thread 14 Finished:   insts:159         cycles:7348       (5752701)  seconds:3     -- 0.02 IPC (0.02 IPC) --  N/A  KHz (0.05 KHz) 
**Core 00 Thread 30 Finished:   insts:159         cycles:7357       (5759748)  seconds:3     -- 0.02 IPC (0.02 IPC) --  N/A  KHz (0.05 KHz) 
**Core 00 Thread 15 Finished:   insts:159         cycles:7367       (5767578)  seconds:3     -- 0.02 IPC (0.02 IPC) --  N/A  KHz (0.05 KHz) 
**Core 00 Thread 31 Finished:   insts:159         cycles:7376       (5774625)  seconds:3     -- 0.02 IPC (0.02 IPC) --  N/A  KHz (0.05 KHz) 
**Core 00 Thread 17 Finished:   insts:159         cycles:7386       (5782455)  seconds:3     -- 0.02 IPC (0.02 IPC) --  N/A  KHz (0.05 KHz) 
**Core 00 Thread 16 Finished:   insts:159         cycles:7403       (5795766)  seconds:3     -- 0.02 IPC (0.02 IPC) --  N/A  KHz (0.05 KHz) 
**Core 00 Thread 18 Finished:   insts:159         cycles:7419       (5808294)  seconds:3     -- 0.02 IPC (0.02 IPC) --  N/A  KHz (0.05 KHz) 
**Core 00 Thread 19 Finished:   insts:159         cycles:7436       (5821605)  seconds:3     -- 0.02 IPC (0.02 IPC) --  N/A  KHz (0.05 KHz) 
src/retire.cc:566: (I=161  C=5821605):  ----- application 0 terminated (/benchrun/macsim/cuda4-matrixmul/sm6_gtx1080/input-32/results/traces/_Z8mult_gpuPfS_S_ii_0/Trace.txt,0) at 5821605
**Core 00 Core_Total  Finished:   insts:5090        cycles:7436       (5821605) seconds:3     -- 0.68 IPC (0.68 IPC) --  N/A  KHz (1.70 KHz)
src/macsim.cc:620: (I=161  C=5821606):  finalize simulation
src/macsim.cc:627: (I=161  C=5821606):  elapsed time:2.8 seconds
Done
