####################################################################################################
Interval
####################################################################################################
Cumulative:         Cycles:                  20000     Instructions:                  1200
INST_COUNT_TOT                                             285824                        285824

UOP_COUNT_TOT                                              285824                        285824

CYC_COUNT_TOT                                            39157831                      39157831

EXE_TIME                                                       21                            21

NUM_REPEAT                                                      0                             0

CYC_COUNT_X86                                                   0                             0

CYC_COUNT_ACC                                            39157830                      39157830

AVG_BLOCK_EXE_CYCLE                                   22996992439                   22996992439

AVG_BLOCK_EXE_CYCLE_BASE                                     1024                          1024

PROGRESS_ERROR                                                  0                             0

FILE_OPEN_ERROR                                                 0                             0

NUM_THREAD                                                      0                             0

APPL_CYC_COUNT_BASE0                                            1                             1

APPL_CYC_COUNT_BASE1                                            0                             0

APPL_CYC_COUNT_BASE2                                            0                             0

APPL_CYC_COUNT_BASE3                                            0                             0

APPL_CYC_COUNT_BASE4                                            0                             0

APPL_CYC_COUNT0                                          39157830                   3.91578e+07

APPL_CYC_COUNT1                                                 0                           NaN

APPL_CYC_COUNT2                                                 0                           NaN

APPL_CYC_COUNT3                                                 0                           NaN

APPL_CYC_COUNT4                                                 0                           NaN

CPI_DELTA_BASE0                                                 0                             0

CPI_DELTA_BASE1                                                 0                             0

CPI_DELTA_BASE2                                                 0                             0

CPI_DELTA_BASE3                                                 0                             0

CPI_DELTA_BASE4                                                 0                             0

CPI_DELTA0                                                      0                           NaN

CPI_DELTA1                                                      0                           NaN

CPI_DELTA2                                                      0                           NaN

CPI_DELTA3                                                      0                           NaN

CPI_DELTA4                                                      0                           NaN

CYCLE_CPU                                                       0                             0

CYCLE_GPU                                                       0                             0

INST_COUNT_CORE_0                                           17864                         17864

UOP_COUNT_CORE_0                                            17864                         17864

CYC_COUNT_CORE_0                                            46613                         46613

INST_COUNT_CORE_1                                           17864                         17864

UOP_COUNT_CORE_1                                            17864                         17864

CYC_COUNT_CORE_1                                            45454                         45454

INST_COUNT_CORE_2                                           17864                         17864

UOP_COUNT_CORE_2                                            17864                         17864

CYC_COUNT_CORE_2                                            46941                         46941

INST_COUNT_CORE_3                                           17864                         17864

UOP_COUNT_CORE_3                                            17864                         17864

CYC_COUNT_CORE_3                                            48049                         48049

INST_COUNT_CORE_4                                           13398                         13398

UOP_COUNT_CORE_4                                            13398                         13398

CYC_COUNT_CORE_4                                            37208                         37208

INST_COUNT_CORE_5                                           13398                         13398

UOP_COUNT_CORE_5                                            13398                         13398

CYC_COUNT_CORE_5                                            39283                         39283

INST_COUNT_CORE_6                                           13398                         13398

UOP_COUNT_CORE_6                                            13398                         13398

CYC_COUNT_CORE_6                                            41976                         41976

INST_COUNT_CORE_7                                           13398                         13398

UOP_COUNT_CORE_7                                            13398                         13398

CYC_COUNT_CORE_7                                            42972                         42972

INST_COUNT_CORE_8                                           13398                         13398

UOP_COUNT_CORE_8                                            13398                         13398

CYC_COUNT_CORE_8                                            43414                         43414

INST_COUNT_CORE_9                                           13398                         13398

UOP_COUNT_CORE_9                                            13398                         13398

CYC_COUNT_CORE_9                                            43463                         43463

INST_COUNT_CORE_10                                          13398                         13398

UOP_COUNT_CORE_10                                           13398                         13398

CYC_COUNT_CORE_10                                           44070                         44070

INST_COUNT_CORE_11                                          13398                         13398

UOP_COUNT_CORE_11                                           13398                         13398

CYC_COUNT_CORE_11                                           44674                         44674

INST_COUNT_CORE_12                                          13398                         13398

UOP_COUNT_CORE_12                                           13398                         13398

CYC_COUNT_CORE_12                                           45015                         45015

INST_COUNT_CORE_13                                          13398                         13398

UOP_COUNT_CORE_13                                           13398                         13398

CYC_COUNT_CORE_13                                           45109                         45109

INST_COUNT_CORE_14                                          13398                         13398

UOP_COUNT_CORE_14                                           13398                         13398

CYC_COUNT_CORE_14                                           45922                         45922

INST_COUNT_CORE_15                                          13398                         13398

UOP_COUNT_CORE_15                                           13398                         13398

CYC_COUNT_CORE_15                                           46076                         46076

INST_COUNT_CORE_16                                          13398                         13398

UOP_COUNT_CORE_16                                           13398                         13398

CYC_COUNT_CORE_16                                           46258                         46258

INST_COUNT_CORE_17                                          13398                         13398

UOP_COUNT_CORE_17                                           13398                         13398

CYC_COUNT_CORE_17                                           46754                         46754

INST_COUNT_CORE_18                                          13398                         13398

UOP_COUNT_CORE_18                                           13398                         13398

CYC_COUNT_CORE_18                                           47559                         47559

INST_COUNT_CORE_19                                          13398                         13398

UOP_COUNT_CORE_19                                           13398                         13398

CYC_COUNT_CORE_19                                           47920                         47920

