
; Multi2Sim 5.0 - A Simulation Framework for CPU-GPU Heterogeneous Computing
; Please use command 'm2s --help' for a list of command-line options.
; Simulation alpha-numeric ID: nKppB


Warning: ExecuteSyscall_clock_gettime: not implemented for 'clk_id' = 2


Warning: ExecuteSyscall_clock_gettime: not implemented for 'clk_id' = 2


Warning: ExecuteSyscall_clock_gettime: not implemented for 'clk_id' = 2


Warning: ExecuteSyscall_clock_gettime: not implemented for 'clk_id' = 2


Warning: ExecuteSyscall_clock_gettime: not implemented for 'clk_id' = 2


Warning: ExecuteSyscall_clock_gettime: not implemented for 'clk_id' = 2


Warning: ExecuteSyscall_clock_gettime: not implemented for 'clk_id' = 2


Warning: ExecuteSyscall_clock_gettime: not implemented for 'clk_id' = 2


Warning: ExecuteSyscall_clock_gettime: not implemented for 'clk_id' = 2


Warning: ExecuteSyscall_clock_gettime: not implemented for 'clk_id' = 2


Warning: ExecuteSyscall_clock_gettime: not implemented for 'clk_id' = 2


Warning: ExecuteSyscall_clock_gettime: not implemented for 'clk_id' = 2


Warning: ExecuteSyscall_clock_gettime: not implemented for 'clk_id' = 2


Warning: ExecuteSyscall_clock_gettime: not implemented for 'clk_id' = 2


Warning: ExecuteSyscall_clock_gettime: not implemented for 'clk_id' = 2


Warning: ExecuteSyscall_clock_gettime: not implemented for 'clk_id' = 2


;
; Simulation Statistics Summary
;

[ General ]
RealTime = 2.64 [s]
SimEnd = ContextsFinished
SimTime = 69015.00 [ns]
Frequency = 1000 [MHz]
Cycles = 69016

[ Kepler ]
TotalInstructions = 1640448
IntegerInstructions = 516096
FP32Instructions = 2048
FP64Instructions = 0
ControlInstructions = 167936
LSInstructions = 120832
MovementInstructions = 413696
ConversionInstructions = 6144
PredicateInstructions = 65536
MiscInstructions = 348160

[ x86 ]
RealTime = 2.58 [s]
Instructions = 10001979
InstructionsPerSecond = 3873579

