Transpose Starting...

GPU Device 0: "Multi2Sim Tesla K20c" with compute capability 3.5

> Device 0: "Multi2Sim Tesla K20c"
> SM Capability 3.5 detected:
> [Multi2Sim Tesla K20c] has 13 MP(s) x 192 (Cores/MP) = 2496 (Cores)
> Compute performance scaling factor = 1.00
> MatrixSize X = 128
> MatrixSize Y = 128

Matrix size: 128x128 (8x8 tiles), tile size: 16x16, block size: 16x16

transpose simple copy       , Throughput = 122.0703 GB/s, Time = 0.00100 ms, Size = 16384 fp32 elements, NumDevsUsed = 1, Workgroup = 256
*** shared memory copy kernel FAILED ***
*** shared memory copy kernel FAILED ***
transpose shared memory copy, Throughput = 20.3451 GB/s, Time = 0.00600 ms, Size = 16384 fp32 elements, NumDevsUsed = 1, Workgroup = 256
*** naive              kernel FAILED ***
*** naive              kernel FAILED ***
transpose naive             , Throughput = 40.6901 GB/s, Time = 0.00300 ms, Size = 16384 fp32 elements, NumDevsUsed = 1, Workgroup = 256
*** coalesced          kernel FAILED ***
*** coalesced          kernel FAILED ***
transpose coalesced         , Throughput = 20.3451 GB/s, Time = 0.00600 ms, Size = 16384 fp32 elements, NumDevsUsed = 1, Workgroup = 256
*** optimized          kernel FAILED ***
*** optimized          kernel FAILED ***
transpose optimized         , Throughput = 24.4141 GB/s, Time = 0.00500 ms, Size = 16384 fp32 elements, NumDevsUsed = 1, Workgroup = 256
transpose coarse-grained    , Throughput = 20.3451 GB/s, Time = 0.00600 ms, Size = 16384 fp32 elements, NumDevsUsed = 1, Workgroup = 256
transpose fine-grained      , Throughput = 24.4141 GB/s, Time = 0.00500 ms, Size = 16384 fp32 elements, NumDevsUsed = 1, Workgroup = 256
*** diagonal           kernel FAILED ***
*** diagonal           kernel FAILED ***
transpose diagonal          , Throughput = 15.2588 GB/s, Time = 0.00800 ms, Size = 16384 fp32 elements, NumDevsUsed = 1, Workgroup = 256
Test failed!
