
; Multi2Sim 5.0 - A Simulation Framework for CPU-GPU Heterogeneous Computing
; Please use command 'm2s --help' for a list of command-line options.
; Simulation alpha-numeric ID: Nysx3


Warning: ExecuteSyscall_clock_gettime: not implemented for 'clk_id' = 2


Warning: ExecuteSyscall_clock_gettime: not implemented for 'clk_id' = 2


Warning: ExecuteSyscall_clock_gettime: not implemented for 'clk_id' = 2


Warning: ExecuteSyscall_clock_gettime: not implemented for 'clk_id' = 2


Warning: ExecuteSyscall_clock_gettime: not implemented for 'clk_id' = 2


Warning: ExecuteSyscall_clock_gettime: not implemented for 'clk_id' = 2


Warning: ExecuteSyscall_clock_gettime: not implemented for 'clk_id' = 2


Warning: ExecuteSyscall_clock_gettime: not implemented for 'clk_id' = 2


Warning: ExecuteSyscall_clock_gettime: not implemented for 'clk_id' = 2


Warning: ExecuteSyscall_clock_gettime: not implemented for 'clk_id' = 2


Warning: ExecuteSyscall_clock_gettime: not implemented for 'clk_id' = 2


Warning: ExecuteSyscall_clock_gettime: not implemented for 'clk_id' = 2


Warning: ExecuteSyscall_clock_gettime: not implemented for 'clk_id' = 2


Warning: ExecuteSyscall_clock_gettime: not implemented for 'clk_id' = 2


Warning: ExecuteSyscall_clock_gettime: not implemented for 'clk_id' = 2


Warning: ExecuteSyscall_clock_gettime: not implemented for 'clk_id' = 2


;
; Simulation Statistics Summary
;

[ General ]
RealTime = 24.42 [s]
SimEnd = ContextsFinished
SimTime = 85621.00 [ns]
Frequency = 1000 [MHz]
Cycles = 85622

[ Kepler ]
TotalInstructions = 26247168
IntegerInstructions = 8257536
FP32Instructions = 32768
FP64Instructions = 0
ControlInstructions = 2686976
LSInstructions = 1933312
MovementInstructions = 6619136
ConversionInstructions = 98304
PredicateInstructions = 1048576
MiscInstructions = 5570560

[ x86 ]
RealTime = 24.37 [s]
Instructions = 30909135
InstructionsPerSecond = 1268584

