(0.000811) CudaRuntime.cpp:3813: Adding external function 'malloc'
(0.000854) CudaRuntime.cpp:3813: Adding external function 'free'
(0.000861) CudaRuntime.cpp:3813: Adding external function 'vprintf'
(0.000866) CudaRuntime.cpp:3813: Adding external function 'cudaGetParameterBuffer'
(0.000901) CudaRuntime.cpp:595:  Loading module (fatbin) - CUDAStream.cu
(0.000912) CudaRuntime.cpp:738:  Registered kernel - _Z11init_kernelIdEvPT_S1_S1_S0_S0_S0_ in module 'CUDAStream.cu'
(0.000921) CudaRuntime.cpp:738:  Registered kernel - _Z10dot_kernelIdEvPKT_S2_PS0_i in module 'CUDAStream.cu'
(0.000927) CudaRuntime.cpp:738:  Registered kernel - _Z14nstream_kernelIdEvPT_PKS0_S3_ in module 'CUDAStream.cu'
(0.000933) CudaRuntime.cpp:738:  Registered kernel - _Z12triad_kernelIdEvPT_PKS0_S3_ in module 'CUDAStream.cu'
(0.000938) CudaRuntime.cpp:738:  Registered kernel - _Z10mul_kernelIdEvPT_PKS0_ in module 'CUDAStream.cu'
(0.000943) CudaRuntime.cpp:738:  Registered kernel - _Z10add_kernelIdEvPKT_S2_PS0_ in module 'CUDAStream.cu'
(0.000948) CudaRuntime.cpp:738:  Registered kernel - _Z11copy_kernelIdEvPKT_PS0_ in module 'CUDAStream.cu'
(0.000953) CudaRuntime.cpp:738:  Registered kernel - _Z11init_kernelIfEvPT_S1_S1_S0_S0_S0_ in module 'CUDAStream.cu'
(0.000959) CudaRuntime.cpp:738:  Registered kernel - _Z10dot_kernelIfEvPKT_S2_PS0_i in module 'CUDAStream.cu'
(0.000963) CudaRuntime.cpp:738:  Registered kernel - _Z14nstream_kernelIfEvPT_PKS0_S3_ in module 'CUDAStream.cu'
(0.000968) CudaRuntime.cpp:738:  Registered kernel - _Z12triad_kernelIfEvPT_PKS0_S3_ in module 'CUDAStream.cu'
(0.000973) CudaRuntime.cpp:738:  Registered kernel - _Z10mul_kernelIfEvPT_PKS0_ in module 'CUDAStream.cu'
(0.000979) CudaRuntime.cpp:738:  Registered kernel - _Z10add_kernelIfEvPKT_S2_PS0_ in module 'CUDAStream.cu'
(0.000984) CudaRuntime.cpp:738:  Registered kernel - _Z11copy_kernelIfEvPKT_PS0_ in module 'CUDAStream.cu'
BabelStream
Version: 4.0
Implementation: CUDA
Running kernels 2 times
Precision: double
Array size: 0.0 MB (=0.0 GB)
Total size: 0.0 MB (=0.0 GB)
(0.001065) CudaRuntime.cpp:446:  Creating new context for thread 0x15bb070
(0.001085) CudaRuntime.cpp:2289: Setting device for thread 0x15bb070 to 0
(0.001094) CudaRuntime.cpp:276:  Creating devices.
(0.001189) CudaRuntime.cpp:288:   - Added 1 emulator devices.
(0.001264) CudaRuntime.cpp:2203: cuda::CudaRuntime::cudaGetDeviceProperties(dev = 0) - major: 2, minor: 1
(0.001272) CudaRuntime.cpp:2241:   returning: prop->major = 2, prop->minor = 1
Using CUDA device Ocelot PTX Emulator
(0.001408) CudaRuntime.cpp:2289: Setting device for thread 0x15bb070 to 0
(0.001416) CudaRuntime.cpp:276:  Creating devices.
(0.001469) CudaRuntime.cpp:288:   - Added 1 emulator devices.
Driver: 4000
(0.001580) CudaRuntime.cpp:276:  Creating devices.
(0.001628) CudaRuntime.cpp:288:   - Added 1 emulator devices.
(0.001670) CudaRuntime.cpp:2203: cuda::CudaRuntime::cudaGetDeviceProperties(dev = 0) - major: 2, minor: 1
(0.001677) CudaRuntime.cpp:2241:   returning: prop->major = 2, prop->minor = 1
(0.001765) CudaRuntime.cpp:276:  Creating devices.
(0.001810) CudaRuntime.cpp:288:   - Added 1 emulator devices.
(0.001852) CudaRuntime.cpp:787:  cudaMalloc( *devPtr = 0x15bf800, size = 8192)
(0.001865) CudaRuntime.cpp:787:  cudaMalloc( *devPtr = 0x15c1900, size = 8192)
(0.001874) CudaRuntime.cpp:787:  cudaMalloc( *devPtr = 0x15c3a00, size = 8192)
(0.001884) CudaRuntime.cpp:787:  cudaMalloc( *devPtr = 0x15c5b00, size = 2048)
(0.001890) CudaRuntime.cpp:2609: cudaConfigureCall()
(0.001896) CudaRuntime.cpp:2631: cudaSetupArgument() - offset 0, size 8
(0.001903) CudaRuntime.cpp:2631: cudaSetupArgument() - offset 8, size 8
(0.001908) CudaRuntime.cpp:2631: cudaSetupArgument() - offset 16, size 8
(0.001914) CudaRuntime.cpp:2631: cudaSetupArgument() - offset 24, size 8
(0.001919) CudaRuntime.cpp:2631: cudaSetupArgument() - offset 32, size 8
(0.001924) CudaRuntime.cpp:2631: cudaSetupArgument() - offset 40, size 8
(0.011113) CudaRuntime.cpp:142:  Mapping parameter at offset 0 of size 8 to offset 0 of size 8
   data = 0x00 0xf8 0x5b 0x01 0x00 0x00 0x00 0x00 
(0.011123) CudaRuntime.cpp:142:  Mapping parameter at offset 8 of size 8 to offset 8 of size 8
   data = 0x00 0x19 0x5c 0x01 0x00 0x00 0x00 0x00 
(0.011128) CudaRuntime.cpp:142:  Mapping parameter at offset 16 of size 8 to offset 16 of size 8
   data = 0x00 0x3a 0x5c 0x01 0x00 0x00 0x00 0x00 
(0.011132) CudaRuntime.cpp:142:  Mapping parameter at offset 24 of size 8 to offset 24 of size 8
   data = 0x9a 0x99 0x99 0x99 0x99 0x99 0xb9 0x3f 
(0.011137) CudaRuntime.cpp:142:  Mapping parameter at offset 32 of size 8 to offset 32 of size 8
   data = 0x9a 0x99 0x99 0x99 0x99 0x99 0xc9 0x3f 
(0.011142) CudaRuntime.cpp:142:  Mapping parameter at offset 40 of size 8 to offset 40 of size 8
   data = 0x00 0x00 0x00 0x00 0x00 0x00 0x00 0x00 
(0.011146) CudaRuntime.cpp:2685: kernel launch (_Z11init_kernelIdEvPT_S1_S1_S0_S0_S0_) on thread 0x15bb070
(0.011158) CudaRuntime.cpp:2706:  launch completed successfully
(0.017547) CudaRuntime.cpp:2609: cudaConfigureCall()
(0.017553) CudaRuntime.cpp:2631: cudaSetupArgument() - offset 0, size 8
(0.017557) CudaRuntime.cpp:2631: cudaSetupArgument() - offset 8, size 8
(0.017566) CudaRuntime.cpp:142:  Mapping parameter at offset 0 of size 8 to offset 0 of size 8
   data = 0x00 0xf8 0x5b 0x01 0x00 0x00 0x00 0x00 
(0.017571) CudaRuntime.cpp:142:  Mapping parameter at offset 8 of size 8 to offset 8 of size 8
   data = 0x00 0x3a 0x5c 0x01 0x00 0x00 0x00 0x00 
(0.017575) CudaRuntime.cpp:2685: kernel launch (_Z11copy_kernelIdEvPKT_PS0_) on thread 0x15bb070
(0.017583) CudaRuntime.cpp:2706:  launch completed successfully
(0.020866) CudaRuntime.cpp:2609: cudaConfigureCall()
(0.020873) CudaRuntime.cpp:2631: cudaSetupArgument() - offset 0, size 8
(0.020878) CudaRuntime.cpp:2631: cudaSetupArgument() - offset 8, size 8
(0.020888) CudaRuntime.cpp:142:  Mapping parameter at offset 0 of size 8 to offset 0 of size 8
   data = 0x00 0x19 0x5c 0x01 0x00 0x00 0x00 0x00 
(0.020895) CudaRuntime.cpp:142:  Mapping parameter at offset 8 of size 8 to offset 8 of size 8
   data = 0x00 0x3a 0x5c 0x01 0x00 0x00 0x00 0x00 
(0.020900) CudaRuntime.cpp:2685: kernel launch (_Z10mul_kernelIdEvPT_PKS0_) on thread 0x15bb070
(0.020910) CudaRuntime.cpp:2706:  launch completed successfully
(0.023543) CudaRuntime.cpp:2609: cudaConfigureCall()
(0.023548) CudaRuntime.cpp:2631: cudaSetupArgument() - offset 0, size 8
(0.023553) CudaRuntime.cpp:2631: cudaSetupArgument() - offset 8, size 8
(0.023557) CudaRuntime.cpp:2631: cudaSetupArgument() - offset 16, size 8
(0.023566) CudaRuntime.cpp:142:  Mapping parameter at offset 0 of size 8 to offset 0 of size 8
   data = 0x00 0xf8 0x5b 0x01 0x00 0x00 0x00 0x00 
(0.023572) CudaRuntime.cpp:142:  Mapping parameter at offset 8 of size 8 to offset 8 of size 8
   data = 0x00 0x19 0x5c 0x01 0x00 0x00 0x00 0x00 
(0.023584) CudaRuntime.cpp:142:  Mapping parameter at offset 16 of size 8 to offset 16 of size 8
   data = 0x00 0x3a 0x5c 0x01 0x00 0x00 0x00 0x00 
(0.023590) CudaRuntime.cpp:2685: kernel launch (_Z10add_kernelIdEvPKT_S2_PS0_) on thread 0x15bb070
(0.023598) CudaRuntime.cpp:2706:  launch completed successfully
(0.027220) CudaRuntime.cpp:2609: cudaConfigureCall()
(0.027229) CudaRuntime.cpp:2631: cudaSetupArgument() - offset 0, size 8
(0.027235) CudaRuntime.cpp:2631: cudaSetupArgument() - offset 8, size 8
(0.027239) CudaRuntime.cpp:2631: cudaSetupArgument() - offset 16, size 8
(0.027251) CudaRuntime.cpp:142:  Mapping parameter at offset 0 of size 8 to offset 0 of size 8
   data = 0x00 0xf8 0x5b 0x01 0x00 0x00 0x00 0x00 
(0.027258) CudaRuntime.cpp:142:  Mapping parameter at offset 8 of size 8 to offset 8 of size 8
   data = 0x00 0x19 0x5c 0x01 0x00 0x00 0x00 0x00 
(0.027264) CudaRuntime.cpp:142:  Mapping parameter at offset 16 of size 8 to offset 16 of size 8
   data = 0x00 0x3a 0x5c 0x01 0x00 0x00 0x00 0x00 
(0.027269) CudaRuntime.cpp:2685: kernel launch (_Z12triad_kernelIdEvPT_PKS0_S3_) on thread 0x15bb070
(0.027280) CudaRuntime.cpp:2706:  launch completed successfully
(0.030631) CudaRuntime.cpp:2609: cudaConfigureCall()
(0.030639) CudaRuntime.cpp:2631: cudaSetupArgument() - offset 0, size 8
(0.030645) CudaRuntime.cpp:2631: cudaSetupArgument() - offset 8, size 8
(0.030649) CudaRuntime.cpp:2631: cudaSetupArgument() - offset 16, size 8
(0.030653) CudaRuntime.cpp:2631: cudaSetupArgument() - offset 24, size 4
(0.030665) CudaRuntime.cpp:142:  Mapping parameter at offset 0 of size 8 to offset 0 of size 8
   data = 0x00 0xf8 0x5b 0x01 0x00 0x00 0x00 0x00 
(0.030672) CudaRuntime.cpp:142:  Mapping parameter at offset 8 of size 8 to offset 8 of size 8
   data = 0x00 0x19 0x5c 0x01 0x00 0x00 0x00 0x00 
(0.030679) CudaRuntime.cpp:142:  Mapping parameter at offset 16 of size 8 to offset 16 of size 8
   data = 0x00 0x5b 0x5c 0x01 0x00 0x00 0x00 0x00 
(0.030684) CudaRuntime.cpp:142:  Mapping parameter at offset 24 of size 4 to offset 24 of size 4
   data = 0x00 0x04 0x00 0x00 
(0.030689) CudaRuntime.cpp:2685: kernel launch (_Z10dot_kernelIdEvPKT_S2_PS0_i) on thread 0x15bb070
(0.030700) CudaRuntime.cpp:2706:  launch completed successfully
(2.246790) CudaRuntime.cpp:1131: cudaMemcpy(0x15bebd0, 0x15c5b00, 2048)
(2.246810) CudaRuntime.cpp:215:    _memcpy(0x15bebd0, 0x15c5b00, 2048 bytes) d-to-h
(2.246830) CudaRuntime.cpp:2609: cudaConfigureCall()
(2.246839) CudaRuntime.cpp:2631: cudaSetupArgument() - offset 0, size 8
(2.246848) CudaRuntime.cpp:2631: cudaSetupArgument() - offset 8, size 8
(2.246871) CudaRuntime.cpp:142:  Mapping parameter at offset 0 of size 8 to offset 0 of size 8
   data = 0x00 0xf8 0x5b 0x01 0x00 0x00 0x00 0x00 
(2.246883) CudaRuntime.cpp:142:  Mapping parameter at offset 8 of size 8 to offset 8 of size 8
   data = 0x00 0x3a 0x5c 0x01 0x00 0x00 0x00 0x00 
(2.246893) CudaRuntime.cpp:2685: kernel launch (_Z11copy_kernelIdEvPKT_PS0_) on thread 0x15bb070
(2.246913) CudaRuntime.cpp:2706:  launch completed successfully
(2.247895) CudaRuntime.cpp:2609: cudaConfigureCall()
(2.247906) CudaRuntime.cpp:2631: cudaSetupArgument() - offset 0, size 8
(2.247914) CudaRuntime.cpp:2631: cudaSetupArgument() - offset 8, size 8
(2.247932) CudaRuntime.cpp:142:  Mapping parameter at offset 0 of size 8 to offset 0 of size 8
   data = 0x00 0x19 0x5c 0x01 0x00 0x00 0x00 0x00 
(2.247943) CudaRuntime.cpp:142:  Mapping parameter at offset 8 of size 8 to offset 8 of size 8
   data = 0x00 0x3a 0x5c 0x01 0x00 0x00 0x00 0x00 
(2.247952) CudaRuntime.cpp:2685: kernel launch (_Z10mul_kernelIdEvPT_PKS0_) on thread 0x15bb070
(2.247967) CudaRuntime.cpp:2706:  launch completed successfully
(2.249196) CudaRuntime.cpp:2609: cudaConfigureCall()
(2.249208) CudaRuntime.cpp:2631: cudaSetupArgument() - offset 0, size 8
(2.249217) CudaRuntime.cpp:2631: cudaSetupArgument() - offset 8, size 8
(2.249225) CudaRuntime.cpp:2631: cudaSetupArgument() - offset 16, size 8
(2.249243) CudaRuntime.cpp:142:  Mapping parameter at offset 0 of size 8 to offset 0 of size 8
   data = 0x00 0xf8 0x5b 0x01 0x00 0x00 0x00 0x00 
(2.249264) CudaRuntime.cpp:142:  Mapping parameter at offset 8 of size 8 to offset 8 of size 8
   data = 0x00 0x19 0x5c 0x01 0x00 0x00 0x00 0x00 
(2.249277) CudaRuntime.cpp:142:  Mapping parameter at offset 16 of size 8 to offset 16 of size 8
   data = 0x00 0x3a 0x5c 0x01 0x00 0x00 0x00 0x00 
(2.249286) CudaRuntime.cpp:2685: kernel launch (_Z10add_kernelIdEvPKT_S2_PS0_) on thread 0x15bb070
(2.249301) CudaRuntime.cpp:2706:  launch completed successfully
(2.250854) CudaRuntime.cpp:2609: cudaConfigureCall()
(2.250866) CudaRuntime.cpp:2631: cudaSetupArgument() - offset 0, size 8
(2.250875) CudaRuntime.cpp:2631: cudaSetupArgument() - offset 8, size 8
(2.250882) CudaRuntime.cpp:2631: cudaSetupArgument() - offset 16, size 8
(2.250900) CudaRuntime.cpp:142:  Mapping parameter at offset 0 of size 8 to offset 0 of size 8
   data = 0x00 0xf8 0x5b 0x01 0x00 0x00 0x00 0x00 
(2.250912) CudaRuntime.cpp:142:  Mapping parameter at offset 8 of size 8 to offset 8 of size 8
   data = 0x00 0x19 0x5c 0x01 0x00 0x00 0x00 0x00 
(2.250924) CudaRuntime.cpp:142:  Mapping parameter at offset 16 of size 8 to offset 16 of size 8
   data = 0x00 0x3a 0x5c 0x01 0x00 0x00 0x00 0x00 
(2.250933) CudaRuntime.cpp:2685: kernel launch (_Z12triad_kernelIdEvPT_PKS0_S3_) on thread 0x15bb070
(2.250950) CudaRuntime.cpp:2706:  launch completed successfully
(2.253024) CudaRuntime.cpp:2609: cudaConfigureCall()
(2.253036) CudaRuntime.cpp:2631: cudaSetupArgument() - offset 0, size 8
(2.253044) CudaRuntime.cpp:2631: cudaSetupArgument() - offset 8, size 8
(2.253052) CudaRuntime.cpp:2631: cudaSetupArgument() - offset 16, size 8
(2.253059) CudaRuntime.cpp:2631: cudaSetupArgument() - offset 24, size 4
(2.253077) CudaRuntime.cpp:142:  Mapping parameter at offset 0 of size 8 to offset 0 of size 8
   data = 0x00 0xf8 0x5b 0x01 0x00 0x00 0x00 0x00 
(2.253089) CudaRuntime.cpp:142:  Mapping parameter at offset 8 of size 8 to offset 8 of size 8
   data = 0x00 0x19 0x5c 0x01 0x00 0x00 0x00 0x00 
(2.253101) CudaRuntime.cpp:142:  Mapping parameter at offset 16 of size 8 to offset 16 of size 8
   data = 0x00 0x5b 0x5c 0x01 0x00 0x00 0x00 0x00 
(2.253112) CudaRuntime.cpp:142:  Mapping parameter at offset 24 of size 4 to offset 24 of size 4
   data = 0x00 0x04 0x00 0x00 
(2.253121) CudaRuntime.cpp:2685: kernel launch (_Z10dot_kernelIdEvPKT_S2_PS0_i) on thread 0x15bb070
(2.253138) CudaRuntime.cpp:2706:  launch completed successfully
(4.563583) CudaRuntime.cpp:1131: cudaMemcpy(0x15bebd0, 0x15c5b00, 2048)
(4.563591) CudaRuntime.cpp:215:    _memcpy(0x15bebd0, 0x15c5b00, 2048 bytes) d-to-h
(4.563626) CudaRuntime.cpp:1131: cudaMemcpy(0x15bc190, 0x15bf800, 8192)
(4.563629) CudaRuntime.cpp:215:    _memcpy(0x15bc190, 0x15bf800, 8192 bytes) d-to-h
(4.563633) CudaRuntime.cpp:1131: cudaMemcpy(0x1612ab0, 0x15c1900, 8192)
(4.563635) CudaRuntime.cpp:215:    _memcpy(0x1612ab0, 0x15c1900, 8192 bytes) d-to-h
(4.563639) CudaRuntime.cpp:1131: cudaMemcpy(0x1614ac0, 0x15c3a00, 8192)
(4.563641) CudaRuntime.cpp:215:    _memcpy(0x1614ac0, 0x15c3a00, 8192 bytes) d-to-h
Function    MBytes/sec  Min (sec)   Max         Average     
Copy        15.558      0.00105     0.00105     0.00105     
Mul         12.637      0.00130     0.00130     0.00130     
Add         14.838      0.00166     0.00166     0.00166     
Triad       11.341      0.00217     0.00217     0.00217     
Dot         0.007       2.31058     2.31058     2.31058     
(4.563729) CudaRuntime.cpp:887:  cudaFree(0x15bf800)
(4.563734) CudaRuntime.cpp:887:  cudaFree(0x15c1900)
(4.563737) CudaRuntime.cpp:887:  cudaFree(0x15c3a00)
(4.563740) CudaRuntime.cpp:887:  cudaFree(0x15c5b00)
