####################################################################################################
Interval
####################################################################################################
Cumulative:         Cycles:                  20000     Instructions:                  1200
DRAM_PRECHARGE                                                  0                             0

DRAM_ACTIVATE                                                  19                            19

DRAM_COLUMN                                                   260                           260

DRAM_AVG_LATENCY_BASE                                         260                           260

DRAM_AVG_LATENCY                                            75963                       292.165

BANDWIDTH_TOT                                               33088                         33088

DRAM_CHANNEL0_BANDWIDTH_SATURATED                             892                           892

DRAM_CHANNEL1_BANDWIDTH_SATURATED                             785                           785

DRAM_CHANNEL2_BANDWIDTH_SATURATED                             675                           675

DRAM_CHANNEL3_BANDWIDTH_SATURATED                             635                           635

DRAM_CHANNEL4_BANDWIDTH_SATURATED                               0                             0

DRAM_CHANNEL5_BANDWIDTH_SATURATED                               0                             0

DRAM_CHANNEL6_BANDWIDTH_SATURATED                               0                             0

DRAM_CHANNEL7_BANDWIDTH_SATURATED                               0                             0

DRAM_CHANNEL0_DBUS_IDLE                                    843040                        843040

DRAM_CHANNEL1_DBUS_IDLE                                    843080                        843080

DRAM_CHANNEL2_DBUS_IDLE                                    843056                        843056

DRAM_CHANNEL3_DBUS_IDLE                                    843008                        843008

DRAM_CHANNEL4_DBUS_IDLE                                         0                             0

DRAM_CHANNEL5_DBUS_IDLE                                         0                             0

DRAM_CHANNEL6_DBUS_IDLE                                         0                             0

DRAM_CHANNEL7_DBUS_IDLE                                         0                             0

