####################################################################################################
Interval
####################################################################################################
Cumulative:         Cycles:                  20000     Instructions:                  1200
DISPATCHED_INST                                          15065600                      15065600

DISPATCH_WAIT                                           848369262                       56.3117

NUM_NO_FETCH_CYCLES                                       1466784                       1466784

AVG_CORE_IDLE_CYCLE                                        674556                        674556

REEXEC_NUM                                                      0                             0

INV_MATCH_NUM                                                   0                             0

EARLY_PERM_NUM                                                  0                             0

PERM_MATCH_NUM                                                  0                             0

RETIRE_SPECLD_NUM                                               0                             0

RETIRE_SPECST_NUM                                               0                             0

FENCE_HEAD_ROB_WAIT                                             0                             0

NUM_SAMPLES_CORE_0                                        1005988                       1005988

NUM_ACTIVE_BLOCKS_CORE_0                                  1005987                      0.999999

NUM_ACTIVE_THREADS_CORE_0                                32140027                       31.9487

NUM_SCHED_IDLE_CYCLE_CORE_0                                     0                             0

NUM_NO_SCHED_CYCLE_CORE_0                                   33240                         33240

CORE_DISPATCHED_INST_CORE_0                                765050                        765050

CORE_DISPATCH_WAIT_CORE_0                                42953486                       56.1447

CORE_CYCLES_CORE_0                                              0                             0

CORE_SCHED_THREADS_CORE_0                                       0                           NaN

CORE_NUM_NO_FETCH_CYCLES_CORE_0                             74444                         74444

CORE_NUM_NO_FETCH_CYCLES_WITH_READY_THREADS_CORE_0                   0                             0

CORE_NUM_FETCH_CYCLES_CORE_0                                    0                             0

CORE_FETCH_DELTA_CORE_0                                         0                           NaN

CORE_NUM_RETIRE_CYCLES_CORE_0                                   0                             0

CORE_RETIRE_DELTA_CORE_0                                        0                           NaN

FENCE_PREF_REQ_CORE_0                                           0                             0

FENCE_WAITING_CORE_0                                            0                             0

DYN_FENCE_NUM_CORE_0                                            0                             0

WB_ORDERING_STALL_CORE_0                                        0                             0

WB_FULL_CORE_0                                                  0                             0

FENCE_TOT_CYCLES_CORE_0                                         0                             0

FENCE_EXEC_CYCLES_CORE_0                                        0                             0

STORE_RES_CORE_0                                                0                             0

STORE_NUM_CORE_0                                                0                             0

STORE_WB_FREE_CORE_0                                            0                             0

SCHED_FAILED_REASON_SUCCESS_CORE_0                         765050                       25.2977%
SCHED_FAILED_OPERANDS_NOT_READY_CORE_0                     323045                       10.6821%
SCHED_FAILED_NO_AVAILABLE_PORTS_CORE_0                    1936088                       64.0202%
SCHED_FAILED_NO_MEM_REQ_SLOTS_CORE_0                            0                             0%
SCHED_FAILED_NO_AVAILABLE_SIMD_UNIT_CORE_0                      0                             0%
SCHED_FAILED_FENCE_ACTIVE_CORE_0                                0                             0%
SCHED_FAILED_MEM_MANAGEMENT_CORE_0                              0                             0%
                                                          3024183                           100%

NUM_SAMPLES_CORE_1                                        1005660                       1005660

NUM_ACTIVE_BLOCKS_CORE_1                                  1005659                      0.999999

NUM_ACTIVE_THREADS_CORE_1                                32146797                       31.9659

NUM_SCHED_IDLE_CYCLE_CORE_1                                     0                             0

NUM_NO_SCHED_CYCLE_CORE_1                                   32299                         32299

CORE_DISPATCHED_INST_CORE_1                                765050                        765050

CORE_DISPATCH_WAIT_CORE_1                                43035449                       56.2518

CORE_CYCLES_CORE_1                                              0                             0

CORE_SCHED_THREADS_CORE_1                                       0                           NaN

CORE_NUM_NO_FETCH_CYCLES_CORE_1                             74386                         74386

CORE_NUM_NO_FETCH_CYCLES_WITH_READY_THREADS_CORE_1                   0                             0

CORE_NUM_FETCH_CYCLES_CORE_1                                    0                             0

CORE_FETCH_DELTA_CORE_1                                         0                           NaN

CORE_NUM_RETIRE_CYCLES_CORE_1                                   0                             0

CORE_RETIRE_DELTA_CORE_1                                        0                           NaN

FENCE_PREF_REQ_CORE_1                                           0                             0

FENCE_WAITING_CORE_1                                            0                             0

DYN_FENCE_NUM_CORE_1                                            0                             0

WB_ORDERING_STALL_CORE_1                                        0                             0

WB_FULL_CORE_1                                                  0                             0

FENCE_TOT_CYCLES_CORE_1                                         0                             0

FENCE_EXEC_CYCLES_CORE_1                                        0                             0

STORE_RES_CORE_1                                                0                             0

STORE_NUM_CORE_1                                                0                             0

STORE_WB_FREE_CORE_1                                            0                             0

SCHED_FAILED_REASON_SUCCESS_CORE_1                         765050                       25.3024%
SCHED_FAILED_OPERANDS_NOT_READY_CORE_1                     340194                       11.2512%
SCHED_FAILED_NO_AVAILABLE_PORTS_CORE_1                    1918380                       63.4464%
SCHED_FAILED_NO_MEM_REQ_SLOTS_CORE_1                            0                             0%
SCHED_FAILED_NO_AVAILABLE_SIMD_UNIT_CORE_1                      0                             0%
SCHED_FAILED_FENCE_ACTIVE_CORE_1                                0                             0%
SCHED_FAILED_MEM_MANAGEMENT_CORE_1                              0                             0%
                                                          3023624                           100%

NUM_SAMPLES_CORE_2                                        1006480                       1006480

NUM_ACTIVE_BLOCKS_CORE_2                                  1006479                      0.999999

NUM_ACTIVE_THREADS_CORE_2                                32147973                        31.941

NUM_SCHED_IDLE_CYCLE_CORE_2                                     0                             0

NUM_NO_SCHED_CYCLE_CORE_2                                   33492                         33492

CORE_DISPATCHED_INST_CORE_2                                765050                        765050

CORE_DISPATCH_WAIT_CORE_2                                43097871                       56.3334

CORE_CYCLES_CORE_2                                              0                             0

CORE_SCHED_THREADS_CORE_2                                       0                           NaN

CORE_NUM_NO_FETCH_CYCLES_CORE_2                             73888                         73888

CORE_NUM_NO_FETCH_CYCLES_WITH_READY_THREADS_CORE_2                   0                             0

CORE_NUM_FETCH_CYCLES_CORE_2                                    0                             0

CORE_FETCH_DELTA_CORE_2                                         0                           NaN

CORE_NUM_RETIRE_CYCLES_CORE_2                                   0                             0

CORE_RETIRE_DELTA_CORE_2                                        0                           NaN

FENCE_PREF_REQ_CORE_2                                           0                             0

FENCE_WAITING_CORE_2                                            0                             0

DYN_FENCE_NUM_CORE_2                                            0                             0

WB_ORDERING_STALL_CORE_2                                        0                             0

WB_FULL_CORE_2                                                  0                             0

FENCE_TOT_CYCLES_CORE_2                                         0                             0

FENCE_EXEC_CYCLES_CORE_2                                        0                             0

STORE_RES_CORE_2                                                0                             0

STORE_NUM_CORE_2                                                0                             0

STORE_WB_FREE_CORE_2                                            0                             0

SCHED_FAILED_REASON_SUCCESS_CORE_2                         765050                       25.1423%
SCHED_FAILED_OPERANDS_NOT_READY_CORE_2                     335953                       11.0406%
SCHED_FAILED_NO_AVAILABLE_PORTS_CORE_2                    1941880                       63.8171%
SCHED_FAILED_NO_MEM_REQ_SLOTS_CORE_2                            0                             0%
SCHED_FAILED_NO_AVAILABLE_SIMD_UNIT_CORE_2                      0                             0%
SCHED_FAILED_FENCE_ACTIVE_CORE_2                                0                             0%
SCHED_FAILED_MEM_MANAGEMENT_CORE_2                              0                             0%
                                                          3042883                           100%

NUM_SAMPLES_CORE_3                                         931078                        931078

NUM_ACTIVE_BLOCKS_CORE_3                                   931077                      0.999999

NUM_ACTIVE_THREADS_CORE_3                                29746960                       31.9489

NUM_SCHED_IDLE_CYCLE_CORE_3                                     0                             0

NUM_NO_SCHED_CYCLE_CORE_3                                   32246                         32246

CORE_DISPATCHED_INST_CORE_3                                706200                        706200

CORE_DISPATCH_WAIT_CORE_3                                39906358                       56.5086

CORE_CYCLES_CORE_3                                              0                             0

CORE_SCHED_THREADS_CORE_3                                       0                           NaN

CORE_NUM_NO_FETCH_CYCLES_CORE_3                             69684                         69684

CORE_NUM_NO_FETCH_CYCLES_WITH_READY_THREADS_CORE_3                   0                             0

CORE_NUM_FETCH_CYCLES_CORE_3                                    0                             0

CORE_FETCH_DELTA_CORE_3                                         0                           NaN

CORE_NUM_RETIRE_CYCLES_CORE_3                                   0                             0

CORE_RETIRE_DELTA_CORE_3                                        0                           NaN

FENCE_PREF_REQ_CORE_3                                           0                             0

FENCE_WAITING_CORE_3                                            0                             0

DYN_FENCE_NUM_CORE_3                                            0                             0

WB_ORDERING_STALL_CORE_3                                        0                             0

WB_FULL_CORE_3                                                  0                             0

FENCE_TOT_CYCLES_CORE_3                                         0                             0

FENCE_EXEC_CYCLES_CORE_3                                        0                             0

STORE_RES_CORE_3                                                0                             0

STORE_NUM_CORE_3                                                0                             0

STORE_WB_FREE_CORE_3                                            0                             0

SCHED_FAILED_REASON_SUCCESS_CORE_3                         706200                       24.9518%
SCHED_FAILED_OPERANDS_NOT_READY_CORE_3                     337775                       11.9344%
SCHED_FAILED_NO_AVAILABLE_PORTS_CORE_3                    1786283                       63.1138%
SCHED_FAILED_NO_MEM_REQ_SLOTS_CORE_3                            0                             0%
SCHED_FAILED_NO_AVAILABLE_SIMD_UNIT_CORE_3                      0                             0%
SCHED_FAILED_FENCE_ACTIVE_CORE_3                                0                             0%
SCHED_FAILED_MEM_MANAGEMENT_CORE_3                              0                             0%
                                                          2830258                           100%

NUM_SAMPLES_CORE_4                                        1007639                       1007639

NUM_ACTIVE_BLOCKS_CORE_4                                  1007638                      0.999999

NUM_ACTIVE_THREADS_CORE_4                                32193003                       31.9489

NUM_SCHED_IDLE_CYCLE_CORE_4                                     0                             0

NUM_NO_SCHED_CYCLE_CORE_4                                   34645                         34645

CORE_DISPATCHED_INST_CORE_4                                765050                        765050

CORE_DISPATCH_WAIT_CORE_4                                43129985                       56.3754

CORE_CYCLES_CORE_4                                              0                             0

CORE_SCHED_THREADS_CORE_4                                       0                           NaN

CORE_NUM_NO_FETCH_CYCLES_CORE_4                             74729                         74729

CORE_NUM_NO_FETCH_CYCLES_WITH_READY_THREADS_CORE_4                   0                             0

CORE_NUM_FETCH_CYCLES_CORE_4                                    0                             0

CORE_FETCH_DELTA_CORE_4                                         0                           NaN

CORE_NUM_RETIRE_CYCLES_CORE_4                                   0                             0

CORE_RETIRE_DELTA_CORE_4                                        0                           NaN

FENCE_PREF_REQ_CORE_4                                           0                             0

FENCE_WAITING_CORE_4                                            0                             0

DYN_FENCE_NUM_CORE_4                                            0                             0

WB_ORDERING_STALL_CORE_4                                        0                             0

WB_FULL_CORE_4                                                  0                             0

FENCE_TOT_CYCLES_CORE_4                                         0                             0

FENCE_EXEC_CYCLES_CORE_4                                        0                             0

STORE_RES_CORE_4                                                0                             0

STORE_NUM_CORE_4                                                0                             0

STORE_WB_FREE_CORE_4                                            0                             0

SCHED_FAILED_REASON_SUCCESS_CORE_4                         765050                       25.0262%
SCHED_FAILED_OPERANDS_NOT_READY_CORE_4                     347962                       11.3825%
SCHED_FAILED_NO_AVAILABLE_PORTS_CORE_4                    1943990                       63.5914%
SCHED_FAILED_NO_MEM_REQ_SLOTS_CORE_4                            0                             0%
SCHED_FAILED_NO_AVAILABLE_SIMD_UNIT_CORE_4                      0                             0%
SCHED_FAILED_FENCE_ACTIVE_CORE_4                                0                             0%
SCHED_FAILED_MEM_MANAGEMENT_CORE_4                              0                             0%
                                                          3057002                           100%

NUM_SAMPLES_CORE_5                                        1006643                       1006643

NUM_ACTIVE_BLOCKS_CORE_5                                  1006642                      0.999999

NUM_ACTIVE_THREADS_CORE_5                                32172961                       31.9606

NUM_SCHED_IDLE_CYCLE_CORE_5                                     0                             0

NUM_NO_SCHED_CYCLE_CORE_5                                   34558                         34558

CORE_DISPATCHED_INST_CORE_5                                765050                        765050

CORE_DISPATCH_WAIT_CORE_5                                42997245                       56.2019

CORE_CYCLES_CORE_5                                              0                             0

CORE_SCHED_THREADS_CORE_5                                       0                           NaN

CORE_NUM_NO_FETCH_CYCLES_CORE_5                             75355                         75355

CORE_NUM_NO_FETCH_CYCLES_WITH_READY_THREADS_CORE_5                   0                             0

CORE_NUM_FETCH_CYCLES_CORE_5                                    0                             0

CORE_FETCH_DELTA_CORE_5                                         0                           NaN

CORE_NUM_RETIRE_CYCLES_CORE_5                                   0                             0

CORE_RETIRE_DELTA_CORE_5                                        0                           NaN

FENCE_PREF_REQ_CORE_5                                           0                             0

FENCE_WAITING_CORE_5                                            0                             0

DYN_FENCE_NUM_CORE_5                                            0                             0

WB_ORDERING_STALL_CORE_5                                        0                             0

WB_FULL_CORE_5                                                  0                             0

FENCE_TOT_CYCLES_CORE_5                                         0                             0

FENCE_EXEC_CYCLES_CORE_5                                        0                             0

STORE_RES_CORE_5                                                0                             0

STORE_NUM_CORE_5                                                0                             0

STORE_WB_FREE_CORE_5                                            0                             0

SCHED_FAILED_REASON_SUCCESS_CORE_5                         765050                       25.1229%
SCHED_FAILED_OPERANDS_NOT_READY_CORE_5                     330017                       10.8372%
SCHED_FAILED_NO_AVAILABLE_PORTS_CORE_5                    1950164                       64.0399%
SCHED_FAILED_NO_MEM_REQ_SLOTS_CORE_5                            0                             0%
SCHED_FAILED_NO_AVAILABLE_SIMD_UNIT_CORE_5                      0                             0%
SCHED_FAILED_FENCE_ACTIVE_CORE_5                                0                             0%
SCHED_FAILED_MEM_MANAGEMENT_CORE_5                              0                             0%
                                                          3045231                           100%

NUM_SAMPLES_CORE_6                                        1007966                       1007966

NUM_ACTIVE_BLOCKS_CORE_6                                  1007965                      0.999999

NUM_ACTIVE_THREADS_CORE_6                                32182407                       31.9281

NUM_SCHED_IDLE_CYCLE_CORE_6                                     0                             0

NUM_NO_SCHED_CYCLE_CORE_6                                   35049                         35049

CORE_DISPATCHED_INST_CORE_6                                765050                        765050

CORE_DISPATCH_WAIT_CORE_6                                43093754                        56.328

CORE_CYCLES_CORE_6                                              0                             0

CORE_SCHED_THREADS_CORE_6                                       0                           NaN

CORE_NUM_NO_FETCH_CYCLES_CORE_6                             74128                         74128

CORE_NUM_NO_FETCH_CYCLES_WITH_READY_THREADS_CORE_6                   0                             0

CORE_NUM_FETCH_CYCLES_CORE_6                                    0                             0

CORE_FETCH_DELTA_CORE_6                                         0                           NaN

CORE_NUM_RETIRE_CYCLES_CORE_6                                   0                             0

CORE_RETIRE_DELTA_CORE_6                                        0                           NaN

FENCE_PREF_REQ_CORE_6                                           0                             0

FENCE_WAITING_CORE_6                                            0                             0

DYN_FENCE_NUM_CORE_6                                            0                             0

WB_ORDERING_STALL_CORE_6                                        0                             0

WB_FULL_CORE_6                                                  0                             0

FENCE_TOT_CYCLES_CORE_6                                         0                             0

FENCE_EXEC_CYCLES_CORE_6                                        0                             0

STORE_RES_CORE_6                                                0                             0

STORE_NUM_CORE_6                                                0                             0

STORE_WB_FREE_CORE_6                                            0                             0

SCHED_FAILED_REASON_SUCCESS_CORE_6                         765050                       25.1103%
SCHED_FAILED_OPERANDS_NOT_READY_CORE_6                     344311                       11.3009%
SCHED_FAILED_NO_AVAILABLE_PORTS_CORE_6                    1937392                       63.5887%
SCHED_FAILED_NO_MEM_REQ_SLOTS_CORE_6                            0                             0%
SCHED_FAILED_NO_AVAILABLE_SIMD_UNIT_CORE_6                      0                             0%
SCHED_FAILED_FENCE_ACTIVE_CORE_6                                0                             0%
SCHED_FAILED_MEM_MANAGEMENT_CORE_6                              0                             0%
                                                          3046753                           100%

NUM_SAMPLES_CORE_7                                        1006971                       1006971

NUM_ACTIVE_BLOCKS_CORE_7                                  1006970                      0.999999

NUM_ACTIVE_THREADS_CORE_7                                32177121                       31.9544

NUM_SCHED_IDLE_CYCLE_CORE_7                                     0                             0

NUM_NO_SCHED_CYCLE_CORE_7                                   33393                         33393

CORE_DISPATCHED_INST_CORE_7                                765050                        765050

CORE_DISPATCH_WAIT_CORE_7                                43118347                       56.3602

CORE_CYCLES_CORE_7                                              0                             0

CORE_SCHED_THREADS_CORE_7                                       0                           NaN

CORE_NUM_NO_FETCH_CYCLES_CORE_7                             74438                         74438

CORE_NUM_NO_FETCH_CYCLES_WITH_READY_THREADS_CORE_7                   0                             0

CORE_NUM_FETCH_CYCLES_CORE_7                                    0                             0

CORE_FETCH_DELTA_CORE_7                                         0                           NaN

CORE_NUM_RETIRE_CYCLES_CORE_7                                   0                             0

CORE_RETIRE_DELTA_CORE_7                                        0                           NaN

FENCE_PREF_REQ_CORE_7                                           0                             0

FENCE_WAITING_CORE_7                                            0                             0

DYN_FENCE_NUM_CORE_7                                            0                             0

WB_ORDERING_STALL_CORE_7                                        0                             0

WB_FULL_CORE_7                                                  0                             0

FENCE_TOT_CYCLES_CORE_7                                         0                             0

FENCE_EXEC_CYCLES_CORE_7                                        0                             0

STORE_RES_CORE_7                                                0                             0

STORE_NUM_CORE_7                                                0                             0

STORE_WB_FREE_CORE_7                                            0                             0

SCHED_FAILED_REASON_SUCCESS_CORE_7                         765050                        25.179%
SCHED_FAILED_OPERANDS_NOT_READY_CORE_7                     346204                       11.3941%
SCHED_FAILED_NO_AVAILABLE_PORTS_CORE_7                    1927191                       63.4269%
SCHED_FAILED_NO_MEM_REQ_SLOTS_CORE_7                            0                             0%
SCHED_FAILED_NO_AVAILABLE_SIMD_UNIT_CORE_7                      0                             0%
SCHED_FAILED_FENCE_ACTIVE_CORE_7                                0                             0%
SCHED_FAILED_MEM_MANAGEMENT_CORE_7                              0                             0%
                                                          3038445                           100%

NUM_SAMPLES_CORE_8                                         930753                        930753

NUM_ACTIVE_BLOCKS_CORE_8                                   930752                      0.999999

NUM_ACTIVE_THREADS_CORE_8                                29741811                       31.9546

NUM_SCHED_IDLE_CYCLE_CORE_8                                     0                             0

NUM_NO_SCHED_CYCLE_CORE_8                                   31810                         31810

CORE_DISPATCHED_INST_CORE_8                                706200                        706200

CORE_DISPATCH_WAIT_CORE_8                                39857122                       56.4389

CORE_CYCLES_CORE_8                                              0                             0

CORE_SCHED_THREADS_CORE_8                                       0                           NaN

CORE_NUM_NO_FETCH_CYCLES_CORE_8                             69275                         69275

CORE_NUM_NO_FETCH_CYCLES_WITH_READY_THREADS_CORE_8                   0                             0

CORE_NUM_FETCH_CYCLES_CORE_8                                    0                             0

CORE_FETCH_DELTA_CORE_8                                         0                           NaN

CORE_NUM_RETIRE_CYCLES_CORE_8                                   0                             0

CORE_RETIRE_DELTA_CORE_8                                        0                           NaN

FENCE_PREF_REQ_CORE_8                                           0                             0

FENCE_WAITING_CORE_8                                            0                             0

DYN_FENCE_NUM_CORE_8                                            0                             0

WB_ORDERING_STALL_CORE_8                                        0                             0

WB_FULL_CORE_8                                                  0                             0

FENCE_TOT_CYCLES_CORE_8                                         0                             0

FENCE_EXEC_CYCLES_CORE_8                                        0                             0

STORE_RES_CORE_8                                                0                             0

STORE_NUM_CORE_8                                                0                             0

STORE_WB_FREE_CORE_8                                            0                             0

SCHED_FAILED_REASON_SUCCESS_CORE_8                         706200                       25.0778%
SCHED_FAILED_OPERANDS_NOT_READY_CORE_8                     325417                       11.5558%
SCHED_FAILED_NO_AVAILABLE_PORTS_CORE_8                    1784424                       63.3664%
SCHED_FAILED_NO_MEM_REQ_SLOTS_CORE_8                            0                             0%
SCHED_FAILED_NO_AVAILABLE_SIMD_UNIT_CORE_8                      0                             0%
SCHED_FAILED_FENCE_ACTIVE_CORE_8                                0                             0%
SCHED_FAILED_MEM_MANAGEMENT_CORE_8                              0                             0%
                                                          2816041                           100%

NUM_SAMPLES_CORE_9                                         931240                        931240

NUM_ACTIVE_BLOCKS_CORE_9                                   931239                      0.999999

NUM_ACTIVE_THREADS_CORE_9                                29766526                       31.9644

NUM_SCHED_IDLE_CYCLE_CORE_9                                     0                             0

NUM_NO_SCHED_CYCLE_CORE_9                                   32568                         32568

CORE_DISPATCHED_INST_CORE_9                                706200                        706200

CORE_DISPATCH_WAIT_CORE_9                                39833361                       56.4052

CORE_CYCLES_CORE_9                                              0                             0

CORE_SCHED_THREADS_CORE_9                                       0                           NaN

CORE_NUM_NO_FETCH_CYCLES_CORE_9                             70391                         70391

CORE_NUM_NO_FETCH_CYCLES_WITH_READY_THREADS_CORE_9                   0                             0

CORE_NUM_FETCH_CYCLES_CORE_9                                    0                             0

CORE_FETCH_DELTA_CORE_9                                         0                           NaN

CORE_NUM_RETIRE_CYCLES_CORE_9                                   0                             0

CORE_RETIRE_DELTA_CORE_9                                        0                           NaN

FENCE_PREF_REQ_CORE_9                                           0                             0

FENCE_WAITING_CORE_9                                            0                             0

DYN_FENCE_NUM_CORE_9                                            0                             0

WB_ORDERING_STALL_CORE_9                                        0                             0

WB_FULL_CORE_9                                                  0                             0

FENCE_TOT_CYCLES_CORE_9                                         0                             0

FENCE_EXEC_CYCLES_CORE_9                                        0                             0

STORE_RES_CORE_9                                                0                             0

STORE_NUM_CORE_9                                                0                             0

STORE_WB_FREE_CORE_9                                            0                             0

SCHED_FAILED_REASON_SUCCESS_CORE_9                         706200                        24.929%
SCHED_FAILED_OPERANDS_NOT_READY_CORE_9                     337513                       11.9143%
SCHED_FAILED_NO_AVAILABLE_PORTS_CORE_9                    1789136                       63.1568%
SCHED_FAILED_NO_MEM_REQ_SLOTS_CORE_9                            0                             0%
SCHED_FAILED_NO_AVAILABLE_SIMD_UNIT_CORE_9                      0                             0%
SCHED_FAILED_FENCE_ACTIVE_CORE_9                                0                             0%
SCHED_FAILED_MEM_MANAGEMENT_CORE_9                              0                             0%
                                                          2832849                           100%

NUM_SAMPLES_CORE_10                                       1007802                       1007802

NUM_ACTIVE_BLOCKS_CORE_10                                 1007801                      0.999999

NUM_ACTIVE_THREADS_CORE_10                               32172351                       31.9233

NUM_SCHED_IDLE_CYCLE_CORE_10                                    0                             0

NUM_NO_SCHED_CYCLE_CORE_10                                  34275                         34275

CORE_DISPATCHED_INST_CORE_10                               765050                        765050

CORE_DISPATCH_WAIT_CORE_10                               43066139                       56.2919

CORE_CYCLES_CORE_10                                             0                             0

CORE_SCHED_THREADS_CORE_10                                      0                           NaN

CORE_NUM_NO_FETCH_CYCLES_CORE_10                            73566                         73566

CORE_NUM_NO_FETCH_CYCLES_WITH_READY_THREADS_CORE_10                   0                             0

CORE_NUM_FETCH_CYCLES_CORE_10                                   0                             0

CORE_FETCH_DELTA_CORE_10                                        0                           NaN

CORE_NUM_RETIRE_CYCLES_CORE_10                                  0                             0

CORE_RETIRE_DELTA_CORE_10                                       0                           NaN

FENCE_PREF_REQ_CORE_10                                          0                             0

FENCE_WAITING_CORE_10                                           0                             0

DYN_FENCE_NUM_CORE_10                                           0                             0

WB_ORDERING_STALL_CORE_10                                       0                             0

WB_FULL_CORE_10                                                 0                             0

FENCE_TOT_CYCLES_CORE_10                                        0                             0

FENCE_EXEC_CYCLES_CORE_10                                       0                             0

STORE_RES_CORE_10                                               0                             0

STORE_NUM_CORE_10                                               0                             0

STORE_WB_FREE_CORE_10                                           0                             0

SCHED_FAILED_REASON_SUCCESS_CORE_10                        765050                       25.2831%
SCHED_FAILED_OPERANDS_NOT_READY_CORE_10                    329229                       10.8802%
SCHED_FAILED_NO_AVAILABLE_PORTS_CORE_10                   1931660                       63.8367%
SCHED_FAILED_NO_MEM_REQ_SLOTS_CORE_10                           0                             0%
SCHED_FAILED_NO_AVAILABLE_SIMD_UNIT_CORE_10                     0                             0%
SCHED_FAILED_FENCE_ACTIVE_CORE_10                               0                             0%
SCHED_FAILED_MEM_MANAGEMENT_CORE_10                             0                             0%
                                                          3025939                           100%

NUM_SAMPLES_CORE_11                                        930914                        930914

NUM_ACTIVE_BLOCKS_CORE_11                                  930913                      0.999999

NUM_ACTIVE_THREADS_CORE_11                               29748966                       31.9567

NUM_SCHED_IDLE_CYCLE_CORE_11                                    0                             0

NUM_NO_SCHED_CYCLE_CORE_11                                  32772                         32772

CORE_DISPATCHED_INST_CORE_11                               706200                        706200

CORE_DISPATCH_WAIT_CORE_11                               39826743                       56.3958

CORE_CYCLES_CORE_11                                             0                             0

CORE_SCHED_THREADS_CORE_11                                      0                           NaN

CORE_NUM_NO_FETCH_CYCLES_CORE_11                            69736                         69736

CORE_NUM_NO_FETCH_CYCLES_WITH_READY_THREADS_CORE_11                   0                             0

CORE_NUM_FETCH_CYCLES_CORE_11                                   0                             0

CORE_FETCH_DELTA_CORE_11                                        0                           NaN

CORE_NUM_RETIRE_CYCLES_CORE_11                                  0                             0

CORE_RETIRE_DELTA_CORE_11                                       0                           NaN

FENCE_PREF_REQ_CORE_11                                          0                             0

FENCE_WAITING_CORE_11                                           0                             0

DYN_FENCE_NUM_CORE_11                                           0                             0

WB_ORDERING_STALL_CORE_11                                       0                             0

WB_FULL_CORE_11                                                 0                             0

FENCE_TOT_CYCLES_CORE_11                                        0                             0

FENCE_EXEC_CYCLES_CORE_11                                       0                             0

STORE_RES_CORE_11                                               0                             0

STORE_NUM_CORE_11                                               0                             0

STORE_WB_FREE_CORE_11                                           0                             0

SCHED_FAILED_REASON_SUCCESS_CORE_11                        706200                       24.9108%
SCHED_FAILED_OPERANDS_NOT_READY_CORE_11                    327829                        11.564%
SCHED_FAILED_NO_AVAILABLE_PORTS_CORE_11                   1800881                       63.5252%
SCHED_FAILED_NO_MEM_REQ_SLOTS_CORE_11                           0                             0%
SCHED_FAILED_NO_AVAILABLE_SIMD_UNIT_CORE_11                     0                             0%
SCHED_FAILED_FENCE_ACTIVE_CORE_11                               0                             0%
SCHED_FAILED_MEM_MANAGEMENT_CORE_11                             0                             0%
                                                          2834910                           100%

NUM_SAMPLES_CORE_12                                       1007464                       1007464

NUM_ACTIVE_BLOCKS_CORE_12                                 1007463                      0.999999

NUM_ACTIVE_THREADS_CORE_12                               32194779                       31.9563

NUM_SCHED_IDLE_CYCLE_CORE_12                                    0                             0

NUM_NO_SCHED_CYCLE_CORE_12                                  34385                         34385

CORE_DISPATCHED_INST_CORE_12                               765050                        765050

CORE_DISPATCH_WAIT_CORE_12                               43124813                       56.3686

CORE_CYCLES_CORE_12                                             0                             0

CORE_SCHED_THREADS_CORE_12                                      0                           NaN

CORE_NUM_NO_FETCH_CYCLES_CORE_12                            74941                         74941

CORE_NUM_NO_FETCH_CYCLES_WITH_READY_THREADS_CORE_12                   0                             0

CORE_NUM_FETCH_CYCLES_CORE_12                                   0                             0

CORE_FETCH_DELTA_CORE_12                                        0                           NaN

CORE_NUM_RETIRE_CYCLES_CORE_12                                  0                             0

CORE_RETIRE_DELTA_CORE_12                                       0                           NaN

FENCE_PREF_REQ_CORE_12                                          0                             0

FENCE_WAITING_CORE_12                                           0                             0

DYN_FENCE_NUM_CORE_12                                           0                             0

WB_ORDERING_STALL_CORE_12                                       0                             0

WB_FULL_CORE_12                                                 0                             0

FENCE_TOT_CYCLES_CORE_12                                        0                             0

FENCE_EXEC_CYCLES_CORE_12                                       0                             0

STORE_RES_CORE_12                                               0                             0

STORE_NUM_CORE_12                                               0                             0

STORE_WB_FREE_CORE_12                                           0                             0

SCHED_FAILED_REASON_SUCCESS_CORE_12                        765050                       25.1335%
SCHED_FAILED_OPERANDS_NOT_READY_CORE_12                    337707                       11.0944%
SCHED_FAILED_NO_AVAILABLE_PORTS_CORE_12                   1941192                       63.7722%
SCHED_FAILED_NO_MEM_REQ_SLOTS_CORE_12                           0                             0%
SCHED_FAILED_NO_AVAILABLE_SIMD_UNIT_CORE_12                     0                             0%
SCHED_FAILED_FENCE_ACTIVE_CORE_12                               0                             0%
SCHED_FAILED_MEM_MANAGEMENT_CORE_12                             0                             0%
                                                          3043949                           100%

NUM_SAMPLES_CORE_13                                       1008130                       1008130

NUM_ACTIVE_BLOCKS_CORE_13                                 1008129                      0.999999

NUM_ACTIVE_THREADS_CORE_13                               32183921                       31.9244

NUM_SCHED_IDLE_CYCLE_CORE_13                                    0                             0

NUM_NO_SCHED_CYCLE_CORE_13                                  35967                         35967

CORE_DISPATCHED_INST_CORE_13                               765050                        765050

CORE_DISPATCH_WAIT_CORE_13                               43033466                       56.2492

CORE_CYCLES_CORE_13                                             0                             0

CORE_SCHED_THREADS_CORE_13                                      0                           NaN

CORE_NUM_NO_FETCH_CYCLES_CORE_13                            75465                         75465

CORE_NUM_NO_FETCH_CYCLES_WITH_READY_THREADS_CORE_13                   0                             0

CORE_NUM_FETCH_CYCLES_CORE_13                                   0                             0

CORE_FETCH_DELTA_CORE_13                                        0                           NaN

CORE_NUM_RETIRE_CYCLES_CORE_13                                  0                             0

CORE_RETIRE_DELTA_CORE_13                                       0                           NaN

FENCE_PREF_REQ_CORE_13                                          0                             0

FENCE_WAITING_CORE_13                                           0                             0

DYN_FENCE_NUM_CORE_13                                           0                             0

WB_ORDERING_STALL_CORE_13                                       0                             0

WB_FULL_CORE_13                                                 0                             0

FENCE_TOT_CYCLES_CORE_13                                        0                             0

FENCE_EXEC_CYCLES_CORE_13                                       0                             0

STORE_RES_CORE_13                                               0                             0

STORE_NUM_CORE_13                                               0                             0

STORE_WB_FREE_CORE_13                                           0                             0

SCHED_FAILED_REASON_SUCCESS_CORE_13                        765050                       24.9579%
SCHED_FAILED_OPERANDS_NOT_READY_CORE_13                    336896                       10.9904%
SCHED_FAILED_NO_AVAILABLE_PORTS_CORE_13                   1963410                       64.0516%
SCHED_FAILED_NO_MEM_REQ_SLOTS_CORE_13                           0                             0%
SCHED_FAILED_NO_AVAILABLE_SIMD_UNIT_CORE_13                     0                             0%
SCHED_FAILED_FENCE_ACTIVE_CORE_13                               0                             0%
SCHED_FAILED_MEM_MANAGEMENT_CORE_13                             0                             0%
                                                          3065356                           100%

NUM_SAMPLES_CORE_14                                       1006316                       1006316

NUM_ACTIVE_BLOCKS_CORE_14                                 1006315                      0.999999

NUM_ACTIVE_THREADS_CORE_14                               32125911                       31.9243

NUM_SCHED_IDLE_CYCLE_CORE_14                                    0                             0

NUM_NO_SCHED_CYCLE_CORE_14                                  34287                         34287

CORE_DISPATCHED_INST_CORE_14                               765050                        765050

CORE_DISPATCH_WAIT_CORE_14                               43033983                       56.2499

CORE_CYCLES_CORE_14                                             0                             0

CORE_SCHED_THREADS_CORE_14                                      0                           NaN

CORE_NUM_NO_FETCH_CYCLES_CORE_14                            72737                         72737

CORE_NUM_NO_FETCH_CYCLES_WITH_READY_THREADS_CORE_14                   0                             0

CORE_NUM_FETCH_CYCLES_CORE_14                                   0                             0

CORE_FETCH_DELTA_CORE_14                                        0                           NaN

CORE_NUM_RETIRE_CYCLES_CORE_14                                  0                             0

CORE_RETIRE_DELTA_CORE_14                                       0                           NaN

FENCE_PREF_REQ_CORE_14                                          0                             0

FENCE_WAITING_CORE_14                                           0                             0

DYN_FENCE_NUM_CORE_14                                           0                             0

WB_ORDERING_STALL_CORE_14                                       0                             0

WB_FULL_CORE_14                                                 0                             0

FENCE_TOT_CYCLES_CORE_14                                        0                             0

FENCE_EXEC_CYCLES_CORE_14                                       0                             0

STORE_RES_CORE_14                                               0                             0

STORE_NUM_CORE_14                                               0                             0

STORE_WB_FREE_CORE_14                                           0                             0

SCHED_FAILED_REASON_SUCCESS_CORE_14                        765050                       25.2228%
SCHED_FAILED_OPERANDS_NOT_READY_CORE_14                    322616                       10.6363%
SCHED_FAILED_NO_AVAILABLE_PORTS_CORE_14                   1945505                        64.141%
SCHED_FAILED_NO_MEM_REQ_SLOTS_CORE_14                           0                             0%
SCHED_FAILED_NO_AVAILABLE_SIMD_UNIT_CORE_14                     0                             0%
SCHED_FAILED_FENCE_ACTIVE_CORE_14                               0                             0%
SCHED_FAILED_MEM_MANAGEMENT_CORE_14                             0                             0%
                                                          3033171                           100%

NUM_SAMPLES_CORE_15                                       1005824                       1005824

NUM_ACTIVE_BLOCKS_CORE_15                                 1005823                      0.999999

NUM_ACTIVE_THREADS_CORE_15                               32115261                       31.9293

NUM_SCHED_IDLE_CYCLE_CORE_15                                    0                             0

NUM_NO_SCHED_CYCLE_CORE_15                                  32738                         32738

CORE_DISPATCHED_INST_CORE_15                               765050                        765050

CORE_DISPATCH_WAIT_CORE_15                               43084598                       56.3161

CORE_CYCLES_CORE_15                                             0                             0

CORE_SCHED_THREADS_CORE_15                                      0                           NaN

CORE_NUM_NO_FETCH_CYCLES_CORE_15                            72974                         72974

CORE_NUM_NO_FETCH_CYCLES_WITH_READY_THREADS_CORE_15                   0                             0

CORE_NUM_FETCH_CYCLES_CORE_15                                   0                             0

CORE_FETCH_DELTA_CORE_15                                        0                           NaN

CORE_NUM_RETIRE_CYCLES_CORE_15                                  0                             0

CORE_RETIRE_DELTA_CORE_15                                       0                           NaN

FENCE_PREF_REQ_CORE_15                                          0                             0

FENCE_WAITING_CORE_15                                           0                             0

DYN_FENCE_NUM_CORE_15                                           0                             0

WB_ORDERING_STALL_CORE_15                                       0                             0

WB_FULL_CORE_15                                                 0                             0

FENCE_TOT_CYCLES_CORE_15                                        0                             0

FENCE_EXEC_CYCLES_CORE_15                                       0                             0

STORE_RES_CORE_15                                               0                             0

STORE_NUM_CORE_15                                               0                             0

STORE_WB_FREE_CORE_15                                           0                             0

SCHED_FAILED_REASON_SUCCESS_CORE_15                        765050                       25.3577%
SCHED_FAILED_OPERANDS_NOT_READY_CORE_15                    328361                       10.8836%
SCHED_FAILED_NO_AVAILABLE_PORTS_CORE_15                   1923622                       63.7587%
SCHED_FAILED_NO_MEM_REQ_SLOTS_CORE_15                           0                             0%
SCHED_FAILED_NO_AVAILABLE_SIMD_UNIT_CORE_15                     0                             0%
SCHED_FAILED_FENCE_ACTIVE_CORE_15                               0                             0%
SCHED_FAILED_MEM_MANAGEMENT_CORE_15                             0                             0%
                                                          3017033                           100%

NUM_SAMPLES_CORE_16                                       1006807                       1006807

NUM_ACTIVE_BLOCKS_CORE_16                                 1006806                      0.999999

NUM_ACTIVE_THREADS_CORE_16                               32176941                       31.9594

NUM_SCHED_IDLE_CYCLE_CORE_16                                    0                             0

NUM_NO_SCHED_CYCLE_CORE_16                                  34391                         34391

CORE_DISPATCHED_INST_CORE_16                               765050                        765050

CORE_DISPATCH_WAIT_CORE_16                               43064556                       56.2899

CORE_CYCLES_CORE_16                                             0                             0

CORE_SCHED_THREADS_CORE_16                                      0                           NaN

CORE_NUM_NO_FETCH_CYCLES_CORE_16                            75094                         75094

CORE_NUM_NO_FETCH_CYCLES_WITH_READY_THREADS_CORE_16                   0                             0

CORE_NUM_FETCH_CYCLES_CORE_16                                   0                             0

CORE_FETCH_DELTA_CORE_16                                        0                           NaN

CORE_NUM_RETIRE_CYCLES_CORE_16                                  0                             0

CORE_RETIRE_DELTA_CORE_16                                       0                           NaN

FENCE_PREF_REQ_CORE_16                                          0                             0

FENCE_WAITING_CORE_16                                           0                             0

DYN_FENCE_NUM_CORE_16                                           0                             0

WB_ORDERING_STALL_CORE_16                                       0                             0

WB_FULL_CORE_16                                                 0                             0

FENCE_TOT_CYCLES_CORE_16                                        0                             0

FENCE_EXEC_CYCLES_CORE_16                                       0                             0

STORE_RES_CORE_16                                               0                             0

STORE_NUM_CORE_16                                               0                             0

STORE_WB_FREE_CORE_16                                           0                             0

SCHED_FAILED_REASON_SUCCESS_CORE_16                        765050                       24.9833%
SCHED_FAILED_OPERANDS_NOT_READY_CORE_16                    345856                       11.2942%
SCHED_FAILED_NO_AVAILABLE_PORTS_CORE_16                   1951339                       63.7225%
SCHED_FAILED_NO_MEM_REQ_SLOTS_CORE_16                           0                             0%
SCHED_FAILED_NO_AVAILABLE_SIMD_UNIT_CORE_16                     0                             0%
SCHED_FAILED_FENCE_ACTIVE_CORE_16                               0                             0%
SCHED_FAILED_MEM_MANAGEMENT_CORE_16                             0                             0%
                                                          3062245                           100%

NUM_SAMPLES_CORE_17                                       1006152                       1006152

NUM_ACTIVE_BLOCKS_CORE_17                                 1006151                      0.999999

NUM_ACTIVE_THREADS_CORE_17                               32139479                        31.943

NUM_SCHED_IDLE_CYCLE_CORE_17                                    0                             0

NUM_NO_SCHED_CYCLE_CORE_17                                  33218                         33218

CORE_DISPATCHED_INST_CORE_17                               765050                        765050

CORE_DISPATCH_WAIT_CORE_17                               42991118                       56.1939

CORE_CYCLES_CORE_17                                             0                             0

CORE_SCHED_THREADS_CORE_17                                      0                           NaN

CORE_NUM_NO_FETCH_CYCLES_CORE_17                            73375                         73375

CORE_NUM_NO_FETCH_CYCLES_WITH_READY_THREADS_CORE_17                   0                             0

CORE_NUM_FETCH_CYCLES_CORE_17                                   0                             0

CORE_FETCH_DELTA_CORE_17                                        0                           NaN

CORE_NUM_RETIRE_CYCLES_CORE_17                                  0                             0

CORE_RETIRE_DELTA_CORE_17                                       0                           NaN

FENCE_PREF_REQ_CORE_17                                          0                             0

FENCE_WAITING_CORE_17                                           0                             0

DYN_FENCE_NUM_CORE_17                                           0                             0

WB_ORDERING_STALL_CORE_17                                       0                             0

WB_FULL_CORE_17                                                 0                             0

FENCE_TOT_CYCLES_CORE_17                                        0                             0

FENCE_EXEC_CYCLES_CORE_17                                       0                             0

STORE_RES_CORE_17                                               0                             0

STORE_NUM_CORE_17                                               0                             0

STORE_WB_FREE_CORE_17                                           0                             0

SCHED_FAILED_REASON_SUCCESS_CORE_17                        765050                       25.3853%
SCHED_FAILED_OPERANDS_NOT_READY_CORE_17                    312406                        10.366%
SCHED_FAILED_NO_AVAILABLE_PORTS_CORE_17                   1936298                       64.2487%
SCHED_FAILED_NO_MEM_REQ_SLOTS_CORE_17                           0                             0%
SCHED_FAILED_NO_AVAILABLE_SIMD_UNIT_CORE_17                     0                             0%
SCHED_FAILED_FENCE_ACTIVE_CORE_17                               0                             0%
SCHED_FAILED_MEM_MANAGEMENT_CORE_17                             0                             0%
                                                          3013754                           100%

NUM_SAMPLES_CORE_18                                       1007299                       1007299

NUM_ACTIVE_BLOCKS_CORE_18                                 1007298                      0.999999

NUM_ACTIVE_THREADS_CORE_18                               32173398                       31.9403

NUM_SCHED_IDLE_CYCLE_CORE_18                                    0                             0

NUM_NO_SCHED_CYCLE_CORE_18                                  34875                         34875

CORE_DISPATCHED_INST_CORE_18                               765050                        765050

CORE_DISPATCH_WAIT_CORE_18                               43087167                       56.3194

CORE_CYCLES_CORE_18                                             0                             0

CORE_SCHED_THREADS_CORE_18                                      0                           NaN

CORE_NUM_NO_FETCH_CYCLES_CORE_18                            74531                         74531

CORE_NUM_NO_FETCH_CYCLES_WITH_READY_THREADS_CORE_18                   0                             0

CORE_NUM_FETCH_CYCLES_CORE_18                                   0                             0

CORE_FETCH_DELTA_CORE_18                                        0                           NaN

CORE_NUM_RETIRE_CYCLES_CORE_18                                  0                             0

CORE_RETIRE_DELTA_CORE_18                                       0                           NaN

FENCE_PREF_REQ_CORE_18                                          0                             0

FENCE_WAITING_CORE_18                                           0                             0

DYN_FENCE_NUM_CORE_18                                           0                             0

WB_ORDERING_STALL_CORE_18                                       0                             0

WB_FULL_CORE_18                                                 0                             0

FENCE_TOT_CYCLES_CORE_18                                        0                             0

FENCE_EXEC_CYCLES_CORE_18                                       0                             0

STORE_RES_CORE_18                                               0                             0

STORE_NUM_CORE_18                                               0                             0

STORE_WB_FREE_CORE_18                                           0                             0

SCHED_FAILED_REASON_SUCCESS_CORE_18                        765050                       25.0672%
SCHED_FAILED_OPERANDS_NOT_READY_CORE_18                    340239                       11.1481%
SCHED_FAILED_NO_AVAILABLE_PORTS_CORE_18                   1946711                       63.7848%
SCHED_FAILED_NO_MEM_REQ_SLOTS_CORE_18                           0                             0%
SCHED_FAILED_NO_AVAILABLE_SIMD_UNIT_CORE_18                     0                             0%
SCHED_FAILED_FENCE_ACTIVE_CORE_18                               0                             0%
SCHED_FAILED_MEM_MANAGEMENT_CORE_18                             0                             0%
                                                          3052000                           100%

NUM_SAMPLES_CORE_19                                       1007135                       1007135

NUM_ACTIVE_BLOCKS_CORE_19                                 1007134                      0.999999

NUM_ACTIVE_THREADS_CORE_19                               32160398                       31.9326

NUM_SCHED_IDLE_CYCLE_CORE_19                                    0                             0

NUM_NO_SCHED_CYCLE_CORE_19                                  34348                         34348

CORE_DISPATCHED_INST_CORE_19                               765050                        765050

CORE_DISPATCH_WAIT_CORE_19                               43033701                       56.2495

CORE_CYCLES_CORE_19                                             0                             0

CORE_SCHED_THREADS_CORE_19                                      0                           NaN

CORE_NUM_NO_FETCH_CYCLES_CORE_19                            73647                         73647

CORE_NUM_NO_FETCH_CYCLES_WITH_READY_THREADS_CORE_19                   0                             0

CORE_NUM_FETCH_CYCLES_CORE_19                                   0                             0

CORE_FETCH_DELTA_CORE_19                                        0                           NaN

CORE_NUM_RETIRE_CYCLES_CORE_19                                  0                             0

CORE_RETIRE_DELTA_CORE_19                                       0                           NaN

FENCE_PREF_REQ_CORE_19                                          0                             0

FENCE_WAITING_CORE_19                                           0                             0

DYN_FENCE_NUM_CORE_19                                           0                             0

WB_ORDERING_STALL_CORE_19                                       0                             0

WB_FULL_CORE_19                                                 0                             0

FENCE_TOT_CYCLES_CORE_19                                        0                             0

FENCE_EXEC_CYCLES_CORE_19                                       0                             0

STORE_RES_CORE_19                                               0                             0

STORE_NUM_CORE_19                                               0                             0

STORE_WB_FREE_CORE_19                                           0                             0

SCHED_FAILED_REASON_SUCCESS_CORE_19                        765050                       25.1789%
SCHED_FAILED_OPERANDS_NOT_READY_CORE_19                    323917                       10.6606%
SCHED_FAILED_NO_AVAILABLE_PORTS_CORE_19                   1949495                       64.1606%
SCHED_FAILED_NO_MEM_REQ_SLOTS_CORE_19                           0                             0%
SCHED_FAILED_NO_AVAILABLE_SIMD_UNIT_CORE_19                     0                             0%
SCHED_FAILED_FENCE_ACTIVE_CORE_19                               0                             0%
SCHED_FAILED_MEM_MANAGEMENT_CORE_19                             0                             0%
                                                          3038462                           100%

