####################################################################################################
Interval
####################################################################################################
Cumulative:         Cycles:                  20000     Instructions:                  1200
INST_COUNT_TOT                                           15065600                      15065600

UOP_COUNT_TOT                                            15065600                      15065600

CYC_COUNT_TOT                                            25203226                      25203226

EXE_TIME                                                      559                           559

NUM_REPEAT                                                      0                             0

CYC_COUNT_X86                                                   0                             0

CYC_COUNT_ACC                                            25203225                      25203225

AVG_BLOCK_EXE_CYCLE                                    3312188493                    3312188493

AVG_BLOCK_EXE_CYCLE_BASE                                      256                           256

PROGRESS_ERROR                                                  0                             0

FILE_OPEN_ERROR                                                 0                             0

NUM_THREAD                                                      0                             0

APPL_CYC_COUNT_BASE0                                            1                             1

APPL_CYC_COUNT_BASE1                                            0                             0

APPL_CYC_COUNT_BASE2                                            0                             0

APPL_CYC_COUNT_BASE3                                            0                             0

APPL_CYC_COUNT_BASE4                                            0                             0

APPL_CYC_COUNT0                                          25203225                   2.52032e+07

APPL_CYC_COUNT1                                                 0                           NaN

APPL_CYC_COUNT2                                                 0                           NaN

APPL_CYC_COUNT3                                                 0                           NaN

APPL_CYC_COUNT4                                                 0                           NaN

CPI_DELTA_BASE0                                                 0                             0

CPI_DELTA_BASE1                                                 0                             0

CPI_DELTA_BASE2                                                 0                             0

CPI_DELTA_BASE3                                                 0                             0

CPI_DELTA_BASE4                                                 0                             0

CPI_DELTA0                                                      0                           NaN

CPI_DELTA1                                                      0                           NaN

CPI_DELTA2                                                      0                           NaN

CPI_DELTA3                                                      0                           NaN

CPI_DELTA4                                                      0                           NaN

CYCLE_CPU                                                       0                             0

CYCLE_GPU                                                       0                             0

INST_COUNT_CORE_0                                          765050                        765050

UOP_COUNT_CORE_0                                           765050                        765050

CYC_COUNT_CORE_0                                          1005988                       1005988

INST_COUNT_CORE_1                                          765050                        765050

UOP_COUNT_CORE_1                                           765050                        765050

CYC_COUNT_CORE_1                                          1005660                       1005660

INST_COUNT_CORE_2                                          765050                        765050

UOP_COUNT_CORE_2                                           765050                        765050

CYC_COUNT_CORE_2                                          1006480                       1006480

INST_COUNT_CORE_3                                          706200                        706200

UOP_COUNT_CORE_3                                           706200                        706200

CYC_COUNT_CORE_3                                           931078                        931078

INST_COUNT_CORE_4                                          765050                        765050

UOP_COUNT_CORE_4                                           765050                        765050

CYC_COUNT_CORE_4                                          1007639                       1007639

INST_COUNT_CORE_5                                          765050                        765050

UOP_COUNT_CORE_5                                           765050                        765050

CYC_COUNT_CORE_5                                          1006643                       1006643

INST_COUNT_CORE_6                                          765050                        765050

UOP_COUNT_CORE_6                                           765050                        765050

CYC_COUNT_CORE_6                                          1007966                       1007966

INST_COUNT_CORE_7                                          765050                        765050

UOP_COUNT_CORE_7                                           765050                        765050

CYC_COUNT_CORE_7                                          1006971                       1006971

INST_COUNT_CORE_8                                          706200                        706200

UOP_COUNT_CORE_8                                           706200                        706200

CYC_COUNT_CORE_8                                           930753                        930753

INST_COUNT_CORE_9                                          706200                        706200

UOP_COUNT_CORE_9                                           706200                        706200

CYC_COUNT_CORE_9                                           931240                        931240

INST_COUNT_CORE_10                                         765050                        765050

UOP_COUNT_CORE_10                                          765050                        765050

CYC_COUNT_CORE_10                                         1007802                       1007802

INST_COUNT_CORE_11                                         706200                        706200

UOP_COUNT_CORE_11                                          706200                        706200

CYC_COUNT_CORE_11                                          930914                        930914

INST_COUNT_CORE_12                                         765050                        765050

UOP_COUNT_CORE_12                                          765050                        765050

CYC_COUNT_CORE_12                                         1007464                       1007464

INST_COUNT_CORE_13                                         765050                        765050

UOP_COUNT_CORE_13                                          765050                        765050

CYC_COUNT_CORE_13                                         1008130                       1008130

INST_COUNT_CORE_14                                         765050                        765050

UOP_COUNT_CORE_14                                          765050                        765050

CYC_COUNT_CORE_14                                         1006316                       1006316

INST_COUNT_CORE_15                                         765050                        765050

UOP_COUNT_CORE_15                                          765050                        765050

CYC_COUNT_CORE_15                                         1005824                       1005824

INST_COUNT_CORE_16                                         765050                        765050

UOP_COUNT_CORE_16                                          765050                        765050

CYC_COUNT_CORE_16                                         1006807                       1006807

INST_COUNT_CORE_17                                         765050                        765050

UOP_COUNT_CORE_17                                          765050                        765050

CYC_COUNT_CORE_17                                         1006152                       1006152

INST_COUNT_CORE_18                                         765050                        765050

UOP_COUNT_CORE_18                                          765050                        765050

CYC_COUNT_CORE_18                                         1007299                       1007299

INST_COUNT_CORE_19                                         765050                        765050

UOP_COUNT_CORE_19                                          765050                        765050

CYC_COUNT_CORE_19                                         1007135                       1007135

