
; Multi2Sim 5.0 - A Simulation Framework for CPU-GPU Heterogeneous Computing
; Please use command 'm2s --help' for a list of command-line options.
; Simulation alpha-numeric ID: Sazcx


;
; Simulation Statistics Summary
;

[ General ]
RealTime = 302.17 [s]
SimEnd = KplStall
SimTime = 622003.73 [ns]
Frequency = 1607 [MHz]
Cycles = 1000007

[ Kepler ]
TotalInstructions = 517573760
IntegerInstructions = 216599040
FP32Instructions = 40386560
FP64Instructions = 0
ControlInstructions = 43006080
LSInstructions = 43233280
MovementInstructions = 86059520
ConversionInstructions = 0
PredicateInstructions = 21504000
MiscInstructions = 66785280

[ x86 ]
RealTime = 302.11 [s]
Instructions = 109717498
InstructionsPerSecond = 363173

