Transpose Starting...

MapSMtoCores for SM 6.1 is undefined.  Default to use 192 Cores/SM
GPU Device 0: "NVIDIA GeForce GTX 1080" with compute capability 6.1

MapSMtoCores for SM 6.1 is undefined.  Default to use 192 Cores/SM
> Device 0: "NVIDIA GeForce GTX 1080"
> SM Capability 6.1 detected:
MapSMtoCores for SM 6.1 is undefined.  Default to use 192 Cores/SM
MapSMtoCores for SM 6.1 is undefined.  Default to use 192 Cores/SM
> [NVIDIA GeForce GTX 1080] has 20 MP(s) x 192 (Cores/MP) = 3840 (Cores)
> Compute performance scaling factor = 1.00
> MatrixSize X = 128
> MatrixSize Y = 128

Matrix size: 128x128 (8x8 tiles), tile size: 16x16, block size: 16x16

transpose simple copy       , Throughput = 0.0002 GB/s, Time = 684.30432 ms, Size = 16384 fp32 elements, NumDevsUsed = 1, Workgroup = 256
transpose shared memory copy, Throughput = 0.0002 GB/s, Time = 690.83411 ms, Size = 16384 fp32 elements, NumDevsUsed = 1, Workgroup = 256
transpose naive             , Throughput = 0.0002 GB/s, Time = 686.75092 ms, Size = 16384 fp32 elements, NumDevsUsed = 1, Workgroup = 256
transpose coalesced         , Throughput = 0.0002 GB/s, Time = 708.68170 ms, Size = 16384 fp32 elements, NumDevsUsed = 1, Workgroup = 256
transpose optimized         , Throughput = 0.0002 GB/s, Time = 686.70532 ms, Size = 16384 fp32 elements, NumDevsUsed = 1, Workgroup = 256
transpose coarse-grained    , Throughput = 0.0002 GB/s, Time = 704.82733 ms, Size = 16384 fp32 elements, NumDevsUsed = 1, Workgroup = 256
transpose fine-grained      , Throughput = 0.0002 GB/s, Time = 700.75696 ms, Size = 16384 fp32 elements, NumDevsUsed = 1, Workgroup = 256
transpose diagonal          , Throughput = 0.0002 GB/s, Time = 700.54578 ms, Size = 16384 fp32 elements, NumDevsUsed = 1, Workgroup = 256
Test passed
