Arguments: macsim --out=/benchrun/macsim/cuda4-matrixmul/sm86_a4000/input-32/results/stats 
src/macsim.cc:122: (I=0  C=0):  initialize knobs
number of cores : 48
src/macsim.cc:537: (I=0  C=0):  initialize simulation
src/macsim.cc:323: (I=0  C=0):  initialize cores (0/0/48)
src/memory.cc:1568: (I=0  C=0):  Memory system(l2_decoupled_network) has been initialized.
src/network_simple.cc:92: (I=0  C=0):  TOTAL_ROUTER:71 CPU:0 GPU:48 L3:1 LLC:6 MC:16
enabling bug detector
src/macsim.cc:750: (I=0  C=0):  Initializing new noc

src/macsim.cc:838: (I=0  C=0):  Clock LCM           : 35
src/macsim.cc:839: (I=0  C=0):  CPU clock frequency : 1 GHz
src/macsim.cc:840: (I=0  C=0):  GPU clock frequency : 0.735 GHz
src/macsim.cc:841: (I=0  C=0):  LLC clock frequency : 0.735 GHz
src/macsim.cc:842: (I=0  C=0):  NOC clock frequency : 0.735 GHz
src/macsim.cc:843: (I=0  C=0):  MC  clock frequency : 3.5 GHz
src/process_manager.cc:434: (I=0  C=0):  setup_process:0 /benchrun/macsim/cuda4-matrixmul/sm86_a4000/input-32/results/traces/_Z8mult_gpuPfS_S_ii_0/Trace.txt current_index:0 (1)
trace:/benchrun/macsim/cuda4-matrixmul/sm86_a4000/input-32/results/traces/_Z8mult_gpuPfS_S_ii_0/Trace.txt is opened 
src/process_manager.cc:541: (I=0  C=0):  thread_count:32
**Core 00 Thread 16 Finished:   insts:159         cycles:5710       (28545)  seconds:1     -- 0.03 IPC (0.03 IPC) --  N/A  KHz (0.16 KHz) 
**Core 00 Thread 20 Finished:   insts:159         cycles:5712       (28555)  seconds:1     -- 0.03 IPC (0.03 IPC) --  N/A  KHz (0.16 KHz) 
**Core 00 Thread 24 Finished:   insts:159         cycles:5716       (28575)  seconds:1     -- 0.03 IPC (0.03 IPC) --  N/A  KHz (0.16 KHz) 
**Core 00 Thread 19 Finished:   insts:159         cycles:5716       (28575)  seconds:1     -- 0.03 IPC (0.03 IPC) --  N/A  KHz (0.16 KHz) 
**Core 00 Thread 23 Finished:   insts:159         cycles:5718       (28585)  seconds:1     -- 0.03 IPC (0.03 IPC) --  N/A  KHz (0.16 KHz) 
**Core 00 Thread 28 Finished:   insts:159         cycles:5724       (28615)  seconds:1     -- 0.03 IPC (0.03 IPC) --  N/A  KHz (0.16 KHz) 
**Core 00 Thread 02 Finished:   insts:159         cycles:5724       (28615)  seconds:1     -- 0.03 IPC (0.03 IPC) --  N/A  KHz (0.16 KHz) 
**Core 00 Thread 01 Finished:   insts:159         cycles:5730       (28645)  seconds:1     -- 0.03 IPC (0.03 IPC) --  N/A  KHz (0.16 KHz) 
**Core 00 Thread 06 Finished:   insts:159         cycles:5732       (28655)  seconds:1     -- 0.03 IPC (0.03 IPC) --  N/A  KHz (0.16 KHz) 
**Core 00 Thread 15 Finished:   insts:159         cycles:5734       (28665)  seconds:1     -- 0.03 IPC (0.03 IPC) --  N/A  KHz (0.16 KHz) 
**Core 00 Thread 26 Finished:   insts:159         cycles:5738       (28685)  seconds:1     -- 0.03 IPC (0.03 IPC) --  N/A  KHz (0.16 KHz) 
**Core 00 Thread 07 Finished:   insts:159         cycles:5739       (28690)  seconds:1     -- 0.03 IPC (0.03 IPC) --  N/A  KHz (0.16 KHz) 
**Core 00 Thread 25 Finished:   insts:159         cycles:5740       (28695)  seconds:1     -- 0.03 IPC (0.03 IPC) --  N/A  KHz (0.16 KHz) 
**Core 00 Thread 04 Finished:   insts:159         cycles:5740       (28695)  seconds:1     -- 0.03 IPC (0.03 IPC) --  N/A  KHz (0.16 KHz) 
**Core 00 Thread 12 Finished:   insts:159         cycles:5744       (28715)  seconds:1     -- 0.03 IPC (0.03 IPC) --  N/A  KHz (0.16 KHz) 
**Core 00 Thread 31 Finished:   insts:159         cycles:5746       (28725)  seconds:1     -- 0.03 IPC (0.03 IPC) --  N/A  KHz (0.16 KHz) 
**Core 00 Thread 18 Finished:   insts:159         cycles:5746       (28725)  seconds:1     -- 0.03 IPC (0.03 IPC) --  N/A  KHz (0.16 KHz) 
**Core 00 Thread 21 Finished:   insts:159         cycles:5750       (28745)  seconds:1     -- 0.03 IPC (0.03 IPC) --  N/A  KHz (0.16 KHz) 
**Core 00 Thread 17 Finished:   insts:159         cycles:5750       (28745)  seconds:1     -- 0.03 IPC (0.03 IPC) --  N/A  KHz (0.16 KHz) 
**Core 00 Thread 29 Finished:   insts:159         cycles:5752       (28755)  seconds:1     -- 0.03 IPC (0.03 IPC) --  N/A  KHz (0.16 KHz) 
**Core 00 Thread 03 Finished:   insts:159         cycles:5752       (28755)  seconds:1     -- 0.03 IPC (0.03 IPC) --  N/A  KHz (0.16 KHz) 
**Core 00 Thread 11 Finished:   insts:159         cycles:5756       (28775)  seconds:1     -- 0.03 IPC (0.03 IPC) --  N/A  KHz (0.16 KHz) 
**Core 00 Thread 22 Finished:   insts:159         cycles:5757       (28780)  seconds:1     -- 0.03 IPC (0.03 IPC) --  N/A  KHz (0.16 KHz) 
**Core 00 Thread 00 Finished:   insts:161         cycles:5759       (28790)  seconds:1     -- 0.03 IPC (0.03 IPC) --  N/A  KHz (0.16 KHz) 
**Core 00 Thread 09 Finished:   insts:159         cycles:5762       (28805)  seconds:1     -- 0.03 IPC (0.03 IPC) --  N/A  KHz (0.16 KHz) 
**Core 00 Thread 27 Finished:   insts:159         cycles:5763       (28810)  seconds:1     -- 0.03 IPC (0.03 IPC) --  N/A  KHz (0.16 KHz) 
**Core 00 Thread 30 Finished:   insts:159         cycles:5768       (28835)  seconds:1     -- 0.03 IPC (0.03 IPC) --  N/A  KHz (0.16 KHz) 
**Core 00 Thread 14 Finished:   insts:159         cycles:5768       (28835)  seconds:1     -- 0.03 IPC (0.03 IPC) --  N/A  KHz (0.16 KHz) 
**Core 00 Thread 05 Finished:   insts:159         cycles:5773       (28860)  seconds:1     -- 0.03 IPC (0.03 IPC) --  N/A  KHz (0.16 KHz) 
**Core 00 Thread 08 Finished:   insts:159         cycles:5779       (28890)  seconds:1     -- 0.03 IPC (0.03 IPC) --  N/A  KHz (0.16 KHz) 
**Core 00 Thread 10 Finished:   insts:159         cycles:5784       (28915)  seconds:1     -- 0.03 IPC (0.03 IPC) --  N/A  KHz (0.16 KHz) 
**Core 00 Thread 13 Finished:   insts:159         cycles:5790       (28945)  seconds:1     -- 0.03 IPC (0.03 IPC) --  N/A  KHz (0.16 KHz) 
src/retire.cc:566: (I=161  C=28945):  ----- application 0 terminated (/benchrun/macsim/cuda4-matrixmul/sm86_a4000/input-32/results/traces/_Z8mult_gpuPfS_S_ii_0/Trace.txt,0) at 28945
**Core 00 Core_Total  Finished:   insts:5090        cycles:5790       (28945) seconds:1     -- 0.88 IPC (0.88 IPC) --  N/A  KHz (5.09 KHz)
src/macsim.cc:620: (I=161  C=28946):  finalize simulation
src/macsim.cc:627: (I=161  C=28946):  elapsed time:1.3 seconds
Done
