####################################################################################################
Interval
####################################################################################################
Cumulative:         Cycles:                  20000     Instructions:                  1200
DRAM_PRECHARGE                                                  0                             0

DRAM_ACTIVATE                                                  16                            16

DRAM_COLUMN                                                  1539                          1539

DRAM_AVG_LATENCY_BASE                                        1539                          1539

DRAM_AVG_LATENCY                                          1457207                       946.853

BANDWIDTH_TOT                                              196800                        196800

DRAM_CHANNEL0_BANDWIDTH_SATURATED                               0                             0

DRAM_CHANNEL1_BANDWIDTH_SATURATED                            2636                          2636

DRAM_CHANNEL2_BANDWIDTH_SATURATED                               0                             0

DRAM_CHANNEL3_BANDWIDTH_SATURATED                              63                            63

DRAM_CHANNEL4_BANDWIDTH_SATURATED                               0                             0

DRAM_CHANNEL5_BANDWIDTH_SATURATED                               0                             0

DRAM_CHANNEL6_BANDWIDTH_SATURATED                               0                             0

DRAM_CHANNEL7_BANDWIDTH_SATURATED                               0                             0

DRAM_CHANNEL0_DBUS_IDLE                                    763968                        763968

DRAM_CHANNEL1_DBUS_IDLE                                    748728                        748728

DRAM_CHANNEL2_DBUS_IDLE                                    759928                        759928

DRAM_CHANNEL3_DBUS_IDLE                                    758744                        758744

DRAM_CHANNEL4_DBUS_IDLE                                         0                             0

DRAM_CHANNEL5_DBUS_IDLE                                         0                             0

DRAM_CHANNEL6_DBUS_IDLE                                         0                             0

DRAM_CHANNEL7_DBUS_IDLE                                         0                             0

