options: Options {
    input: "/benchrun/accelsim-ptx/vectoradd/sm86_a4000/input-1000000/results/log.txt",
    output: "/benchrun/accelsim-ptx/vectoradd/sm86_a4000/input-1000000/results/stats.csv",
    per_kernel: false,
    kernel_instance: false,
    configs_as_rows: false,
    config_list: None,
    benchmark_list: None,
    sim_name: None,
    strict: false,
}
GPGPU-sim version: Some("gpgpu-sim_git-commit-13c67115070dc2f0876254a790d0238073ca364a_modified_0.0")
stats: {
    (
        "final_kernel",
        0,
        "gpgpu_simulation_rate",
    ): 387.0,
    (
        "final_kernel",
        0,
        "total_dram_writes",
    ): 202096.0,
    (
        "final_kernel",
        0,
        "total_dram_reads",
    ): 500000.0,
    (
        "final_kernel",
        0,
        "total_core_cache_read_mshr_hit",
    ): 0.0,
    (
        "final_kernel",
        0,
        "total_core_cache_read_total",
    ): 500000.0,
    (
        "final_kernel",
        0,
        "gpu_total_instructions",
    ): 21004928.0,
    (
        "final_kernel",
        0,
        "gpu_tot_sim_cycle",
    ): 56206.0,
    (
        "final_kernel",
        0,
        "l2_cache_write_hit",
    ): 0.0,
    (
        "final_kernel",
        0,
        "gpgpu_simulation_time_sec",
    ): 145.0,
    (
        "final_kernel",
        0,
        "l2_bandwidth_gbps",
    ): 313.8455,
    (
        "final_kernel",
        0,
        "kernel_launch_uid",
    ): 1.0,
    (
        "final_kernel",
        0,
        "total_core_cache_read_hit",
    ): 0.0,
    (
        "final_kernel",
        0,
        "l2_cache_read_miss",
    ): 125000.0,
    (
        "final_kernel",
        0,
        "total_core_cache_write_hit",
    ): 0.0,
    (
        "final_kernel",
        0,
        "l2_cache_write_miss",
    ): 62500.0,
    (
        "final_kernel",
        0,
        "gpu_occupancy",
    ): 54.3189,
    (
        "final_kernel",
        0,
        "gpgpu_silicon_slowdown",
    ): 1899224.0,
    (
        "final_kernel",
        0,
        "total_core_cache_write_total",
    ): 250000.0,
    (
        "final_kernel",
        0,
        "l2_cache_read_total",
    ): 500000.0,
    (
        "final_kernel",
        0,
        "l2_cache_read_hit",
    ): 0.0,
    (
        "final_kernel",
        0,
        "gpu_tot_ipc",
    ): 373.7133,
    (
        "final_kernel",
        0,
        "l2_cache_write_total",
    ): 250000.0,
    (
        "final_kernel",
        0,
        "gpgpu_n_tot_w_icount",
    ): 687654.0,
    (
        "final_kernel",
        0,
        "gpu_ipc",
    ): 373.7133,
}
done in 26.873208ms: 170.93 KiB parsed (16.00 EiB/s)
