(0.000479) CudaRuntime.cpp:3813: Adding external function 'malloc'
(0.000531) CudaRuntime.cpp:3813: Adding external function 'free'
(0.000538) CudaRuntime.cpp:3813: Adding external function 'vprintf'
(0.000544) CudaRuntime.cpp:3813: Adding external function 'cudaGetParameterBuffer'
(0.000589) CudaRuntime.cpp:595:  Loading module (fatbin) - matrixMulTejas.cu
(0.000597) CudaRuntime.cpp:738:  Registered kernel - _Z8mult_gpuPfS_S_ii in module 'matrixMulTejas.cu'
(0.000627) CudaRuntime.cpp:276:  Creating devices.
(0.000752) CudaRuntime.cpp:288:   - Added 1 emulator devices.
(0.000901) CudaRuntime.cpp:446:  Creating new context for thread 0x24d5160
(0.000949) CudaRuntime.cpp:787:  cudaMalloc( *devPtr = 0x24d7300, size = 4096)
(0.000991) CudaRuntime.cpp:787:  cudaMalloc( *devPtr = 0x24d9500, size = 4096)
(0.001010) CudaRuntime.cpp:787:  cudaMalloc( *devPtr = 0x24db600, size = 4096)
(0.001114) CudaRuntime.cpp:1131: cudaMemcpy(0x24d7300, 0x24d4150, 4096)
(0.001126) CudaRuntime.cpp:251:    _memcpy(0x24d7300, 0x24d4150, 4096 bytes) h-to-d
(0.001138) CudaRuntime.cpp:1131: cudaMemcpy(0x24d9500, 0x24d8410, 4096)
(0.001148) CudaRuntime.cpp:251:    _memcpy(0x24d9500, 0x24d8410, 4096 bytes) h-to-d
grid: (1,1,1)
threads: (32,32,1)
(0.001173) CudaRuntime.cpp:2609: cudaConfigureCall()
(0.001184) CudaRuntime.cpp:2631: cudaSetupArgument() - offset 0, size 8
(0.001195) CudaRuntime.cpp:2631: cudaSetupArgument() - offset 8, size 8
(0.001207) CudaRuntime.cpp:2631: cudaSetupArgument() - offset 16, size 8
(0.001217) CudaRuntime.cpp:2631: cudaSetupArgument() - offset 24, size 4
(0.001227) CudaRuntime.cpp:2631: cudaSetupArgument() - offset 28, size 4
(0.005444) CudaRuntime.cpp:142:  Mapping parameter at offset 0 of size 8 to offset 0 of size 8
   data = 0x00 0x73 0x4d 0x02 0x00 0x00 0x00 0x00 
(0.005459) CudaRuntime.cpp:142:  Mapping parameter at offset 8 of size 8 to offset 8 of size 8
   data = 0x00 0x95 0x4d 0x02 0x00 0x00 0x00 0x00 
(0.005467) CudaRuntime.cpp:142:  Mapping parameter at offset 16 of size 8 to offset 16 of size 8
   data = 0x00 0xb6 0x4d 0x02 0x00 0x00 0x00 0x00 
(0.005474) CudaRuntime.cpp:142:  Mapping parameter at offset 24 of size 4 to offset 24 of size 4
   data = 0x20 0x00 0x00 0x00 
(0.005480) CudaRuntime.cpp:142:  Mapping parameter at offset 28 of size 4 to offset 28 of size 4
   data = 0x20 0x00 0x00 0x00 
(0.005487) CudaRuntime.cpp:2685: kernel launch (_Z8mult_gpuPfS_S_ii) on thread 0x24d5160
(0.005511) CudaRuntime.cpp:2706:  launch completed successfully
The GPU Elapsed Time:0.049120 Sec.
(0.050321) CudaRuntime.cpp:1131: cudaMemcpy(0x24da530, 0x24db600, 4096)
(0.050338) CudaRuntime.cpp:215:    _memcpy(0x24da530, 0x24db600, 4096 bytes) d-to-h
The CPU Elapsed Time:0.000260 Sec.
Verifying
PASS
(0.050637) CudaRuntime.cpp:887:  cudaFree(0x24d7300)
(0.050651) CudaRuntime.cpp:887:  cudaFree(0x24d9500)
(0.050661) CudaRuntime.cpp:887:  cudaFree(0x24db600)
