

Performing the initial setup !!!
Reading the configuration file
initializing cores...
Cache paramtersS_NUCA
Cache paramtersS_NUCA
initializing memory system...
0TPC idjava thread0
0SM idjava thread0
--  starting java thread0
1TPC idjava thread1
0SM idjava thread1
--  starting java thread1
2TPC idjava thread2
0SM idjava thread2
--  starting java thread2
3TPC idjava thread3
0SM idjava thread3
--  starting java thread3
4TPC idjava thread4
0SM idjava thread4
--  starting java thread4
5TPC idjava thread5
0SM idjava thread5
--  starting java thread5
6TPC idjava thread6
0SM idjava thread6
--  starting java thread6
7TPC idjava thread7
0SM idjava thread7
--  starting java thread7
8TPC idjava thread8
0SM idjava thread8
--  starting java thread8
9TPC idjava thread9
0SM idjava thread9
--  starting java thread9
10TPC idjava thread10
0SM idjava thread10
--  starting java thread10
11TPC idjava thread11
0SM idjava thread11
--  starting java thread11
12TPC idjava thread12
0SM idjava thread12
--  starting java thread12
13TPC idjava thread13
0SM idjava thread13
--  starting java thread13
14TPC idjava thread14
0SM idjava thread14
--  starting java thread14
15TPC idjava thread15
0SM idjava thread15
--  starting java thread15


Running the simulation !!!
runners started for thread
4
4
4
4
4
4
4
4
4
4
4
4
4
4
4
4
Simulated 1 kernels on 4
Blocks are executed4for the thread4
Simulated 1 kernels on 1
Simulated 1 kernels on 0
Blocks are executed4for the thread0
4
4
Blocks are executed4for the thread1
Simulated 1 kernels on 15
Blocks are executed4for the thread15
Simulated 1 kernels on 13
Blocks are executed4for the thread13
Simulated 1 kernels on 5
Blocks are executed4for the thread5
Simulated 1 kernels on 6
Blocks are executed4for the thread6
4
4
Simulated 1 kernels on 10
Blocks are executed4for the thread10
Simulated 1 kernels on 3
Blocks are executed4for the thread3
4
4
4
4
4
Simulated 1 kernels on 8
Blocks are executed4for the thread8
4
Simulated 1 kernels on 12
Blocks are executed4for the thread12
Simulated 1 kernels on 2
Blocks are executed4for the thread2
Simulated 1 kernels on 14
Blocks are executed4for the thread14
4
Simulated 1 kernels on 11
4
Simulated 1 kernels on 7
Blocks are executed4for the thread11
4
Blocks are executed4for the thread7
Simulated 1 kernels on 9
Blocks are executed4for the thread9
4
4
4
Simulated 2 kernels on 0
Blocks are executed4for the thread0
4
Simulated 2 kernels on 13
Blocks are executed4for the thread13
Simulated 2 kernels on 6
Blocks are executed4for the thread6
4
Simulated 2 kernels on 12
Blocks are executed4for the thread12
Simulated 2 kernels on 8
Simulated 2 kernels on 3
4
Simulated 2 kernels on 1
Blocks are executed4for the thread1
Simulated 2 kernels on 15
Blocks are executed4for the thread15
4
Simulated 2 kernels on 4
Blocks are executed4for the thread4
4
4
Simulated 2 kernels on 7
Blocks are executed4for the thread8
Blocks are executed4for the thread7
Blocks are executed4for the thread3
4
4
4
Simulated 2 kernels on 9
Blocks are executed4for the thread9
4
4
Simulated 2 kernels on 11
Blocks are executed4for the thread11
Simulated 2 kernels on 14
Blocks are executed4for the thread14
4
Simulated 2 kernels on 2
Blocks are executed4for the thread2
Simulated 2 kernels on 5
Blocks are executed4for the thread5
4
4
4
Simulated 2 kernels on 10
Blocks are executed4for the thread10
4
Simulated 3 kernels on 3
Blocks are executed4for the thread3
4
Simulated 3 kernels on 2
Blocks are executed4for the thread2
Simulated 3 kernels on 5
Blocks are executed4for the thread5
Simulated 3 kernels on 9
Blocks are executed4for the thread9
4
4
4
Simulated 3 kernels on 13
Blocks are executed4for the thread13
4
Simulated 3 kernels on 7
Blocks are executed4for the thread7
4
Simulated 3 kernels on 8
Blocks are executed4for the thread8
Simulated 3 kernels on 15
Blocks are executed4for the thread15
Simulated 3 kernels on 4
Blocks are executed4for the thread4
4
4
4
Simulated 3 kernels on 1
Blocks are executed4for the thread1
Simulated 3 kernels on 12
Blocks are executed4for the thread12
4
Simulated 3 kernels on 6
Blocks are executed4for the thread6
4
4
Simulated 3 kernels on 11
Blocks are executed4for the thread11
4
Simulated 3 kernels on 10
Blocks are executed4for the thread10
4
Simulated 3 kernels on 0
Blocks are executed4for the thread0
Simulated 3 kernels on 14
Blocks are executed4for the thread14
4
4
Simulated 4 kernels on 3
Blocks are executed4for the thread3
4
Simulated 4 kernels on 9
Blocks are executed4for the thread9
4
Simulated 4 kernels on 5
Blocks are executed4for the thread5
Simulated 4 kernels on 10
Blocks are executed4for the thread10
4
4
Simulated 4 kernels on 2
Blocks are executed4for the thread2
4
Simulated 4 kernels on 13
Blocks are executed4for the thread13
Simulated 5 kernels on 9
Blocks are executed4for the thread9
Simulated 4 kernels on 14
Blocks are executed4for the thread14
4
Simulated 4 kernels on 7
Blocks are executed4for the thread7
4
4
4
Simulated 4 kernels on 11
Blocks are executed4for the thread11
Simulated 5 kernels on 2
Blocks are executed4for the thread2
Simulated 6 kernels on 9
Simulated 5 kernels on 5
Blocks are executed4for the thread9
Blocks are executed4for the thread5
4
4
4
4
Simulated 5 kernels on 3
Blocks are executed4for the thread3
Simulated 5 kernels on 10
Blocks are executed4for the thread10
4
4
Simulated 5 kernels on 7
Blocks are executed4for the thread7
4
Simulated 5 kernels on 13
Blocks are executed4for the thread13
Simulated 4 kernels on 12
Simulated 4 kernels on 1
Blocks are executed4for the thread1
Simulated 4 kernels on 4
Blocks are executed4for the thread4
4
Simulated 4 kernels on 6
Blocks are executed4for the thread6
4
4
Blocks are executed4for the thread12
4
4
Simulated 4 kernels on 8
Blocks are executed4for the thread8
4
Simulated 4 kernels on 0
Blocks are executed4for the thread0
Simulated 4 kernels on 15
Blocks are executed4for the thread15
Simulated 5 kernels on 14
Blocks are executed4for the thread14
4
4
4
Simulated 5 kernels on 1
Simulated 5 kernels on 4
Blocks are executed4for the thread4
Simulated 5 kernels on 12
Blocks are executed4for the thread12
Simulated 5 kernels on 0
Blocks are executed4for the thread0
Simulated 5 kernels on 8
Blocks are executed4for the thread8
4
4
Simulated 5 kernels on 6
Blocks are executed4for the thread6
4
Simulated 5 kernels on 15
Blocks are executed4for the thread15
4
Simulated 6 kernels on 2
Blocks are executed4for the thread2
Blocks are executed4for the thread1
4
4
4
4
Simulated 6 kernels on 10
Blocks are executed4for the thread10
Simulated 6 kernels on 13
Blocks are executed4for the thread13
4
Simulated 5 kernels on 11
Simulated 6 kernels on 15
Simulated 6 kernels on 14
Simulated 6 kernels on 7
Blocks are executed4for the thread7
4
Simulated 6 kernels on 3
Blocks are executed4for the thread3
Simulated 6 kernels on 5
Simulated 6 kernels on 8
Simulated 6 kernels on 1
Blocks are executed4for the thread14
Blocks are executed4for the thread15
Blocks are executed4for the thread11
Blocks are executed4for the thread1
Blocks are executed4for the thread8
4
4
4
4
Blocks are executed4for the thread5
Simulated 6 kernels on 6
Blocks are executed4for the thread6
Simulated 6 kernels on 4
Blocks are executed4for the thread4
4
4
4
4
Simulated 6 kernels on 0
Blocks are executed4for the thread0
Simulated 7 kernels on 9
Blocks are executed4for the thread9
4
4
4
4
Simulated 6 kernels on 12
Blocks are executed4for the thread12
4
Simulated 7 kernels on 2
Blocks are executed4for the thread2
4
Simulated 7 kernels on 10
Blocks are executed4for the thread10
4
Simulated 6 kernels on 11
Blocks are executed4for the thread11
Simulated 7 kernels on 14
Blocks are executed4for the thread14
4
Simulated 7 kernels on 7
Blocks are executed4for the thread7
Simulated 7 kernels on 0
4
Simulated 7 kernels on 5
Blocks are executed4for the thread5
Simulated 7 kernels on 8
Blocks are executed4for the thread8
4
Simulated 7 kernels on 3
Simulated 7 kernels on 15
Blocks are executed4for the thread15
4
4
Blocks are executed4for the thread3
Simulated 8 kernels on 2
Simulated 8 kernels on 9
Blocks are executed4for the thread0
Blocks are executed4for the thread9
Blocks are executed4for the thread2
4
Simulated 7 kernels on 1
4
4
4
4
Simulated 7 kernels on 13
Blocks are executed4for the thread1
Blocks are executed4for the thread13
4
4
Simulated 8 kernels on 10
Blocks are executed4for the thread10
Simulated 8 kernels on 7
Blocks are executed4for the thread7
Simulated 7 kernels on 12
Blocks are executed4for the thread12
4
4
Simulated 7 kernels on 4
Blocks are executed4for the thread4
4
4
Simulated 8 kernels on 5
Blocks are executed4for the thread5
Simulated 7 kernels on 6
Blocks are executed4for the thread6
4
4
Simulated 9 kernels on 9
Blocks are executed4for the thread9
Simulated 8 kernels on 3
Blocks are executed4for the thread3
Simulated 8 kernels on 1
Blocks are executed4for the thread1
4
Simulated 8 kernels on 13
Blocks are executed4for the thread13
4
4
Simulated 8 kernels on 0
Blocks are executed4for the thread0
4
4
Simulated 9 kernels on 2
Blocks are executed4for the thread2
4
Simulated 7 kernels on 11
Blocks are executed4for the thread11
4
Simulated 8 kernels on 4
Blocks are executed4for the thread4
Simulated 8 kernels on 15
Blocks are executed4for the thread15
4
Simulated 8 kernels on 8
Blocks are executed4for the thread8
4
4
Simulated 8 kernels on 14
Blocks are executed4for the thread14
4
Simulated 9 kernels on 5
Blocks are executed4for the thread5
4
Simulated 8 kernels on 6
Blocks are executed4for the thread6
4
Simulated 9 kernels on 3
Blocks are executed4for the thread3
Simulated 9 kernels on 7
Blocks are executed4for the thread7
Simulated 10 kernels on 9
Blocks are executed4for the thread9
4
Simulated 9 kernels on 10
Blocks are executed4for the thread10
4
4
4
Simulated 9 kernels on 13
Blocks are executed4for the thread13
Simulated 9 kernels on 1
Blocks are executed4for the thread1
4
4
Simulated 8 kernels on 12
Simulated 9 kernels on 0
Blocks are executed4for the thread0
Simulated 9 kernels on 15
Blocks are executed4for the thread15
Simulated 8 kernels on 11
Blocks are executed4for the thread11
Simulated 9 kernels on 8
Blocks are executed4for the thread8
Simulated 9 kernels on 4
Blocks are executed4for the thread4
4
4
Simulated 9 kernels on 14
Blocks are executed4for the thread14
4
4
Simulated 10 kernels on 5
Blocks are executed4for the thread5
Blocks are executed4for the thread12
4
4
Simulated 10 kernels on 8
Blocks are executed4for the thread8
4
Simulated 10 kernels on 2
4
Simulated 9 kernels on 6
Blocks are executed4for the thread6
Blocks are executed4for the thread2
Simulated 9 kernels on 11
Simulated 10 kernels on 13
4
Blocks are executed4for the thread13
Blocks are executed4for the thread11
Simulated 10 kernels on 4
Blocks are executed4for the thread4
4
4
4
4
4
Simulated 10 kernels on 15
Blocks are executed4for the thread15
4
Simulated 10 kernels on 10
Blocks are executed4for the thread10
Simulated 10 kernels on 7
Blocks are executed4for the thread7
Simulated 11 kernels on 5
Blocks are executed4for the thread5
4
4
4
Simulated 9 kernels on 12
Blocks are executed4for the thread12
Simulated 10 kernels on 3
Blocks are executed4for the thread3
Simulated 10 kernels on 14
Blocks are executed4for the thread14
4
4
Simulated 11 kernels on 9
Blocks are executed4for the thread9
Simulated 11 kernels on 2
Blocks are executed4for the thread2
Simulated 10 kernels on 11
Blocks are executed4for the thread11
4
Simulated 10 kernels on 1
Blocks are executed4for the thread1
4
4
Simulated 10 kernels on 0
4
4
Blocks are executed4for the thread0
4
Simulated 12 kernels on 5
Simulated 11 kernels on 4
Blocks are executed4for the thread4
Simulated 10 kernels on 6
Blocks are executed4for the thread6
4
Simulated 11 kernels on 15
Blocks are executed4for the thread15
4
Blocks are executed4for the thread5
4
Simulated 11 kernels on 14
Blocks are executed4for the thread14
Simulated 11 kernels on 8
Simulated 11 kernels on 13
Blocks are executed4for the thread13
Blocks are executed4for the thread8
Simulated 11 kernels on 0
4
4
Blocks are executed4for the thread0
4
4
4
Simulated 12 kernels on 9
Blocks are executed4for the thread9
Simulated 10 kernels on 12
Blocks are executed4for the thread12
4
Simulated 12 kernels on 15
Blocks are executed4for the thread15
Simulated 12 kernels on 4
Blocks are executed4for the thread4
4
Simulated 12 kernels on 14
4
Blocks are executed4for the thread14
Simulated 11 kernels on 3
Simulated 12 kernels on 2
Blocks are executed4for the thread3
Simulated 11 kernels on 7
Blocks are executed4for the thread7
Simulated 11 kernels on 11
Blocks are executed4for the thread11
Simulated 11 kernels on 1
4
Simulated 11 kernels on 6
Blocks are executed4for the thread1
Simulated 11 kernels on 10
Blocks are executed4for the thread10
Blocks are executed4for the thread2
4
4
4
4
4
Blocks are executed4for the thread6
4
4
4
Simulated 13 kernels on 5
Blocks are executed4for the thread5
Simulated 12 kernels on 13
Blocks are executed4for the thread13
4
4
Simulated 12 kernels on 0
Blocks are executed4for the thread0
4
Simulated 13 kernels on 4
Blocks are executed4for the thread4
Simulated 12 kernels on 3
Blocks are executed4for the thread3
Simulated 13 kernels on 14
Blocks are executed4for the thread14
4
4
4
Simulated 12 kernels on 8
Blocks are executed4for the thread8
4
Simulated 12 kernels on 11
Simulated 11 kernels on 12
Simulated 12 kernels on 7
Blocks are executed4for the thread12
Simulated 13 kernels on 15
Blocks are executed4for the thread11
Blocks are executed4for the thread15
Blocks are executed4for the thread7
Simulated 12 kernels on 1
Simulated 13 kernels on 2
Simulated 12 kernels on 6
Blocks are executed4for the thread1
Blocks are executed4for the thread6
Blocks are executed4for the thread2
Simulated 13 kernels on 9
Blocks are executed4for the thread9
4
4
Simulated 13 kernels on 3
4
4
Simulated 14 kernels on 14
Blocks are executed4for the thread14
4
4
4
Simulated 14 kernels on 5
4
Simulated 12 kernels on 10
Blocks are executed4for the thread5
Blocks are executed4for the thread3
Blocks are executed4for the thread10
Simulated 14 kernels on 4
Blocks are executed4for the thread4
4
Simulated 13 kernels on 13
Simulated 13 kernels on 0
Blocks are executed4for the thread13
4
4
Blocks are executed4for the thread0
4
4
4
4
Simulated 13 kernels on 8
Blocks are executed4for the thread8
Simulated 12 kernels on 12
Blocks are executed4for the thread12
4
4
Simulated 13 kernels on 6
Simulated 14 kernels on 9
Blocks are executed4for the thread6
Simulated 13 kernels on 7
Simulated 14 kernels on 15
Simulated 13 kernels on 10
Simulated 13 kernels on 1
Blocks are executed4for the thread10
Blocks are executed4for the thread15
Blocks are executed4for the thread7
Simulated 14 kernels on 2
Blocks are executed4for the thread2
Simulated 13 kernels on 11
Blocks are executed4for the thread11
Blocks are executed4for the thread9
Blocks are executed4for the thread1
4
4
Simulated 14 kernels on 0
Blocks are executed4for the thread0
Simulated 15 kernels on 14
4
4
4
Simulated 14 kernels on 13
Blocks are executed4for the thread13
4
Simulated 14 kernels on 8
Blocks are executed4for the thread8
Simulated 13 kernels on 12
4
4
Simulated 14 kernels on 3
Blocks are executed4for the thread3
Blocks are executed4for the thread14
Simulated 15 kernels on 4
Blocks are executed4for the thread4
4
4
4
Blocks are executed4for the thread12
Simulated 15 kernels on 5
Blocks are executed4for the thread5
4
4
4
4
4
Simulated 14 kernels on 6
Blocks are executed4for the thread6
Simulated 14 kernels on 10
Blocks are executed4for the thread10
Simulated 14 kernels on 7
Blocks are executed4for the thread7
4
Simulated 15 kernels on 9
Blocks are executed4for the thread9
4
Simulated 15 kernels on 3
Blocks are executed4for the thread3
Simulated 14 kernels on 1
4
Simulated 16 kernels on 4
Blocks are executed4for the thread4
Simulated 14 kernels on 12
Blocks are executed4for the thread1
Simulated 14 kernels on 11
Blocks are executed4for the thread12
4
Simulated 15 kernels on 15
4
Simulated 15 kernels on 8
Blocks are executed4for the thread15
Blocks are executed4for the thread11
4
Blocks are executed4for the thread8
Simulated 15 kernels on 0
Blocks are executed4for the thread0
Simulated 15 kernels on 2
4
4
4
4
4
Blocks are executed4for the thread2
Simulated 16 kernels on 5
Blocks are executed4for the thread5
4
Simulated 15 kernels on 13
Blocks are executed4for the thread13
Simulated 15 kernels on 10
Blocks are executed4for the thread10
Simulated 16 kernels on 14
Blocks are executed4for the thread14
4
Simulated 15 kernels on 6
Blocks are executed4for the thread6
4
Simulated 16 kernels on 9
Blocks are executed4for the thread9
4
Simulated 15 kernels on 7
Simulated 16 kernels on 3
Blocks are executed4for the thread7
Blocks are executed4for the thread3
Simulated 15 kernels on 1
Blocks are executed4for the thread1
4
4
Simulated 16 kernels on 15
Blocks are executed4for the thread15
Simulated 16 kernels on 0
Blocks are executed4for the thread0
Simulated 16 kernels on 2
Blocks are executed4for the thread2
Simulated 16 kernels on 8
Blocks are executed4for the thread8
Simulated 15 kernels on 12
Blocks are executed4for the thread12
Simulated 15 kernels on 11
Blocks are executed4for the thread11
4
4
Simulated 16 kernels on 11
Simulated 16 kernels on 13
Simulated 16 kernels on 1
Blocks are executed4for the thread1
Blocks are executed4for the thread13
Blocks are executed4for the thread11
Simulated 16 kernels on 12
Simulated 16 kernels on 10
Simulated 16 kernels on 6
Blocks are executed4for the thread6
Blocks are executed4for the thread10
Blocks are executed4for the thread12
Simulated 16 kernels on 7
Blocks are executed4for the thread7


Instructions per Second	=	0.5534636519232502 KIPS		
****************************************************************************
TOTAL INSTRUCTIONS = 36864
TOTAL CYCLES = 38216
TOTAL INSTRUCTIONS PER CYCLE = 0.9646221477915009
****************************************************************************


Simulation completed !!
shut down
