(0.000599) CudaRuntime.cpp:3813: Adding external function 'malloc'
(0.000661) CudaRuntime.cpp:3813: Adding external function 'free'
(0.000671) CudaRuntime.cpp:3813: Adding external function 'vprintf'
(0.000679) CudaRuntime.cpp:3813: Adding external function 'cudaGetParameterBuffer'
(0.000734) CudaRuntime.cpp:595:  Loading module (fatbin) - transposeTejas.cu
(0.000745) CudaRuntime.cpp:738:  Registered kernel - _Z22transposeCoarseGrainedPfS_ii in module 'transposeTejas.cu'
(0.000760) CudaRuntime.cpp:738:  Registered kernel - _Z20transposeFineGrainedPfS_ii in module 'transposeTejas.cu'
(0.000769) CudaRuntime.cpp:738:  Registered kernel - _Z17transposeDiagonalPfS_ii in module 'transposeTejas.cu'
(0.000777) CudaRuntime.cpp:738:  Registered kernel - _Z24transposeNoBankConflictsPfS_ii in module 'transposeTejas.cu'
(0.000785) CudaRuntime.cpp:738:  Registered kernel - _Z18transposeCoalescedPfS_ii in module 'transposeTejas.cu'
(0.000793) CudaRuntime.cpp:738:  Registered kernel - _Z14transposeNaivePfS_ii in module 'transposeTejas.cu'
(0.000800) CudaRuntime.cpp:738:  Registered kernel - _Z13copySharedMemPfS_ii in module 'transposeTejas.cu'
(0.000808) CudaRuntime.cpp:738:  Registered kernel - _Z4copyPfS_ii in module 'transposeTejas.cu'
Transpose Starting...

(0.000885) CudaRuntime.cpp:446:  Creating new context for thread 0x24a7ec0
(0.000914) CudaRuntime.cpp:276:  Creating devices.
(0.001076) CudaRuntime.cpp:288:   - Added 1 emulator devices.
(0.001181) CudaRuntime.cpp:2203: cuda::CudaRuntime::cudaGetDeviceProperties(dev = 0) - major: 2, minor: 1
(0.001196) CudaRuntime.cpp:2241:   returning: prop->major = 2, prop->minor = 1
(0.001329) CudaRuntime.cpp:276:  Creating devices.
(0.001417) CudaRuntime.cpp:288:   - Added 1 emulator devices.
(0.001471) CudaRuntime.cpp:2203: cuda::CudaRuntime::cudaGetDeviceProperties(dev = 0) - major: 2, minor: 1
(0.001480) CudaRuntime.cpp:2241:   returning: prop->major = 2, prop->minor = 1
(0.001544) CudaRuntime.cpp:2289: Setting device for thread 0x24a7ec0 to 0
(0.001558) CudaRuntime.cpp:276:  Creating devices.
(0.001640) CudaRuntime.cpp:288:   - Added 1 emulator devices.
(0.001703) CudaRuntime.cpp:2203: cuda::CudaRuntime::cudaGetDeviceProperties(dev = 0) - major: 2, minor: 1
(0.001712) CudaRuntime.cpp:2241:   returning: prop->major = 2, prop->minor = 1
GPU Device 0: "Ocelot PTX Emulator" with compute capability 2.1

(0.001777) CudaRuntime.cpp:276:  Creating devices.
(0.001849) CudaRuntime.cpp:288:   - Added 1 emulator devices.
(0.001893) CudaRuntime.cpp:2203: cuda::CudaRuntime::cudaGetDeviceProperties(dev = 0) - major: 2, minor: 1
(0.001901) CudaRuntime.cpp:2241:   returning: prop->major = 2, prop->minor = 1
> Device 0: "Ocelot PTX Emulator"
> SM Capability 2.1 detected:
> [Ocelot PTX Emulator] has 1 MP(s) x 48 (Cores/MP) = 48 (Cores)
> Compute performance scaling factor = 4.00
> MatrixSize X = 128
> MatrixSize Y = 128
(0.002003) CudaRuntime.cpp:276:  Creating devices.
(0.002074) CudaRuntime.cpp:288:   - Added 1 emulator devices.
(0.002135) CudaRuntime.cpp:787:  cudaMalloc( *devPtr = 0x24dba00, size = 65536)
(0.002165) CudaRuntime.cpp:787:  cudaMalloc( *devPtr = 0x24ebb00, size = 65536)
(0.002451) CudaRuntime.cpp:1131: cudaMemcpy(0x24dba00, 0x24ab7e0, 65536)
(0.002461) CudaRuntime.cpp:251:    _memcpy(0x24dba00, 0x24ab7e0, 65536 bytes) h-to-d

Matrix size: 128x128 (8x8 tiles), tile size: 16x16, block size: 16x16

(0.002925) CudaRuntime.cpp:2609: cudaConfigureCall()
(0.002934) CudaRuntime.cpp:2631: cudaSetupArgument() - offset 0, size 8
(0.002944) CudaRuntime.cpp:2631: cudaSetupArgument() - offset 8, size 8
(0.002961) CudaRuntime.cpp:2631: cudaSetupArgument() - offset 16, size 4
(0.002984) CudaRuntime.cpp:2631: cudaSetupArgument() - offset 20, size 4
(0.010999) CudaRuntime.cpp:142:  Mapping parameter at offset 0 of size 8 to offset 0 of size 8
   data = 0x00 0xbb 0x4e 0x02 0x00 0x00 0x00 0x00 
(0.011012) CudaRuntime.cpp:142:  Mapping parameter at offset 8 of size 8 to offset 8 of size 8
   data = 0x00 0xba 0x4d 0x02 0x00 0x00 0x00 0x00 
(0.011019) CudaRuntime.cpp:142:  Mapping parameter at offset 16 of size 4 to offset 16 of size 4
   data = 0x80 0x00 0x00 0x00 
(0.011034) CudaRuntime.cpp:142:  Mapping parameter at offset 20 of size 4 to offset 20 of size 4
   data = 0x80 0x00 0x00 0x00 
(0.011045) CudaRuntime.cpp:2685: kernel launch (_Z4copyPfS_ii) on thread 0x24a7ec0
(0.011076) CudaRuntime.cpp:2706:  launch completed successfully
(0.062598) CudaRuntime.cpp:2609: cudaConfigureCall()
(0.062616) CudaRuntime.cpp:2631: cudaSetupArgument() - offset 0, size 8
(0.062625) CudaRuntime.cpp:2631: cudaSetupArgument() - offset 8, size 8
(0.062634) CudaRuntime.cpp:2631: cudaSetupArgument() - offset 16, size 4
(0.062642) CudaRuntime.cpp:2631: cudaSetupArgument() - offset 20, size 4
(0.062665) CudaRuntime.cpp:142:  Mapping parameter at offset 0 of size 8 to offset 0 of size 8
   data = 0x00 0xbb 0x4e 0x02 0x00 0x00 0x00 0x00 
(0.062678) CudaRuntime.cpp:142:  Mapping parameter at offset 8 of size 8 to offset 8 of size 8
   data = 0x00 0xba 0x4d 0x02 0x00 0x00 0x00 0x00 
(0.062689) CudaRuntime.cpp:142:  Mapping parameter at offset 16 of size 4 to offset 16 of size 4
   data = 0x80 0x00 0x00 0x00 
(0.062700) CudaRuntime.cpp:142:  Mapping parameter at offset 20 of size 4 to offset 20 of size 4
   data = 0x80 0x00 0x00 0x00 
(0.062710) CudaRuntime.cpp:2685: kernel launch (_Z4copyPfS_ii) on thread 0x24a7ec0
(0.062730) CudaRuntime.cpp:2706:  launch completed successfully
(0.108360) CudaRuntime.cpp:1131: cudaMemcpy(0x24bb7f0, 0x24ebb00, 65536)
(0.108377) CudaRuntime.cpp:215:    _memcpy(0x24bb7f0, 0x24ebb00, 65536 bytes) d-to-h
(0.108667) CudaRuntime.cpp:1131: cudaMemcpy(0x24bb7f0, 0x24ebb00, 65536)
(0.108676) CudaRuntime.cpp:215:    _memcpy(0x24bb7f0, 0x24ebb00, 65536 bytes) d-to-h
transpose simple copy       , Throughput = 0.0027 GB/s, Time = 45.75634 ms, Size = 16384 fp32 elements, NumDevsUsed = 1, Workgroup = 256
(0.108891) CudaRuntime.cpp:2609: cudaConfigureCall()
(0.108899) CudaRuntime.cpp:2631: cudaSetupArgument() - offset 0, size 8
(0.108907) CudaRuntime.cpp:2631: cudaSetupArgument() - offset 8, size 8
(0.108915) CudaRuntime.cpp:2631: cudaSetupArgument() - offset 16, size 4
(0.108922) CudaRuntime.cpp:2631: cudaSetupArgument() - offset 20, size 4
(0.108943) CudaRuntime.cpp:142:  Mapping parameter at offset 0 of size 8 to offset 0 of size 8
   data = 0x00 0xbb 0x4e 0x02 0x00 0x00 0x00 0x00 
(0.108955) CudaRuntime.cpp:142:  Mapping parameter at offset 8 of size 8 to offset 8 of size 8
   data = 0x00 0xba 0x4d 0x02 0x00 0x00 0x00 0x00 
(0.108966) CudaRuntime.cpp:142:  Mapping parameter at offset 16 of size 4 to offset 16 of size 4
   data = 0x80 0x00 0x00 0x00 
(0.108996) CudaRuntime.cpp:142:  Mapping parameter at offset 20 of size 4 to offset 20 of size 4
   data = 0x80 0x00 0x00 0x00 
(0.109026) CudaRuntime.cpp:2685: kernel launch (_Z13copySharedMemPfS_ii) on thread 0x24a7ec0
(0.109050) CudaRuntime.cpp:2706:  launch completed successfully
(0.186279) CudaRuntime.cpp:2609: cudaConfigureCall()
(0.186296) CudaRuntime.cpp:2631: cudaSetupArgument() - offset 0, size 8
(0.186305) CudaRuntime.cpp:2631: cudaSetupArgument() - offset 8, size 8
(0.186313) CudaRuntime.cpp:2631: cudaSetupArgument() - offset 16, size 4
(0.186321) CudaRuntime.cpp:2631: cudaSetupArgument() - offset 20, size 4
(0.186344) CudaRuntime.cpp:142:  Mapping parameter at offset 0 of size 8 to offset 0 of size 8
   data = 0x00 0xbb 0x4e 0x02 0x00 0x00 0x00 0x00 
(0.186357) CudaRuntime.cpp:142:  Mapping parameter at offset 8 of size 8 to offset 8 of size 8
   data = 0x00 0xba 0x4d 0x02 0x00 0x00 0x00 0x00 
(0.186368) CudaRuntime.cpp:142:  Mapping parameter at offset 16 of size 4 to offset 16 of size 4
   data = 0x80 0x00 0x00 0x00 
(0.186379) CudaRuntime.cpp:142:  Mapping parameter at offset 20 of size 4 to offset 20 of size 4
   data = 0x80 0x00 0x00 0x00 
(0.186388) CudaRuntime.cpp:2685: kernel launch (_Z13copySharedMemPfS_ii) on thread 0x24a7ec0
(0.186408) CudaRuntime.cpp:2706:  launch completed successfully
(0.260016) CudaRuntime.cpp:1131: cudaMemcpy(0x24bb7f0, 0x24ebb00, 65536)
(0.260069) CudaRuntime.cpp:215:    _memcpy(0x24bb7f0, 0x24ebb00, 65536 bytes) d-to-h
(0.260292) CudaRuntime.cpp:1131: cudaMemcpy(0x24bb7f0, 0x24ebb00, 65536)
(0.260312) CudaRuntime.cpp:215:    _memcpy(0x24bb7f0, 0x24ebb00, 65536 bytes) d-to-h
transpose shared memory copy, Throughput = 0.0017 GB/s, Time = 73.71449 ms, Size = 16384 fp32 elements, NumDevsUsed = 1, Workgroup = 256
(0.260527) CudaRuntime.cpp:2609: cudaConfigureCall()
(0.260535) CudaRuntime.cpp:2631: cudaSetupArgument() - offset 0, size 8
(0.260543) CudaRuntime.cpp:2631: cudaSetupArgument() - offset 8, size 8
(0.260550) CudaRuntime.cpp:2631: cudaSetupArgument() - offset 16, size 4
(0.260558) CudaRuntime.cpp:2631: cudaSetupArgument() - offset 20, size 4
(0.260581) CudaRuntime.cpp:142:  Mapping parameter at offset 0 of size 8 to offset 0 of size 8
   data = 0x00 0xbb 0x4e 0x02 0x00 0x00 0x00 0x00 
(0.260593) CudaRuntime.cpp:142:  Mapping parameter at offset 8 of size 8 to offset 8 of size 8
   data = 0x00 0xba 0x4d 0x02 0x00 0x00 0x00 0x00 
(0.260604) CudaRuntime.cpp:142:  Mapping parameter at offset 16 of size 4 to offset 16 of size 4
   data = 0x80 0x00 0x00 0x00 
(0.260614) CudaRuntime.cpp:142:  Mapping parameter at offset 20 of size 4 to offset 20 of size 4
   data = 0x80 0x00 0x00 0x00 
(0.260623) CudaRuntime.cpp:2685: kernel launch (_Z14transposeNaivePfS_ii) on thread 0x24a7ec0
(0.260642) CudaRuntime.cpp:2706:  launch completed successfully
(0.329667) CudaRuntime.cpp:2609: cudaConfigureCall()
(0.329686) CudaRuntime.cpp:2631: cudaSetupArgument() - offset 0, size 8
(0.329696) CudaRuntime.cpp:2631: cudaSetupArgument() - offset 8, size 8
(0.329704) CudaRuntime.cpp:2631: cudaSetupArgument() - offset 16, size 4
(0.329712) CudaRuntime.cpp:2631: cudaSetupArgument() - offset 20, size 4
(0.329736) CudaRuntime.cpp:142:  Mapping parameter at offset 0 of size 8 to offset 0 of size 8
   data = 0x00 0xbb 0x4e 0x02 0x00 0x00 0x00 0x00 
(0.329749) CudaRuntime.cpp:142:  Mapping parameter at offset 8 of size 8 to offset 8 of size 8
   data = 0x00 0xba 0x4d 0x02 0x00 0x00 0x00 0x00 
(0.329761) CudaRuntime.cpp:142:  Mapping parameter at offset 16 of size 4 to offset 16 of size 4
   data = 0x80 0x00 0x00 0x00 
(0.329772) CudaRuntime.cpp:142:  Mapping parameter at offset 20 of size 4 to offset 20 of size 4
   data = 0x80 0x00 0x00 0x00 
(0.329781) CudaRuntime.cpp:2685: kernel launch (_Z14transposeNaivePfS_ii) on thread 0x24a7ec0
(0.329801) CudaRuntime.cpp:2706:  launch completed successfully
(0.374174) CudaRuntime.cpp:1131: cudaMemcpy(0x24bb7f0, 0x24ebb00, 65536)
(0.374192) CudaRuntime.cpp:215:    _memcpy(0x24bb7f0, 0x24ebb00, 65536 bytes) d-to-h
(0.374397) CudaRuntime.cpp:1131: cudaMemcpy(0x24bb7f0, 0x24ebb00, 65536)
(0.374405) CudaRuntime.cpp:215:    _memcpy(0x24bb7f0, 0x24ebb00, 65536 bytes) d-to-h
transpose naive             , Throughput = 0.0027 GB/s, Time = 44.50655 ms, Size = 16384 fp32 elements, NumDevsUsed = 1, Workgroup = 256
(0.374589) CudaRuntime.cpp:2609: cudaConfigureCall()
(0.374597) CudaRuntime.cpp:2631: cudaSetupArgument() - offset 0, size 8
(0.374604) CudaRuntime.cpp:2631: cudaSetupArgument() - offset 8, size 8
(0.374610) CudaRuntime.cpp:2631: cudaSetupArgument() - offset 16, size 4
(0.374616) CudaRuntime.cpp:2631: cudaSetupArgument() - offset 20, size 4
(0.374638) CudaRuntime.cpp:142:  Mapping parameter at offset 0 of size 8 to offset 0 of size 8
   data = 0x00 0xbb 0x4e 0x02 0x00 0x00 0x00 0x00 
(0.374648) CudaRuntime.cpp:142:  Mapping parameter at offset 8 of size 8 to offset 8 of size 8
   data = 0x00 0xba 0x4d 0x02 0x00 0x00 0x00 0x00 
(0.374657) CudaRuntime.cpp:142:  Mapping parameter at offset 16 of size 4 to offset 16 of size 4
   data = 0x80 0x00 0x00 0x00 
(0.374666) CudaRuntime.cpp:142:  Mapping parameter at offset 20 of size 4 to offset 20 of size 4
   data = 0x80 0x00 0x00 0x00 
(0.374673) CudaRuntime.cpp:2685: kernel launch (_Z18transposeCoalescedPfS_ii) on thread 0x24a7ec0
(0.374690) CudaRuntime.cpp:2706:  launch completed successfully
(0.422855) CudaRuntime.cpp:2609: cudaConfigureCall()
(0.422873) CudaRuntime.cpp:2631: cudaSetupArgument() - offset 0, size 8
(0.422882) CudaRuntime.cpp:2631: cudaSetupArgument() - offset 8, size 8
(0.422891) CudaRuntime.cpp:2631: cudaSetupArgument() - offset 16, size 4
(0.422913) CudaRuntime.cpp:2631: cudaSetupArgument() - offset 20, size 4
(0.422939) CudaRuntime.cpp:142:  Mapping parameter at offset 0 of size 8 to offset 0 of size 8
   data = 0x00 0xbb 0x4e 0x02 0x00 0x00 0x00 0x00 
(0.422951) CudaRuntime.cpp:142:  Mapping parameter at offset 8 of size 8 to offset 8 of size 8
   data = 0x00 0xba 0x4d 0x02 0x00 0x00 0x00 0x00 
(0.422963) CudaRuntime.cpp:142:  Mapping parameter at offset 16 of size 4 to offset 16 of size 4
   data = 0x80 0x00 0x00 0x00 
(0.422974) CudaRuntime.cpp:142:  Mapping parameter at offset 20 of size 4 to offset 20 of size 4
   data = 0x80 0x00 0x00 0x00 
(0.422984) CudaRuntime.cpp:2685: kernel launch (_Z18transposeCoalescedPfS_ii) on thread 0x24a7ec0
(0.423003) CudaRuntime.cpp:2706:  launch completed successfully
(0.486817) CudaRuntime.cpp:1131: cudaMemcpy(0x24bb7f0, 0x24ebb00, 65536)
(0.486835) CudaRuntime.cpp:215:    _memcpy(0x24bb7f0, 0x24ebb00, 65536 bytes) d-to-h
(0.487051) CudaRuntime.cpp:1131: cudaMemcpy(0x24bb7f0, 0x24ebb00, 65536)
(0.487060) CudaRuntime.cpp:215:    _memcpy(0x24bb7f0, 0x24ebb00, 65536 bytes) d-to-h
transpose coalesced         , Throughput = 0.0019 GB/s, Time = 63.95793 ms, Size = 16384 fp32 elements, NumDevsUsed = 1, Workgroup = 256
(0.487278) CudaRuntime.cpp:2609: cudaConfigureCall()
(0.487288) CudaRuntime.cpp:2631: cudaSetupArgument() - offset 0, size 8
(0.487296) CudaRuntime.cpp:2631: cudaSetupArgument() - offset 8, size 8
(0.487304) CudaRuntime.cpp:2631: cudaSetupArgument() - offset 16, size 4
(0.487312) CudaRuntime.cpp:2631: cudaSetupArgument() - offset 20, size 4
(0.487337) CudaRuntime.cpp:142:  Mapping parameter at offset 0 of size 8 to offset 0 of size 8
   data = 0x00 0xbb 0x4e 0x02 0x00 0x00 0x00 0x00 
(0.487350) CudaRuntime.cpp:142:  Mapping parameter at offset 8 of size 8 to offset 8 of size 8
   data = 0x00 0xba 0x4d 0x02 0x00 0x00 0x00 0x00 
(0.487361) CudaRuntime.cpp:142:  Mapping parameter at offset 16 of size 4 to offset 16 of size 4
   data = 0x80 0x00 0x00 0x00 
(0.487372) CudaRuntime.cpp:142:  Mapping parameter at offset 20 of size 4 to offset 20 of size 4
   data = 0x80 0x00 0x00 0x00 
(0.487382) CudaRuntime.cpp:2685: kernel launch (_Z24transposeNoBankConflictsPfS_ii) on thread 0x24a7ec0
(0.487402) CudaRuntime.cpp:2706:  launch completed successfully
(0.532124) CudaRuntime.cpp:2609: cudaConfigureCall()
(0.532156) CudaRuntime.cpp:2631: cudaSetupArgument() - offset 0, size 8
(0.532182) CudaRuntime.cpp:2631: cudaSetupArgument() - offset 8, size 8
(0.532206) CudaRuntime.cpp:2631: cudaSetupArgument() - offset 16, size 4
(0.532229) CudaRuntime.cpp:2631: cudaSetupArgument() - offset 20, size 4
(0.532279) CudaRuntime.cpp:142:  Mapping parameter at offset 0 of size 8 to offset 0 of size 8
   data = 0x00 0xbb 0x4e 0x02 0x00 0x00 0x00 0x00 
(0.532317) CudaRuntime.cpp:142:  Mapping parameter at offset 8 of size 8 to offset 8 of size 8
   data = 0x00 0xba 0x4d 0x02 0x00 0x00 0x00 0x00 
(0.532351) CudaRuntime.cpp:142:  Mapping parameter at offset 16 of size 4 to offset 16 of size 4
   data = 0x80 0x00 0x00 0x00 
(0.532385) CudaRuntime.cpp:142:  Mapping parameter at offset 20 of size 4 to offset 20 of size 4
   data = 0x80 0x00 0x00 0x00 
(0.532412) CudaRuntime.cpp:2685: kernel launch (_Z24transposeNoBankConflictsPfS_ii) on thread 0x24a7ec0
(0.532448) CudaRuntime.cpp:2706:  launch completed successfully
(0.579083) CudaRuntime.cpp:1131: cudaMemcpy(0x24bb7f0, 0x24ebb00, 65536)
(0.579102) CudaRuntime.cpp:215:    _memcpy(0x24bb7f0, 0x24ebb00, 65536 bytes) d-to-h
(0.579332) CudaRuntime.cpp:1131: cudaMemcpy(0x24bb7f0, 0x24ebb00, 65536)
(0.579341) CudaRuntime.cpp:215:    _memcpy(0x24bb7f0, 0x24ebb00, 65536 bytes) d-to-h
transpose optimized         , Throughput = 0.0026 GB/s, Time = 46.96679 ms, Size = 16384 fp32 elements, NumDevsUsed = 1, Workgroup = 256
(0.579556) CudaRuntime.cpp:2609: cudaConfigureCall()
(0.579565) CudaRuntime.cpp:2631: cudaSetupArgument() - offset 0, size 8
(0.579573) CudaRuntime.cpp:2631: cudaSetupArgument() - offset 8, size 8
(0.579580) CudaRuntime.cpp:2631: cudaSetupArgument() - offset 16, size 4
(0.579598) CudaRuntime.cpp:2631: cudaSetupArgument() - offset 20, size 4
(0.579620) CudaRuntime.cpp:142:  Mapping parameter at offset 0 of size 8 to offset 0 of size 8
   data = 0x00 0xbb 0x4e 0x02 0x00 0x00 0x00 0x00 
(0.579633) CudaRuntime.cpp:142:  Mapping parameter at offset 8 of size 8 to offset 8 of size 8
   data = 0x00 0xba 0x4d 0x02 0x00 0x00 0x00 0x00 
(0.579643) CudaRuntime.cpp:142:  Mapping parameter at offset 16 of size 4 to offset 16 of size 4
   data = 0x80 0x00 0x00 0x00 
(0.579654) CudaRuntime.cpp:142:  Mapping parameter at offset 20 of size 4 to offset 20 of size 4
   data = 0x80 0x00 0x00 0x00 
(0.579662) CudaRuntime.cpp:2685: kernel launch (_Z22transposeCoarseGrainedPfS_ii) on thread 0x24a7ec0
(0.579681) CudaRuntime.cpp:2706:  launch completed successfully
(0.627003) CudaRuntime.cpp:2609: cudaConfigureCall()
(0.627013) CudaRuntime.cpp:2631: cudaSetupArgument() - offset 0, size 8
(0.627017) CudaRuntime.cpp:2631: cudaSetupArgument() - offset 8, size 8
(0.627020) CudaRuntime.cpp:2631: cudaSetupArgument() - offset 16, size 4
(0.627023) CudaRuntime.cpp:2631: cudaSetupArgument() - offset 20, size 4
(0.627036) CudaRuntime.cpp:142:  Mapping parameter at offset 0 of size 8 to offset 0 of size 8
   data = 0x00 0xbb 0x4e 0x02 0x00 0x00 0x00 0x00 
(0.627042) CudaRuntime.cpp:142:  Mapping parameter at offset 8 of size 8 to offset 8 of size 8
   data = 0x00 0xba 0x4d 0x02 0x00 0x00 0x00 0x00 
(0.627046) CudaRuntime.cpp:142:  Mapping parameter at offset 16 of size 4 to offset 16 of size 4
   data = 0x80 0x00 0x00 0x00 
(0.627050) CudaRuntime.cpp:142:  Mapping parameter at offset 20 of size 4 to offset 20 of size 4
   data = 0x80 0x00 0x00 0x00 
(0.627054) CudaRuntime.cpp:2685: kernel launch (_Z22transposeCoarseGrainedPfS_ii) on thread 0x24a7ec0
(0.627065) CudaRuntime.cpp:2706:  launch completed successfully
(0.691369) CudaRuntime.cpp:1131: cudaMemcpy(0x24bb7f0, 0x24ebb00, 65536)
(0.691403) CudaRuntime.cpp:215:    _memcpy(0x24bb7f0, 0x24ebb00, 65536 bytes) d-to-h
(0.691637) CudaRuntime.cpp:1131: cudaMemcpy(0x24bb7f0, 0x24ebb00, 65536)
(0.691661) CudaRuntime.cpp:215:    _memcpy(0x24bb7f0, 0x24ebb00, 65536 bytes) d-to-h
transpose coarse-grained    , Throughput = 0.0019 GB/s, Time = 64.33511 ms, Size = 16384 fp32 elements, NumDevsUsed = 1, Workgroup = 256
(0.691895) CudaRuntime.cpp:2609: cudaConfigureCall()
(0.691920) CudaRuntime.cpp:2631: cudaSetupArgument() - offset 0, size 8
(0.691944) CudaRuntime.cpp:2631: cudaSetupArgument() - offset 8, size 8
(0.691968) CudaRuntime.cpp:2631: cudaSetupArgument() - offset 16, size 4
(0.691991) CudaRuntime.cpp:2631: cudaSetupArgument() - offset 20, size 4
(0.692039) CudaRuntime.cpp:142:  Mapping parameter at offset 0 of size 8 to offset 0 of size 8
   data = 0x00 0xbb 0x4e 0x02 0x00 0x00 0x00 0x00 
(0.692108) CudaRuntime.cpp:142:  Mapping parameter at offset 8 of size 8 to offset 8 of size 8
   data = 0x00 0xba 0x4d 0x02 0x00 0x00 0x00 0x00 
(0.692121) CudaRuntime.cpp:142:  Mapping parameter at offset 16 of size 4 to offset 16 of size 4
   data = 0x80 0x00 0x00 0x00 
(0.692132) CudaRuntime.cpp:142:  Mapping parameter at offset 20 of size 4 to offset 20 of size 4
   data = 0x80 0x00 0x00 0x00 
(0.692141) CudaRuntime.cpp:2685: kernel launch (_Z20transposeFineGrainedPfS_ii) on thread 0x24a7ec0
(0.692161) CudaRuntime.cpp:2706:  launch completed successfully
(0.741408) CudaRuntime.cpp:2609: cudaConfigureCall()
(0.741440) CudaRuntime.cpp:2631: cudaSetupArgument() - offset 0, size 8
(0.741455) CudaRuntime.cpp:2631: cudaSetupArgument() - offset 8, size 8
(0.741465) CudaRuntime.cpp:2631: cudaSetupArgument() - offset 16, size 4
(0.741475) CudaRuntime.cpp:2631: cudaSetupArgument() - offset 20, size 4
(0.741503) CudaRuntime.cpp:142:  Mapping parameter at offset 0 of size 8 to offset 0 of size 8
   data = 0x00 0xbb 0x4e 0x02 0x00 0x00 0x00 0x00 
(0.741538) CudaRuntime.cpp:142:  Mapping parameter at offset 8 of size 8 to offset 8 of size 8
   data = 0x00 0xba 0x4d 0x02 0x00 0x00 0x00 0x00 
(0.741552) CudaRuntime.cpp:142:  Mapping parameter at offset 16 of size 4 to offset 16 of size 4
   data = 0x80 0x00 0x00 0x00 
(0.741579) CudaRuntime.cpp:142:  Mapping parameter at offset 20 of size 4 to offset 20 of size 4
   data = 0x80 0x00 0x00 0x00 
(0.741590) CudaRuntime.cpp:2685: kernel launch (_Z20transposeFineGrainedPfS_ii) on thread 0x24a7ec0
(0.741623) CudaRuntime.cpp:2706:  launch completed successfully
(0.792199) CudaRuntime.cpp:1131: cudaMemcpy(0x24bb7f0, 0x24ebb00, 65536)
(0.792214) CudaRuntime.cpp:215:    _memcpy(0x24bb7f0, 0x24ebb00, 65536 bytes) d-to-h
(0.792356) CudaRuntime.cpp:1131: cudaMemcpy(0x24bb7f0, 0x24ebb00, 65536)
(0.792361) CudaRuntime.cpp:215:    _memcpy(0x24bb7f0, 0x24ebb00, 65536 bytes) d-to-h
transpose fine-grained      , Throughput = 0.0024 GB/s, Time = 50.79388 ms, Size = 16384 fp32 elements, NumDevsUsed = 1, Workgroup = 256
(0.792500) CudaRuntime.cpp:2609: cudaConfigureCall()
(0.792505) CudaRuntime.cpp:2631: cudaSetupArgument() - offset 0, size 8
(0.792509) CudaRuntime.cpp:2631: cudaSetupArgument() - offset 8, size 8
(0.792514) CudaRuntime.cpp:2631: cudaSetupArgument() - offset 16, size 4
(0.792523) CudaRuntime.cpp:2631: cudaSetupArgument() - offset 20, size 4
(0.792541) CudaRuntime.cpp:142:  Mapping parameter at offset 0 of size 8 to offset 0 of size 8
   data = 0x00 0xbb 0x4e 0x02 0x00 0x00 0x00 0x00 
(0.792556) CudaRuntime.cpp:142:  Mapping parameter at offset 8 of size 8 to offset 8 of size 8
   data = 0x00 0xba 0x4d 0x02 0x00 0x00 0x00 0x00 
(0.792568) CudaRuntime.cpp:142:  Mapping parameter at offset 16 of size 4 to offset 16 of size 4
   data = 0x80 0x00 0x00 0x00 
(0.792575) CudaRuntime.cpp:142:  Mapping parameter at offset 20 of size 4 to offset 20 of size 4
   data = 0x80 0x00 0x00 0x00 
(0.792584) CudaRuntime.cpp:2685: kernel launch (_Z17transposeDiagonalPfS_ii) on thread 0x24a7ec0
(0.792596) CudaRuntime.cpp:2706:  launch completed successfully
(0.860912) CudaRuntime.cpp:2609: cudaConfigureCall()
(0.860924) CudaRuntime.cpp:2631: cudaSetupArgument() - offset 0, size 8
(0.860929) CudaRuntime.cpp:2631: cudaSetupArgument() - offset 8, size 8
(0.860933) CudaRuntime.cpp:2631: cudaSetupArgument() - offset 16, size 4
(0.860937) CudaRuntime.cpp:2631: cudaSetupArgument() - offset 20, size 4
(0.860951) CudaRuntime.cpp:142:  Mapping parameter at offset 0 of size 8 to offset 0 of size 8
   data = 0x00 0xbb 0x4e 0x02 0x00 0x00 0x00 0x00 
(0.860958) CudaRuntime.cpp:142:  Mapping parameter at offset 8 of size 8 to offset 8 of size 8
   data = 0x00 0xba 0x4d 0x02 0x00 0x00 0x00 0x00 
(0.860963) CudaRuntime.cpp:142:  Mapping parameter at offset 16 of size 4 to offset 16 of size 4
   data = 0x80 0x00 0x00 0x00 
(0.860969) CudaRuntime.cpp:142:  Mapping parameter at offset 20 of size 4 to offset 20 of size 4
   data = 0x80 0x00 0x00 0x00 
(0.860975) CudaRuntime.cpp:2685: kernel launch (_Z17transposeDiagonalPfS_ii) on thread 0x24a7ec0
(0.860985) CudaRuntime.cpp:2706:  launch completed successfully
(0.979065) CudaRuntime.cpp:1131: cudaMemcpy(0x24bb7f0, 0x24ebb00, 65536)
(0.979077) CudaRuntime.cpp:215:    _memcpy(0x24bb7f0, 0x24ebb00, 65536 bytes) d-to-h
(0.979216) CudaRuntime.cpp:1131: cudaMemcpy(0x24bb7f0, 0x24ebb00, 65536)
(0.979220) CudaRuntime.cpp:215:    _memcpy(0x24bb7f0, 0x24ebb00, 65536 bytes) d-to-h
transpose diagonal          , Throughput = 0.0010 GB/s, Time = 118.15190 ms, Size = 16384 fp32 elements, NumDevsUsed = 1, Workgroup = 256
(0.979361) CudaRuntime.cpp:887:  cudaFree(0x24dba00)
(0.979369) CudaRuntime.cpp:887:  cudaFree(0x24ebb00)
Test passed
