options: Options {
    input: "/benchrun/accelsim-ptx/cuda10-transpose/sm6_gtx1080/input-repeat1-dimx128-dimy128/results/log.txt",
    output: "/benchrun/accelsim-ptx/cuda10-transpose/sm6_gtx1080/input-repeat1-dimx128-dimy128/results/stats.csv",
    per_kernel: false,
    kernel_instance: false,
    configs_as_rows: false,
    config_list: None,
    benchmark_list: None,
    sim_name: None,
    strict: false,
}
GPGPU-sim version: Some("gpgpu-sim_git-commit-13c67115070dc2f0876254a790d0238073ca364a_modified_0.0")
stats: {
    (
        "final_kernel",
        0,
        "gpu_tot_sim_cycle",
    ): 22646.0,
    (
        "final_kernel",
        0,
        "gpgpu_simulation_time_sec",
    ): 23.0,
    (
        "final_kernel",
        0,
        "l2_bandwidth_gbps",
    ): 184.3472,
    (
        "final_kernel",
        0,
        "kernel_launch_uid",
    ): 16.0,
    (
        "final_kernel",
        0,
        "const_cache_read_total",
    ): 20.0,
    (
        "final_kernel",
        0,
        "total_core_cache_read_hit",
    ): 0.0,
    (
        "final_kernel",
        0,
        "gpgpu_silicon_slowdown",
    ): 1633130.0,
    (
        "final_kernel",
        0,
        "total_dram_writes",
    ): 2030.0,
    (
        "final_kernel",
        0,
        "gpu_occupancy",
    ): 35.8147,
    (
        "final_kernel",
        0,
        "gpgpu_n_tot_w_icount",
    ): 261120.0,
    (
        "final_kernel",
        0,
        "l2_cache_read_miss",
    ): 0.0,
    (
        "final_kernel",
        0,
        "gpgpu_simulation_rate",
    ): 984.0,
    (
        "final_kernel",
        0,
        "l2_cache_write_total",
    ): 30720.0,
    (
        "final_kernel",
        0,
        "l2_cache_read_total",
    ): 16384.0,
    (
        "final_kernel",
        0,
        "l2_cache_read_hit",
    ): 16384.0,
    (
        "final_kernel",
        0,
        "l2_cache_write_hit",
    ): 29705.0,
    (
        "final_kernel",
        0,
        "total_core_cache_read_mshr_hit",
    ): 0.0,
    (
        "final_kernel",
        0,
        "gpu_tot_ipc",
    ): 366.0825,
    (
        "final_kernel",
        0,
        "l2_cache_write_miss",
    ): 512.0,
    (
        "final_kernel",
        0,
        "gpu_ipc",
    ): 637.9335,
    (
        "final_kernel",
        0,
        "total_core_cache_write_hit",
    ): 0.0,
    (
        "final_kernel",
        0,
        "gpu_total_instructions",
    ): 8290304.0,
    (
        "final_kernel",
        0,
        "total_dram_reads",
    ): 2120.0,
}
done in 51.48077ms: 773.59 KiB parsed (16.00 EiB/s)
