options: Options {
    input: "/benchrun/accelsim-ptx/cuda6-transpose/sm86_a4000/input-repeat1-dimx128-dimy128/results/log.txt",
    output: "/benchrun/accelsim-ptx/cuda6-transpose/sm86_a4000/input-repeat1-dimx128-dimy128/results/stats.csv",
    per_kernel: false,
    kernel_instance: false,
    configs_as_rows: false,
    config_list: None,
    benchmark_list: None,
    sim_name: None,
    strict: false,
}
GPGPU-sim version: Some("gpgpu-sim_git-commit-13c67115070dc2f0876254a790d0238073ca364a_modified_0.0")
stats: {
    (
        "final_kernel",
        0,
        "gpgpu_simulation_time_sec",
    ): 66.0,
    (
        "final_kernel",
        0,
        "gpu_ipc",
    ): 114.0095,
    (
        "final_kernel",
        0,
        "gpu_tot_sim_cycle",
    ): 94149.0,
    (
        "final_kernel",
        0,
        "l2_cache_read_hit",
    ): 32768.0,
    (
        "final_kernel",
        0,
        "total_core_cache_write_total",
    ): 45056.0,
    (
        "final_kernel",
        0,
        "total_core_cache_read_mshr_hit",
    ): 0.0,
    (
        "final_kernel",
        0,
        "kernel_launch_uid",
    ): 16.0,
    (
        "final_kernel",
        0,
        "total_core_cache_read_hit",
    ): 0.0,
    (
        "final_kernel",
        0,
        "gpgpu_silicon_slowdown",
    ): 515427.0,
    (
        "final_kernel",
        0,
        "l2_cache_write_total",
    ): 45056.0,
    (
        "final_kernel",
        0,
        "total_core_cache_write_hit",
    ): 12288.0,
    (
        "final_kernel",
        0,
        "gpu_occupancy",
    ): 21.9771,
    (
        "final_kernel",
        0,
        "gpu_total_instructions",
    ): 8290304.0,
    (
        "final_kernel",
        0,
        "l2_cache_read_total",
    ): 32768.0,
    (
        "final_kernel",
        0,
        "l2_cache_write_hit",
    ): 43008.0,
    (
        "final_kernel",
        0,
        "l2_cache_read_miss",
    ): 0.0,
    (
        "final_kernel",
        0,
        "total_dram_writes",
    ): 0.0,
    (
        "final_kernel",
        0,
        "gpgpu_n_tot_w_icount",
    ): 261120.0,
    (
        "final_kernel",
        0,
        "l2_cache_write_miss",
    ): 512.0,
    (
        "final_kernel",
        0,
        "total_core_cache_read_total",
    ): 32768.0,
    (
        "final_kernel",
        0,
        "l2_bandwidth_gbps",
    ): 16.3506,
    (
        "final_kernel",
        0,
        "gpgpu_simulation_rate",
    ): 1426.0,
    (
        "final_kernel",
        0,
        "gpu_tot_ipc",
    ): 88.0551,
    (
        "final_kernel",
        0,
        "total_dram_reads",
    ): 0.0,
}
done in 60.980168ms: 1.21 MiB parsed (16.00 EiB/s)
