options: Options {
    input: "/benchrun/accelsim-sass/sm86_a4000/babelstream/input-arraysize-1024-numtimes-1/results/log.txt",
    output: "/benchrun/accelsim-sass/sm86_a4000/babelstream/input-arraysize-1024-numtimes-1/results/stats.csv",
    per_kernel: false,
    kernel_instance: false,
    configs_as_rows: false,
    config_list: None,
    benchmark_list: None,
    sim_name: None,
    strict: false,
}
GPGPU-sim version: Some("accelsim-commit-e02c99dbadefc0b9dc95317100be2a446eec142c_modified_0.0")
stats: {
    (
        "final_kernel",
        0,
        "gpgpu_simulation_rate",
    ): 1395.0,
    (
        "final_kernel",
        0,
        "gpu_ipc",
    ): 579.0233,
    (
        "final_kernel",
        0,
        "total_core_cache_write_total",
    ): 2048.0,
    (
        "final_kernel",
        0,
        "total_core_cache_read_mshr_hit",
    ): 0.0,
    (
        "final_kernel",
        0,
        "l2_cache_write_hit",
    ): 1216.0,
    (
        "final_kernel",
        0,
        "gpu_occupancy",
    ): 64.1573,
    (
        "final_kernel",
        0,
        "total_core_cache_write_hit",
    ): 0.0,
    (
        "final_kernel",
        0,
        "total_core_cache_read_hit",
    ): 0.0,
    (
        "final_kernel",
        0,
        "gpu_tot_ipc",
    ): 346.1476,
    (
        "final_kernel",
        0,
        "gpu_total_instructions",
    ): 26560256.0,
    (
        "final_kernel",
        0,
        "gpgpu_silicon_slowdown",
    ): 526881.0,
    (
        "final_kernel",
        0,
        "l2_cache_write_miss",
    ): 208.0,
    (
        "final_kernel",
        0,
        "l2_cache_read_hit",
    ): 2048.0,
    (
        "final_kernel",
        0,
        "gpgpu_n_tot_w_icount",
    ): 1216384.0,
    (
        "final_kernel",
        0,
        "total_core_cache_read_total",
    ): 2048.0,
    (
        "final_kernel",
        0,
        "gpgpu_simulation_time_sec",
    ): 55.0,
    (
        "final_kernel",
        0,
        "total_dram_writes",
    ): 0.0,
    (
        "final_kernel",
        0,
        "l2_cache_write_total",
    ): 2048.0,
    (
        "final_kernel",
        0,
        "total_dram_reads",
    ): 0.0,
    (
        "final_kernel",
        0,
        "gpu_tot_sim_cycle",
    ): 76731.0,
    (
        "final_kernel",
        0,
        "kernel_launch_uid",
    ): 6.0,
    (
        "final_kernel",
        0,
        "l2_cache_read_total",
    ): 2048.0,
    (
        "final_kernel",
        0,
        "l2_bandwidth_gbps",
    ): 0.3949,
    (
        "final_kernel",
        0,
        "l2_cache_read_miss",
    ): 0.0,
}
done in 38.193648ms: 479.50 KiB parsed (16.00 EiB/s)
