(0.000591) CudaRuntime.cpp:3813: Adding external function 'malloc'
(0.000686) CudaRuntime.cpp:3813: Adding external function 'free'
(0.000712) CudaRuntime.cpp:3813: Adding external function 'vprintf'
(0.000737) CudaRuntime.cpp:3813: Adding external function 'cudaGetParameterBuffer'
(0.000834) CudaRuntime.cpp:595:  Loading module (fatbin) - matrixMulTejas.cu
(0.000864) CudaRuntime.cpp:738:  Registered kernel - _Z8mult_gpuPfS_S_ii in module 'matrixMulTejas.cu'
(0.000914) CudaRuntime.cpp:276:  Creating devices.
(0.001038) CudaRuntime.cpp:288:   - Added 1 emulator devices.
(0.001182) CudaRuntime.cpp:446:  Creating new context for thread 0x1cd7150
(0.001246) CudaRuntime.cpp:787:  cudaMalloc( *devPtr = 0x7fe75ac34100, size = 1048576)
(0.001281) CudaRuntime.cpp:787:  cudaMalloc( *devPtr = 0x7fe75aa32100, size = 1048576)
(0.001309) CudaRuntime.cpp:787:  cudaMalloc( *devPtr = 0x7fe75a830100, size = 1048576)
(0.021736) CudaRuntime.cpp:1131: cudaMemcpy(0x7fe75ac34100, 0x7fe75feb6010, 1048576)
(0.021750) CudaRuntime.cpp:251:    _memcpy(0x7fe75ac34100, 0x7fe75feb6010, 1048576 bytes) h-to-d
(0.022378) CudaRuntime.cpp:1131: cudaMemcpy(0x7fe75aa32100, 0x7fe75ab33010, 1048576)
(0.022384) CudaRuntime.cpp:251:    _memcpy(0x7fe75aa32100, 0x7fe75ab33010, 1048576 bytes) h-to-d
grid: (16,16,1)
threads: (32,32,1)
(0.023031) CudaRuntime.cpp:2609: cudaConfigureCall()
(0.023038) CudaRuntime.cpp:2631: cudaSetupArgument() - offset 0, size 8
(0.023044) CudaRuntime.cpp:2631: cudaSetupArgument() - offset 8, size 8
(0.023048) CudaRuntime.cpp:2631: cudaSetupArgument() - offset 16, size 8
(0.023052) CudaRuntime.cpp:2631: cudaSetupArgument() - offset 24, size 4
(0.023056) CudaRuntime.cpp:2631: cudaSetupArgument() - offset 28, size 4
(0.026487) CudaRuntime.cpp:142:  Mapping parameter at offset 0 of size 8 to offset 0 of size 8
   data = 0x00 0x41 0xc3 0x5a 0xe7 0x7f 0x00 0x00 
(0.026495) CudaRuntime.cpp:142:  Mapping parameter at offset 8 of size 8 to offset 8 of size 8
   data = 0x00 0x21 0xa3 0x5a 0xe7 0x7f 0x00 0x00 
(0.026500) CudaRuntime.cpp:142:  Mapping parameter at offset 16 of size 8 to offset 16 of size 8
   data = 0x00 0x01 0x83 0x5a 0xe7 0x7f 0x00 0x00 
(0.026505) CudaRuntime.cpp:142:  Mapping parameter at offset 24 of size 4 to offset 24 of size 4
   data = 0x00 0x02 0x00 0x00 
(0.026509) CudaRuntime.cpp:142:  Mapping parameter at offset 28 of size 4 to offset 28 of size 4
   data = 0x00 0x02 0x00 0x00 
(0.026525) CudaRuntime.cpp:2685: kernel launch (_Z8mult_gpuPfS_S_ii) on thread 0x1cd7150
(0.026540) CudaRuntime.cpp:2706:  launch completed successfully
The GPU Elapsed Time:80.567732 Sec.
(80.590788) CudaRuntime.cpp:1131: cudaMemcpy(0x7fe75a931010, 0x7fe75a830100, 1048576)
(80.590805) CudaRuntime.cpp:215:    _memcpy(0x7fe75a931010, 0x7fe75a830100, 1048576 bytes) d-to-h
The CPU Elapsed Time:0.581428 Sec.
Verifying
PASS
(81.173455) CudaRuntime.cpp:887:  cudaFree(0x7fe75ac34100)
(81.173579) CudaRuntime.cpp:887:  cudaFree(0x7fe75aa32100)
(81.173762) CudaRuntime.cpp:887:  cudaFree(0x7fe75a830100)
