options: Options {
    input: "/benchrun/tejas/sm6_gtx1080/babelstream/input-arraysize-10240-numtimes-1/results/stats.txt",
    output: "/benchrun/tejas/sm6_gtx1080/babelstream/input-arraysize-10240-numtimes-1/results/stats.csv",
}
stats: Stats {
    emulator_type: Some(
        "OCELOT",
    ),
    created: None,
    sim_time: Some(
        28.635s,
    ),
    total_inst_count: Some(
        76856,
    ),
    total_cycle_count: Some(
        17158,
    ),
    dram_total_reads: 0,
    dram_total_writes: 0,
    dram_avg_read_latency: Some(
        0.0,
    ),
    total_instr_cache_access: Some(
        0,
    ),
    total_const_cache_access: Some(
        0,
    ),
    total_shared_cache_access: Some(
        0,
    ),
    total_instr_cache_misses: Some(
        16,
    ),
    total_const_cache_misses: Some(
        2048,
    ),
    total_shared_cache_misses: Some(
        0,
    ),
    kips: Some(
        2.6839881264187184,
    ),
    total_ipc: Some(
        4.479309942883786,
    ),
}
done after 40.215833ms
