options: Options {
    input: "/benchrun/accelsim-ptx/sm6_gtx1080/cuda6-transpose/input-repeat1-dimx128-dimy128/results/log.txt",
    output: "/benchrun/accelsim-ptx/sm6_gtx1080/cuda6-transpose/input-repeat1-dimx128-dimy128/results/stats.csv",
    per_kernel: false,
    kernel_instance: false,
    configs_as_rows: false,
    config_list: None,
    benchmark_list: None,
    sim_name: None,
    strict: false,
}
GPGPU-sim version: Some("gpgpu-sim_git-commit-13c67115070dc2f0876254a790d0238073ca364a_modified_0.0")
stats: {
    (
        "final_kernel",
        0,
        "l2_cache_write_miss",
    ): 512.0,
    (
        "final_kernel",
        0,
        "l2_cache_write_hit",
    ): 29703.0,
    (
        "final_kernel",
        0,
        "const_cache_read_total",
    ): 20.0,
    (
        "final_kernel",
        0,
        "l2_cache_read_miss",
    ): 0.0,
    (
        "final_kernel",
        0,
        "l2_cache_read_hit",
    ): 16384.0,
    (
        "final_kernel",
        0,
        "gpgpu_simulation_time_sec",
    ): 24.0,
    (
        "final_kernel",
        0,
        "total_dram_writes",
    ): 2034.0,
    (
        "final_kernel",
        0,
        "total_dram_reads",
    ): 2120.0,
    (
        "final_kernel",
        0,
        "total_core_cache_read_mshr_hit",
    ): 0.0,
    (
        "final_kernel",
        0,
        "l2_bandwidth_gbps",
    ): 85.9725,
    (
        "final_kernel",
        0,
        "gpu_occupancy",
    ): 35.2702,
    (
        "final_kernel",
        0,
        "gpu_tot_sim_cycle",
    ): 29887.0,
    (
        "final_kernel",
        0,
        "gpu_ipc",
    ): 548.3624,
    (
        "final_kernel",
        0,
        "gpgpu_simulation_rate",
    ): 1245.0,
    (
        "final_kernel",
        0,
        "gpgpu_silicon_slowdown",
    ): 1290763.0,
    (
        "final_kernel",
        0,
        "total_core_cache_read_hit",
    ): 0.0,
    (
        "final_kernel",
        0,
        "gpu_tot_ipc",
    ): 277.3883,
    (
        "final_kernel",
        0,
        "kernel_launch_uid",
    ): 16.0,
    (
        "final_kernel",
        0,
        "gpu_total_instructions",
    ): 8290304.0,
    (
        "final_kernel",
        0,
        "gpgpu_n_tot_w_icount",
    ): 261120.0,
    (
        "final_kernel",
        0,
        "l2_cache_write_total",
    ): 30720.0,
    (
        "final_kernel",
        0,
        "total_core_cache_write_hit",
    ): 0.0,
    (
        "final_kernel",
        0,
        "l2_cache_read_total",
    ): 16384.0,
}
done in 51.828535ms: 773.87 KiB parsed (16.00 EiB/s)
