options: Options {
    input: "/benchrun/accelsim-sass/sm86_a4000/cuda10-matrixmul/input-wa512-ha512-wb512-hb512/results/log.txt",
    output: "/benchrun/accelsim-sass/sm86_a4000/cuda10-matrixmul/input-wa512-ha512-wb512-hb512/results/stats.csv",
    per_kernel: false,
    kernel_instance: false,
    configs_as_rows: false,
    config_list: None,
    benchmark_list: None,
    sim_name: None,
    strict: false,
}
GPGPU-sim version: Some("accelsim-commit-e02c99dbadefc0b9dc95317100be2a446eec142c_modified_0.0")
stats: {
    (
        "final_kernel",
        0,
        "total_core_cache_read_hit",
    ): 0.0,
    (
        "final_kernel",
        0,
        "total_core_cache_read_mshr_hit",
    ): 0.0,
    (
        "final_kernel",
        0,
        "gpgpu_silicon_slowdown",
    ): 1120426.0,
    (
        "final_kernel",
        0,
        "total_core_cache_write_total",
    ): 32768.0,
    (
        "final_kernel",
        0,
        "l2_cache_read_total",
    ): 1048576.0,
    (
        "final_kernel",
        0,
        "l2_cache_write_hit",
    ): 0.0,
    (
        "final_kernel",
        0,
        "total_core_cache_write_hit",
    ): 0.0,
    (
        "final_kernel",
        0,
        "total_dram_reads",
    ): 65536.0,
    (
        "final_kernel",
        0,
        "gpu_occupancy",
    ): 66.4663,
    (
        "final_kernel",
        0,
        "total_core_cache_read_total",
    ): 1048576.0,
    (
        "final_kernel",
        0,
        "gpu_tot_sim_cycle",
    ): 268978.0,
    (
        "final_kernel",
        0,
        "gpgpu_simulation_time_sec",
    ): 410.0,
    (
        "final_kernel",
        0,
        "l2_cache_read_miss",
    ): 16384.0,
    (
        "final_kernel",
        0,
        "l2_cache_read_hit",
    ): 902944.0,
    (
        "final_kernel",
        0,
        "gpu_tot_ipc",
    ): 1384.8962,
    (
        "final_kernel",
        0,
        "total_dram_writes",
    ): 0.0,
    (
        "final_kernel",
        0,
        "gpgpu_simulation_rate",
    ): 656.0,
    (
        "final_kernel",
        0,
        "gpgpu_n_tot_w_icount",
    ): 11657216.0,
    (
        "final_kernel",
        0,
        "l2_cache_write_miss",
    ): 8192.0,
    (
        "final_kernel",
        0,
        "l2_bandwidth_gbps",
    ): 94.555,
    (
        "final_kernel",
        0,
        "gpu_ipc",
    ): 1384.8962,
    (
        "final_kernel",
        0,
        "l2_cache_write_total",
    ): 32768.0,
    (
        "final_kernel",
        0,
        "gpu_total_instructions",
    ): 372506624.0,
    (
        "final_kernel",
        0,
        "kernel_launch_uid",
    ): 1.0,
}
done in 26.09409ms: 129.69 KiB parsed (16.00 EiB/s)
