(0.000506) CudaRuntime.cpp:3813: Adding external function 'malloc'
(0.000565) CudaRuntime.cpp:3813: Adding external function 'free'
(0.000573) CudaRuntime.cpp:3813: Adding external function 'vprintf'
(0.000580) CudaRuntime.cpp:3813: Adding external function 'cudaGetParameterBuffer'
(0.000622) CudaRuntime.cpp:595:  Loading module (fatbin) - CUDAStream.cu
(0.000635) CudaRuntime.cpp:738:  Registered kernel - _Z11init_kernelIdEvPT_S1_S1_S0_S0_S0_ in module 'CUDAStream.cu'
(0.000647) CudaRuntime.cpp:738:  Registered kernel - _Z10dot_kernelIdEvPKT_S2_PS0_i in module 'CUDAStream.cu'
(0.000654) CudaRuntime.cpp:738:  Registered kernel - _Z14nstream_kernelIdEvPT_PKS0_S3_ in module 'CUDAStream.cu'
(0.000661) CudaRuntime.cpp:738:  Registered kernel - _Z12triad_kernelIdEvPT_PKS0_S3_ in module 'CUDAStream.cu'
(0.000667) CudaRuntime.cpp:738:  Registered kernel - _Z10mul_kernelIdEvPT_PKS0_ in module 'CUDAStream.cu'
(0.000674) CudaRuntime.cpp:738:  Registered kernel - _Z10add_kernelIdEvPKT_S2_PS0_ in module 'CUDAStream.cu'
(0.000680) CudaRuntime.cpp:738:  Registered kernel - _Z11copy_kernelIdEvPKT_PS0_ in module 'CUDAStream.cu'
(0.000686) CudaRuntime.cpp:738:  Registered kernel - _Z11init_kernelIfEvPT_S1_S1_S0_S0_S0_ in module 'CUDAStream.cu'
(0.000693) CudaRuntime.cpp:738:  Registered kernel - _Z10dot_kernelIfEvPKT_S2_PS0_i in module 'CUDAStream.cu'
(0.000699) CudaRuntime.cpp:738:  Registered kernel - _Z14nstream_kernelIfEvPT_PKS0_S3_ in module 'CUDAStream.cu'
(0.000705) CudaRuntime.cpp:738:  Registered kernel - _Z12triad_kernelIfEvPT_PKS0_S3_ in module 'CUDAStream.cu'
(0.000711) CudaRuntime.cpp:738:  Registered kernel - _Z10mul_kernelIfEvPT_PKS0_ in module 'CUDAStream.cu'
(0.000718) CudaRuntime.cpp:738:  Registered kernel - _Z10add_kernelIfEvPKT_S2_PS0_ in module 'CUDAStream.cu'
(0.000725) CudaRuntime.cpp:738:  Registered kernel - _Z11copy_kernelIfEvPKT_PS0_ in module 'CUDAStream.cu'
BabelStream
Version: 4.0
Implementation: CUDA
Running kernels 1 times
Precision: double
Array size: 0.8 MB (=0.0 GB)
Total size: 2.5 MB (=0.0 GB)
(0.000822) CudaRuntime.cpp:446:  Creating new context for thread 0x145d070
(0.000846) CudaRuntime.cpp:2289: Setting device for thread 0x145d070 to 0
(0.000858) CudaRuntime.cpp:276:  Creating devices.
(0.000970) CudaRuntime.cpp:288:   - Added 1 emulator devices.
(0.001062) CudaRuntime.cpp:2203: cuda::CudaRuntime::cudaGetDeviceProperties(dev = 0) - major: 2, minor: 1
(0.001072) CudaRuntime.cpp:2241:   returning: prop->major = 2, prop->minor = 1
Using CUDA device Ocelot PTX Emulator
(0.001209) CudaRuntime.cpp:2289: Setting device for thread 0x145d070 to 0
(0.001219) CudaRuntime.cpp:276:  Creating devices.
(0.001285) CudaRuntime.cpp:288:   - Added 1 emulator devices.
Driver: 4000
(0.001422) CudaRuntime.cpp:276:  Creating devices.
(0.001483) CudaRuntime.cpp:288:   - Added 1 emulator devices.
(0.001523) CudaRuntime.cpp:2203: cuda::CudaRuntime::cudaGetDeviceProperties(dev = 0) - major: 2, minor: 1
(0.001530) CudaRuntime.cpp:2241:   returning: prop->major = 2, prop->minor = 1
(0.001611) CudaRuntime.cpp:276:  Creating devices.
(0.001669) CudaRuntime.cpp:288:   - Added 1 emulator devices.
(0.001727) CudaRuntime.cpp:787:  cudaMalloc( *devPtr = 0x7fbede136100, size = 819200)
(0.001746) CudaRuntime.cpp:787:  cudaMalloc( *devPtr = 0x7fbede06d100, size = 819200)
(0.001765) CudaRuntime.cpp:787:  cudaMalloc( *devPtr = 0x7fbed8eb4100, size = 819200)
(0.001778) CudaRuntime.cpp:787:  cudaMalloc( *devPtr = 0x1461800, size = 2048)
(0.001786) CudaRuntime.cpp:2609: cudaConfigureCall()
(0.001793) CudaRuntime.cpp:2631: cudaSetupArgument() - offset 0, size 8
(0.001801) CudaRuntime.cpp:2631: cudaSetupArgument() - offset 8, size 8
(0.001808) CudaRuntime.cpp:2631: cudaSetupArgument() - offset 16, size 8
(0.001815) CudaRuntime.cpp:2631: cudaSetupArgument() - offset 24, size 8
(0.001821) CudaRuntime.cpp:2631: cudaSetupArgument() - offset 32, size 8
(0.001828) CudaRuntime.cpp:2631: cudaSetupArgument() - offset 40, size 8
(0.011829) CudaRuntime.cpp:142:  Mapping parameter at offset 0 of size 8 to offset 0 of size 8
   data = 0x00 0x61 0x13 0xde 0xbe 0x7f 0x00 0x00 
(0.011842) CudaRuntime.cpp:142:  Mapping parameter at offset 8 of size 8 to offset 8 of size 8
   data = 0x00 0xd1 0x06 0xde 0xbe 0x7f 0x00 0x00 
(0.011848) CudaRuntime.cpp:142:  Mapping parameter at offset 16 of size 8 to offset 16 of size 8
   data = 0x00 0x41 0xeb 0xd8 0xbe 0x7f 0x00 0x00 
(0.011854) CudaRuntime.cpp:142:  Mapping parameter at offset 24 of size 8 to offset 24 of size 8
   data = 0x9a 0x99 0x99 0x99 0x99 0x99 0xb9 0x3f 
(0.011859) CudaRuntime.cpp:142:  Mapping parameter at offset 32 of size 8 to offset 32 of size 8
   data = 0x9a 0x99 0x99 0x99 0x99 0x99 0xc9 0x3f 
(0.011865) CudaRuntime.cpp:142:  Mapping parameter at offset 40 of size 8 to offset 40 of size 8
   data = 0x00 0x00 0x00 0x00 0x00 0x00 0x00 0x00 
(0.011870) CudaRuntime.cpp:2685: kernel launch (_Z11init_kernelIdEvPT_S1_S1_S0_S0_S0_) on thread 0x145d070
(0.011884) CudaRuntime.cpp:2706:  launch completed successfully
(0.254337) CudaRuntime.cpp:2609: cudaConfigureCall()
(0.254368) CudaRuntime.cpp:2631: cudaSetupArgument() - offset 0, size 8
(0.254396) CudaRuntime.cpp:2631: cudaSetupArgument() - offset 8, size 8
(0.254436) CudaRuntime.cpp:142:  Mapping parameter at offset 0 of size 8 to offset 0 of size 8
   data = 0x00 0x61 0x13 0xde 0xbe 0x7f 0x00 0x00 
(0.254473) CudaRuntime.cpp:142:  Mapping parameter at offset 8 of size 8 to offset 8 of size 8
   data = 0x00 0x41 0xeb 0xd8 0xbe 0x7f 0x00 0x00 
(0.254491) CudaRuntime.cpp:2685: kernel launch (_Z11copy_kernelIdEvPKT_PS0_) on thread 0x145d070
(0.254522) CudaRuntime.cpp:2706:  launch completed successfully
(0.338198) CudaRuntime.cpp:2609: cudaConfigureCall()
(0.338217) CudaRuntime.cpp:2631: cudaSetupArgument() - offset 0, size 8
(0.338226) CudaRuntime.cpp:2631: cudaSetupArgument() - offset 8, size 8
(0.338250) CudaRuntime.cpp:142:  Mapping parameter at offset 0 of size 8 to offset 0 of size 8
   data = 0x00 0xd1 0x06 0xde 0xbe 0x7f 0x00 0x00 
(0.338263) CudaRuntime.cpp:142:  Mapping parameter at offset 8 of size 8 to offset 8 of size 8
   data = 0x00 0x41 0xeb 0xd8 0xbe 0x7f 0x00 0x00 
(0.338273) CudaRuntime.cpp:2685: kernel launch (_Z10mul_kernelIdEvPT_PKS0_) on thread 0x145d070
(0.338292) CudaRuntime.cpp:2706:  launch completed successfully
(0.430276) CudaRuntime.cpp:2609: cudaConfigureCall()
(0.430310) CudaRuntime.cpp:2631: cudaSetupArgument() - offset 0, size 8
(0.430336) CudaRuntime.cpp:2631: cudaSetupArgument() - offset 8, size 8
(0.430360) CudaRuntime.cpp:2631: cudaSetupArgument() - offset 16, size 8
(0.430409) CudaRuntime.cpp:142:  Mapping parameter at offset 0 of size 8 to offset 0 of size 8
   data = 0x00 0x61 0x13 0xde 0xbe 0x7f 0x00 0x00 
(0.430447) CudaRuntime.cpp:142:  Mapping parameter at offset 8 of size 8 to offset 8 of size 8
   data = 0x00 0xd1 0x06 0xde 0xbe 0x7f 0x00 0x00 
(0.430482) CudaRuntime.cpp:142:  Mapping parameter at offset 16 of size 8 to offset 16 of size 8
   data = 0x00 0x41 0xeb 0xd8 0xbe 0x7f 0x00 0x00 
(0.430499) CudaRuntime.cpp:2685: kernel launch (_Z10add_kernelIdEvPKT_S2_PS0_) on thread 0x145d070
(0.430536) CudaRuntime.cpp:2706:  launch completed successfully
(0.566173) CudaRuntime.cpp:2609: cudaConfigureCall()
(0.566192) CudaRuntime.cpp:2631: cudaSetupArgument() - offset 0, size 8
(0.566201) CudaRuntime.cpp:2631: cudaSetupArgument() - offset 8, size 8
(0.566209) CudaRuntime.cpp:2631: cudaSetupArgument() - offset 16, size 8
(0.566232) CudaRuntime.cpp:142:  Mapping parameter at offset 0 of size 8 to offset 0 of size 8
   data = 0x00 0x61 0x13 0xde 0xbe 0x7f 0x00 0x00 
(0.566246) CudaRuntime.cpp:142:  Mapping parameter at offset 8 of size 8 to offset 8 of size 8
   data = 0x00 0xd1 0x06 0xde 0xbe 0x7f 0x00 0x00 
(0.566257) CudaRuntime.cpp:142:  Mapping parameter at offset 16 of size 8 to offset 16 of size 8
   data = 0x00 0x41 0xeb 0xd8 0xbe 0x7f 0x00 0x00 
(0.566267) CudaRuntime.cpp:2685: kernel launch (_Z12triad_kernelIdEvPT_PKS0_S3_) on thread 0x145d070
(0.566296) CudaRuntime.cpp:2706:  launch completed successfully
(0.685872) CudaRuntime.cpp:2609: cudaConfigureCall()
(0.685890) CudaRuntime.cpp:2631: cudaSetupArgument() - offset 0, size 8
(0.685900) CudaRuntime.cpp:2631: cudaSetupArgument() - offset 8, size 8
(0.685908) CudaRuntime.cpp:2631: cudaSetupArgument() - offset 16, size 8
(0.685916) CudaRuntime.cpp:2631: cudaSetupArgument() - offset 24, size 4
(0.685947) CudaRuntime.cpp:142:  Mapping parameter at offset 0 of size 8 to offset 0 of size 8
   data = 0x00 0x61 0x13 0xde 0xbe 0x7f 0x00 0x00 
(0.685961) CudaRuntime.cpp:142:  Mapping parameter at offset 8 of size 8 to offset 8 of size 8
   data = 0x00 0xd1 0x06 0xde 0xbe 0x7f 0x00 0x00 
(0.685973) CudaRuntime.cpp:142:  Mapping parameter at offset 16 of size 8 to offset 16 of size 8
   data = 0x00 0x18 0x46 0x01 0x00 0x00 0x00 0x00 
(0.685984) CudaRuntime.cpp:142:  Mapping parameter at offset 24 of size 4 to offset 24 of size 4
   data = 0x00 0x90 0x01 0x00 
(0.685994) CudaRuntime.cpp:2685: kernel launch (_Z10dot_kernelIdEvPKT_S2_PS0_i) on thread 0x145d070
(0.686013) CudaRuntime.cpp:2706:  launch completed successfully
(3.440948) CudaRuntime.cpp:1131: cudaMemcpy(0x1460bd0, 0x1461800, 2048)
(3.440970) CudaRuntime.cpp:215:    _memcpy(0x1460bd0, 0x1461800, 2048 bytes) d-to-h
(3.447241) CudaRuntime.cpp:1131: cudaMemcpy(0x14ae780, 0x7fbede136100, 819200)
(3.447260) CudaRuntime.cpp:215:    _memcpy(0x14ae780, 0x7fbede136100, 819200 bytes) d-to-h
(3.447427) CudaRuntime.cpp:1131: cudaMemcpy(0x1576790, 0x7fbede06d100, 819200)
(3.447436) CudaRuntime.cpp:215:    _memcpy(0x1576790, 0x7fbede06d100, 819200 bytes) d-to-h
(3.447594) CudaRuntime.cpp:1131: cudaMemcpy(0x163e7a0, 0x7fbed8eb4100, 819200)
(3.447603) CudaRuntime.cpp:215:    _memcpy(0x163e7a0, 0x7fbed8eb4100, 819200 bytes) d-to-h
Function    MBytes/sec  Min (sec)   Max         Average     
Copy        19.537      0.08386     0.08386     0.08386     
Mul         17.796      0.09206     0.09206     0.09206     
Add         18.083      0.13590     0.13590     0.13590     
Triad       20.533      0.11969     0.11969     0.11969     
Dot         0.595       2.75513     2.75513     2.75513     
(3.460749) CudaRuntime.cpp:887:  cudaFree(0x7fbede136100)
(3.460872) CudaRuntime.cpp:887:  cudaFree(0x7fbede06d100)
(3.460981) CudaRuntime.cpp:887:  cudaFree(0x7fbed8eb4100)
(3.461087) CudaRuntime.cpp:887:  cudaFree(0x1461800)
