(0.000000) CudaRuntime.cpp:3813: Adding external function 'malloc'
(0.000000) CudaRuntime.cpp:3813: Adding external function 'free'
(0.000000) CudaRuntime.cpp:3813: Adding external function 'vprintf'
(0.000000) CudaRuntime.cpp:3813: Adding external function 'cudaGetParameterBuffer'
(0.000054) CudaRuntime.cpp:595:  Loading module (fatbin) - vectorAdd.cu
(0.000071) CudaRuntime.cpp:738:  Registered kernel - _Z6vecAddPdS_S_i in module 'vectorAdd.cu'
(0.000124) CudaRuntime.cpp:276:  Creating devices.
(0.000253) CudaRuntime.cpp:288:   - Added 1 emulator devices.
(0.000381) CudaRuntime.cpp:446:  Creating new context for thread 0x1dbd000
(0.000439) CudaRuntime.cpp:787:  cudaMalloc( *devPtr = 0x7fcf4f85e100, size = 8000000)
(0.000464) CudaRuntime.cpp:787:  cudaMalloc( *devPtr = 0x7fcf4f0bc100, size = 8000000)
(0.000497) CudaRuntime.cpp:787:  cudaMalloc( *devPtr = 0x7fcf4e91a100, size = 8000000)
(0.146245) CudaRuntime.cpp:1131: cudaMemcpy(0x7fcf4f85e100, 0x7fcf55bca010, 8000000)
(0.146259) CudaRuntime.cpp:251:    _memcpy(0x7fcf4f85e100, 0x7fcf55bca010, 8000000 bytes) h-to-d
(0.150346) CudaRuntime.cpp:1131: cudaMemcpy(0x7fcf4f0bc100, 0x7fcf55428010, 8000000)
(0.150354) CudaRuntime.cpp:251:    _memcpy(0x7fcf4f0bc100, 0x7fcf55428010, 8000000 bytes) h-to-d
(0.154346) CudaRuntime.cpp:1131: cudaMemcpy(0x7fcf4e91a100, 0x7fcf54c86010, 8000000)
(0.154360) CudaRuntime.cpp:251:    _memcpy(0x7fcf4e91a100, 0x7fcf54c86010, 8000000 bytes) h-to-d
(0.158303) CudaRuntime.cpp:2609: cudaConfigureCall()
(0.158319) CudaRuntime.cpp:2631: cudaSetupArgument() - offset 0, size 8
(0.158328) CudaRuntime.cpp:2631: cudaSetupArgument() - offset 8, size 8
(0.158336) CudaRuntime.cpp:2631: cudaSetupArgument() - offset 16, size 8
(0.158344) CudaRuntime.cpp:2631: cudaSetupArgument() - offset 24, size 4
(0.159575) CudaRuntime.cpp:142:  Mapping parameter at offset 0 of size 8 to offset 0 of size 8
   data = 0x00 0xe1 0x85 0x4f 0xcf 0x7f 0x00 0x00 
(0.159588) CudaRuntime.cpp:142:  Mapping parameter at offset 8 of size 8 to offset 8 of size 8
   data = 0x00 0xc1 0x0b 0x4f 0xcf 0x7f 0x00 0x00 
(0.159599) CudaRuntime.cpp:142:  Mapping parameter at offset 16 of size 8 to offset 16 of size 8
   data = 0x00 0xa1 0x91 0x4e 0xcf 0x7f 0x00 0x00 
(0.159609) CudaRuntime.cpp:142:  Mapping parameter at offset 24 of size 4 to offset 24 of size 4
   data = 0x40 0x42 0x0f 0x00 
(0.159617) CudaRuntime.cpp:2685: kernel launch (_Z6vecAddPdS_S_i) on thread 0x1dbd000
(0.159638) CudaRuntime.cpp:2706:  launch completed successfully
all enabled
(0.160146) X86TraceGenerator.cpp:776:  New kernel launched
(0.160156) X86TraceGenerator.cpp:777:  compute version:2.0
(0.160159) X86TraceGenerator.cpp:778:  grid  977 x 1 x 1
(0.160163) X86TraceGenerator.cpp:779:  block 1024 x 1 x 1
(0.160166) X86TraceGenerator.cpp:780:  number of warps per block:32
(0.160169) X86TraceGenerator.cpp:781:  number of total warps:31264
(0.160172) X86TraceGenerator.cpp:782:  # threads per block : 1024
(0.160175) X86TraceGenerator.cpp:783:  number of register per thread:14
(0.160178) X86TraceGenerator.cpp:784:  number of shared memory per thread:0
(0.160182) X86TraceGenerator.cpp:822:  max blocks per core : 1
(0.165108) X86TraceGenerator.cpp:1082: mkdir -p /benchrun/macsim/vectoradd/sm86_a6000/input-1000000/results/traces/_Z6vecAddPdS_S_i_0/ (status 0)

(0.165136) X86TraceGenerator.cpp:1083: errno is 0 message is Success

(5.795136) CudaRuntime.cpp:1131: cudaMemcpy(0x7fcf54c86010, 0x7fcf4e91a100, 8000000)
(5.795170) CudaRuntime.cpp:215:    _memcpy(0x7fcf54c86010, 0x7fcf4e91a100, 8000000 bytes) d-to-h
Final sum = 1000000.000000; sum/n = 1.000000 (should be ~1)
(5.809695) CudaRuntime.cpp:887:  cudaFree(0x7fcf4f85e100)
(5.810847) CudaRuntime.cpp:887:  cudaFree(0x7fcf4f0bc100)
(5.811807) CudaRuntime.cpp:887:  cudaFree(0x7fcf4e91a100)
(5.816109) X86TraceGenerator.cpp:725:  destructor
(5.816410) X86TraceGenerator.cpp:2259: finalize
(5.816429) X86TraceGenerator.cpp:2263: total instruction count: 22473
