------------- NVBit (NVidia Binary Instrumentation Tool v1.5.5) Loaded --------------
NVBit core environment variables (mostly for nvbit-devs):
            NVDISASM = nvdisasm - override default nvdisasm found in PATH
            NOBANNER = 0 - if set, does not print this banner
---------------------------------------------------------------------------------
         INSTR_BEGIN = 0 - Beginning of the instruction interval where to apply instrumentation
           INSTR_END = 4294967295 - End of the instruction interval where to apply instrumentation
    EXCLUDE_PRED_OFF = 1 - Exclude predicated off instruction from count
DYNAMIC_KERNEL_LIMIT_END = 0 - Limit of the number kernel to be printed, 0 means no limit
DYNAMIC_KERNEL_LIMIT_START = 0 - start to report kernel from this kernel id, 0 means starts from the beginning, i.e. first kernel
   ACTIVE_FROM_START = 1 - Start instruction tracing from start or wait for cuProfilerStart and cuProfilerStop. If set to 0, DYNAMIC_KERNEL_LIMIT options have no effect
        TOOL_VERBOSE = 0 - Enable verbosity inside the tool
       TOOL_COMPRESS = 1 - Enable traces compression
     TOOL_TRACE_CORE = 0 - write the core id in the traces
TERMINATE_UPON_LIMIT = 0 - Stop the process once the current kernel > DYNAMIC_KERNEL_LIMIT_END
USER_DEFINED_FOLDERS = 1 - Uses the user defined folder TRACES_FOLDER path environment
----------------------------------------------------------------------------------------------------
BabelStream
Version: 4.0
Implementation: CUDA
Running kernels 1 times
Precision: double
Array size: 0.8 MB (=0.0 GB)
Total size: 2.5 MB (=0.0 GB)
Using CUDA device NVIDIA GeForce RTX 3070
Driver: 11070

 Traces location is /home/bram/src/gpgpusims/bench/accelsim-sass/sm86_rtx3070/babelstream/input-arraysize-102400-numtimes-1/results/traces 
Kernelslist location is /home/bram/src/gpgpusims/bench/accelsim-sass/sm86_rtx3070/babelstream/input-arraysize-102400-numtimes-1/results/traces/kernelslist 
Stats location is /home/bram/src/gpgpusims/bench/accelsim-sass/sm86_rtx3070/babelstream/input-arraysize-102400-numtimes-1/results/traces/stats.csv 
Writing results to /home/bram/src/gpgpusims/bench/accelsim-sass/sm86_rtx3070/babelstream/input-arraysize-102400-numtimes-1/results/traces/kernel-1.trace
Writing results to /home/bram/src/gpgpusims/bench/accelsim-sass/sm86_rtx3070/babelstream/input-arraysize-102400-numtimes-1/results/traces/kernel-2.trace
Writing results to /home/bram/src/gpgpusims/bench/accelsim-sass/sm86_rtx3070/babelstream/input-arraysize-102400-numtimes-1/results/traces/kernel-3.trace
Writing results to /home/bram/src/gpgpusims/bench/accelsim-sass/sm86_rtx3070/babelstream/input-arraysize-102400-numtimes-1/results/traces/kernel-4.trace
Writing results to /home/bram/src/gpgpusims/bench/accelsim-sass/sm86_rtx3070/babelstream/input-arraysize-102400-numtimes-1/results/traces/kernel-5.trace
Writing results to /home/bram/src/gpgpusims/bench/accelsim-sass/sm86_rtx3070/babelstream/input-arraysize-102400-numtimes-1/results/traces/kernel-6.trace
Function    MBytes/sec  Min (sec)   Max         Average     
Copy        10.044      0.16313     0.16313     0.16313     
Mul         9.993       0.16395     0.16395     0.16395     
Add         14.611      0.16821     0.16821     0.16821     
Triad       14.430      0.17031     0.17031     0.17031     
Dot         2.166       0.75646     0.75646     0.75646     
------------- NVBit (NVidia Binary Instrumentation Tool v1.5.5) Loaded --------------
NVBit core environment variables (mostly for nvbit-devs):
            NVDISASM = nvdisasm - override default nvdisasm found in PATH
            NOBANNER = 0 - if set, does not print this banner
---------------------------------------------------------------------------------
         INSTR_BEGIN = 0 - Beginning of the instruction interval where to apply instrumentation
           INSTR_END = 4294967295 - End of the instruction interval where to apply instrumentation
    EXCLUDE_PRED_OFF = 1 - Exclude predicated off instruction from count
DYNAMIC_KERNEL_LIMIT_END = 0 - Limit of the number kernel to be printed, 0 means no limit
DYNAMIC_KERNEL_LIMIT_START = 0 - start to report kernel from this kernel id, 0 means starts from the beginning, i.e. first kernel
   ACTIVE_FROM_START = 1 - Start instruction tracing from start or wait for cuProfilerStart and cuProfilerStop. If set to 0, DYNAMIC_KERNEL_LIMIT options have no effect
        TOOL_VERBOSE = 0 - Enable verbosity inside the tool
       TOOL_COMPRESS = 1 - Enable traces compression
     TOOL_TRACE_CORE = 0 - write the core id in the traces
TERMINATE_UPON_LIMIT = 0 - Stop the process once the current kernel > DYNAMIC_KERNEL_LIMIT_END
USER_DEFINED_FOLDERS = 1 - Uses the user defined folder TRACES_FOLDER path environment
----------------------------------------------------------------------------------------------------
Processing file /home/bram/src/gpgpusims/bench/accelsim-sass/sm86_rtx3070/babelstream/input-arraysize-102400-numtimes-1/results/traces/kernel-1.trace
Processing file /home/bram/src/gpgpusims/bench/accelsim-sass/sm86_rtx3070/babelstream/input-arraysize-102400-numtimes-1/results/traces/kernel-2.trace
Processing file /home/bram/src/gpgpusims/bench/accelsim-sass/sm86_rtx3070/babelstream/input-arraysize-102400-numtimes-1/results/traces/kernel-3.trace
Processing file /home/bram/src/gpgpusims/bench/accelsim-sass/sm86_rtx3070/babelstream/input-arraysize-102400-numtimes-1/results/traces/kernel-4.trace
Processing file /home/bram/src/gpgpusims/bench/accelsim-sass/sm86_rtx3070/babelstream/input-arraysize-102400-numtimes-1/results/traces/kernel-5.trace
Processing file /home/bram/src/gpgpusims/bench/accelsim-sass/sm86_rtx3070/babelstream/input-arraysize-102400-numtimes-1/results/traces/kernel-6.trace
------------- NVBit (NVidia Binary Instrumentation Tool v1.5.5) Loaded --------------
NVBit core environment variables (mostly for nvbit-devs):
            NVDISASM = nvdisasm - override default nvdisasm found in PATH
            NOBANNER = 0 - if set, does not print this banner
---------------------------------------------------------------------------------
         INSTR_BEGIN = 0 - Beginning of the instruction interval where to apply instrumentation
           INSTR_END = 4294967295 - End of the instruction interval where to apply instrumentation
    EXCLUDE_PRED_OFF = 1 - Exclude predicated off instruction from count
DYNAMIC_KERNEL_LIMIT_END = 0 - Limit of the number kernel to be printed, 0 means no limit
DYNAMIC_KERNEL_LIMIT_START = 0 - start to report kernel from this kernel id, 0 means starts from the beginning, i.e. first kernel
   ACTIVE_FROM_START = 1 - Start instruction tracing from start or wait for cuProfilerStart and cuProfilerStop. If set to 0, DYNAMIC_KERNEL_LIMIT options have no effect
        TOOL_VERBOSE = 0 - Enable verbosity inside the tool
       TOOL_COMPRESS = 1 - Enable traces compression
     TOOL_TRACE_CORE = 0 - write the core id in the traces
TERMINATE_UPON_LIMIT = 0 - Stop the process once the current kernel > DYNAMIC_KERNEL_LIMIT_END
USER_DEFINED_FOLDERS = 1 - Uses the user defined folder TRACES_FOLDER path environment
----------------------------------------------------------------------------------------------------
------------- NVBit (NVidia Binary Instrumentation Tool v1.5.5) Loaded --------------
NVBit core environment variables (mostly for nvbit-devs):
            NVDISASM = nvdisasm - override default nvdisasm found in PATH
            NOBANNER = 0 - if set, does not print this banner
---------------------------------------------------------------------------------
         INSTR_BEGIN = 0 - Beginning of the instruction interval where to apply instrumentation
           INSTR_END = 4294967295 - End of the instruction interval where to apply instrumentation
    EXCLUDE_PRED_OFF = 1 - Exclude predicated off instruction from count
DYNAMIC_KERNEL_LIMIT_END = 0 - Limit of the number kernel to be printed, 0 means no limit
DYNAMIC_KERNEL_LIMIT_START = 0 - start to report kernel from this kernel id, 0 means starts from the beginning, i.e. first kernel
   ACTIVE_FROM_START = 1 - Start instruction tracing from start or wait for cuProfilerStart and cuProfilerStop. If set to 0, DYNAMIC_KERNEL_LIMIT options have no effect
        TOOL_VERBOSE = 0 - Enable verbosity inside the tool
       TOOL_COMPRESS = 1 - Enable traces compression
     TOOL_TRACE_CORE = 0 - write the core id in the traces
TERMINATE_UPON_LIMIT = 0 - Stop the process once the current kernel > DYNAMIC_KERNEL_LIMIT_END
USER_DEFINED_FOLDERS = 1 - Uses the user defined folder TRACES_FOLDER path environment
----------------------------------------------------------------------------------------------------
