options: Options {
    input: "/benchrun/accelsim-ptx/sm6_gtx1080/cuda10-matrixmul/input-wa32-ha64-wb64-hb32/results/log.txt",
    output: "/benchrun/accelsim-ptx/sm6_gtx1080/cuda10-matrixmul/input-wa32-ha64-wb64-hb32/results/stats.csv",
    per_kernel: false,
    kernel_instance: false,
    configs_as_rows: false,
    config_list: None,
    benchmark_list: None,
    sim_name: None,
    strict: false,
}
GPGPU-sim version: Some("gpgpu-sim_git-commit-13c67115070dc2f0876254a790d0238073ca364a_modified_0.0")
stats: {
    (
        "final_kernel",
        0,
        "gpu_total_instructions",
    ): 630784.0,
    (
        "final_kernel",
        0,
        "l2_cache_write_miss",
    ): 128.0,
    (
        "final_kernel",
        0,
        "gpgpu_simulation_rate",
    ): 2757.0,
    (
        "final_kernel",
        0,
        "total_dram_reads",
    ): 560.0,
    (
        "final_kernel",
        0,
        "l2_cache_write_hit",
    ): 0.0,
    (
        "final_kernel",
        0,
        "total_core_cache_read_hit",
    ): 0.0,
    (
        "final_kernel",
        0,
        "l2_cache_read_miss",
    ): 0.0,
    (
        "final_kernel",
        0,
        "gpu_tot_ipc",
    ): 114.3968,
    (
        "final_kernel",
        0,
        "l2_bandwidth_gbps",
    ): 4.0289,
    (
        "final_kernel",
        0,
        "kernel_launch_uid",
    ): 1.0,
    (
        "final_kernel",
        0,
        "gpgpu_simulation_time_sec",
    ): 2.0,
    (
        "final_kernel",
        0,
        "l2_cache_read_total",
    ): 256.0,
    (
        "final_kernel",
        0,
        "gpgpu_n_tot_w_icount",
    ): 19968.0,
    (
        "final_kernel",
        0,
        "gpgpu_silicon_slowdown",
    ): 582879.0,
    (
        "final_kernel",
        0,
        "total_core_cache_write_hit",
    ): 0.0,
    (
        "final_kernel",
        0,
        "l2_cache_write_total",
    ): 128.0,
    (
        "final_kernel",
        0,
        "gpu_ipc",
    ): 114.3968,
    (
        "final_kernel",
        0,
        "const_cache_read_total",
    ): 4.0,
    (
        "final_kernel",
        0,
        "gpu_occupancy",
    ): 48.6873,
    (
        "final_kernel",
        0,
        "total_dram_writes",
    ): 512.0,
    (
        "final_kernel",
        0,
        "l2_cache_read_hit",
    ): 256.0,
    (
        "final_kernel",
        0,
        "gpu_tot_sim_cycle",
    ): 5514.0,
    (
        "final_kernel",
        0,
        "total_core_cache_read_mshr_hit",
    ): 0.0,
}
done in 14.721402ms: 77.13 KiB parsed (16.00 EiB/s)
