(0.000000) CudaRuntime.cpp:3813: Adding external function 'malloc'
(0.000000) CudaRuntime.cpp:3813: Adding external function 'free'
(0.000000) CudaRuntime.cpp:3813: Adding external function 'vprintf'
(0.000000) CudaRuntime.cpp:3813: Adding external function 'cudaGetParameterBuffer'
(0.000055) CudaRuntime.cpp:595:  Loading module (fatbin) - vectorAdd.cu
(0.000074) CudaRuntime.cpp:738:  Registered kernel - _Z6vecAddPdS_S_i in module 'vectorAdd.cu'
(0.000111) CudaRuntime.cpp:276:  Creating devices.
(0.000250) CudaRuntime.cpp:288:   - Added 1 emulator devices.
(0.000399) CudaRuntime.cpp:446:  Creating new context for thread 0xbf9df0
(0.000448) CudaRuntime.cpp:787:  cudaMalloc( *devPtr = 0xbfc100, size = 8000)
(0.000468) CudaRuntime.cpp:787:  cudaMalloc( *devPtr = 0xbfe100, size = 8000)
(0.000484) CudaRuntime.cpp:787:  cudaMalloc( *devPtr = 0xc00500, size = 8000)
(0.000996) CudaRuntime.cpp:1131: cudaMemcpy(0xbfc100, 0xbf3930, 8000)
(0.001006) CudaRuntime.cpp:251:    _memcpy(0xbfc100, 0xbf3930, 8000 bytes) h-to-d
(0.001023) CudaRuntime.cpp:1131: cudaMemcpy(0xbfe100, 0xbf5880, 8000)
(0.001031) CudaRuntime.cpp:251:    _memcpy(0xbfe100, 0xbf5880, 8000 bytes) h-to-d
(0.001045) CudaRuntime.cpp:1131: cudaMemcpy(0xc00500, 0xbf77d0, 8000)
(0.001052) CudaRuntime.cpp:251:    _memcpy(0xc00500, 0xbf77d0, 8000 bytes) h-to-d
(0.001069) CudaRuntime.cpp:2609: cudaConfigureCall()
(0.001079) CudaRuntime.cpp:2631: cudaSetupArgument() - offset 0, size 8
(0.001088) CudaRuntime.cpp:2631: cudaSetupArgument() - offset 8, size 8
(0.001096) CudaRuntime.cpp:2631: cudaSetupArgument() - offset 16, size 8
(0.001104) CudaRuntime.cpp:2631: cudaSetupArgument() - offset 24, size 4
(0.003299) CudaRuntime.cpp:142:  Mapping parameter at offset 0 of size 8 to offset 0 of size 8
   data = 0x00 0xc1 0xbf 0x00 0x00 0x00 0x00 0x00 
(0.003315) CudaRuntime.cpp:142:  Mapping parameter at offset 8 of size 8 to offset 8 of size 8
   data = 0x00 0xe1 0xbf 0x00 0x00 0x00 0x00 0x00 
(0.003336) CudaRuntime.cpp:142:  Mapping parameter at offset 16 of size 8 to offset 16 of size 8
   data = 0x00 0x05 0xc0 0x00 0x00 0x00 0x00 0x00 
(0.003343) CudaRuntime.cpp:142:  Mapping parameter at offset 24 of size 4 to offset 24 of size 4
   data = 0xe8 0x03 0x00 0x00 
(0.003350) CudaRuntime.cpp:2685: kernel launch (_Z6vecAddPdS_S_i) on thread 0xbf9df0
(0.003369) CudaRuntime.cpp:2706:  launch completed successfully
all enabled
(0.004057) X86TraceGenerator.cpp:776:  New kernel launched
(0.004079) X86TraceGenerator.cpp:777:  compute version:2.0
(0.004087) X86TraceGenerator.cpp:778:  grid  1 x 1 x 1
(0.004097) X86TraceGenerator.cpp:779:  block 1024 x 1 x 1
(0.004104) X86TraceGenerator.cpp:780:  number of warps per block:32
(0.004112) X86TraceGenerator.cpp:781:  number of total warps:32
(0.004119) X86TraceGenerator.cpp:782:  # threads per block : 1024
(0.004126) X86TraceGenerator.cpp:783:  number of register per thread:14
(0.004133) X86TraceGenerator.cpp:784:  number of shared memory per thread:0
(0.004143) X86TraceGenerator.cpp:822:  max blocks per core : 1
(0.008352) X86TraceGenerator.cpp:1082: mkdir -p /benchrun/macsim/vectoradd/sm86_a6000/input-1000/results/traces/_Z6vecAddPdS_S_i_0/ (status 0)

(0.008410) X86TraceGenerator.cpp:1083: errno is 0 message is Success

(0.045300) CudaRuntime.cpp:1131: cudaMemcpy(0xbf77d0, 0xc00500, 8000)
(0.045321) CudaRuntime.cpp:215:    _memcpy(0xbf77d0, 0xc00500, 8000 bytes) d-to-h
Final sum = 1000.000000; sum/n = 1.000000 (should be ~1)
(0.045360) CudaRuntime.cpp:887:  cudaFree(0xbfc100)
(0.045381) CudaRuntime.cpp:887:  cudaFree(0xbfe100)
(0.045391) CudaRuntime.cpp:887:  cudaFree(0xc00500)
(0.046010) X86TraceGenerator.cpp:725:  destructor
(0.046263) X86TraceGenerator.cpp:2259: finalize
(0.046273) X86TraceGenerator.cpp:2263: total instruction count: 25
