options: Options {
    input: "/benchrun/tejas/sm86_rtx3070/babelstream/input-arraysize-102400-numtimes-1/results/stats.txt",
    output: "/benchrun/tejas/sm86_rtx3070/babelstream/input-arraysize-102400-numtimes-1/results/stats.csv",
}
stats: Stats {
    emulator_type: Some(
        "OCELOT",
    ),
    created: None,
    sim_time: Some(
        55.091s,
    ),
    total_inst_count: Some(
        86576,
    ),
    total_cycle_count: Some(
        33608,
    ),
    dram_total_reads: 0,
    dram_total_writes: 0,
    dram_avg_read_latency: Some(
        0.0,
    ),
    total_instr_cache_access: Some(
        0,
    ),
    total_const_cache_access: Some(
        0,
    ),
    total_shared_cache_access: Some(
        0,
    ),
    total_instr_cache_misses: Some(
        16,
    ),
    total_const_cache_misses: Some(
        2048,
    ),
    total_shared_cache_misses: Some(
        0,
    ),
    kips: Some(
        1.57150895790601,
    ),
    total_ipc: Some(
        2.5760533206379432,
    ),
}
done after 34.027288ms
