(0.000579) CudaRuntime.cpp:3813: Adding external function 'malloc'
(0.000638) CudaRuntime.cpp:3813: Adding external function 'free'
(0.000648) CudaRuntime.cpp:3813: Adding external function 'vprintf'
(0.000656) CudaRuntime.cpp:3813: Adding external function 'cudaGetParameterBuffer'
(0.000707) CudaRuntime.cpp:595:  Loading module (fatbin) - CUDAStream.cu
(0.000724) CudaRuntime.cpp:738:  Registered kernel - _Z11init_kernelIdEvPT_S1_S1_S0_S0_S0_ in module 'CUDAStream.cu'
(0.000738) CudaRuntime.cpp:738:  Registered kernel - _Z10dot_kernelIdEvPKT_S2_PS0_i in module 'CUDAStream.cu'
(0.000747) CudaRuntime.cpp:738:  Registered kernel - _Z14nstream_kernelIdEvPT_PKS0_S3_ in module 'CUDAStream.cu'
(0.000755) CudaRuntime.cpp:738:  Registered kernel - _Z12triad_kernelIdEvPT_PKS0_S3_ in module 'CUDAStream.cu'
(0.000763) CudaRuntime.cpp:738:  Registered kernel - _Z10mul_kernelIdEvPT_PKS0_ in module 'CUDAStream.cu'
(0.000771) CudaRuntime.cpp:738:  Registered kernel - _Z10add_kernelIdEvPKT_S2_PS0_ in module 'CUDAStream.cu'
(0.000779) CudaRuntime.cpp:738:  Registered kernel - _Z11copy_kernelIdEvPKT_PS0_ in module 'CUDAStream.cu'
(0.000787) CudaRuntime.cpp:738:  Registered kernel - _Z11init_kernelIfEvPT_S1_S1_S0_S0_S0_ in module 'CUDAStream.cu'
(0.000795) CudaRuntime.cpp:738:  Registered kernel - _Z10dot_kernelIfEvPKT_S2_PS0_i in module 'CUDAStream.cu'
(0.000803) CudaRuntime.cpp:738:  Registered kernel - _Z14nstream_kernelIfEvPT_PKS0_S3_ in module 'CUDAStream.cu'
(0.000811) CudaRuntime.cpp:738:  Registered kernel - _Z12triad_kernelIfEvPT_PKS0_S3_ in module 'CUDAStream.cu'
(0.000818) CudaRuntime.cpp:738:  Registered kernel - _Z10mul_kernelIfEvPT_PKS0_ in module 'CUDAStream.cu'
(0.000827) CudaRuntime.cpp:738:  Registered kernel - _Z10add_kernelIfEvPKT_S2_PS0_ in module 'CUDAStream.cu'
(0.000835) CudaRuntime.cpp:738:  Registered kernel - _Z11copy_kernelIfEvPKT_PS0_ in module 'CUDAStream.cu'
BabelStream
Version: 4.0
Implementation: CUDA
Running kernels 1 times
Precision: double
Array size: 0.8 MB (=0.0 GB)
Total size: 2.5 MB (=0.0 GB)
(0.000952) CudaRuntime.cpp:446:  Creating new context for thread 0xbc2070
(0.000979) CudaRuntime.cpp:2289: Setting device for thread 0xbc2070 to 0
(0.000993) CudaRuntime.cpp:276:  Creating devices.
(0.001147) CudaRuntime.cpp:288:   - Added 1 emulator devices.
(0.001252) CudaRuntime.cpp:2203: cuda::CudaRuntime::cudaGetDeviceProperties(dev = 0) - major: 2, minor: 1
(0.001265) CudaRuntime.cpp:2241:   returning: prop->major = 2, prop->minor = 1
Using CUDA device Ocelot PTX Emulator
(0.001396) CudaRuntime.cpp:2289: Setting device for thread 0xbc2070 to 0
(0.001410) CudaRuntime.cpp:276:  Creating devices.
(0.001490) CudaRuntime.cpp:288:   - Added 1 emulator devices.
Driver: 4000
(0.001597) CudaRuntime.cpp:276:  Creating devices.
(0.001645) CudaRuntime.cpp:288:   - Added 1 emulator devices.
(0.001686) CudaRuntime.cpp:2203: cuda::CudaRuntime::cudaGetDeviceProperties(dev = 0) - major: 2, minor: 1
(0.001692) CudaRuntime.cpp:2241:   returning: prop->major = 2, prop->minor = 1
(0.001750) CudaRuntime.cpp:276:  Creating devices.
(0.001795) CudaRuntime.cpp:288:   - Added 1 emulator devices.
(0.001840) CudaRuntime.cpp:787:  cudaMalloc( *devPtr = 0x7fbad2e8f100, size = 819200)
(0.001856) CudaRuntime.cpp:787:  cudaMalloc( *devPtr = 0x7fbad2dc6100, size = 819200)
(0.001871) CudaRuntime.cpp:787:  cudaMalloc( *devPtr = 0x7fbacdc0d100, size = 819200)
(0.001881) CudaRuntime.cpp:787:  cudaMalloc( *devPtr = 0xbc6800, size = 2048)
(0.001887) CudaRuntime.cpp:2609: cudaConfigureCall()
(0.001894) CudaRuntime.cpp:2631: cudaSetupArgument() - offset 0, size 8
(0.001900) CudaRuntime.cpp:2631: cudaSetupArgument() - offset 8, size 8
(0.001906) CudaRuntime.cpp:2631: cudaSetupArgument() - offset 16, size 8
(0.001911) CudaRuntime.cpp:2631: cudaSetupArgument() - offset 24, size 8
(0.001916) CudaRuntime.cpp:2631: cudaSetupArgument() - offset 32, size 8
(0.001922) CudaRuntime.cpp:2631: cudaSetupArgument() - offset 40, size 8
(0.011136) CudaRuntime.cpp:142:  Mapping parameter at offset 0 of size 8 to offset 0 of size 8
   data = 0x00 0xf1 0xe8 0xd2 0xba 0x7f 0x00 0x00 
(0.011146) CudaRuntime.cpp:142:  Mapping parameter at offset 8 of size 8 to offset 8 of size 8
   data = 0x00 0x61 0xdc 0xd2 0xba 0x7f 0x00 0x00 
(0.011151) CudaRuntime.cpp:142:  Mapping parameter at offset 16 of size 8 to offset 16 of size 8
   data = 0x00 0xd1 0xc0 0xcd 0xba 0x7f 0x00 0x00 
(0.011155) CudaRuntime.cpp:142:  Mapping parameter at offset 24 of size 8 to offset 24 of size 8
   data = 0x9a 0x99 0x99 0x99 0x99 0x99 0xb9 0x3f 
(0.011160) CudaRuntime.cpp:142:  Mapping parameter at offset 32 of size 8 to offset 32 of size 8
   data = 0x9a 0x99 0x99 0x99 0x99 0x99 0xc9 0x3f 
(0.011164) CudaRuntime.cpp:142:  Mapping parameter at offset 40 of size 8 to offset 40 of size 8
   data = 0x00 0x00 0x00 0x00 0x00 0x00 0x00 0x00 
(0.011168) CudaRuntime.cpp:2685: kernel launch (_Z11init_kernelIdEvPT_S1_S1_S0_S0_S0_) on thread 0xbc2070
(0.011187) CudaRuntime.cpp:2706:  launch completed successfully
(0.228779) CudaRuntime.cpp:2609: cudaConfigureCall()
(0.228798) CudaRuntime.cpp:2631: cudaSetupArgument() - offset 0, size 8
(0.228808) CudaRuntime.cpp:2631: cudaSetupArgument() - offset 8, size 8
(0.228832) CudaRuntime.cpp:142:  Mapping parameter at offset 0 of size 8 to offset 0 of size 8
   data = 0x00 0xf1 0xe8 0xd2 0xba 0x7f 0x00 0x00 
(0.228846) CudaRuntime.cpp:142:  Mapping parameter at offset 8 of size 8 to offset 8 of size 8
   data = 0x00 0xd1 0xc0 0xcd 0xba 0x7f 0x00 0x00 
(0.228856) CudaRuntime.cpp:2685: kernel launch (_Z11copy_kernelIdEvPKT_PS0_) on thread 0xbc2070
(0.228875) CudaRuntime.cpp:2706:  launch completed successfully
(0.382629) CudaRuntime.cpp:2609: cudaConfigureCall()
(0.382648) CudaRuntime.cpp:2631: cudaSetupArgument() - offset 0, size 8
(0.382658) CudaRuntime.cpp:2631: cudaSetupArgument() - offset 8, size 8
(0.382682) CudaRuntime.cpp:142:  Mapping parameter at offset 0 of size 8 to offset 0 of size 8
   data = 0x00 0x61 0xdc 0xd2 0xba 0x7f 0x00 0x00 
(0.382695) CudaRuntime.cpp:142:  Mapping parameter at offset 8 of size 8 to offset 8 of size 8
   data = 0x00 0xd1 0xc0 0xcd 0xba 0x7f 0x00 0x00 
(0.382705) CudaRuntime.cpp:2685: kernel launch (_Z10mul_kernelIdEvPT_PKS0_) on thread 0xbc2070
(0.382725) CudaRuntime.cpp:2706:  launch completed successfully
(0.507387) CudaRuntime.cpp:2609: cudaConfigureCall()
(0.507430) CudaRuntime.cpp:2631: cudaSetupArgument() - offset 0, size 8
(0.507458) CudaRuntime.cpp:2631: cudaSetupArgument() - offset 8, size 8
(0.507471) CudaRuntime.cpp:2631: cudaSetupArgument() - offset 16, size 8
(0.507503) CudaRuntime.cpp:142:  Mapping parameter at offset 0 of size 8 to offset 0 of size 8
   data = 0x00 0xf1 0xe8 0xd2 0xba 0x7f 0x00 0x00 
(0.507523) CudaRuntime.cpp:142:  Mapping parameter at offset 8 of size 8 to offset 8 of size 8
   data = 0x00 0x61 0xdc 0xd2 0xba 0x7f 0x00 0x00 
(0.507558) CudaRuntime.cpp:142:  Mapping parameter at offset 16 of size 8 to offset 16 of size 8
   data = 0x00 0xd1 0xc0 0xcd 0xba 0x7f 0x00 0x00 
(0.507574) CudaRuntime.cpp:2685: kernel launch (_Z10add_kernelIdEvPKT_S2_PS0_) on thread 0xbc2070
(0.507603) CudaRuntime.cpp:2706:  launch completed successfully
(0.666365) CudaRuntime.cpp:2609: cudaConfigureCall()
(0.666407) CudaRuntime.cpp:2631: cudaSetupArgument() - offset 0, size 8
(0.666426) CudaRuntime.cpp:2631: cudaSetupArgument() - offset 8, size 8
(0.666442) CudaRuntime.cpp:2631: cudaSetupArgument() - offset 16, size 8
(0.666496) CudaRuntime.cpp:142:  Mapping parameter at offset 0 of size 8 to offset 0 of size 8
   data = 0x00 0xf1 0xe8 0xd2 0xba 0x7f 0x00 0x00 
(0.666536) CudaRuntime.cpp:142:  Mapping parameter at offset 8 of size 8 to offset 8 of size 8
   data = 0x00 0x61 0xdc 0xd2 0xba 0x7f 0x00 0x00 
(0.666567) CudaRuntime.cpp:142:  Mapping parameter at offset 16 of size 8 to offset 16 of size 8
   data = 0x00 0xd1 0xc0 0xcd 0xba 0x7f 0x00 0x00 
(0.666577) CudaRuntime.cpp:2685: kernel launch (_Z12triad_kernelIdEvPT_PKS0_S3_) on thread 0xbc2070
(0.666597) CudaRuntime.cpp:2706:  launch completed successfully
(0.797296) CudaRuntime.cpp:2609: cudaConfigureCall()
(0.797316) CudaRuntime.cpp:2631: cudaSetupArgument() - offset 0, size 8
(0.797325) CudaRuntime.cpp:2631: cudaSetupArgument() - offset 8, size 8
(0.797333) CudaRuntime.cpp:2631: cudaSetupArgument() - offset 16, size 8
(0.797341) CudaRuntime.cpp:2631: cudaSetupArgument() - offset 24, size 4
(0.797365) CudaRuntime.cpp:142:  Mapping parameter at offset 0 of size 8 to offset 0 of size 8
   data = 0x00 0xf1 0xe8 0xd2 0xba 0x7f 0x00 0x00 
(0.797378) CudaRuntime.cpp:142:  Mapping parameter at offset 8 of size 8 to offset 8 of size 8
   data = 0x00 0x61 0xdc 0xd2 0xba 0x7f 0x00 0x00 
(0.797390) CudaRuntime.cpp:142:  Mapping parameter at offset 16 of size 8 to offset 16 of size 8
   data = 0x00 0x68 0xbc 0x00 0x00 0x00 0x00 0x00 
(0.797401) CudaRuntime.cpp:142:  Mapping parameter at offset 24 of size 4 to offset 24 of size 4
   data = 0x00 0x90 0x01 0x00 
(0.797410) CudaRuntime.cpp:2685: kernel launch (_Z10dot_kernelIdEvPKT_S2_PS0_i) on thread 0xbc2070
(0.797431) CudaRuntime.cpp:2706:  launch completed successfully
(3.172050) CudaRuntime.cpp:1131: cudaMemcpy(0xbc5bd0, 0xbc6800, 2048)
(3.172072) CudaRuntime.cpp:215:    _memcpy(0xbc5bd0, 0xbc6800, 2048 bytes) d-to-h
(3.178237) CudaRuntime.cpp:1131: cudaMemcpy(0xc13780, 0x7fbad2e8f100, 819200)
(3.178269) CudaRuntime.cpp:215:    _memcpy(0xc13780, 0x7fbad2e8f100, 819200 bytes) d-to-h
(3.178433) CudaRuntime.cpp:1131: cudaMemcpy(0xcdb790, 0x7fbad2dc6100, 819200)
(3.178459) CudaRuntime.cpp:215:    _memcpy(0xcdb790, 0x7fbad2dc6100, 819200 bytes) d-to-h
(3.178629) CudaRuntime.cpp:1131: cudaMemcpy(0xda37a0, 0x7fbacdc0d100, 819200)
(3.178649) CudaRuntime.cpp:215:    _memcpy(0xda37a0, 0x7fbacdc0d100, 819200 bytes) d-to-h
Function    MBytes/sec  Min (sec)   Max         Average     
Copy        10.650      0.15385     0.15385     0.15385     
Mul         13.136      0.12473     0.12473     0.12473     
Add         15.458      0.15898     0.15898     0.15898     
Triad       18.769      0.13094     0.13094     0.13094     
Dot         0.690       2.37481     2.37481     2.37481     
(3.192818) CudaRuntime.cpp:887:  cudaFree(0x7fbad2e8f100)
(3.192925) CudaRuntime.cpp:887:  cudaFree(0x7fbad2dc6100)
(3.193004) CudaRuntime.cpp:887:  cudaFree(0x7fbacdc0d100)
(3.193074) CudaRuntime.cpp:887:  cudaFree(0xbc6800)
