options: Options {
    input: "/benchrun/accelsim-sass/cuda4-matrixmul/sm6_gtx1080/input-128/results/log.txt",
    output: "/benchrun/accelsim-sass/cuda4-matrixmul/sm6_gtx1080/input-128/results/stats.csv",
    per_kernel: false,
    kernel_instance: false,
    configs_as_rows: false,
    config_list: None,
    benchmark_list: None,
    sim_name: None,
    strict: false,
}
GPGPU-sim version: Some("accelsim-commit-e02c99dbadefc0b9dc95317100be2a446eec142c_modified_0.0")
stats: {
    (
        "final_kernel",
        0,
        "total_dram_writes",
    ): 2048.0,
    (
        "final_kernel",
        0,
        "gpgpu_n_tot_w_icount",
    ): 211968.0,
    (
        "final_kernel",
        0,
        "total_core_cache_write_hit",
    ): 0.0,
    (
        "final_kernel",
        0,
        "gpgpu_simulation_time_sec",
    ): 6.0,
    (
        "final_kernel",
        0,
        "gpu_tot_ipc",
    ): 505.5957,
    (
        "final_kernel",
        0,
        "gpu_tot_sim_cycle",
    ): 13351.0,
    (
        "final_kernel",
        0,
        "l2_cache_write_total",
    ): 512.0,
    (
        "final_kernel",
        0,
        "l2_bandwidth_gbps",
    ): 34.0771,
    (
        "final_kernel",
        0,
        "total_core_cache_read_hit",
    ): 0.0,
    (
        "final_kernel",
        0,
        "gpu_total_instructions",
    ): 6750208.0,
    (
        "final_kernel",
        0,
        "gpgpu_silicon_slowdown",
    ): 722247.0,
    (
        "final_kernel",
        0,
        "total_core_cache_read_mshr_hit",
    ): 0.0,
    (
        "final_kernel",
        0,
        "kernel_launch_uid",
    ): 1.0,
    (
        "final_kernel",
        0,
        "total_dram_reads",
    ): 6192.0,
    (
        "final_kernel",
        0,
        "l2_cache_read_total",
    ): 4096.0,
    (
        "final_kernel",
        0,
        "gpu_ipc",
    ): 505.5957,
    (
        "final_kernel",
        0,
        "l2_cache_read_miss",
    ): 1024.0,
    (
        "final_kernel",
        0,
        "l2_cache_read_hit",
    ): 1099.0,
    (
        "final_kernel",
        0,
        "gpu_occupancy",
    ): 49.4438,
    (
        "final_kernel",
        0,
        "l2_cache_write_hit",
    ): 0.0,
    (
        "final_kernel",
        0,
        "l2_cache_write_miss",
    ): 512.0,
    (
        "final_kernel",
        0,
        "gpgpu_simulation_rate",
    ): 2225.0,
}
done in 19.632679ms: 76.54 KiB parsed (16.00 EiB/s)
