------------- NVBit (NVidia Binary Instrumentation Tool v1.5.5) Loaded --------------
NVBit core environment variables (mostly for nvbit-devs):
            NVDISASM = nvdisasm - override default nvdisasm found in PATH
            NOBANNER = 0 - if set, does not print this banner
---------------------------------------------------------------------------------
         INSTR_BEGIN = 0 - Beginning of the instruction interval where to apply instrumentation
           INSTR_END = 4294967295 - End of the instruction interval where to apply instrumentation
    EXCLUDE_PRED_OFF = 1 - Exclude predicated off instruction from count
DYNAMIC_KERNEL_LIMIT_END = 0 - Limit of the number kernel to be printed, 0 means no limit
DYNAMIC_KERNEL_LIMIT_START = 0 - start to report kernel from this kernel id, 0 means starts from the beginning, i.e. first kernel
   ACTIVE_FROM_START = 1 - Start instruction tracing from start or wait for cuProfilerStart and cuProfilerStop. If set to 0, DYNAMIC_KERNEL_LIMIT options have no effect
        TOOL_VERBOSE = 0 - Enable verbosity inside the tool
       TOOL_COMPRESS = 1 - Enable traces compression
     TOOL_TRACE_CORE = 0 - write the core id in the traces
TERMINATE_UPON_LIMIT = 0 - Stop the process once the current kernel > DYNAMIC_KERNEL_LIMIT_END
USER_DEFINED_FOLDERS = 1 - Uses the user defined folder TRACES_FOLDER path environment
----------------------------------------------------------------------------------------------------

 Traces location is /benchrun/accelsim-sass/cuda4-matrixmul/sm6_gtx1080/input-128/results/traces 
Kernelslist location is /benchrun/accelsim-sass/cuda4-matrixmul/sm6_gtx1080/input-128/results/traces/kernelslist 
Stats location is /benchrun/accelsim-sass/cuda4-matrixmul/sm6_gtx1080/input-128/results/traces/stats.csv 
grid: (4,4,1)
threads: (32,32,1)
Writing results to /benchrun/accelsim-sass/cuda4-matrixmul/sm6_gtx1080/input-128/results/traces/kernel-1.trace
The GPU Elapsed Time:0.415289 Sec.
The CPU Elapsed Time:0.005241 Sec.
Verifying
PASS
------------- NVBit (NVidia Binary Instrumentation Tool v1.5.5) Loaded --------------
NVBit core environment variables (mostly for nvbit-devs):
            NVDISASM = nvdisasm - override default nvdisasm found in PATH
            NOBANNER = 0 - if set, does not print this banner
---------------------------------------------------------------------------------
         INSTR_BEGIN = 0 - Beginning of the instruction interval where to apply instrumentation
           INSTR_END = 4294967295 - End of the instruction interval where to apply instrumentation
    EXCLUDE_PRED_OFF = 1 - Exclude predicated off instruction from count
DYNAMIC_KERNEL_LIMIT_END = 0 - Limit of the number kernel to be printed, 0 means no limit
DYNAMIC_KERNEL_LIMIT_START = 0 - start to report kernel from this kernel id, 0 means starts from the beginning, i.e. first kernel
   ACTIVE_FROM_START = 1 - Start instruction tracing from start or wait for cuProfilerStart and cuProfilerStop. If set to 0, DYNAMIC_KERNEL_LIMIT options have no effect
        TOOL_VERBOSE = 0 - Enable verbosity inside the tool
       TOOL_COMPRESS = 1 - Enable traces compression
     TOOL_TRACE_CORE = 0 - write the core id in the traces
TERMINATE_UPON_LIMIT = 0 - Stop the process once the current kernel > DYNAMIC_KERNEL_LIMIT_END
USER_DEFINED_FOLDERS = 1 - Uses the user defined folder TRACES_FOLDER path environment
----------------------------------------------------------------------------------------------------
Processing file /benchrun/accelsim-sass/cuda4-matrixmul/sm6_gtx1080/input-128/results/traces/kernel-1.trace
------------- NVBit (NVidia Binary Instrumentation Tool v1.5.5) Loaded --------------
NVBit core environment variables (mostly for nvbit-devs):
            NVDISASM = nvdisasm - override default nvdisasm found in PATH
            NOBANNER = 0 - if set, does not print this banner
---------------------------------------------------------------------------------
         INSTR_BEGIN = 0 - Beginning of the instruction interval where to apply instrumentation
           INSTR_END = 4294967295 - End of the instruction interval where to apply instrumentation
    EXCLUDE_PRED_OFF = 1 - Exclude predicated off instruction from count
DYNAMIC_KERNEL_LIMIT_END = 0 - Limit of the number kernel to be printed, 0 means no limit
DYNAMIC_KERNEL_LIMIT_START = 0 - start to report kernel from this kernel id, 0 means starts from the beginning, i.e. first kernel
   ACTIVE_FROM_START = 1 - Start instruction tracing from start or wait for cuProfilerStart and cuProfilerStop. If set to 0, DYNAMIC_KERNEL_LIMIT options have no effect
        TOOL_VERBOSE = 0 - Enable verbosity inside the tool
       TOOL_COMPRESS = 1 - Enable traces compression
     TOOL_TRACE_CORE = 0 - write the core id in the traces
TERMINATE_UPON_LIMIT = 0 - Stop the process once the current kernel > DYNAMIC_KERNEL_LIMIT_END
USER_DEFINED_FOLDERS = 1 - Uses the user defined folder TRACES_FOLDER path environment
----------------------------------------------------------------------------------------------------
------------- NVBit (NVidia Binary Instrumentation Tool v1.5.5) Loaded --------------
NVBit core environment variables (mostly for nvbit-devs):
            NVDISASM = nvdisasm - override default nvdisasm found in PATH
            NOBANNER = 0 - if set, does not print this banner
---------------------------------------------------------------------------------
         INSTR_BEGIN = 0 - Beginning of the instruction interval where to apply instrumentation
           INSTR_END = 4294967295 - End of the instruction interval where to apply instrumentation
    EXCLUDE_PRED_OFF = 1 - Exclude predicated off instruction from count
DYNAMIC_KERNEL_LIMIT_END = 0 - Limit of the number kernel to be printed, 0 means no limit
DYNAMIC_KERNEL_LIMIT_START = 0 - start to report kernel from this kernel id, 0 means starts from the beginning, i.e. first kernel
   ACTIVE_FROM_START = 1 - Start instruction tracing from start or wait for cuProfilerStart and cuProfilerStop. If set to 0, DYNAMIC_KERNEL_LIMIT options have no effect
        TOOL_VERBOSE = 0 - Enable verbosity inside the tool
       TOOL_COMPRESS = 1 - Enable traces compression
     TOOL_TRACE_CORE = 0 - write the core id in the traces
TERMINATE_UPON_LIMIT = 0 - Stop the process once the current kernel > DYNAMIC_KERNEL_LIMIT_END
USER_DEFINED_FOLDERS = 1 - Uses the user defined folder TRACES_FOLDER path environment
----------------------------------------------------------------------------------------------------
