Transpose Starting...

MapSMtoCores for SM 6.1 is undefined.  Default to use 192 Cores/SM
GPU Device 0: "NVIDIA GeForce GTX 1080" with compute capability 6.1

MapSMtoCores for SM 6.1 is undefined.  Default to use 192 Cores/SM
> Device 0: "NVIDIA GeForce GTX 1080"
> SM Capability 6.1 detected:
MapSMtoCores for SM 6.1 is undefined.  Default to use 192 Cores/SM
MapSMtoCores for SM 6.1 is undefined.  Default to use 192 Cores/SM
> [NVIDIA GeForce GTX 1080] has 20 MP(s) x 192 (Cores/MP) = 3840 (Cores)
> Compute performance scaling factor = 1.00
> MatrixSize X = 128
> MatrixSize Y = 128

Matrix size: 128x128 (8x8 tiles), tile size: 16x16, block size: 16x16

transpose simple copy       , Throughput = 15.5702 GB/s, Time = 0.00784 ms, Size = 16384 fp32 elements, NumDevsUsed = 1, Workgroup = 256
transpose shared memory copy, Throughput = 20.1836 GB/s, Time = 0.00605 ms, Size = 16384 fp32 elements, NumDevsUsed = 1, Workgroup = 256
transpose naive             , Throughput = 20.7320 GB/s, Time = 0.00589 ms, Size = 16384 fp32 elements, NumDevsUsed = 1, Workgroup = 256
transpose coalesced         , Throughput = 20.1836 GB/s, Time = 0.00605 ms, Size = 16384 fp32 elements, NumDevsUsed = 1, Workgroup = 256
transpose optimized         , Throughput = 22.8425 GB/s, Time = 0.00534 ms, Size = 16384 fp32 elements, NumDevsUsed = 1, Workgroup = 256
transpose coarse-grained    , Throughput = 21.1928 GB/s, Time = 0.00576 ms, Size = 16384 fp32 elements, NumDevsUsed = 1, Workgroup = 256
transpose fine-grained      , Throughput = 24.4532 GB/s, Time = 0.00499 ms, Size = 16384 fp32 elements, NumDevsUsed = 1, Workgroup = 256
transpose diagonal          , Throughput = 22.4394 GB/s, Time = 0.00544 ms, Size = 16384 fp32 elements, NumDevsUsed = 1, Workgroup = 256
Test passed
