Transpose Starting...

MapSMtoCores for SM 6.1 is undefined.  Default to use 192 Cores/SM
GPU Device 0: "NVIDIA GeForce GTX 1080" with compute capability 6.1

MapSMtoCores for SM 6.1 is undefined.  Default to use 192 Cores/SM
> Device 0: "NVIDIA GeForce GTX 1080"
> SM Capability 6.1 detected:
MapSMtoCores for SM 6.1 is undefined.  Default to use 192 Cores/SM
MapSMtoCores for SM 6.1 is undefined.  Default to use 192 Cores/SM
> [NVIDIA GeForce GTX 1080] has 20 MP(s) x 192 (Cores/MP) = 3840 (Cores)
> Compute performance scaling factor = 1.00
> MatrixSize X = 64
> MatrixSize Y = 64

Matrix size: 64x64 (4x4 tiles), tile size: 16x16, block size: 16x16

transpose simple copy       , Throughput = 3.8767 GB/s, Time = 0.00787 ms, Size = 4096 fp32 elements, NumDevsUsed = 1, Workgroup = 256
transpose shared memory copy, Throughput = 5.4186 GB/s, Time = 0.00563 ms, Size = 4096 fp32 elements, NumDevsUsed = 1, Workgroup = 256
transpose naive             , Throughput = 6.1927 GB/s, Time = 0.00493 ms, Size = 4096 fp32 elements, NumDevsUsed = 1, Workgroup = 256
transpose coalesced         , Throughput = 4.9413 GB/s, Time = 0.00618 ms, Size = 4096 fp32 elements, NumDevsUsed = 1, Workgroup = 256
transpose optimized         , Throughput = 5.4186 GB/s, Time = 0.00563 ms, Size = 4096 fp32 elements, NumDevsUsed = 1, Workgroup = 256
transpose coarse-grained    , Throughput = 5.5770 GB/s, Time = 0.00547 ms, Size = 4096 fp32 elements, NumDevsUsed = 1, Workgroup = 256
transpose fine-grained      , Throughput = 5.3278 GB/s, Time = 0.00573 ms, Size = 4096 fp32 elements, NumDevsUsed = 1, Workgroup = 256
transpose diagonal          , Throughput = 6.2742 GB/s, Time = 0.00486 ms, Size = 4096 fp32 elements, NumDevsUsed = 1, Workgroup = 256
Test passed
