(0.000000) CudaRuntime.cpp:3813: Adding external function 'malloc'
(0.000000) CudaRuntime.cpp:3813: Adding external function 'free'
(0.000000) CudaRuntime.cpp:3813: Adding external function 'vprintf'
(0.000000) CudaRuntime.cpp:3813: Adding external function 'cudaGetParameterBuffer'
(0.000075) CudaRuntime.cpp:595:  Loading module (fatbin) - transpose.cu
(0.000095) CudaRuntime.cpp:738:  Registered kernel - _Z22transposeCoarseGrainedPfS_ii in module 'transpose.cu'
(0.000118) CudaRuntime.cpp:738:  Registered kernel - _Z20transposeFineGrainedPfS_ii in module 'transpose.cu'
(0.000128) CudaRuntime.cpp:738:  Registered kernel - _Z17transposeDiagonalPfS_ii in module 'transpose.cu'
(0.000145) CudaRuntime.cpp:738:  Registered kernel - _Z24transposeNoBankConflictsPfS_ii in module 'transpose.cu'
(0.000161) CudaRuntime.cpp:738:  Registered kernel - _Z18transposeCoalescedPfS_ii in module 'transpose.cu'
(0.000167) CudaRuntime.cpp:738:  Registered kernel - _Z14transposeNaivePfS_ii in module 'transpose.cu'
(0.000171) CudaRuntime.cpp:738:  Registered kernel - _Z13copySharedMemPfS_ii in module 'transpose.cu'
(0.000177) CudaRuntime.cpp:738:  Registered kernel - _Z4copyPfS_ii in module 'transpose.cu'
Transpose Starting...

(0.000224) CudaRuntime.cpp:446:  Creating new context for thread 0x24b5920
(0.000244) CudaRuntime.cpp:276:  Creating devices.
(0.000344) CudaRuntime.cpp:288:   - Added 1 emulator devices.
(0.000426) CudaRuntime.cpp:2203: cuda::CudaRuntime::cudaGetDeviceProperties(dev = 0) - major: 2, minor: 1
(0.000436) CudaRuntime.cpp:2241:   returning: prop->major = 2, prop->minor = 1
(0.000541) CudaRuntime.cpp:276:  Creating devices.
(0.000601) CudaRuntime.cpp:288:   - Added 1 emulator devices.
(0.000643) CudaRuntime.cpp:2203: cuda::CudaRuntime::cudaGetDeviceProperties(dev = 0) - major: 2, minor: 1
(0.000649) CudaRuntime.cpp:2241:   returning: prop->major = 2, prop->minor = 1
(0.000700) CudaRuntime.cpp:2289: Setting device for thread 0x24b5920 to 0
(0.000707) CudaRuntime.cpp:276:  Creating devices.
(0.000754) CudaRuntime.cpp:288:   - Added 1 emulator devices.
(0.000787) CudaRuntime.cpp:2203: cuda::CudaRuntime::cudaGetDeviceProperties(dev = 0) - major: 2, minor: 1
(0.000793) CudaRuntime.cpp:2241:   returning: prop->major = 2, prop->minor = 1
GPU Device 0: "Ocelot PTX Emulator" with compute capability 2.1

(0.000840) CudaRuntime.cpp:276:  Creating devices.
(0.000885) CudaRuntime.cpp:288:   - Added 1 emulator devices.
(0.000915) CudaRuntime.cpp:2203: cuda::CudaRuntime::cudaGetDeviceProperties(dev = 0) - major: 2, minor: 1
(0.000920) CudaRuntime.cpp:2241:   returning: prop->major = 2, prop->minor = 1
> Device 0: "Ocelot PTX Emulator"
> SM Capability 2.1 detected:
> [Ocelot PTX Emulator] has 1 MP(s) x 48 (Cores/MP) = 48 (Cores)
> Compute performance scaling factor = 4.00
> MatrixSize X = 32
> MatrixSize Y = 32
(0.000973) CudaRuntime.cpp:276:  Creating devices.
(0.001019) CudaRuntime.cpp:288:   - Added 1 emulator devices.
(0.001060) CudaRuntime.cpp:787:  cudaMalloc( *devPtr = 0x24bb900, size = 4096)
(0.001073) CudaRuntime.cpp:787:  cudaMalloc( *devPtr = 0x24bca00, size = 4096)
(0.001089) CudaRuntime.cpp:1131: cudaMemcpy(0x24bb900, 0x24b88a0, 4096)
(0.001095) CudaRuntime.cpp:251:    _memcpy(0x24bb900, 0x24b88a0, 4096 bytes) h-to-d

Matrix size: 32x32 (2x2 tiles), tile size: 16x16, block size: 16x16

(0.001121) CudaRuntime.cpp:2609: cudaConfigureCall()
(0.001126) CudaRuntime.cpp:2631: cudaSetupArgument() - offset 0, size 8
(0.001136) CudaRuntime.cpp:2631: cudaSetupArgument() - offset 8, size 8
(0.001142) CudaRuntime.cpp:2631: cudaSetupArgument() - offset 16, size 4
(0.001147) CudaRuntime.cpp:2631: cudaSetupArgument() - offset 20, size 4
(0.008215) CudaRuntime.cpp:142:  Mapping parameter at offset 0 of size 8 to offset 0 of size 8
   data = 0x00 0xca 0x4b 0x02 0x00 0x00 0x00 0x00 
(0.008228) CudaRuntime.cpp:142:  Mapping parameter at offset 8 of size 8 to offset 8 of size 8
   data = 0x00 0xb9 0x4b 0x02 0x00 0x00 0x00 0x00 
(0.008233) CudaRuntime.cpp:142:  Mapping parameter at offset 16 of size 4 to offset 16 of size 4
   data = 0x20 0x00 0x00 0x00 
(0.008245) CudaRuntime.cpp:142:  Mapping parameter at offset 20 of size 4 to offset 20 of size 4
   data = 0x20 0x00 0x00 0x00 
(0.008250) CudaRuntime.cpp:2685: kernel launch (_Z4copyPfS_ii) on thread 0x24b5920
(0.008262) CudaRuntime.cpp:2706:  launch completed successfully
all enabled
(0.008886) X86TraceGenerator.cpp:776:  New kernel launched
(0.008909) X86TraceGenerator.cpp:777:  compute version:2.0
(0.008917) X86TraceGenerator.cpp:778:  grid  2 x 2 x 1
(0.008927) X86TraceGenerator.cpp:779:  block 16 x 16 x 1
(0.008935) X86TraceGenerator.cpp:780:  number of warps per block:8
(0.008943) X86TraceGenerator.cpp:781:  number of total warps:32
(0.008950) X86TraceGenerator.cpp:782:  # threads per block : 256
(0.008957) X86TraceGenerator.cpp:783:  number of register per thread:7
(0.008965) X86TraceGenerator.cpp:784:  number of shared memory per thread:0
(0.008974) X86TraceGenerator.cpp:822:  max blocks per core : 6
(0.013367) X86TraceGenerator.cpp:1082: mkdir -p /benchrun/macsim/cuda6-transpose/sm6_gtx1080/input-repeat1-dimx32-dimy32/results/traces/_Z4copyPfS_ii_0/ (status 0)

(0.013404) X86TraceGenerator.cpp:1083: errno is 0 message is Success

(0.040542) CudaRuntime.cpp:2609: cudaConfigureCall()
(0.040552) CudaRuntime.cpp:2631: cudaSetupArgument() - offset 0, size 8
(0.040555) CudaRuntime.cpp:2631: cudaSetupArgument() - offset 8, size 8
(0.040557) CudaRuntime.cpp:2631: cudaSetupArgument() - offset 16, size 4
(0.040559) CudaRuntime.cpp:2631: cudaSetupArgument() - offset 20, size 4
(0.040573) CudaRuntime.cpp:142:  Mapping parameter at offset 0 of size 8 to offset 0 of size 8
   data = 0x00 0xca 0x4b 0x02 0x00 0x00 0x00 0x00 
(0.040577) CudaRuntime.cpp:142:  Mapping parameter at offset 8 of size 8 to offset 8 of size 8
   data = 0x00 0xb9 0x4b 0x02 0x00 0x00 0x00 0x00 
(0.040580) CudaRuntime.cpp:142:  Mapping parameter at offset 16 of size 4 to offset 16 of size 4
   data = 0x20 0x00 0x00 0x00 
(0.040583) CudaRuntime.cpp:142:  Mapping parameter at offset 20 of size 4 to offset 20 of size 4
   data = 0x20 0x00 0x00 0x00 
(0.040588) CudaRuntime.cpp:2685: kernel launch (_Z4copyPfS_ii) on thread 0x24b5920
(0.040601) CudaRuntime.cpp:2706:  launch completed successfully
(0.041292) X86TraceGenerator.cpp:776:  New kernel launched
(0.041298) X86TraceGenerator.cpp:777:  compute version:2.0
(0.041300) X86TraceGenerator.cpp:778:  grid  2 x 2 x 1
(0.041302) X86TraceGenerator.cpp:779:  block 16 x 16 x 1
(0.041305) X86TraceGenerator.cpp:780:  number of warps per block:8
(0.041307) X86TraceGenerator.cpp:781:  number of total warps:32
(0.041310) X86TraceGenerator.cpp:782:  # threads per block : 256
(0.041312) X86TraceGenerator.cpp:783:  number of register per thread:7
(0.041314) X86TraceGenerator.cpp:784:  number of shared memory per thread:0
(0.041317) X86TraceGenerator.cpp:822:  max blocks per core : 6
(0.045054) X86TraceGenerator.cpp:1082: mkdir -p /benchrun/macsim/cuda6-transpose/sm6_gtx1080/input-repeat1-dimx32-dimy32/results/traces/_Z4copyPfS_ii_1/ (status 0)

(0.045090) X86TraceGenerator.cpp:1083: errno is 0 message is Success

(0.080871) CudaRuntime.cpp:1131: cudaMemcpy(0x24b98b0, 0x24bca00, 4096)
(0.080895) CudaRuntime.cpp:215:    _memcpy(0x24b98b0, 0x24bca00, 4096 bytes) d-to-h
(0.080928) CudaRuntime.cpp:1131: cudaMemcpy(0x24b98b0, 0x24bca00, 4096)
(0.080936) CudaRuntime.cpp:215:    _memcpy(0x24b98b0, 0x24bca00, 4096 bytes) d-to-h
transpose simple copy       , Throughput = 0.0002 GB/s, Time = 40.29870 ms, Size = 1024 fp32 elements, NumDevsUsed = 1, Workgroup = 256
(0.080967) CudaRuntime.cpp:2609: cudaConfigureCall()
(0.080976) CudaRuntime.cpp:2631: cudaSetupArgument() - offset 0, size 8
(0.080984) CudaRuntime.cpp:2631: cudaSetupArgument() - offset 8, size 8
(0.080991) CudaRuntime.cpp:2631: cudaSetupArgument() - offset 16, size 4
(0.080998) CudaRuntime.cpp:2631: cudaSetupArgument() - offset 20, size 4
(0.081034) CudaRuntime.cpp:142:  Mapping parameter at offset 0 of size 8 to offset 0 of size 8
   data = 0x00 0xca 0x4b 0x02 0x00 0x00 0x00 0x00 
(0.081047) CudaRuntime.cpp:142:  Mapping parameter at offset 8 of size 8 to offset 8 of size 8
   data = 0x00 0xb9 0x4b 0x02 0x00 0x00 0x00 0x00 
(0.081070) CudaRuntime.cpp:142:  Mapping parameter at offset 16 of size 4 to offset 16 of size 4
   data = 0x20 0x00 0x00 0x00 
(0.081081) CudaRuntime.cpp:142:  Mapping parameter at offset 20 of size 4 to offset 20 of size 4
   data = 0x20 0x00 0x00 0x00 
(0.081090) CudaRuntime.cpp:2685: kernel launch (_Z13copySharedMemPfS_ii) on thread 0x24b5920
(0.081117) CudaRuntime.cpp:2706:  launch completed successfully
(0.081998) X86TraceGenerator.cpp:776:  New kernel launched
(0.082006) X86TraceGenerator.cpp:777:  compute version:2.0
(0.082009) X86TraceGenerator.cpp:778:  grid  2 x 2 x 1
(0.082011) X86TraceGenerator.cpp:779:  block 16 x 16 x 1
(0.082014) X86TraceGenerator.cpp:780:  number of warps per block:8
(0.082016) X86TraceGenerator.cpp:781:  number of total warps:32
(0.082018) X86TraceGenerator.cpp:782:  # threads per block : 256
(0.082020) X86TraceGenerator.cpp:783:  number of register per thread:10
(0.082022) X86TraceGenerator.cpp:784:  number of shared memory per thread:1024
(0.082025) X86TraceGenerator.cpp:822:  max blocks per core : 6
(0.085950) X86TraceGenerator.cpp:1082: mkdir -p /benchrun/macsim/cuda6-transpose/sm6_gtx1080/input-repeat1-dimx32-dimy32/results/traces/_Z13copySharedMemPfS_ii_0/ (status 0)

(0.085965) X86TraceGenerator.cpp:1083: errno is 0 message is Success

(0.114719) CudaRuntime.cpp:2609: cudaConfigureCall()
(0.114742) CudaRuntime.cpp:2631: cudaSetupArgument() - offset 0, size 8
(0.114751) CudaRuntime.cpp:2631: cudaSetupArgument() - offset 8, size 8
(0.114759) CudaRuntime.cpp:2631: cudaSetupArgument() - offset 16, size 4
(0.114766) CudaRuntime.cpp:2631: cudaSetupArgument() - offset 20, size 4
(0.114811) CudaRuntime.cpp:142:  Mapping parameter at offset 0 of size 8 to offset 0 of size 8
   data = 0x00 0xca 0x4b 0x02 0x00 0x00 0x00 0x00 
(0.114823) CudaRuntime.cpp:142:  Mapping parameter at offset 8 of size 8 to offset 8 of size 8
   data = 0x00 0xb9 0x4b 0x02 0x00 0x00 0x00 0x00 
(0.114834) CudaRuntime.cpp:142:  Mapping parameter at offset 16 of size 4 to offset 16 of size 4
   data = 0x20 0x00 0x00 0x00 
(0.114845) CudaRuntime.cpp:142:  Mapping parameter at offset 20 of size 4 to offset 20 of size 4
   data = 0x20 0x00 0x00 0x00 
(0.114861) CudaRuntime.cpp:2685: kernel launch (_Z13copySharedMemPfS_ii) on thread 0x24b5920
(0.114884) CudaRuntime.cpp:2706:  launch completed successfully
(0.115960) X86TraceGenerator.cpp:776:  New kernel launched
(0.115968) X86TraceGenerator.cpp:777:  compute version:2.0
(0.115970) X86TraceGenerator.cpp:778:  grid  2 x 2 x 1
(0.115973) X86TraceGenerator.cpp:779:  block 16 x 16 x 1
(0.115975) X86TraceGenerator.cpp:780:  number of warps per block:8
(0.115977) X86TraceGenerator.cpp:781:  number of total warps:32
(0.115979) X86TraceGenerator.cpp:782:  # threads per block : 256
(0.115982) X86TraceGenerator.cpp:783:  number of register per thread:10
(0.115984) X86TraceGenerator.cpp:784:  number of shared memory per thread:1024
(0.115987) X86TraceGenerator.cpp:822:  max blocks per core : 6
(0.119994) X86TraceGenerator.cpp:1082: mkdir -p /benchrun/macsim/cuda6-transpose/sm6_gtx1080/input-repeat1-dimx32-dimy32/results/traces/_Z13copySharedMemPfS_ii_1/ (status 0)

(0.120008) X86TraceGenerator.cpp:1083: errno is 0 message is Success

(0.151471) CudaRuntime.cpp:1131: cudaMemcpy(0x24b98b0, 0x24bca00, 4096)
(0.151532) CudaRuntime.cpp:215:    _memcpy(0x24b98b0, 0x24bca00, 4096 bytes) d-to-h
(0.151586) CudaRuntime.cpp:1131: cudaMemcpy(0x24b98b0, 0x24bca00, 4096)
(0.151610) CudaRuntime.cpp:215:    _memcpy(0x24b98b0, 0x24bca00, 4096 bytes) d-to-h
transpose shared memory copy, Throughput = 0.0002 GB/s, Time = 36.75151 ms, Size = 1024 fp32 elements, NumDevsUsed = 1, Workgroup = 256
(0.151661) CudaRuntime.cpp:2609: cudaConfigureCall()
(0.151686) CudaRuntime.cpp:2631: cudaSetupArgument() - offset 0, size 8
(0.151711) CudaRuntime.cpp:2631: cudaSetupArgument() - offset 8, size 8
(0.151735) CudaRuntime.cpp:2631: cudaSetupArgument() - offset 16, size 4
(0.151758) CudaRuntime.cpp:2631: cudaSetupArgument() - offset 20, size 4
(0.151829) CudaRuntime.cpp:142:  Mapping parameter at offset 0 of size 8 to offset 0 of size 8
   data = 0x00 0xca 0x4b 0x02 0x00 0x00 0x00 0x00 
(0.151883) CudaRuntime.cpp:142:  Mapping parameter at offset 8 of size 8 to offset 8 of size 8
   data = 0x00 0xb9 0x4b 0x02 0x00 0x00 0x00 0x00 
(0.151902) CudaRuntime.cpp:142:  Mapping parameter at offset 16 of size 4 to offset 16 of size 4
   data = 0x20 0x00 0x00 0x00 
(0.151920) CudaRuntime.cpp:142:  Mapping parameter at offset 20 of size 4 to offset 20 of size 4
   data = 0x20 0x00 0x00 0x00 
(0.151933) CudaRuntime.cpp:2685: kernel launch (_Z14transposeNaivePfS_ii) on thread 0x24b5920
(0.151968) CudaRuntime.cpp:2706:  launch completed successfully
(0.153251) X86TraceGenerator.cpp:776:  New kernel launched
(0.153260) X86TraceGenerator.cpp:777:  compute version:2.0
(0.153262) X86TraceGenerator.cpp:778:  grid  2 x 2 x 1
(0.153264) X86TraceGenerator.cpp:779:  block 16 x 16 x 1
(0.153267) X86TraceGenerator.cpp:780:  number of warps per block:8
(0.153269) X86TraceGenerator.cpp:781:  number of total warps:32
(0.153271) X86TraceGenerator.cpp:782:  # threads per block : 256
(0.153273) X86TraceGenerator.cpp:783:  number of register per thread:10
(0.153275) X86TraceGenerator.cpp:784:  number of shared memory per thread:0
(0.153278) X86TraceGenerator.cpp:822:  max blocks per core : 6
(0.157295) X86TraceGenerator.cpp:1082: mkdir -p /benchrun/macsim/cuda6-transpose/sm6_gtx1080/input-repeat1-dimx32-dimy32/results/traces/_Z14transposeNaivePfS_ii_0/ (status 0)

(0.157312) X86TraceGenerator.cpp:1083: errno is 0 message is Success

(0.178850) CudaRuntime.cpp:2609: cudaConfigureCall()
(0.178873) CudaRuntime.cpp:2631: cudaSetupArgument() - offset 0, size 8
(0.178889) CudaRuntime.cpp:2631: cudaSetupArgument() - offset 8, size 8
(0.178905) CudaRuntime.cpp:2631: cudaSetupArgument() - offset 16, size 4
(0.178913) CudaRuntime.cpp:2631: cudaSetupArgument() - offset 20, size 4
(0.178955) CudaRuntime.cpp:142:  Mapping parameter at offset 0 of size 8 to offset 0 of size 8
   data = 0x00 0xca 0x4b 0x02 0x00 0x00 0x00 0x00 
(0.178967) CudaRuntime.cpp:142:  Mapping parameter at offset 8 of size 8 to offset 8 of size 8
   data = 0x00 0xb9 0x4b 0x02 0x00 0x00 0x00 0x00 
(0.178985) CudaRuntime.cpp:142:  Mapping parameter at offset 16 of size 4 to offset 16 of size 4
   data = 0x20 0x00 0x00 0x00 
(0.179006) CudaRuntime.cpp:142:  Mapping parameter at offset 20 of size 4 to offset 20 of size 4
   data = 0x20 0x00 0x00 0x00 
(0.179020) CudaRuntime.cpp:2685: kernel launch (_Z14transposeNaivePfS_ii) on thread 0x24b5920
(0.179047) CudaRuntime.cpp:2706:  launch completed successfully
(0.179906) X86TraceGenerator.cpp:776:  New kernel launched
(0.179916) X86TraceGenerator.cpp:777:  compute version:2.0
(0.179920) X86TraceGenerator.cpp:778:  grid  2 x 2 x 1
(0.179924) X86TraceGenerator.cpp:779:  block 16 x 16 x 1
(0.179928) X86TraceGenerator.cpp:780:  number of warps per block:8
(0.179932) X86TraceGenerator.cpp:781:  number of total warps:32
(0.179936) X86TraceGenerator.cpp:782:  # threads per block : 256
(0.179940) X86TraceGenerator.cpp:783:  number of register per thread:10
(0.179944) X86TraceGenerator.cpp:784:  number of shared memory per thread:0
(0.179948) X86TraceGenerator.cpp:822:  max blocks per core : 6
(0.218553) X86TraceGenerator.cpp:1082: mkdir -p /benchrun/macsim/cuda6-transpose/sm6_gtx1080/input-repeat1-dimx32-dimy32/results/traces/_Z14transposeNaivePfS_ii_1/ (status 0)

(0.218585) X86TraceGenerator.cpp:1083: errno is 0 message is Success

(0.254323) CudaRuntime.cpp:1131: cudaMemcpy(0x24b98b0, 0x24bca00, 4096)
(0.254361) CudaRuntime.cpp:215:    _memcpy(0x24b98b0, 0x24bca00, 4096 bytes) d-to-h
(0.254427) CudaRuntime.cpp:1131: cudaMemcpy(0x24b98b0, 0x24bca00, 4096)
(0.254457) CudaRuntime.cpp:215:    _memcpy(0x24b98b0, 0x24bca00, 4096 bytes) d-to-h
transpose naive             , Throughput = 0.0001 GB/s, Time = 75.44923 ms, Size = 1024 fp32 elements, NumDevsUsed = 1, Workgroup = 256
(0.254509) CudaRuntime.cpp:2609: cudaConfigureCall()
(0.254534) CudaRuntime.cpp:2631: cudaSetupArgument() - offset 0, size 8
(0.254559) CudaRuntime.cpp:2631: cudaSetupArgument() - offset 8, size 8
(0.254594) CudaRuntime.cpp:2631: cudaSetupArgument() - offset 16, size 4
(0.254618) CudaRuntime.cpp:2631: cudaSetupArgument() - offset 20, size 4
(0.254686) CudaRuntime.cpp:142:  Mapping parameter at offset 0 of size 8 to offset 0 of size 8
   data = 0x00 0xca 0x4b 0x02 0x00 0x00 0x00 0x00 
(0.254712) CudaRuntime.cpp:142:  Mapping parameter at offset 8 of size 8 to offset 8 of size 8
   data = 0x00 0xb9 0x4b 0x02 0x00 0x00 0x00 0x00 
(0.254740) CudaRuntime.cpp:142:  Mapping parameter at offset 16 of size 4 to offset 16 of size 4
   data = 0x20 0x00 0x00 0x00 
(0.254782) CudaRuntime.cpp:142:  Mapping parameter at offset 20 of size 4 to offset 20 of size 4
   data = 0x20 0x00 0x00 0x00 
(0.254816) CudaRuntime.cpp:2685: kernel launch (_Z18transposeCoalescedPfS_ii) on thread 0x24b5920
(0.254863) CudaRuntime.cpp:2706:  launch completed successfully
(0.255872) X86TraceGenerator.cpp:776:  New kernel launched
(0.255880) X86TraceGenerator.cpp:777:  compute version:2.0
(0.255883) X86TraceGenerator.cpp:778:  grid  2 x 2 x 1
(0.255885) X86TraceGenerator.cpp:779:  block 16 x 16 x 1
(0.255888) X86TraceGenerator.cpp:780:  number of warps per block:8
(0.255890) X86TraceGenerator.cpp:781:  number of total warps:32
(0.255892) X86TraceGenerator.cpp:782:  # threads per block : 256
(0.255894) X86TraceGenerator.cpp:783:  number of register per thread:8
(0.255896) X86TraceGenerator.cpp:784:  number of shared memory per thread:1024
(0.255899) X86TraceGenerator.cpp:822:  max blocks per core : 6
(0.259984) X86TraceGenerator.cpp:1082: mkdir -p /benchrun/macsim/cuda6-transpose/sm6_gtx1080/input-repeat1-dimx32-dimy32/results/traces/_Z18transposeCoalescedPfS_ii_0/ (status 0)

(0.260000) X86TraceGenerator.cpp:1083: errno is 0 message is Success

(0.288771) CudaRuntime.cpp:2609: cudaConfigureCall()
(0.288794) CudaRuntime.cpp:2631: cudaSetupArgument() - offset 0, size 8
(0.288803) CudaRuntime.cpp:2631: cudaSetupArgument() - offset 8, size 8
(0.288810) CudaRuntime.cpp:2631: cudaSetupArgument() - offset 16, size 4
(0.288818) CudaRuntime.cpp:2631: cudaSetupArgument() - offset 20, size 4
(0.288853) CudaRuntime.cpp:142:  Mapping parameter at offset 0 of size 8 to offset 0 of size 8
   data = 0x00 0xca 0x4b 0x02 0x00 0x00 0x00 0x00 
(0.288866) CudaRuntime.cpp:142:  Mapping parameter at offset 8 of size 8 to offset 8 of size 8
   data = 0x00 0xb9 0x4b 0x02 0x00 0x00 0x00 0x00 
(0.288876) CudaRuntime.cpp:142:  Mapping parameter at offset 16 of size 4 to offset 16 of size 4
   data = 0x20 0x00 0x00 0x00 
(0.288886) CudaRuntime.cpp:142:  Mapping parameter at offset 20 of size 4 to offset 20 of size 4
   data = 0x20 0x00 0x00 0x00 
(0.288902) CudaRuntime.cpp:2685: kernel launch (_Z18transposeCoalescedPfS_ii) on thread 0x24b5920
(0.288924) CudaRuntime.cpp:2706:  launch completed successfully
(0.290332) X86TraceGenerator.cpp:776:  New kernel launched
(0.290348) X86TraceGenerator.cpp:777:  compute version:2.0
(0.290355) X86TraceGenerator.cpp:778:  grid  2 x 2 x 1
(0.290363) X86TraceGenerator.cpp:779:  block 16 x 16 x 1
(0.290370) X86TraceGenerator.cpp:780:  number of warps per block:8
(0.290377) X86TraceGenerator.cpp:781:  number of total warps:32
(0.290384) X86TraceGenerator.cpp:782:  # threads per block : 256
(0.290391) X86TraceGenerator.cpp:783:  number of register per thread:8
(0.290398) X86TraceGenerator.cpp:784:  number of shared memory per thread:1024
(0.290405) X86TraceGenerator.cpp:822:  max blocks per core : 6
(0.294742) X86TraceGenerator.cpp:1082: mkdir -p /benchrun/macsim/cuda6-transpose/sm6_gtx1080/input-repeat1-dimx32-dimy32/results/traces/_Z18transposeCoalescedPfS_ii_1/ (status 0)

(0.294759) X86TraceGenerator.cpp:1083: errno is 0 message is Success

(0.321541) CudaRuntime.cpp:1131: cudaMemcpy(0x24b98b0, 0x24bca00, 4096)
(0.321564) CudaRuntime.cpp:215:    _memcpy(0x24b98b0, 0x24bca00, 4096 bytes) d-to-h
(0.321597) CudaRuntime.cpp:1131: cudaMemcpy(0x24b98b0, 0x24bca00, 4096)
(0.321605) CudaRuntime.cpp:215:    _memcpy(0x24b98b0, 0x24bca00, 4096 bytes) d-to-h
transpose coalesced         , Throughput = 0.0002 GB/s, Time = 32.76658 ms, Size = 1024 fp32 elements, NumDevsUsed = 1, Workgroup = 256
(0.321650) CudaRuntime.cpp:2609: cudaConfigureCall()
(0.321659) CudaRuntime.cpp:2631: cudaSetupArgument() - offset 0, size 8
(0.321668) CudaRuntime.cpp:2631: cudaSetupArgument() - offset 8, size 8
(0.321675) CudaRuntime.cpp:2631: cudaSetupArgument() - offset 16, size 4
(0.321683) CudaRuntime.cpp:2631: cudaSetupArgument() - offset 20, size 4
(0.321724) CudaRuntime.cpp:142:  Mapping parameter at offset 0 of size 8 to offset 0 of size 8
   data = 0x00 0xca 0x4b 0x02 0x00 0x00 0x00 0x00 
(0.321737) CudaRuntime.cpp:142:  Mapping parameter at offset 8 of size 8 to offset 8 of size 8
   data = 0x00 0xb9 0x4b 0x02 0x00 0x00 0x00 0x00 
(0.321748) CudaRuntime.cpp:142:  Mapping parameter at offset 16 of size 4 to offset 16 of size 4
   data = 0x20 0x00 0x00 0x00 
(0.321758) CudaRuntime.cpp:142:  Mapping parameter at offset 20 of size 4 to offset 20 of size 4
   data = 0x20 0x00 0x00 0x00 
(0.321767) CudaRuntime.cpp:2685: kernel launch (_Z24transposeNoBankConflictsPfS_ii) on thread 0x24b5920
(0.321786) CudaRuntime.cpp:2706:  launch completed successfully
(0.323024) X86TraceGenerator.cpp:776:  New kernel launched
(0.323030) X86TraceGenerator.cpp:777:  compute version:2.0
(0.323032) X86TraceGenerator.cpp:778:  grid  2 x 2 x 1
(0.323035) X86TraceGenerator.cpp:779:  block 16 x 16 x 1
(0.323037) X86TraceGenerator.cpp:780:  number of warps per block:8
(0.323039) X86TraceGenerator.cpp:781:  number of total warps:32
(0.323041) X86TraceGenerator.cpp:782:  # threads per block : 256
(0.323044) X86TraceGenerator.cpp:783:  number of register per thread:8
(0.323046) X86TraceGenerator.cpp:784:  number of shared memory per thread:1088
(0.323048) X86TraceGenerator.cpp:822:  max blocks per core : 6
(0.327277) X86TraceGenerator.cpp:1082: mkdir -p /benchrun/macsim/cuda6-transpose/sm6_gtx1080/input-repeat1-dimx32-dimy32/results/traces/_Z24transposeNoBankConflictsPfS_ii_0/ (status 0)

(0.327292) X86TraceGenerator.cpp:1083: errno is 0 message is Success

(0.352125) CudaRuntime.cpp:2609: cudaConfigureCall()
(0.352146) CudaRuntime.cpp:2631: cudaSetupArgument() - offset 0, size 8
(0.352155) CudaRuntime.cpp:2631: cudaSetupArgument() - offset 8, size 8
(0.352162) CudaRuntime.cpp:2631: cudaSetupArgument() - offset 16, size 4
(0.352170) CudaRuntime.cpp:2631: cudaSetupArgument() - offset 20, size 4
(0.352201) CudaRuntime.cpp:142:  Mapping parameter at offset 0 of size 8 to offset 0 of size 8
   data = 0x00 0xca 0x4b 0x02 0x00 0x00 0x00 0x00 
(0.352213) CudaRuntime.cpp:142:  Mapping parameter at offset 8 of size 8 to offset 8 of size 8
   data = 0x00 0xb9 0x4b 0x02 0x00 0x00 0x00 0x00 
(0.352224) CudaRuntime.cpp:142:  Mapping parameter at offset 16 of size 4 to offset 16 of size 4
   data = 0x20 0x00 0x00 0x00 
(0.352234) CudaRuntime.cpp:142:  Mapping parameter at offset 20 of size 4 to offset 20 of size 4
   data = 0x20 0x00 0x00 0x00 
(0.352270) CudaRuntime.cpp:2685: kernel launch (_Z24transposeNoBankConflictsPfS_ii) on thread 0x24b5920
(0.352303) CudaRuntime.cpp:2706:  launch completed successfully
(0.353432) X86TraceGenerator.cpp:776:  New kernel launched
(0.353440) X86TraceGenerator.cpp:777:  compute version:2.0
(0.353443) X86TraceGenerator.cpp:778:  grid  2 x 2 x 1
(0.353446) X86TraceGenerator.cpp:779:  block 16 x 16 x 1
(0.353448) X86TraceGenerator.cpp:780:  number of warps per block:8
(0.353450) X86TraceGenerator.cpp:781:  number of total warps:32
(0.353452) X86TraceGenerator.cpp:782:  # threads per block : 256
(0.353454) X86TraceGenerator.cpp:783:  number of register per thread:8
(0.353457) X86TraceGenerator.cpp:784:  number of shared memory per thread:1088
(0.353459) X86TraceGenerator.cpp:822:  max blocks per core : 6
(0.357773) X86TraceGenerator.cpp:1082: mkdir -p /benchrun/macsim/cuda6-transpose/sm6_gtx1080/input-repeat1-dimx32-dimy32/results/traces/_Z24transposeNoBankConflictsPfS_ii_1/ (status 0)

(0.357789) X86TraceGenerator.cpp:1083: errno is 0 message is Success

(0.383763) CudaRuntime.cpp:1131: cudaMemcpy(0x24b98b0, 0x24bca00, 4096)
(0.383800) CudaRuntime.cpp:215:    _memcpy(0x24b98b0, 0x24bca00, 4096 bytes) d-to-h
(0.383877) CudaRuntime.cpp:1131: cudaMemcpy(0x24b98b0, 0x24bca00, 4096)
(0.383893) CudaRuntime.cpp:215:    _memcpy(0x24b98b0, 0x24bca00, 4096 bytes) d-to-h
transpose optimized         , Throughput = 0.0002 GB/s, Time = 31.61931 ms, Size = 1024 fp32 elements, NumDevsUsed = 1, Workgroup = 256
(0.383942) CudaRuntime.cpp:2609: cudaConfigureCall()
(0.383958) CudaRuntime.cpp:2631: cudaSetupArgument() - offset 0, size 8
(0.383988) CudaRuntime.cpp:2631: cudaSetupArgument() - offset 8, size 8
(0.384012) CudaRuntime.cpp:2631: cudaSetupArgument() - offset 16, size 4
(0.384037) CudaRuntime.cpp:2631: cudaSetupArgument() - offset 20, size 4
(0.384104) CudaRuntime.cpp:142:  Mapping parameter at offset 0 of size 8 to offset 0 of size 8
   data = 0x00 0xca 0x4b 0x02 0x00 0x00 0x00 0x00 
(0.384119) CudaRuntime.cpp:142:  Mapping parameter at offset 8 of size 8 to offset 8 of size 8
   data = 0x00 0xb9 0x4b 0x02 0x00 0x00 0x00 0x00 
(0.384130) CudaRuntime.cpp:142:  Mapping parameter at offset 16 of size 4 to offset 16 of size 4
   data = 0x20 0x00 0x00 0x00 
(0.384140) CudaRuntime.cpp:142:  Mapping parameter at offset 20 of size 4 to offset 20 of size 4
   data = 0x20 0x00 0x00 0x00 
(0.384149) CudaRuntime.cpp:2685: kernel launch (_Z22transposeCoarseGrainedPfS_ii) on thread 0x24b5920
(0.384171) CudaRuntime.cpp:2706:  launch completed successfully
(0.385362) X86TraceGenerator.cpp:776:  New kernel launched
(0.385371) X86TraceGenerator.cpp:777:  compute version:2.0
(0.385373) X86TraceGenerator.cpp:778:  grid  2 x 2 x 1
(0.385376) X86TraceGenerator.cpp:779:  block 16 x 16 x 1
(0.385378) X86TraceGenerator.cpp:780:  number of warps per block:8
(0.385380) X86TraceGenerator.cpp:781:  number of total warps:32
(0.385383) X86TraceGenerator.cpp:782:  # threads per block : 256
(0.385385) X86TraceGenerator.cpp:783:  number of register per thread:8
(0.385387) X86TraceGenerator.cpp:784:  number of shared memory per thread:1088
(0.385389) X86TraceGenerator.cpp:822:  max blocks per core : 6
(0.389568) X86TraceGenerator.cpp:1082: mkdir -p /benchrun/macsim/cuda6-transpose/sm6_gtx1080/input-repeat1-dimx32-dimy32/results/traces/_Z22transposeCoarseGrainedPfS_ii_0/ (status 0)

(0.389585) X86TraceGenerator.cpp:1083: errno is 0 message is Success

(0.414760) CudaRuntime.cpp:2609: cudaConfigureCall()
(0.414781) CudaRuntime.cpp:2631: cudaSetupArgument() - offset 0, size 8
(0.414789) CudaRuntime.cpp:2631: cudaSetupArgument() - offset 8, size 8
(0.414797) CudaRuntime.cpp:2631: cudaSetupArgument() - offset 16, size 4
(0.414805) CudaRuntime.cpp:2631: cudaSetupArgument() - offset 20, size 4
(0.414838) CudaRuntime.cpp:142:  Mapping parameter at offset 0 of size 8 to offset 0 of size 8
   data = 0x00 0xca 0x4b 0x02 0x00 0x00 0x00 0x00 
(0.414851) CudaRuntime.cpp:142:  Mapping parameter at offset 8 of size 8 to offset 8 of size 8
   data = 0x00 0xb9 0x4b 0x02 0x00 0x00 0x00 0x00 
(0.414862) CudaRuntime.cpp:142:  Mapping parameter at offset 16 of size 4 to offset 16 of size 4
   data = 0x20 0x00 0x00 0x00 
(0.414872) CudaRuntime.cpp:142:  Mapping parameter at offset 20 of size 4 to offset 20 of size 4
   data = 0x20 0x00 0x00 0x00 
(0.414888) CudaRuntime.cpp:2685: kernel launch (_Z22transposeCoarseGrainedPfS_ii) on thread 0x24b5920
(0.414907) CudaRuntime.cpp:2706:  launch completed successfully
(0.415898) X86TraceGenerator.cpp:776:  New kernel launched
(0.415905) X86TraceGenerator.cpp:777:  compute version:2.0
(0.415908) X86TraceGenerator.cpp:778:  grid  2 x 2 x 1
(0.415911) X86TraceGenerator.cpp:779:  block 16 x 16 x 1
(0.415913) X86TraceGenerator.cpp:780:  number of warps per block:8
(0.415915) X86TraceGenerator.cpp:781:  number of total warps:32
(0.415918) X86TraceGenerator.cpp:782:  # threads per block : 256
(0.415920) X86TraceGenerator.cpp:783:  number of register per thread:8
(0.415922) X86TraceGenerator.cpp:784:  number of shared memory per thread:1088
(0.415925) X86TraceGenerator.cpp:822:  max blocks per core : 6
(0.419993) X86TraceGenerator.cpp:1082: mkdir -p /benchrun/macsim/cuda6-transpose/sm6_gtx1080/input-repeat1-dimx32-dimy32/results/traces/_Z22transposeCoarseGrainedPfS_ii_1/ (status 0)

(0.420020) X86TraceGenerator.cpp:1083: errno is 0 message is Success

(0.443738) CudaRuntime.cpp:1131: cudaMemcpy(0x24b98b0, 0x24bca00, 4096)
(0.443759) CudaRuntime.cpp:215:    _memcpy(0x24b98b0, 0x24bca00, 4096 bytes) d-to-h
(0.443792) CudaRuntime.cpp:1131: cudaMemcpy(0x24b98b0, 0x24bca00, 4096)
(0.443799) CudaRuntime.cpp:215:    _memcpy(0x24b98b0, 0x24bca00, 4096 bytes) d-to-h
transpose coarse-grained    , Throughput = 0.0003 GB/s, Time = 28.97549 ms, Size = 1024 fp32 elements, NumDevsUsed = 1, Workgroup = 256
(0.443830) CudaRuntime.cpp:2609: cudaConfigureCall()
(0.443838) CudaRuntime.cpp:2631: cudaSetupArgument() - offset 0, size 8
(0.443847) CudaRuntime.cpp:2631: cudaSetupArgument() - offset 8, size 8
(0.443854) CudaRuntime.cpp:2631: cudaSetupArgument() - offset 16, size 4
(0.443861) CudaRuntime.cpp:2631: cudaSetupArgument() - offset 20, size 4
(0.443898) CudaRuntime.cpp:142:  Mapping parameter at offset 0 of size 8 to offset 0 of size 8
   data = 0x00 0xca 0x4b 0x02 0x00 0x00 0x00 0x00 
(0.443911) CudaRuntime.cpp:142:  Mapping parameter at offset 8 of size 8 to offset 8 of size 8
   data = 0x00 0xb9 0x4b 0x02 0x00 0x00 0x00 0x00 
(0.443921) CudaRuntime.cpp:142:  Mapping parameter at offset 16 of size 4 to offset 16 of size 4
   data = 0x20 0x00 0x00 0x00 
(0.443932) CudaRuntime.cpp:142:  Mapping parameter at offset 20 of size 4 to offset 20 of size 4
   data = 0x20 0x00 0x00 0x00 
(0.443940) CudaRuntime.cpp:2685: kernel launch (_Z20transposeFineGrainedPfS_ii) on thread 0x24b5920
(0.443961) CudaRuntime.cpp:2706:  launch completed successfully
(0.445059) X86TraceGenerator.cpp:776:  New kernel launched
(0.445066) X86TraceGenerator.cpp:777:  compute version:2.0
(0.445069) X86TraceGenerator.cpp:778:  grid  2 x 2 x 1
(0.445072) X86TraceGenerator.cpp:779:  block 16 x 16 x 1
(0.445074) X86TraceGenerator.cpp:780:  number of warps per block:8
(0.445076) X86TraceGenerator.cpp:781:  number of total warps:32
(0.445078) X86TraceGenerator.cpp:782:  # threads per block : 256
(0.445080) X86TraceGenerator.cpp:783:  number of register per thread:8
(0.445083) X86TraceGenerator.cpp:784:  number of shared memory per thread:1088
(0.445085) X86TraceGenerator.cpp:822:  max blocks per core : 6
(0.449370) X86TraceGenerator.cpp:1082: mkdir -p /benchrun/macsim/cuda6-transpose/sm6_gtx1080/input-repeat1-dimx32-dimy32/results/traces/_Z20transposeFineGrainedPfS_ii_0/ (status 0)

(0.449382) X86TraceGenerator.cpp:1083: errno is 0 message is Success

(0.474499) CudaRuntime.cpp:2609: cudaConfigureCall()
(0.474520) CudaRuntime.cpp:2631: cudaSetupArgument() - offset 0, size 8
(0.474529) CudaRuntime.cpp:2631: cudaSetupArgument() - offset 8, size 8
(0.474536) CudaRuntime.cpp:2631: cudaSetupArgument() - offset 16, size 4
(0.474544) CudaRuntime.cpp:2631: cudaSetupArgument() - offset 20, size 4
(0.474581) CudaRuntime.cpp:142:  Mapping parameter at offset 0 of size 8 to offset 0 of size 8
   data = 0x00 0xca 0x4b 0x02 0x00 0x00 0x00 0x00 
(0.474593) CudaRuntime.cpp:142:  Mapping parameter at offset 8 of size 8 to offset 8 of size 8
   data = 0x00 0xb9 0x4b 0x02 0x00 0x00 0x00 0x00 
(0.474604) CudaRuntime.cpp:142:  Mapping parameter at offset 16 of size 4 to offset 16 of size 4
   data = 0x20 0x00 0x00 0x00 
(0.474614) CudaRuntime.cpp:142:  Mapping parameter at offset 20 of size 4 to offset 20 of size 4
   data = 0x20 0x00 0x00 0x00 
(0.474630) CudaRuntime.cpp:2685: kernel launch (_Z20transposeFineGrainedPfS_ii) on thread 0x24b5920
(0.474649) CudaRuntime.cpp:2706:  launch completed successfully
(0.475792) X86TraceGenerator.cpp:776:  New kernel launched
(0.475799) X86TraceGenerator.cpp:777:  compute version:2.0
(0.475801) X86TraceGenerator.cpp:778:  grid  2 x 2 x 1
(0.475804) X86TraceGenerator.cpp:779:  block 16 x 16 x 1
(0.475813) X86TraceGenerator.cpp:780:  number of warps per block:8
(0.475817) X86TraceGenerator.cpp:781:  number of total warps:32
(0.475823) X86TraceGenerator.cpp:782:  # threads per block : 256
(0.475831) X86TraceGenerator.cpp:783:  number of register per thread:8
(0.475839) X86TraceGenerator.cpp:784:  number of shared memory per thread:1088
(0.475842) X86TraceGenerator.cpp:822:  max blocks per core : 6
(0.480005) X86TraceGenerator.cpp:1082: mkdir -p /benchrun/macsim/cuda6-transpose/sm6_gtx1080/input-repeat1-dimx32-dimy32/results/traces/_Z20transposeFineGrainedPfS_ii_1/ (status 0)

(0.480017) X86TraceGenerator.cpp:1083: errno is 0 message is Success

(0.505201) CudaRuntime.cpp:1131: cudaMemcpy(0x24b98b0, 0x24bca00, 4096)
(0.505224) CudaRuntime.cpp:215:    _memcpy(0x24b98b0, 0x24bca00, 4096 bytes) d-to-h
(0.505257) CudaRuntime.cpp:1131: cudaMemcpy(0x24b98b0, 0x24bca00, 4096)
(0.505265) CudaRuntime.cpp:215:    _memcpy(0x24b98b0, 0x24bca00, 4096 bytes) d-to-h
transpose fine-grained      , Throughput = 0.0002 GB/s, Time = 30.69592 ms, Size = 1024 fp32 elements, NumDevsUsed = 1, Workgroup = 256
(0.505296) CudaRuntime.cpp:2609: cudaConfigureCall()
(0.505305) CudaRuntime.cpp:2631: cudaSetupArgument() - offset 0, size 8
(0.505314) CudaRuntime.cpp:2631: cudaSetupArgument() - offset 8, size 8
(0.505321) CudaRuntime.cpp:2631: cudaSetupArgument() - offset 16, size 4
(0.505328) CudaRuntime.cpp:2631: cudaSetupArgument() - offset 20, size 4
(0.505374) CudaRuntime.cpp:142:  Mapping parameter at offset 0 of size 8 to offset 0 of size 8
   data = 0x00 0xca 0x4b 0x02 0x00 0x00 0x00 0x00 
(0.505387) CudaRuntime.cpp:142:  Mapping parameter at offset 8 of size 8 to offset 8 of size 8
   data = 0x00 0xb9 0x4b 0x02 0x00 0x00 0x00 0x00 
(0.505397) CudaRuntime.cpp:142:  Mapping parameter at offset 16 of size 4 to offset 16 of size 4
   data = 0x20 0x00 0x00 0x00 
(0.505408) CudaRuntime.cpp:142:  Mapping parameter at offset 20 of size 4 to offset 20 of size 4
   data = 0x20 0x00 0x00 0x00 
(0.505417) CudaRuntime.cpp:2685: kernel launch (_Z17transposeDiagonalPfS_ii) on thread 0x24b5920
(0.505436) CudaRuntime.cpp:2706:  launch completed successfully
(0.506769) X86TraceGenerator.cpp:776:  New kernel launched
(0.506774) X86TraceGenerator.cpp:777:  compute version:2.0
(0.506777) X86TraceGenerator.cpp:778:  grid  2 x 2 x 1
(0.506779) X86TraceGenerator.cpp:779:  block 16 x 16 x 1
(0.506781) X86TraceGenerator.cpp:780:  number of warps per block:8
(0.506783) X86TraceGenerator.cpp:781:  number of total warps:32
(0.506786) X86TraceGenerator.cpp:782:  # threads per block : 256
(0.506788) X86TraceGenerator.cpp:783:  number of register per thread:10
(0.506790) X86TraceGenerator.cpp:784:  number of shared memory per thread:1088
(0.506793) X86TraceGenerator.cpp:822:  max blocks per core : 6
(0.511226) X86TraceGenerator.cpp:1082: mkdir -p /benchrun/macsim/cuda6-transpose/sm6_gtx1080/input-repeat1-dimx32-dimy32/results/traces/_Z17transposeDiagonalPfS_ii_0/ (status 0)

(0.511239) X86TraceGenerator.cpp:1083: errno is 0 message is Success

(0.542475) CudaRuntime.cpp:2609: cudaConfigureCall()
(0.542497) CudaRuntime.cpp:2631: cudaSetupArgument() - offset 0, size 8
(0.542506) CudaRuntime.cpp:2631: cudaSetupArgument() - offset 8, size 8
(0.542522) CudaRuntime.cpp:2631: cudaSetupArgument() - offset 16, size 4
(0.542530) CudaRuntime.cpp:2631: cudaSetupArgument() - offset 20, size 4
(0.542562) CudaRuntime.cpp:142:  Mapping parameter at offset 0 of size 8 to offset 0 of size 8
   data = 0x00 0xca 0x4b 0x02 0x00 0x00 0x00 0x00 
(0.542575) CudaRuntime.cpp:142:  Mapping parameter at offset 8 of size 8 to offset 8 of size 8
   data = 0x00 0xb9 0x4b 0x02 0x00 0x00 0x00 0x00 
(0.542586) CudaRuntime.cpp:142:  Mapping parameter at offset 16 of size 4 to offset 16 of size 4
   data = 0x20 0x00 0x00 0x00 
(0.542597) CudaRuntime.cpp:142:  Mapping parameter at offset 20 of size 4 to offset 20 of size 4
   data = 0x20 0x00 0x00 0x00 
(0.542613) CudaRuntime.cpp:2685: kernel launch (_Z17transposeDiagonalPfS_ii) on thread 0x24b5920
(0.542636) CudaRuntime.cpp:2706:  launch completed successfully
(0.544018) X86TraceGenerator.cpp:776:  New kernel launched
(0.544026) X86TraceGenerator.cpp:777:  compute version:2.0
(0.544028) X86TraceGenerator.cpp:778:  grid  2 x 2 x 1
(0.544031) X86TraceGenerator.cpp:779:  block 16 x 16 x 1
(0.544033) X86TraceGenerator.cpp:780:  number of warps per block:8
(0.544041) X86TraceGenerator.cpp:781:  number of total warps:32
(0.544043) X86TraceGenerator.cpp:782:  # threads per block : 256
(0.544045) X86TraceGenerator.cpp:783:  number of register per thread:10
(0.544048) X86TraceGenerator.cpp:784:  number of shared memory per thread:1088
(0.544050) X86TraceGenerator.cpp:822:  max blocks per core : 6
(0.548335) X86TraceGenerator.cpp:1082: mkdir -p /benchrun/macsim/cuda6-transpose/sm6_gtx1080/input-repeat1-dimx32-dimy32/results/traces/_Z17transposeDiagonalPfS_ii_1/ (status 0)

(0.548348) X86TraceGenerator.cpp:1083: errno is 0 message is Success

(0.585436) CudaRuntime.cpp:1131: cudaMemcpy(0x24b98b0, 0x24bca00, 4096)
(0.585474) CudaRuntime.cpp:215:    _memcpy(0x24b98b0, 0x24bca00, 4096 bytes) d-to-h
(0.585525) CudaRuntime.cpp:1131: cudaMemcpy(0x24b98b0, 0x24bca00, 4096)
(0.585550) CudaRuntime.cpp:215:    _memcpy(0x24b98b0, 0x24bca00, 4096 bytes) d-to-h
transpose diagonal          , Throughput = 0.0002 GB/s, Time = 42.94276 ms, Size = 1024 fp32 elements, NumDevsUsed = 1, Workgroup = 256
(0.585619) CudaRuntime.cpp:887:  cudaFree(0x24bb900)
(0.585657) CudaRuntime.cpp:887:  cudaFree(0x24bca00)
Test passed
(0.587529) X86TraceGenerator.cpp:725:  destructor
(0.588013) X86TraceGenerator.cpp:2259: finalize
(0.588041) X86TraceGenerator.cpp:2263: total instruction count: 2304
