(0.000363) CudaRuntime.cpp:3813: Adding external function 'malloc'
(0.000406) CudaRuntime.cpp:3813: Adding external function 'free'
(0.000411) CudaRuntime.cpp:3813: Adding external function 'vprintf'
(0.000415) CudaRuntime.cpp:3813: Adding external function 'cudaGetParameterBuffer'
(0.000446) CudaRuntime.cpp:595:  Loading module (fatbin) - transposeTejas.cu
(0.000454) CudaRuntime.cpp:738:  Registered kernel - _Z22transposeCoarseGrainedPfS_ii in module 'transposeTejas.cu'
(0.000463) CudaRuntime.cpp:738:  Registered kernel - _Z20transposeFineGrainedPfS_ii in module 'transposeTejas.cu'
(0.000468) CudaRuntime.cpp:738:  Registered kernel - _Z17transposeDiagonalPfS_ii in module 'transposeTejas.cu'
(0.000472) CudaRuntime.cpp:738:  Registered kernel - _Z24transposeNoBankConflictsPfS_ii in module 'transposeTejas.cu'
(0.000476) CudaRuntime.cpp:738:  Registered kernel - _Z18transposeCoalescedPfS_ii in module 'transposeTejas.cu'
(0.000480) CudaRuntime.cpp:738:  Registered kernel - _Z14transposeNaivePfS_ii in module 'transposeTejas.cu'
(0.000485) CudaRuntime.cpp:738:  Registered kernel - _Z13copySharedMemPfS_ii in module 'transposeTejas.cu'
(0.000489) CudaRuntime.cpp:738:  Registered kernel - _Z4copyPfS_ii in module 'transposeTejas.cu'
Transpose Starting...

(0.000537) CudaRuntime.cpp:446:  Creating new context for thread 0x23cfec0
(0.000553) CudaRuntime.cpp:276:  Creating devices.
(0.000640) CudaRuntime.cpp:288:   - Added 1 emulator devices.
(0.000708) CudaRuntime.cpp:2203: cuda::CudaRuntime::cudaGetDeviceProperties(dev = 0) - major: 2, minor: 1
(0.000717) CudaRuntime.cpp:2241:   returning: prop->major = 2, prop->minor = 1
(0.000829) CudaRuntime.cpp:276:  Creating devices.
(0.000868) CudaRuntime.cpp:288:   - Added 1 emulator devices.
(0.000911) CudaRuntime.cpp:2203: cuda::CudaRuntime::cudaGetDeviceProperties(dev = 0) - major: 2, minor: 1
(0.000915) CudaRuntime.cpp:2241:   returning: prop->major = 2, prop->minor = 1
(0.001191) CudaRuntime.cpp:2289: Setting device for thread 0x23cfec0 to 0
(0.001204) CudaRuntime.cpp:276:  Creating devices.
(0.001268) CudaRuntime.cpp:288:   - Added 1 emulator devices.
(0.001305) CudaRuntime.cpp:2203: cuda::CudaRuntime::cudaGetDeviceProperties(dev = 0) - major: 2, minor: 1
(0.001310) CudaRuntime.cpp:2241:   returning: prop->major = 2, prop->minor = 1
GPU Device 0: "Ocelot PTX Emulator" with compute capability 2.1

(0.002029) CudaRuntime.cpp:276:  Creating devices.
(0.002083) CudaRuntime.cpp:288:   - Added 1 emulator devices.
(0.002110) CudaRuntime.cpp:2203: cuda::CudaRuntime::cudaGetDeviceProperties(dev = 0) - major: 2, minor: 1
(0.002115) CudaRuntime.cpp:2241:   returning: prop->major = 2, prop->minor = 1
> Device 0: "Ocelot PTX Emulator"
> SM Capability 2.1 detected:
> [Ocelot PTX Emulator] has 1 MP(s) x 48 (Cores/MP) = 48 (Cores)
> Compute performance scaling factor = 4.00
> MatrixSize X = 64
> MatrixSize Y = 64
(0.002196) CudaRuntime.cpp:276:  Creating devices.
(0.002230) CudaRuntime.cpp:288:   - Added 1 emulator devices.
(0.002260) CudaRuntime.cpp:787:  cudaMalloc( *devPtr = 0x23dfa00, size = 16384)
(0.002271) CudaRuntime.cpp:787:  cudaMalloc( *devPtr = 0x23e3b00, size = 16384)
(0.002301) CudaRuntime.cpp:1131: cudaMemcpy(0x23dfa00, 0x23d37e0, 16384)
(0.002306) CudaRuntime.cpp:251:    _memcpy(0x23dfa00, 0x23d37e0, 16384 bytes) h-to-d

Matrix size: 64x64 (4x4 tiles), tile size: 16x16, block size: 16x16

(0.002355) CudaRuntime.cpp:2609: cudaConfigureCall()
(0.002360) CudaRuntime.cpp:2631: cudaSetupArgument() - offset 0, size 8
(0.002366) CudaRuntime.cpp:2631: cudaSetupArgument() - offset 8, size 8
(0.002370) CudaRuntime.cpp:2631: cudaSetupArgument() - offset 16, size 4
(0.002375) CudaRuntime.cpp:2631: cudaSetupArgument() - offset 20, size 4
(0.007807) CudaRuntime.cpp:142:  Mapping parameter at offset 0 of size 8 to offset 0 of size 8
   data = 0x00 0x3b 0x3e 0x02 0x00 0x00 0x00 0x00 
(0.007821) CudaRuntime.cpp:142:  Mapping parameter at offset 8 of size 8 to offset 8 of size 8
   data = 0x00 0xfa 0x3d 0x02 0x00 0x00 0x00 0x00 
(0.007827) CudaRuntime.cpp:142:  Mapping parameter at offset 16 of size 4 to offset 16 of size 4
   data = 0x40 0x00 0x00 0x00 
(0.007945) CudaRuntime.cpp:142:  Mapping parameter at offset 20 of size 4 to offset 20 of size 4
   data = 0x40 0x00 0x00 0x00 
(0.007951) CudaRuntime.cpp:2685: kernel launch (_Z4copyPfS_ii) on thread 0x23cfec0
(0.007967) CudaRuntime.cpp:2706:  launch completed successfully
(0.027710) CudaRuntime.cpp:2609: cudaConfigureCall()
(0.027723) CudaRuntime.cpp:2631: cudaSetupArgument() - offset 0, size 8
(0.027727) CudaRuntime.cpp:2631: cudaSetupArgument() - offset 8, size 8
(0.027732) CudaRuntime.cpp:2631: cudaSetupArgument() - offset 16, size 4
(0.027736) CudaRuntime.cpp:2631: cudaSetupArgument() - offset 20, size 4
(0.027751) CudaRuntime.cpp:142:  Mapping parameter at offset 0 of size 8 to offset 0 of size 8
   data = 0x00 0x3b 0x3e 0x02 0x00 0x00 0x00 0x00 
(0.027758) CudaRuntime.cpp:142:  Mapping parameter at offset 8 of size 8 to offset 8 of size 8
   data = 0x00 0xfa 0x3d 0x02 0x00 0x00 0x00 0x00 
(0.027763) CudaRuntime.cpp:142:  Mapping parameter at offset 16 of size 4 to offset 16 of size 4
   data = 0x40 0x00 0x00 0x00 
(0.027769) CudaRuntime.cpp:142:  Mapping parameter at offset 20 of size 4 to offset 20 of size 4
   data = 0x40 0x00 0x00 0x00 
(0.027774) CudaRuntime.cpp:2685: kernel launch (_Z4copyPfS_ii) on thread 0x23cfec0
(0.027783) CudaRuntime.cpp:2706:  launch completed successfully
(0.038221) CudaRuntime.cpp:1131: cudaMemcpy(0x23d77f0, 0x23e3b00, 16384)
(0.038233) CudaRuntime.cpp:215:    _memcpy(0x23d77f0, 0x23e3b00, 16384 bytes) d-to-h
(0.038284) CudaRuntime.cpp:1131: cudaMemcpy(0x23d77f0, 0x23e3b00, 16384)
(0.038287) CudaRuntime.cpp:215:    _memcpy(0x23d77f0, 0x23e3b00, 16384 bytes) d-to-h
transpose simple copy       , Throughput = 0.0029 GB/s, Time = 10.50711 ms, Size = 4096 fp32 elements, NumDevsUsed = 1, Workgroup = 256
(0.038328) CudaRuntime.cpp:2609: cudaConfigureCall()
(0.038333) CudaRuntime.cpp:2631: cudaSetupArgument() - offset 0, size 8
(0.038338) CudaRuntime.cpp:2631: cudaSetupArgument() - offset 8, size 8
(0.038342) CudaRuntime.cpp:2631: cudaSetupArgument() - offset 16, size 4
(0.038345) CudaRuntime.cpp:2631: cudaSetupArgument() - offset 20, size 4
(0.038359) CudaRuntime.cpp:142:  Mapping parameter at offset 0 of size 8 to offset 0 of size 8
   data = 0x00 0x3b 0x3e 0x02 0x00 0x00 0x00 0x00 
(0.038366) CudaRuntime.cpp:142:  Mapping parameter at offset 8 of size 8 to offset 8 of size 8
   data = 0x00 0xfa 0x3d 0x02 0x00 0x00 0x00 0x00 
(0.038372) CudaRuntime.cpp:142:  Mapping parameter at offset 16 of size 4 to offset 16 of size 4
   data = 0x40 0x00 0x00 0x00 
(0.038377) CudaRuntime.cpp:142:  Mapping parameter at offset 20 of size 4 to offset 20 of size 4
   data = 0x40 0x00 0x00 0x00 
(0.038382) CudaRuntime.cpp:2685: kernel launch (_Z13copySharedMemPfS_ii) on thread 0x23cfec0
(0.038391) CudaRuntime.cpp:2706:  launch completed successfully
(0.057818) CudaRuntime.cpp:2609: cudaConfigureCall()
(0.057830) CudaRuntime.cpp:2631: cudaSetupArgument() - offset 0, size 8
(0.057835) CudaRuntime.cpp:2631: cudaSetupArgument() - offset 8, size 8
(0.057839) CudaRuntime.cpp:2631: cudaSetupArgument() - offset 16, size 4
(0.057843) CudaRuntime.cpp:2631: cudaSetupArgument() - offset 20, size 4
(0.057858) CudaRuntime.cpp:142:  Mapping parameter at offset 0 of size 8 to offset 0 of size 8
   data = 0x00 0x3b 0x3e 0x02 0x00 0x00 0x00 0x00 
(0.057865) CudaRuntime.cpp:142:  Mapping parameter at offset 8 of size 8 to offset 8 of size 8
   data = 0x00 0xfa 0x3d 0x02 0x00 0x00 0x00 0x00 
(0.057871) CudaRuntime.cpp:142:  Mapping parameter at offset 16 of size 4 to offset 16 of size 4
   data = 0x40 0x00 0x00 0x00 
(0.057876) CudaRuntime.cpp:142:  Mapping parameter at offset 20 of size 4 to offset 20 of size 4
   data = 0x40 0x00 0x00 0x00 
(0.057881) CudaRuntime.cpp:2685: kernel launch (_Z13copySharedMemPfS_ii) on thread 0x23cfec0
(0.057889) CudaRuntime.cpp:2706:  launch completed successfully
(0.077102) CudaRuntime.cpp:1131: cudaMemcpy(0x23d77f0, 0x23e3b00, 16384)
(0.077114) CudaRuntime.cpp:215:    _memcpy(0x23d77f0, 0x23e3b00, 16384 bytes) d-to-h
(0.077154) CudaRuntime.cpp:1131: cudaMemcpy(0x23d77f0, 0x23e3b00, 16384)
(0.077165) CudaRuntime.cpp:215:    _memcpy(0x23d77f0, 0x23e3b00, 16384 bytes) d-to-h
transpose shared memory copy, Throughput = 0.0016 GB/s, Time = 19.28282 ms, Size = 4096 fp32 elements, NumDevsUsed = 1, Workgroup = 256
(0.077207) CudaRuntime.cpp:2609: cudaConfigureCall()
(0.077212) CudaRuntime.cpp:2631: cudaSetupArgument() - offset 0, size 8
(0.077216) CudaRuntime.cpp:2631: cudaSetupArgument() - offset 8, size 8
(0.077220) CudaRuntime.cpp:2631: cudaSetupArgument() - offset 16, size 4
(0.077224) CudaRuntime.cpp:2631: cudaSetupArgument() - offset 20, size 4
(0.077238) CudaRuntime.cpp:142:  Mapping parameter at offset 0 of size 8 to offset 0 of size 8
   data = 0x00 0x3b 0x3e 0x02 0x00 0x00 0x00 0x00 
(0.077245) CudaRuntime.cpp:142:  Mapping parameter at offset 8 of size 8 to offset 8 of size 8
   data = 0x00 0xfa 0x3d 0x02 0x00 0x00 0x00 0x00 
(0.077251) CudaRuntime.cpp:142:  Mapping parameter at offset 16 of size 4 to offset 16 of size 4
   data = 0x40 0x00 0x00 0x00 
(0.077256) CudaRuntime.cpp:142:  Mapping parameter at offset 20 of size 4 to offset 20 of size 4
   data = 0x40 0x00 0x00 0x00 
(0.077261) CudaRuntime.cpp:2685: kernel launch (_Z14transposeNaivePfS_ii) on thread 0x23cfec0
(0.077270) CudaRuntime.cpp:2706:  launch completed successfully
(0.088722) CudaRuntime.cpp:2609: cudaConfigureCall()
(0.088733) CudaRuntime.cpp:2631: cudaSetupArgument() - offset 0, size 8
(0.088738) CudaRuntime.cpp:2631: cudaSetupArgument() - offset 8, size 8
(0.088743) CudaRuntime.cpp:2631: cudaSetupArgument() - offset 16, size 4
(0.088747) CudaRuntime.cpp:2631: cudaSetupArgument() - offset 20, size 4
(0.088761) CudaRuntime.cpp:142:  Mapping parameter at offset 0 of size 8 to offset 0 of size 8
   data = 0x00 0x3b 0x3e 0x02 0x00 0x00 0x00 0x00 
(0.088769) CudaRuntime.cpp:142:  Mapping parameter at offset 8 of size 8 to offset 8 of size 8
   data = 0x00 0xfa 0x3d 0x02 0x00 0x00 0x00 0x00 
(0.088774) CudaRuntime.cpp:142:  Mapping parameter at offset 16 of size 4 to offset 16 of size 4
   data = 0x40 0x00 0x00 0x00 
(0.088780) CudaRuntime.cpp:142:  Mapping parameter at offset 20 of size 4 to offset 20 of size 4
   data = 0x40 0x00 0x00 0x00 
(0.088785) CudaRuntime.cpp:2685: kernel launch (_Z14transposeNaivePfS_ii) on thread 0x23cfec0
(0.088794) CudaRuntime.cpp:2706:  launch completed successfully
(0.098396) CudaRuntime.cpp:1131: cudaMemcpy(0x23d77f0, 0x23e3b00, 16384)
(0.098406) CudaRuntime.cpp:215:    _memcpy(0x23d77f0, 0x23e3b00, 16384 bytes) d-to-h
(0.098435) CudaRuntime.cpp:1131: cudaMemcpy(0x23d77f0, 0x23e3b00, 16384)
(0.098438) CudaRuntime.cpp:215:    _memcpy(0x23d77f0, 0x23e3b00, 16384 bytes) d-to-h
transpose naive             , Throughput = 0.0032 GB/s, Time = 9.67383 ms, Size = 4096 fp32 elements, NumDevsUsed = 1, Workgroup = 256
(0.098466) CudaRuntime.cpp:2609: cudaConfigureCall()
(0.098469) CudaRuntime.cpp:2631: cudaSetupArgument() - offset 0, size 8
(0.098473) CudaRuntime.cpp:2631: cudaSetupArgument() - offset 8, size 8
(0.098475) CudaRuntime.cpp:2631: cudaSetupArgument() - offset 16, size 4
(0.098479) CudaRuntime.cpp:2631: cudaSetupArgument() - offset 20, size 4
(0.098490) CudaRuntime.cpp:142:  Mapping parameter at offset 0 of size 8 to offset 0 of size 8
   data = 0x00 0x3b 0x3e 0x02 0x00 0x00 0x00 0x00 
(0.098495) CudaRuntime.cpp:142:  Mapping parameter at offset 8 of size 8 to offset 8 of size 8
   data = 0x00 0xfa 0x3d 0x02 0x00 0x00 0x00 0x00 
(0.098499) CudaRuntime.cpp:142:  Mapping parameter at offset 16 of size 4 to offset 16 of size 4
   data = 0x40 0x00 0x00 0x00 
(0.098503) CudaRuntime.cpp:142:  Mapping parameter at offset 20 of size 4 to offset 20 of size 4
   data = 0x40 0x00 0x00 0x00 
(0.098506) CudaRuntime.cpp:2685: kernel launch (_Z18transposeCoalescedPfS_ii) on thread 0x23cfec0
(0.098512) CudaRuntime.cpp:2706:  launch completed successfully
(0.111968) CudaRuntime.cpp:2609: cudaConfigureCall()
(0.111978) CudaRuntime.cpp:2631: cudaSetupArgument() - offset 0, size 8
(0.111983) CudaRuntime.cpp:2631: cudaSetupArgument() - offset 8, size 8
(0.111986) CudaRuntime.cpp:2631: cudaSetupArgument() - offset 16, size 4
(0.111995) CudaRuntime.cpp:2631: cudaSetupArgument() - offset 20, size 4
(0.112008) CudaRuntime.cpp:142:  Mapping parameter at offset 0 of size 8 to offset 0 of size 8
   data = 0x00 0x3b 0x3e 0x02 0x00 0x00 0x00 0x00 
(0.112013) CudaRuntime.cpp:142:  Mapping parameter at offset 8 of size 8 to offset 8 of size 8
   data = 0x00 0xfa 0x3d 0x02 0x00 0x00 0x00 0x00 
(0.112017) CudaRuntime.cpp:142:  Mapping parameter at offset 16 of size 4 to offset 16 of size 4
   data = 0x40 0x00 0x00 0x00 
(0.112021) CudaRuntime.cpp:142:  Mapping parameter at offset 20 of size 4 to offset 20 of size 4
   data = 0x40 0x00 0x00 0x00 
(0.112024) CudaRuntime.cpp:2685: kernel launch (_Z18transposeCoalescedPfS_ii) on thread 0x23cfec0
(0.112031) CudaRuntime.cpp:2706:  launch completed successfully
(0.125031) CudaRuntime.cpp:1131: cudaMemcpy(0x23d77f0, 0x23e3b00, 16384)
(0.125042) CudaRuntime.cpp:215:    _memcpy(0x23d77f0, 0x23e3b00, 16384 bytes) d-to-h
(0.125082) CudaRuntime.cpp:1131: cudaMemcpy(0x23d77f0, 0x23e3b00, 16384)
(0.125086) CudaRuntime.cpp:215:    _memcpy(0x23d77f0, 0x23e3b00, 16384 bytes) d-to-h
transpose coalesced         , Throughput = 0.0023 GB/s, Time = 13.05842 ms, Size = 4096 fp32 elements, NumDevsUsed = 1, Workgroup = 256
(0.125127) CudaRuntime.cpp:2609: cudaConfigureCall()
(0.125132) CudaRuntime.cpp:2631: cudaSetupArgument() - offset 0, size 8
(0.125136) CudaRuntime.cpp:2631: cudaSetupArgument() - offset 8, size 8
(0.125140) CudaRuntime.cpp:2631: cudaSetupArgument() - offset 16, size 4
(0.125144) CudaRuntime.cpp:2631: cudaSetupArgument() - offset 20, size 4
(0.125159) CudaRuntime.cpp:142:  Mapping parameter at offset 0 of size 8 to offset 0 of size 8
   data = 0x00 0x3b 0x3e 0x02 0x00 0x00 0x00 0x00 
(0.125166) CudaRuntime.cpp:142:  Mapping parameter at offset 8 of size 8 to offset 8 of size 8
   data = 0x00 0xfa 0x3d 0x02 0x00 0x00 0x00 0x00 
(0.125171) CudaRuntime.cpp:142:  Mapping parameter at offset 16 of size 4 to offset 16 of size 4
   data = 0x40 0x00 0x00 0x00 
(0.125177) CudaRuntime.cpp:142:  Mapping parameter at offset 20 of size 4 to offset 20 of size 4
   data = 0x40 0x00 0x00 0x00 
(0.125181) CudaRuntime.cpp:2685: kernel launch (_Z24transposeNoBankConflictsPfS_ii) on thread 0x23cfec0
(0.125190) CudaRuntime.cpp:2706:  launch completed successfully
(0.147433) CudaRuntime.cpp:2609: cudaConfigureCall()
(0.147447) CudaRuntime.cpp:2631: cudaSetupArgument() - offset 0, size 8
(0.147452) CudaRuntime.cpp:2631: cudaSetupArgument() - offset 8, size 8
(0.147456) CudaRuntime.cpp:2631: cudaSetupArgument() - offset 16, size 4
(0.147460) CudaRuntime.cpp:2631: cudaSetupArgument() - offset 20, size 4
(0.147475) CudaRuntime.cpp:142:  Mapping parameter at offset 0 of size 8 to offset 0 of size 8
   data = 0x00 0x3b 0x3e 0x02 0x00 0x00 0x00 0x00 
(0.147482) CudaRuntime.cpp:142:  Mapping parameter at offset 8 of size 8 to offset 8 of size 8
   data = 0x00 0xfa 0x3d 0x02 0x00 0x00 0x00 0x00 
(0.147487) CudaRuntime.cpp:142:  Mapping parameter at offset 16 of size 4 to offset 16 of size 4
   data = 0x40 0x00 0x00 0x00 
(0.147493) CudaRuntime.cpp:142:  Mapping parameter at offset 20 of size 4 to offset 20 of size 4
   data = 0x40 0x00 0x00 0x00 
(0.147498) CudaRuntime.cpp:2685: kernel launch (_Z24transposeNoBankConflictsPfS_ii) on thread 0x23cfec0
(0.147509) CudaRuntime.cpp:2706:  launch completed successfully
(0.167562) CudaRuntime.cpp:1131: cudaMemcpy(0x23d77f0, 0x23e3b00, 16384)
(0.167576) CudaRuntime.cpp:215:    _memcpy(0x23d77f0, 0x23e3b00, 16384 bytes) d-to-h
(0.167617) CudaRuntime.cpp:1131: cudaMemcpy(0x23d77f0, 0x23e3b00, 16384)
(0.167621) CudaRuntime.cpp:215:    _memcpy(0x23d77f0, 0x23e3b00, 16384 bytes) d-to-h
transpose optimized         , Throughput = 0.0015 GB/s, Time = 20.12539 ms, Size = 4096 fp32 elements, NumDevsUsed = 1, Workgroup = 256
(0.167663) CudaRuntime.cpp:2609: cudaConfigureCall()
(0.167668) CudaRuntime.cpp:2631: cudaSetupArgument() - offset 0, size 8
(0.167673) CudaRuntime.cpp:2631: cudaSetupArgument() - offset 8, size 8
(0.167677) CudaRuntime.cpp:2631: cudaSetupArgument() - offset 16, size 4
(0.167693) CudaRuntime.cpp:2631: cudaSetupArgument() - offset 20, size 4
(0.167709) CudaRuntime.cpp:142:  Mapping parameter at offset 0 of size 8 to offset 0 of size 8
   data = 0x00 0x3b 0x3e 0x02 0x00 0x00 0x00 0x00 
(0.167716) CudaRuntime.cpp:142:  Mapping parameter at offset 8 of size 8 to offset 8 of size 8
   data = 0x00 0xfa 0x3d 0x02 0x00 0x00 0x00 0x00 
(0.167722) CudaRuntime.cpp:142:  Mapping parameter at offset 16 of size 4 to offset 16 of size 4
   data = 0x40 0x00 0x00 0x00 
(0.167728) CudaRuntime.cpp:142:  Mapping parameter at offset 20 of size 4 to offset 20 of size 4
   data = 0x40 0x00 0x00 0x00 
(0.167733) CudaRuntime.cpp:2685: kernel launch (_Z22transposeCoarseGrainedPfS_ii) on thread 0x23cfec0
(0.167745) CudaRuntime.cpp:2706:  launch completed successfully
(0.185236) CudaRuntime.cpp:2609: cudaConfigureCall()
(0.185248) CudaRuntime.cpp:2631: cudaSetupArgument() - offset 0, size 8
(0.185253) CudaRuntime.cpp:2631: cudaSetupArgument() - offset 8, size 8
(0.185257) CudaRuntime.cpp:2631: cudaSetupArgument() - offset 16, size 4
(0.185261) CudaRuntime.cpp:2631: cudaSetupArgument() - offset 20, size 4
(0.185277) CudaRuntime.cpp:142:  Mapping parameter at offset 0 of size 8 to offset 0 of size 8
   data = 0x00 0x3b 0x3e 0x02 0x00 0x00 0x00 0x00 
(0.185284) CudaRuntime.cpp:142:  Mapping parameter at offset 8 of size 8 to offset 8 of size 8
   data = 0x00 0xfa 0x3d 0x02 0x00 0x00 0x00 0x00 
(0.185289) CudaRuntime.cpp:142:  Mapping parameter at offset 16 of size 4 to offset 16 of size 4
   data = 0x40 0x00 0x00 0x00 
(0.185296) CudaRuntime.cpp:142:  Mapping parameter at offset 20 of size 4 to offset 20 of size 4
   data = 0x40 0x00 0x00 0x00 
(0.185300) CudaRuntime.cpp:2685: kernel launch (_Z22transposeCoarseGrainedPfS_ii) on thread 0x23cfec0
(0.185312) CudaRuntime.cpp:2706:  launch completed successfully
(0.202885) CudaRuntime.cpp:1131: cudaMemcpy(0x23d77f0, 0x23e3b00, 16384)
(0.202898) CudaRuntime.cpp:215:    _memcpy(0x23d77f0, 0x23e3b00, 16384 bytes) d-to-h
(0.202940) CudaRuntime.cpp:1131: cudaMemcpy(0x23d77f0, 0x23e3b00, 16384)
(0.202944) CudaRuntime.cpp:215:    _memcpy(0x23d77f0, 0x23e3b00, 16384 bytes) d-to-h
transpose coarse-grained    , Throughput = 0.0017 GB/s, Time = 17.64727 ms, Size = 4096 fp32 elements, NumDevsUsed = 1, Workgroup = 256
(0.202987) CudaRuntime.cpp:2609: cudaConfigureCall()
(0.202992) CudaRuntime.cpp:2631: cudaSetupArgument() - offset 0, size 8
(0.202996) CudaRuntime.cpp:2631: cudaSetupArgument() - offset 8, size 8
(0.203001) CudaRuntime.cpp:2631: cudaSetupArgument() - offset 16, size 4
(0.203005) CudaRuntime.cpp:2631: cudaSetupArgument() - offset 20, size 4
(0.203020) CudaRuntime.cpp:142:  Mapping parameter at offset 0 of size 8 to offset 0 of size 8
   data = 0x00 0x3b 0x3e 0x02 0x00 0x00 0x00 0x00 
(0.203027) CudaRuntime.cpp:142:  Mapping parameter at offset 8 of size 8 to offset 8 of size 8
   data = 0x00 0xfa 0x3d 0x02 0x00 0x00 0x00 0x00 
(0.203032) CudaRuntime.cpp:142:  Mapping parameter at offset 16 of size 4 to offset 16 of size 4
   data = 0x40 0x00 0x00 0x00 
(0.203038) CudaRuntime.cpp:142:  Mapping parameter at offset 20 of size 4 to offset 20 of size 4
   data = 0x40 0x00 0x00 0x00 
(0.203043) CudaRuntime.cpp:2685: kernel launch (_Z20transposeFineGrainedPfS_ii) on thread 0x23cfec0
(0.203055) CudaRuntime.cpp:2706:  launch completed successfully
(0.221326) CudaRuntime.cpp:2609: cudaConfigureCall()
(0.221340) CudaRuntime.cpp:2631: cudaSetupArgument() - offset 0, size 8
(0.221345) CudaRuntime.cpp:2631: cudaSetupArgument() - offset 8, size 8
(0.221349) CudaRuntime.cpp:2631: cudaSetupArgument() - offset 16, size 4
(0.221353) CudaRuntime.cpp:2631: cudaSetupArgument() - offset 20, size 4
(0.221370) CudaRuntime.cpp:142:  Mapping parameter at offset 0 of size 8 to offset 0 of size 8
   data = 0x00 0x3b 0x3e 0x02 0x00 0x00 0x00 0x00 
(0.221377) CudaRuntime.cpp:142:  Mapping parameter at offset 8 of size 8 to offset 8 of size 8
   data = 0x00 0xfa 0x3d 0x02 0x00 0x00 0x00 0x00 
(0.221383) CudaRuntime.cpp:142:  Mapping parameter at offset 16 of size 4 to offset 16 of size 4
   data = 0x40 0x00 0x00 0x00 
(0.221398) CudaRuntime.cpp:142:  Mapping parameter at offset 20 of size 4 to offset 20 of size 4
   data = 0x40 0x00 0x00 0x00 
(0.221404) CudaRuntime.cpp:2685: kernel launch (_Z20transposeFineGrainedPfS_ii) on thread 0x23cfec0
(0.221416) CudaRuntime.cpp:2706:  launch completed successfully
(0.239424) CudaRuntime.cpp:1131: cudaMemcpy(0x23d77f0, 0x23e3b00, 16384)
(0.239437) CudaRuntime.cpp:215:    _memcpy(0x23d77f0, 0x23e3b00, 16384 bytes) d-to-h
(0.239478) CudaRuntime.cpp:1131: cudaMemcpy(0x23d77f0, 0x23e3b00, 16384)
(0.239482) CudaRuntime.cpp:215:    _memcpy(0x23d77f0, 0x23e3b00, 16384 bytes) d-to-h
transpose fine-grained      , Throughput = 0.0017 GB/s, Time = 18.09525 ms, Size = 4096 fp32 elements, NumDevsUsed = 1, Workgroup = 256
(0.239524) CudaRuntime.cpp:2609: cudaConfigureCall()
(0.239529) CudaRuntime.cpp:2631: cudaSetupArgument() - offset 0, size 8
(0.239534) CudaRuntime.cpp:2631: cudaSetupArgument() - offset 8, size 8
(0.239538) CudaRuntime.cpp:2631: cudaSetupArgument() - offset 16, size 4
(0.239542) CudaRuntime.cpp:2631: cudaSetupArgument() - offset 20, size 4
(0.239558) CudaRuntime.cpp:142:  Mapping parameter at offset 0 of size 8 to offset 0 of size 8
   data = 0x00 0x3b 0x3e 0x02 0x00 0x00 0x00 0x00 
(0.239565) CudaRuntime.cpp:142:  Mapping parameter at offset 8 of size 8 to offset 8 of size 8
   data = 0x00 0xfa 0x3d 0x02 0x00 0x00 0x00 0x00 
(0.239571) CudaRuntime.cpp:142:  Mapping parameter at offset 16 of size 4 to offset 16 of size 4
   data = 0x40 0x00 0x00 0x00 
(0.239577) CudaRuntime.cpp:142:  Mapping parameter at offset 20 of size 4 to offset 20 of size 4
   data = 0x40 0x00 0x00 0x00 
(0.239582) CudaRuntime.cpp:2685: kernel launch (_Z17transposeDiagonalPfS_ii) on thread 0x23cfec0
(0.239594) CudaRuntime.cpp:2706:  launch completed successfully
(0.266130) CudaRuntime.cpp:2609: cudaConfigureCall()
(0.266145) CudaRuntime.cpp:2631: cudaSetupArgument() - offset 0, size 8
(0.266150) CudaRuntime.cpp:2631: cudaSetupArgument() - offset 8, size 8
(0.266154) CudaRuntime.cpp:2631: cudaSetupArgument() - offset 16, size 4
(0.266158) CudaRuntime.cpp:2631: cudaSetupArgument() - offset 20, size 4
(0.266175) CudaRuntime.cpp:142:  Mapping parameter at offset 0 of size 8 to offset 0 of size 8
   data = 0x00 0x3b 0x3e 0x02 0x00 0x00 0x00 0x00 
(0.266182) CudaRuntime.cpp:142:  Mapping parameter at offset 8 of size 8 to offset 8 of size 8
   data = 0x00 0xfa 0x3d 0x02 0x00 0x00 0x00 0x00 
(0.266188) CudaRuntime.cpp:142:  Mapping parameter at offset 16 of size 4 to offset 16 of size 4
   data = 0x40 0x00 0x00 0x00 
(0.266194) CudaRuntime.cpp:142:  Mapping parameter at offset 20 of size 4 to offset 20 of size 4
   data = 0x40 0x00 0x00 0x00 
(0.266199) CudaRuntime.cpp:2685: kernel launch (_Z17transposeDiagonalPfS_ii) on thread 0x23cfec0
(0.266211) CudaRuntime.cpp:2706:  launch completed successfully
(0.287527) CudaRuntime.cpp:1131: cudaMemcpy(0x23d77f0, 0x23e3b00, 16384)
(0.287537) CudaRuntime.cpp:215:    _memcpy(0x23d77f0, 0x23e3b00, 16384 bytes) d-to-h
(0.287568) CudaRuntime.cpp:1131: cudaMemcpy(0x23d77f0, 0x23e3b00, 16384)
(0.287571) CudaRuntime.cpp:215:    _memcpy(0x23d77f0, 0x23e3b00, 16384 bytes) d-to-h
transpose diagonal          , Throughput = 0.0014 GB/s, Time = 21.39997 ms, Size = 4096 fp32 elements, NumDevsUsed = 1, Workgroup = 256
(0.287606) CudaRuntime.cpp:887:  cudaFree(0x23dfa00)
(0.287612) CudaRuntime.cpp:887:  cudaFree(0x23e3b00)
Test passed
