options: Options {
    input: "/benchrun/tejas/vectoradd/sm6_gtx1080/input-1000000/results/stats.txt",
    output: "/benchrun/tejas/vectoradd/sm6_gtx1080/input-1000000/results/stats.csv",
}
stats: Stats {
    emulator_type: Some(
        "OCELOT",
    ),
    created: None,
    sim_time: Some(
        7.33s,
    ),
    total_inst_count: Some(
        22473,
    ),
    total_cycle_count: Some(
        38745,
    ),
    dram_total_reads: 0,
    dram_total_writes: 0,
    dram_avg_read_latency: Some(
        0.0,
    ),
    total_instr_cache_access: Some(
        0,
    ),
    total_const_cache_access: Some(
        0,
    ),
    total_shared_cache_access: Some(
        0,
    ),
    total_instr_cache_misses: Some(
        16,
    ),
    total_const_cache_misses: Some(
        0,
    ),
    total_shared_cache_misses: Some(
        0,
    ),
    kips: Some(
        3.065893587994543,
    ),
    total_ipc: Some(
        0.5800232288037166,
    ),
}
done after 38.655279ms
