options: Options {
    input: "/benchrun/tejas/cuda6-transpose/sm6_gtx1080/input-repeat1-dimx128-dimy128/results/stats.txt",
    output: "/benchrun/tejas/cuda6-transpose/sm6_gtx1080/input-repeat1-dimx128-dimy128/results/stats.csv",
}
stats: Stats {
    emulator_type: Some(
        "OCELOT",
    ),
    created: None,
    sim_time: Some(
        68.926s,
    ),
    total_inst_count: Some(
        36864,
    ),
    total_cycle_count: Some(
        38216,
    ),
    dram_total_reads: 0,
    dram_total_writes: 0,
    dram_avg_read_latency: Some(
        0.0,
    ),
    total_instr_cache_access: Some(
        0,
    ),
    total_const_cache_access: Some(
        0,
    ),
    total_shared_cache_access: Some(
        0,
    ),
    total_instr_cache_misses: Some(
        32,
    ),
    total_const_cache_misses: Some(
        272,
    ),
    total_shared_cache_misses: Some(
        0,
    ),
    kips: Some(
        0.5348344601456635,
    ),
    total_ipc: Some(
        0.9646221477915009,
    ),
}
done after 17.395137ms
