options: Options {
    input: "/benchrun/accelsim-sass/cuda6-transpose/sm6_gtx1080/input-repeat1-dimx32-dimy32/results/log.txt",
    output: "/benchrun/accelsim-sass/cuda6-transpose/sm6_gtx1080/input-repeat1-dimx32-dimy32/results/stats.csv",
    per_kernel: false,
    kernel_instance: false,
    configs_as_rows: false,
    config_list: None,
    benchmark_list: None,
    sim_name: None,
    strict: false,
}
GPGPU-sim version: Some("accelsim-commit-e02c99dbadefc0b9dc95317100be2a446eec142c_modified_0.0")
stats: {
    (
        "final_kernel",
        0,
        "gpgpu_silicon_slowdown",
    ): 259612.0,
    (
        "final_kernel",
        0,
        "l2_cache_write_miss",
    ): 32.0,
    (
        "final_kernel",
        0,
        "l2_cache_read_hit",
    ): 960.0,
    (
        "final_kernel",
        0,
        "gpu_tot_ipc",
    ): 45.6958,
    (
        "final_kernel",
        0,
        "gpu_total_instructions",
    ): 565760.0,
    (
        "final_kernel",
        0,
        "l2_cache_write_total",
    ): 1920.0,
    (
        "final_kernel",
        0,
        "gpu_tot_sim_cycle",
    ): 12381.0,
    (
        "final_kernel",
        0,
        "gpu_ipc",
    ): 50.9692,
    (
        "final_kernel",
        0,
        "l2_cache_write_hit",
    ): 1856.0,
    (
        "final_kernel",
        0,
        "kernel_launch_uid",
    ): 16.0,
    (
        "final_kernel",
        0,
        "gpgpu_n_tot_w_icount",
    ): 17920.0,
    (
        "final_kernel",
        0,
        "l2_cache_read_miss",
    ): 32.0,
    (
        "final_kernel",
        0,
        "total_dram_writes",
    ): 128.0,
    (
        "final_kernel",
        0,
        "total_core_cache_read_mshr_hit",
    ): 0.0,
    (
        "final_kernel",
        0,
        "total_core_cache_read_hit",
    ): 0.0,
    (
        "final_kernel",
        0,
        "l2_bandwidth_gbps",
    ): 10.8243,
    (
        "final_kernel",
        0,
        "gpgpu_simulation_time_sec",
    ): 2.0,
    (
        "final_kernel",
        0,
        "gpgpu_simulation_rate",
    ): 6190.0,
    (
        "final_kernel",
        0,
        "l2_cache_read_total",
    ): 1024.0,
    (
        "final_kernel",
        0,
        "total_dram_reads",
    ): 292.0,
    (
        "final_kernel",
        0,
        "gpu_occupancy",
    ): 12.3536,
    (
        "final_kernel",
        0,
        "total_core_cache_write_hit",
    ): 0.0,
}
done in 37.940752ms: 730.22 KiB parsed (16.00 EiB/s)
