
; Multi2Sim 5.0 - A Simulation Framework for CPU-GPU Heterogeneous Computing
; Please use command 'm2s --help' for a list of command-line options.
; Simulation alpha-numeric ID: 35t0z


Warning: ExecuteSyscall_clock_gettime: not implemented for 'clk_id' = 2


Warning: ExecuteSyscall_clock_gettime: not implemented for 'clk_id' = 2


Warning: ExecuteSyscall_clock_gettime: not implemented for 'clk_id' = 2


Warning: ExecuteSyscall_clock_gettime: not implemented for 'clk_id' = 2


Warning: ExecuteSyscall_clock_gettime: not implemented for 'clk_id' = 2


Warning: ExecuteSyscall_clock_gettime: not implemented for 'clk_id' = 2


Warning: ExecuteSyscall_clock_gettime: not implemented for 'clk_id' = 2


Warning: ExecuteSyscall_clock_gettime: not implemented for 'clk_id' = 2


Warning: ExecuteSyscall_clock_gettime: not implemented for 'clk_id' = 2


Warning: ExecuteSyscall_clock_gettime: not implemented for 'clk_id' = 2


Warning: ExecuteSyscall_clock_gettime: not implemented for 'clk_id' = 2


Warning: ExecuteSyscall_clock_gettime: not implemented for 'clk_id' = 2


Warning: ExecuteSyscall_clock_gettime: not implemented for 'clk_id' = 2


Warning: ExecuteSyscall_clock_gettime: not implemented for 'clk_id' = 2


Warning: ExecuteSyscall_clock_gettime: not implemented for 'clk_id' = 2


Warning: ExecuteSyscall_clock_gettime: not implemented for 'clk_id' = 2


;
; Simulation Statistics Summary
;

[ General ]
RealTime = 25.83 [s]
SimEnd = ContextsFinished
SimTime = 35869.02 [ns]
Frequency = 1410 [MHz]
Cycles = 50592

[ Kepler ]
TotalInstructions = 26247168
IntegerInstructions = 8257536
FP32Instructions = 32768
FP64Instructions = 0
ControlInstructions = 2686976
LSInstructions = 1933312
MovementInstructions = 6619136
ConversionInstructions = 98304
PredicateInstructions = 1048576
MiscInstructions = 5570560

[ x86 ]
RealTime = 25.76 [s]
Instructions = 30904598
InstructionsPerSecond = 1199505

