Transpose Starting...

MapSMtoCores for SM 6.1 is undefined.  Default to use 192 Cores/SM
GPU Device 0: "NVIDIA GeForce GTX 1080" with compute capability 6.1

MapSMtoCores for SM 6.1 is undefined.  Default to use 192 Cores/SM
> Device 0: "NVIDIA GeForce GTX 1080"
> SM Capability 6.1 detected:
MapSMtoCores for SM 6.1 is undefined.  Default to use 192 Cores/SM
MapSMtoCores for SM 6.1 is undefined.  Default to use 192 Cores/SM
> [NVIDIA GeForce GTX 1080] has 20 MP(s) x 192 (Cores/MP) = 3840 (Cores)
> Compute performance scaling factor = 1.00
> MatrixSize X = 64
> MatrixSize Y = 64

Matrix size: 64x64 (4x4 tiles), tile size: 16x16, block size: 16x16

transpose simple copy       , Throughput = 0.0000 GB/s, Time = 728.79993 ms, Size = 4096 fp32 elements, NumDevsUsed = 1, Workgroup = 256
transpose shared memory copy, Throughput = 0.0000 GB/s, Time = 708.94409 ms, Size = 4096 fp32 elements, NumDevsUsed = 1, Workgroup = 256
transpose naive             , Throughput = 0.0000 GB/s, Time = 715.89868 ms, Size = 4096 fp32 elements, NumDevsUsed = 1, Workgroup = 256
transpose coalesced         , Throughput = 0.0000 GB/s, Time = 756.43597 ms, Size = 4096 fp32 elements, NumDevsUsed = 1, Workgroup = 256
transpose optimized         , Throughput = 0.0000 GB/s, Time = 741.30316 ms, Size = 4096 fp32 elements, NumDevsUsed = 1, Workgroup = 256
transpose coarse-grained    , Throughput = 0.0000 GB/s, Time = 707.94476 ms, Size = 4096 fp32 elements, NumDevsUsed = 1, Workgroup = 256
transpose fine-grained      , Throughput = 0.0000 GB/s, Time = 736.96997 ms, Size = 4096 fp32 elements, NumDevsUsed = 1, Workgroup = 256
transpose diagonal          , Throughput = 0.0000 GB/s, Time = 717.17499 ms, Size = 4096 fp32 elements, NumDevsUsed = 1, Workgroup = 256
Test passed
