options: Options {
    input: "/benchrun/accelsim-sass/sm6_gtx1080/cuda10-transpose/input-repeat1-dimx64-dimy64/results/log.txt",
    output: "/benchrun/accelsim-sass/sm6_gtx1080/cuda10-transpose/input-repeat1-dimx64-dimy64/results/stats.csv",
    per_kernel: false,
    kernel_instance: false,
    configs_as_rows: false,
    config_list: None,
    benchmark_list: None,
    sim_name: None,
    strict: false,
}
GPGPU-sim version: Some("accelsim-commit-e02c99dbadefc0b9dc95317100be2a446eec142c_modified_0.0")
stats: {
    (
        "final_kernel",
        0,
        "l2_cache_write_miss",
    ): 128.0,
    (
        "final_kernel",
        0,
        "total_core_cache_read_hit",
    ): 0.0,
    (
        "final_kernel",
        0,
        "gpu_occupancy",
    ): 12.0866,
    (
        "final_kernel",
        0,
        "gpu_total_instructions",
    ): 2262528.0,
    (
        "final_kernel",
        0,
        "l2_bandwidth_gbps",
    ): 18.996,
    (
        "final_kernel",
        0,
        "gpgpu_simulation_rate",
    ): 2776.0,
    (
        "final_kernel",
        0,
        "gpu_tot_ipc",
    ): 162.9594,
    (
        "final_kernel",
        0,
        "gpu_tot_sim_cycle",
    ): 13884.0,
    (
        "final_kernel",
        0,
        "total_core_cache_write_hit",
    ): 0.0,
    (
        "final_kernel",
        0,
        "total_core_cache_read_mshr_hit",
    ): 0.0,
    (
        "final_kernel",
        0,
        "l2_cache_read_hit",
    ): 3840.0,
    (
        "final_kernel",
        0,
        "l2_cache_read_total",
    ): 4096.0,
    (
        "final_kernel",
        0,
        "kernel_launch_uid",
    ): 16.0,
    (
        "final_kernel",
        0,
        "gpgpu_n_tot_w_icount",
    ): 71680.0,
    (
        "final_kernel",
        0,
        "gpu_ipc",
    ): 186.8394,
    (
        "final_kernel",
        0,
        "total_dram_writes",
    ): 512.0,
    (
        "final_kernel",
        0,
        "l2_cache_write_hit",
    ): 7424.0,
    (
        "final_kernel",
        0,
        "gpgpu_silicon_slowdown",
    ): 578890.0,
    (
        "final_kernel",
        0,
        "l2_cache_write_total",
    ): 7680.0,
    (
        "final_kernel",
        0,
        "total_dram_reads",
    ): 1060.0,
    (
        "final_kernel",
        0,
        "l2_cache_read_miss",
    ): 128.0,
    (
        "final_kernel",
        0,
        "gpgpu_simulation_time_sec",
    ): 5.0,
}
done in 38.706667ms: 750.30 KiB parsed (16.00 EiB/s)
