(0.000000) CudaRuntime.cpp:3813: Adding external function 'malloc'
(0.000000) CudaRuntime.cpp:3813: Adding external function 'free'
(0.000000) CudaRuntime.cpp:3813: Adding external function 'vprintf'
(0.000000) CudaRuntime.cpp:3813: Adding external function 'cudaGetParameterBuffer'
(0.000059) CudaRuntime.cpp:595:  Loading module (fatbin) - transpose.cu
(0.000073) CudaRuntime.cpp:738:  Registered kernel - _Z22transposeCoarseGrainedPfS_ii in module 'transpose.cu'
(0.000087) CudaRuntime.cpp:738:  Registered kernel - _Z20transposeFineGrainedPfS_ii in module 'transpose.cu'
(0.000097) CudaRuntime.cpp:738:  Registered kernel - _Z17transposeDiagonalPfS_ii in module 'transpose.cu'
(0.000106) CudaRuntime.cpp:738:  Registered kernel - _Z24transposeNoBankConflictsPfS_ii in module 'transpose.cu'
(0.000114) CudaRuntime.cpp:738:  Registered kernel - _Z18transposeCoalescedPfS_ii in module 'transpose.cu'
(0.000123) CudaRuntime.cpp:738:  Registered kernel - _Z14transposeNaivePfS_ii in module 'transpose.cu'
(0.000131) CudaRuntime.cpp:738:  Registered kernel - _Z13copySharedMemPfS_ii in module 'transpose.cu'
(0.000139) CudaRuntime.cpp:738:  Registered kernel - _Z4copyPfS_ii in module 'transpose.cu'
Transpose Starting...

(0.000228) CudaRuntime.cpp:446:  Creating new context for thread 0x839920
(0.000275) CudaRuntime.cpp:276:  Creating devices.
(0.000439) CudaRuntime.cpp:288:   - Added 1 emulator devices.
(0.000582) CudaRuntime.cpp:2203: cuda::CudaRuntime::cudaGetDeviceProperties(dev = 0) - major: 2, minor: 1
(0.000614) CudaRuntime.cpp:2241:   returning: prop->major = 2, prop->minor = 1
(0.000739) CudaRuntime.cpp:276:  Creating devices.
(0.000839) CudaRuntime.cpp:288:   - Added 1 emulator devices.
(0.000919) CudaRuntime.cpp:2203: cuda::CudaRuntime::cudaGetDeviceProperties(dev = 0) - major: 2, minor: 1
(0.000947) CudaRuntime.cpp:2241:   returning: prop->major = 2, prop->minor = 1
(0.001018) CudaRuntime.cpp:2289: Setting device for thread 0x839920 to 0
(0.001045) CudaRuntime.cpp:276:  Creating devices.
(0.001136) CudaRuntime.cpp:288:   - Added 1 emulator devices.
(0.001207) CudaRuntime.cpp:2203: cuda::CudaRuntime::cudaGetDeviceProperties(dev = 0) - major: 2, minor: 1
(0.001235) CudaRuntime.cpp:2241:   returning: prop->major = 2, prop->minor = 1
GPU Device 0: "Ocelot PTX Emulator" with compute capability 2.1

(0.001290) CudaRuntime.cpp:276:  Creating devices.
(0.001363) CudaRuntime.cpp:288:   - Added 1 emulator devices.
(0.001410) CudaRuntime.cpp:2203: cuda::CudaRuntime::cudaGetDeviceProperties(dev = 0) - major: 2, minor: 1
(0.001420) CudaRuntime.cpp:2241:   returning: prop->major = 2, prop->minor = 1
> Device 0: "Ocelot PTX Emulator"
> SM Capability 2.1 detected:
> [Ocelot PTX Emulator] has 1 MP(s) x 48 (Cores/MP) = 48 (Cores)
> Compute performance scaling factor = 4.00
> MatrixSize X = 32
> MatrixSize Y = 32
(0.001509) CudaRuntime.cpp:276:  Creating devices.
(0.001582) CudaRuntime.cpp:288:   - Added 1 emulator devices.
(0.001646) CudaRuntime.cpp:787:  cudaMalloc( *devPtr = 0x83f900, size = 4096)
(0.001667) CudaRuntime.cpp:787:  cudaMalloc( *devPtr = 0x840a00, size = 4096)
(0.001692) CudaRuntime.cpp:1131: cudaMemcpy(0x83f900, 0x83c8a0, 4096)
(0.001702) CudaRuntime.cpp:251:    _memcpy(0x83f900, 0x83c8a0, 4096 bytes) h-to-d

Matrix size: 32x32 (2x2 tiles), tile size: 16x16, block size: 16x16

(0.001741) CudaRuntime.cpp:2609: cudaConfigureCall()
(0.001749) CudaRuntime.cpp:2631: cudaSetupArgument() - offset 0, size 8
(0.001765) CudaRuntime.cpp:2631: cudaSetupArgument() - offset 8, size 8
(0.001775) CudaRuntime.cpp:2631: cudaSetupArgument() - offset 16, size 4
(0.001784) CudaRuntime.cpp:2631: cudaSetupArgument() - offset 20, size 4
(0.009398) CudaRuntime.cpp:142:  Mapping parameter at offset 0 of size 8 to offset 0 of size 8
   data = 0x00 0x0a 0x84 0x00 0x00 0x00 0x00 0x00 
(0.009412) CudaRuntime.cpp:142:  Mapping parameter at offset 8 of size 8 to offset 8 of size 8
   data = 0x00 0xf9 0x83 0x00 0x00 0x00 0x00 0x00 
(0.009419) CudaRuntime.cpp:142:  Mapping parameter at offset 16 of size 4 to offset 16 of size 4
   data = 0x20 0x00 0x00 0x00 
(0.009426) CudaRuntime.cpp:142:  Mapping parameter at offset 20 of size 4 to offset 20 of size 4
   data = 0x20 0x00 0x00 0x00 
(0.009441) CudaRuntime.cpp:2685: kernel launch (_Z4copyPfS_ii) on thread 0x839920
(0.009457) CudaRuntime.cpp:2706:  launch completed successfully
all enabled
(0.010123) X86TraceGenerator.cpp:776:  New kernel launched
(0.010145) X86TraceGenerator.cpp:777:  compute version:2.0
(0.010153) X86TraceGenerator.cpp:778:  grid  2 x 2 x 1
(0.010162) X86TraceGenerator.cpp:779:  block 16 x 16 x 1
(0.010170) X86TraceGenerator.cpp:780:  number of warps per block:8
(0.010177) X86TraceGenerator.cpp:781:  number of total warps:32
(0.010184) X86TraceGenerator.cpp:782:  # threads per block : 256
(0.010191) X86TraceGenerator.cpp:783:  number of register per thread:7
(0.010198) X86TraceGenerator.cpp:784:  number of shared memory per thread:0
(0.010207) X86TraceGenerator.cpp:822:  max blocks per core : 6
(0.014485) X86TraceGenerator.cpp:1082: mkdir -p /benchrun/macsim/cuda6-transpose/sm6_gtx1080/input-repeat3-dimx32-dimy32/results/traces/_Z4copyPfS_ii_0/ (status 0)

(0.014541) X86TraceGenerator.cpp:1083: errno is 0 message is Success

(0.049241) CudaRuntime.cpp:2609: cudaConfigureCall()
(0.049260) CudaRuntime.cpp:2631: cudaSetupArgument() - offset 0, size 8
(0.049269) CudaRuntime.cpp:2631: cudaSetupArgument() - offset 8, size 8
(0.049277) CudaRuntime.cpp:2631: cudaSetupArgument() - offset 16, size 4
(0.049284) CudaRuntime.cpp:2631: cudaSetupArgument() - offset 20, size 4
(0.049323) CudaRuntime.cpp:142:  Mapping parameter at offset 0 of size 8 to offset 0 of size 8
   data = 0x00 0x0a 0x84 0x00 0x00 0x00 0x00 0x00 
(0.049336) CudaRuntime.cpp:142:  Mapping parameter at offset 8 of size 8 to offset 8 of size 8
   data = 0x00 0xf9 0x83 0x00 0x00 0x00 0x00 0x00 
(0.049347) CudaRuntime.cpp:142:  Mapping parameter at offset 16 of size 4 to offset 16 of size 4
   data = 0x20 0x00 0x00 0x00 
(0.049358) CudaRuntime.cpp:142:  Mapping parameter at offset 20 of size 4 to offset 20 of size 4
   data = 0x20 0x00 0x00 0x00 
(0.049374) CudaRuntime.cpp:2685: kernel launch (_Z4copyPfS_ii) on thread 0x839920
(0.049407) CudaRuntime.cpp:2706:  launch completed successfully
(0.050293) X86TraceGenerator.cpp:776:  New kernel launched
(0.050303) X86TraceGenerator.cpp:777:  compute version:2.0
(0.050306) X86TraceGenerator.cpp:778:  grid  2 x 2 x 1
(0.050309) X86TraceGenerator.cpp:779:  block 16 x 16 x 1
(0.050312) X86TraceGenerator.cpp:780:  number of warps per block:8
(0.050315) X86TraceGenerator.cpp:781:  number of total warps:32
(0.050317) X86TraceGenerator.cpp:782:  # threads per block : 256
(0.050320) X86TraceGenerator.cpp:783:  number of register per thread:7
(0.050323) X86TraceGenerator.cpp:784:  number of shared memory per thread:0
(0.050326) X86TraceGenerator.cpp:822:  max blocks per core : 6
(0.054351) X86TraceGenerator.cpp:1082: mkdir -p /benchrun/macsim/cuda6-transpose/sm6_gtx1080/input-repeat3-dimx32-dimy32/results/traces/_Z4copyPfS_ii_1/ (status 0)

(0.054367) X86TraceGenerator.cpp:1083: errno is 0 message is Success

(0.071141) CudaRuntime.cpp:2609: cudaConfigureCall()
(0.071161) CudaRuntime.cpp:2631: cudaSetupArgument() - offset 0, size 8
(0.071170) CudaRuntime.cpp:2631: cudaSetupArgument() - offset 8, size 8
(0.071177) CudaRuntime.cpp:2631: cudaSetupArgument() - offset 16, size 4
(0.071184) CudaRuntime.cpp:2631: cudaSetupArgument() - offset 20, size 4
(0.071233) CudaRuntime.cpp:142:  Mapping parameter at offset 0 of size 8 to offset 0 of size 8
   data = 0x00 0x0a 0x84 0x00 0x00 0x00 0x00 0x00 
(0.071246) CudaRuntime.cpp:142:  Mapping parameter at offset 8 of size 8 to offset 8 of size 8
   data = 0x00 0xf9 0x83 0x00 0x00 0x00 0x00 0x00 
(0.071256) CudaRuntime.cpp:142:  Mapping parameter at offset 16 of size 4 to offset 16 of size 4
   data = 0x20 0x00 0x00 0x00 
(0.071267) CudaRuntime.cpp:142:  Mapping parameter at offset 20 of size 4 to offset 20 of size 4
   data = 0x20 0x00 0x00 0x00 
(0.071276) CudaRuntime.cpp:2685: kernel launch (_Z4copyPfS_ii) on thread 0x839920
(0.071316) CudaRuntime.cpp:2706:  launch completed successfully
(0.072016) X86TraceGenerator.cpp:776:  New kernel launched
(0.072023) X86TraceGenerator.cpp:777:  compute version:2.0
(0.072026) X86TraceGenerator.cpp:778:  grid  2 x 2 x 1
(0.072029) X86TraceGenerator.cpp:779:  block 16 x 16 x 1
(0.072031) X86TraceGenerator.cpp:780:  number of warps per block:8
(0.072033) X86TraceGenerator.cpp:781:  number of total warps:32
(0.072036) X86TraceGenerator.cpp:782:  # threads per block : 256
(0.072038) X86TraceGenerator.cpp:783:  number of register per thread:7
(0.072040) X86TraceGenerator.cpp:784:  number of shared memory per thread:0
(0.072042) X86TraceGenerator.cpp:822:  max blocks per core : 6
(0.075977) X86TraceGenerator.cpp:1082: mkdir -p /benchrun/macsim/cuda6-transpose/sm6_gtx1080/input-repeat3-dimx32-dimy32/results/traces/_Z4copyPfS_ii_2/ (status 0)

(0.075994) X86TraceGenerator.cpp:1083: errno is 0 message is Success

(0.092384) CudaRuntime.cpp:2609: cudaConfigureCall()
(0.092404) CudaRuntime.cpp:2631: cudaSetupArgument() - offset 0, size 8
(0.092412) CudaRuntime.cpp:2631: cudaSetupArgument() - offset 8, size 8
(0.092420) CudaRuntime.cpp:2631: cudaSetupArgument() - offset 16, size 4
(0.092428) CudaRuntime.cpp:2631: cudaSetupArgument() - offset 20, size 4
(0.092463) CudaRuntime.cpp:142:  Mapping parameter at offset 0 of size 8 to offset 0 of size 8
   data = 0x00 0x0a 0x84 0x00 0x00 0x00 0x00 0x00 
(0.092476) CudaRuntime.cpp:142:  Mapping parameter at offset 8 of size 8 to offset 8 of size 8
   data = 0x00 0xf9 0x83 0x00 0x00 0x00 0x00 0x00 
(0.092487) CudaRuntime.cpp:142:  Mapping parameter at offset 16 of size 4 to offset 16 of size 4
   data = 0x20 0x00 0x00 0x00 
(0.092498) CudaRuntime.cpp:142:  Mapping parameter at offset 20 of size 4 to offset 20 of size 4
   data = 0x20 0x00 0x00 0x00 
(0.092514) CudaRuntime.cpp:2685: kernel launch (_Z4copyPfS_ii) on thread 0x839920
(0.092536) CudaRuntime.cpp:2706:  launch completed successfully
(0.093241) X86TraceGenerator.cpp:776:  New kernel launched
(0.093249) X86TraceGenerator.cpp:777:  compute version:2.0
(0.093251) X86TraceGenerator.cpp:778:  grid  2 x 2 x 1
(0.093254) X86TraceGenerator.cpp:779:  block 16 x 16 x 1
(0.093256) X86TraceGenerator.cpp:780:  number of warps per block:8
(0.093258) X86TraceGenerator.cpp:781:  number of total warps:32
(0.093261) X86TraceGenerator.cpp:782:  # threads per block : 256
(0.093263) X86TraceGenerator.cpp:783:  number of register per thread:7
(0.093265) X86TraceGenerator.cpp:784:  number of shared memory per thread:0
(0.093268) X86TraceGenerator.cpp:822:  max blocks per core : 6
(0.097188) X86TraceGenerator.cpp:1082: mkdir -p /benchrun/macsim/cuda6-transpose/sm6_gtx1080/input-repeat3-dimx32-dimy32/results/traces/_Z4copyPfS_ii_3/ (status 0)

(0.097204) X86TraceGenerator.cpp:1083: errno is 0 message is Success

(0.112609) CudaRuntime.cpp:1131: cudaMemcpy(0x83d8b0, 0x840a00, 4096)
(0.112636) CudaRuntime.cpp:215:    _memcpy(0x83d8b0, 0x840a00, 4096 bytes) d-to-h
(0.112692) CudaRuntime.cpp:1131: cudaMemcpy(0x83d8b0, 0x840a00, 4096)
(0.112706) CudaRuntime.cpp:215:    _memcpy(0x83d8b0, 0x840a00, 4096 bytes) d-to-h
transpose simple copy       , Throughput = 0.0004 GB/s, Time = 21.11268 ms, Size = 1024 fp32 elements, NumDevsUsed = 1, Workgroup = 256
(0.112759) CudaRuntime.cpp:2609: cudaConfigureCall()
(0.112774) CudaRuntime.cpp:2631: cudaSetupArgument() - offset 0, size 8
(0.112788) CudaRuntime.cpp:2631: cudaSetupArgument() - offset 8, size 8
(0.112801) CudaRuntime.cpp:2631: cudaSetupArgument() - offset 16, size 4
(0.112814) CudaRuntime.cpp:2631: cudaSetupArgument() - offset 20, size 4
(0.112865) CudaRuntime.cpp:142:  Mapping parameter at offset 0 of size 8 to offset 0 of size 8
   data = 0x00 0x0a 0x84 0x00 0x00 0x00 0x00 0x00 
(0.112886) CudaRuntime.cpp:142:  Mapping parameter at offset 8 of size 8 to offset 8 of size 8
   data = 0x00 0xf9 0x83 0x00 0x00 0x00 0x00 0x00 
(0.112904) CudaRuntime.cpp:142:  Mapping parameter at offset 16 of size 4 to offset 16 of size 4
   data = 0x20 0x00 0x00 0x00 
(0.112921) CudaRuntime.cpp:142:  Mapping parameter at offset 20 of size 4 to offset 20 of size 4
   data = 0x20 0x00 0x00 0x00 
(0.112950) CudaRuntime.cpp:2685: kernel launch (_Z13copySharedMemPfS_ii) on thread 0x839920
(0.112980) CudaRuntime.cpp:2706:  launch completed successfully
(0.113744) X86TraceGenerator.cpp:776:  New kernel launched
(0.113751) X86TraceGenerator.cpp:777:  compute version:2.0
(0.113754) X86TraceGenerator.cpp:778:  grid  2 x 2 x 1
(0.113756) X86TraceGenerator.cpp:779:  block 16 x 16 x 1
(0.113759) X86TraceGenerator.cpp:780:  number of warps per block:8
(0.113761) X86TraceGenerator.cpp:781:  number of total warps:32
(0.113763) X86TraceGenerator.cpp:782:  # threads per block : 256
(0.113765) X86TraceGenerator.cpp:783:  number of register per thread:10
(0.113768) X86TraceGenerator.cpp:784:  number of shared memory per thread:1024
(0.113770) X86TraceGenerator.cpp:822:  max blocks per core : 6
(0.117855) X86TraceGenerator.cpp:1082: mkdir -p /benchrun/macsim/cuda6-transpose/sm6_gtx1080/input-repeat3-dimx32-dimy32/results/traces/_Z13copySharedMemPfS_ii_0/ (status 0)

(0.117873) X86TraceGenerator.cpp:1083: errno is 0 message is Success

(0.156286) CudaRuntime.cpp:2609: cudaConfigureCall()
(0.156303) CudaRuntime.cpp:2631: cudaSetupArgument() - offset 0, size 8
(0.156311) CudaRuntime.cpp:2631: cudaSetupArgument() - offset 8, size 8
(0.156317) CudaRuntime.cpp:2631: cudaSetupArgument() - offset 16, size 4
(0.156323) CudaRuntime.cpp:2631: cudaSetupArgument() - offset 20, size 4
(0.156358) CudaRuntime.cpp:142:  Mapping parameter at offset 0 of size 8 to offset 0 of size 8
   data = 0x00 0x0a 0x84 0x00 0x00 0x00 0x00 0x00 
(0.156368) CudaRuntime.cpp:142:  Mapping parameter at offset 8 of size 8 to offset 8 of size 8
   data = 0x00 0xf9 0x83 0x00 0x00 0x00 0x00 0x00 
(0.156377) CudaRuntime.cpp:142:  Mapping parameter at offset 16 of size 4 to offset 16 of size 4
   data = 0x20 0x00 0x00 0x00 
(0.156386) CudaRuntime.cpp:142:  Mapping parameter at offset 20 of size 4 to offset 20 of size 4
   data = 0x20 0x00 0x00 0x00 
(0.156400) CudaRuntime.cpp:2685: kernel launch (_Z13copySharedMemPfS_ii) on thread 0x839920
(0.156416) CudaRuntime.cpp:2706:  launch completed successfully
(0.157756) X86TraceGenerator.cpp:776:  New kernel launched
(0.157767) X86TraceGenerator.cpp:777:  compute version:2.0
(0.157771) X86TraceGenerator.cpp:778:  grid  2 x 2 x 1
(0.157776) X86TraceGenerator.cpp:779:  block 16 x 16 x 1
(0.157780) X86TraceGenerator.cpp:780:  number of warps per block:8
(0.157784) X86TraceGenerator.cpp:781:  number of total warps:32
(0.157788) X86TraceGenerator.cpp:782:  # threads per block : 256
(0.157792) X86TraceGenerator.cpp:783:  number of register per thread:10
(0.157796) X86TraceGenerator.cpp:784:  number of shared memory per thread:1024
(0.157800) X86TraceGenerator.cpp:822:  max blocks per core : 6
(0.161170) X86TraceGenerator.cpp:1082: mkdir -p /benchrun/macsim/cuda6-transpose/sm6_gtx1080/input-repeat3-dimx32-dimy32/results/traces/_Z13copySharedMemPfS_ii_1/ (status 0)

(0.161187) X86TraceGenerator.cpp:1083: errno is 0 message is Success

(0.198449) CudaRuntime.cpp:2609: cudaConfigureCall()
(0.198467) CudaRuntime.cpp:2631: cudaSetupArgument() - offset 0, size 8
(0.198473) CudaRuntime.cpp:2631: cudaSetupArgument() - offset 8, size 8
(0.198478) CudaRuntime.cpp:2631: cudaSetupArgument() - offset 16, size 4
(0.198483) CudaRuntime.cpp:2631: cudaSetupArgument() - offset 20, size 4
(0.198511) CudaRuntime.cpp:142:  Mapping parameter at offset 0 of size 8 to offset 0 of size 8
   data = 0x00 0x0a 0x84 0x00 0x00 0x00 0x00 0x00 
(0.198518) CudaRuntime.cpp:142:  Mapping parameter at offset 8 of size 8 to offset 8 of size 8
   data = 0x00 0xf9 0x83 0x00 0x00 0x00 0x00 0x00 
(0.198524) CudaRuntime.cpp:142:  Mapping parameter at offset 16 of size 4 to offset 16 of size 4
   data = 0x20 0x00 0x00 0x00 
(0.198530) CudaRuntime.cpp:142:  Mapping parameter at offset 20 of size 4 to offset 20 of size 4
   data = 0x20 0x00 0x00 0x00 
(0.198535) CudaRuntime.cpp:2685: kernel launch (_Z13copySharedMemPfS_ii) on thread 0x839920
(0.198550) CudaRuntime.cpp:2706:  launch completed successfully
(0.199937) X86TraceGenerator.cpp:776:  New kernel launched
(0.199948) X86TraceGenerator.cpp:777:  compute version:2.0
(0.200058) X86TraceGenerator.cpp:778:  grid  2 x 2 x 1
(0.200064) X86TraceGenerator.cpp:779:  block 16 x 16 x 1
(0.200068) X86TraceGenerator.cpp:780:  number of warps per block:8
(0.200072) X86TraceGenerator.cpp:781:  number of total warps:32
(0.200075) X86TraceGenerator.cpp:782:  # threads per block : 256
(0.200079) X86TraceGenerator.cpp:783:  number of register per thread:10
(0.200082) X86TraceGenerator.cpp:784:  number of shared memory per thread:1024
(0.200087) X86TraceGenerator.cpp:822:  max blocks per core : 6
(0.237986) X86TraceGenerator.cpp:1082: mkdir -p /benchrun/macsim/cuda6-transpose/sm6_gtx1080/input-repeat3-dimx32-dimy32/results/traces/_Z13copySharedMemPfS_ii_2/ (status 0)

(0.238006) X86TraceGenerator.cpp:1083: errno is 0 message is Success

(0.273344) CudaRuntime.cpp:2609: cudaConfigureCall()
(0.273360) CudaRuntime.cpp:2631: cudaSetupArgument() - offset 0, size 8
(0.273370) CudaRuntime.cpp:2631: cudaSetupArgument() - offset 8, size 8
(0.273378) CudaRuntime.cpp:2631: cudaSetupArgument() - offset 16, size 4
(0.273385) CudaRuntime.cpp:2631: cudaSetupArgument() - offset 20, size 4
(0.273412) CudaRuntime.cpp:142:  Mapping parameter at offset 0 of size 8 to offset 0 of size 8
   data = 0x00 0x0a 0x84 0x00 0x00 0x00 0x00 0x00 
(0.273424) CudaRuntime.cpp:142:  Mapping parameter at offset 8 of size 8 to offset 8 of size 8
   data = 0x00 0xf9 0x83 0x00 0x00 0x00 0x00 0x00 
(0.273435) CudaRuntime.cpp:142:  Mapping parameter at offset 16 of size 4 to offset 16 of size 4
   data = 0x20 0x00 0x00 0x00 
(0.273446) CudaRuntime.cpp:142:  Mapping parameter at offset 20 of size 4 to offset 20 of size 4
   data = 0x20 0x00 0x00 0x00 
(0.273457) CudaRuntime.cpp:2685: kernel launch (_Z13copySharedMemPfS_ii) on thread 0x839920
(0.273474) CudaRuntime.cpp:2706:  launch completed successfully
(0.276899) X86TraceGenerator.cpp:776:  New kernel launched
(0.276917) X86TraceGenerator.cpp:777:  compute version:2.0
(0.276926) X86TraceGenerator.cpp:778:  grid  2 x 2 x 1
(0.276934) X86TraceGenerator.cpp:779:  block 16 x 16 x 1
(0.276942) X86TraceGenerator.cpp:780:  number of warps per block:8
(0.276950) X86TraceGenerator.cpp:781:  number of total warps:32
(0.276957) X86TraceGenerator.cpp:782:  # threads per block : 256
(0.276964) X86TraceGenerator.cpp:783:  number of register per thread:10
(0.276971) X86TraceGenerator.cpp:784:  number of shared memory per thread:1024
(0.276979) X86TraceGenerator.cpp:822:  max blocks per core : 6
(0.280048) X86TraceGenerator.cpp:1082: mkdir -p /benchrun/macsim/cuda6-transpose/sm6_gtx1080/input-repeat3-dimx32-dimy32/results/traces/_Z13copySharedMemPfS_ii_3/ (status 0)

(0.280099) X86TraceGenerator.cpp:1083: errno is 0 message is Success

(0.327193) CudaRuntime.cpp:1131: cudaMemcpy(0x83d8b0, 0x840a00, 4096)
(0.327213) CudaRuntime.cpp:215:    _memcpy(0x83d8b0, 0x840a00, 4096 bytes) d-to-h
(0.327246) CudaRuntime.cpp:1131: cudaMemcpy(0x83d8b0, 0x840a00, 4096)
(0.327254) CudaRuntime.cpp:215:    _memcpy(0x83d8b0, 0x840a00, 4096 bytes) d-to-h
transpose shared memory copy, Throughput = 0.0001 GB/s, Time = 56.96686 ms, Size = 1024 fp32 elements, NumDevsUsed = 1, Workgroup = 256
(0.327285) CudaRuntime.cpp:2609: cudaConfigureCall()
(0.327294) CudaRuntime.cpp:2631: cudaSetupArgument() - offset 0, size 8
(0.327302) CudaRuntime.cpp:2631: cudaSetupArgument() - offset 8, size 8
(0.327310) CudaRuntime.cpp:2631: cudaSetupArgument() - offset 16, size 4
(0.327317) CudaRuntime.cpp:2631: cudaSetupArgument() - offset 20, size 4
(0.327363) CudaRuntime.cpp:142:  Mapping parameter at offset 0 of size 8 to offset 0 of size 8
   data = 0x00 0x0a 0x84 0x00 0x00 0x00 0x00 0x00 
(0.327375) CudaRuntime.cpp:142:  Mapping parameter at offset 8 of size 8 to offset 8 of size 8
   data = 0x00 0xf9 0x83 0x00 0x00 0x00 0x00 0x00 
(0.327386) CudaRuntime.cpp:142:  Mapping parameter at offset 16 of size 4 to offset 16 of size 4
   data = 0x20 0x00 0x00 0x00 
(0.327396) CudaRuntime.cpp:142:  Mapping parameter at offset 20 of size 4 to offset 20 of size 4
   data = 0x20 0x00 0x00 0x00 
(0.327405) CudaRuntime.cpp:2685: kernel launch (_Z14transposeNaivePfS_ii) on thread 0x839920
(0.327436) CudaRuntime.cpp:2706:  launch completed successfully
(0.328603) X86TraceGenerator.cpp:776:  New kernel launched
(0.328611) X86TraceGenerator.cpp:777:  compute version:2.0
(0.328614) X86TraceGenerator.cpp:778:  grid  2 x 2 x 1
(0.328617) X86TraceGenerator.cpp:779:  block 16 x 16 x 1
(0.328619) X86TraceGenerator.cpp:780:  number of warps per block:8
(0.328621) X86TraceGenerator.cpp:781:  number of total warps:32
(0.328624) X86TraceGenerator.cpp:782:  # threads per block : 256
(0.328626) X86TraceGenerator.cpp:783:  number of register per thread:10
(0.328628) X86TraceGenerator.cpp:784:  number of shared memory per thread:0
(0.328631) X86TraceGenerator.cpp:822:  max blocks per core : 6
(0.333099) X86TraceGenerator.cpp:1082: mkdir -p /benchrun/macsim/cuda6-transpose/sm6_gtx1080/input-repeat3-dimx32-dimy32/results/traces/_Z14transposeNaivePfS_ii_0/ (status 0)

(0.333115) X86TraceGenerator.cpp:1083: errno is 0 message is Success

(0.351945) CudaRuntime.cpp:2609: cudaConfigureCall()
(0.351964) CudaRuntime.cpp:2631: cudaSetupArgument() - offset 0, size 8
(0.351973) CudaRuntime.cpp:2631: cudaSetupArgument() - offset 8, size 8
(0.351981) CudaRuntime.cpp:2631: cudaSetupArgument() - offset 16, size 4
(0.351988) CudaRuntime.cpp:2631: cudaSetupArgument() - offset 20, size 4
(0.352021) CudaRuntime.cpp:142:  Mapping parameter at offset 0 of size 8 to offset 0 of size 8
   data = 0x00 0x0a 0x84 0x00 0x00 0x00 0x00 0x00 
(0.352034) CudaRuntime.cpp:142:  Mapping parameter at offset 8 of size 8 to offset 8 of size 8
   data = 0x00 0xf9 0x83 0x00 0x00 0x00 0x00 0x00 
(0.352045) CudaRuntime.cpp:142:  Mapping parameter at offset 16 of size 4 to offset 16 of size 4
   data = 0x20 0x00 0x00 0x00 
(0.352056) CudaRuntime.cpp:142:  Mapping parameter at offset 20 of size 4 to offset 20 of size 4
   data = 0x20 0x00 0x00 0x00 
(0.352072) CudaRuntime.cpp:2685: kernel launch (_Z14transposeNaivePfS_ii) on thread 0x839920
(0.352092) CudaRuntime.cpp:2706:  launch completed successfully
(0.352863) X86TraceGenerator.cpp:776:  New kernel launched
(0.352871) X86TraceGenerator.cpp:777:  compute version:2.0
(0.352874) X86TraceGenerator.cpp:778:  grid  2 x 2 x 1
(0.352876) X86TraceGenerator.cpp:779:  block 16 x 16 x 1
(0.352878) X86TraceGenerator.cpp:780:  number of warps per block:8
(0.352881) X86TraceGenerator.cpp:781:  number of total warps:32
(0.352883) X86TraceGenerator.cpp:782:  # threads per block : 256
(0.352885) X86TraceGenerator.cpp:783:  number of register per thread:10
(0.352887) X86TraceGenerator.cpp:784:  number of shared memory per thread:0
(0.352890) X86TraceGenerator.cpp:822:  max blocks per core : 6
(0.357027) X86TraceGenerator.cpp:1082: mkdir -p /benchrun/macsim/cuda6-transpose/sm6_gtx1080/input-repeat3-dimx32-dimy32/results/traces/_Z14transposeNaivePfS_ii_1/ (status 0)

(0.357043) X86TraceGenerator.cpp:1083: errno is 0 message is Success

(0.376057) CudaRuntime.cpp:2609: cudaConfigureCall()
(0.376077) CudaRuntime.cpp:2631: cudaSetupArgument() - offset 0, size 8
(0.376086) CudaRuntime.cpp:2631: cudaSetupArgument() - offset 8, size 8
(0.376094) CudaRuntime.cpp:2631: cudaSetupArgument() - offset 16, size 4
(0.376101) CudaRuntime.cpp:2631: cudaSetupArgument() - offset 20, size 4
(0.376209) CudaRuntime.cpp:142:  Mapping parameter at offset 0 of size 8 to offset 0 of size 8
   data = 0x00 0x0a 0x84 0x00 0x00 0x00 0x00 0x00 
(0.376227) CudaRuntime.cpp:142:  Mapping parameter at offset 8 of size 8 to offset 8 of size 8
   data = 0x00 0xf9 0x83 0x00 0x00 0x00 0x00 0x00 
(0.376238) CudaRuntime.cpp:142:  Mapping parameter at offset 16 of size 4 to offset 16 of size 4
   data = 0x20 0x00 0x00 0x00 
(0.376248) CudaRuntime.cpp:142:  Mapping parameter at offset 20 of size 4 to offset 20 of size 4
   data = 0x20 0x00 0x00 0x00 
(0.376258) CudaRuntime.cpp:2685: kernel launch (_Z14transposeNaivePfS_ii) on thread 0x839920
(0.376282) CudaRuntime.cpp:2706:  launch completed successfully
(0.377046) X86TraceGenerator.cpp:776:  New kernel launched
(0.377054) X86TraceGenerator.cpp:777:  compute version:2.0
(0.377062) X86TraceGenerator.cpp:778:  grid  2 x 2 x 1
(0.377065) X86TraceGenerator.cpp:779:  block 16 x 16 x 1
(0.377067) X86TraceGenerator.cpp:780:  number of warps per block:8
(0.377069) X86TraceGenerator.cpp:781:  number of total warps:32
(0.377072) X86TraceGenerator.cpp:782:  # threads per block : 256
(0.377074) X86TraceGenerator.cpp:783:  number of register per thread:10
(0.377076) X86TraceGenerator.cpp:784:  number of shared memory per thread:0
(0.377079) X86TraceGenerator.cpp:822:  max blocks per core : 6
(0.381202) X86TraceGenerator.cpp:1082: mkdir -p /benchrun/macsim/cuda6-transpose/sm6_gtx1080/input-repeat3-dimx32-dimy32/results/traces/_Z14transposeNaivePfS_ii_2/ (status 0)

(0.381218) X86TraceGenerator.cpp:1083: errno is 0 message is Success

(0.401254) CudaRuntime.cpp:2609: cudaConfigureCall()
(0.401274) CudaRuntime.cpp:2631: cudaSetupArgument() - offset 0, size 8
(0.401283) CudaRuntime.cpp:2631: cudaSetupArgument() - offset 8, size 8
(0.401291) CudaRuntime.cpp:2631: cudaSetupArgument() - offset 16, size 4
(0.401298) CudaRuntime.cpp:2631: cudaSetupArgument() - offset 20, size 4
(0.401335) CudaRuntime.cpp:142:  Mapping parameter at offset 0 of size 8 to offset 0 of size 8
   data = 0x00 0x0a 0x84 0x00 0x00 0x00 0x00 0x00 
(0.401347) CudaRuntime.cpp:142:  Mapping parameter at offset 8 of size 8 to offset 8 of size 8
   data = 0x00 0xf9 0x83 0x00 0x00 0x00 0x00 0x00 
(0.401358) CudaRuntime.cpp:142:  Mapping parameter at offset 16 of size 4 to offset 16 of size 4
   data = 0x20 0x00 0x00 0x00 
(0.401368) CudaRuntime.cpp:142:  Mapping parameter at offset 20 of size 4 to offset 20 of size 4
   data = 0x20 0x00 0x00 0x00 
(0.401384) CudaRuntime.cpp:2685: kernel launch (_Z14transposeNaivePfS_ii) on thread 0x839920
(0.401403) CudaRuntime.cpp:2706:  launch completed successfully
(0.402179) X86TraceGenerator.cpp:776:  New kernel launched
(0.402186) X86TraceGenerator.cpp:777:  compute version:2.0
(0.402189) X86TraceGenerator.cpp:778:  grid  2 x 2 x 1
(0.402191) X86TraceGenerator.cpp:779:  block 16 x 16 x 1
(0.402194) X86TraceGenerator.cpp:780:  number of warps per block:8
(0.402196) X86TraceGenerator.cpp:781:  number of total warps:32
(0.402198) X86TraceGenerator.cpp:782:  # threads per block : 256
(0.402200) X86TraceGenerator.cpp:783:  number of register per thread:10
(0.402202) X86TraceGenerator.cpp:784:  number of shared memory per thread:0
(0.402205) X86TraceGenerator.cpp:822:  max blocks per core : 6
(0.406338) X86TraceGenerator.cpp:1082: mkdir -p /benchrun/macsim/cuda6-transpose/sm6_gtx1080/input-repeat3-dimx32-dimy32/results/traces/_Z14transposeNaivePfS_ii_3/ (status 0)

(0.406358) X86TraceGenerator.cpp:1083: errno is 0 message is Success

(0.425529) CudaRuntime.cpp:1131: cudaMemcpy(0x83d8b0, 0x840a00, 4096)
(0.425547) CudaRuntime.cpp:215:    _memcpy(0x83d8b0, 0x840a00, 4096 bytes) d-to-h
(0.425581) CudaRuntime.cpp:1131: cudaMemcpy(0x83d8b0, 0x840a00, 4096)
(0.425589) CudaRuntime.cpp:215:    _memcpy(0x83d8b0, 0x840a00, 4096 bytes) d-to-h
transpose naive             , Throughput = 0.0003 GB/s, Time = 24.52675 ms, Size = 1024 fp32 elements, NumDevsUsed = 1, Workgroup = 256
(0.425619) CudaRuntime.cpp:2609: cudaConfigureCall()
(0.425628) CudaRuntime.cpp:2631: cudaSetupArgument() - offset 0, size 8
(0.425636) CudaRuntime.cpp:2631: cudaSetupArgument() - offset 8, size 8
(0.425643) CudaRuntime.cpp:2631: cudaSetupArgument() - offset 16, size 4
(0.425651) CudaRuntime.cpp:2631: cudaSetupArgument() - offset 20, size 4
(0.425694) CudaRuntime.cpp:142:  Mapping parameter at offset 0 of size 8 to offset 0 of size 8
   data = 0x00 0x0a 0x84 0x00 0x00 0x00 0x00 0x00 
(0.425707) CudaRuntime.cpp:142:  Mapping parameter at offset 8 of size 8 to offset 8 of size 8
   data = 0x00 0xf9 0x83 0x00 0x00 0x00 0x00 0x00 
(0.425717) CudaRuntime.cpp:142:  Mapping parameter at offset 16 of size 4 to offset 16 of size 4
   data = 0x20 0x00 0x00 0x00 
(0.425728) CudaRuntime.cpp:142:  Mapping parameter at offset 20 of size 4 to offset 20 of size 4
   data = 0x20 0x00 0x00 0x00 
(0.425736) CudaRuntime.cpp:2685: kernel launch (_Z18transposeCoalescedPfS_ii) on thread 0x839920
(0.425766) CudaRuntime.cpp:2706:  launch completed successfully
(0.426667) X86TraceGenerator.cpp:776:  New kernel launched
(0.426675) X86TraceGenerator.cpp:777:  compute version:2.0
(0.426677) X86TraceGenerator.cpp:778:  grid  2 x 2 x 1
(0.426680) X86TraceGenerator.cpp:779:  block 16 x 16 x 1
(0.426682) X86TraceGenerator.cpp:780:  number of warps per block:8
(0.426684) X86TraceGenerator.cpp:781:  number of total warps:32
(0.426686) X86TraceGenerator.cpp:782:  # threads per block : 256
(0.426688) X86TraceGenerator.cpp:783:  number of register per thread:8
(0.426691) X86TraceGenerator.cpp:784:  number of shared memory per thread:1024
(0.426693) X86TraceGenerator.cpp:822:  max blocks per core : 6
(0.430889) X86TraceGenerator.cpp:1082: mkdir -p /benchrun/macsim/cuda6-transpose/sm6_gtx1080/input-repeat3-dimx32-dimy32/results/traces/_Z18transposeCoalescedPfS_ii_0/ (status 0)

(0.430904) X86TraceGenerator.cpp:1083: errno is 0 message is Success

(0.456976) CudaRuntime.cpp:2609: cudaConfigureCall()
(0.456996) CudaRuntime.cpp:2631: cudaSetupArgument() - offset 0, size 8
(0.457005) CudaRuntime.cpp:2631: cudaSetupArgument() - offset 8, size 8
(0.457012) CudaRuntime.cpp:2631: cudaSetupArgument() - offset 16, size 4
(0.457020) CudaRuntime.cpp:2631: cudaSetupArgument() - offset 20, size 4
(0.457055) CudaRuntime.cpp:142:  Mapping parameter at offset 0 of size 8 to offset 0 of size 8
   data = 0x00 0x0a 0x84 0x00 0x00 0x00 0x00 0x00 
(0.457068) CudaRuntime.cpp:142:  Mapping parameter at offset 8 of size 8 to offset 8 of size 8
   data = 0x00 0xf9 0x83 0x00 0x00 0x00 0x00 0x00 
(0.457078) CudaRuntime.cpp:142:  Mapping parameter at offset 16 of size 4 to offset 16 of size 4
   data = 0x20 0x00 0x00 0x00 
(0.457089) CudaRuntime.cpp:142:  Mapping parameter at offset 20 of size 4 to offset 20 of size 4
   data = 0x20 0x00 0x00 0x00 
(0.457106) CudaRuntime.cpp:2685: kernel launch (_Z18transposeCoalescedPfS_ii) on thread 0x839920
(0.457128) CudaRuntime.cpp:2706:  launch completed successfully
(0.458224) X86TraceGenerator.cpp:776:  New kernel launched
(0.458231) X86TraceGenerator.cpp:777:  compute version:2.0
(0.458234) X86TraceGenerator.cpp:778:  grid  2 x 2 x 1
(0.458236) X86TraceGenerator.cpp:779:  block 16 x 16 x 1
(0.458239) X86TraceGenerator.cpp:780:  number of warps per block:8
(0.458241) X86TraceGenerator.cpp:781:  number of total warps:32
(0.458243) X86TraceGenerator.cpp:782:  # threads per block : 256
(0.458245) X86TraceGenerator.cpp:783:  number of register per thread:8
(0.458247) X86TraceGenerator.cpp:784:  number of shared memory per thread:1024
(0.458250) X86TraceGenerator.cpp:822:  max blocks per core : 6
(0.462478) X86TraceGenerator.cpp:1082: mkdir -p /benchrun/macsim/cuda6-transpose/sm6_gtx1080/input-repeat3-dimx32-dimy32/results/traces/_Z18transposeCoalescedPfS_ii_1/ (status 0)

(0.462494) X86TraceGenerator.cpp:1083: errno is 0 message is Success

(0.488344) CudaRuntime.cpp:2609: cudaConfigureCall()
(0.488365) CudaRuntime.cpp:2631: cudaSetupArgument() - offset 0, size 8
(0.488373) CudaRuntime.cpp:2631: cudaSetupArgument() - offset 8, size 8
(0.488381) CudaRuntime.cpp:2631: cudaSetupArgument() - offset 16, size 4
(0.488389) CudaRuntime.cpp:2631: cudaSetupArgument() - offset 20, size 4
(0.488437) CudaRuntime.cpp:142:  Mapping parameter at offset 0 of size 8 to offset 0 of size 8
   data = 0x00 0x0a 0x84 0x00 0x00 0x00 0x00 0x00 
(0.488450) CudaRuntime.cpp:142:  Mapping parameter at offset 8 of size 8 to offset 8 of size 8
   data = 0x00 0xf9 0x83 0x00 0x00 0x00 0x00 0x00 
(0.488461) CudaRuntime.cpp:142:  Mapping parameter at offset 16 of size 4 to offset 16 of size 4
   data = 0x20 0x00 0x00 0x00 
(0.488472) CudaRuntime.cpp:142:  Mapping parameter at offset 20 of size 4 to offset 20 of size 4
   data = 0x20 0x00 0x00 0x00 
(0.488481) CudaRuntime.cpp:2685: kernel launch (_Z18transposeCoalescedPfS_ii) on thread 0x839920
(0.488501) CudaRuntime.cpp:2706:  launch completed successfully
(0.489573) X86TraceGenerator.cpp:776:  New kernel launched
(0.489581) X86TraceGenerator.cpp:777:  compute version:2.0
(0.489590) X86TraceGenerator.cpp:778:  grid  2 x 2 x 1
(0.489592) X86TraceGenerator.cpp:779:  block 16 x 16 x 1
(0.489595) X86TraceGenerator.cpp:780:  number of warps per block:8
(0.489597) X86TraceGenerator.cpp:781:  number of total warps:32
(0.489599) X86TraceGenerator.cpp:782:  # threads per block : 256
(0.489601) X86TraceGenerator.cpp:783:  number of register per thread:8
(0.489604) X86TraceGenerator.cpp:784:  number of shared memory per thread:1024
(0.489606) X86TraceGenerator.cpp:822:  max blocks per core : 6
(0.494047) X86TraceGenerator.cpp:1082: mkdir -p /benchrun/macsim/cuda6-transpose/sm6_gtx1080/input-repeat3-dimx32-dimy32/results/traces/_Z18transposeCoalescedPfS_ii_2/ (status 0)

(0.494063) X86TraceGenerator.cpp:1083: errno is 0 message is Success

(0.519748) CudaRuntime.cpp:2609: cudaConfigureCall()
(0.519767) CudaRuntime.cpp:2631: cudaSetupArgument() - offset 0, size 8
(0.519776) CudaRuntime.cpp:2631: cudaSetupArgument() - offset 8, size 8
(0.519783) CudaRuntime.cpp:2631: cudaSetupArgument() - offset 16, size 4
(0.519791) CudaRuntime.cpp:2631: cudaSetupArgument() - offset 20, size 4
(0.519827) CudaRuntime.cpp:142:  Mapping parameter at offset 0 of size 8 to offset 0 of size 8
   data = 0x00 0x0a 0x84 0x00 0x00 0x00 0x00 0x00 
(0.519840) CudaRuntime.cpp:142:  Mapping parameter at offset 8 of size 8 to offset 8 of size 8
   data = 0x00 0xf9 0x83 0x00 0x00 0x00 0x00 0x00 
(0.519850) CudaRuntime.cpp:142:  Mapping parameter at offset 16 of size 4 to offset 16 of size 4
   data = 0x20 0x00 0x00 0x00 
(0.519861) CudaRuntime.cpp:142:  Mapping parameter at offset 20 of size 4 to offset 20 of size 4
   data = 0x20 0x00 0x00 0x00 
(0.519877) CudaRuntime.cpp:2685: kernel launch (_Z18transposeCoalescedPfS_ii) on thread 0x839920
(0.519900) CudaRuntime.cpp:2706:  launch completed successfully
(0.521012) X86TraceGenerator.cpp:776:  New kernel launched
(0.521020) X86TraceGenerator.cpp:777:  compute version:2.0
(0.521022) X86TraceGenerator.cpp:778:  grid  2 x 2 x 1
(0.521025) X86TraceGenerator.cpp:779:  block 16 x 16 x 1
(0.521027) X86TraceGenerator.cpp:780:  number of warps per block:8
(0.521029) X86TraceGenerator.cpp:781:  number of total warps:32
(0.521031) X86TraceGenerator.cpp:782:  # threads per block : 256
(0.521034) X86TraceGenerator.cpp:783:  number of register per thread:8
(0.521036) X86TraceGenerator.cpp:784:  number of shared memory per thread:1024
(0.521039) X86TraceGenerator.cpp:822:  max blocks per core : 6
(0.525226) X86TraceGenerator.cpp:1082: mkdir -p /benchrun/macsim/cuda6-transpose/sm6_gtx1080/input-repeat3-dimx32-dimy32/results/traces/_Z18transposeCoalescedPfS_ii_3/ (status 0)

(0.525240) X86TraceGenerator.cpp:1083: errno is 0 message is Success

(0.551414) CudaRuntime.cpp:1131: cudaMemcpy(0x83d8b0, 0x840a00, 4096)
(0.551448) CudaRuntime.cpp:215:    _memcpy(0x83d8b0, 0x840a00, 4096 bytes) d-to-h
(0.551500) CudaRuntime.cpp:1131: cudaMemcpy(0x83d8b0, 0x840a00, 4096)
(0.551525) CudaRuntime.cpp:215:    _memcpy(0x83d8b0, 0x840a00, 4096 bytes) d-to-h
transpose coalesced         , Throughput = 0.0002 GB/s, Time = 31.47308 ms, Size = 1024 fp32 elements, NumDevsUsed = 1, Workgroup = 256
(0.551574) CudaRuntime.cpp:2609: cudaConfigureCall()
(0.551599) CudaRuntime.cpp:2631: cudaSetupArgument() - offset 0, size 8
(0.551624) CudaRuntime.cpp:2631: cudaSetupArgument() - offset 8, size 8
(0.551648) CudaRuntime.cpp:2631: cudaSetupArgument() - offset 16, size 4
(0.551672) CudaRuntime.cpp:2631: cudaSetupArgument() - offset 20, size 4
(0.551740) CudaRuntime.cpp:142:  Mapping parameter at offset 0 of size 8 to offset 0 of size 8
   data = 0x00 0x0a 0x84 0x00 0x00 0x00 0x00 0x00 
(0.551779) CudaRuntime.cpp:142:  Mapping parameter at offset 8 of size 8 to offset 8 of size 8
   data = 0x00 0xf9 0x83 0x00 0x00 0x00 0x00 0x00 
(0.551813) CudaRuntime.cpp:142:  Mapping parameter at offset 16 of size 4 to offset 16 of size 4
   data = 0x20 0x00 0x00 0x00 
(0.551847) CudaRuntime.cpp:142:  Mapping parameter at offset 20 of size 4 to offset 20 of size 4
   data = 0x20 0x00 0x00 0x00 
(0.551874) CudaRuntime.cpp:2685: kernel launch (_Z24transposeNoBankConflictsPfS_ii) on thread 0x839920
(0.551926) CudaRuntime.cpp:2706:  launch completed successfully
(0.553284) X86TraceGenerator.cpp:776:  New kernel launched
(0.553290) X86TraceGenerator.cpp:777:  compute version:2.0
(0.553292) X86TraceGenerator.cpp:778:  grid  2 x 2 x 1
(0.553295) X86TraceGenerator.cpp:779:  block 16 x 16 x 1
(0.553298) X86TraceGenerator.cpp:780:  number of warps per block:8
(0.553300) X86TraceGenerator.cpp:781:  number of total warps:32
(0.553302) X86TraceGenerator.cpp:782:  # threads per block : 256
(0.553304) X86TraceGenerator.cpp:783:  number of register per thread:8
(0.553306) X86TraceGenerator.cpp:784:  number of shared memory per thread:1088
(0.553309) X86TraceGenerator.cpp:822:  max blocks per core : 6
(0.557645) X86TraceGenerator.cpp:1082: mkdir -p /benchrun/macsim/cuda6-transpose/sm6_gtx1080/input-repeat3-dimx32-dimy32/results/traces/_Z24transposeNoBankConflictsPfS_ii_0/ (status 0)

(0.557659) X86TraceGenerator.cpp:1083: errno is 0 message is Success

(0.585332) CudaRuntime.cpp:2609: cudaConfigureCall()
(0.585351) CudaRuntime.cpp:2631: cudaSetupArgument() - offset 0, size 8
(0.585360) CudaRuntime.cpp:2631: cudaSetupArgument() - offset 8, size 8
(0.585368) CudaRuntime.cpp:2631: cudaSetupArgument() - offset 16, size 4
(0.585376) CudaRuntime.cpp:2631: cudaSetupArgument() - offset 20, size 4
(0.585409) CudaRuntime.cpp:142:  Mapping parameter at offset 0 of size 8 to offset 0 of size 8
   data = 0x00 0x0a 0x84 0x00 0x00 0x00 0x00 0x00 
(0.585422) CudaRuntime.cpp:142:  Mapping parameter at offset 8 of size 8 to offset 8 of size 8
   data = 0x00 0xf9 0x83 0x00 0x00 0x00 0x00 0x00 
(0.585433) CudaRuntime.cpp:142:  Mapping parameter at offset 16 of size 4 to offset 16 of size 4
   data = 0x20 0x00 0x00 0x00 
(0.585444) CudaRuntime.cpp:142:  Mapping parameter at offset 20 of size 4 to offset 20 of size 4
   data = 0x20 0x00 0x00 0x00 
(0.585460) CudaRuntime.cpp:2685: kernel launch (_Z24transposeNoBankConflictsPfS_ii) on thread 0x839920
(0.585479) CudaRuntime.cpp:2706:  launch completed successfully
(0.586604) X86TraceGenerator.cpp:776:  New kernel launched
(0.586612) X86TraceGenerator.cpp:777:  compute version:2.0
(0.586615) X86TraceGenerator.cpp:778:  grid  2 x 2 x 1
(0.586617) X86TraceGenerator.cpp:779:  block 16 x 16 x 1
(0.586620) X86TraceGenerator.cpp:780:  number of warps per block:8
(0.586622) X86TraceGenerator.cpp:781:  number of total warps:32
(0.586624) X86TraceGenerator.cpp:782:  # threads per block : 256
(0.586626) X86TraceGenerator.cpp:783:  number of register per thread:8
(0.586628) X86TraceGenerator.cpp:784:  number of shared memory per thread:1088
(0.586631) X86TraceGenerator.cpp:822:  max blocks per core : 6
(0.590943) X86TraceGenerator.cpp:1082: mkdir -p /benchrun/macsim/cuda6-transpose/sm6_gtx1080/input-repeat3-dimx32-dimy32/results/traces/_Z24transposeNoBankConflictsPfS_ii_1/ (status 0)

(0.590958) X86TraceGenerator.cpp:1083: errno is 0 message is Success

(0.615825) CudaRuntime.cpp:2609: cudaConfigureCall()
(0.615844) CudaRuntime.cpp:2631: cudaSetupArgument() - offset 0, size 8
(0.615852) CudaRuntime.cpp:2631: cudaSetupArgument() - offset 8, size 8
(0.615860) CudaRuntime.cpp:2631: cudaSetupArgument() - offset 16, size 4
(0.615867) CudaRuntime.cpp:2631: cudaSetupArgument() - offset 20, size 4
(0.615907) CudaRuntime.cpp:142:  Mapping parameter at offset 0 of size 8 to offset 0 of size 8
   data = 0x00 0x0a 0x84 0x00 0x00 0x00 0x00 0x00 
(0.615920) CudaRuntime.cpp:142:  Mapping parameter at offset 8 of size 8 to offset 8 of size 8
   data = 0x00 0xf9 0x83 0x00 0x00 0x00 0x00 0x00 
(0.615931) CudaRuntime.cpp:142:  Mapping parameter at offset 16 of size 4 to offset 16 of size 4
   data = 0x20 0x00 0x00 0x00 
(0.615942) CudaRuntime.cpp:142:  Mapping parameter at offset 20 of size 4 to offset 20 of size 4
   data = 0x20 0x00 0x00 0x00 
(0.615950) CudaRuntime.cpp:2685: kernel launch (_Z24transposeNoBankConflictsPfS_ii) on thread 0x839920
(0.615970) CudaRuntime.cpp:2706:  launch completed successfully
(0.617182) X86TraceGenerator.cpp:776:  New kernel launched
(0.617194) X86TraceGenerator.cpp:777:  compute version:2.0
(0.617197) X86TraceGenerator.cpp:778:  grid  2 x 2 x 1
(0.617199) X86TraceGenerator.cpp:779:  block 16 x 16 x 1
(0.617202) X86TraceGenerator.cpp:780:  number of warps per block:8
(0.617204) X86TraceGenerator.cpp:781:  number of total warps:32
(0.617206) X86TraceGenerator.cpp:782:  # threads per block : 256
(0.617208) X86TraceGenerator.cpp:783:  number of register per thread:8
(0.617210) X86TraceGenerator.cpp:784:  number of shared memory per thread:1088
(0.617213) X86TraceGenerator.cpp:822:  max blocks per core : 6
(0.621733) X86TraceGenerator.cpp:1082: mkdir -p /benchrun/macsim/cuda6-transpose/sm6_gtx1080/input-repeat3-dimx32-dimy32/results/traces/_Z24transposeNoBankConflictsPfS_ii_2/ (status 0)

(0.621752) X86TraceGenerator.cpp:1083: errno is 0 message is Success

(0.648660) CudaRuntime.cpp:2609: cudaConfigureCall()
(0.648679) CudaRuntime.cpp:2631: cudaSetupArgument() - offset 0, size 8
(0.648688) CudaRuntime.cpp:2631: cudaSetupArgument() - offset 8, size 8
(0.648695) CudaRuntime.cpp:2631: cudaSetupArgument() - offset 16, size 4
(0.648703) CudaRuntime.cpp:2631: cudaSetupArgument() - offset 20, size 4
(0.648735) CudaRuntime.cpp:142:  Mapping parameter at offset 0 of size 8 to offset 0 of size 8
   data = 0x00 0x0a 0x84 0x00 0x00 0x00 0x00 0x00 
(0.648748) CudaRuntime.cpp:142:  Mapping parameter at offset 8 of size 8 to offset 8 of size 8
   data = 0x00 0xf9 0x83 0x00 0x00 0x00 0x00 0x00 
(0.648759) CudaRuntime.cpp:142:  Mapping parameter at offset 16 of size 4 to offset 16 of size 4
   data = 0x20 0x00 0x00 0x00 
(0.648770) CudaRuntime.cpp:142:  Mapping parameter at offset 20 of size 4 to offset 20 of size 4
   data = 0x20 0x00 0x00 0x00 
(0.648786) CudaRuntime.cpp:2685: kernel launch (_Z24transposeNoBankConflictsPfS_ii) on thread 0x839920
(0.648809) CudaRuntime.cpp:2706:  launch completed successfully
(0.649959) X86TraceGenerator.cpp:776:  New kernel launched
(0.649964) X86TraceGenerator.cpp:777:  compute version:2.0
(0.649966) X86TraceGenerator.cpp:778:  grid  2 x 2 x 1
(0.649968) X86TraceGenerator.cpp:779:  block 16 x 16 x 1
(0.649970) X86TraceGenerator.cpp:780:  number of warps per block:8
(0.649972) X86TraceGenerator.cpp:781:  number of total warps:32
(0.649974) X86TraceGenerator.cpp:782:  # threads per block : 256
(0.649976) X86TraceGenerator.cpp:783:  number of register per thread:8
(0.649978) X86TraceGenerator.cpp:784:  number of shared memory per thread:1088
(0.649980) X86TraceGenerator.cpp:822:  max blocks per core : 6
(0.654337) X86TraceGenerator.cpp:1082: mkdir -p /benchrun/macsim/cuda6-transpose/sm6_gtx1080/input-repeat3-dimx32-dimy32/results/traces/_Z24transposeNoBankConflictsPfS_ii_3/ (status 0)

(0.654349) X86TraceGenerator.cpp:1083: errno is 0 message is Success

(0.679083) CudaRuntime.cpp:1131: cudaMemcpy(0x83d8b0, 0x840a00, 4096)
(0.679104) CudaRuntime.cpp:215:    _memcpy(0x83d8b0, 0x840a00, 4096 bytes) d-to-h
(0.679138) CudaRuntime.cpp:1131: cudaMemcpy(0x83d8b0, 0x840a00, 4096)
(0.679146) CudaRuntime.cpp:215:    _memcpy(0x83d8b0, 0x840a00, 4096 bytes) d-to-h
transpose optimized         , Throughput = 0.0002 GB/s, Time = 31.24070 ms, Size = 1024 fp32 elements, NumDevsUsed = 1, Workgroup = 256
(0.679176) CudaRuntime.cpp:2609: cudaConfigureCall()
(0.679185) CudaRuntime.cpp:2631: cudaSetupArgument() - offset 0, size 8
(0.679193) CudaRuntime.cpp:2631: cudaSetupArgument() - offset 8, size 8
(0.679200) CudaRuntime.cpp:2631: cudaSetupArgument() - offset 16, size 4
(0.679208) CudaRuntime.cpp:2631: cudaSetupArgument() - offset 20, size 4
(0.679247) CudaRuntime.cpp:142:  Mapping parameter at offset 0 of size 8 to offset 0 of size 8
   data = 0x00 0x0a 0x84 0x00 0x00 0x00 0x00 0x00 
(0.679260) CudaRuntime.cpp:142:  Mapping parameter at offset 8 of size 8 to offset 8 of size 8
   data = 0x00 0xf9 0x83 0x00 0x00 0x00 0x00 0x00 
(0.679270) CudaRuntime.cpp:142:  Mapping parameter at offset 16 of size 4 to offset 16 of size 4
   data = 0x20 0x00 0x00 0x00 
(0.679281) CudaRuntime.cpp:142:  Mapping parameter at offset 20 of size 4 to offset 20 of size 4
   data = 0x20 0x00 0x00 0x00 
(0.679305) CudaRuntime.cpp:2685: kernel launch (_Z22transposeCoarseGrainedPfS_ii) on thread 0x839920
(0.679327) CudaRuntime.cpp:2706:  launch completed successfully
(0.680572) X86TraceGenerator.cpp:776:  New kernel launched
(0.680579) X86TraceGenerator.cpp:777:  compute version:2.0
(0.680581) X86TraceGenerator.cpp:778:  grid  2 x 2 x 1
(0.680584) X86TraceGenerator.cpp:779:  block 16 x 16 x 1
(0.680586) X86TraceGenerator.cpp:780:  number of warps per block:8
(0.680588) X86TraceGenerator.cpp:781:  number of total warps:32
(0.680590) X86TraceGenerator.cpp:782:  # threads per block : 256
(0.680593) X86TraceGenerator.cpp:783:  number of register per thread:8
(0.680595) X86TraceGenerator.cpp:784:  number of shared memory per thread:1088
(0.680598) X86TraceGenerator.cpp:822:  max blocks per core : 6
(0.684964) X86TraceGenerator.cpp:1082: mkdir -p /benchrun/macsim/cuda6-transpose/sm6_gtx1080/input-repeat3-dimx32-dimy32/results/traces/_Z22transposeCoarseGrainedPfS_ii_0/ (status 0)

(0.684979) X86TraceGenerator.cpp:1083: errno is 0 message is Success

(0.712131) CudaRuntime.cpp:2609: cudaConfigureCall()
(0.712151) CudaRuntime.cpp:2631: cudaSetupArgument() - offset 0, size 8
(0.712160) CudaRuntime.cpp:2631: cudaSetupArgument() - offset 8, size 8
(0.712168) CudaRuntime.cpp:2631: cudaSetupArgument() - offset 16, size 4
(0.712236) CudaRuntime.cpp:2631: cudaSetupArgument() - offset 20, size 4
(0.712299) CudaRuntime.cpp:142:  Mapping parameter at offset 0 of size 8 to offset 0 of size 8
   data = 0x00 0x0a 0x84 0x00 0x00 0x00 0x00 0x00 
(0.712337) CudaRuntime.cpp:142:  Mapping parameter at offset 8 of size 8 to offset 8 of size 8
   data = 0x00 0xf9 0x83 0x00 0x00 0x00 0x00 0x00 
(0.712372) CudaRuntime.cpp:142:  Mapping parameter at offset 16 of size 4 to offset 16 of size 4
   data = 0x20 0x00 0x00 0x00 
(0.712411) CudaRuntime.cpp:142:  Mapping parameter at offset 20 of size 4 to offset 20 of size 4
   data = 0x20 0x00 0x00 0x00 
(0.712444) CudaRuntime.cpp:2685: kernel launch (_Z22transposeCoarseGrainedPfS_ii) on thread 0x839920
(0.712466) CudaRuntime.cpp:2706:  launch completed successfully
(0.713462) X86TraceGenerator.cpp:776:  New kernel launched
(0.713470) X86TraceGenerator.cpp:777:  compute version:2.0
(0.713473) X86TraceGenerator.cpp:778:  grid  2 x 2 x 1
(0.713476) X86TraceGenerator.cpp:779:  block 16 x 16 x 1
(0.713478) X86TraceGenerator.cpp:780:  number of warps per block:8
(0.713480) X86TraceGenerator.cpp:781:  number of total warps:32
(0.713483) X86TraceGenerator.cpp:782:  # threads per block : 256
(0.713485) X86TraceGenerator.cpp:783:  number of register per thread:8
(0.713487) X86TraceGenerator.cpp:784:  number of shared memory per thread:1088
(0.713490) X86TraceGenerator.cpp:822:  max blocks per core : 6
(0.718062) X86TraceGenerator.cpp:1082: mkdir -p /benchrun/macsim/cuda6-transpose/sm6_gtx1080/input-repeat3-dimx32-dimy32/results/traces/_Z22transposeCoarseGrainedPfS_ii_1/ (status 0)

(0.718078) X86TraceGenerator.cpp:1083: errno is 0 message is Success

(0.747299) CudaRuntime.cpp:2609: cudaConfigureCall()
(0.747319) CudaRuntime.cpp:2631: cudaSetupArgument() - offset 0, size 8
(0.747336) CudaRuntime.cpp:2631: cudaSetupArgument() - offset 8, size 8
(0.747353) CudaRuntime.cpp:2631: cudaSetupArgument() - offset 16, size 4
(0.747368) CudaRuntime.cpp:2631: cudaSetupArgument() - offset 20, size 4
(0.747429) CudaRuntime.cpp:142:  Mapping parameter at offset 0 of size 8 to offset 0 of size 8
   data = 0x00 0x0a 0x84 0x00 0x00 0x00 0x00 0x00 
(0.747453) CudaRuntime.cpp:142:  Mapping parameter at offset 8 of size 8 to offset 8 of size 8
   data = 0x00 0xf9 0x83 0x00 0x00 0x00 0x00 0x00 
(0.747469) CudaRuntime.cpp:142:  Mapping parameter at offset 16 of size 4 to offset 16 of size 4
   data = 0x20 0x00 0x00 0x00 
(0.747489) CudaRuntime.cpp:142:  Mapping parameter at offset 20 of size 4 to offset 20 of size 4
   data = 0x20 0x00 0x00 0x00 
(0.747503) CudaRuntime.cpp:2685: kernel launch (_Z22transposeCoarseGrainedPfS_ii) on thread 0x839920
(0.747522) CudaRuntime.cpp:2706:  launch completed successfully
(0.748566) X86TraceGenerator.cpp:776:  New kernel launched
(0.748573) X86TraceGenerator.cpp:777:  compute version:2.0
(0.748576) X86TraceGenerator.cpp:778:  grid  2 x 2 x 1
(0.748578) X86TraceGenerator.cpp:779:  block 16 x 16 x 1
(0.748580) X86TraceGenerator.cpp:780:  number of warps per block:8
(0.748583) X86TraceGenerator.cpp:781:  number of total warps:32
(0.748585) X86TraceGenerator.cpp:782:  # threads per block : 256
(0.748587) X86TraceGenerator.cpp:783:  number of register per thread:8
(0.748590) X86TraceGenerator.cpp:784:  number of shared memory per thread:1088
(0.748592) X86TraceGenerator.cpp:822:  max blocks per core : 6
(0.791433) X86TraceGenerator.cpp:1082: mkdir -p /benchrun/macsim/cuda6-transpose/sm6_gtx1080/input-repeat3-dimx32-dimy32/results/traces/_Z22transposeCoarseGrainedPfS_ii_2/ (status 0)

(0.791475) X86TraceGenerator.cpp:1083: errno is 0 message is Success

(0.840893) CudaRuntime.cpp:2609: cudaConfigureCall()
(0.840912) CudaRuntime.cpp:2631: cudaSetupArgument() - offset 0, size 8
(0.840921) CudaRuntime.cpp:2631: cudaSetupArgument() - offset 8, size 8
(0.840929) CudaRuntime.cpp:2631: cudaSetupArgument() - offset 16, size 4
(0.840936) CudaRuntime.cpp:2631: cudaSetupArgument() - offset 20, size 4
(0.840973) CudaRuntime.cpp:142:  Mapping parameter at offset 0 of size 8 to offset 0 of size 8
   data = 0x00 0x0a 0x84 0x00 0x00 0x00 0x00 0x00 
(0.840986) CudaRuntime.cpp:142:  Mapping parameter at offset 8 of size 8 to offset 8 of size 8
   data = 0x00 0xf9 0x83 0x00 0x00 0x00 0x00 0x00 
(0.840997) CudaRuntime.cpp:142:  Mapping parameter at offset 16 of size 4 to offset 16 of size 4
   data = 0x20 0x00 0x00 0x00 
(0.841007) CudaRuntime.cpp:142:  Mapping parameter at offset 20 of size 4 to offset 20 of size 4
   data = 0x20 0x00 0x00 0x00 
(0.841024) CudaRuntime.cpp:2685: kernel launch (_Z22transposeCoarseGrainedPfS_ii) on thread 0x839920
(0.841048) CudaRuntime.cpp:2706:  launch completed successfully
(0.842078) X86TraceGenerator.cpp:776:  New kernel launched
(0.842087) X86TraceGenerator.cpp:777:  compute version:2.0
(0.842090) X86TraceGenerator.cpp:778:  grid  2 x 2 x 1
(0.842092) X86TraceGenerator.cpp:779:  block 16 x 16 x 1
(0.842095) X86TraceGenerator.cpp:780:  number of warps per block:8
(0.842097) X86TraceGenerator.cpp:781:  number of total warps:32
(0.842099) X86TraceGenerator.cpp:782:  # threads per block : 256
(0.842102) X86TraceGenerator.cpp:783:  number of register per thread:8
(0.842104) X86TraceGenerator.cpp:784:  number of shared memory per thread:1088
(0.842107) X86TraceGenerator.cpp:822:  max blocks per core : 6
(0.846619) X86TraceGenerator.cpp:1082: mkdir -p /benchrun/macsim/cuda6-transpose/sm6_gtx1080/input-repeat3-dimx32-dimy32/results/traces/_Z22transposeCoarseGrainedPfS_ii_3/ (status 0)

(0.846641) X86TraceGenerator.cpp:1083: errno is 0 message is Success

(0.874949) CudaRuntime.cpp:1131: cudaMemcpy(0x83d8b0, 0x840a00, 4096)
(0.874969) CudaRuntime.cpp:215:    _memcpy(0x83d8b0, 0x840a00, 4096 bytes) d-to-h
(0.875001) CudaRuntime.cpp:1131: cudaMemcpy(0x83d8b0, 0x840a00, 4096)
(0.875010) CudaRuntime.cpp:215:    _memcpy(0x83d8b0, 0x840a00, 4096 bytes) d-to-h
transpose coarse-grained    , Throughput = 0.0001 GB/s, Time = 54.27138 ms, Size = 1024 fp32 elements, NumDevsUsed = 1, Workgroup = 256
(0.875040) CudaRuntime.cpp:2609: cudaConfigureCall()
(0.875049) CudaRuntime.cpp:2631: cudaSetupArgument() - offset 0, size 8
(0.875057) CudaRuntime.cpp:2631: cudaSetupArgument() - offset 8, size 8
(0.875064) CudaRuntime.cpp:2631: cudaSetupArgument() - offset 16, size 4
(0.875072) CudaRuntime.cpp:2631: cudaSetupArgument() - offset 20, size 4
(0.875116) CudaRuntime.cpp:142:  Mapping parameter at offset 0 of size 8 to offset 0 of size 8
   data = 0x00 0x0a 0x84 0x00 0x00 0x00 0x00 0x00 
(0.875129) CudaRuntime.cpp:142:  Mapping parameter at offset 8 of size 8 to offset 8 of size 8
   data = 0x00 0xf9 0x83 0x00 0x00 0x00 0x00 0x00 
(0.875139) CudaRuntime.cpp:142:  Mapping parameter at offset 16 of size 4 to offset 16 of size 4
   data = 0x20 0x00 0x00 0x00 
(0.875150) CudaRuntime.cpp:142:  Mapping parameter at offset 20 of size 4 to offset 20 of size 4
   data = 0x20 0x00 0x00 0x00 
(0.875175) CudaRuntime.cpp:2685: kernel launch (_Z20transposeFineGrainedPfS_ii) on thread 0x839920
(0.875198) CudaRuntime.cpp:2706:  launch completed successfully
(0.876399) X86TraceGenerator.cpp:776:  New kernel launched
(0.876407) X86TraceGenerator.cpp:777:  compute version:2.0
(0.876409) X86TraceGenerator.cpp:778:  grid  2 x 2 x 1
(0.876411) X86TraceGenerator.cpp:779:  block 16 x 16 x 1
(0.876414) X86TraceGenerator.cpp:780:  number of warps per block:8
(0.876416) X86TraceGenerator.cpp:781:  number of total warps:32
(0.876418) X86TraceGenerator.cpp:782:  # threads per block : 256
(0.876420) X86TraceGenerator.cpp:783:  number of register per thread:8
(0.876422) X86TraceGenerator.cpp:784:  number of shared memory per thread:1088
(0.876425) X86TraceGenerator.cpp:822:  max blocks per core : 6
(0.880860) X86TraceGenerator.cpp:1082: mkdir -p /benchrun/macsim/cuda6-transpose/sm6_gtx1080/input-repeat3-dimx32-dimy32/results/traces/_Z20transposeFineGrainedPfS_ii_0/ (status 0)

(0.880875) X86TraceGenerator.cpp:1083: errno is 0 message is Success

(0.912743) CudaRuntime.cpp:2609: cudaConfigureCall()
(0.912765) CudaRuntime.cpp:2631: cudaSetupArgument() - offset 0, size 8
(0.912773) CudaRuntime.cpp:2631: cudaSetupArgument() - offset 8, size 8
(0.912781) CudaRuntime.cpp:2631: cudaSetupArgument() - offset 16, size 4
(0.912789) CudaRuntime.cpp:2631: cudaSetupArgument() - offset 20, size 4
(0.912824) CudaRuntime.cpp:142:  Mapping parameter at offset 0 of size 8 to offset 0 of size 8
   data = 0x00 0x0a 0x84 0x00 0x00 0x00 0x00 0x00 
(0.912837) CudaRuntime.cpp:142:  Mapping parameter at offset 8 of size 8 to offset 8 of size 8
   data = 0x00 0xf9 0x83 0x00 0x00 0x00 0x00 0x00 
(0.912848) CudaRuntime.cpp:142:  Mapping parameter at offset 16 of size 4 to offset 16 of size 4
   data = 0x20 0x00 0x00 0x00 
(0.912858) CudaRuntime.cpp:142:  Mapping parameter at offset 20 of size 4 to offset 20 of size 4
   data = 0x20 0x00 0x00 0x00 
(0.912875) CudaRuntime.cpp:2685: kernel launch (_Z20transposeFineGrainedPfS_ii) on thread 0x839920
(0.912902) CudaRuntime.cpp:2706:  launch completed successfully
(0.914120) X86TraceGenerator.cpp:776:  New kernel launched
(0.914126) X86TraceGenerator.cpp:777:  compute version:2.0
(0.914129) X86TraceGenerator.cpp:778:  grid  2 x 2 x 1
(0.914131) X86TraceGenerator.cpp:779:  block 16 x 16 x 1
(0.914134) X86TraceGenerator.cpp:780:  number of warps per block:8
(0.914136) X86TraceGenerator.cpp:781:  number of total warps:32
(0.914138) X86TraceGenerator.cpp:782:  # threads per block : 256
(0.914140) X86TraceGenerator.cpp:783:  number of register per thread:8
(0.914143) X86TraceGenerator.cpp:784:  number of shared memory per thread:1088
(0.914146) X86TraceGenerator.cpp:822:  max blocks per core : 6
(0.918852) X86TraceGenerator.cpp:1082: mkdir -p /benchrun/macsim/cuda6-transpose/sm6_gtx1080/input-repeat3-dimx32-dimy32/results/traces/_Z20transposeFineGrainedPfS_ii_1/ (status 0)

(0.918886) X86TraceGenerator.cpp:1083: errno is 0 message is Success

(0.963522) CudaRuntime.cpp:2609: cudaConfigureCall()
(0.963543) CudaRuntime.cpp:2631: cudaSetupArgument() - offset 0, size 8
(0.963551) CudaRuntime.cpp:2631: cudaSetupArgument() - offset 8, size 8
(0.963559) CudaRuntime.cpp:2631: cudaSetupArgument() - offset 16, size 4
(0.963567) CudaRuntime.cpp:2631: cudaSetupArgument() - offset 20, size 4
(0.963613) CudaRuntime.cpp:142:  Mapping parameter at offset 0 of size 8 to offset 0 of size 8
   data = 0x00 0x0a 0x84 0x00 0x00 0x00 0x00 0x00 
(0.963626) CudaRuntime.cpp:142:  Mapping parameter at offset 8 of size 8 to offset 8 of size 8
   data = 0x00 0xf9 0x83 0x00 0x00 0x00 0x00 0x00 
(0.963636) CudaRuntime.cpp:142:  Mapping parameter at offset 16 of size 4 to offset 16 of size 4
   data = 0x20 0x00 0x00 0x00 
(0.963647) CudaRuntime.cpp:142:  Mapping parameter at offset 20 of size 4 to offset 20 of size 4
   data = 0x20 0x00 0x00 0x00 
(0.963655) CudaRuntime.cpp:2685: kernel launch (_Z20transposeFineGrainedPfS_ii) on thread 0x839920
(0.963676) CudaRuntime.cpp:2706:  launch completed successfully
(0.964823) X86TraceGenerator.cpp:776:  New kernel launched
(0.964830) X86TraceGenerator.cpp:777:  compute version:2.0
(0.964833) X86TraceGenerator.cpp:778:  grid  2 x 2 x 1
(0.964835) X86TraceGenerator.cpp:779:  block 16 x 16 x 1
(0.964838) X86TraceGenerator.cpp:780:  number of warps per block:8
(0.964840) X86TraceGenerator.cpp:781:  number of total warps:32
(0.964842) X86TraceGenerator.cpp:782:  # threads per block : 256
(0.964844) X86TraceGenerator.cpp:783:  number of register per thread:8
(0.964847) X86TraceGenerator.cpp:784:  number of shared memory per thread:1088
(0.964849) X86TraceGenerator.cpp:822:  max blocks per core : 6
(0.969372) X86TraceGenerator.cpp:1082: mkdir -p /benchrun/macsim/cuda6-transpose/sm6_gtx1080/input-repeat3-dimx32-dimy32/results/traces/_Z20transposeFineGrainedPfS_ii_2/ (status 0)

(0.969391) X86TraceGenerator.cpp:1083: errno is 0 message is Success

(1.007525) CudaRuntime.cpp:2609: cudaConfigureCall()
(1.007540) CudaRuntime.cpp:2631: cudaSetupArgument() - offset 0, size 8
(1.007545) CudaRuntime.cpp:2631: cudaSetupArgument() - offset 8, size 8
(1.007550) CudaRuntime.cpp:2631: cudaSetupArgument() - offset 16, size 4
(1.007555) CudaRuntime.cpp:2631: cudaSetupArgument() - offset 20, size 4
(1.007582) CudaRuntime.cpp:142:  Mapping parameter at offset 0 of size 8 to offset 0 of size 8
   data = 0x00 0x0a 0x84 0x00 0x00 0x00 0x00 0x00 
(1.007597) CudaRuntime.cpp:142:  Mapping parameter at offset 8 of size 8 to offset 8 of size 8
   data = 0x00 0xf9 0x83 0x00 0x00 0x00 0x00 0x00 
(1.007608) CudaRuntime.cpp:142:  Mapping parameter at offset 16 of size 4 to offset 16 of size 4
   data = 0x20 0x00 0x00 0x00 
(1.007622) CudaRuntime.cpp:142:  Mapping parameter at offset 20 of size 4 to offset 20 of size 4
   data = 0x20 0x00 0x00 0x00 
(1.007636) CudaRuntime.cpp:2685: kernel launch (_Z20transposeFineGrainedPfS_ii) on thread 0x839920
(1.007653) CudaRuntime.cpp:2706:  launch completed successfully
(1.009350) X86TraceGenerator.cpp:776:  New kernel launched
(1.009361) X86TraceGenerator.cpp:777:  compute version:2.0
(1.009365) X86TraceGenerator.cpp:778:  grid  2 x 2 x 1
(1.009369) X86TraceGenerator.cpp:779:  block 16 x 16 x 1
(1.009373) X86TraceGenerator.cpp:780:  number of warps per block:8
(1.009377) X86TraceGenerator.cpp:781:  number of total warps:32
(1.009381) X86TraceGenerator.cpp:782:  # threads per block : 256
(1.009385) X86TraceGenerator.cpp:783:  number of register per thread:8
(1.009389) X86TraceGenerator.cpp:784:  number of shared memory per thread:1088
(1.009393) X86TraceGenerator.cpp:822:  max blocks per core : 6
(1.068038) X86TraceGenerator.cpp:1082: mkdir -p /benchrun/macsim/cuda6-transpose/sm6_gtx1080/input-repeat3-dimx32-dimy32/results/traces/_Z20transposeFineGrainedPfS_ii_3/ (status 0)

(1.068090) X86TraceGenerator.cpp:1083: errno is 0 message is Success

(1.118115) CudaRuntime.cpp:1131: cudaMemcpy(0x83d8b0, 0x840a00, 4096)
(1.118134) CudaRuntime.cpp:215:    _memcpy(0x83d8b0, 0x840a00, 4096 bytes) d-to-h
(1.118167) CudaRuntime.cpp:1131: cudaMemcpy(0x83d8b0, 0x840a00, 4096)
(1.118175) CudaRuntime.cpp:215:    _memcpy(0x83d8b0, 0x840a00, 4096 bytes) d-to-h
transpose fine-grained      , Throughput = 0.0001 GB/s, Time = 68.45586 ms, Size = 1024 fp32 elements, NumDevsUsed = 1, Workgroup = 256
(1.118206) CudaRuntime.cpp:2609: cudaConfigureCall()
(1.118215) CudaRuntime.cpp:2631: cudaSetupArgument() - offset 0, size 8
(1.118223) CudaRuntime.cpp:2631: cudaSetupArgument() - offset 8, size 8
(1.118230) CudaRuntime.cpp:2631: cudaSetupArgument() - offset 16, size 4
(1.118237) CudaRuntime.cpp:2631: cudaSetupArgument() - offset 20, size 4
(1.118279) CudaRuntime.cpp:142:  Mapping parameter at offset 0 of size 8 to offset 0 of size 8
   data = 0x00 0x0a 0x84 0x00 0x00 0x00 0x00 0x00 
(1.118291) CudaRuntime.cpp:142:  Mapping parameter at offset 8 of size 8 to offset 8 of size 8
   data = 0x00 0xf9 0x83 0x00 0x00 0x00 0x00 0x00 
(1.118302) CudaRuntime.cpp:142:  Mapping parameter at offset 16 of size 4 to offset 16 of size 4
   data = 0x20 0x00 0x00 0x00 
(1.118313) CudaRuntime.cpp:142:  Mapping parameter at offset 20 of size 4 to offset 20 of size 4
   data = 0x20 0x00 0x00 0x00 
(1.118336) CudaRuntime.cpp:2685: kernel launch (_Z17transposeDiagonalPfS_ii) on thread 0x839920
(1.118356) CudaRuntime.cpp:2706:  launch completed successfully
(1.119892) X86TraceGenerator.cpp:776:  New kernel launched
(1.119904) X86TraceGenerator.cpp:777:  compute version:2.0
(1.119910) X86TraceGenerator.cpp:778:  grid  2 x 2 x 1
(1.119918) X86TraceGenerator.cpp:779:  block 16 x 16 x 1
(1.119925) X86TraceGenerator.cpp:780:  number of warps per block:8
(1.119932) X86TraceGenerator.cpp:781:  number of total warps:32
(1.119939) X86TraceGenerator.cpp:782:  # threads per block : 256
(1.119946) X86TraceGenerator.cpp:783:  number of register per thread:10
(1.119952) X86TraceGenerator.cpp:784:  number of shared memory per thread:1088
(1.119960) X86TraceGenerator.cpp:822:  max blocks per core : 6
(1.123831) X86TraceGenerator.cpp:1082: mkdir -p /benchrun/macsim/cuda6-transpose/sm6_gtx1080/input-repeat3-dimx32-dimy32/results/traces/_Z17transposeDiagonalPfS_ii_0/ (status 0)

(1.123844) X86TraceGenerator.cpp:1083: errno is 0 message is Success

(1.156981) CudaRuntime.cpp:2609: cudaConfigureCall()
(1.157007) CudaRuntime.cpp:2631: cudaSetupArgument() - offset 0, size 8
(1.157019) CudaRuntime.cpp:2631: cudaSetupArgument() - offset 8, size 8
(1.157033) CudaRuntime.cpp:2631: cudaSetupArgument() - offset 16, size 4
(1.157046) CudaRuntime.cpp:2631: cudaSetupArgument() - offset 20, size 4
(1.157107) CudaRuntime.cpp:142:  Mapping parameter at offset 0 of size 8 to offset 0 of size 8
   data = 0x00 0x0a 0x84 0x00 0x00 0x00 0x00 0x00 
(1.157131) CudaRuntime.cpp:142:  Mapping parameter at offset 8 of size 8 to offset 8 of size 8
   data = 0x00 0xf9 0x83 0x00 0x00 0x00 0x00 0x00 
(1.157153) CudaRuntime.cpp:142:  Mapping parameter at offset 16 of size 4 to offset 16 of size 4
   data = 0x20 0x00 0x00 0x00 
(1.157166) CudaRuntime.cpp:142:  Mapping parameter at offset 20 of size 4 to offset 20 of size 4
   data = 0x20 0x00 0x00 0x00 
(1.157179) CudaRuntime.cpp:2685: kernel launch (_Z17transposeDiagonalPfS_ii) on thread 0x839920
(1.157202) CudaRuntime.cpp:2706:  launch completed successfully
(1.158484) X86TraceGenerator.cpp:776:  New kernel launched
(1.158491) X86TraceGenerator.cpp:777:  compute version:2.0
(1.158493) X86TraceGenerator.cpp:778:  grid  2 x 2 x 1
(1.158496) X86TraceGenerator.cpp:779:  block 16 x 16 x 1
(1.158498) X86TraceGenerator.cpp:780:  number of warps per block:8
(1.158500) X86TraceGenerator.cpp:781:  number of total warps:32
(1.158503) X86TraceGenerator.cpp:782:  # threads per block : 256
(1.158504) X86TraceGenerator.cpp:783:  number of register per thread:10
(1.158507) X86TraceGenerator.cpp:784:  number of shared memory per thread:1088
(1.158509) X86TraceGenerator.cpp:822:  max blocks per core : 6
(1.162331) X86TraceGenerator.cpp:1082: mkdir -p /benchrun/macsim/cuda6-transpose/sm6_gtx1080/input-repeat3-dimx32-dimy32/results/traces/_Z17transposeDiagonalPfS_ii_1/ (status 0)

(1.162346) X86TraceGenerator.cpp:1083: errno is 0 message is Success

(1.204263) CudaRuntime.cpp:2609: cudaConfigureCall()
(1.204273) CudaRuntime.cpp:2631: cudaSetupArgument() - offset 0, size 8
(1.204276) CudaRuntime.cpp:2631: cudaSetupArgument() - offset 8, size 8
(1.204279) CudaRuntime.cpp:2631: cudaSetupArgument() - offset 16, size 4
(1.204281) CudaRuntime.cpp:2631: cudaSetupArgument() - offset 20, size 4
(1.204299) CudaRuntime.cpp:142:  Mapping parameter at offset 0 of size 8 to offset 0 of size 8
   data = 0x00 0x0a 0x84 0x00 0x00 0x00 0x00 0x00 
(1.204303) CudaRuntime.cpp:142:  Mapping parameter at offset 8 of size 8 to offset 8 of size 8
   data = 0x00 0xf9 0x83 0x00 0x00 0x00 0x00 0x00 
(1.204306) CudaRuntime.cpp:142:  Mapping parameter at offset 16 of size 4 to offset 16 of size 4
   data = 0x20 0x00 0x00 0x00 
(1.204310) CudaRuntime.cpp:142:  Mapping parameter at offset 20 of size 4 to offset 20 of size 4
   data = 0x20 0x00 0x00 0x00 
(1.204312) CudaRuntime.cpp:2685: kernel launch (_Z17transposeDiagonalPfS_ii) on thread 0x839920
(1.204321) CudaRuntime.cpp:2706:  launch completed successfully
(1.205679) X86TraceGenerator.cpp:776:  New kernel launched
(1.205691) X86TraceGenerator.cpp:777:  compute version:2.0
(1.205698) X86TraceGenerator.cpp:778:  grid  2 x 2 x 1
(1.205705) X86TraceGenerator.cpp:779:  block 16 x 16 x 1
(1.205712) X86TraceGenerator.cpp:780:  number of warps per block:8
(1.205719) X86TraceGenerator.cpp:781:  number of total warps:32
(1.205726) X86TraceGenerator.cpp:782:  # threads per block : 256
(1.205732) X86TraceGenerator.cpp:783:  number of register per thread:10
(1.205740) X86TraceGenerator.cpp:784:  number of shared memory per thread:1088
(1.205747) X86TraceGenerator.cpp:822:  max blocks per core : 6
(1.214158) X86TraceGenerator.cpp:1082: mkdir -p /benchrun/macsim/cuda6-transpose/sm6_gtx1080/input-repeat3-dimx32-dimy32/results/traces/_Z17transposeDiagonalPfS_ii_2/ (status 0)

(1.214175) X86TraceGenerator.cpp:1083: errno is 0 message is Success

(1.248690) CudaRuntime.cpp:2609: cudaConfigureCall()
(1.248705) CudaRuntime.cpp:2631: cudaSetupArgument() - offset 0, size 8
(1.248712) CudaRuntime.cpp:2631: cudaSetupArgument() - offset 8, size 8
(1.248718) CudaRuntime.cpp:2631: cudaSetupArgument() - offset 16, size 4
(1.248723) CudaRuntime.cpp:2631: cudaSetupArgument() - offset 20, size 4
(1.248750) CudaRuntime.cpp:142:  Mapping parameter at offset 0 of size 8 to offset 0 of size 8
   data = 0x00 0x0a 0x84 0x00 0x00 0x00 0x00 0x00 
(1.248760) CudaRuntime.cpp:142:  Mapping parameter at offset 8 of size 8 to offset 8 of size 8
   data = 0x00 0xf9 0x83 0x00 0x00 0x00 0x00 0x00 
(1.248768) CudaRuntime.cpp:142:  Mapping parameter at offset 16 of size 4 to offset 16 of size 4
   data = 0x20 0x00 0x00 0x00 
(1.248776) CudaRuntime.cpp:142:  Mapping parameter at offset 20 of size 4 to offset 20 of size 4
   data = 0x20 0x00 0x00 0x00 
(1.248788) CudaRuntime.cpp:2685: kernel launch (_Z17transposeDiagonalPfS_ii) on thread 0x839920
(1.248807) CudaRuntime.cpp:2706:  launch completed successfully
(1.250114) X86TraceGenerator.cpp:776:  New kernel launched
(1.250120) X86TraceGenerator.cpp:777:  compute version:2.0
(1.250123) X86TraceGenerator.cpp:778:  grid  2 x 2 x 1
(1.250125) X86TraceGenerator.cpp:779:  block 16 x 16 x 1
(1.250128) X86TraceGenerator.cpp:780:  number of warps per block:8
(1.250130) X86TraceGenerator.cpp:781:  number of total warps:32
(1.250132) X86TraceGenerator.cpp:782:  # threads per block : 256
(1.250134) X86TraceGenerator.cpp:783:  number of register per thread:10
(1.250136) X86TraceGenerator.cpp:784:  number of shared memory per thread:1088
(1.250139) X86TraceGenerator.cpp:822:  max blocks per core : 6
(1.254855) X86TraceGenerator.cpp:1082: mkdir -p /benchrun/macsim/cuda6-transpose/sm6_gtx1080/input-repeat3-dimx32-dimy32/results/traces/_Z17transposeDiagonalPfS_ii_3/ (status 0)

(1.254868) X86TraceGenerator.cpp:1083: errno is 0 message is Success

(1.285107) CudaRuntime.cpp:1131: cudaMemcpy(0x83d8b0, 0x840a00, 4096)
(1.285126) CudaRuntime.cpp:215:    _memcpy(0x83d8b0, 0x840a00, 4096 bytes) d-to-h
(1.285159) CudaRuntime.cpp:1131: cudaMemcpy(0x83d8b0, 0x840a00, 4096)
(1.285167) CudaRuntime.cpp:215:    _memcpy(0x83d8b0, 0x840a00, 4096 bytes) d-to-h
transpose diagonal          , Throughput = 0.0002 GB/s, Time = 42.71078 ms, Size = 1024 fp32 elements, NumDevsUsed = 1, Workgroup = 256
(1.285225) CudaRuntime.cpp:887:  cudaFree(0x83f900)
(1.285243) CudaRuntime.cpp:887:  cudaFree(0x840a00)
Test passed
(1.287146) X86TraceGenerator.cpp:725:  destructor
(1.287460) X86TraceGenerator.cpp:2259: finalize
(1.287470) X86TraceGenerator.cpp:2263: total instruction count: 4608
