Transpose Starting...

MapSMtoCores for SM 6.1 is undefined.  Default to use 192 Cores/SM
GPU Device 0: "NVIDIA GeForce GTX 1080" with compute capability 6.1

MapSMtoCores for SM 6.1 is undefined.  Default to use 192 Cores/SM
> Device 0: "NVIDIA GeForce GTX 1080"
> SM Capability 6.1 detected:
MapSMtoCores for SM 6.1 is undefined.  Default to use 192 Cores/SM
MapSMtoCores for SM 6.1 is undefined.  Default to use 192 Cores/SM
> [NVIDIA GeForce GTX 1080] has 20 MP(s) x 192 (Cores/MP) = 3840 (Cores)
> Compute performance scaling factor = 1.00
> MatrixSize X = 32
> MatrixSize Y = 32

Matrix size: 32x32 (2x2 tiles), tile size: 16x16, block size: 16x16

transpose simple copy       , Throughput = 0.9031 GB/s, Time = 0.00845 ms, Size = 1024 fp32 elements, NumDevsUsed = 1, Workgroup = 256
transpose shared memory copy, Throughput = 1.1299 GB/s, Time = 0.00675 ms, Size = 1024 fp32 elements, NumDevsUsed = 1, Workgroup = 256
transpose naive             , Throughput = 1.3547 GB/s, Time = 0.00563 ms, Size = 1024 fp32 elements, NumDevsUsed = 1, Workgroup = 256
transpose coalesced         , Throughput = 1.5382 GB/s, Time = 0.00496 ms, Size = 1024 fp32 elements, NumDevsUsed = 1, Workgroup = 256
transpose optimized         , Throughput = 1.5583 GB/s, Time = 0.00490 ms, Size = 1024 fp32 elements, NumDevsUsed = 1, Workgroup = 256
transpose coarse-grained    , Throughput = 1.4809 GB/s, Time = 0.00515 ms, Size = 1024 fp32 elements, NumDevsUsed = 1, Workgroup = 256
transpose fine-grained      , Throughput = 0.8278 GB/s, Time = 0.00922 ms, Size = 1024 fp32 elements, NumDevsUsed = 1, Workgroup = 256
transpose diagonal          , Throughput = 1.2818 GB/s, Time = 0.00595 ms, Size = 1024 fp32 elements, NumDevsUsed = 1, Workgroup = 256
Test passed
