options: Options {
    input: "/benchrun/tejas/sm86_rtx3070/babelstream/input-arraysize-1024-numtimes-2/results/stats.txt",
    output: "/benchrun/tejas/sm86_rtx3070/babelstream/input-arraysize-1024-numtimes-2/results/stats.csv",
}
stats: Stats {
    emulator_type: Some(
        "OCELOT",
    ),
    created: None,
    sim_time: Some(
        41.228s,
    ),
    total_inst_count: Some(
        151746,
    ),
    total_cycle_count: Some(
        34480,
    ),
    dram_total_reads: 0,
    dram_total_writes: 0,
    dram_avg_read_latency: Some(
        0.0,
    ),
    total_instr_cache_access: Some(
        0,
    ),
    total_const_cache_access: Some(
        0,
    ),
    total_shared_cache_access: Some(
        0,
    ),
    total_instr_cache_misses: Some(
        16,
    ),
    total_const_cache_misses: Some(
        2048,
    ),
    total_shared_cache_misses: Some(
        0,
    ),
    kips: Some(
        3.680653924517318,
    ),
    total_ipc: Some(
        4.400986078886311,
    ),
}
done after 33.544786ms
