options: Options {
    input: "/benchrun/accelsim-ptx/sm6_gtx1080/cuda10-matrixmul/input-wa512-ha512-wb512-hb512/results/log.txt",
    output: "/benchrun/accelsim-ptx/sm6_gtx1080/cuda10-matrixmul/input-wa512-ha512-wb512-hb512/results/stats.csv",
    per_kernel: false,
    kernel_instance: false,
    configs_as_rows: false,
    config_list: None,
    benchmark_list: None,
    sim_name: None,
    strict: false,
}
GPGPU-sim version: Some("gpgpu-sim_git-commit-13c67115070dc2f0876254a790d0238073ca364a_modified_0.0")
stats: {
    (
        "final_kernel",
        0,
        "l2_cache_write_hit",
    ): 0.0,
    (
        "final_kernel",
        0,
        "l2_cache_read_miss",
    ): 6953.0,
    (
        "final_kernel",
        0,
        "l2_cache_read_hit",
    ): 254517.0,
    (
        "final_kernel",
        0,
        "total_dram_reads",
    ): 60628.0,
    (
        "final_kernel",
        0,
        "l2_cache_write_miss",
    ): 8192.0,
    (
        "final_kernel",
        0,
        "gpgpu_n_tot_w_icount",
    ): 15040512.0,
    (
        "final_kernel",
        0,
        "total_core_cache_write_hit",
    ): 0.0,
    (
        "final_kernel",
        0,
        "total_core_cache_read_mshr_hit",
    ): 0.0,
    (
        "final_kernel",
        0,
        "total_core_cache_read_hit",
    ): 0.0,
    (
        "final_kernel",
        0,
        "gpu_tot_ipc",
    ): 880.7302,
    (
        "final_kernel",
        0,
        "l2_bandwidth_gbps",
    ): 25.4893,
    (
        "final_kernel",
        0,
        "gpgpu_simulation_rate",
    ): 586.0,
    (
        "final_kernel",
        0,
        "gpu_total_instructions",
    ): 480772096.0,
    (
        "final_kernel",
        0,
        "gpu_tot_sim_cycle",
    ): 545879.0,
    (
        "final_kernel",
        0,
        "kernel_launch_uid",
    ): 1.0,
    (
        "final_kernel",
        0,
        "gpgpu_simulation_time_sec",
    ): 930.0,
    (
        "final_kernel",
        0,
        "l2_cache_write_total",
    ): 8192.0,
    (
        "final_kernel",
        0,
        "gpgpu_silicon_slowdown",
    ): 2742320.0,
    (
        "final_kernel",
        0,
        "gpu_occupancy",
    ): 96.2383,
    (
        "final_kernel",
        0,
        "total_dram_writes",
    ): 32768.0,
    (
        "final_kernel",
        0,
        "gpu_ipc",
    ): 880.7302,
    (
        "final_kernel",
        0,
        "l2_cache_read_total",
    ): 262144.0,
    (
        "final_kernel",
        0,
        "const_cache_read_total",
    ): 20.0,
}
done in 22.023319ms: 80.31 KiB parsed (16.00 EiB/s)
