options: Options {
    input: "/benchrun/accelsim-sass/sm86_a4000/cuda10-matrixmul/input-wa32-ha64-wb64-hb32/results/log.txt",
    output: "/benchrun/accelsim-sass/sm86_a4000/cuda10-matrixmul/input-wa32-ha64-wb64-hb32/results/stats.csv",
    per_kernel: false,
    kernel_instance: false,
    configs_as_rows: false,
    config_list: None,
    benchmark_list: None,
    sim_name: None,
    strict: false,
}
GPGPU-sim version: Some("accelsim-commit-e02c99dbadefc0b9dc95317100be2a446eec142c_modified_0.0")
stats: {
    (
        "final_kernel",
        0,
        "gpu_tot_sim_cycle",
    ): 8032.0,
    (
        "final_kernel",
        0,
        "gpu_total_instructions",
    ): 475136.0,
    (
        "final_kernel",
        0,
        "gpgpu_silicon_slowdown",
    ): 274561.0,
    (
        "final_kernel",
        0,
        "gpgpu_n_tot_w_icount",
    ): 15104.0,
    (
        "final_kernel",
        0,
        "l2_cache_write_hit",
    ): 0.0,
    (
        "final_kernel",
        0,
        "total_core_cache_write_total",
    ): 512.0,
    (
        "final_kernel",
        0,
        "total_core_cache_read_hit",
    ): 0.0,
    (
        "final_kernel",
        0,
        "l2_bandwidth_gbps",
    ): 4.4978,
    (
        "final_kernel",
        0,
        "gpgpu_simulation_rate",
    ): 2677.0,
    (
        "final_kernel",
        0,
        "l2_cache_read_total",
    ): 1024.0,
    (
        "final_kernel",
        0,
        "total_dram_reads",
    ): 512.0,
    (
        "final_kernel",
        0,
        "gpu_occupancy",
    ): 66.0192,
    (
        "final_kernel",
        0,
        "total_core_cache_write_hit",
    ): 0.0,
    (
        "final_kernel",
        0,
        "l2_cache_read_miss",
    ): 128.0,
    (
        "final_kernel",
        0,
        "l2_cache_write_total",
    ): 512.0,
    (
        "final_kernel",
        0,
        "total_core_cache_read_total",
    ): 1024.0,
    (
        "final_kernel",
        0,
        "gpu_tot_ipc",
    ): 59.1554,
    (
        "final_kernel",
        0,
        "gpu_ipc",
    ): 59.1554,
    (
        "final_kernel",
        0,
        "kernel_launch_uid",
    ): 1.0,
    (
        "final_kernel",
        0,
        "total_dram_writes",
    ): 0.0,
    (
        "final_kernel",
        0,
        "l2_cache_write_miss",
    ): 128.0,
    (
        "final_kernel",
        0,
        "l2_cache_read_hit",
    ): 0.0,
    (
        "final_kernel",
        0,
        "gpgpu_simulation_time_sec",
    ): 3.0,
    (
        "final_kernel",
        0,
        "total_core_cache_read_mshr_hit",
    ): 0.0,
}
done in 22.746944ms: 101.21 KiB parsed (16.00 EiB/s)
