####################################################################################################
Interval
####################################################################################################
Cumulative:         Cycles:                  20000     Instructions:                  1200
DRAM_PRECHARGE                                                  0                             0

DRAM_ACTIVATE                                                   7                             7

DRAM_COLUMN                                                    67                            67

DRAM_AVG_LATENCY_BASE                                          67                            67

DRAM_AVG_LATENCY                                            13920                       207.761

BANDWIDTH_TOT                                                8384                          8384

DRAM_CHANNEL0_BANDWIDTH_SATURATED                             494                           494

DRAM_CHANNEL1_BANDWIDTH_SATURATED                               0                             0

DRAM_CHANNEL2_BANDWIDTH_SATURATED                               0                             0

DRAM_CHANNEL3_BANDWIDTH_SATURATED                               0                             0

DRAM_CHANNEL4_BANDWIDTH_SATURATED                               0                             0

DRAM_CHANNEL5_BANDWIDTH_SATURATED                               0                             0

DRAM_CHANNEL6_BANDWIDTH_SATURATED                               0                             0

DRAM_CHANNEL7_BANDWIDTH_SATURATED                               0                             0

DRAM_CHANNEL0_DBUS_IDLE                                   1712480                       1712480

DRAM_CHANNEL1_DBUS_IDLE                                   1713288                       1713288

DRAM_CHANNEL2_DBUS_IDLE                                   1713296                       1713296

DRAM_CHANNEL3_DBUS_IDLE                                   1713072                       1713072

DRAM_CHANNEL4_DBUS_IDLE                                         0                             0

DRAM_CHANNEL5_DBUS_IDLE                                         0                             0

DRAM_CHANNEL6_DBUS_IDLE                                         0                             0

DRAM_CHANNEL7_DBUS_IDLE                                         0                             0

