options: Options {
    input: "/benchrun/accelsim-ptx/sm6_gtx1080/cuda10-transpose/input-repeat1-dimx64-dimy64/results/log.txt",
    output: "/benchrun/accelsim-ptx/sm6_gtx1080/cuda10-transpose/input-repeat1-dimx64-dimy64/results/stats.csv",
    per_kernel: false,
    kernel_instance: false,
    configs_as_rows: false,
    config_list: None,
    benchmark_list: None,
    sim_name: None,
    strict: false,
}
GPGPU-sim version: Some("gpgpu-sim_git-commit-13c67115070dc2f0876254a790d0238073ca364a_modified_0.0")
stats: {
    (
        "final_kernel",
        0,
        "gpu_total_instructions",
    ): 2072576.0,
    (
        "final_kernel",
        0,
        "gpgpu_n_tot_w_icount",
    ): 65280.0,
    (
        "final_kernel",
        0,
        "l2_bandwidth_gbps",
    ): 25.6626,
    (
        "final_kernel",
        0,
        "gpgpu_silicon_slowdown",
    ): 804304.0,
    (
        "final_kernel",
        0,
        "kernel_launch_uid",
    ): 16.0,
    (
        "final_kernel",
        0,
        "gpu_tot_sim_cycle",
    ): 17988.0,
    (
        "final_kernel",
        0,
        "gpu_occupancy",
    ): 12.0296,
    (
        "final_kernel",
        0,
        "gpu_tot_ipc",
    ): 115.2199,
    (
        "final_kernel",
        0,
        "gpgpu_simulation_time_sec",
    ): 9.0,
    (
        "final_kernel",
        0,
        "gpgpu_simulation_rate",
    ): 1998.0,
    (
        "final_kernel",
        0,
        "l2_cache_read_total",
    ): 4096.0,
    (
        "final_kernel",
        0,
        "l2_cache_read_hit",
    ): 4096.0,
    (
        "final_kernel",
        0,
        "l2_cache_read_miss",
    ): 0.0,
    (
        "final_kernel",
        0,
        "total_dram_writes",
    ): 512.0,
    (
        "final_kernel",
        0,
        "total_dram_reads",
    ): 584.0,
    (
        "final_kernel",
        0,
        "l2_cache_write_miss",
    ): 128.0,
    (
        "final_kernel",
        0,
        "l2_cache_write_hit",
    ): 7424.0,
    (
        "final_kernel",
        0,
        "total_core_cache_write_hit",
    ): 0.0,
    (
        "final_kernel",
        0,
        "total_core_cache_read_mshr_hit",
    ): 0.0,
    (
        "final_kernel",
        0,
        "l2_cache_write_total",
    ): 7680.0,
    (
        "final_kernel",
        0,
        "const_cache_read_total",
    ): 20.0,
    (
        "final_kernel",
        0,
        "total_core_cache_read_hit",
    ): 0.0,
    (
        "final_kernel",
        0,
        "gpu_ipc",
    ): 161.167,
}
done in 50.469782ms: 759.92 KiB parsed (16.00 EiB/s)
