options: Options {
    input: "/benchrun/accelsim-ptx/sm6_gtx1080/babelstream/input-arraysize-1024-numtimes-2/results/log.txt",
    output: "/benchrun/accelsim-ptx/sm6_gtx1080/babelstream/input-arraysize-1024-numtimes-2/results/stats.csv",
    per_kernel: false,
    kernel_instance: false,
    configs_as_rows: false,
    config_list: None,
    benchmark_list: None,
    sim_name: None,
    strict: false,
}
GPGPU-sim version: Some("gpgpu-sim_git-commit-13c67115070dc2f0876254a790d0238073ca364a_modified_0.0")
stats: {
    (
        "final_kernel",
        0,
        "l2_bandwidth_gbps",
    ): 0.6047,
    (
        "final_kernel",
        0,
        "l2_cache_write_total",
    ): 1216.0,
    (
        "final_kernel",
        0,
        "gpu_occupancy",
    ): 92.5917,
    (
        "final_kernel",
        0,
        "gpu_total_instructions",
    ): 66768384.0,
    (
        "final_kernel",
        0,
        "l2_cache_write_miss",
    ): 208.0,
    (
        "final_kernel",
        0,
        "gpgpu_simulation_rate",
    ): 765.0,
    (
        "final_kernel",
        0,
        "gpgpu_silicon_slowdown",
    ): 2100653.0,
    (
        "final_kernel",
        0,
        "l2_cache_write_hit",
    ): 978.0,
    (
        "final_kernel",
        0,
        "l2_cache_read_miss",
    ): 0.0,
    (
        "final_kernel",
        0,
        "kernel_launch_uid",
    ): 11.0,
    (
        "final_kernel",
        0,
        "gpgpu_n_tot_w_icount",
    ): 2154784.0,
    (
        "final_kernel",
        0,
        "total_dram_writes",
    ): 814.0,
    (
        "final_kernel",
        0,
        "l2_cache_read_hit",
    ): 1024.0,
    (
        "final_kernel",
        0,
        "total_core_cache_write_hit",
    ): 0.0,
    (
        "final_kernel",
        0,
        "gpu_tot_sim_cycle",
    ): 79586.0,
    (
        "final_kernel",
        0,
        "gpu_ipc",
    ): 1019.8999,
    (
        "final_kernel",
        0,
        "l2_cache_read_total",
    ): 1024.0,
    (
        "final_kernel",
        0,
        "const_cache_read_total",
    ): 20.0,
    (
        "final_kernel",
        0,
        "total_dram_reads",
    ): 880.0,
    (
        "final_kernel",
        0,
        "total_core_cache_read_hit",
    ): 0.0,
    (
        "final_kernel",
        0,
        "gpgpu_simulation_time_sec",
    ): 104.0,
    (
        "final_kernel",
        0,
        "total_core_cache_read_mshr_hit",
    ): 0.0,
    (
        "final_kernel",
        0,
        "gpu_tot_ipc",
    ): 838.9464,
}
done in 30.406413ms: 533.51 KiB parsed (16.00 EiB/s)
