options: Options {
    input: "/benchrun/accelsim-ptx/cuda10-matrixmul/sm86_a6000/input-wa128-ha128-wb128-hb128/results/log.txt",
    output: "/benchrun/accelsim-ptx/cuda10-matrixmul/sm86_a6000/input-wa128-ha128-wb128-hb128/results/stats.csv",
    per_kernel: false,
    kernel_instance: false,
    configs_as_rows: false,
    config_list: None,
    benchmark_list: None,
    sim_name: None,
    strict: false,
}
GPGPU-sim version: Some("gpgpu-sim_git-commit-13c67115070dc2f0876254a790d0238073ca364a_modified_0.0")
stats: {
    (
        "final_kernel",
        0,
        "gpgpu_simulation_time_sec",
    ): 44.0,
    (
        "final_kernel",
        0,
        "l2_cache_write_total",
    ): 2048.0,
    (
        "final_kernel",
        0,
        "l2_cache_read_hit",
    ): 16384.0,
    (
        "final_kernel",
        0,
        "total_dram_writes",
    ): 0.0,
    (
        "final_kernel",
        0,
        "gpgpu_n_tot_w_icount",
    ): 251904.0,
    (
        "final_kernel",
        0,
        "total_core_cache_read_total",
    ): 16384.0,
    (
        "final_kernel",
        0,
        "total_core_cache_read_mshr_hit",
    ): 0.0,
    (
        "final_kernel",
        0,
        "l2_bandwidth_gbps",
    ): 40.9096,
    (
        "final_kernel",
        0,
        "gpgpu_silicon_slowdown",
    ): 3051948.0,
    (
        "final_kernel",
        0,
        "gpu_ipc",
    ): 394.9117,
    (
        "final_kernel",
        0,
        "kernel_launch_uid",
    ): 1.0,
    (
        "final_kernel",
        0,
        "total_core_cache_read_hit",
    ): 0.0,
    (
        "final_kernel",
        0,
        "gpu_total_instructions",
    ): 8028160.0,
    (
        "final_kernel",
        0,
        "total_core_cache_write_total",
    ): 2048.0,
    (
        "final_kernel",
        0,
        "total_core_cache_write_hit",
    ): 0.0,
    (
        "final_kernel",
        0,
        "gpu_tot_sim_cycle",
    ): 20329.0,
    (
        "final_kernel",
        0,
        "l2_cache_write_miss",
    ): 512.0,
    (
        "final_kernel",
        0,
        "l2_cache_write_hit",
    ): 0.0,
    (
        "final_kernel",
        0,
        "l2_cache_read_miss",
    ): 0.0,
    (
        "final_kernel",
        0,
        "gpgpu_simulation_rate",
    ): 462.0,
    (
        "final_kernel",
        0,
        "total_dram_reads",
    ): 0.0,
    (
        "final_kernel",
        0,
        "gpu_tot_ipc",
    ): 394.9117,
    (
        "final_kernel",
        0,
        "l2_cache_read_total",
    ): 16384.0,
    (
        "final_kernel",
        0,
        "gpu_occupancy",
    ): 66.5103,
}
done in 16.740658ms: 95.02 KiB parsed (16.00 EiB/s)
