options: Options {
    input: "/benchrun/accelsim-ptx/cuda10-transpose/sm86_rtx3070/input-repeat1-dimx64-dimy64/results/log.txt",
    output: "/benchrun/accelsim-ptx/cuda10-transpose/sm86_rtx3070/input-repeat1-dimx64-dimy64/results/stats.csv",
    per_kernel: false,
    kernel_instance: false,
    configs_as_rows: false,
    config_list: None,
    benchmark_list: None,
    sim_name: None,
    strict: false,
}
GPGPU-sim version: Some("gpgpu-sim_git-commit-13c67115070dc2f0876254a790d0238073ca364a_modified_0.0")
stats: {
    (
        "final_kernel",
        0,
        "l2_cache_read_total",
    ): 8192.0,
    (
        "final_kernel",
        0,
        "gpgpu_simulation_time_sec",
    ): 36.0,
    (
        "final_kernel",
        0,
        "total_core_cache_read_mshr_hit",
    ): 0.0,
    (
        "final_kernel",
        0,
        "gpu_occupancy",
    ): 16.3217,
    (
        "final_kernel",
        0,
        "gpu_tot_ipc",
    ): 22.6548,
    (
        "final_kernel",
        0,
        "gpu_total_instructions",
    ): 2072576.0,
    (
        "final_kernel",
        0,
        "total_dram_writes",
    ): 0.0,
    (
        "final_kernel",
        0,
        "kernel_launch_uid",
    ): 16.0,
    (
        "final_kernel",
        0,
        "gpgpu_n_tot_w_icount",
    ): 65280.0,
    (
        "final_kernel",
        0,
        "gpgpu_simulation_rate",
    ): 2541.0,
    (
        "final_kernel",
        0,
        "l2_cache_write_hit",
    ): 10752.0,
    (
        "final_kernel",
        0,
        "total_core_cache_read_hit",
    ): 0.0,
    (
        "final_kernel",
        0,
        "gpu_ipc",
    ): 29.1556,
    (
        "final_kernel",
        0,
        "total_core_cache_write_total",
    ): 11264.0,
    (
        "final_kernel",
        0,
        "l2_cache_write_total",
    ): 11264.0,
    (
        "final_kernel",
        0,
        "total_core_cache_write_hit",
    ): 3072.0,
    (
        "final_kernel",
        0,
        "l2_cache_write_miss",
    ): 128.0,
    (
        "final_kernel",
        0,
        "l2_cache_read_miss",
    ): 0.0,
    (
        "final_kernel",
        0,
        "l2_cache_read_hit",
    ): 8192.0,
    (
        "final_kernel",
        0,
        "total_core_cache_read_total",
    ): 8192.0,
    (
        "final_kernel",
        0,
        "l2_bandwidth_gbps",
    ): 6.4398,
    (
        "final_kernel",
        0,
        "gpu_tot_sim_cycle",
    ): 91485.0,
    (
        "final_kernel",
        0,
        "gpgpu_silicon_slowdown",
    ): 445493.0,
    (
        "final_kernel",
        0,
        "total_dram_reads",
    ): 0.0,
}
done in 52.676669ms: 1.16 MiB parsed (16.00 EiB/s)
