Arguments: macsim --out=/benchrun/macsim/vectoradd/sm6_gtx1080/input-1000/results/stats 
src/macsim.cc:122: (I=0  C=0):  initialize knobs
number of cores : 20
src/macsim.cc:537: (I=0  C=0):  initialize simulation
src/macsim.cc:323: (I=0  C=0):  initialize cores (0/0/20)
src/memory.cc:1568: (I=0  C=0):  Memory system(l2_decoupled_network) has been initialized.
src/network_simple.cc:92: (I=0  C=0):  TOTAL_ROUTER:35 CPU:0 GPU:20 L3:1 LLC:6 MC:8
enabling bug detector
src/macsim.cc:750: (I=0  C=0):  Initializing new noc

src/macsim.cc:838: (I=0  C=0):  Clock LCM           : 12528
src/macsim.cc:839: (I=0  C=0):  CPU clock frequency : 1 GHz
src/macsim.cc:840: (I=0  C=0):  GPU clock frequency : 1.607 GHz
src/macsim.cc:841: (I=0  C=0):  LLC clock frequency : 1.607 GHz
src/macsim.cc:842: (I=0  C=0):  NOC clock frequency : 2.962 GHz
src/macsim.cc:843: (I=0  C=0):  MC  clock frequency : 2.75 GHz
src/process_manager.cc:434: (I=0  C=0):  setup_process:0 /benchrun/macsim/vectoradd/sm6_gtx1080/input-1000/results/traces/_Z6vecAddPdS_S_i_0/Trace.txt current_index:0 (1)
trace:/benchrun/macsim/vectoradd/sm6_gtx1080/input-1000/results/traces/_Z6vecAddPdS_S_i_0/Trace.txt is opened 
src/process_manager.cc:541: (I=0  C=0):  thread_count:32
**Core 00 Thread 30 Finished:   insts:24          cycles:1686       (1319355)  seconds:1     -- 0.01 IPC (0.01 IPC) --  N/A  KHz (0.02 KHz) 
**Core 00 Thread 00 Finished:   insts:24          cycles:1688       (1320921)  seconds:1     -- 0.01 IPC (0.01 IPC) --  N/A  KHz (0.02 KHz) 
**Core 00 Thread 03 Finished:   insts:24          cycles:1702       (1331883)  seconds:1     -- 0.01 IPC (0.01 IPC) --  N/A  KHz (0.02 KHz) 
**Core 00 Thread 31 Finished:   insts:24          cycles:1721       (1346760)  seconds:1     -- 0.01 IPC (0.01 IPC) --  N/A  KHz (0.02 KHz) 
**Core 00 Thread 01 Finished:   insts:24          cycles:1730       (1353807)  seconds:1     -- 0.01 IPC (0.01 IPC) --  N/A  KHz (0.02 KHz) 
**Core 00 Thread 11 Finished:   insts:24          cycles:1760       (1377297)  seconds:1     -- 0.01 IPC (0.01 IPC) --  N/A  KHz (0.02 KHz) 
**Core 00 Thread 19 Finished:   insts:24          cycles:1787       (1398438)  seconds:1     -- 0.01 IPC (0.01 IPC) --  N/A  KHz (0.02 KHz) 
**Core 00 Thread 04 Finished:   insts:24          cycles:1797       (1406268)  seconds:1     -- 0.01 IPC (0.01 IPC) --  N/A  KHz (0.02 KHz) 
**Core 00 Thread 27 Finished:   insts:24          cycles:1815       (1420362)  seconds:1     -- 0.01 IPC (0.01 IPC) --  N/A  KHz (0.02 KHz) 
**Core 00 Thread 02 Finished:   insts:24          cycles:1825       (1428192)  seconds:1     -- 0.01 IPC (0.01 IPC) --  N/A  KHz (0.02 KHz) 
**Core 00 Thread 12 Finished:   insts:24          cycles:1853       (1450116)  seconds:1     -- 0.01 IPC (0.01 IPC) --  N/A  KHz (0.02 KHz) 
**Core 00 Thread 23 Finished:   insts:24          cycles:1872       (1464993)  seconds:1     -- 0.01 IPC (0.01 IPC) --  N/A  KHz (0.02 KHz) 
**Core 00 Thread 06 Finished:   insts:24          cycles:1882       (1472823)  seconds:1     -- 0.01 IPC (0.01 IPC) --  N/A  KHz (0.02 KHz) 
**Core 00 Thread 28 Finished:   insts:24          cycles:1901       (1487700)  seconds:1     -- 0.01 IPC (0.01 IPC) --  N/A  KHz (0.02 KHz) 
**Core 00 Thread 16 Finished:   insts:24          cycles:1930       (1510407)  seconds:1     -- 0.01 IPC (0.01 IPC) --  N/A  KHz (0.02 KHz) 
**Core 00 Thread 20 Finished:   insts:24          cycles:1948       (1524501)  seconds:1     -- 0.01 IPC (0.01 IPC) --  N/A  KHz (0.02 KHz) 
**Core 00 Thread 07 Finished:   insts:24          cycles:1958       (1532331)  seconds:1     -- 0.01 IPC (0.01 IPC) --  N/A  KHz (0.02 KHz) 
**Core 00 Thread 29 Finished:   insts:24          cycles:1977       (1547208)  seconds:1     -- 0.01 IPC (0.01 IPC) --  N/A  KHz (0.02 KHz) 
**Core 00 Thread 18 Finished:   insts:24          cycles:2005       (1569132)  seconds:1     -- 0.01 IPC (0.01 IPC) --  N/A  KHz (0.02 KHz) 
**Core 00 Thread 25 Finished:   insts:24          cycles:2015       (1576962)  seconds:1     -- 0.01 IPC (0.01 IPC) --  N/A  KHz (0.02 KHz) 
**Core 00 Thread 08 Finished:   insts:24          cycles:2024       (1584009)  seconds:1     -- 0.01 IPC (0.01 IPC) --  N/A  KHz (0.02 KHz) 
**Core 00 Thread 15 Finished:   insts:24          cycles:2062       (1613763)  seconds:1     -- 0.01 IPC (0.01 IPC) --  N/A  KHz (0.02 KHz) 
**Core 00 Thread 24 Finished:   insts:24          cycles:2071       (1620810)  seconds:1     -- 0.01 IPC (0.01 IPC) --  N/A  KHz (0.02 KHz) 
**Core 00 Thread 09 Finished:   insts:24          cycles:2081       (1628640)  seconds:1     -- 0.01 IPC (0.01 IPC) --  N/A  KHz (0.02 KHz) 
**Core 00 Thread 17 Finished:   insts:24          cycles:2119       (1658394)  seconds:1     -- 0.01 IPC (0.01 IPC) --  N/A  KHz (0.02 KHz) 
**Core 00 Thread 26 Finished:   insts:24          cycles:2128       (1665441)  seconds:1     -- 0.01 IPC (0.01 IPC) --  N/A  KHz (0.02 KHz) 
**Core 00 Thread 10 Finished:   insts:24          cycles:2138       (1673271)  seconds:1     -- 0.01 IPC (0.01 IPC) --  N/A  KHz (0.02 KHz) 
**Core 00 Thread 14 Finished:   insts:24          cycles:2176       (1703025)  seconds:1     -- 0.01 IPC (0.01 IPC) --  N/A  KHz (0.02 KHz) 
**Core 00 Thread 22 Finished:   insts:24          cycles:2186       (1710855)  seconds:1     -- 0.01 IPC (0.01 IPC) --  N/A  KHz (0.02 KHz) 
**Core 00 Thread 05 Finished:   insts:24          cycles:2195       (1717902)  seconds:1     -- 0.01 IPC (0.01 IPC) --  N/A  KHz (0.02 KHz) 
**Core 00 Thread 13 Finished:   insts:24          cycles:2223       (1739826)  seconds:1     -- 0.01 IPC (0.01 IPC) --  N/A  KHz (0.02 KHz) 
**Core 00 Thread 21 Finished:   insts:24          cycles:2233       (1747656)  seconds:2     -- 0.01 IPC (0.01 IPC) --  N/A  KHz (0.01 KHz) 
src/retire.cc:566: (I=24  C=1747656):  ----- application 0 terminated (/benchrun/macsim/vectoradd/sm6_gtx1080/input-1000/results/traces/_Z6vecAddPdS_S_i_0/Trace.txt,0) at 1747656
**Core 00 Core_Total  Finished:   insts:768         cycles:2233       (1747656) seconds:2     -- 0.34 IPC (0.34 IPC) --  N/A  KHz (0.38 KHz)
src/macsim.cc:620: (I=24  C=1747657):  finalize simulation
src/macsim.cc:627: (I=24  C=1747657):  elapsed time:1.3 seconds
Done
