options: Options {
    input: "/benchrun/accelsim-sass/sm6_gtx1080/cuda4-matrixmul/input-512/results/log.txt",
    output: "/benchrun/accelsim-sass/sm6_gtx1080/cuda4-matrixmul/input-512/results/stats.csv",
    per_kernel: false,
    kernel_instance: false,
    configs_as_rows: false,
    config_list: None,
    benchmark_list: None,
    sim_name: None,
    strict: false,
}
GPGPU-sim version: Some("accelsim-commit-e02c99dbadefc0b9dc95317100be2a446eec142c_modified_0.0")
stats: {
    (
        "final_kernel",
        0,
        "gpu_ipc",
    ): 963.6548,
    (
        "final_kernel",
        0,
        "l2_cache_write_hit",
    ): 0.0,
    (
        "final_kernel",
        0,
        "total_core_cache_read_mshr_hit",
    ): 0.0,
    (
        "final_kernel",
        0,
        "kernel_launch_uid",
    ): 1.0,
    (
        "final_kernel",
        0,
        "total_core_cache_read_hit",
    ): 0.0,
    (
        "final_kernel",
        0,
        "gpgpu_simulation_rate",
    ): 1305.0,
    (
        "final_kernel",
        0,
        "l2_cache_read_miss",
    ): 16384.0,
    (
        "final_kernel",
        0,
        "gpu_total_instructions",
    ): 397410304.0,
    (
        "final_kernel",
        0,
        "total_dram_reads",
    ): 98352.0,
    (
        "final_kernel",
        0,
        "l2_cache_read_total",
    ): 262144.0,
    (
        "final_kernel",
        0,
        "total_dram_writes",
    ): 32768.0,
    (
        "final_kernel",
        0,
        "gpgpu_simulation_time_sec",
    ): 316.0,
    (
        "final_kernel",
        0,
        "l2_cache_read_hit",
    ): 243871.0,
    (
        "final_kernel",
        0,
        "l2_bandwidth_gbps",
    ): 33.7394,
    (
        "final_kernel",
        0,
        "gpgpu_silicon_slowdown",
    ): 1231417.0,
    (
        "final_kernel",
        0,
        "gpu_occupancy",
    ): 96.1181,
    (
        "final_kernel",
        0,
        "gpu_tot_ipc",
    ): 963.6548,
    (
        "final_kernel",
        0,
        "total_core_cache_write_hit",
    ): 0.0,
    (
        "final_kernel",
        0,
        "gpu_tot_sim_cycle",
    ): 412399.0,
    (
        "final_kernel",
        0,
        "l2_cache_write_total",
    ): 8192.0,
    (
        "final_kernel",
        0,
        "l2_cache_write_miss",
    ): 8192.0,
    (
        "final_kernel",
        0,
        "gpgpu_n_tot_w_icount",
    ): 12435456.0,
}
done in 22.585785ms: 82.34 KiB parsed (16.00 EiB/s)
