options: Options {
    input: "/benchrun/tejas/cuda6-transpose/sm6_gtx1080/input-repeat3-dimx32-dimy32/results/stats.txt",
    output: "/benchrun/tejas/cuda6-transpose/sm6_gtx1080/input-repeat3-dimx32-dimy32/results/stats.csv",
}
stats: Stats {
    emulator_type: Some(
        "OCELOT",
    ),
    created: None,
    sim_time: Some(
        33.469s,
    ),
    total_inst_count: Some(
        4608,
    ),
    total_cycle_count: Some(
        19032,
    ),
    dram_total_reads: 0,
    dram_total_writes: 0,
    dram_avg_read_latency: Some(
        0.0,
    ),
    total_instr_cache_access: Some(
        0,
    ),
    total_const_cache_access: Some(
        0,
    ),
    total_shared_cache_access: Some(
        0,
    ),
    total_instr_cache_misses: Some(
        4,
    ),
    total_const_cache_misses: Some(
        68,
    ),
    total_shared_cache_misses: Some(
        0,
    ),
    kips: Some(
        0.1376796438495324,
    ),
    total_ipc: Some(
        0.2421185372005044,
    ),
}
done after 21.322483ms
