(0.000409) CudaRuntime.cpp:3813: Adding external function 'malloc'
(0.000449) CudaRuntime.cpp:3813: Adding external function 'free'
(0.000455) CudaRuntime.cpp:3813: Adding external function 'vprintf'
(0.000461) CudaRuntime.cpp:3813: Adding external function 'cudaGetParameterBuffer'
(0.000495) CudaRuntime.cpp:595:  Loading module (fatbin) - transposeTejas.cu
(0.000502) CudaRuntime.cpp:738:  Registered kernel - _Z22transposeCoarseGrainedPfS_ii in module 'transposeTejas.cu'
(0.000511) CudaRuntime.cpp:738:  Registered kernel - _Z20transposeFineGrainedPfS_ii in module 'transposeTejas.cu'
(0.000517) CudaRuntime.cpp:738:  Registered kernel - _Z17transposeDiagonalPfS_ii in module 'transposeTejas.cu'
(0.000522) CudaRuntime.cpp:738:  Registered kernel - _Z24transposeNoBankConflictsPfS_ii in module 'transposeTejas.cu'
(0.000527) CudaRuntime.cpp:738:  Registered kernel - _Z18transposeCoalescedPfS_ii in module 'transposeTejas.cu'
(0.000532) CudaRuntime.cpp:738:  Registered kernel - _Z14transposeNaivePfS_ii in module 'transposeTejas.cu'
(0.000537) CudaRuntime.cpp:738:  Registered kernel - _Z13copySharedMemPfS_ii in module 'transposeTejas.cu'
(0.000542) CudaRuntime.cpp:738:  Registered kernel - _Z4copyPfS_ii in module 'transposeTejas.cu'
Transpose Starting...

(0.000585) CudaRuntime.cpp:446:  Creating new context for thread 0x1b91ec0
(0.000604) CudaRuntime.cpp:276:  Creating devices.
(0.000703) CudaRuntime.cpp:288:   - Added 1 emulator devices.
(0.000777) CudaRuntime.cpp:2203: cuda::CudaRuntime::cudaGetDeviceProperties(dev = 0) - major: 2, minor: 1
(0.000787) CudaRuntime.cpp:2241:   returning: prop->major = 2, prop->minor = 1
(0.000993) CudaRuntime.cpp:276:  Creating devices.
(0.001049) CudaRuntime.cpp:288:   - Added 1 emulator devices.
(0.001084) CudaRuntime.cpp:2203: cuda::CudaRuntime::cudaGetDeviceProperties(dev = 0) - major: 2, minor: 1
(0.001090) CudaRuntime.cpp:2241:   returning: prop->major = 2, prop->minor = 1
(0.001179) CudaRuntime.cpp:2289: Setting device for thread 0x1b91ec0 to 0
(0.001187) CudaRuntime.cpp:276:  Creating devices.
(0.001232) CudaRuntime.cpp:288:   - Added 1 emulator devices.
(0.001271) CudaRuntime.cpp:2203: cuda::CudaRuntime::cudaGetDeviceProperties(dev = 0) - major: 2, minor: 1
(0.001277) CudaRuntime.cpp:2241:   returning: prop->major = 2, prop->minor = 1
GPU Device 0: "Ocelot PTX Emulator" with compute capability 2.1

(0.001326) CudaRuntime.cpp:276:  Creating devices.
(0.001370) CudaRuntime.cpp:288:   - Added 1 emulator devices.
(0.001399) CudaRuntime.cpp:2203: cuda::CudaRuntime::cudaGetDeviceProperties(dev = 0) - major: 2, minor: 1
(0.001405) CudaRuntime.cpp:2241:   returning: prop->major = 2, prop->minor = 1
> Device 0: "Ocelot PTX Emulator"
> SM Capability 2.1 detected:
> [Ocelot PTX Emulator] has 1 MP(s) x 48 (Cores/MP) = 48 (Cores)
> Compute performance scaling factor = 4.00
> MatrixSize X = 32
> MatrixSize Y = 32
(0.001464) CudaRuntime.cpp:276:  Creating devices.
(0.001509) CudaRuntime.cpp:288:   - Added 1 emulator devices.
(0.001567) CudaRuntime.cpp:787:  cudaMalloc( *devPtr = 0x1b98a00, size = 4096)
(0.001582) CudaRuntime.cpp:787:  cudaMalloc( *devPtr = 0x1b99b00, size = 4096)
(0.001599) CudaRuntime.cpp:1131: cudaMemcpy(0x1b98a00, 0x1b957e0, 4096)
(0.001605) CudaRuntime.cpp:251:    _memcpy(0x1b98a00, 0x1b957e0, 4096 bytes) h-to-d

Matrix size: 32x32 (2x2 tiles), tile size: 16x16, block size: 16x16

(0.001632) CudaRuntime.cpp:2609: cudaConfigureCall()
(0.001638) CudaRuntime.cpp:2631: cudaSetupArgument() - offset 0, size 8
(0.001644) CudaRuntime.cpp:2631: cudaSetupArgument() - offset 8, size 8
(0.001650) CudaRuntime.cpp:2631: cudaSetupArgument() - offset 16, size 4
(0.001655) CudaRuntime.cpp:2631: cudaSetupArgument() - offset 20, size 4
(0.008752) CudaRuntime.cpp:142:  Mapping parameter at offset 0 of size 8 to offset 0 of size 8
   data = 0x00 0x9b 0xb9 0x01 0x00 0x00 0x00 0x00 
(0.008765) CudaRuntime.cpp:142:  Mapping parameter at offset 8 of size 8 to offset 8 of size 8
   data = 0x00 0x8a 0xb9 0x01 0x00 0x00 0x00 0x00 
(0.008773) CudaRuntime.cpp:142:  Mapping parameter at offset 16 of size 4 to offset 16 of size 4
   data = 0x20 0x00 0x00 0x00 
(0.008788) CudaRuntime.cpp:142:  Mapping parameter at offset 20 of size 4 to offset 20 of size 4
   data = 0x20 0x00 0x00 0x00 
(0.008793) CudaRuntime.cpp:2685: kernel launch (_Z4copyPfS_ii) on thread 0x1b91ec0
(0.008808) CudaRuntime.cpp:2706:  launch completed successfully
(0.015576) CudaRuntime.cpp:2609: cudaConfigureCall()
(0.015581) CudaRuntime.cpp:2631: cudaSetupArgument() - offset 0, size 8
(0.015584) CudaRuntime.cpp:2631: cudaSetupArgument() - offset 8, size 8
(0.015588) CudaRuntime.cpp:2631: cudaSetupArgument() - offset 16, size 4
(0.015591) CudaRuntime.cpp:2631: cudaSetupArgument() - offset 20, size 4
(0.015600) CudaRuntime.cpp:142:  Mapping parameter at offset 0 of size 8 to offset 0 of size 8
   data = 0x00 0x9b 0xb9 0x01 0x00 0x00 0x00 0x00 
(0.015605) CudaRuntime.cpp:142:  Mapping parameter at offset 8 of size 8 to offset 8 of size 8
   data = 0x00 0x8a 0xb9 0x01 0x00 0x00 0x00 0x00 
(0.015609) CudaRuntime.cpp:142:  Mapping parameter at offset 16 of size 4 to offset 16 of size 4
   data = 0x20 0x00 0x00 0x00 
(0.015614) CudaRuntime.cpp:142:  Mapping parameter at offset 20 of size 4 to offset 20 of size 4
   data = 0x20 0x00 0x00 0x00 
(0.015617) CudaRuntime.cpp:2685: kernel launch (_Z4copyPfS_ii) on thread 0x1b91ec0
(0.015624) CudaRuntime.cpp:2706:  launch completed successfully
(0.020852) CudaRuntime.cpp:2609: cudaConfigureCall()
(0.020862) CudaRuntime.cpp:2631: cudaSetupArgument() - offset 0, size 8
(0.020867) CudaRuntime.cpp:2631: cudaSetupArgument() - offset 8, size 8
(0.020872) CudaRuntime.cpp:2631: cudaSetupArgument() - offset 16, size 4
(0.020877) CudaRuntime.cpp:2631: cudaSetupArgument() - offset 20, size 4
(0.020891) CudaRuntime.cpp:142:  Mapping parameter at offset 0 of size 8 to offset 0 of size 8
   data = 0x00 0x9b 0xb9 0x01 0x00 0x00 0x00 0x00 
(0.020899) CudaRuntime.cpp:142:  Mapping parameter at offset 8 of size 8 to offset 8 of size 8
   data = 0x00 0x8a 0xb9 0x01 0x00 0x00 0x00 0x00 
(0.020905) CudaRuntime.cpp:142:  Mapping parameter at offset 16 of size 4 to offset 16 of size 4
   data = 0x20 0x00 0x00 0x00 
(0.020912) CudaRuntime.cpp:142:  Mapping parameter at offset 20 of size 4 to offset 20 of size 4
   data = 0x20 0x00 0x00 0x00 
(0.020918) CudaRuntime.cpp:2685: kernel launch (_Z4copyPfS_ii) on thread 0x1b91ec0
(0.020929) CudaRuntime.cpp:2706:  launch completed successfully
(0.024697) CudaRuntime.cpp:2609: cudaConfigureCall()
(0.024707) CudaRuntime.cpp:2631: cudaSetupArgument() - offset 0, size 8
(0.024713) CudaRuntime.cpp:2631: cudaSetupArgument() - offset 8, size 8
(0.024718) CudaRuntime.cpp:2631: cudaSetupArgument() - offset 16, size 4
(0.024723) CudaRuntime.cpp:2631: cudaSetupArgument() - offset 20, size 4
(0.024736) CudaRuntime.cpp:142:  Mapping parameter at offset 0 of size 8 to offset 0 of size 8
   data = 0x00 0x9b 0xb9 0x01 0x00 0x00 0x00 0x00 
(0.024744) CudaRuntime.cpp:142:  Mapping parameter at offset 8 of size 8 to offset 8 of size 8
   data = 0x00 0x8a 0xb9 0x01 0x00 0x00 0x00 0x00 
(0.024751) CudaRuntime.cpp:142:  Mapping parameter at offset 16 of size 4 to offset 16 of size 4
   data = 0x20 0x00 0x00 0x00 
(0.024757) CudaRuntime.cpp:142:  Mapping parameter at offset 20 of size 4 to offset 20 of size 4
   data = 0x20 0x00 0x00 0x00 
(0.024763) CudaRuntime.cpp:2685: kernel launch (_Z4copyPfS_ii) on thread 0x1b91ec0
(0.024774) CudaRuntime.cpp:2706:  launch completed successfully
(0.028435) CudaRuntime.cpp:1131: cudaMemcpy(0x1b967f0, 0x1b99b00, 4096)
(0.028445) CudaRuntime.cpp:215:    _memcpy(0x1b967f0, 0x1b99b00, 4096 bytes) d-to-h
(0.028461) CudaRuntime.cpp:1131: cudaMemcpy(0x1b967f0, 0x1b99b00, 4096)
(0.028466) CudaRuntime.cpp:215:    _memcpy(0x1b967f0, 0x1b99b00, 4096 bytes) d-to-h
transpose simple copy       , Throughput = 0.0018 GB/s, Time = 4.28239 ms, Size = 1024 fp32 elements, NumDevsUsed = 1, Workgroup = 256
(0.028482) CudaRuntime.cpp:2609: cudaConfigureCall()
(0.028488) CudaRuntime.cpp:2631: cudaSetupArgument() - offset 0, size 8
(0.028493) CudaRuntime.cpp:2631: cudaSetupArgument() - offset 8, size 8
(0.028498) CudaRuntime.cpp:2631: cudaSetupArgument() - offset 16, size 4
(0.028512) CudaRuntime.cpp:2631: cudaSetupArgument() - offset 20, size 4
(0.028526) CudaRuntime.cpp:142:  Mapping parameter at offset 0 of size 8 to offset 0 of size 8
   data = 0x00 0x9b 0xb9 0x01 0x00 0x00 0x00 0x00 
(0.028533) CudaRuntime.cpp:142:  Mapping parameter at offset 8 of size 8 to offset 8 of size 8
   data = 0x00 0x8a 0xb9 0x01 0x00 0x00 0x00 0x00 
(0.028540) CudaRuntime.cpp:142:  Mapping parameter at offset 16 of size 4 to offset 16 of size 4
   data = 0x20 0x00 0x00 0x00 
(0.028546) CudaRuntime.cpp:142:  Mapping parameter at offset 20 of size 4 to offset 20 of size 4
   data = 0x20 0x00 0x00 0x00 
(0.028552) CudaRuntime.cpp:2685: kernel launch (_Z13copySharedMemPfS_ii) on thread 0x1b91ec0
(0.028563) CudaRuntime.cpp:2706:  launch completed successfully
(0.034183) CudaRuntime.cpp:2609: cudaConfigureCall()
(0.034195) CudaRuntime.cpp:2631: cudaSetupArgument() - offset 0, size 8
(0.034202) CudaRuntime.cpp:2631: cudaSetupArgument() - offset 8, size 8
(0.034209) CudaRuntime.cpp:2631: cudaSetupArgument() - offset 16, size 4
(0.034215) CudaRuntime.cpp:2631: cudaSetupArgument() - offset 20, size 4
(0.034233) CudaRuntime.cpp:142:  Mapping parameter at offset 0 of size 8 to offset 0 of size 8
   data = 0x00 0x9b 0xb9 0x01 0x00 0x00 0x00 0x00 
(0.034243) CudaRuntime.cpp:142:  Mapping parameter at offset 8 of size 8 to offset 8 of size 8
   data = 0x00 0x8a 0xb9 0x01 0x00 0x00 0x00 0x00 
(0.034252) CudaRuntime.cpp:142:  Mapping parameter at offset 16 of size 4 to offset 16 of size 4
   data = 0x20 0x00 0x00 0x00 
(0.034261) CudaRuntime.cpp:142:  Mapping parameter at offset 20 of size 4 to offset 20 of size 4
   data = 0x20 0x00 0x00 0x00 
(0.034268) CudaRuntime.cpp:2685: kernel launch (_Z13copySharedMemPfS_ii) on thread 0x1b91ec0
(0.034284) CudaRuntime.cpp:2706:  launch completed successfully
(0.045240) CudaRuntime.cpp:2609: cudaConfigureCall()
(0.045257) CudaRuntime.cpp:2631: cudaSetupArgument() - offset 0, size 8
(0.045266) CudaRuntime.cpp:2631: cudaSetupArgument() - offset 8, size 8
(0.045275) CudaRuntime.cpp:2631: cudaSetupArgument() - offset 16, size 4
(0.045283) CudaRuntime.cpp:2631: cudaSetupArgument() - offset 20, size 4
(0.045307) CudaRuntime.cpp:142:  Mapping parameter at offset 0 of size 8 to offset 0 of size 8
   data = 0x00 0x9b 0xb9 0x01 0x00 0x00 0x00 0x00 
(0.045320) CudaRuntime.cpp:142:  Mapping parameter at offset 8 of size 8 to offset 8 of size 8
   data = 0x00 0x8a 0xb9 0x01 0x00 0x00 0x00 0x00 
(0.045332) CudaRuntime.cpp:142:  Mapping parameter at offset 16 of size 4 to offset 16 of size 4
   data = 0x20 0x00 0x00 0x00 
(0.045343) CudaRuntime.cpp:142:  Mapping parameter at offset 20 of size 4 to offset 20 of size 4
   data = 0x20 0x00 0x00 0x00 
(0.045352) CudaRuntime.cpp:2685: kernel launch (_Z13copySharedMemPfS_ii) on thread 0x1b91ec0
(0.045372) CudaRuntime.cpp:2706:  launch completed successfully
(0.048387) CudaRuntime.cpp:2609: cudaConfigureCall()
(0.048402) CudaRuntime.cpp:2631: cudaSetupArgument() - offset 0, size 8
(0.048411) CudaRuntime.cpp:2631: cudaSetupArgument() - offset 8, size 8
(0.048418) CudaRuntime.cpp:2631: cudaSetupArgument() - offset 16, size 4
(0.048426) CudaRuntime.cpp:2631: cudaSetupArgument() - offset 20, size 4
(0.048447) CudaRuntime.cpp:142:  Mapping parameter at offset 0 of size 8 to offset 0 of size 8
   data = 0x00 0x9b 0xb9 0x01 0x00 0x00 0x00 0x00 
(0.048460) CudaRuntime.cpp:142:  Mapping parameter at offset 8 of size 8 to offset 8 of size 8
   data = 0x00 0x8a 0xb9 0x01 0x00 0x00 0x00 0x00 
(0.048470) CudaRuntime.cpp:142:  Mapping parameter at offset 16 of size 4 to offset 16 of size 4
   data = 0x20 0x00 0x00 0x00 
(0.048481) CudaRuntime.cpp:142:  Mapping parameter at offset 20 of size 4 to offset 20 of size 4
   data = 0x20 0x00 0x00 0x00 
(0.048490) CudaRuntime.cpp:2685: kernel launch (_Z13copySharedMemPfS_ii) on thread 0x1b91ec0
(0.048509) CudaRuntime.cpp:2706:  launch completed successfully
(0.051468) CudaRuntime.cpp:1131: cudaMemcpy(0x1b967f0, 0x1b99b00, 4096)
(0.051496) CudaRuntime.cpp:215:    _memcpy(0x1b967f0, 0x1b99b00, 4096 bytes) d-to-h
(0.051552) CudaRuntime.cpp:1131: cudaMemcpy(0x1b967f0, 0x1b99b00, 4096)
(0.051566) CudaRuntime.cpp:215:    _memcpy(0x1b967f0, 0x1b99b00, 4096 bytes) d-to-h
transpose shared memory copy, Throughput = 0.0013 GB/s, Time = 5.75590 ms, Size = 1024 fp32 elements, NumDevsUsed = 1, Workgroup = 256
(0.051594) CudaRuntime.cpp:2609: cudaConfigureCall()
(0.051602) CudaRuntime.cpp:2631: cudaSetupArgument() - offset 0, size 8
(0.051609) CudaRuntime.cpp:2631: cudaSetupArgument() - offset 8, size 8
(0.051617) CudaRuntime.cpp:2631: cudaSetupArgument() - offset 16, size 4
(0.051624) CudaRuntime.cpp:2631: cudaSetupArgument() - offset 20, size 4
(0.051642) CudaRuntime.cpp:142:  Mapping parameter at offset 0 of size 8 to offset 0 of size 8
   data = 0x00 0x9b 0xb9 0x01 0x00 0x00 0x00 0x00 
(0.051654) CudaRuntime.cpp:142:  Mapping parameter at offset 8 of size 8 to offset 8 of size 8
   data = 0x00 0x8a 0xb9 0x01 0x00 0x00 0x00 0x00 
(0.051664) CudaRuntime.cpp:142:  Mapping parameter at offset 16 of size 4 to offset 16 of size 4
   data = 0x20 0x00 0x00 0x00 
(0.051674) CudaRuntime.cpp:142:  Mapping parameter at offset 20 of size 4 to offset 20 of size 4
   data = 0x20 0x00 0x00 0x00 
(0.051682) CudaRuntime.cpp:2685: kernel launch (_Z14transposeNaivePfS_ii) on thread 0x1b91ec0
(0.051697) CudaRuntime.cpp:2706:  launch completed successfully
(0.053717) CudaRuntime.cpp:2609: cudaConfigureCall()
(0.053732) CudaRuntime.cpp:2631: cudaSetupArgument() - offset 0, size 8
(0.053741) CudaRuntime.cpp:2631: cudaSetupArgument() - offset 8, size 8
(0.053749) CudaRuntime.cpp:2631: cudaSetupArgument() - offset 16, size 4
(0.053756) CudaRuntime.cpp:2631: cudaSetupArgument() - offset 20, size 4
(0.053776) CudaRuntime.cpp:142:  Mapping parameter at offset 0 of size 8 to offset 0 of size 8
   data = 0x00 0x9b 0xb9 0x01 0x00 0x00 0x00 0x00 
(0.053788) CudaRuntime.cpp:142:  Mapping parameter at offset 8 of size 8 to offset 8 of size 8
   data = 0x00 0x8a 0xb9 0x01 0x00 0x00 0x00 0x00 
(0.053799) CudaRuntime.cpp:142:  Mapping parameter at offset 16 of size 4 to offset 16 of size 4
   data = 0x20 0x00 0x00 0x00 
(0.053810) CudaRuntime.cpp:142:  Mapping parameter at offset 20 of size 4 to offset 20 of size 4
   data = 0x20 0x00 0x00 0x00 
(0.053818) CudaRuntime.cpp:2685: kernel launch (_Z14transposeNaivePfS_ii) on thread 0x1b91ec0
(0.053838) CudaRuntime.cpp:2706:  launch completed successfully
(0.055828) CudaRuntime.cpp:2609: cudaConfigureCall()
(0.055844) CudaRuntime.cpp:2631: cudaSetupArgument() - offset 0, size 8
(0.055853) CudaRuntime.cpp:2631: cudaSetupArgument() - offset 8, size 8
(0.055860) CudaRuntime.cpp:2631: cudaSetupArgument() - offset 16, size 4
(0.055868) CudaRuntime.cpp:2631: cudaSetupArgument() - offset 20, size 4
(0.055888) CudaRuntime.cpp:142:  Mapping parameter at offset 0 of size 8 to offset 0 of size 8
   data = 0x00 0x9b 0xb9 0x01 0x00 0x00 0x00 0x00 
(0.055901) CudaRuntime.cpp:142:  Mapping parameter at offset 8 of size 8 to offset 8 of size 8
   data = 0x00 0x8a 0xb9 0x01 0x00 0x00 0x00 0x00 
(0.055911) CudaRuntime.cpp:142:  Mapping parameter at offset 16 of size 4 to offset 16 of size 4
   data = 0x20 0x00 0x00 0x00 
(0.055922) CudaRuntime.cpp:142:  Mapping parameter at offset 20 of size 4 to offset 20 of size 4
   data = 0x20 0x00 0x00 0x00 
(0.055930) CudaRuntime.cpp:2685: kernel launch (_Z14transposeNaivePfS_ii) on thread 0x1b91ec0
(0.055949) CudaRuntime.cpp:2706:  launch completed successfully
(0.057888) CudaRuntime.cpp:2609: cudaConfigureCall()
(0.057904) CudaRuntime.cpp:2631: cudaSetupArgument() - offset 0, size 8
(0.057912) CudaRuntime.cpp:2631: cudaSetupArgument() - offset 8, size 8
(0.057920) CudaRuntime.cpp:2631: cudaSetupArgument() - offset 16, size 4
(0.057928) CudaRuntime.cpp:2631: cudaSetupArgument() - offset 20, size 4
(0.057949) CudaRuntime.cpp:142:  Mapping parameter at offset 0 of size 8 to offset 0 of size 8
   data = 0x00 0x9b 0xb9 0x01 0x00 0x00 0x00 0x00 
(0.057961) CudaRuntime.cpp:142:  Mapping parameter at offset 8 of size 8 to offset 8 of size 8
   data = 0x00 0x8a 0xb9 0x01 0x00 0x00 0x00 0x00 
(0.057982) CudaRuntime.cpp:142:  Mapping parameter at offset 16 of size 4 to offset 16 of size 4
   data = 0x20 0x00 0x00 0x00 
(0.057993) CudaRuntime.cpp:142:  Mapping parameter at offset 20 of size 4 to offset 20 of size 4
   data = 0x20 0x00 0x00 0x00 
(0.058002) CudaRuntime.cpp:2685: kernel launch (_Z14transposeNaivePfS_ii) on thread 0x1b91ec0
(0.058019) CudaRuntime.cpp:2706:  launch completed successfully
(0.060003) CudaRuntime.cpp:1131: cudaMemcpy(0x1b967f0, 0x1b99b00, 4096)
(0.060019) CudaRuntime.cpp:215:    _memcpy(0x1b967f0, 0x1b99b00, 4096 bytes) d-to-h
(0.060043) CudaRuntime.cpp:1131: cudaMemcpy(0x1b967f0, 0x1b99b00, 4096)
(0.060050) CudaRuntime.cpp:215:    _memcpy(0x1b967f0, 0x1b99b00, 4096 bytes) d-to-h
transpose naive             , Throughput = 0.0036 GB/s, Time = 2.09435 ms, Size = 1024 fp32 elements, NumDevsUsed = 1, Workgroup = 256
(0.060077) CudaRuntime.cpp:2609: cudaConfigureCall()
(0.060085) CudaRuntime.cpp:2631: cudaSetupArgument() - offset 0, size 8
(0.060093) CudaRuntime.cpp:2631: cudaSetupArgument() - offset 8, size 8
(0.060101) CudaRuntime.cpp:2631: cudaSetupArgument() - offset 16, size 4
(0.060109) CudaRuntime.cpp:2631: cudaSetupArgument() - offset 20, size 4
(0.060130) CudaRuntime.cpp:142:  Mapping parameter at offset 0 of size 8 to offset 0 of size 8
   data = 0x00 0x9b 0xb9 0x01 0x00 0x00 0x00 0x00 
(0.060142) CudaRuntime.cpp:142:  Mapping parameter at offset 8 of size 8 to offset 8 of size 8
   data = 0x00 0x8a 0xb9 0x01 0x00 0x00 0x00 0x00 
(0.060153) CudaRuntime.cpp:142:  Mapping parameter at offset 16 of size 4 to offset 16 of size 4
   data = 0x20 0x00 0x00 0x00 
(0.060164) CudaRuntime.cpp:142:  Mapping parameter at offset 20 of size 4 to offset 20 of size 4
   data = 0x20 0x00 0x00 0x00 
(0.060172) CudaRuntime.cpp:2685: kernel launch (_Z18transposeCoalescedPfS_ii) on thread 0x1b91ec0
(0.060191) CudaRuntime.cpp:2706:  launch completed successfully
(0.063130) CudaRuntime.cpp:2609: cudaConfigureCall()
(0.063145) CudaRuntime.cpp:2631: cudaSetupArgument() - offset 0, size 8
(0.063154) CudaRuntime.cpp:2631: cudaSetupArgument() - offset 8, size 8
(0.063162) CudaRuntime.cpp:2631: cudaSetupArgument() - offset 16, size 4
(0.063182) CudaRuntime.cpp:2631: cudaSetupArgument() - offset 20, size 4
(0.063232) CudaRuntime.cpp:142:  Mapping parameter at offset 0 of size 8 to offset 0 of size 8
   data = 0x00 0x9b 0xb9 0x01 0x00 0x00 0x00 0x00 
(0.063271) CudaRuntime.cpp:142:  Mapping parameter at offset 8 of size 8 to offset 8 of size 8
   data = 0x00 0x8a 0xb9 0x01 0x00 0x00 0x00 0x00 
(0.063305) CudaRuntime.cpp:142:  Mapping parameter at offset 16 of size 4 to offset 16 of size 4
   data = 0x20 0x00 0x00 0x00 
(0.063339) CudaRuntime.cpp:142:  Mapping parameter at offset 20 of size 4 to offset 20 of size 4
   data = 0x20 0x00 0x00 0x00 
(0.063365) CudaRuntime.cpp:2685: kernel launch (_Z18transposeCoalescedPfS_ii) on thread 0x1b91ec0
(0.063399) CudaRuntime.cpp:2706:  launch completed successfully
(0.066199) CudaRuntime.cpp:2609: cudaConfigureCall()
(0.066209) CudaRuntime.cpp:2631: cudaSetupArgument() - offset 0, size 8
(0.066216) CudaRuntime.cpp:2631: cudaSetupArgument() - offset 8, size 8
(0.066223) CudaRuntime.cpp:2631: cudaSetupArgument() - offset 16, size 4
(0.066231) CudaRuntime.cpp:2631: cudaSetupArgument() - offset 20, size 4
(0.066248) CudaRuntime.cpp:142:  Mapping parameter at offset 0 of size 8 to offset 0 of size 8
   data = 0x00 0x9b 0xb9 0x01 0x00 0x00 0x00 0x00 
(0.066260) CudaRuntime.cpp:142:  Mapping parameter at offset 8 of size 8 to offset 8 of size 8
   data = 0x00 0x8a 0xb9 0x01 0x00 0x00 0x00 0x00 
(0.066270) CudaRuntime.cpp:142:  Mapping parameter at offset 16 of size 4 to offset 16 of size 4
   data = 0x20 0x00 0x00 0x00 
(0.066280) CudaRuntime.cpp:142:  Mapping parameter at offset 20 of size 4 to offset 20 of size 4
   data = 0x20 0x00 0x00 0x00 
(0.066288) CudaRuntime.cpp:2685: kernel launch (_Z18transposeCoalescedPfS_ii) on thread 0x1b91ec0
(0.066302) CudaRuntime.cpp:2706:  launch completed successfully
(0.069079) CudaRuntime.cpp:2609: cudaConfigureCall()
(0.069094) CudaRuntime.cpp:2631: cudaSetupArgument() - offset 0, size 8
(0.069114) CudaRuntime.cpp:2631: cudaSetupArgument() - offset 8, size 8
(0.069122) CudaRuntime.cpp:2631: cudaSetupArgument() - offset 16, size 4
(0.069130) CudaRuntime.cpp:2631: cudaSetupArgument() - offset 20, size 4
(0.069152) CudaRuntime.cpp:142:  Mapping parameter at offset 0 of size 8 to offset 0 of size 8
   data = 0x00 0x9b 0xb9 0x01 0x00 0x00 0x00 0x00 
(0.069165) CudaRuntime.cpp:142:  Mapping parameter at offset 8 of size 8 to offset 8 of size 8
   data = 0x00 0x8a 0xb9 0x01 0x00 0x00 0x00 0x00 
(0.069175) CudaRuntime.cpp:142:  Mapping parameter at offset 16 of size 4 to offset 16 of size 4
   data = 0x20 0x00 0x00 0x00 
(0.069186) CudaRuntime.cpp:142:  Mapping parameter at offset 20 of size 4 to offset 20 of size 4
   data = 0x20 0x00 0x00 0x00 
(0.069195) CudaRuntime.cpp:2685: kernel launch (_Z18transposeCoalescedPfS_ii) on thread 0x1b91ec0
(0.069213) CudaRuntime.cpp:2706:  launch completed successfully
(0.072024) CudaRuntime.cpp:1131: cudaMemcpy(0x1b967f0, 0x1b99b00, 4096)
(0.072040) CudaRuntime.cpp:215:    _memcpy(0x1b967f0, 0x1b99b00, 4096 bytes) d-to-h
(0.072064) CudaRuntime.cpp:1131: cudaMemcpy(0x1b967f0, 0x1b99b00, 4096)
(0.072072) CudaRuntime.cpp:215:    _memcpy(0x1b967f0, 0x1b99b00, 4096 bytes) d-to-h
transpose coalesced         , Throughput = 0.0026 GB/s, Time = 2.96577 ms, Size = 1024 fp32 elements, NumDevsUsed = 1, Workgroup = 256
(0.072098) CudaRuntime.cpp:2609: cudaConfigureCall()
(0.072106) CudaRuntime.cpp:2631: cudaSetupArgument() - offset 0, size 8
(0.072114) CudaRuntime.cpp:2631: cudaSetupArgument() - offset 8, size 8
(0.072122) CudaRuntime.cpp:2631: cudaSetupArgument() - offset 16, size 4
(0.072129) CudaRuntime.cpp:2631: cudaSetupArgument() - offset 20, size 4
(0.072150) CudaRuntime.cpp:142:  Mapping parameter at offset 0 of size 8 to offset 0 of size 8
   data = 0x00 0x9b 0xb9 0x01 0x00 0x00 0x00 0x00 
(0.072162) CudaRuntime.cpp:142:  Mapping parameter at offset 8 of size 8 to offset 8 of size 8
   data = 0x00 0x8a 0xb9 0x01 0x00 0x00 0x00 0x00 
(0.072173) CudaRuntime.cpp:142:  Mapping parameter at offset 16 of size 4 to offset 16 of size 4
   data = 0x20 0x00 0x00 0x00 
(0.072183) CudaRuntime.cpp:142:  Mapping parameter at offset 20 of size 4 to offset 20 of size 4
   data = 0x20 0x00 0x00 0x00 
(0.072192) CudaRuntime.cpp:2685: kernel launch (_Z24transposeNoBankConflictsPfS_ii) on thread 0x1b91ec0
(0.072210) CudaRuntime.cpp:2706:  launch completed successfully
(0.075171) CudaRuntime.cpp:2609: cudaConfigureCall()
(0.075181) CudaRuntime.cpp:2631: cudaSetupArgument() - offset 0, size 8
(0.075188) CudaRuntime.cpp:2631: cudaSetupArgument() - offset 8, size 8
(0.075195) CudaRuntime.cpp:2631: cudaSetupArgument() - offset 16, size 4
(0.075203) CudaRuntime.cpp:2631: cudaSetupArgument() - offset 20, size 4
(0.075219) CudaRuntime.cpp:142:  Mapping parameter at offset 0 of size 8 to offset 0 of size 8
   data = 0x00 0x9b 0xb9 0x01 0x00 0x00 0x00 0x00 
(0.075230) CudaRuntime.cpp:142:  Mapping parameter at offset 8 of size 8 to offset 8 of size 8
   data = 0x00 0x8a 0xb9 0x01 0x00 0x00 0x00 0x00 
(0.075240) CudaRuntime.cpp:142:  Mapping parameter at offset 16 of size 4 to offset 16 of size 4
   data = 0x20 0x00 0x00 0x00 
(0.075250) CudaRuntime.cpp:142:  Mapping parameter at offset 20 of size 4 to offset 20 of size 4
   data = 0x20 0x00 0x00 0x00 
(0.075258) CudaRuntime.cpp:2685: kernel launch (_Z24transposeNoBankConflictsPfS_ii) on thread 0x1b91ec0
(0.075272) CudaRuntime.cpp:2706:  launch completed successfully
(0.078070) CudaRuntime.cpp:2609: cudaConfigureCall()
(0.078086) CudaRuntime.cpp:2631: cudaSetupArgument() - offset 0, size 8
(0.078095) CudaRuntime.cpp:2631: cudaSetupArgument() - offset 8, size 8
(0.078103) CudaRuntime.cpp:2631: cudaSetupArgument() - offset 16, size 4
(0.078110) CudaRuntime.cpp:2631: cudaSetupArgument() - offset 20, size 4
(0.078131) CudaRuntime.cpp:142:  Mapping parameter at offset 0 of size 8 to offset 0 of size 8
   data = 0x00 0x9b 0xb9 0x01 0x00 0x00 0x00 0x00 
(0.078144) CudaRuntime.cpp:142:  Mapping parameter at offset 8 of size 8 to offset 8 of size 8
   data = 0x00 0x8a 0xb9 0x01 0x00 0x00 0x00 0x00 
(0.078165) CudaRuntime.cpp:142:  Mapping parameter at offset 16 of size 4 to offset 16 of size 4
   data = 0x20 0x00 0x00 0x00 
(0.078176) CudaRuntime.cpp:142:  Mapping parameter at offset 20 of size 4 to offset 20 of size 4
   data = 0x20 0x00 0x00 0x00 
(0.078185) CudaRuntime.cpp:2685: kernel launch (_Z24transposeNoBankConflictsPfS_ii) on thread 0x1b91ec0
(0.078202) CudaRuntime.cpp:2706:  launch completed successfully
(0.080929) CudaRuntime.cpp:2609: cudaConfigureCall()
(0.080942) CudaRuntime.cpp:2631: cudaSetupArgument() - offset 0, size 8
(0.080950) CudaRuntime.cpp:2631: cudaSetupArgument() - offset 8, size 8
(0.080958) CudaRuntime.cpp:2631: cudaSetupArgument() - offset 16, size 4
(0.080966) CudaRuntime.cpp:2631: cudaSetupArgument() - offset 20, size 4
(0.080985) CudaRuntime.cpp:142:  Mapping parameter at offset 0 of size 8 to offset 0 of size 8
   data = 0x00 0x9b 0xb9 0x01 0x00 0x00 0x00 0x00 
(0.080998) CudaRuntime.cpp:142:  Mapping parameter at offset 8 of size 8 to offset 8 of size 8
   data = 0x00 0x8a 0xb9 0x01 0x00 0x00 0x00 0x00 
(0.081009) CudaRuntime.cpp:142:  Mapping parameter at offset 16 of size 4 to offset 16 of size 4
   data = 0x20 0x00 0x00 0x00 
(0.081020) CudaRuntime.cpp:142:  Mapping parameter at offset 20 of size 4 to offset 20 of size 4
   data = 0x20 0x00 0x00 0x00 
(0.081029) CudaRuntime.cpp:2685: kernel launch (_Z24transposeNoBankConflictsPfS_ii) on thread 0x1b91ec0
(0.081044) CudaRuntime.cpp:2706:  launch completed successfully
(0.083838) CudaRuntime.cpp:1131: cudaMemcpy(0x1b967f0, 0x1b99b00, 4096)
(0.083854) CudaRuntime.cpp:215:    _memcpy(0x1b967f0, 0x1b99b00, 4096 bytes) d-to-h
(0.083879) CudaRuntime.cpp:1131: cudaMemcpy(0x1b967f0, 0x1b99b00, 4096)
(0.083887) CudaRuntime.cpp:215:    _memcpy(0x1b967f0, 0x1b99b00, 4096 bytes) d-to-h
transpose optimized         , Throughput = 0.0026 GB/s, Time = 2.88574 ms, Size = 1024 fp32 elements, NumDevsUsed = 1, Workgroup = 256
(0.083915) CudaRuntime.cpp:2609: cudaConfigureCall()
(0.083924) CudaRuntime.cpp:2631: cudaSetupArgument() - offset 0, size 8
(0.083932) CudaRuntime.cpp:2631: cudaSetupArgument() - offset 8, size 8
(0.083940) CudaRuntime.cpp:2631: cudaSetupArgument() - offset 16, size 4
(0.083948) CudaRuntime.cpp:2631: cudaSetupArgument() - offset 20, size 4
(0.083969) CudaRuntime.cpp:142:  Mapping parameter at offset 0 of size 8 to offset 0 of size 8
   data = 0x00 0x9b 0xb9 0x01 0x00 0x00 0x00 0x00 
(0.083982) CudaRuntime.cpp:142:  Mapping parameter at offset 8 of size 8 to offset 8 of size 8
   data = 0x00 0x8a 0xb9 0x01 0x00 0x00 0x00 0x00 
(0.083994) CudaRuntime.cpp:142:  Mapping parameter at offset 16 of size 4 to offset 16 of size 4
   data = 0x20 0x00 0x00 0x00 
(0.084005) CudaRuntime.cpp:142:  Mapping parameter at offset 20 of size 4 to offset 20 of size 4
   data = 0x20 0x00 0x00 0x00 
(0.084014) CudaRuntime.cpp:2685: kernel launch (_Z22transposeCoarseGrainedPfS_ii) on thread 0x1b91ec0
(0.084032) CudaRuntime.cpp:2706:  launch completed successfully
(0.087399) CudaRuntime.cpp:2609: cudaConfigureCall()
(0.087413) CudaRuntime.cpp:2631: cudaSetupArgument() - offset 0, size 8
(0.087421) CudaRuntime.cpp:2631: cudaSetupArgument() - offset 8, size 8
(0.087429) CudaRuntime.cpp:2631: cudaSetupArgument() - offset 16, size 4
(0.087437) CudaRuntime.cpp:2631: cudaSetupArgument() - offset 20, size 4
(0.087456) CudaRuntime.cpp:142:  Mapping parameter at offset 0 of size 8 to offset 0 of size 8
   data = 0x00 0x9b 0xb9 0x01 0x00 0x00 0x00 0x00 
(0.087468) CudaRuntime.cpp:142:  Mapping parameter at offset 8 of size 8 to offset 8 of size 8
   data = 0x00 0x8a 0xb9 0x01 0x00 0x00 0x00 0x00 
(0.087480) CudaRuntime.cpp:142:  Mapping parameter at offset 16 of size 4 to offset 16 of size 4
   data = 0x20 0x00 0x00 0x00 
(0.087491) CudaRuntime.cpp:142:  Mapping parameter at offset 20 of size 4 to offset 20 of size 4
   data = 0x20 0x00 0x00 0x00 
(0.087500) CudaRuntime.cpp:2685: kernel launch (_Z22transposeCoarseGrainedPfS_ii) on thread 0x1b91ec0
(0.087517) CudaRuntime.cpp:2706:  launch completed successfully
(0.090110) CudaRuntime.cpp:2609: cudaConfigureCall()
(0.090126) CudaRuntime.cpp:2631: cudaSetupArgument() - offset 0, size 8
(0.090135) CudaRuntime.cpp:2631: cudaSetupArgument() - offset 8, size 8
(0.090143) CudaRuntime.cpp:2631: cudaSetupArgument() - offset 16, size 4
(0.090151) CudaRuntime.cpp:2631: cudaSetupArgument() - offset 20, size 4
(0.090173) CudaRuntime.cpp:142:  Mapping parameter at offset 0 of size 8 to offset 0 of size 8
   data = 0x00 0x9b 0xb9 0x01 0x00 0x00 0x00 0x00 
(0.090186) CudaRuntime.cpp:142:  Mapping parameter at offset 8 of size 8 to offset 8 of size 8
   data = 0x00 0x8a 0xb9 0x01 0x00 0x00 0x00 0x00 
(0.090197) CudaRuntime.cpp:142:  Mapping parameter at offset 16 of size 4 to offset 16 of size 4
   data = 0x20 0x00 0x00 0x00 
(0.090209) CudaRuntime.cpp:142:  Mapping parameter at offset 20 of size 4 to offset 20 of size 4
   data = 0x20 0x00 0x00 0x00 
(0.090218) CudaRuntime.cpp:2685: kernel launch (_Z22transposeCoarseGrainedPfS_ii) on thread 0x1b91ec0
(0.090236) CudaRuntime.cpp:2706:  launch completed successfully
(0.092795) CudaRuntime.cpp:2609: cudaConfigureCall()
(0.092811) CudaRuntime.cpp:2631: cudaSetupArgument() - offset 0, size 8
(0.092820) CudaRuntime.cpp:2631: cudaSetupArgument() - offset 8, size 8
(0.092829) CudaRuntime.cpp:2631: cudaSetupArgument() - offset 16, size 4
(0.092837) CudaRuntime.cpp:2631: cudaSetupArgument() - offset 20, size 4
(0.092859) CudaRuntime.cpp:142:  Mapping parameter at offset 0 of size 8 to offset 0 of size 8
   data = 0x00 0x9b 0xb9 0x01 0x00 0x00 0x00 0x00 
(0.092871) CudaRuntime.cpp:142:  Mapping parameter at offset 8 of size 8 to offset 8 of size 8
   data = 0x00 0x8a 0xb9 0x01 0x00 0x00 0x00 0x00 
(0.092882) CudaRuntime.cpp:142:  Mapping parameter at offset 16 of size 4 to offset 16 of size 4
   data = 0x20 0x00 0x00 0x00 
(0.092894) CudaRuntime.cpp:142:  Mapping parameter at offset 20 of size 4 to offset 20 of size 4
   data = 0x20 0x00 0x00 0x00 
(0.092903) CudaRuntime.cpp:2685: kernel launch (_Z22transposeCoarseGrainedPfS_ii) on thread 0x1b91ec0
(0.092921) CudaRuntime.cpp:2706:  launch completed successfully
(0.096332) CudaRuntime.cpp:1131: cudaMemcpy(0x1b967f0, 0x1b99b00, 4096)
(0.096349) CudaRuntime.cpp:215:    _memcpy(0x1b967f0, 0x1b99b00, 4096 bytes) d-to-h
(0.096373) CudaRuntime.cpp:1131: cudaMemcpy(0x1b967f0, 0x1b99b00, 4096)
(0.096381) CudaRuntime.cpp:215:    _memcpy(0x1b967f0, 0x1b99b00, 4096 bytes) d-to-h
transpose coarse-grained    , Throughput = 0.0026 GB/s, Time = 2.97602 ms, Size = 1024 fp32 elements, NumDevsUsed = 1, Workgroup = 256
(0.096409) CudaRuntime.cpp:2609: cudaConfigureCall()
(0.096418) CudaRuntime.cpp:2631: cudaSetupArgument() - offset 0, size 8
(0.096426) CudaRuntime.cpp:2631: cudaSetupArgument() - offset 8, size 8
(0.096434) CudaRuntime.cpp:2631: cudaSetupArgument() - offset 16, size 4
(0.096442) CudaRuntime.cpp:2631: cudaSetupArgument() - offset 20, size 4
(0.096463) CudaRuntime.cpp:142:  Mapping parameter at offset 0 of size 8 to offset 0 of size 8
   data = 0x00 0x9b 0xb9 0x01 0x00 0x00 0x00 0x00 
(0.096476) CudaRuntime.cpp:142:  Mapping parameter at offset 8 of size 8 to offset 8 of size 8
   data = 0x00 0x8a 0xb9 0x01 0x00 0x00 0x00 0x00 
(0.096487) CudaRuntime.cpp:142:  Mapping parameter at offset 16 of size 4 to offset 16 of size 4
   data = 0x20 0x00 0x00 0x00 
(0.096499) CudaRuntime.cpp:142:  Mapping parameter at offset 20 of size 4 to offset 20 of size 4
   data = 0x20 0x00 0x00 0x00 
(0.096508) CudaRuntime.cpp:2685: kernel launch (_Z20transposeFineGrainedPfS_ii) on thread 0x1b91ec0
(0.096527) CudaRuntime.cpp:2706:  launch completed successfully
(0.099551) CudaRuntime.cpp:2609: cudaConfigureCall()
(0.099579) CudaRuntime.cpp:2631: cudaSetupArgument() - offset 0, size 8
(0.099603) CudaRuntime.cpp:2631: cudaSetupArgument() - offset 8, size 8
(0.099627) CudaRuntime.cpp:2631: cudaSetupArgument() - offset 16, size 4
(0.099651) CudaRuntime.cpp:2631: cudaSetupArgument() - offset 20, size 4
(0.099696) CudaRuntime.cpp:142:  Mapping parameter at offset 0 of size 8 to offset 0 of size 8
   data = 0x00 0x9b 0xb9 0x01 0x00 0x00 0x00 0x00 
(0.099747) CudaRuntime.cpp:142:  Mapping parameter at offset 8 of size 8 to offset 8 of size 8
   data = 0x00 0x8a 0xb9 0x01 0x00 0x00 0x00 0x00 
(0.099771) CudaRuntime.cpp:142:  Mapping parameter at offset 16 of size 4 to offset 16 of size 4
   data = 0x20 0x00 0x00 0x00 
(0.099789) CudaRuntime.cpp:142:  Mapping parameter at offset 20 of size 4 to offset 20 of size 4
   data = 0x20 0x00 0x00 0x00 
(0.099798) CudaRuntime.cpp:2685: kernel launch (_Z20transposeFineGrainedPfS_ii) on thread 0x1b91ec0
(0.099835) CudaRuntime.cpp:2706:  launch completed successfully
(0.103689) CudaRuntime.cpp:2609: cudaConfigureCall()
(0.103705) CudaRuntime.cpp:2631: cudaSetupArgument() - offset 0, size 8
(0.103714) CudaRuntime.cpp:2631: cudaSetupArgument() - offset 8, size 8
(0.103722) CudaRuntime.cpp:2631: cudaSetupArgument() - offset 16, size 4
(0.103730) CudaRuntime.cpp:2631: cudaSetupArgument() - offset 20, size 4
(0.103752) CudaRuntime.cpp:142:  Mapping parameter at offset 0 of size 8 to offset 0 of size 8
   data = 0x00 0x9b 0xb9 0x01 0x00 0x00 0x00 0x00 
(0.103765) CudaRuntime.cpp:142:  Mapping parameter at offset 8 of size 8 to offset 8 of size 8
   data = 0x00 0x8a 0xb9 0x01 0x00 0x00 0x00 0x00 
(0.103776) CudaRuntime.cpp:142:  Mapping parameter at offset 16 of size 4 to offset 16 of size 4
   data = 0x20 0x00 0x00 0x00 
(0.103788) CudaRuntime.cpp:142:  Mapping parameter at offset 20 of size 4 to offset 20 of size 4
   data = 0x20 0x00 0x00 0x00 
(0.103797) CudaRuntime.cpp:2685: kernel launch (_Z20transposeFineGrainedPfS_ii) on thread 0x1b91ec0
(0.103816) CudaRuntime.cpp:2706:  launch completed successfully
(0.108151) CudaRuntime.cpp:2609: cudaConfigureCall()
(0.108167) CudaRuntime.cpp:2631: cudaSetupArgument() - offset 0, size 8
(0.108176) CudaRuntime.cpp:2631: cudaSetupArgument() - offset 8, size 8
(0.108183) CudaRuntime.cpp:2631: cudaSetupArgument() - offset 16, size 4
(0.108191) CudaRuntime.cpp:2631: cudaSetupArgument() - offset 20, size 4
(0.108212) CudaRuntime.cpp:142:  Mapping parameter at offset 0 of size 8 to offset 0 of size 8
   data = 0x00 0x9b 0xb9 0x01 0x00 0x00 0x00 0x00 
(0.108224) CudaRuntime.cpp:142:  Mapping parameter at offset 8 of size 8 to offset 8 of size 8
   data = 0x00 0x8a 0xb9 0x01 0x00 0x00 0x00 0x00 
(0.108235) CudaRuntime.cpp:142:  Mapping parameter at offset 16 of size 4 to offset 16 of size 4
   data = 0x20 0x00 0x00 0x00 
(0.108245) CudaRuntime.cpp:142:  Mapping parameter at offset 20 of size 4 to offset 20 of size 4
   data = 0x20 0x00 0x00 0x00 
(0.108254) CudaRuntime.cpp:2685: kernel launch (_Z20transposeFineGrainedPfS_ii) on thread 0x1b91ec0
(0.108272) CudaRuntime.cpp:2706:  launch completed successfully
(0.111143) CudaRuntime.cpp:1131: cudaMemcpy(0x1b967f0, 0x1b99b00, 4096)
(0.111159) CudaRuntime.cpp:215:    _memcpy(0x1b967f0, 0x1b99b00, 4096 bytes) d-to-h
(0.111183) CudaRuntime.cpp:1131: cudaMemcpy(0x1b967f0, 0x1b99b00, 4096)
(0.111191) CudaRuntime.cpp:215:    _memcpy(0x1b967f0, 0x1b99b00, 4096 bytes) d-to-h
transpose fine-grained      , Throughput = 0.0020 GB/s, Time = 3.86564 ms, Size = 1024 fp32 elements, NumDevsUsed = 1, Workgroup = 256
(0.111218) CudaRuntime.cpp:2609: cudaConfigureCall()
(0.111227) CudaRuntime.cpp:2631: cudaSetupArgument() - offset 0, size 8
(0.111235) CudaRuntime.cpp:2631: cudaSetupArgument() - offset 8, size 8
(0.111243) CudaRuntime.cpp:2631: cudaSetupArgument() - offset 16, size 4
(0.111250) CudaRuntime.cpp:2631: cudaSetupArgument() - offset 20, size 4
(0.111271) CudaRuntime.cpp:142:  Mapping parameter at offset 0 of size 8 to offset 0 of size 8
   data = 0x00 0x9b 0xb9 0x01 0x00 0x00 0x00 0x00 
(0.111284) CudaRuntime.cpp:142:  Mapping parameter at offset 8 of size 8 to offset 8 of size 8
   data = 0x00 0x8a 0xb9 0x01 0x00 0x00 0x00 0x00 
(0.111294) CudaRuntime.cpp:142:  Mapping parameter at offset 16 of size 4 to offset 16 of size 4
   data = 0x20 0x00 0x00 0x00 
(0.111305) CudaRuntime.cpp:142:  Mapping parameter at offset 20 of size 4 to offset 20 of size 4
   data = 0x20 0x00 0x00 0x00 
(0.111314) CudaRuntime.cpp:2685: kernel launch (_Z17transposeDiagonalPfS_ii) on thread 0x1b91ec0
(0.111343) CudaRuntime.cpp:2706:  launch completed successfully
(0.114783) CudaRuntime.cpp:2609: cudaConfigureCall()
(0.114798) CudaRuntime.cpp:2631: cudaSetupArgument() - offset 0, size 8
(0.114807) CudaRuntime.cpp:2631: cudaSetupArgument() - offset 8, size 8
(0.114816) CudaRuntime.cpp:2631: cudaSetupArgument() - offset 16, size 4
(0.114824) CudaRuntime.cpp:2631: cudaSetupArgument() - offset 20, size 4
(0.114845) CudaRuntime.cpp:142:  Mapping parameter at offset 0 of size 8 to offset 0 of size 8
   data = 0x00 0x9b 0xb9 0x01 0x00 0x00 0x00 0x00 
(0.114858) CudaRuntime.cpp:142:  Mapping parameter at offset 8 of size 8 to offset 8 of size 8
   data = 0x00 0x8a 0xb9 0x01 0x00 0x00 0x00 0x00 
(0.114869) CudaRuntime.cpp:142:  Mapping parameter at offset 16 of size 4 to offset 16 of size 4
   data = 0x20 0x00 0x00 0x00 
(0.114881) CudaRuntime.cpp:142:  Mapping parameter at offset 20 of size 4 to offset 20 of size 4
   data = 0x20 0x00 0x00 0x00 
(0.114890) CudaRuntime.cpp:2685: kernel launch (_Z17transposeDiagonalPfS_ii) on thread 0x1b91ec0
(0.114908) CudaRuntime.cpp:2706:  launch completed successfully
(0.118983) CudaRuntime.cpp:2609: cudaConfigureCall()
(0.118999) CudaRuntime.cpp:2631: cudaSetupArgument() - offset 0, size 8
(0.119008) CudaRuntime.cpp:2631: cudaSetupArgument() - offset 8, size 8
(0.119015) CudaRuntime.cpp:2631: cudaSetupArgument() - offset 16, size 4
(0.119023) CudaRuntime.cpp:2631: cudaSetupArgument() - offset 20, size 4
(0.119044) CudaRuntime.cpp:142:  Mapping parameter at offset 0 of size 8 to offset 0 of size 8
   data = 0x00 0x9b 0xb9 0x01 0x00 0x00 0x00 0x00 
(0.119056) CudaRuntime.cpp:142:  Mapping parameter at offset 8 of size 8 to offset 8 of size 8
   data = 0x00 0x8a 0xb9 0x01 0x00 0x00 0x00 0x00 
(0.119067) CudaRuntime.cpp:142:  Mapping parameter at offset 16 of size 4 to offset 16 of size 4
   data = 0x20 0x00 0x00 0x00 
(0.119078) CudaRuntime.cpp:142:  Mapping parameter at offset 20 of size 4 to offset 20 of size 4
   data = 0x20 0x00 0x00 0x00 
(0.119087) CudaRuntime.cpp:2685: kernel launch (_Z17transposeDiagonalPfS_ii) on thread 0x1b91ec0
(0.119105) CudaRuntime.cpp:2706:  launch completed successfully
(0.122245) CudaRuntime.cpp:2609: cudaConfigureCall()
(0.122261) CudaRuntime.cpp:2631: cudaSetupArgument() - offset 0, size 8
(0.122270) CudaRuntime.cpp:2631: cudaSetupArgument() - offset 8, size 8
(0.122277) CudaRuntime.cpp:2631: cudaSetupArgument() - offset 16, size 4
(0.122285) CudaRuntime.cpp:2631: cudaSetupArgument() - offset 20, size 4
(0.122306) CudaRuntime.cpp:142:  Mapping parameter at offset 0 of size 8 to offset 0 of size 8
   data = 0x00 0x9b 0xb9 0x01 0x00 0x00 0x00 0x00 
(0.122319) CudaRuntime.cpp:142:  Mapping parameter at offset 8 of size 8 to offset 8 of size 8
   data = 0x00 0x8a 0xb9 0x01 0x00 0x00 0x00 0x00 
(0.122330) CudaRuntime.cpp:142:  Mapping parameter at offset 16 of size 4 to offset 16 of size 4
   data = 0x20 0x00 0x00 0x00 
(0.122340) CudaRuntime.cpp:142:  Mapping parameter at offset 20 of size 4 to offset 20 of size 4
   data = 0x20 0x00 0x00 0x00 
(0.122349) CudaRuntime.cpp:2685: kernel launch (_Z17transposeDiagonalPfS_ii) on thread 0x1b91ec0
(0.122367) CudaRuntime.cpp:2706:  launch completed successfully
(0.125890) CudaRuntime.cpp:1131: cudaMemcpy(0x1b967f0, 0x1b99b00, 4096)
(0.125906) CudaRuntime.cpp:215:    _memcpy(0x1b967f0, 0x1b99b00, 4096 bytes) d-to-h
(0.125931) CudaRuntime.cpp:1131: cudaMemcpy(0x1b967f0, 0x1b99b00, 4096)
(0.125939) CudaRuntime.cpp:215:    _memcpy(0x1b967f0, 0x1b99b00, 4096 bytes) d-to-h
transpose diagonal          , Throughput = 0.0021 GB/s, Time = 3.70137 ms, Size = 1024 fp32 elements, NumDevsUsed = 1, Workgroup = 256
(0.125973) CudaRuntime.cpp:887:  cudaFree(0x1b98a00)
(0.125987) CudaRuntime.cpp:887:  cudaFree(0x1b99b00)
Test passed
