

Performing the initial setup !!!
Reading the configuration file
initializing cores...
Cache paramtersS_NUCA
Cache paramtersS_NUCA
initializing memory system...
0TPC idjava thread0
0SM idjava thread0
--  starting java thread0
1TPC idjava thread1
0SM idjava thread1
--  starting java thread1
2TPC idjava thread2
0SM idjava thread2
--  starting java thread2
3TPC idjava thread3
0SM idjava thread3
--  starting java thread3
4TPC idjava thread4
0SM idjava thread4
--  starting java thread4
5TPC idjava thread5
0SM idjava thread5
--  starting java thread5
6TPC idjava thread6
0SM idjava thread6
--  starting java thread6
7TPC idjava thread7
0SM idjava thread7
--  starting java thread7


Running the simulation !!!
runners started for thread
2
2
2
2
2
2
2
2
Simulated 1 kernels on 1
Blocks are executed2for the thread1
2
Simulated 1 kernels on 6
Blocks are executed2for the thread6
Simulated 1 kernels on 7
Blocks are executed2for the thread7
2
2
Simulated 1 kernels on 4
Blocks are executed2for the thread4
2
Simulated 1 kernels on 3
Blocks are executed2for the thread3
Simulated 1 kernels on 2
Blocks are executed2for the thread2
2
2
Simulated 1 kernels on 0
Blocks are executed2for the thread0
2
Simulated 1 kernels on 5
Blocks are executed2for the thread5
2
Simulated 2 kernels on 4
Blocks are executed2for the thread4
Simulated 2 kernels on 7
Blocks are executed2for the thread7
2
2
Simulated 2 kernels on 1
Blocks are executed2for the thread1
2
Simulated 2 kernels on 6
Blocks are executed2for the thread6
2
Simulated 2 kernels on 2
Blocks are executed2for the thread2
2
Simulated 2 kernels on 0
Blocks are executed2for the thread0
2
Simulated 2 kernels on 3
Blocks are executed2for the thread3
Simulated 2 kernels on 5
Blocks are executed2for the thread5
2
2
Simulated 3 kernels on 6
Blocks are executed2for the thread6
Simulated 3 kernels on 4
Blocks are executed2for the thread4
2
2
Simulated 3 kernels on 7
Blocks are executed2for the thread7
2
Simulated 3 kernels on 1
Blocks are executed2for the thread1
2
Simulated 3 kernels on 3
Blocks are executed2for the thread3
2
Simulated 3 kernels on 0
Blocks are executed2for the thread0
Simulated 3 kernels on 5
Blocks are executed2for the thread5
2
Simulated 3 kernels on 2
Blocks are executed2for the thread2
2
2
Simulated 4 kernels on 6
Blocks are executed2for the thread6
2
Simulated 4 kernels on 7
Blocks are executed2for the thread7
Simulated 4 kernels on 4
Blocks are executed2for the thread4
2
2
Simulated 4 kernels on 1
Blocks are executed2for the thread1
2
Simulated 5 kernels on 6
Blocks are executed2for the thread6
2
Simulated 4 kernels on 3
Blocks are executed2for the thread3
2
Simulated 5 kernels on 7
Blocks are executed2for the thread7
2
Simulated 4 kernels on 5
Simulated 4 kernels on 2
Blocks are executed2for the thread2
Simulated 5 kernels on 4
Blocks are executed2for the thread5
Blocks are executed2for the thread4
Simulated 4 kernels on 0
Blocks are executed2for the thread0
2
2
2
Simulated 5 kernels on 1
Blocks are executed2for the thread1
2
2
Simulated 6 kernels on 7
Blocks are executed2for the thread7
2
Simulated 6 kernels on 6
Simulated 6 kernels on 4
Blocks are executed2for the thread6
Blocks are executed2for the thread4
2
2
Simulated 5 kernels on 0
Blocks are executed2for the thread0
Simulated 6 kernels on 1
Blocks are executed2for the thread1
2
Simulated 5 kernels on 2
2
Blocks are executed2for the thread2
2
Simulated 5 kernels on 3
Blocks are executed2for the thread3
2
Simulated 5 kernels on 5
Blocks are executed2for the thread5
Simulated 6 kernels on 0
Blocks are executed2for the thread0
2
2
Simulated 6 kernels on 2
Blocks are executed2for the thread2
2
Simulated 6 kernels on 3
Blocks are executed2for the thread3
2
Simulated 6 kernels on 5
Blocks are executed2for the thread5
2
Simulated 7 kernels on 1
Blocks are executed2for the thread1
2
Simulated 7 kernels on 7
Simulated 7 kernels on 4
Blocks are executed2for the thread7
Blocks are executed2for the thread4
Simulated 7 kernels on 0
Simulated 7 kernels on 6
2
2
Blocks are executed2for the thread6
Blocks are executed2for the thread0
Simulated 7 kernels on 2
Blocks are executed2for the thread2
2
2
2
Simulated 7 kernels on 3
Blocks are executed2for the thread3
2
Simulated 7 kernels on 5
Blocks are executed2for the thread5
2
Simulated 8 kernels on 7
Blocks are executed2for the thread7
Simulated 8 kernels on 6
Simulated 8 kernels on 3
Simulated 8 kernels on 5
Blocks are executed2for the thread6
Simulated 8 kernels on 2
Blocks are executed2for the thread5
Simulated 8 kernels on 1
Blocks are executed2for the thread3
Blocks are executed2for the thread1
Simulated 8 kernels on 0
Simulated 8 kernels on 4
Blocks are executed2for the thread2
Blocks are executed2for the thread4
Blocks are executed2for the thread0
2
2
2
2
2
2
2
2
Simulated 9 kernels on 5
Blocks are executed2for the thread5
2
Simulated 9 kernels on 2
Simulated 9 kernels on 6
Blocks are executed2for the thread6
Simulated 9 kernels on 4
Blocks are executed2for the thread2
Simulated 9 kernels on 7
Blocks are executed2for the thread4
Blocks are executed2for the thread7
Simulated 10 kernels on 5
Simulated 9 kernels on 0
Blocks are executed2for the thread5
Simulated 9 kernels on 1
Blocks are executed2for the thread0
Blocks are executed2for the thread1
Simulated 9 kernels on 3
Blocks are executed2for the thread3
2
2
2
2
2
2
2
2
Simulated 10 kernels on 2
Blocks are executed2for the thread2
Simulated 10 kernels on 0
Blocks are executed2for the thread0
2
2
Simulated 10 kernels on 1
Blocks are executed2for the thread1
2
Simulated 11 kernels on 5
Blocks are executed2for the thread5
Simulated 10 kernels on 3
Blocks are executed2for the thread3
Simulated 10 kernels on 7
Blocks are executed2for the thread7
2
Simulated 10 kernels on 4
Blocks are executed2for the thread4
2
2
Simulated 10 kernels on 6
Blocks are executed2for the thread6
2
2
Simulated 11 kernels on 0
Blocks are executed2for the thread0
Simulated 11 kernels on 2
Blocks are executed2for the thread2
2
2
Simulated 11 kernels on 1
Blocks are executed2for the thread1
2
Simulated 11 kernels on 3
Blocks are executed2for the thread3
2
Simulated 12 kernels on 2
Blocks are executed2for the thread2
Simulated 12 kernels on 0
Blocks are executed2for the thread0
2
Simulated 11 kernels on 7
Simulated 11 kernels on 6
Simulated 11 kernels on 4
Simulated 12 kernels on 1
Simulated 12 kernels on 5
Blocks are executed2for the thread5
Blocks are executed2for the thread1
2
Blocks are executed2for the thread4
Blocks are executed2for the thread6
Blocks are executed2for the thread7
2
2
2
2
2
Simulated 12 kernels on 3
Blocks are executed2for the thread3
2
Simulated 13 kernels on 2
Blocks are executed2for the thread2
2
Simulated 13 kernels on 0
Simulated 13 kernels on 1
Blocks are executed2for the thread0
Blocks are executed2for the thread1
Simulated 12 kernels on 4
Blocks are executed2for the thread4
Simulated 12 kernels on 6
2
Simulated 12 kernels on 7
2
Blocks are executed2for the thread6
Blocks are executed2for the thread7
Simulated 13 kernels on 5
Blocks are executed2for the thread5
2
Simulated 13 kernels on 3
2
2
Blocks are executed2for the thread3
Simulated 14 kernels on 2
2
2
Blocks are executed2for the thread2
2
Simulated 14 kernels on 0
Simulated 14 kernels on 1
Blocks are executed2for the thread1
Blocks are executed2for the thread0
Simulated 13 kernels on 6
Blocks are executed2for the thread6
Simulated 13 kernels on 7
Simulated 13 kernels on 4
Simulated 14 kernels on 5
Blocks are executed2for the thread4
Simulated 14 kernels on 3
Blocks are executed2for the thread7
Blocks are executed2for the thread3
2
2
Blocks are executed2for the thread5
2
2
2
2
2
Simulated 15 kernels on 2
Blocks are executed2for the thread2
2
Simulated 14 kernels on 6
Simulated 15 kernels on 1
Simulated 14 kernels on 7
Blocks are executed2for the thread1
Simulated 14 kernels on 4
Blocks are executed2for the thread6
Blocks are executed2for the thread4
Simulated 15 kernels on 0
Blocks are executed2for the thread7
Blocks are executed2for the thread0
2
Simulated 15 kernels on 3
Blocks are executed2for the thread3
2
Simulated 15 kernels on 5
2
2
Blocks are executed2for the thread5
2
2
Simulated 16 kernels on 2
Blocks are executed2for the thread2
2
Simulated 16 kernels on 1
Blocks are executed2for the thread1
Simulated 16 kernels on 0
Blocks are executed2for the thread0
Simulated 15 kernels on 4
Blocks are executed2for the thread4
Simulated 15 kernels on 7
Blocks are executed2for the thread7
2
2
Simulated 15 kernels on 6
Blocks are executed2for the thread6
Simulated 16 kernels on 3
Blocks are executed2for the thread3
2
Simulated 16 kernels on 6
Blocks are executed2for the thread6
Simulated 16 kernels on 7
Simulated 16 kernels on 4
Simulated 16 kernels on 5
Blocks are executed2for the thread4
Blocks are executed2for the thread7
Blocks are executed2for the thread5


Instructions per Second	=	0.2794929338266513 KIPS		
****************************************************************************
TOTAL INSTRUCTIONS = 9216
TOTAL CYCLES = 19032
TOTAL INSTRUCTIONS PER CYCLE = 0.4842370744010088
****************************************************************************


Simulation completed !!
shut down
