options: Options {
    input: "/benchrun/tejas/cuda6-transpose/sm6_gtx1080/input-repeat1-dimx64-dimy64/results/stats.txt",
    output: "/benchrun/tejas/cuda6-transpose/sm6_gtx1080/input-repeat1-dimx64-dimy64/results/stats.csv",
}
stats: Stats {
    emulator_type: Some(
        "OCELOT",
    ),
    created: None,
    sim_time: Some(
        32.974s,
    ),
    total_inst_count: Some(
        9216,
    ),
    total_cycle_count: Some(
        19032,
    ),
    dram_total_reads: 0,
    dram_total_writes: 0,
    dram_avg_read_latency: Some(
        0.0,
    ),
    total_instr_cache_access: Some(
        0,
    ),
    total_const_cache_access: Some(
        0,
    ),
    total_shared_cache_access: Some(
        0,
    ),
    total_instr_cache_misses: Some(
        16,
    ),
    total_const_cache_misses: Some(
        136,
    ),
    total_shared_cache_misses: Some(
        0,
    ),
    kips: Some(
        0.2794929338266513,
    ),
    total_ipc: Some(
        0.4842370744010088,
    ),
}
done after 38.914485ms
