(0.000456) CudaRuntime.cpp:3813: Adding external function 'malloc'
(0.000497) CudaRuntime.cpp:3813: Adding external function 'free'
(0.000503) CudaRuntime.cpp:3813: Adding external function 'vprintf'
(0.000508) CudaRuntime.cpp:3813: Adding external function 'cudaGetParameterBuffer'
(0.000541) CudaRuntime.cpp:595:  Loading module (fatbin) - transposeTejas.cu
(0.000551) CudaRuntime.cpp:738:  Registered kernel - _Z22transposeCoarseGrainedPfS_ii in module 'transposeTejas.cu'
(0.000561) CudaRuntime.cpp:738:  Registered kernel - _Z20transposeFineGrainedPfS_ii in module 'transposeTejas.cu'
(0.000566) CudaRuntime.cpp:738:  Registered kernel - _Z17transposeDiagonalPfS_ii in module 'transposeTejas.cu'
(0.000571) CudaRuntime.cpp:738:  Registered kernel - _Z24transposeNoBankConflictsPfS_ii in module 'transposeTejas.cu'
(0.000576) CudaRuntime.cpp:738:  Registered kernel - _Z18transposeCoalescedPfS_ii in module 'transposeTejas.cu'
(0.000581) CudaRuntime.cpp:738:  Registered kernel - _Z14transposeNaivePfS_ii in module 'transposeTejas.cu'
(0.000585) CudaRuntime.cpp:738:  Registered kernel - _Z13copySharedMemPfS_ii in module 'transposeTejas.cu'
(0.000590) CudaRuntime.cpp:738:  Registered kernel - _Z4copyPfS_ii in module 'transposeTejas.cu'
Transpose Starting...

(0.000631) CudaRuntime.cpp:446:  Creating new context for thread 0x1686ec0
(0.000648) CudaRuntime.cpp:276:  Creating devices.
(0.000744) CudaRuntime.cpp:288:   - Added 1 emulator devices.
(0.000814) CudaRuntime.cpp:2203: cuda::CudaRuntime::cudaGetDeviceProperties(dev = 0) - major: 2, minor: 1
(0.000824) CudaRuntime.cpp:2241:   returning: prop->major = 2, prop->minor = 1
(0.000952) CudaRuntime.cpp:276:  Creating devices.
(0.001004) CudaRuntime.cpp:288:   - Added 1 emulator devices.
(0.001051) CudaRuntime.cpp:2203: cuda::CudaRuntime::cudaGetDeviceProperties(dev = 0) - major: 2, minor: 1
(0.001057) CudaRuntime.cpp:2241:   returning: prop->major = 2, prop->minor = 1
(0.001104) CudaRuntime.cpp:2289: Setting device for thread 0x1686ec0 to 0
(0.001110) CudaRuntime.cpp:276:  Creating devices.
(0.001155) CudaRuntime.cpp:288:   - Added 1 emulator devices.
(0.001184) CudaRuntime.cpp:2203: cuda::CudaRuntime::cudaGetDeviceProperties(dev = 0) - major: 2, minor: 1
(0.001189) CudaRuntime.cpp:2241:   returning: prop->major = 2, prop->minor = 1
GPU Device 0: "Ocelot PTX Emulator" with compute capability 2.1

(0.001239) CudaRuntime.cpp:276:  Creating devices.
(0.001282) CudaRuntime.cpp:288:   - Added 1 emulator devices.
(0.001309) CudaRuntime.cpp:2203: cuda::CudaRuntime::cudaGetDeviceProperties(dev = 0) - major: 2, minor: 1
(0.001315) CudaRuntime.cpp:2241:   returning: prop->major = 2, prop->minor = 1
> Device 0: "Ocelot PTX Emulator"
> SM Capability 2.1 detected:
> [Ocelot PTX Emulator] has 1 MP(s) x 48 (Cores/MP) = 48 (Cores)
> Compute performance scaling factor = 4.00
> MatrixSize X = 64
> MatrixSize Y = 64
(0.001371) CudaRuntime.cpp:276:  Creating devices.
(0.001413) CudaRuntime.cpp:288:   - Added 1 emulator devices.
(0.001450) CudaRuntime.cpp:787:  cudaMalloc( *devPtr = 0x1696a00, size = 16384)
(0.001465) CudaRuntime.cpp:787:  cudaMalloc( *devPtr = 0x169ab00, size = 16384)
(0.001512) CudaRuntime.cpp:1131: cudaMemcpy(0x1696a00, 0x168a7e0, 16384)
(0.001518) CudaRuntime.cpp:251:    _memcpy(0x1696a00, 0x168a7e0, 16384 bytes) h-to-d

Matrix size: 64x64 (4x4 tiles), tile size: 16x16, block size: 16x16

(0.001591) CudaRuntime.cpp:2609: cudaConfigureCall()
(0.001597) CudaRuntime.cpp:2631: cudaSetupArgument() - offset 0, size 8
(0.001603) CudaRuntime.cpp:2631: cudaSetupArgument() - offset 8, size 8
(0.001608) CudaRuntime.cpp:2631: cudaSetupArgument() - offset 16, size 4
(0.001613) CudaRuntime.cpp:2631: cudaSetupArgument() - offset 20, size 4
(0.010191) CudaRuntime.cpp:142:  Mapping parameter at offset 0 of size 8 to offset 0 of size 8
   data = 0x00 0xab 0x69 0x01 0x00 0x00 0x00 0x00 
(0.010211) CudaRuntime.cpp:142:  Mapping parameter at offset 8 of size 8 to offset 8 of size 8
   data = 0x00 0x6a 0x69 0x01 0x00 0x00 0x00 0x00 
(0.010221) CudaRuntime.cpp:142:  Mapping parameter at offset 16 of size 4 to offset 16 of size 4
   data = 0x40 0x00 0x00 0x00 
(0.010247) CudaRuntime.cpp:142:  Mapping parameter at offset 20 of size 4 to offset 20 of size 4
   data = 0x40 0x00 0x00 0x00 
(0.010256) CudaRuntime.cpp:2685: kernel launch (_Z4copyPfS_ii) on thread 0x1686ec0
(0.010283) CudaRuntime.cpp:2706:  launch completed successfully
(0.034884) CudaRuntime.cpp:2609: cudaConfigureCall()
(0.034899) CudaRuntime.cpp:2631: cudaSetupArgument() - offset 0, size 8
(0.034905) CudaRuntime.cpp:2631: cudaSetupArgument() - offset 8, size 8
(0.034910) CudaRuntime.cpp:2631: cudaSetupArgument() - offset 16, size 4
(0.034916) CudaRuntime.cpp:2631: cudaSetupArgument() - offset 20, size 4
(0.034935) CudaRuntime.cpp:142:  Mapping parameter at offset 0 of size 8 to offset 0 of size 8
   data = 0x00 0xab 0x69 0x01 0x00 0x00 0x00 0x00 
(0.034945) CudaRuntime.cpp:142:  Mapping parameter at offset 8 of size 8 to offset 8 of size 8
   data = 0x00 0x6a 0x69 0x01 0x00 0x00 0x00 0x00 
(0.034952) CudaRuntime.cpp:142:  Mapping parameter at offset 16 of size 4 to offset 16 of size 4
   data = 0x40 0x00 0x00 0x00 
(0.034959) CudaRuntime.cpp:142:  Mapping parameter at offset 20 of size 4 to offset 20 of size 4
   data = 0x40 0x00 0x00 0x00 
(0.034965) CudaRuntime.cpp:2685: kernel launch (_Z4copyPfS_ii) on thread 0x1686ec0
(0.034980) CudaRuntime.cpp:2706:  launch completed successfully
(0.047297) CudaRuntime.cpp:1131: cudaMemcpy(0x168e7f0, 0x169ab00, 16384)
(0.047306) CudaRuntime.cpp:215:    _memcpy(0x168e7f0, 0x169ab00, 16384 bytes) d-to-h
(0.047344) CudaRuntime.cpp:1131: cudaMemcpy(0x168e7f0, 0x169ab00, 16384)
(0.047347) CudaRuntime.cpp:215:    _memcpy(0x168e7f0, 0x169ab00, 16384 bytes) d-to-h
transpose simple copy       , Throughput = 0.0025 GB/s, Time = 12.41422 ms, Size = 4096 fp32 elements, NumDevsUsed = 1, Workgroup = 256
(0.047375) CudaRuntime.cpp:2609: cudaConfigureCall()
(0.047379) CudaRuntime.cpp:2631: cudaSetupArgument() - offset 0, size 8
(0.047382) CudaRuntime.cpp:2631: cudaSetupArgument() - offset 8, size 8
(0.047385) CudaRuntime.cpp:2631: cudaSetupArgument() - offset 16, size 4
(0.047388) CudaRuntime.cpp:2631: cudaSetupArgument() - offset 20, size 4
(0.047400) CudaRuntime.cpp:142:  Mapping parameter at offset 0 of size 8 to offset 0 of size 8
   data = 0x00 0xab 0x69 0x01 0x00 0x00 0x00 0x00 
(0.047405) CudaRuntime.cpp:142:  Mapping parameter at offset 8 of size 8 to offset 8 of size 8
   data = 0x00 0x6a 0x69 0x01 0x00 0x00 0x00 0x00 
(0.047409) CudaRuntime.cpp:142:  Mapping parameter at offset 16 of size 4 to offset 16 of size 4
   data = 0x40 0x00 0x00 0x00 
(0.047413) CudaRuntime.cpp:142:  Mapping parameter at offset 20 of size 4 to offset 20 of size 4
   data = 0x40 0x00 0x00 0x00 
(0.047417) CudaRuntime.cpp:2685: kernel launch (_Z13copySharedMemPfS_ii) on thread 0x1686ec0
(0.047426) CudaRuntime.cpp:2706:  launch completed successfully
(0.061195) CudaRuntime.cpp:2609: cudaConfigureCall()
(0.061222) CudaRuntime.cpp:2631: cudaSetupArgument() - offset 0, size 8
(0.061239) CudaRuntime.cpp:2631: cudaSetupArgument() - offset 8, size 8
(0.061257) CudaRuntime.cpp:2631: cudaSetupArgument() - offset 16, size 4
(0.061285) CudaRuntime.cpp:2631: cudaSetupArgument() - offset 20, size 4
(0.061327) CudaRuntime.cpp:142:  Mapping parameter at offset 0 of size 8 to offset 0 of size 8
   data = 0x00 0xab 0x69 0x01 0x00 0x00 0x00 0x00 
(0.061357) CudaRuntime.cpp:142:  Mapping parameter at offset 8 of size 8 to offset 8 of size 8
   data = 0x00 0x6a 0x69 0x01 0x00 0x00 0x00 0x00 
(0.061385) CudaRuntime.cpp:142:  Mapping parameter at offset 16 of size 4 to offset 16 of size 4
   data = 0x40 0x00 0x00 0x00 
(0.061415) CudaRuntime.cpp:142:  Mapping parameter at offset 20 of size 4 to offset 20 of size 4
   data = 0x40 0x00 0x00 0x00 
(0.061439) CudaRuntime.cpp:2685: kernel launch (_Z13copySharedMemPfS_ii) on thread 0x1686ec0
(0.061483) CudaRuntime.cpp:2706:  launch completed successfully
(0.081411) CudaRuntime.cpp:1131: cudaMemcpy(0x168e7f0, 0x169ab00, 16384)
(0.081428) CudaRuntime.cpp:215:    _memcpy(0x168e7f0, 0x169ab00, 16384 bytes) d-to-h
(0.081493) CudaRuntime.cpp:1131: cudaMemcpy(0x168e7f0, 0x169ab00, 16384)
(0.081513) CudaRuntime.cpp:215:    _memcpy(0x168e7f0, 0x169ab00, 16384 bytes) d-to-h
transpose shared memory copy, Throughput = 0.0015 GB/s, Time = 20.22600 ms, Size = 4096 fp32 elements, NumDevsUsed = 1, Workgroup = 256
(0.081588) CudaRuntime.cpp:2609: cudaConfigureCall()
(0.081598) CudaRuntime.cpp:2631: cudaSetupArgument() - offset 0, size 8
(0.081606) CudaRuntime.cpp:2631: cudaSetupArgument() - offset 8, size 8
(0.081615) CudaRuntime.cpp:2631: cudaSetupArgument() - offset 16, size 4
(0.081623) CudaRuntime.cpp:2631: cudaSetupArgument() - offset 20, size 4
(0.081646) CudaRuntime.cpp:142:  Mapping parameter at offset 0 of size 8 to offset 0 of size 8
   data = 0x00 0xab 0x69 0x01 0x00 0x00 0x00 0x00 
(0.081660) CudaRuntime.cpp:142:  Mapping parameter at offset 8 of size 8 to offset 8 of size 8
   data = 0x00 0x6a 0x69 0x01 0x00 0x00 0x00 0x00 
(0.081671) CudaRuntime.cpp:142:  Mapping parameter at offset 16 of size 4 to offset 16 of size 4
   data = 0x40 0x00 0x00 0x00 
(0.081683) CudaRuntime.cpp:142:  Mapping parameter at offset 20 of size 4 to offset 20 of size 4
   data = 0x40 0x00 0x00 0x00 
(0.081692) CudaRuntime.cpp:2685: kernel launch (_Z14transposeNaivePfS_ii) on thread 0x1686ec0
(0.081710) CudaRuntime.cpp:2706:  launch completed successfully
(0.089855) CudaRuntime.cpp:2609: cudaConfigureCall()
(0.089883) CudaRuntime.cpp:2631: cudaSetupArgument() - offset 0, size 8
(0.089908) CudaRuntime.cpp:2631: cudaSetupArgument() - offset 8, size 8
(0.089962) CudaRuntime.cpp:2631: cudaSetupArgument() - offset 16, size 4
(0.089988) CudaRuntime.cpp:2631: cudaSetupArgument() - offset 20, size 4
(0.090034) CudaRuntime.cpp:142:  Mapping parameter at offset 0 of size 8 to offset 0 of size 8
   data = 0x00 0xab 0x69 0x01 0x00 0x00 0x00 0x00 
(0.090072) CudaRuntime.cpp:142:  Mapping parameter at offset 8 of size 8 to offset 8 of size 8
   data = 0x00 0x6a 0x69 0x01 0x00 0x00 0x00 0x00 
(0.090106) CudaRuntime.cpp:142:  Mapping parameter at offset 16 of size 4 to offset 16 of size 4
   data = 0x40 0x00 0x00 0x00 
(0.090140) CudaRuntime.cpp:142:  Mapping parameter at offset 20 of size 4 to offset 20 of size 4
   data = 0x40 0x00 0x00 0x00 
(0.090166) CudaRuntime.cpp:2685: kernel launch (_Z14transposeNaivePfS_ii) on thread 0x1686ec0
(0.090199) CudaRuntime.cpp:2706:  launch completed successfully
(0.098571) CudaRuntime.cpp:1131: cudaMemcpy(0x168e7f0, 0x169ab00, 16384)
(0.098582) CudaRuntime.cpp:215:    _memcpy(0x168e7f0, 0x169ab00, 16384 bytes) d-to-h
(0.098644) CudaRuntime.cpp:1131: cudaMemcpy(0x168e7f0, 0x169ab00, 16384)
(0.098652) CudaRuntime.cpp:215:    _memcpy(0x168e7f0, 0x169ab00, 16384 bytes) d-to-h
transpose naive             , Throughput = 0.0035 GB/s, Time = 8.72684 ms, Size = 4096 fp32 elements, NumDevsUsed = 1, Workgroup = 256
(0.098716) CudaRuntime.cpp:2609: cudaConfigureCall()
(0.098724) CudaRuntime.cpp:2631: cudaSetupArgument() - offset 0, size 8
(0.098732) CudaRuntime.cpp:2631: cudaSetupArgument() - offset 8, size 8
(0.098740) CudaRuntime.cpp:2631: cudaSetupArgument() - offset 16, size 4
(0.098747) CudaRuntime.cpp:2631: cudaSetupArgument() - offset 20, size 4
(0.098764) CudaRuntime.cpp:142:  Mapping parameter at offset 0 of size 8 to offset 0 of size 8
   data = 0x00 0xab 0x69 0x01 0x00 0x00 0x00 0x00 
(0.098776) CudaRuntime.cpp:142:  Mapping parameter at offset 8 of size 8 to offset 8 of size 8
   data = 0x00 0x6a 0x69 0x01 0x00 0x00 0x00 0x00 
(0.098786) CudaRuntime.cpp:142:  Mapping parameter at offset 16 of size 4 to offset 16 of size 4
   data = 0x40 0x00 0x00 0x00 
(0.098796) CudaRuntime.cpp:142:  Mapping parameter at offset 20 of size 4 to offset 20 of size 4
   data = 0x40 0x00 0x00 0x00 
(0.098805) CudaRuntime.cpp:2685: kernel launch (_Z18transposeCoalescedPfS_ii) on thread 0x1686ec0
(0.098820) CudaRuntime.cpp:2706:  launch completed successfully
(0.110026) CudaRuntime.cpp:2609: cudaConfigureCall()
(0.110037) CudaRuntime.cpp:2631: cudaSetupArgument() - offset 0, size 8
(0.110045) CudaRuntime.cpp:2631: cudaSetupArgument() - offset 8, size 8
(0.110052) CudaRuntime.cpp:2631: cudaSetupArgument() - offset 16, size 4
(0.110070) CudaRuntime.cpp:2631: cudaSetupArgument() - offset 20, size 4
(0.110086) CudaRuntime.cpp:142:  Mapping parameter at offset 0 of size 8 to offset 0 of size 8
   data = 0x00 0xab 0x69 0x01 0x00 0x00 0x00 0x00 
(0.110098) CudaRuntime.cpp:142:  Mapping parameter at offset 8 of size 8 to offset 8 of size 8
   data = 0x00 0x6a 0x69 0x01 0x00 0x00 0x00 0x00 
(0.110108) CudaRuntime.cpp:142:  Mapping parameter at offset 16 of size 4 to offset 16 of size 4
   data = 0x40 0x00 0x00 0x00 
(0.110118) CudaRuntime.cpp:142:  Mapping parameter at offset 20 of size 4 to offset 20 of size 4
   data = 0x40 0x00 0x00 0x00 
(0.110126) CudaRuntime.cpp:2685: kernel launch (_Z18transposeCoalescedPfS_ii) on thread 0x1686ec0
(0.110141) CudaRuntime.cpp:2706:  launch completed successfully
(0.121546) CudaRuntime.cpp:1131: cudaMemcpy(0x168e7f0, 0x169ab00, 16384)
(0.121573) CudaRuntime.cpp:215:    _memcpy(0x168e7f0, 0x169ab00, 16384 bytes) d-to-h
(0.121691) CudaRuntime.cpp:1131: cudaMemcpy(0x168e7f0, 0x169ab00, 16384)
(0.121708) CudaRuntime.cpp:215:    _memcpy(0x168e7f0, 0x169ab00, 16384 bytes) d-to-h
transpose coalesced         , Throughput = 0.0027 GB/s, Time = 11.50012 ms, Size = 4096 fp32 elements, NumDevsUsed = 1, Workgroup = 256
(0.121840) CudaRuntime.cpp:2609: cudaConfigureCall()
(0.121856) CudaRuntime.cpp:2631: cudaSetupArgument() - offset 0, size 8
(0.121871) CudaRuntime.cpp:2631: cudaSetupArgument() - offset 8, size 8
(0.121885) CudaRuntime.cpp:2631: cudaSetupArgument() - offset 16, size 4
(0.121899) CudaRuntime.cpp:2631: cudaSetupArgument() - offset 20, size 4
(0.121965) CudaRuntime.cpp:142:  Mapping parameter at offset 0 of size 8 to offset 0 of size 8
   data = 0x00 0xab 0x69 0x01 0x00 0x00 0x00 0x00 
(0.121987) CudaRuntime.cpp:142:  Mapping parameter at offset 8 of size 8 to offset 8 of size 8
   data = 0x00 0x6a 0x69 0x01 0x00 0x00 0x00 0x00 
(0.122005) CudaRuntime.cpp:142:  Mapping parameter at offset 16 of size 4 to offset 16 of size 4
   data = 0x40 0x00 0x00 0x00 
(0.122023) CudaRuntime.cpp:142:  Mapping parameter at offset 20 of size 4 to offset 20 of size 4
   data = 0x40 0x00 0x00 0x00 
(0.122039) CudaRuntime.cpp:2685: kernel launch (_Z24transposeNoBankConflictsPfS_ii) on thread 0x1686ec0
(0.122065) CudaRuntime.cpp:2706:  launch completed successfully
(0.132830) CudaRuntime.cpp:2609: cudaConfigureCall()
(0.132852) CudaRuntime.cpp:2631: cudaSetupArgument() - offset 0, size 8
(0.132861) CudaRuntime.cpp:2631: cudaSetupArgument() - offset 8, size 8
(0.132869) CudaRuntime.cpp:2631: cudaSetupArgument() - offset 16, size 4
(0.132876) CudaRuntime.cpp:2631: cudaSetupArgument() - offset 20, size 4
(0.132897) CudaRuntime.cpp:142:  Mapping parameter at offset 0 of size 8 to offset 0 of size 8
   data = 0x00 0xab 0x69 0x01 0x00 0x00 0x00 0x00 
(0.132910) CudaRuntime.cpp:142:  Mapping parameter at offset 8 of size 8 to offset 8 of size 8
   data = 0x00 0x6a 0x69 0x01 0x00 0x00 0x00 0x00 
(0.132921) CudaRuntime.cpp:142:  Mapping parameter at offset 16 of size 4 to offset 16 of size 4
   data = 0x40 0x00 0x00 0x00 
(0.132931) CudaRuntime.cpp:142:  Mapping parameter at offset 20 of size 4 to offset 20 of size 4
   data = 0x40 0x00 0x00 0x00 
(0.132939) CudaRuntime.cpp:2685: kernel launch (_Z24transposeNoBankConflictsPfS_ii) on thread 0x1686ec0
(0.132958) CudaRuntime.cpp:2706:  launch completed successfully
(0.143911) CudaRuntime.cpp:1131: cudaMemcpy(0x168e7f0, 0x169ab00, 16384)
(0.143927) CudaRuntime.cpp:215:    _memcpy(0x168e7f0, 0x169ab00, 16384 bytes) d-to-h
(0.143990) CudaRuntime.cpp:1131: cudaMemcpy(0x168e7f0, 0x169ab00, 16384)
(0.143998) CudaRuntime.cpp:215:    _memcpy(0x168e7f0, 0x169ab00, 16384 bytes) d-to-h
transpose optimized         , Throughput = 0.0028 GB/s, Time = 11.08575 ms, Size = 4096 fp32 elements, NumDevsUsed = 1, Workgroup = 256
(0.144065) CudaRuntime.cpp:2609: cudaConfigureCall()
(0.144074) CudaRuntime.cpp:2631: cudaSetupArgument() - offset 0, size 8
(0.144082) CudaRuntime.cpp:2631: cudaSetupArgument() - offset 8, size 8
(0.144090) CudaRuntime.cpp:2631: cudaSetupArgument() - offset 16, size 4
(0.144110) CudaRuntime.cpp:2631: cudaSetupArgument() - offset 20, size 4
(0.144133) CudaRuntime.cpp:142:  Mapping parameter at offset 0 of size 8 to offset 0 of size 8
   data = 0x00 0xab 0x69 0x01 0x00 0x00 0x00 0x00 
(0.144145) CudaRuntime.cpp:142:  Mapping parameter at offset 8 of size 8 to offset 8 of size 8
   data = 0x00 0x6a 0x69 0x01 0x00 0x00 0x00 0x00 
(0.144156) CudaRuntime.cpp:142:  Mapping parameter at offset 16 of size 4 to offset 16 of size 4
   data = 0x40 0x00 0x00 0x00 
(0.144168) CudaRuntime.cpp:142:  Mapping parameter at offset 20 of size 4 to offset 20 of size 4
   data = 0x40 0x00 0x00 0x00 
(0.144177) CudaRuntime.cpp:2685: kernel launch (_Z22transposeCoarseGrainedPfS_ii) on thread 0x1686ec0
(0.144193) CudaRuntime.cpp:2706:  launch completed successfully
(0.154166) CudaRuntime.cpp:2609: cudaConfigureCall()
(0.154196) CudaRuntime.cpp:2631: cudaSetupArgument() - offset 0, size 8
(0.154222) CudaRuntime.cpp:2631: cudaSetupArgument() - offset 8, size 8
(0.154244) CudaRuntime.cpp:2631: cudaSetupArgument() - offset 16, size 4
(0.154272) CudaRuntime.cpp:2631: cudaSetupArgument() - offset 20, size 4
(0.154318) CudaRuntime.cpp:142:  Mapping parameter at offset 0 of size 8 to offset 0 of size 8
   data = 0x00 0xab 0x69 0x01 0x00 0x00 0x00 0x00 
(0.154356) CudaRuntime.cpp:142:  Mapping parameter at offset 8 of size 8 to offset 8 of size 8
   data = 0x00 0x6a 0x69 0x01 0x00 0x00 0x00 0x00 
(0.154390) CudaRuntime.cpp:142:  Mapping parameter at offset 16 of size 4 to offset 16 of size 4
   data = 0x40 0x00 0x00 0x00 
(0.154424) CudaRuntime.cpp:142:  Mapping parameter at offset 20 of size 4 to offset 20 of size 4
   data = 0x40 0x00 0x00 0x00 
(0.154450) CudaRuntime.cpp:2685: kernel launch (_Z22transposeCoarseGrainedPfS_ii) on thread 0x1686ec0
(0.154484) CudaRuntime.cpp:2706:  launch completed successfully
(0.164913) CudaRuntime.cpp:1131: cudaMemcpy(0x168e7f0, 0x169ab00, 16384)
(0.164948) CudaRuntime.cpp:215:    _memcpy(0x168e7f0, 0x169ab00, 16384 bytes) d-to-h
(0.165062) CudaRuntime.cpp:1131: cudaMemcpy(0x168e7f0, 0x169ab00, 16384)
(0.165088) CudaRuntime.cpp:215:    _memcpy(0x168e7f0, 0x169ab00, 16384 bytes) d-to-h
transpose coarse-grained    , Throughput = 0.0028 GB/s, Time = 10.74815 ms, Size = 4096 fp32 elements, NumDevsUsed = 1, Workgroup = 256
(0.165168) CudaRuntime.cpp:2609: cudaConfigureCall()
(0.165182) CudaRuntime.cpp:2631: cudaSetupArgument() - offset 0, size 8
(0.165195) CudaRuntime.cpp:2631: cudaSetupArgument() - offset 8, size 8
(0.165207) CudaRuntime.cpp:2631: cudaSetupArgument() - offset 16, size 4
(0.165220) CudaRuntime.cpp:2631: cudaSetupArgument() - offset 20, size 4
(0.165250) CudaRuntime.cpp:142:  Mapping parameter at offset 0 of size 8 to offset 0 of size 8
   data = 0x00 0xab 0x69 0x01 0x00 0x00 0x00 0x00 
(0.165271) CudaRuntime.cpp:142:  Mapping parameter at offset 8 of size 8 to offset 8 of size 8
   data = 0x00 0x6a 0x69 0x01 0x00 0x00 0x00 0x00 
(0.165290) CudaRuntime.cpp:142:  Mapping parameter at offset 16 of size 4 to offset 16 of size 4
   data = 0x40 0x00 0x00 0x00 
(0.165308) CudaRuntime.cpp:142:  Mapping parameter at offset 20 of size 4 to offset 20 of size 4
   data = 0x40 0x00 0x00 0x00 
(0.165323) CudaRuntime.cpp:2685: kernel launch (_Z20transposeFineGrainedPfS_ii) on thread 0x1686ec0
(0.165353) CudaRuntime.cpp:2706:  launch completed successfully
(0.176951) CudaRuntime.cpp:2609: cudaConfigureCall()
(0.176982) CudaRuntime.cpp:2631: cudaSetupArgument() - offset 0, size 8
(0.177008) CudaRuntime.cpp:2631: cudaSetupArgument() - offset 8, size 8
(0.177032) CudaRuntime.cpp:2631: cudaSetupArgument() - offset 16, size 4
(0.177056) CudaRuntime.cpp:2631: cudaSetupArgument() - offset 20, size 4
(0.177104) CudaRuntime.cpp:142:  Mapping parameter at offset 0 of size 8 to offset 0 of size 8
   data = 0x00 0xab 0x69 0x01 0x00 0x00 0x00 0x00 
(0.177142) CudaRuntime.cpp:142:  Mapping parameter at offset 8 of size 8 to offset 8 of size 8
   data = 0x00 0x6a 0x69 0x01 0x00 0x00 0x00 0x00 
(0.177176) CudaRuntime.cpp:142:  Mapping parameter at offset 16 of size 4 to offset 16 of size 4
   data = 0x40 0x00 0x00 0x00 
(0.177225) CudaRuntime.cpp:142:  Mapping parameter at offset 20 of size 4 to offset 20 of size 4
   data = 0x40 0x00 0x00 0x00 
(0.177252) CudaRuntime.cpp:2685: kernel launch (_Z20transposeFineGrainedPfS_ii) on thread 0x1686ec0
(0.177286) CudaRuntime.cpp:2706:  launch completed successfully
(0.206671) CudaRuntime.cpp:1131: cudaMemcpy(0x168e7f0, 0x169ab00, 16384)
(0.206707) CudaRuntime.cpp:215:    _memcpy(0x168e7f0, 0x169ab00, 16384 bytes) d-to-h
(0.206779) CudaRuntime.cpp:1131: cudaMemcpy(0x168e7f0, 0x169ab00, 16384)
(0.206786) CudaRuntime.cpp:215:    _memcpy(0x168e7f0, 0x169ab00, 16384 bytes) d-to-h
transpose fine-grained      , Throughput = 0.0010 GB/s, Time = 29.70934 ms, Size = 4096 fp32 elements, NumDevsUsed = 1, Workgroup = 256
(0.206854) CudaRuntime.cpp:2609: cudaConfigureCall()
(0.206863) CudaRuntime.cpp:2631: cudaSetupArgument() - offset 0, size 8
(0.206871) CudaRuntime.cpp:2631: cudaSetupArgument() - offset 8, size 8
(0.206878) CudaRuntime.cpp:2631: cudaSetupArgument() - offset 16, size 4
(0.206886) CudaRuntime.cpp:2631: cudaSetupArgument() - offset 20, size 4
(0.206908) CudaRuntime.cpp:142:  Mapping parameter at offset 0 of size 8 to offset 0 of size 8
   data = 0x00 0xab 0x69 0x01 0x00 0x00 0x00 0x00 
(0.206920) CudaRuntime.cpp:142:  Mapping parameter at offset 8 of size 8 to offset 8 of size 8
   data = 0x00 0x6a 0x69 0x01 0x00 0x00 0x00 0x00 
(0.206931) CudaRuntime.cpp:142:  Mapping parameter at offset 16 of size 4 to offset 16 of size 4
   data = 0x40 0x00 0x00 0x00 
(0.206941) CudaRuntime.cpp:142:  Mapping parameter at offset 20 of size 4 to offset 20 of size 4
   data = 0x40 0x00 0x00 0x00 
(0.206949) CudaRuntime.cpp:2685: kernel launch (_Z17transposeDiagonalPfS_ii) on thread 0x1686ec0
(0.206967) CudaRuntime.cpp:2706:  launch completed successfully
(0.226213) CudaRuntime.cpp:2609: cudaConfigureCall()
(0.226232) CudaRuntime.cpp:2631: cudaSetupArgument() - offset 0, size 8
(0.226241) CudaRuntime.cpp:2631: cudaSetupArgument() - offset 8, size 8
(0.226248) CudaRuntime.cpp:2631: cudaSetupArgument() - offset 16, size 4
(0.226255) CudaRuntime.cpp:2631: cudaSetupArgument() - offset 20, size 4
(0.226279) CudaRuntime.cpp:142:  Mapping parameter at offset 0 of size 8 to offset 0 of size 8
   data = 0x00 0xab 0x69 0x01 0x00 0x00 0x00 0x00 
(0.226292) CudaRuntime.cpp:142:  Mapping parameter at offset 8 of size 8 to offset 8 of size 8
   data = 0x00 0x6a 0x69 0x01 0x00 0x00 0x00 0x00 
(0.226302) CudaRuntime.cpp:142:  Mapping parameter at offset 16 of size 4 to offset 16 of size 4
   data = 0x40 0x00 0x00 0x00 
(0.226312) CudaRuntime.cpp:142:  Mapping parameter at offset 20 of size 4 to offset 20 of size 4
   data = 0x40 0x00 0x00 0x00 
(0.226321) CudaRuntime.cpp:2685: kernel launch (_Z17transposeDiagonalPfS_ii) on thread 0x1686ec0
(0.226338) CudaRuntime.cpp:2706:  launch completed successfully
(0.247511) CudaRuntime.cpp:1131: cudaMemcpy(0x168e7f0, 0x169ab00, 16384)
(0.247544) CudaRuntime.cpp:215:    _memcpy(0x168e7f0, 0x169ab00, 16384 bytes) d-to-h
(0.247626) CudaRuntime.cpp:1131: cudaMemcpy(0x168e7f0, 0x169ab00, 16384)
(0.247650) CudaRuntime.cpp:215:    _memcpy(0x168e7f0, 0x169ab00, 16384 bytes) d-to-h
transpose diagonal          , Throughput = 0.0014 GB/s, Time = 21.29316 ms, Size = 4096 fp32 elements, NumDevsUsed = 1, Workgroup = 256
(0.247744) CudaRuntime.cpp:887:  cudaFree(0x1696a00)
(0.247774) CudaRuntime.cpp:887:  cudaFree(0x169ab00)
Test passed
