options: Options {
    input: "/benchrun/accelsim-sass/cuda6-transpose/sm6_gtx1080/input-repeat3-dimx32-dimy32/results/log.txt",
    output: "/benchrun/accelsim-sass/cuda6-transpose/sm6_gtx1080/input-repeat3-dimx32-dimy32/results/stats.csv",
    per_kernel: false,
    kernel_instance: false,
    configs_as_rows: false,
    config_list: None,
    benchmark_list: None,
    sim_name: None,
    strict: false,
}
GPGPU-sim version: Some("accelsim-commit-e02c99dbadefc0b9dc95317100be2a446eec142c_modified_0.0")
stats: {
    (
        "final_kernel",
        0,
        "gpu_occupancy",
    ): 12.3356,
    (
        "final_kernel",
        0,
        "l2_cache_write_hit",
    ): 3776.0,
    (
        "final_kernel",
        0,
        "l2_cache_write_miss",
    ): 32.0,
    (
        "final_kernel",
        0,
        "gpu_tot_sim_cycle",
    ): 22039.0,
    (
        "final_kernel",
        0,
        "gpgpu_simulation_rate",
    ): 5509.0,
    (
        "final_kernel",
        0,
        "gpu_tot_ipc",
    ): 51.3417,
    (
        "final_kernel",
        0,
        "total_dram_reads",
    ): 292.0,
    (
        "final_kernel",
        0,
        "gpgpu_simulation_time_sec",
    ): 4.0,
    (
        "final_kernel",
        0,
        "gpu_ipc",
    ): 51.0075,
    (
        "final_kernel",
        0,
        "gpgpu_silicon_slowdown",
    ): 291704.0,
    (
        "final_kernel",
        0,
        "l2_cache_read_hit",
    ): 1984.0,
    (
        "final_kernel",
        0,
        "l2_bandwidth_gbps",
    ): 10.8325,
    (
        "final_kernel",
        0,
        "kernel_launch_uid",
    ): 32.0,
    (
        "final_kernel",
        0,
        "total_core_cache_read_hit",
    ): 0.0,
    (
        "final_kernel",
        0,
        "gpu_total_instructions",
    ): 1131520.0,
    (
        "final_kernel",
        0,
        "l2_cache_write_total",
    ): 3840.0,
    (
        "final_kernel",
        0,
        "gpgpu_n_tot_w_icount",
    ): 35840.0,
    (
        "final_kernel",
        0,
        "total_core_cache_write_hit",
    ): 0.0,
    (
        "final_kernel",
        0,
        "total_dram_writes",
    ): 128.0,
    (
        "final_kernel",
        0,
        "l2_cache_read_miss",
    ): 32.0,
    (
        "final_kernel",
        0,
        "l2_cache_read_total",
    ): 2048.0,
    (
        "final_kernel",
        0,
        "total_core_cache_read_mshr_hit",
    ): 0.0,
}
done in 102.381066ms: 1.40 MiB parsed (16.00 EiB/s)
