options: Options {
    input: "/benchrun/tejas/sm86_a4000/cuda6-transpose/input-repeat1-dimx64-dimy64/results/stats.txt",
    output: "/benchrun/tejas/sm86_a4000/cuda6-transpose/input-repeat1-dimx64-dimy64/results/stats.csv",
}
stats: Stats {
    emulator_type: Some(
        "OCELOT",
    ),
    created: None,
    sim_time: Some(
        117.373s,
    ),
    total_inst_count: Some(
        9216,
    ),
    total_cycle_count: Some(
        9489,
    ),
    dram_total_reads: 0,
    dram_total_writes: 0,
    dram_avg_read_latency: Some(
        0.0,
    ),
    total_instr_cache_access: Some(
        0,
    ),
    total_const_cache_access: Some(
        0,
    ),
    total_shared_cache_access: Some(
        0,
    ),
    total_instr_cache_misses: Some(
        16,
    ),
    total_const_cache_misses: Some(
        272,
    ),
    total_shared_cache_misses: Some(
        0,
    ),
    kips: Some(
        0.07851890980037998,
    ),
    total_ipc: Some(
        0.9712298450837812,
    ),
}
done after 36.130461ms
