options: Options {
    input: "/benchrun/accelsim-ptx/babelstream/sm86_rtx3070/input-arraysize-10240-numtimes-1/results/log.txt",
    output: "/benchrun/accelsim-ptx/babelstream/sm86_rtx3070/input-arraysize-10240-numtimes-1/results/stats.csv",
    per_kernel: false,
    kernel_instance: false,
    configs_as_rows: false,
    config_list: None,
    benchmark_list: None,
    sim_name: None,
    strict: false,
}
GPGPU-sim version: Some("gpgpu-sim_git-commit-13c67115070dc2f0876254a790d0238073ca364a_modified_0.0")
stats: {
    (
        "final_kernel",
        0,
        "l2_cache_read_total",
    ): 20480.0,
    (
        "final_kernel",
        0,
        "gpu_tot_ipc",
    ): 629.8882,
    (
        "final_kernel",
        0,
        "total_dram_reads",
    ): 0.0,
    (
        "final_kernel",
        0,
        "total_core_cache_write_total",
    ): 18176.0,
    (
        "final_kernel",
        0,
        "gpgpu_n_tot_w_icount",
    ): 1107392.0,
    (
        "final_kernel",
        0,
        "l2_cache_read_miss",
    ): 0.0,
    (
        "final_kernel",
        0,
        "total_core_cache_read_hit",
    ): 0.0,
    (
        "final_kernel",
        0,
        "total_core_cache_write_hit",
    ): 0.0,
    (
        "final_kernel",
        0,
        "l2_bandwidth_gbps",
    ): 8.4895,
    (
        "final_kernel",
        0,
        "gpu_tot_sim_cycle",
    ): 54495.0,
    (
        "final_kernel",
        0,
        "gpu_ipc",
    ): 1457.1097,
    (
        "final_kernel",
        0,
        "kernel_launch_uid",
    ): 6.0,
    (
        "final_kernel",
        0,
        "gpgpu_silicon_slowdown",
    ): 1788309.0,
    (
        "final_kernel",
        0,
        "total_core_cache_read_mshr_hit",
    ): 0.0,
    (
        "final_kernel",
        0,
        "gpgpu_simulation_time_sec",
    ): 86.0,
    (
        "final_kernel",
        0,
        "l2_cache_read_hit",
    ): 20480.0,
    (
        "final_kernel",
        0,
        "total_core_cache_read_total",
    ): 20480.0,
    (
        "final_kernel",
        0,
        "gpgpu_simulation_rate",
    ): 633.0,
    (
        "final_kernel",
        0,
        "l2_cache_write_total",
    ): 18176.0,
    (
        "final_kernel",
        0,
        "l2_cache_write_miss",
    ): 1936.0,
    (
        "final_kernel",
        0,
        "l2_cache_write_hit",
    ): 10432.0,
    (
        "final_kernel",
        0,
        "total_dram_writes",
    ): 0.0,
    (
        "final_kernel",
        0,
        "gpu_occupancy",
    ): 58.3737,
    (
        "final_kernel",
        0,
        "gpu_total_instructions",
    ): 34325760.0,
}
done in 40.169841ms: 487.34 KiB parsed (16.00 EiB/s)
