options: Options {
    input: "/benchrun/accelsim-sass/sm6_gtx1080/babelstream/input-arraysize-1024-numtimes-2/results/log.txt",
    output: "/benchrun/accelsim-sass/sm6_gtx1080/babelstream/input-arraysize-1024-numtimes-2/results/stats.csv",
    per_kernel: false,
    kernel_instance: false,
    configs_as_rows: false,
    config_list: None,
    benchmark_list: None,
    sim_name: None,
    strict: false,
}
GPGPU-sim version: Some("accelsim-commit-e02c99dbadefc0b9dc95317100be2a446eec142c_modified_0.0")
stats: {
    (
        "final_kernel",
        0,
        "gpu_tot_sim_cycle",
    ): 83913.0,
    (
        "final_kernel",
        0,
        "l2_cache_read_hit",
    ): 1024.0,
    (
        "final_kernel",
        0,
        "total_core_cache_read_mshr_hit",
    ): 0.0,
    (
        "final_kernel",
        0,
        "gpgpu_simulation_time_sec",
    ): 47.0,
    (
        "final_kernel",
        0,
        "gpgpu_silicon_slowdown",
    ): 900280.0,
    (
        "final_kernel",
        0,
        "total_core_cache_read_hit",
    ): 0.0,
    (
        "final_kernel",
        0,
        "l2_bandwidth_gbps",
    ): 0.5563,
    (
        "final_kernel",
        0,
        "gpu_ipc",
    ): 832.9261,
    (
        "final_kernel",
        0,
        "gpu_total_instructions",
    ): 59451904.0,
    (
        "final_kernel",
        0,
        "kernel_launch_uid",
    ): 11.0,
    (
        "final_kernel",
        0,
        "gpu_occupancy",
    ): 94.5678,
    (
        "final_kernel",
        0,
        "l2_cache_read_total",
    ): 1024.0,
    (
        "final_kernel",
        0,
        "total_core_cache_write_hit",
    ): 0.0,
    (
        "final_kernel",
        0,
        "gpgpu_simulation_rate",
    ): 1785.0,
    (
        "final_kernel",
        0,
        "l2_cache_write_miss",
    ): 208.0,
    (
        "final_kernel",
        0,
        "l2_cache_write_hit",
    ): 953.0,
    (
        "final_kernel",
        0,
        "gpu_tot_ipc",
    ): 708.4946,
    (
        "final_kernel",
        0,
        "l2_cache_read_miss",
    ): 0.0,
    (
        "final_kernel",
        0,
        "total_dram_writes",
    ): 839.0,
    (
        "final_kernel",
        0,
        "l2_cache_write_total",
    ): 1216.0,
    (
        "final_kernel",
        0,
        "total_dram_reads",
    ): 856.0,
    (
        "final_kernel",
        0,
        "gpgpu_n_tot_w_icount",
    ): 2779584.0,
}
done in 41.468654ms: 528.81 KiB parsed (16.00 EiB/s)
