Arguments: macsim --out=/benchrun/macsim/cuda6-transpose/sm86_rtx3070/input-repeat1-dimx32-dimy32/results/stats 
src/macsim.cc:122: (I=0  C=0):  initialize knobs
number of cores : 46
src/macsim.cc:537: (I=0  C=0):  initialize simulation
src/macsim.cc:323: (I=0  C=0):  initialize cores (0/0/46)
src/memory.cc:1568: (I=0  C=0):  Memory system(l2_decoupled_network) has been initialized.
src/network_simple.cc:92: (I=0  C=0):  TOTAL_ROUTER:69 CPU:0 GPU:46 L3:1 LLC:6 MC:16
enabling bug detector
src/macsim.cc:750: (I=0  C=0):  Initializing new noc

src/macsim.cc:838: (I=0  C=0):  Clock LCM           : 385
src/macsim.cc:839: (I=0  C=0):  CPU clock frequency : 1 GHz
src/macsim.cc:840: (I=0  C=0):  GPU clock frequency : 1.132 GHz
src/macsim.cc:841: (I=0  C=0):  LLC clock frequency : 1.132 GHz
src/macsim.cc:842: (I=0  C=0):  NOC clock frequency : 1.132 GHz
src/macsim.cc:843: (I=0  C=0):  MC  clock frequency : 3.5005 GHz
src/process_manager.cc:434: (I=0  C=0):  setup_process:0 /benchrun/macsim/cuda6-transpose/sm86_rtx3070/input-repeat1-dimx32-dimy32/results/traces/_Z4copyPfS_ii_0/Trace.txt current_index:0 (16)
trace:/benchrun/macsim/cuda6-transpose/sm86_rtx3070/input-repeat1-dimx32-dimy32/results/traces/_Z4copyPfS_ii_0/Trace.txt is opened 
src/process_manager.cc:541: (I=0  C=0):  thread_count:32
**Core 00 Thread 05 Finished:   insts:20          cycles:444        (15505)  seconds:1     -- 0.05 IPC (0.05 IPC) --  N/A  KHz (0.02 KHz) 
**Core 01 Thread 05 Finished:   insts:20          cycles:444        (15505)  seconds:1     -- 0.05 IPC (0.05 IPC) --  N/A  KHz (0.02 KHz) 
**Core 02 Thread 05 Finished:   insts:20          cycles:455        (15890)  seconds:0     -- 0.04 IPC (0.04 IPC) --  N/A  KHz (inf KHz) 
**Core 03 Thread 05 Finished:   insts:20          cycles:455        (15890)  seconds:0     -- 0.04 IPC (0.04 IPC) --  N/A  KHz (inf KHz) 
**Core 00 Thread 06 Finished:   insts:20          cycles:474        (16555)  seconds:1     -- 0.04 IPC (0.04 IPC) --  N/A  KHz (0.02 KHz) 
**Core 01 Thread 06 Finished:   insts:20          cycles:475        (16590)  seconds:1     -- 0.04 IPC (0.04 IPC) --  N/A  KHz (0.02 KHz) 
**Core 03 Thread 07 Finished:   insts:20          cycles:480        (16765)  seconds:0     -- 0.04 IPC (0.04 IPC) --  N/A  KHz (inf KHz) 
**Core 02 Thread 07 Finished:   insts:20          cycles:481        (16800)  seconds:0     -- 0.04 IPC (0.04 IPC) --  N/A  KHz (inf KHz) 
**Core 02 Thread 06 Finished:   insts:20          cycles:499        (17430)  seconds:0     -- 0.04 IPC (0.04 IPC) --  N/A  KHz (inf KHz) 
**Core 03 Thread 06 Finished:   insts:20          cycles:500        (17465)  seconds:0     -- 0.04 IPC (0.04 IPC) --  N/A  KHz (inf KHz) 
**Core 02 Thread 01 Finished:   insts:20          cycles:504        (17605)  seconds:0     -- 0.04 IPC (0.04 IPC) --  N/A  KHz (inf KHz) 
**Core 03 Thread 01 Finished:   insts:20          cycles:504        (17605)  seconds:0     -- 0.04 IPC (0.04 IPC) --  N/A  KHz (inf KHz) 
**Core 00 Thread 01 Finished:   insts:20          cycles:505        (17640)  seconds:1     -- 0.04 IPC (0.04 IPC) --  N/A  KHz (0.02 KHz) 
**Core 01 Thread 01 Finished:   insts:20          cycles:505        (17640)  seconds:1     -- 0.04 IPC (0.04 IPC) --  N/A  KHz (0.02 KHz) 
**Core 02 Thread 02 Finished:   insts:20          cycles:522        (18235)  seconds:0     -- 0.04 IPC (0.04 IPC) --  N/A  KHz (inf KHz) 
**Core 03 Thread 02 Finished:   insts:20          cycles:522        (18235)  seconds:0     -- 0.04 IPC (0.04 IPC) --  N/A  KHz (inf KHz) 
**Core 00 Thread 02 Finished:   insts:20          cycles:536        (18725)  seconds:1     -- 0.04 IPC (0.04 IPC) --  N/A  KHz (0.02 KHz) 
**Core 01 Thread 02 Finished:   insts:20          cycles:536        (18725)  seconds:1     -- 0.04 IPC (0.04 IPC) --  N/A  KHz (0.02 KHz) 
**Core 02 Thread 04 Finished:   insts:20          cycles:542        (18935)  seconds:0     -- 0.04 IPC (0.04 IPC) --  N/A  KHz (inf KHz) 
**Core 03 Thread 04 Finished:   insts:20          cycles:542        (18935)  seconds:0     -- 0.04 IPC (0.04 IPC) --  N/A  KHz (inf KHz) 
**Core 00 Thread 04 Finished:   insts:20          cycles:566        (19775)  seconds:1     -- 0.04 IPC (0.04 IPC) --  N/A  KHz (0.02 KHz) 
**Core 01 Thread 04 Finished:   insts:20          cycles:566        (19775)  seconds:1     -- 0.04 IPC (0.04 IPC) --  N/A  KHz (0.02 KHz) 
**Core 02 Thread 00 Finished:   insts:20          cycles:575        (20090)  seconds:0     -- 0.03 IPC (0.03 IPC) --  N/A  KHz (inf KHz) 
**Core 03 Thread 00 Finished:   insts:20          cycles:575        (20090)  seconds:0     -- 0.03 IPC (0.03 IPC) --  N/A  KHz (inf KHz) 
**Core 00 Thread 00 Finished:   insts:20          cycles:585        (20440)  seconds:1     -- 0.03 IPC (0.03 IPC) --  N/A  KHz (0.02 KHz) 
**Core 01 Thread 00 Finished:   insts:20          cycles:585        (20440)  seconds:1     -- 0.03 IPC (0.03 IPC) --  N/A  KHz (0.02 KHz) 
**Core 00 Thread 03 Finished:   insts:20          cycles:603        (21070)  seconds:1     -- 0.03 IPC (0.03 IPC) --  N/A  KHz (0.02 KHz) 
**Core 01 Thread 03 Finished:   insts:20          cycles:603        (21070)  seconds:1     -- 0.03 IPC (0.03 IPC) --  N/A  KHz (0.02 KHz) 
**Core 00 Thread 07 Finished:   insts:20          cycles:605        (21140)  seconds:1     -- 0.03 IPC (0.03 IPC) --  N/A  KHz (0.02 KHz) 
**Core 00 Core_Total  Finished:   insts:160         cycles:605        (21140) seconds:1     -- 0.26 IPC (0.26 IPC) --  N/A  KHz (0.16 KHz)
**Core 01 Thread 07 Finished:   insts:20          cycles:605        (21140)  seconds:1     -- 0.03 IPC (0.03 IPC) --  N/A  KHz (0.02 KHz) 
**Core 01 Core_Total  Finished:   insts:160         cycles:605        (21140) seconds:1     -- 0.26 IPC (0.26 IPC) --  N/A  KHz (0.16 KHz)
**Core 02 Thread 03 Finished:   insts:20          cycles:624        (21805)  seconds:0     -- 0.03 IPC (0.03 IPC) --  N/A  KHz (inf KHz) 
**Core 02 Core_Total  Finished:   insts:160         cycles:624        (21805) seconds:0     -- 0.26 IPC (0.26 IPC) --  N/A  KHz (inf KHz)
**Core 03 Thread 03 Finished:   insts:20          cycles:624        (21805)  seconds:0     -- 0.03 IPC (0.03 IPC) --  N/A  KHz (inf KHz) 
src/process_manager.cc:434: (I=20  C=21805):  setup_process:0 /benchrun/macsim/cuda6-transpose/sm86_rtx3070/input-repeat1-dimx32-dimy32/results/traces/_Z4copyPfS_ii_1/Trace.txt current_index:1 (16)
trace:/benchrun/macsim/cuda6-transpose/sm86_rtx3070/input-repeat1-dimx32-dimy32/results/traces/_Z4copyPfS_ii_1/Trace.txt is opened 
src/process_manager.cc:541: (I=20  C=21805):  thread_count:32
**Core 03 Thread 08 Finished:   insts:20          cycles:926        (32375)  seconds:0     -- 0.02 IPC (0.02 IPC) --  N/A  KHz (inf KHz) 
**Core 02 Thread 09 Finished:   insts:20          cycles:928        (32445)  seconds:0     -- 0.02 IPC (0.02 IPC) --  N/A  KHz (inf KHz) 
**Core 03 Thread 09 Finished:   insts:20          cycles:928        (32445)  seconds:0     -- 0.02 IPC (0.02 IPC) --  N/A  KHz (inf KHz) 
**Core 00 Thread 09 Finished:   insts:20          cycles:929        (32480)  seconds:1     -- 0.02 IPC (0.02 IPC) --  N/A  KHz (0.02 KHz) 
**Core 01 Thread 09 Finished:   insts:20          cycles:929        (32480)  seconds:1     -- 0.02 IPC (0.02 IPC) --  N/A  KHz (0.02 KHz) 
**Core 02 Thread 10 Finished:   insts:20          cycles:930        (32515)  seconds:0     -- 0.02 IPC (0.02 IPC) --  N/A  KHz (inf KHz) 
**Core 00 Thread 10 Finished:   insts:20          cycles:931        (32550)  seconds:1     -- 0.02 IPC (0.02 IPC) --  N/A  KHz (0.02 KHz) 
**Core 01 Thread 10 Finished:   insts:20          cycles:931        (32550)  seconds:1     -- 0.02 IPC (0.02 IPC) --  N/A  KHz (0.02 KHz) 
**Core 00 Thread 13 Finished:   insts:20          cycles:933        (32620)  seconds:1     -- 0.02 IPC (0.02 IPC) --  N/A  KHz (0.02 KHz) 
**Core 01 Thread 13 Finished:   insts:20          cycles:934        (32655)  seconds:1     -- 0.02 IPC (0.02 IPC) --  N/A  KHz (0.02 KHz) 
**Core 00 Thread 08 Finished:   insts:20          cycles:939        (32830)  seconds:1     -- 0.02 IPC (0.02 IPC) --  N/A  KHz (0.02 KHz) 
**Core 01 Thread 08 Finished:   insts:20          cycles:939        (32830)  seconds:1     -- 0.02 IPC (0.02 IPC) --  N/A  KHz (0.02 KHz) 
**Core 00 Thread 12 Finished:   insts:20          cycles:941        (32900)  seconds:1     -- 0.02 IPC (0.02 IPC) --  N/A  KHz (0.02 KHz) 
**Core 00 Thread 14 Finished:   insts:20          cycles:942        (32935)  seconds:1     -- 0.02 IPC (0.02 IPC) --  N/A  KHz (0.02 KHz) 
**Core 01 Thread 14 Finished:   insts:20          cycles:944        (33005)  seconds:1     -- 0.02 IPC (0.02 IPC) --  N/A  KHz (0.02 KHz) 
**Core 00 Thread 11 Finished:   insts:20          cycles:946        (33075)  seconds:1     -- 0.02 IPC (0.02 IPC) --  N/A  KHz (0.02 KHz) 
**Core 00 Thread 15 Finished:   insts:20          cycles:948        (33145)  seconds:1     -- 0.02 IPC (0.02 IPC) --  N/A  KHz (0.02 KHz) 
**Core 00 Core_Total  Finished:   insts:320         cycles:948        (33145) seconds:1     -- 0.34 IPC (0.34 IPC) --  N/A  KHz (0.32 KHz)
**Core 01 Thread 12 Finished:   insts:20          cycles:950        (33215)  seconds:1     -- 0.02 IPC (0.02 IPC) --  N/A  KHz (0.02 KHz) 
**Core 01 Thread 11 Finished:   insts:20          cycles:952        (33285)  seconds:1     -- 0.02 IPC (0.02 IPC) --  N/A  KHz (0.02 KHz) 
**Core 01 Thread 15 Finished:   insts:20          cycles:954        (33355)  seconds:1     -- 0.02 IPC (0.02 IPC) --  N/A  KHz (0.02 KHz) 
**Core 01 Core_Total  Finished:   insts:320         cycles:954        (33355) seconds:1     -- 0.34 IPC (0.34 IPC) --  N/A  KHz (0.32 KHz)
**Core 02 Thread 13 Finished:   insts:20          cycles:956        (33425)  seconds:0     -- 0.02 IPC (0.02 IPC) --  N/A  KHz (inf KHz) 
**Core 02 Thread 14 Finished:   insts:20          cycles:958        (33495)  seconds:0     -- 0.02 IPC (0.02 IPC) --  N/A  KHz (inf KHz) 
**Core 02 Thread 08 Finished:   insts:20          cycles:960        (33565)  seconds:0     -- 0.02 IPC (0.02 IPC) --  N/A  KHz (inf KHz) 
**Core 02 Thread 12 Finished:   insts:20          cycles:962        (33635)  seconds:0     -- 0.02 IPC (0.02 IPC) --  N/A  KHz (inf KHz) 
**Core 02 Thread 11 Finished:   insts:20          cycles:964        (33705)  seconds:0     -- 0.02 IPC (0.02 IPC) --  N/A  KHz (inf KHz) 
**Core 02 Thread 15 Finished:   insts:20          cycles:965        (33740)  seconds:0     -- 0.02 IPC (0.02 IPC) --  N/A  KHz (inf KHz) 
**Core 02 Core_Total  Finished:   insts:320         cycles:965        (33740) seconds:0     -- 0.33 IPC (0.33 IPC) --  N/A  KHz (inf KHz)
**Core 03 Thread 11 Finished:   insts:20          cycles:967        (33810)  seconds:0     -- 0.02 IPC (0.02 IPC) --  N/A  KHz (inf KHz) 
**Core 03 Thread 12 Finished:   insts:20          cycles:969        (33880)  seconds:0     -- 0.02 IPC (0.02 IPC) --  N/A  KHz (inf KHz) 
**Core 03 Thread 13 Finished:   insts:20          cycles:971        (33950)  seconds:0     -- 0.02 IPC (0.02 IPC) --  N/A  KHz (inf KHz) 
**Core 03 Thread 15 Finished:   insts:20          cycles:973        (34020)  seconds:0     -- 0.02 IPC (0.02 IPC) --  N/A  KHz (inf KHz) 
**Core 03 Thread 10 Finished:   insts:20          cycles:975        (34090)  seconds:0     -- 0.02 IPC (0.02 IPC) --  N/A  KHz (inf KHz) 
**Core 03 Thread 14 Finished:   insts:20          cycles:977        (34160)  seconds:0     -- 0.02 IPC (0.02 IPC) --  N/A  KHz (inf KHz) 
src/process_manager.cc:434: (I=20  C=34160):  setup_process:0 /benchrun/macsim/cuda6-transpose/sm86_rtx3070/input-repeat1-dimx32-dimy32/results/traces/_Z13copySharedMemPfS_ii_0/Trace.txt current_index:2 (16)
trace:/benchrun/macsim/cuda6-transpose/sm86_rtx3070/input-repeat1-dimx32-dimy32/results/traces/_Z13copySharedMemPfS_ii_0/Trace.txt is opened 
src/process_manager.cc:541: (I=20  C=34160):  thread_count:32
**Core 02 Thread 17 Finished:   insts:39          cycles:1594       (55755)  seconds:1     -- 0.02 IPC (0.02 IPC) --  N/A  KHz (0.04 KHz) 
**Core 01 Thread 19 Finished:   insts:39          cycles:1596       (55825)  seconds:2     -- 0.02 IPC (0.02 IPC) --  N/A  KHz (0.02 KHz) 
**Core 00 Thread 18 Finished:   insts:39          cycles:1598       (55895)  seconds:2     -- 0.02 IPC (0.02 IPC) --  N/A  KHz (0.02 KHz) 
**Core 01 Thread 17 Finished:   insts:39          cycles:1599       (55930)  seconds:2     -- 0.02 IPC (0.02 IPC) --  N/A  KHz (0.02 KHz) 
**Core 00 Thread 19 Finished:   insts:39          cycles:1601       (56000)  seconds:2     -- 0.02 IPC (0.02 IPC) --  N/A  KHz (0.02 KHz) 
**Core 00 Thread 16 Finished:   insts:40          cycles:1602       (56035)  seconds:2     -- 0.02 IPC (0.02 IPC) --  N/A  KHz (0.02 KHz) 
**Core 00 Thread 21 Finished:   insts:39          cycles:1604       (56105)  seconds:2     -- 0.02 IPC (0.02 IPC) --  N/A  KHz (0.02 KHz) 
**Core 01 Thread 16 Finished:   insts:40          cycles:1604       (56105)  seconds:2     -- 0.02 IPC (0.02 IPC) --  N/A  KHz (0.02 KHz) 
**Core 01 Thread 21 Finished:   insts:39          cycles:1606       (56175)  seconds:2     -- 0.02 IPC (0.02 IPC) --  N/A  KHz (0.02 KHz) 
**Core 03 Thread 19 Finished:   insts:39          cycles:1606       (56175)  seconds:1     -- 0.02 IPC (0.02 IPC) --  N/A  KHz (0.04 KHz) 
**Core 01 Thread 18 Finished:   insts:39          cycles:1608       (56245)  seconds:2     -- 0.02 IPC (0.02 IPC) --  N/A  KHz (0.02 KHz) 
**Core 02 Thread 19 Finished:   insts:39          cycles:1608       (56245)  seconds:1     -- 0.02 IPC (0.02 IPC) --  N/A  KHz (0.04 KHz) 
**Core 00 Thread 20 Finished:   insts:39          cycles:1610       (56315)  seconds:2     -- 0.02 IPC (0.02 IPC) --  N/A  KHz (0.02 KHz) 
**Core 01 Thread 22 Finished:   insts:39          cycles:1610       (56315)  seconds:2     -- 0.02 IPC (0.02 IPC) --  N/A  KHz (0.02 KHz) 
**Core 01 Thread 20 Finished:   insts:39          cycles:1611       (56350)  seconds:2     -- 0.02 IPC (0.02 IPC) --  N/A  KHz (0.02 KHz) 
**Core 01 Thread 23 Finished:   insts:39          cycles:1612       (56385)  seconds:2     -- 0.02 IPC (0.02 IPC) --  N/A  KHz (0.02 KHz) 
**Core 01 Core_Total  Finished:   insts:633         cycles:1612       (56385) seconds:2     -- 0.39 IPC (0.39 IPC) --  N/A  KHz (0.32 KHz)
**Core 00 Thread 22 Finished:   insts:39          cycles:1613       (56420)  seconds:2     -- 0.02 IPC (0.02 IPC) --  N/A  KHz (0.02 KHz) 
**Core 00 Thread 23 Finished:   insts:39          cycles:1614       (56455)  seconds:2     -- 0.02 IPC (0.02 IPC) --  N/A  KHz (0.02 KHz) 
**Core 02 Thread 20 Finished:   insts:39          cycles:1615       (56490)  seconds:1     -- 0.02 IPC (0.02 IPC) --  N/A  KHz (0.04 KHz) 
**Core 03 Thread 21 Finished:   insts:39          cycles:1616       (56525)  seconds:1     -- 0.02 IPC (0.02 IPC) --  N/A  KHz (0.04 KHz) 
**Core 00 Thread 17 Finished:   insts:39          cycles:1631       (57050)  seconds:2     -- 0.02 IPC (0.02 IPC) --  N/A  KHz (0.02 KHz) 
**Core 00 Core_Total  Finished:   insts:633         cycles:1631       (57050) seconds:2     -- 0.39 IPC (0.39 IPC) --  N/A  KHz (0.32 KHz)
**Core 02 Thread 21 Finished:   insts:39          cycles:1632       (57085)  seconds:1     -- 0.02 IPC (0.02 IPC) --  N/A  KHz (0.04 KHz) 
**Core 02 Thread 22 Finished:   insts:39          cycles:1633       (57120)  seconds:1     -- 0.02 IPC (0.02 IPC) --  N/A  KHz (0.04 KHz) 
**Core 02 Thread 23 Finished:   insts:39          cycles:1634       (57155)  seconds:1     -- 0.02 IPC (0.02 IPC) --  N/A  KHz (0.04 KHz) 
**Core 02 Thread 16 Finished:   insts:40          cycles:1635       (57190)  seconds:1     -- 0.02 IPC (0.02 IPC) --  N/A  KHz (0.04 KHz) 
**Core 02 Thread 18 Finished:   insts:39          cycles:1636       (57225)  seconds:1     -- 0.02 IPC (0.02 IPC) --  N/A  KHz (0.04 KHz) 
**Core 02 Core_Total  Finished:   insts:633         cycles:1636       (57225) seconds:1     -- 0.39 IPC (0.39 IPC) --  N/A  KHz (0.63 KHz)
**Core 03 Thread 18 Finished:   insts:39          cycles:1637       (57260)  seconds:1     -- 0.02 IPC (0.02 IPC) --  N/A  KHz (0.04 KHz) 
**Core 03 Thread 23 Finished:   insts:39          cycles:1638       (57295)  seconds:1     -- 0.02 IPC (0.02 IPC) --  N/A  KHz (0.04 KHz) 
**Core 03 Thread 16 Finished:   insts:40          cycles:1639       (57330)  seconds:1     -- 0.02 IPC (0.02 IPC) --  N/A  KHz (0.04 KHz) 
**Core 03 Thread 17 Finished:   insts:39          cycles:1640       (57365)  seconds:1     -- 0.02 IPC (0.02 IPC) --  N/A  KHz (0.04 KHz) 
**Core 03 Thread 22 Finished:   insts:39          cycles:1641       (57400)  seconds:1     -- 0.02 IPC (0.02 IPC) --  N/A  KHz (0.04 KHz) 
**Core 03 Thread 20 Finished:   insts:39          cycles:1642       (57435)  seconds:1     -- 0.02 IPC (0.02 IPC) --  N/A  KHz (0.04 KHz) 
src/process_manager.cc:434: (I=20  C=57435):  setup_process:0 /benchrun/macsim/cuda6-transpose/sm86_rtx3070/input-repeat1-dimx32-dimy32/results/traces/_Z13copySharedMemPfS_ii_1/Trace.txt current_index:3 (16)
trace:/benchrun/macsim/cuda6-transpose/sm86_rtx3070/input-repeat1-dimx32-dimy32/results/traces/_Z13copySharedMemPfS_ii_1/Trace.txt is opened 
src/process_manager.cc:541: (I=20  C=57435):  thread_count:32
**Core 01 Thread 25 Finished:   insts:39          cycles:2256       (78925)  seconds:2     -- 0.02 IPC (0.02 IPC) --  N/A  KHz (0.02 KHz) 
**Core 00 Thread 26 Finished:   insts:39          cycles:2257       (78960)  seconds:2     -- 0.02 IPC (0.02 IPC) --  N/A  KHz (0.02 KHz) 
**Core 01 Thread 26 Finished:   insts:39          cycles:2259       (79030)  seconds:2     -- 0.02 IPC (0.02 IPC) --  N/A  KHz (0.02 KHz) 
**Core 00 Thread 27 Finished:   insts:39          cycles:2261       (79100)  seconds:2     -- 0.02 IPC (0.02 IPC) --  N/A  KHz (0.02 KHz) 
**Core 01 Thread 27 Finished:   insts:39          cycles:2263       (79170)  seconds:2     -- 0.02 IPC (0.02 IPC) --  N/A  KHz (0.02 KHz) 
**Core 00 Thread 28 Finished:   insts:39          cycles:2265       (79240)  seconds:2     -- 0.02 IPC (0.02 IPC) --  N/A  KHz (0.02 KHz) 
**Core 00 Thread 25 Finished:   insts:39          cycles:2267       (79310)  seconds:2     -- 0.02 IPC (0.02 IPC) --  N/A  KHz (0.02 KHz) 
**Core 01 Thread 28 Finished:   insts:39          cycles:2269       (79380)  seconds:2     -- 0.02 IPC (0.02 IPC) --  N/A  KHz (0.02 KHz) 
**Core 01 Thread 29 Finished:   insts:39          cycles:2271       (79450)  seconds:2     -- 0.02 IPC (0.02 IPC) --  N/A  KHz (0.02 KHz) 
**Core 00 Thread 24 Finished:   insts:40          cycles:2273       (79520)  seconds:2     -- 0.02 IPC (0.02 IPC) --  N/A  KHz (0.02 KHz) 
**Core 00 Thread 29 Finished:   insts:39          cycles:2275       (79590)  seconds:2     -- 0.02 IPC (0.02 IPC) --  N/A  KHz (0.02 KHz) 
**Core 01 Thread 24 Finished:   insts:40          cycles:2277       (79660)  seconds:2     -- 0.02 IPC (0.02 IPC) --  N/A  KHz (0.02 KHz) 
**Core 02 Thread 25 Finished:   insts:39          cycles:2279       (79730)  seconds:1     -- 0.02 IPC (0.02 IPC) --  N/A  KHz (0.04 KHz) 
**Core 01 Thread 30 Finished:   insts:39          cycles:2281       (79800)  seconds:2     -- 0.02 IPC (0.02 IPC) --  N/A  KHz (0.02 KHz) 
**Core 00 Thread 30 Finished:   insts:39          cycles:2283       (79870)  seconds:2     -- 0.02 IPC (0.02 IPC) --  N/A  KHz (0.02 KHz) 
**Core 00 Thread 31 Finished:   insts:39          cycles:2285       (79940)  seconds:2     -- 0.02 IPC (0.02 IPC) --  N/A  KHz (0.02 KHz) 
**Core 00 Core_Total  Finished:   insts:946         cycles:2285       (79940) seconds:2     -- 0.41 IPC (0.41 IPC) --  N/A  KHz (0.47 KHz)
**Core 01 Thread 31 Finished:   insts:39          cycles:2287       (80010)  seconds:2     -- 0.02 IPC (0.02 IPC) --  N/A  KHz (0.02 KHz) 
**Core 01 Core_Total  Finished:   insts:946         cycles:2287       (80010) seconds:2     -- 0.41 IPC (0.41 IPC) --  N/A  KHz (0.47 KHz)
**Core 02 Thread 27 Finished:   insts:39          cycles:2288       (80045)  seconds:1     -- 0.02 IPC (0.02 IPC) --  N/A  KHz (0.04 KHz) 
**Core 02 Thread 28 Finished:   insts:39          cycles:2289       (80080)  seconds:1     -- 0.02 IPC (0.02 IPC) --  N/A  KHz (0.04 KHz) 
**Core 02 Thread 29 Finished:   insts:39          cycles:2290       (80115)  seconds:1     -- 0.02 IPC (0.02 IPC) --  N/A  KHz (0.04 KHz) 
**Core 02 Thread 26 Finished:   insts:39          cycles:2291       (80150)  seconds:1     -- 0.02 IPC (0.02 IPC) --  N/A  KHz (0.04 KHz) 
**Core 02 Thread 31 Finished:   insts:39          cycles:2292       (80185)  seconds:1     -- 0.02 IPC (0.02 IPC) --  N/A  KHz (0.04 KHz) 
**Core 02 Thread 24 Finished:   insts:40          cycles:2293       (80220)  seconds:1     -- 0.02 IPC (0.02 IPC) --  N/A  KHz (0.04 KHz) 
**Core 02 Thread 30 Finished:   insts:39          cycles:2294       (80255)  seconds:1     -- 0.02 IPC (0.02 IPC) --  N/A  KHz (0.04 KHz) 
**Core 02 Core_Total  Finished:   insts:946         cycles:2294       (80255) seconds:1     -- 0.41 IPC (0.41 IPC) --  N/A  KHz (0.95 KHz)
**Core 03 Thread 25 Finished:   insts:39          cycles:2295       (80290)  seconds:1     -- 0.02 IPC (0.02 IPC) --  N/A  KHz (0.04 KHz) 
**Core 03 Thread 28 Finished:   insts:39          cycles:2296       (80325)  seconds:1     -- 0.02 IPC (0.02 IPC) --  N/A  KHz (0.04 KHz) 
**Core 03 Thread 26 Finished:   insts:39          cycles:2297       (80360)  seconds:1     -- 0.02 IPC (0.02 IPC) --  N/A  KHz (0.04 KHz) 
**Core 03 Thread 27 Finished:   insts:39          cycles:2298       (80395)  seconds:1     -- 0.02 IPC (0.02 IPC) --  N/A  KHz (0.04 KHz) 
**Core 03 Thread 24 Finished:   insts:40          cycles:2299       (80430)  seconds:1     -- 0.02 IPC (0.02 IPC) --  N/A  KHz (0.04 KHz) 
**Core 03 Thread 29 Finished:   insts:39          cycles:2300       (80465)  seconds:1     -- 0.02 IPC (0.02 IPC) --  N/A  KHz (0.04 KHz) 
**Core 03 Thread 30 Finished:   insts:39          cycles:2301       (80500)  seconds:1     -- 0.02 IPC (0.02 IPC) --  N/A  KHz (0.04 KHz) 
**Core 03 Thread 31 Finished:   insts:39          cycles:2302       (80535)  seconds:1     -- 0.02 IPC (0.02 IPC) --  N/A  KHz (0.04 KHz) 
src/process_manager.cc:434: (I=20  C=80535):  setup_process:0 /benchrun/macsim/cuda6-transpose/sm86_rtx3070/input-repeat1-dimx32-dimy32/results/traces/_Z14transposeNaivePfS_ii_0/Trace.txt current_index:4 (16)
trace:/benchrun/macsim/cuda6-transpose/sm86_rtx3070/input-repeat1-dimx32-dimy32/results/traces/_Z14transposeNaivePfS_ii_0/Trace.txt is opened 
src/process_manager.cc:541: (I=20  C=80535):  thread_count:32
**Core 00 Thread 32 Finished:   insts:25          cycles:2711       (94850)  seconds:2     -- 0.01 IPC (0.01 IPC) --  N/A  KHz (0.01 KHz) 
**Core 00 Thread 34 Finished:   insts:25          cycles:2714       (94955)  seconds:2     -- 0.01 IPC (0.01 IPC) --  N/A  KHz (0.01 KHz) 
**Core 00 Thread 35 Finished:   insts:25          cycles:2716       (95025)  seconds:2     -- 0.01 IPC (0.01 IPC) --  N/A  KHz (0.01 KHz) 
**Core 00 Thread 36 Finished:   insts:25          cycles:2779       (97230)  seconds:2     -- 0.01 IPC (0.01 IPC) --  N/A  KHz (0.01 KHz) 
**Core 00 Thread 33 Finished:   insts:25          cycles:2781       (97300)  seconds:2     -- 0.01 IPC (0.01 IPC) --  N/A  KHz (0.01 KHz) 
**Core 00 Thread 38 Finished:   insts:25          cycles:2784       (97405)  seconds:2     -- 0.01 IPC (0.01 IPC) --  N/A  KHz (0.01 KHz) 
**Core 00 Thread 39 Finished:   insts:25          cycles:2787       (97510)  seconds:2     -- 0.01 IPC (0.01 IPC) --  N/A  KHz (0.01 KHz) 
**Core 00 Thread 37 Finished:   insts:25          cycles:2817       (98560)  seconds:2     -- 0.01 IPC (0.01 IPC) --  N/A  KHz (0.01 KHz) 
**Core 00 Core_Total  Finished:   insts:1146        cycles:2817       (98560) seconds:2     -- 0.41 IPC (0.41 IPC) --  N/A  KHz (0.57 KHz)
**Core 01 Thread 32 Finished:   insts:25          cycles:2829       (98980)  seconds:2     -- 0.01 IPC (0.01 IPC) --  N/A  KHz (0.01 KHz) 
**Core 01 Thread 33 Finished:   insts:25          cycles:2844       (99505)  seconds:2     -- 0.01 IPC (0.01 IPC) --  N/A  KHz (0.01 KHz) 
**Core 01 Thread 34 Finished:   insts:25          cycles:2852       (99785)  seconds:2     -- 0.01 IPC (0.01 IPC) --  N/A  KHz (0.01 KHz) 
**Core 01 Thread 35 Finished:   insts:25          cycles:2882       (100835)  seconds:2     -- 0.01 IPC (0.01 IPC) --  N/A  KHz (0.01 KHz) 
**Core 01 Thread 36 Finished:   insts:25          cycles:2898       (101395)  seconds:2     -- 0.01 IPC (0.01 IPC) --  N/A  KHz (0.01 KHz) 
**Core 01 Thread 37 Finished:   insts:25          cycles:2913       (101920)  seconds:2     -- 0.01 IPC (0.01 IPC) --  N/A  KHz (0.01 KHz) 
**Core 01 Thread 38 Finished:   insts:25          cycles:2921       (102200)  seconds:2     -- 0.01 IPC (0.01 IPC) --  N/A  KHz (0.01 KHz) 
**Core 01 Thread 39 Finished:   insts:25          cycles:2982       (104335)  seconds:2     -- 0.01 IPC (0.01 IPC) --  N/A  KHz (0.01 KHz) 
**Core 01 Core_Total  Finished:   insts:1146        cycles:2982       (104335) seconds:2     -- 0.38 IPC (0.38 IPC) --  N/A  KHz (0.57 KHz)
**Core 02 Thread 32 Finished:   insts:25          cycles:2986       (104475)  seconds:1     -- 0.01 IPC (0.01 IPC) --  N/A  KHz (0.03 KHz) 
**Core 02 Thread 33 Finished:   insts:25          cycles:2989       (104580)  seconds:1     -- 0.01 IPC (0.01 IPC) --  N/A  KHz (0.03 KHz) 
**Core 02 Thread 34 Finished:   insts:25          cycles:2991       (104650)  seconds:1     -- 0.01 IPC (0.01 IPC) --  N/A  KHz (0.03 KHz) 
**Core 02 Thread 38 Finished:   insts:25          cycles:2994       (104755)  seconds:1     -- 0.01 IPC (0.01 IPC) --  N/A  KHz (0.03 KHz) 
**Core 02 Thread 35 Finished:   insts:25          cycles:3055       (106890)  seconds:1     -- 0.01 IPC (0.01 IPC) --  N/A  KHz (0.03 KHz) 
**Core 02 Thread 36 Finished:   insts:25          cycles:3057       (106960)  seconds:1     -- 0.01 IPC (0.01 IPC) --  N/A  KHz (0.03 KHz) 
**Core 02 Thread 37 Finished:   insts:25          cycles:3059       (107030)  seconds:1     -- 0.01 IPC (0.01 IPC) --  N/A  KHz (0.03 KHz) 
**Core 02 Thread 39 Finished:   insts:25          cycles:3061       (107100)  seconds:1     -- 0.01 IPC (0.01 IPC) --  N/A  KHz (0.03 KHz) 
**Core 02 Core_Total  Finished:   insts:1146        cycles:3061       (107100) seconds:1     -- 0.37 IPC (0.37 IPC) --  N/A  KHz (1.15 KHz)
**Core 03 Thread 32 Finished:   insts:25          cycles:3064       (107205)  seconds:1     -- 0.01 IPC (0.01 IPC) --  N/A  KHz (0.03 KHz) 
**Core 03 Thread 33 Finished:   insts:25          cycles:3093       (108220)  seconds:1     -- 0.01 IPC (0.01 IPC) --  N/A  KHz (0.03 KHz) 
**Core 03 Thread 34 Finished:   insts:25          cycles:3109       (108780)  seconds:1     -- 0.01 IPC (0.01 IPC) --  N/A  KHz (0.03 KHz) 
**Core 03 Thread 35 Finished:   insts:25          cycles:3122       (109235)  seconds:1     -- 0.01 IPC (0.01 IPC) --  N/A  KHz (0.03 KHz) 
**Core 03 Thread 39 Finished:   insts:25          cycles:3130       (109515)  seconds:1     -- 0.01 IPC (0.01 IPC) --  N/A  KHz (0.03 KHz) 
**Core 03 Thread 36 Finished:   insts:25          cycles:3158       (110495)  seconds:1     -- 0.01 IPC (0.01 IPC) --  N/A  KHz (0.03 KHz) 
**Core 03 Thread 37 Finished:   insts:25          cycles:3167       (110810)  seconds:1     -- 0.01 IPC (0.01 IPC) --  N/A  KHz (0.03 KHz) 
**Core 03 Thread 38 Finished:   insts:25          cycles:3175       (111090)  seconds:1     -- 0.01 IPC (0.01 IPC) --  N/A  KHz (0.03 KHz) 
src/process_manager.cc:434: (I=20  C=111090):  setup_process:0 /benchrun/macsim/cuda6-transpose/sm86_rtx3070/input-repeat1-dimx32-dimy32/results/traces/_Z14transposeNaivePfS_ii_1/Trace.txt current_index:5 (16)
trace:/benchrun/macsim/cuda6-transpose/sm86_rtx3070/input-repeat1-dimx32-dimy32/results/traces/_Z14transposeNaivePfS_ii_1/Trace.txt is opened 
src/process_manager.cc:541: (I=20  C=111090):  thread_count:32
**Core 00 Thread 40 Finished:   insts:25          cycles:3603       (126070)  seconds:2     -- 0.01 IPC (0.01 IPC) --  N/A  KHz (0.01 KHz) 
**Core 00 Thread 41 Finished:   insts:25          cycles:3607       (126210)  seconds:2     -- 0.01 IPC (0.01 IPC) --  N/A  KHz (0.01 KHz) 
**Core 00 Thread 42 Finished:   insts:25          cycles:3611       (126350)  seconds:2     -- 0.01 IPC (0.01 IPC) --  N/A  KHz (0.01 KHz) 
**Core 00 Thread 43 Finished:   insts:25          cycles:3613       (126420)  seconds:2     -- 0.01 IPC (0.01 IPC) --  N/A  KHz (0.01 KHz) 
**Core 00 Thread 44 Finished:   insts:25          cycles:3672       (128485)  seconds:2     -- 0.01 IPC (0.01 IPC) --  N/A  KHz (0.01 KHz) 
**Core 00 Thread 45 Finished:   insts:25          cycles:3674       (128555)  seconds:2     -- 0.01 IPC (0.01 IPC) --  N/A  KHz (0.01 KHz) 
**Core 00 Thread 46 Finished:   insts:25          cycles:3676       (128625)  seconds:2     -- 0.01 IPC (0.01 IPC) --  N/A  KHz (0.01 KHz) 
**Core 00 Thread 47 Finished:   insts:25          cycles:3678       (128695)  seconds:2     -- 0.01 IPC (0.01 IPC) --  N/A  KHz (0.01 KHz) 
**Core 00 Core_Total  Finished:   insts:1346        cycles:3678       (128695) seconds:2     -- 0.37 IPC (0.37 IPC) --  N/A  KHz (0.67 KHz)
**Core 01 Thread 40 Finished:   insts:25          cycles:3702       (129535)  seconds:2     -- 0.01 IPC (0.01 IPC) --  N/A  KHz (0.01 KHz) 
**Core 01 Thread 41 Finished:   insts:25          cycles:3718       (130095)  seconds:2     -- 0.01 IPC (0.01 IPC) --  N/A  KHz (0.01 KHz) 
**Core 01 Thread 42 Finished:   insts:25          cycles:3734       (130655)  seconds:2     -- 0.01 IPC (0.01 IPC) --  N/A  KHz (0.01 KHz) 
**Core 01 Thread 43 Finished:   insts:25          cycles:3745       (131040)  seconds:2     -- 0.01 IPC (0.01 IPC) --  N/A  KHz (0.01 KHz) 
**Core 01 Thread 44 Finished:   insts:25          cycles:3771       (131950)  seconds:2     -- 0.01 IPC (0.01 IPC) --  N/A  KHz (0.01 KHz) 
**Core 01 Thread 45 Finished:   insts:25          cycles:3787       (132510)  seconds:2     -- 0.01 IPC (0.01 IPC) --  N/A  KHz (0.01 KHz) 
**Core 01 Thread 46 Finished:   insts:25          cycles:3803       (133070)  seconds:2     -- 0.01 IPC (0.01 IPC) --  N/A  KHz (0.01 KHz) 
**Core 01 Thread 47 Finished:   insts:25          cycles:3820       (133665)  seconds:2     -- 0.01 IPC (0.01 IPC) --  N/A  KHz (0.01 KHz) 
**Core 01 Core_Total  Finished:   insts:1346        cycles:3820       (133665) seconds:2     -- 0.35 IPC (0.35 IPC) --  N/A  KHz (0.67 KHz)
**Core 02 Thread 40 Finished:   insts:25          cycles:3823       (133770)  seconds:1     -- 0.01 IPC (0.01 IPC) --  N/A  KHz (0.03 KHz) 
**Core 02 Thread 43 Finished:   insts:25          cycles:3880       (135765)  seconds:1     -- 0.01 IPC (0.01 IPC) --  N/A  KHz (0.03 KHz) 
**Core 02 Thread 41 Finished:   insts:25          cycles:3883       (135870)  seconds:1     -- 0.01 IPC (0.01 IPC) --  N/A  KHz (0.03 KHz) 
**Core 02 Thread 45 Finished:   insts:25          cycles:3887       (136010)  seconds:1     -- 0.01 IPC (0.01 IPC) --  N/A  KHz (0.03 KHz) 
**Core 02 Thread 42 Finished:   insts:25          cycles:3891       (136150)  seconds:1     -- 0.01 IPC (0.01 IPC) --  N/A  KHz (0.03 KHz) 
**Core 02 Thread 47 Finished:   insts:25          cycles:3937       (137760)  seconds:1     -- 0.01 IPC (0.01 IPC) --  N/A  KHz (0.03 KHz) 
**Core 02 Thread 44 Finished:   insts:25          cycles:3941       (137900)  seconds:1     -- 0.01 IPC (0.01 IPC) --  N/A  KHz (0.03 KHz) 
**Core 02 Thread 46 Finished:   insts:25          cycles:3945       (138040)  seconds:1     -- 0.01 IPC (0.01 IPC) --  N/A  KHz (0.03 KHz) 
**Core 02 Core_Total  Finished:   insts:1346        cycles:3945       (138040) seconds:1     -- 0.34 IPC (0.34 IPC) --  N/A  KHz (1.35 KHz)
**Core 03 Thread 40 Finished:   insts:25          cycles:3949       (138180)  seconds:1     -- 0.01 IPC (0.01 IPC) --  N/A  KHz (0.03 KHz) 
**Core 03 Thread 41 Finished:   insts:25          cycles:3957       (138460)  seconds:1     -- 0.01 IPC (0.01 IPC) --  N/A  KHz (0.03 KHz) 
**Core 03 Thread 42 Finished:   insts:25          cycles:3982       (139335)  seconds:1     -- 0.01 IPC (0.01 IPC) --  N/A  KHz (0.03 KHz) 
**Core 03 Thread 43 Finished:   insts:25          cycles:3998       (139895)  seconds:1     -- 0.01 IPC (0.01 IPC) --  N/A  KHz (0.03 KHz) 
**Core 03 Thread 44 Finished:   insts:25          cycles:4014       (140455)  seconds:1     -- 0.01 IPC (0.01 IPC) --  N/A  KHz (0.03 KHz) 
**Core 03 Thread 45 Finished:   insts:25          cycles:4023       (140770)  seconds:1     -- 0.01 IPC (0.01 IPC) --  N/A  KHz (0.03 KHz) 
**Core 03 Thread 46 Finished:   insts:25          cycles:4045       (141540)  seconds:1     -- 0.01 IPC (0.01 IPC) --  N/A  KHz (0.03 KHz) 
**Core 03 Thread 47 Finished:   insts:25          cycles:4053       (141820)  seconds:1     -- 0.01 IPC (0.01 IPC) --  N/A  KHz (0.03 KHz) 
src/process_manager.cc:434: (I=20  C=141820):  setup_process:0 /benchrun/macsim/cuda6-transpose/sm86_rtx3070/input-repeat1-dimx32-dimy32/results/traces/_Z18transposeCoalescedPfS_ii_0/Trace.txt current_index:6 (16)
trace:/benchrun/macsim/cuda6-transpose/sm86_rtx3070/input-repeat1-dimx32-dimy32/results/traces/_Z18transposeCoalescedPfS_ii_0/Trace.txt is opened 
src/process_manager.cc:541: (I=20  C=141820):  thread_count:32
**Core 01 Thread 48 Finished:   insts:39          cycles:4686       (163975)  seconds:2     -- 0.01 IPC (0.01 IPC) --  N/A  KHz (0.02 KHz) 
**Core 02 Thread 48 Finished:   insts:39          cycles:4686       (163975)  seconds:1     -- 0.01 IPC (0.01 IPC) --  N/A  KHz (0.04 KHz) 
**Core 02 Thread 49 Finished:   insts:39          cycles:4688       (164045)  seconds:1     -- 0.01 IPC (0.01 IPC) --  N/A  KHz (0.04 KHz) 
**Core 00 Thread 48 Finished:   insts:39          cycles:4691       (164150)  seconds:2     -- 0.01 IPC (0.01 IPC) --  N/A  KHz (0.02 KHz) 
**Core 02 Thread 50 Finished:   insts:39          cycles:4692       (164185)  seconds:1     -- 0.01 IPC (0.01 IPC) --  N/A  KHz (0.04 KHz) 
**Core 00 Thread 49 Finished:   insts:39          cycles:4695       (164290)  seconds:2     -- 0.01 IPC (0.01 IPC) --  N/A  KHz (0.02 KHz) 
**Core 00 Thread 50 Finished:   insts:39          cycles:4697       (164360)  seconds:2     -- 0.01 IPC (0.01 IPC) --  N/A  KHz (0.02 KHz) 
**Core 01 Thread 49 Finished:   insts:39          cycles:4698       (164395)  seconds:2     -- 0.01 IPC (0.01 IPC) --  N/A  KHz (0.02 KHz) 
**Core 00 Thread 53 Finished:   insts:39          cycles:4701       (164500)  seconds:2     -- 0.01 IPC (0.01 IPC) --  N/A  KHz (0.02 KHz) 
**Core 00 Thread 51 Finished:   insts:39          cycles:4702       (164535)  seconds:2     -- 0.01 IPC (0.01 IPC) --  N/A  KHz (0.02 KHz) 
**Core 03 Thread 48 Finished:   insts:39          cycles:4704       (164605)  seconds:1     -- 0.01 IPC (0.01 IPC) --  N/A  KHz (0.04 KHz) 
**Core 00 Thread 52 Finished:   insts:39          cycles:4706       (164675)  seconds:2     -- 0.01 IPC (0.01 IPC) --  N/A  KHz (0.02 KHz) 
**Core 01 Thread 50 Finished:   insts:39          cycles:4707       (164710)  seconds:2     -- 0.01 IPC (0.01 IPC) --  N/A  KHz (0.02 KHz) 
**Core 01 Thread 51 Finished:   insts:39          cycles:4708       (164745)  seconds:2     -- 0.01 IPC (0.01 IPC) --  N/A  KHz (0.02 KHz) 
**Core 01 Thread 52 Finished:   insts:39          cycles:4709       (164780)  seconds:2     -- 0.01 IPC (0.01 IPC) --  N/A  KHz (0.02 KHz) 
**Core 02 Thread 51 Finished:   insts:39          cycles:4710       (164815)  seconds:1     -- 0.01 IPC (0.01 IPC) --  N/A  KHz (0.04 KHz) 
**Core 01 Thread 55 Finished:   insts:39          cycles:4711       (164850)  seconds:2     -- 0.01 IPC (0.01 IPC) --  N/A  KHz (0.02 KHz) 
**Core 02 Thread 52 Finished:   insts:39          cycles:4712       (164885)  seconds:1     -- 0.01 IPC (0.01 IPC) --  N/A  KHz (0.04 KHz) 
**Core 01 Thread 53 Finished:   insts:39          cycles:4713       (164920)  seconds:2     -- 0.01 IPC (0.01 IPC) --  N/A  KHz (0.02 KHz) 
**Core 01 Thread 54 Finished:   insts:39          cycles:4714       (164955)  seconds:2     -- 0.01 IPC (0.01 IPC) --  N/A  KHz (0.02 KHz) 
**Core 01 Core_Total  Finished:   insts:1658        cycles:4714       (164955) seconds:2     -- 0.35 IPC (0.35 IPC) --  N/A  KHz (0.83 KHz)
**Core 00 Thread 54 Finished:   insts:39          cycles:4715       (164990)  seconds:2     -- 0.01 IPC (0.01 IPC) --  N/A  KHz (0.02 KHz) 
**Core 02 Thread 53 Finished:   insts:39          cycles:4716       (165025)  seconds:1     -- 0.01 IPC (0.01 IPC) --  N/A  KHz (0.04 KHz) 
**Core 00 Thread 55 Finished:   insts:39          cycles:4717       (165060)  seconds:2     -- 0.01 IPC (0.01 IPC) --  N/A  KHz (0.02 KHz) 
**Core 00 Core_Total  Finished:   insts:1658        cycles:4717       (165060) seconds:2     -- 0.35 IPC (0.35 IPC) --  N/A  KHz (0.83 KHz)
**Core 02 Thread 55 Finished:   insts:39          cycles:4718       (165095)  seconds:1     -- 0.01 IPC (0.01 IPC) --  N/A  KHz (0.04 KHz) 
**Core 02 Thread 54 Finished:   insts:39          cycles:4719       (165130)  seconds:1     -- 0.01 IPC (0.01 IPC) --  N/A  KHz (0.04 KHz) 
**Core 02 Core_Total  Finished:   insts:1658        cycles:4719       (165130) seconds:1     -- 0.35 IPC (0.35 IPC) --  N/A  KHz (1.66 KHz)
**Core 03 Thread 49 Finished:   insts:39          cycles:4720       (165165)  seconds:1     -- 0.01 IPC (0.01 IPC) --  N/A  KHz (0.04 KHz) 
**Core 03 Thread 50 Finished:   insts:39          cycles:4735       (165690)  seconds:1     -- 0.01 IPC (0.01 IPC) --  N/A  KHz (0.04 KHz) 
**Core 03 Thread 52 Finished:   insts:39          cycles:4736       (165725)  seconds:1     -- 0.01 IPC (0.01 IPC) --  N/A  KHz (0.04 KHz) 
**Core 03 Thread 53 Finished:   insts:39          cycles:4737       (165760)  seconds:1     -- 0.01 IPC (0.01 IPC) --  N/A  KHz (0.04 KHz) 
**Core 03 Thread 54 Finished:   insts:39          cycles:4738       (165795)  seconds:1     -- 0.01 IPC (0.01 IPC) --  N/A  KHz (0.04 KHz) 
**Core 03 Thread 51 Finished:   insts:39          cycles:4739       (165830)  seconds:1     -- 0.01 IPC (0.01 IPC) --  N/A  KHz (0.04 KHz) 
**Core 03 Thread 55 Finished:   insts:39          cycles:4740       (165865)  seconds:1     -- 0.01 IPC (0.01 IPC) --  N/A  KHz (0.04 KHz) 
src/process_manager.cc:434: (I=20  C=165865):  setup_process:0 /benchrun/macsim/cuda6-transpose/sm86_rtx3070/input-repeat1-dimx32-dimy32/results/traces/_Z18transposeCoalescedPfS_ii_1/Trace.txt current_index:7 (16)
trace:/benchrun/macsim/cuda6-transpose/sm86_rtx3070/input-repeat1-dimx32-dimy32/results/traces/_Z18transposeCoalescedPfS_ii_1/Trace.txt is opened 
src/process_manager.cc:541: (I=20  C=165865):  thread_count:32
**Core 02 Thread 56 Finished:   insts:39          cycles:5371       (187950)  seconds:1     -- 0.01 IPC (0.01 IPC) --  N/A  KHz (0.04 KHz) 
**Core 02 Thread 57 Finished:   insts:39          cycles:5373       (188020)  seconds:1     -- 0.01 IPC (0.01 IPC) --  N/A  KHz (0.04 KHz) 
**Core 01 Thread 56 Finished:   insts:39          cycles:5375       (188090)  seconds:2     -- 0.01 IPC (0.01 IPC) --  N/A  KHz (0.02 KHz) 
**Core 00 Thread 56 Finished:   insts:39          cycles:5377       (188160)  seconds:2     -- 0.01 IPC (0.01 IPC) --  N/A  KHz (0.02 KHz) 
**Core 02 Thread 58 Finished:   insts:39          cycles:5378       (188195)  seconds:1     -- 0.01 IPC (0.01 IPC) --  N/A  KHz (0.04 KHz) 
**Core 00 Thread 57 Finished:   insts:39          cycles:5381       (188300)  seconds:2     -- 0.01 IPC (0.01 IPC) --  N/A  KHz (0.02 KHz) 
**Core 00 Thread 58 Finished:   insts:39          cycles:5383       (188370)  seconds:2     -- 0.01 IPC (0.01 IPC) --  N/A  KHz (0.02 KHz) 
**Core 02 Thread 59 Finished:   insts:39          cycles:5384       (188405)  seconds:1     -- 0.01 IPC (0.01 IPC) --  N/A  KHz (0.04 KHz) 
**Core 00 Thread 61 Finished:   insts:39          cycles:5387       (188510)  seconds:2     -- 0.01 IPC (0.01 IPC) --  N/A  KHz (0.02 KHz) 
**Core 00 Thread 59 Finished:   insts:39          cycles:5388       (188545)  seconds:2     -- 0.01 IPC (0.01 IPC) --  N/A  KHz (0.02 KHz) 
**Core 03 Thread 56 Finished:   insts:39          cycles:5390       (188615)  seconds:1     -- 0.01 IPC (0.01 IPC) --  N/A  KHz (0.04 KHz) 
**Core 00 Thread 60 Finished:   insts:39          cycles:5392       (188685)  seconds:2     -- 0.01 IPC (0.01 IPC) --  N/A  KHz (0.02 KHz) 
**Core 01 Thread 57 Finished:   insts:39          cycles:5394       (188755)  seconds:2     -- 0.01 IPC (0.01 IPC) --  N/A  KHz (0.02 KHz) 
**Core 01 Thread 58 Finished:   insts:39          cycles:5396       (188825)  seconds:2     -- 0.01 IPC (0.01 IPC) --  N/A  KHz (0.02 KHz) 
**Core 01 Thread 60 Finished:   insts:39          cycles:5397       (188860)  seconds:2     -- 0.01 IPC (0.01 IPC) --  N/A  KHz (0.02 KHz) 
**Core 01 Thread 59 Finished:   insts:39          cycles:5398       (188895)  seconds:2     -- 0.01 IPC (0.01 IPC) --  N/A  KHz (0.02 KHz) 
**Core 01 Thread 61 Finished:   insts:39          cycles:5399       (188930)  seconds:2     -- 0.01 IPC (0.01 IPC) --  N/A  KHz (0.02 KHz) 
**Core 02 Thread 60 Finished:   insts:39          cycles:5400       (188965)  seconds:1     -- 0.01 IPC (0.01 IPC) --  N/A  KHz (0.04 KHz) 
**Core 00 Thread 62 Finished:   insts:39          cycles:5401       (189000)  seconds:2     -- 0.01 IPC (0.01 IPC) --  N/A  KHz (0.02 KHz) 
**Core 00 Thread 63 Finished:   insts:39          cycles:5402       (189035)  seconds:2     -- 0.01 IPC (0.01 IPC) --  N/A  KHz (0.02 KHz) 
**Core 00 Core_Total  Finished:   insts:1970        cycles:5402       (189035) seconds:2     -- 0.36 IPC (0.36 IPC) --  N/A  KHz (0.98 KHz)
**Core 01 Thread 62 Finished:   insts:39          cycles:5403       (189070)  seconds:2     -- 0.01 IPC (0.01 IPC) --  N/A  KHz (0.02 KHz) 
**Core 02 Thread 61 Finished:   insts:39          cycles:5404       (189105)  seconds:1     -- 0.01 IPC (0.01 IPC) --  N/A  KHz (0.04 KHz) 
**Core 01 Thread 63 Finished:   insts:39          cycles:5405       (189140)  seconds:2     -- 0.01 IPC (0.01 IPC) --  N/A  KHz (0.02 KHz) 
**Core 01 Core_Total  Finished:   insts:1970        cycles:5405       (189140) seconds:2     -- 0.36 IPC (0.36 IPC) --  N/A  KHz (0.98 KHz)
**Core 02 Thread 63 Finished:   insts:39          cycles:5406       (189175)  seconds:1     -- 0.01 IPC (0.01 IPC) --  N/A  KHz (0.04 KHz) 
**Core 02 Thread 62 Finished:   insts:39          cycles:5407       (189210)  seconds:1     -- 0.01 IPC (0.01 IPC) --  N/A  KHz (0.04 KHz) 
**Core 02 Core_Total  Finished:   insts:1970        cycles:5407       (189210) seconds:1     -- 0.36 IPC (0.36 IPC) --  N/A  KHz (1.97 KHz)
**Core 03 Thread 57 Finished:   insts:39          cycles:5408       (189245)  seconds:1     -- 0.01 IPC (0.01 IPC) --  N/A  KHz (0.04 KHz) 
**Core 03 Thread 59 Finished:   insts:39          cycles:5410       (189315)  seconds:1     -- 0.01 IPC (0.01 IPC) --  N/A  KHz (0.04 KHz) 
**Core 03 Thread 60 Finished:   insts:39          cycles:5423       (189770)  seconds:1     -- 0.01 IPC (0.01 IPC) --  N/A  KHz (0.04 KHz) 
**Core 03 Thread 61 Finished:   insts:39          cycles:5425       (189840)  seconds:1     -- 0.01 IPC (0.01 IPC) --  N/A  KHz (0.04 KHz) 
**Core 03 Thread 58 Finished:   insts:39          cycles:5426       (189875)  seconds:1     -- 0.01 IPC (0.01 IPC) --  N/A  KHz (0.04 KHz) 
**Core 03 Thread 63 Finished:   insts:39          cycles:5427       (189910)  seconds:1     -- 0.01 IPC (0.01 IPC) --  N/A  KHz (0.04 KHz) 
**Core 03 Thread 62 Finished:   insts:39          cycles:5428       (189945)  seconds:1     -- 0.01 IPC (0.01 IPC) --  N/A  KHz (0.04 KHz) 
src/process_manager.cc:434: (I=20  C=189945):  setup_process:0 /benchrun/macsim/cuda6-transpose/sm86_rtx3070/input-repeat1-dimx32-dimy32/results/traces/_Z24transposeNoBankConflictsPfS_ii_0/Trace.txt current_index:8 (16)
trace:/benchrun/macsim/cuda6-transpose/sm86_rtx3070/input-repeat1-dimx32-dimy32/results/traces/_Z24transposeNoBankConflictsPfS_ii_0/Trace.txt is opened 
src/process_manager.cc:541: (I=20  C=189945):  thread_count:32
**Core 00 Thread 67 Finished:   insts:39          cycles:6063       (212170)  seconds:2     -- 0.01 IPC (0.01 IPC) --  N/A  KHz (0.02 KHz) 
**Core 02 Thread 66 Finished:   insts:39          cycles:6064       (212205)  seconds:1     -- 0.01 IPC (0.01 IPC) --  N/A  KHz (0.04 KHz) 
**Core 00 Thread 65 Finished:   insts:39          cycles:6067       (212310)  seconds:2     -- 0.01 IPC (0.01 IPC) --  N/A  KHz (0.02 KHz) 
**Core 02 Thread 64 Finished:   insts:39          cycles:6068       (212345)  seconds:1     -- 0.01 IPC (0.01 IPC) --  N/A  KHz (0.04 KHz) 
**Core 03 Thread 67 Finished:   insts:39          cycles:6070       (212415)  seconds:1     -- 0.01 IPC (0.01 IPC) --  N/A  KHz (0.04 KHz) 
**Core 01 Thread 66 Finished:   insts:39          cycles:6072       (212485)  seconds:2     -- 0.01 IPC (0.01 IPC) --  N/A  KHz (0.02 KHz) 
**Core 00 Thread 69 Finished:   insts:39          cycles:6075       (212590)  seconds:2     -- 0.01 IPC (0.01 IPC) --  N/A  KHz (0.02 KHz) 
**Core 02 Thread 68 Finished:   insts:39          cycles:6076       (212625)  seconds:1     -- 0.01 IPC (0.01 IPC) --  N/A  KHz (0.04 KHz) 
**Core 00 Thread 66 Finished:   insts:39          cycles:6079       (212730)  seconds:2     -- 0.01 IPC (0.01 IPC) --  N/A  KHz (0.02 KHz) 
**Core 00 Thread 64 Finished:   insts:39          cycles:6080       (212765)  seconds:2     -- 0.01 IPC (0.01 IPC) --  N/A  KHz (0.02 KHz) 
**Core 03 Thread 65 Finished:   insts:39          cycles:6082       (212835)  seconds:1     -- 0.01 IPC (0.01 IPC) --  N/A  KHz (0.04 KHz) 
**Core 00 Thread 68 Finished:   insts:39          cycles:6085       (212940)  seconds:2     -- 0.01 IPC (0.01 IPC) --  N/A  KHz (0.02 KHz) 
**Core 01 Thread 64 Finished:   insts:39          cycles:6086       (212975)  seconds:2     -- 0.01 IPC (0.01 IPC) --  N/A  KHz (0.02 KHz) 
**Core 00 Thread 71 Finished:   insts:39          cycles:6087       (213010)  seconds:2     -- 0.01 IPC (0.01 IPC) --  N/A  KHz (0.02 KHz) 
**Core 02 Thread 70 Finished:   insts:39          cycles:6088       (213045)  seconds:1     -- 0.01 IPC (0.01 IPC) --  N/A  KHz (0.04 KHz) 
**Core 00 Thread 70 Finished:   insts:39          cycles:6089       (213080)  seconds:2     -- 0.01 IPC (0.01 IPC) --  N/A  KHz (0.02 KHz) 
**Core 00 Core_Total  Finished:   insts:2282        cycles:6089       (213080) seconds:2     -- 0.37 IPC (0.37 IPC) --  N/A  KHz (1.14 KHz)
**Core 01 Thread 70 Finished:   insts:39          cycles:6090       (213115)  seconds:2     -- 0.01 IPC (0.01 IPC) --  N/A  KHz (0.02 KHz) 
**Core 01 Thread 68 Finished:   insts:39          cycles:6091       (213150)  seconds:2     -- 0.01 IPC (0.01 IPC) --  N/A  KHz (0.02 KHz) 
**Core 01 Thread 65 Finished:   insts:39          cycles:6092       (213185)  seconds:2     -- 0.01 IPC (0.01 IPC) --  N/A  KHz (0.02 KHz) 
**Core 01 Thread 69 Finished:   insts:39          cycles:6093       (213220)  seconds:2     -- 0.01 IPC (0.01 IPC) --  N/A  KHz (0.02 KHz) 
**Core 01 Thread 67 Finished:   insts:39          cycles:6094       (213255)  seconds:2     -- 0.01 IPC (0.01 IPC) --  N/A  KHz (0.02 KHz) 
**Core 01 Thread 71 Finished:   insts:39          cycles:6096       (213325)  seconds:2     -- 0.01 IPC (0.01 IPC) --  N/A  KHz (0.02 KHz) 
**Core 01 Core_Total  Finished:   insts:2282        cycles:6096       (213325) seconds:2     -- 0.37 IPC (0.37 IPC) --  N/A  KHz (1.14 KHz)
**Core 02 Thread 65 Finished:   insts:39          cycles:6098       (213395)  seconds:1     -- 0.01 IPC (0.01 IPC) --  N/A  KHz (0.04 KHz) 
**Core 03 Thread 69 Finished:   insts:39          cycles:6100       (213465)  seconds:1     -- 0.01 IPC (0.01 IPC) --  N/A  KHz (0.04 KHz) 
**Core 02 Thread 67 Finished:   insts:39          cycles:6109       (213780)  seconds:1     -- 0.01 IPC (0.01 IPC) --  N/A  KHz (0.04 KHz) 
**Core 02 Thread 69 Finished:   insts:39          cycles:6111       (213850)  seconds:1     -- 0.01 IPC (0.01 IPC) --  N/A  KHz (0.04 KHz) 
**Core 02 Thread 71 Finished:   insts:39          cycles:6113       (213920)  seconds:1     -- 0.01 IPC (0.01 IPC) --  N/A  KHz (0.04 KHz) 
**Core 02 Core_Total  Finished:   insts:2282        cycles:6113       (213920) seconds:1     -- 0.37 IPC (0.37 IPC) --  N/A  KHz (2.28 KHz)
**Core 03 Thread 71 Finished:   insts:39          cycles:6115       (213990)  seconds:1     -- 0.01 IPC (0.01 IPC) --  N/A  KHz (0.04 KHz) 
**Core 03 Thread 66 Finished:   insts:39          cycles:6116       (214025)  seconds:1     -- 0.01 IPC (0.01 IPC) --  N/A  KHz (0.04 KHz) 
**Core 03 Thread 64 Finished:   insts:39          cycles:6117       (214060)  seconds:1     -- 0.01 IPC (0.01 IPC) --  N/A  KHz (0.04 KHz) 
**Core 03 Thread 70 Finished:   insts:39          cycles:6118       (214095)  seconds:1     -- 0.01 IPC (0.01 IPC) --  N/A  KHz (0.04 KHz) 
**Core 03 Thread 68 Finished:   insts:39          cycles:6119       (214130)  seconds:1     -- 0.01 IPC (0.01 IPC) --  N/A  KHz (0.04 KHz) 
src/process_manager.cc:434: (I=20  C=214130):  setup_process:0 /benchrun/macsim/cuda6-transpose/sm86_rtx3070/input-repeat1-dimx32-dimy32/results/traces/_Z24transposeNoBankConflictsPfS_ii_1/Trace.txt current_index:9 (16)
trace:/benchrun/macsim/cuda6-transpose/sm86_rtx3070/input-repeat1-dimx32-dimy32/results/traces/_Z24transposeNoBankConflictsPfS_ii_1/Trace.txt is opened 
src/process_manager.cc:541: (I=20  C=214130):  thread_count:32
**Core 02 Thread 75 Finished:   insts:39          cycles:6752       (236285)  seconds:1     -- 0.01 IPC (0.01 IPC) --  N/A  KHz (0.04 KHz) 
**Core 00 Thread 74 Finished:   insts:39          cycles:6754       (236355)  seconds:2     -- 0.01 IPC (0.01 IPC) --  N/A  KHz (0.02 KHz) 
**Core 02 Thread 73 Finished:   insts:39          cycles:6756       (236425)  seconds:1     -- 0.01 IPC (0.01 IPC) --  N/A  KHz (0.04 KHz) 
**Core 00 Thread 72 Finished:   insts:39          cycles:6758       (236495)  seconds:2     -- 0.01 IPC (0.01 IPC) --  N/A  KHz (0.02 KHz) 
**Core 01 Thread 74 Finished:   insts:39          cycles:6758       (236495)  seconds:2     -- 0.01 IPC (0.01 IPC) --  N/A  KHz (0.02 KHz) 
**Core 01 Thread 72 Finished:   insts:39          cycles:6760       (236565)  seconds:2     -- 0.01 IPC (0.01 IPC) --  N/A  KHz (0.02 KHz) 
**Core 02 Thread 77 Finished:   insts:39          cycles:6764       (236705)  seconds:1     -- 0.01 IPC (0.01 IPC) --  N/A  KHz (0.04 KHz) 
**Core 00 Thread 76 Finished:   insts:39          cycles:6766       (236775)  seconds:2     -- 0.01 IPC (0.01 IPC) --  N/A  KHz (0.02 KHz) 
**Core 03 Thread 74 Finished:   insts:39          cycles:6766       (236775)  seconds:1     -- 0.01 IPC (0.01 IPC) --  N/A  KHz (0.04 KHz) 
**Core 00 Thread 75 Finished:   insts:39          cycles:6770       (236915)  seconds:2     -- 0.01 IPC (0.01 IPC) --  N/A  KHz (0.02 KHz) 
**Core 00 Thread 73 Finished:   insts:39          cycles:6770       (236915)  seconds:2     -- 0.01 IPC (0.01 IPC) --  N/A  KHz (0.02 KHz) 
**Core 00 Thread 77 Finished:   insts:39          cycles:6774       (237055)  seconds:2     -- 0.01 IPC (0.01 IPC) --  N/A  KHz (0.02 KHz) 
**Core 03 Thread 72 Finished:   insts:39          cycles:6774       (237055)  seconds:1     -- 0.01 IPC (0.01 IPC) --  N/A  KHz (0.04 KHz) 
**Core 00 Thread 78 Finished:   insts:39          cycles:6776       (237125)  seconds:2     -- 0.01 IPC (0.01 IPC) --  N/A  KHz (0.02 KHz) 
**Core 00 Thread 79 Finished:   insts:39          cycles:6777       (237160)  seconds:2     -- 0.01 IPC (0.01 IPC) --  N/A  KHz (0.02 KHz) 
**Core 00 Core_Total  Finished:   insts:2594        cycles:6777       (237160) seconds:2     -- 0.38 IPC (0.38 IPC) --  N/A  KHz (1.30 KHz)
**Core 01 Thread 78 Finished:   insts:39          cycles:6778       (237195)  seconds:2     -- 0.01 IPC (0.01 IPC) --  N/A  KHz (0.02 KHz) 
**Core 01 Thread 76 Finished:   insts:39          cycles:6779       (237230)  seconds:2     -- 0.01 IPC (0.01 IPC) --  N/A  KHz (0.02 KHz) 
**Core 01 Thread 73 Finished:   insts:39          cycles:6780       (237265)  seconds:2     -- 0.01 IPC (0.01 IPC) --  N/A  KHz (0.02 KHz) 
**Core 01 Thread 77 Finished:   insts:39          cycles:6782       (237335)  seconds:2     -- 0.01 IPC (0.01 IPC) --  N/A  KHz (0.02 KHz) 
**Core 01 Thread 75 Finished:   insts:39          cycles:6784       (237405)  seconds:2     -- 0.01 IPC (0.01 IPC) --  N/A  KHz (0.02 KHz) 
**Core 01 Thread 79 Finished:   insts:39          cycles:6786       (237475)  seconds:2     -- 0.01 IPC (0.01 IPC) --  N/A  KHz (0.02 KHz) 
**Core 01 Core_Total  Finished:   insts:2594        cycles:6786       (237475) seconds:2     -- 0.38 IPC (0.38 IPC) --  N/A  KHz (1.30 KHz)
**Core 02 Thread 79 Finished:   insts:39          cycles:6788       (237545)  seconds:1     -- 0.01 IPC (0.01 IPC) --  N/A  KHz (0.04 KHz) 
**Core 03 Thread 76 Finished:   insts:39          cycles:6790       (237615)  seconds:1     -- 0.01 IPC (0.01 IPC) --  N/A  KHz (0.04 KHz) 
**Core 02 Thread 74 Finished:   insts:39          cycles:6795       (237790)  seconds:1     -- 0.01 IPC (0.01 IPC) --  N/A  KHz (0.04 KHz) 
**Core 02 Thread 72 Finished:   insts:39          cycles:6797       (237860)  seconds:1     -- 0.01 IPC (0.01 IPC) --  N/A  KHz (0.04 KHz) 
**Core 02 Thread 78 Finished:   insts:39          cycles:6799       (237930)  seconds:1     -- 0.01 IPC (0.01 IPC) --  N/A  KHz (0.04 KHz) 
**Core 02 Thread 76 Finished:   insts:39          cycles:6801       (238000)  seconds:1     -- 0.01 IPC (0.01 IPC) --  N/A  KHz (0.04 KHz) 
**Core 02 Core_Total  Finished:   insts:2594        cycles:6801       (238000) seconds:1     -- 0.38 IPC (0.38 IPC) --  N/A  KHz (2.59 KHz)
**Core 03 Thread 78 Finished:   insts:39          cycles:6803       (238070)  seconds:1     -- 0.01 IPC (0.01 IPC) --  N/A  KHz (0.04 KHz) 
**Core 03 Thread 73 Finished:   insts:39          cycles:6805       (238140)  seconds:1     -- 0.01 IPC (0.01 IPC) --  N/A  KHz (0.04 KHz) 
**Core 03 Thread 75 Finished:   insts:39          cycles:6806       (238175)  seconds:1     -- 0.01 IPC (0.01 IPC) --  N/A  KHz (0.04 KHz) 
**Core 03 Thread 77 Finished:   insts:39          cycles:6807       (238210)  seconds:1     -- 0.01 IPC (0.01 IPC) --  N/A  KHz (0.04 KHz) 
**Core 03 Thread 79 Finished:   insts:39          cycles:6808       (238245)  seconds:1     -- 0.01 IPC (0.01 IPC) --  N/A  KHz (0.04 KHz) 
src/process_manager.cc:434: (I=20  C=238245):  setup_process:0 /benchrun/macsim/cuda6-transpose/sm86_rtx3070/input-repeat1-dimx32-dimy32/results/traces/_Z22transposeCoarseGrainedPfS_ii_0/Trace.txt current_index:10 (16)
trace:/benchrun/macsim/cuda6-transpose/sm86_rtx3070/input-repeat1-dimx32-dimy32/results/traces/_Z22transposeCoarseGrainedPfS_ii_0/Trace.txt is opened 
src/process_manager.cc:541: (I=20  C=238245):  thread_count:32
**Core 03 Thread 80 Finished:   insts:35          cycles:7400       (258965)  seconds:1     -- 0.00 IPC (0.00 IPC) --  N/A  KHz (0.04 KHz) 
**Core 02 Thread 80 Finished:   insts:35          cycles:7401       (259000)  seconds:1     -- 0.00 IPC (0.00 IPC) --  N/A  KHz (0.04 KHz) 
**Core 03 Thread 81 Finished:   insts:35          cycles:7402       (259035)  seconds:1     -- 0.00 IPC (0.00 IPC) --  N/A  KHz (0.04 KHz) 
**Core 00 Thread 80 Finished:   insts:35          cycles:7403       (259070)  seconds:2     -- 0.00 IPC (0.00 IPC) --  N/A  KHz (0.02 KHz) 
**Core 02 Thread 81 Finished:   insts:35          cycles:7403       (259070)  seconds:1     -- 0.00 IPC (0.00 IPC) --  N/A  KHz (0.04 KHz) 
**Core 00 Thread 81 Finished:   insts:35          cycles:7405       (259140)  seconds:2     -- 0.00 IPC (0.00 IPC) --  N/A  KHz (0.02 KHz) 
**Core 01 Thread 80 Finished:   insts:35          cycles:7405       (259140)  seconds:2     -- 0.00 IPC (0.00 IPC) --  N/A  KHz (0.02 KHz) 
**Core 02 Thread 83 Finished:   insts:35          cycles:7406       (259175)  seconds:1     -- 0.00 IPC (0.00 IPC) --  N/A  KHz (0.04 KHz) 
**Core 01 Thread 81 Finished:   insts:35          cycles:7407       (259210)  seconds:2     -- 0.00 IPC (0.00 IPC) --  N/A  KHz (0.02 KHz) 
**Core 02 Thread 84 Finished:   insts:35          cycles:7407       (259210)  seconds:1     -- 0.00 IPC (0.00 IPC) --  N/A  KHz (0.04 KHz) 
**Core 00 Thread 82 Finished:   insts:35          cycles:7409       (259280)  seconds:2     -- 0.00 IPC (0.00 IPC) --  N/A  KHz (0.02 KHz) 
**Core 02 Thread 85 Finished:   insts:35          cycles:7409       (259280)  seconds:1     -- 0.00 IPC (0.00 IPC) --  N/A  KHz (0.04 KHz) 
**Core 01 Thread 82 Finished:   insts:35          cycles:7411       (259350)  seconds:2     -- 0.00 IPC (0.00 IPC) --  N/A  KHz (0.02 KHz) 
**Core 03 Thread 82 Finished:   insts:35          cycles:7411       (259350)  seconds:1     -- 0.00 IPC (0.00 IPC) --  N/A  KHz (0.04 KHz) 
**Core 02 Thread 82 Finished:   insts:35          cycles:7413       (259420)  seconds:1     -- 0.00 IPC (0.00 IPC) --  N/A  KHz (0.04 KHz) 
**Core 00 Thread 86 Finished:   insts:35          cycles:7428       (259945)  seconds:2     -- 0.00 IPC (0.00 IPC) --  N/A  KHz (0.02 KHz) 
**Core 00 Thread 83 Finished:   insts:35          cycles:7430       (260015)  seconds:2     -- 0.00 IPC (0.00 IPC) --  N/A  KHz (0.02 KHz) 
**Core 00 Thread 84 Finished:   insts:35          cycles:7432       (260085)  seconds:2     -- 0.00 IPC (0.00 IPC) --  N/A  KHz (0.02 KHz) 
**Core 00 Thread 85 Finished:   insts:35          cycles:7433       (260120)  seconds:2     -- 0.00 IPC (0.00 IPC) --  N/A  KHz (0.02 KHz) 
**Core 00 Thread 87 Finished:   insts:35          cycles:7434       (260155)  seconds:2     -- 0.00 IPC (0.00 IPC) --  N/A  KHz (0.02 KHz) 
**Core 00 Core_Total  Finished:   insts:2874        cycles:7434       (260155) seconds:2     -- 0.39 IPC (0.39 IPC) --  N/A  KHz (1.44 KHz)
**Core 01 Thread 86 Finished:   insts:35          cycles:7435       (260190)  seconds:2     -- 0.00 IPC (0.00 IPC) --  N/A  KHz (0.02 KHz) 
**Core 01 Thread 83 Finished:   insts:35          cycles:7436       (260225)  seconds:2     -- 0.00 IPC (0.00 IPC) --  N/A  KHz (0.02 KHz) 
**Core 01 Thread 84 Finished:   insts:35          cycles:7437       (260260)  seconds:2     -- 0.00 IPC (0.00 IPC) --  N/A  KHz (0.02 KHz) 
**Core 01 Thread 85 Finished:   insts:35          cycles:7438       (260295)  seconds:2     -- 0.00 IPC (0.00 IPC) --  N/A  KHz (0.02 KHz) 
**Core 01 Thread 87 Finished:   insts:35          cycles:7439       (260330)  seconds:2     -- 0.00 IPC (0.00 IPC) --  N/A  KHz (0.02 KHz) 
**Core 01 Core_Total  Finished:   insts:2874        cycles:7439       (260330) seconds:2     -- 0.39 IPC (0.39 IPC) --  N/A  KHz (1.44 KHz)
**Core 02 Thread 87 Finished:   insts:35          cycles:7440       (260365)  seconds:1     -- 0.00 IPC (0.00 IPC) --  N/A  KHz (0.04 KHz) 
**Core 02 Thread 86 Finished:   insts:35          cycles:7441       (260400)  seconds:1     -- 0.00 IPC (0.00 IPC) --  N/A  KHz (0.04 KHz) 
**Core 02 Core_Total  Finished:   insts:2874        cycles:7441       (260400) seconds:1     -- 0.39 IPC (0.39 IPC) --  N/A  KHz (2.87 KHz)
**Core 03 Thread 86 Finished:   insts:35          cycles:7442       (260435)  seconds:1     -- 0.00 IPC (0.00 IPC) --  N/A  KHz (0.04 KHz) 
**Core 03 Thread 83 Finished:   insts:35          cycles:7443       (260470)  seconds:1     -- 0.00 IPC (0.00 IPC) --  N/A  KHz (0.04 KHz) 
**Core 03 Thread 84 Finished:   insts:35          cycles:7444       (260505)  seconds:1     -- 0.00 IPC (0.00 IPC) --  N/A  KHz (0.04 KHz) 
**Core 03 Thread 85 Finished:   insts:35          cycles:7445       (260540)  seconds:1     -- 0.00 IPC (0.00 IPC) --  N/A  KHz (0.04 KHz) 
**Core 03 Thread 87 Finished:   insts:35          cycles:7446       (260575)  seconds:1     -- 0.00 IPC (0.00 IPC) --  N/A  KHz (0.04 KHz) 
src/process_manager.cc:434: (I=20  C=260575):  setup_process:0 /benchrun/macsim/cuda6-transpose/sm86_rtx3070/input-repeat1-dimx32-dimy32/results/traces/_Z22transposeCoarseGrainedPfS_ii_1/Trace.txt current_index:11 (16)
trace:/benchrun/macsim/cuda6-transpose/sm86_rtx3070/input-repeat1-dimx32-dimy32/results/traces/_Z22transposeCoarseGrainedPfS_ii_1/Trace.txt is opened 
src/process_manager.cc:541: (I=20  C=260575):  thread_count:32
**Core 00 Thread 88 Finished:   insts:35          cycles:8039       (281330)  seconds:2     -- 0.00 IPC (0.00 IPC) --  N/A  KHz (0.02 KHz) 
**Core 03 Thread 88 Finished:   insts:35          cycles:8040       (281365)  seconds:1     -- 0.00 IPC (0.00 IPC) --  N/A  KHz (0.04 KHz) 
**Core 00 Thread 89 Finished:   insts:35          cycles:8041       (281400)  seconds:2     -- 0.00 IPC (0.00 IPC) --  N/A  KHz (0.02 KHz) 
**Core 02 Thread 88 Finished:   insts:35          cycles:8042       (281435)  seconds:1     -- 0.00 IPC (0.00 IPC) --  N/A  KHz (0.04 KHz) 
**Core 00 Thread 90 Finished:   insts:35          cycles:8045       (281540)  seconds:2     -- 0.00 IPC (0.00 IPC) --  N/A  KHz (0.02 KHz) 
**Core 01 Thread 88 Finished:   insts:35          cycles:8045       (281540)  seconds:2     -- 0.00 IPC (0.00 IPC) --  N/A  KHz (0.02 KHz) 
**Core 02 Thread 89 Finished:   insts:35          cycles:8048       (281645)  seconds:1     -- 0.00 IPC (0.00 IPC) --  N/A  KHz (0.04 KHz) 
**Core 02 Thread 90 Finished:   insts:35          cycles:8050       (281715)  seconds:1     -- 0.00 IPC (0.00 IPC) --  N/A  KHz (0.04 KHz) 
**Core 03 Thread 89 Finished:   insts:35          cycles:8051       (281750)  seconds:1     -- 0.00 IPC (0.00 IPC) --  N/A  KHz (0.04 KHz) 
**Core 03 Thread 90 Finished:   insts:35          cycles:8053       (281820)  seconds:1     -- 0.00 IPC (0.00 IPC) --  N/A  KHz (0.04 KHz) 
**Core 01 Thread 89 Finished:   insts:35          cycles:8055       (281890)  seconds:2     -- 0.00 IPC (0.00 IPC) --  N/A  KHz (0.02 KHz) 
**Core 00 Thread 91 Finished:   insts:35          cycles:8057       (281960)  seconds:2     -- 0.00 IPC (0.00 IPC) --  N/A  KHz (0.02 KHz) 
**Core 00 Thread 92 Finished:   insts:35          cycles:8059       (282030)  seconds:2     -- 0.00 IPC (0.00 IPC) --  N/A  KHz (0.02 KHz) 
**Core 00 Thread 93 Finished:   insts:35          cycles:8061       (282100)  seconds:2     -- 0.00 IPC (0.00 IPC) --  N/A  KHz (0.02 KHz) 
**Core 01 Thread 90 Finished:   insts:35          cycles:8063       (282170)  seconds:2     -- 0.00 IPC (0.00 IPC) --  N/A  KHz (0.02 KHz) 
**Core 00 Thread 94 Finished:   insts:35          cycles:8065       (282240)  seconds:2     -- 0.00 IPC (0.00 IPC) --  N/A  KHz (0.02 KHz) 
**Core 00 Thread 95 Finished:   insts:35          cycles:8067       (282310)  seconds:2     -- 0.00 IPC (0.00 IPC) --  N/A  KHz (0.02 KHz) 
**Core 00 Core_Total  Finished:   insts:3154        cycles:8067       (282310) seconds:2     -- 0.39 IPC (0.39 IPC) --  N/A  KHz (1.58 KHz)
**Core 01 Thread 92 Finished:   insts:35          cycles:8069       (282380)  seconds:2     -- 0.00 IPC (0.00 IPC) --  N/A  KHz (0.02 KHz) 
**Core 01 Thread 93 Finished:   insts:35          cycles:8071       (282450)  seconds:2     -- 0.00 IPC (0.00 IPC) --  N/A  KHz (0.02 KHz) 
**Core 01 Thread 94 Finished:   insts:35          cycles:8073       (282520)  seconds:2     -- 0.00 IPC (0.00 IPC) --  N/A  KHz (0.02 KHz) 
**Core 02 Thread 92 Finished:   insts:35          cycles:8075       (282590)  seconds:1     -- 0.00 IPC (0.00 IPC) --  N/A  KHz (0.04 KHz) 
**Core 02 Thread 93 Finished:   insts:35          cycles:8077       (282660)  seconds:1     -- 0.00 IPC (0.00 IPC) --  N/A  KHz (0.04 KHz) 
**Core 01 Thread 91 Finished:   insts:35          cycles:8079       (282730)  seconds:2     -- 0.00 IPC (0.00 IPC) --  N/A  KHz (0.02 KHz) 
**Core 01 Thread 95 Finished:   insts:35          cycles:8080       (282765)  seconds:2     -- 0.00 IPC (0.00 IPC) --  N/A  KHz (0.02 KHz) 
**Core 01 Core_Total  Finished:   insts:3154        cycles:8080       (282765) seconds:2     -- 0.39 IPC (0.39 IPC) --  N/A  KHz (1.58 KHz)
**Core 02 Thread 91 Finished:   insts:35          cycles:8081       (282800)  seconds:1     -- 0.00 IPC (0.00 IPC) --  N/A  KHz (0.04 KHz) 
**Core 02 Thread 94 Finished:   insts:35          cycles:8082       (282835)  seconds:1     -- 0.00 IPC (0.00 IPC) --  N/A  KHz (0.04 KHz) 
**Core 02 Thread 95 Finished:   insts:35          cycles:8083       (282870)  seconds:1     -- 0.00 IPC (0.00 IPC) --  N/A  KHz (0.04 KHz) 
**Core 02 Core_Total  Finished:   insts:3154        cycles:8083       (282870) seconds:1     -- 0.39 IPC (0.39 IPC) --  N/A  KHz (3.15 KHz)
**Core 03 Thread 94 Finished:   insts:35          cycles:8084       (282905)  seconds:1     -- 0.00 IPC (0.00 IPC) --  N/A  KHz (0.04 KHz) 
**Core 03 Thread 91 Finished:   insts:35          cycles:8086       (282975)  seconds:1     -- 0.00 IPC (0.00 IPC) --  N/A  KHz (0.04 KHz) 
**Core 03 Thread 92 Finished:   insts:35          cycles:8088       (283045)  seconds:1     -- 0.00 IPC (0.00 IPC) --  N/A  KHz (0.04 KHz) 
**Core 03 Thread 93 Finished:   insts:35          cycles:8090       (283115)  seconds:1     -- 0.00 IPC (0.00 IPC) --  N/A  KHz (0.04 KHz) 
**Core 03 Thread 95 Finished:   insts:35          cycles:8092       (283185)  seconds:1     -- 0.00 IPC (0.00 IPC) --  N/A  KHz (0.04 KHz) 
src/process_manager.cc:434: (I=20  C=283185):  setup_process:0 /benchrun/macsim/cuda6-transpose/sm86_rtx3070/input-repeat1-dimx32-dimy32/results/traces/_Z20transposeFineGrainedPfS_ii_0/Trace.txt current_index:12 (16)
trace:/benchrun/macsim/cuda6-transpose/sm86_rtx3070/input-repeat1-dimx32-dimy32/results/traces/_Z20transposeFineGrainedPfS_ii_0/Trace.txt is opened 
src/process_manager.cc:541: (I=20  C=283185):  thread_count:32
**Core 02 Thread 97 Finished:   insts:38          cycles:8721       (305200)  seconds:1     -- 0.00 IPC (0.00 IPC) --  N/A  KHz (0.04 KHz) 
**Core 02 Thread 99 Finished:   insts:38          cycles:8723       (305270)  seconds:1     -- 0.00 IPC (0.00 IPC) --  N/A  KHz (0.04 KHz) 
**Core 03 Thread 97 Finished:   insts:38          cycles:8724       (305305)  seconds:1     -- 0.00 IPC (0.00 IPC) --  N/A  KHz (0.04 KHz) 
**Core 03 Thread 99 Finished:   insts:38          cycles:8726       (305375)  seconds:1     -- 0.00 IPC (0.00 IPC) --  N/A  KHz (0.04 KHz) 
**Core 00 Thread 98 Finished:   insts:38          cycles:8728       (305445)  seconds:2     -- 0.00 IPC (0.00 IPC) --  N/A  KHz (0.02 KHz) 
**Core 01 Thread 98 Finished:   insts:38          cycles:8728       (305445)  seconds:2     -- 0.00 IPC (0.00 IPC) --  N/A  KHz (0.02 KHz) 
**Core 02 Thread 101 Finished:   insts:38          cycles:8729       (305480)  seconds:1     -- 0.00 IPC (0.00 IPC) --  N/A  KHz (0.04 KHz) 
**Core 02 Thread 96 Finished:   insts:38          cycles:8731       (305550)  seconds:1     -- 0.00 IPC (0.00 IPC) --  N/A  KHz (0.04 KHz) 
**Core 00 Thread 96 Finished:   insts:38          cycles:8732       (305585)  seconds:2     -- 0.00 IPC (0.00 IPC) --  N/A  KHz (0.02 KHz) 
**Core 01 Thread 96 Finished:   insts:38          cycles:8733       (305620)  seconds:2     -- 0.00 IPC (0.00 IPC) --  N/A  KHz (0.02 KHz) 
**Core 03 Thread 101 Finished:   insts:38          cycles:8735       (305690)  seconds:1     -- 0.00 IPC (0.00 IPC) --  N/A  KHz (0.04 KHz) 
**Core 03 Thread 96 Finished:   insts:38          cycles:8737       (305760)  seconds:1     -- 0.00 IPC (0.00 IPC) --  N/A  KHz (0.04 KHz) 
**Core 00 Thread 100 Finished:   insts:38          cycles:8739       (305830)  seconds:2     -- 0.00 IPC (0.00 IPC) --  N/A  KHz (0.02 KHz) 
**Core 00 Thread 97 Finished:   insts:38          cycles:8741       (305900)  seconds:2     -- 0.00 IPC (0.00 IPC) --  N/A  KHz (0.02 KHz) 
**Core 00 Thread 102 Finished:   insts:38          cycles:8745       (306040)  seconds:2     -- 0.00 IPC (0.00 IPC) --  N/A  KHz (0.02 KHz) 
**Core 00 Thread 99 Finished:   insts:38          cycles:8747       (306110)  seconds:2     -- 0.00 IPC (0.00 IPC) --  N/A  KHz (0.02 KHz) 
**Core 00 Thread 101 Finished:   insts:38          cycles:8749       (306180)  seconds:2     -- 0.00 IPC (0.00 IPC) --  N/A  KHz (0.02 KHz) 
**Core 00 Thread 103 Finished:   insts:38          cycles:8751       (306250)  seconds:2     -- 0.00 IPC (0.00 IPC) --  N/A  KHz (0.02 KHz) 
**Core 00 Core_Total  Finished:   insts:3458        cycles:8751       (306250) seconds:2     -- 0.40 IPC (0.40 IPC) --  N/A  KHz (1.73 KHz)
**Core 01 Thread 100 Finished:   insts:38          cycles:8753       (306320)  seconds:2     -- 0.00 IPC (0.00 IPC) --  N/A  KHz (0.02 KHz) 
**Core 01 Thread 97 Finished:   insts:38          cycles:8755       (306390)  seconds:2     -- 0.00 IPC (0.00 IPC) --  N/A  KHz (0.02 KHz) 
**Core 01 Thread 102 Finished:   insts:38          cycles:8757       (306460)  seconds:2     -- 0.00 IPC (0.00 IPC) --  N/A  KHz (0.02 KHz) 
**Core 01 Thread 99 Finished:   insts:38          cycles:8759       (306530)  seconds:2     -- 0.00 IPC (0.00 IPC) --  N/A  KHz (0.02 KHz) 
**Core 01 Thread 101 Finished:   insts:38          cycles:8761       (306600)  seconds:2     -- 0.00 IPC (0.00 IPC) --  N/A  KHz (0.02 KHz) 
**Core 01 Thread 103 Finished:   insts:38          cycles:8763       (306670)  seconds:2     -- 0.00 IPC (0.00 IPC) --  N/A  KHz (0.02 KHz) 
**Core 01 Core_Total  Finished:   insts:3458        cycles:8763       (306670) seconds:2     -- 0.39 IPC (0.39 IPC) --  N/A  KHz (1.73 KHz)
**Core 02 Thread 103 Finished:   insts:38          cycles:8764       (306705)  seconds:1     -- 0.00 IPC (0.00 IPC) --  N/A  KHz (0.04 KHz) 
**Core 02 Thread 100 Finished:   insts:38          cycles:8765       (306740)  seconds:1     -- 0.00 IPC (0.00 IPC) --  N/A  KHz (0.04 KHz) 
**Core 02 Thread 98 Finished:   insts:38          cycles:8766       (306775)  seconds:1     -- 0.00 IPC (0.00 IPC) --  N/A  KHz (0.04 KHz) 
**Core 02 Thread 102 Finished:   insts:38          cycles:8768       (306845)  seconds:1     -- 0.00 IPC (0.00 IPC) --  N/A  KHz (0.04 KHz) 
**Core 02 Core_Total  Finished:   insts:3458        cycles:8768       (306845) seconds:1     -- 0.39 IPC (0.39 IPC) --  N/A  KHz (3.46 KHz)
**Core 03 Thread 103 Finished:   insts:38          cycles:8770       (306915)  seconds:1     -- 0.00 IPC (0.00 IPC) --  N/A  KHz (0.04 KHz) 
**Core 03 Thread 100 Finished:   insts:38          cycles:8772       (306985)  seconds:1     -- 0.00 IPC (0.00 IPC) --  N/A  KHz (0.04 KHz) 
**Core 03 Thread 98 Finished:   insts:38          cycles:8774       (307055)  seconds:1     -- 0.00 IPC (0.00 IPC) --  N/A  KHz (0.04 KHz) 
**Core 03 Thread 102 Finished:   insts:38          cycles:8776       (307125)  seconds:1     -- 0.00 IPC (0.00 IPC) --  N/A  KHz (0.04 KHz) 
src/process_manager.cc:434: (I=20  C=307125):  setup_process:0 /benchrun/macsim/cuda6-transpose/sm86_rtx3070/input-repeat1-dimx32-dimy32/results/traces/_Z20transposeFineGrainedPfS_ii_1/Trace.txt current_index:13 (16)
trace:/benchrun/macsim/cuda6-transpose/sm86_rtx3070/input-repeat1-dimx32-dimy32/results/traces/_Z20transposeFineGrainedPfS_ii_1/Trace.txt is opened 
src/process_manager.cc:541: (I=20  C=307125):  thread_count:32
**Core 03 Thread 105 Finished:   insts:38          cycles:9404       (329105)  seconds:1     -- 0.00 IPC (0.00 IPC) --  N/A  KHz (0.04 KHz) 
**Core 00 Thread 105 Finished:   insts:38          cycles:9405       (329140)  seconds:2     -- 0.00 IPC (0.00 IPC) --  N/A  KHz (0.02 KHz) 
**Core 03 Thread 107 Finished:   insts:38          cycles:9406       (329175)  seconds:1     -- 0.00 IPC (0.00 IPC) --  N/A  KHz (0.04 KHz) 
**Core 00 Thread 107 Finished:   insts:38          cycles:9407       (329210)  seconds:2     -- 0.00 IPC (0.00 IPC) --  N/A  KHz (0.02 KHz) 
**Core 01 Thread 105 Finished:   insts:38          cycles:9409       (329280)  seconds:2     -- 0.00 IPC (0.00 IPC) --  N/A  KHz (0.02 KHz) 
**Core 02 Thread 105 Finished:   insts:38          cycles:9409       (329280)  seconds:1     -- 0.00 IPC (0.00 IPC) --  N/A  KHz (0.04 KHz) 
**Core 01 Thread 107 Finished:   insts:38          cycles:9411       (329350)  seconds:2     -- 0.00 IPC (0.00 IPC) --  N/A  KHz (0.02 KHz) 
**Core 02 Thread 107 Finished:   insts:38          cycles:9411       (329350)  seconds:1     -- 0.00 IPC (0.00 IPC) --  N/A  KHz (0.04 KHz) 
**Core 03 Thread 109 Finished:   insts:38          cycles:9412       (329385)  seconds:1     -- 0.00 IPC (0.00 IPC) --  N/A  KHz (0.04 KHz) 
**Core 00 Thread 109 Finished:   insts:38          cycles:9413       (329420)  seconds:2     -- 0.00 IPC (0.00 IPC) --  N/A  KHz (0.02 KHz) 
**Core 03 Thread 104 Finished:   insts:38          cycles:9414       (329455)  seconds:1     -- 0.00 IPC (0.00 IPC) --  N/A  KHz (0.04 KHz) 
**Core 00 Thread 104 Finished:   insts:38          cycles:9415       (329490)  seconds:2     -- 0.00 IPC (0.00 IPC) --  N/A  KHz (0.02 KHz) 
**Core 01 Thread 109 Finished:   insts:38          cycles:9417       (329560)  seconds:2     -- 0.00 IPC (0.00 IPC) --  N/A  KHz (0.02 KHz) 
**Core 02 Thread 109 Finished:   insts:38          cycles:9417       (329560)  seconds:1     -- 0.00 IPC (0.00 IPC) --  N/A  KHz (0.04 KHz) 
**Core 00 Thread 111 Finished:   insts:38          cycles:9423       (329770)  seconds:2     -- 0.00 IPC (0.00 IPC) --  N/A  KHz (0.02 KHz) 
**Core 00 Thread 108 Finished:   insts:38          cycles:9433       (330120)  seconds:2     -- 0.00 IPC (0.00 IPC) --  N/A  KHz (0.02 KHz) 
**Core 00 Thread 106 Finished:   insts:38          cycles:9435       (330190)  seconds:2     -- 0.00 IPC (0.00 IPC) --  N/A  KHz (0.02 KHz) 
**Core 01 Thread 104 Finished:   insts:38          cycles:9437       (330260)  seconds:2     -- 0.00 IPC (0.00 IPC) --  N/A  KHz (0.02 KHz) 
**Core 01 Thread 108 Finished:   insts:38          cycles:9438       (330295)  seconds:2     -- 0.00 IPC (0.00 IPC) --  N/A  KHz (0.02 KHz) 
**Core 01 Thread 106 Finished:   insts:38          cycles:9439       (330330)  seconds:2     -- 0.00 IPC (0.00 IPC) --  N/A  KHz (0.02 KHz) 
**Core 00 Thread 110 Finished:   insts:38          cycles:9440       (330365)  seconds:2     -- 0.00 IPC (0.00 IPC) --  N/A  KHz (0.02 KHz) 
**Core 00 Core_Total  Finished:   insts:3762        cycles:9440       (330365) seconds:2     -- 0.40 IPC (0.40 IPC) --  N/A  KHz (1.88 KHz)
**Core 01 Thread 111 Finished:   insts:38          cycles:9441       (330400)  seconds:2     -- 0.00 IPC (0.00 IPC) --  N/A  KHz (0.02 KHz) 
**Core 01 Thread 110 Finished:   insts:38          cycles:9442       (330435)  seconds:2     -- 0.00 IPC (0.00 IPC) --  N/A  KHz (0.02 KHz) 
**Core 01 Core_Total  Finished:   insts:3762        cycles:9442       (330435) seconds:2     -- 0.40 IPC (0.40 IPC) --  N/A  KHz (1.88 KHz)
**Core 02 Thread 104 Finished:   insts:38          cycles:9443       (330470)  seconds:1     -- 0.00 IPC (0.00 IPC) --  N/A  KHz (0.04 KHz) 
**Core 02 Thread 111 Finished:   insts:38          cycles:9444       (330505)  seconds:1     -- 0.00 IPC (0.00 IPC) --  N/A  KHz (0.04 KHz) 
**Core 02 Thread 108 Finished:   insts:38          cycles:9445       (330540)  seconds:1     -- 0.00 IPC (0.00 IPC) --  N/A  KHz (0.04 KHz) 
**Core 02 Thread 106 Finished:   insts:38          cycles:9446       (330575)  seconds:1     -- 0.00 IPC (0.00 IPC) --  N/A  KHz (0.04 KHz) 
**Core 02 Thread 110 Finished:   insts:38          cycles:9447       (330610)  seconds:1     -- 0.00 IPC (0.00 IPC) --  N/A  KHz (0.04 KHz) 
**Core 02 Core_Total  Finished:   insts:3762        cycles:9447       (330610) seconds:1     -- 0.40 IPC (0.40 IPC) --  N/A  KHz (3.76 KHz)
**Core 03 Thread 111 Finished:   insts:38          cycles:9448       (330645)  seconds:1     -- 0.00 IPC (0.00 IPC) --  N/A  KHz (0.04 KHz) 
**Core 03 Thread 108 Finished:   insts:38          cycles:9449       (330680)  seconds:1     -- 0.00 IPC (0.00 IPC) --  N/A  KHz (0.04 KHz) 
**Core 03 Thread 106 Finished:   insts:38          cycles:9450       (330715)  seconds:1     -- 0.00 IPC (0.00 IPC) --  N/A  KHz (0.04 KHz) 
**Core 03 Thread 110 Finished:   insts:38          cycles:9451       (330750)  seconds:1     -- 0.00 IPC (0.00 IPC) --  N/A  KHz (0.04 KHz) 
src/process_manager.cc:434: (I=20  C=330750):  setup_process:0 /benchrun/macsim/cuda6-transpose/sm86_rtx3070/input-repeat1-dimx32-dimy32/results/traces/_Z17transposeDiagonalPfS_ii_0/Trace.txt current_index:14 (16)
trace:/benchrun/macsim/cuda6-transpose/sm86_rtx3070/input-repeat1-dimx32-dimy32/results/traces/_Z17transposeDiagonalPfS_ii_0/Trace.txt is opened 
src/process_manager.cc:541: (I=20  C=330750):  thread_count:32
**Core 03 Thread 112 Finished:   insts:44          cycles:10110      (353815)  seconds:1     -- 0.00 IPC (0.00 IPC) --  N/A  KHz (0.04 KHz) 
**Core 00 Thread 113 Finished:   insts:44          cycles:10120      (354165)  seconds:2     -- 0.00 IPC (0.00 IPC) --  N/A  KHz (0.02 KHz) 
**Core 00 Thread 114 Finished:   insts:44          cycles:10122      (354235)  seconds:2     -- 0.00 IPC (0.00 IPC) --  N/A  KHz (0.02 KHz) 
**Core 03 Thread 116 Finished:   insts:44          cycles:10123      (354270)  seconds:1     -- 0.00 IPC (0.00 IPC) --  N/A  KHz (0.04 KHz) 
**Core 00 Thread 115 Finished:   insts:44          cycles:10125      (354340)  seconds:2     -- 0.00 IPC (0.00 IPC) --  N/A  KHz (0.02 KHz) 
**Core 03 Thread 113 Finished:   insts:44          cycles:10127      (354410)  seconds:1     -- 0.00 IPC (0.00 IPC) --  N/A  KHz (0.04 KHz) 
**Core 00 Thread 112 Finished:   insts:44          cycles:10129      (354480)  seconds:2     -- 0.00 IPC (0.00 IPC) --  N/A  KHz (0.02 KHz) 
**Core 03 Thread 114 Finished:   insts:44          cycles:10131      (354550)  seconds:1     -- 0.00 IPC (0.00 IPC) --  N/A  KHz (0.04 KHz) 
**Core 03 Thread 117 Finished:   insts:44          cycles:10133      (354620)  seconds:1     -- 0.00 IPC (0.00 IPC) --  N/A  KHz (0.04 KHz) 
**Core 03 Thread 115 Finished:   insts:44          cycles:10135      (354690)  seconds:1     -- 0.00 IPC (0.00 IPC) --  N/A  KHz (0.04 KHz) 
**Core 00 Thread 116 Finished:   insts:44          cycles:10137      (354760)  seconds:2     -- 0.00 IPC (0.00 IPC) --  N/A  KHz (0.02 KHz) 
**Core 00 Thread 117 Finished:   insts:44          cycles:10139      (354830)  seconds:2     -- 0.00 IPC (0.00 IPC) --  N/A  KHz (0.02 KHz) 
**Core 02 Thread 112 Finished:   insts:44          cycles:10141      (354900)  seconds:1     -- 0.00 IPC (0.00 IPC) --  N/A  KHz (0.04 KHz) 
**Core 03 Thread 118 Finished:   insts:44          cycles:10143      (354970)  seconds:1     -- 0.00 IPC (0.00 IPC) --  N/A  KHz (0.04 KHz) 
**Core 02 Thread 113 Finished:   insts:44          cycles:10145      (355040)  seconds:1     -- 0.00 IPC (0.00 IPC) --  N/A  KHz (0.04 KHz) 
**Core 01 Thread 115 Finished:   insts:44          cycles:10147      (355110)  seconds:2     -- 0.00 IPC (0.00 IPC) --  N/A  KHz (0.02 KHz) 
**Core 02 Thread 114 Finished:   insts:44          cycles:10149      (355180)  seconds:1     -- 0.00 IPC (0.00 IPC) --  N/A  KHz (0.04 KHz) 
**Core 00 Thread 118 Finished:   insts:44          cycles:10151      (355250)  seconds:2     -- 0.00 IPC (0.00 IPC) --  N/A  KHz (0.02 KHz) 
**Core 00 Thread 119 Finished:   insts:44          cycles:10153      (355320)  seconds:2     -- 0.00 IPC (0.00 IPC) --  N/A  KHz (0.02 KHz) 
**Core 00 Core_Total  Finished:   insts:4114        cycles:10153      (355320) seconds:2     -- 0.41 IPC (0.41 IPC) --  N/A  KHz (2.06 KHz)
**Core 01 Thread 112 Finished:   insts:44          cycles:10154      (355355)  seconds:2     -- 0.00 IPC (0.00 IPC) --  N/A  KHz (0.02 KHz) 
**Core 02 Thread 115 Finished:   insts:44          cycles:10155      (355390)  seconds:1     -- 0.00 IPC (0.00 IPC) --  N/A  KHz (0.04 KHz) 
**Core 01 Thread 119 Finished:   insts:44          cycles:10156      (355425)  seconds:2     -- 0.00 IPC (0.00 IPC) --  N/A  KHz (0.02 KHz) 
**Core 01 Thread 116 Finished:   insts:44          cycles:10157      (355460)  seconds:2     -- 0.00 IPC (0.00 IPC) --  N/A  KHz (0.02 KHz) 
**Core 01 Thread 114 Finished:   insts:44          cycles:10158      (355495)  seconds:2     -- 0.00 IPC (0.00 IPC) --  N/A  KHz (0.02 KHz) 
**Core 01 Thread 113 Finished:   insts:44          cycles:10159      (355530)  seconds:2     -- 0.00 IPC (0.00 IPC) --  N/A  KHz (0.02 KHz) 
**Core 01 Thread 117 Finished:   insts:44          cycles:10160      (355565)  seconds:2     -- 0.00 IPC (0.00 IPC) --  N/A  KHz (0.02 KHz) 
**Core 01 Thread 118 Finished:   insts:44          cycles:10161      (355600)  seconds:2     -- 0.00 IPC (0.00 IPC) --  N/A  KHz (0.02 KHz) 
**Core 01 Core_Total  Finished:   insts:4114        cycles:10161      (355600) seconds:2     -- 0.40 IPC (0.40 IPC) --  N/A  KHz (2.06 KHz)
**Core 02 Thread 119 Finished:   insts:44          cycles:10162      (355635)  seconds:1     -- 0.00 IPC (0.00 IPC) --  N/A  KHz (0.04 KHz) 
**Core 02 Thread 116 Finished:   insts:44          cycles:10163      (355670)  seconds:1     -- 0.00 IPC (0.00 IPC) --  N/A  KHz (0.04 KHz) 
**Core 02 Thread 117 Finished:   insts:44          cycles:10164      (355705)  seconds:1     -- 0.00 IPC (0.00 IPC) --  N/A  KHz (0.04 KHz) 
**Core 02 Thread 118 Finished:   insts:44          cycles:10165      (355740)  seconds:1     -- 0.00 IPC (0.00 IPC) --  N/A  KHz (0.04 KHz) 
**Core 02 Core_Total  Finished:   insts:4114        cycles:10165      (355740) seconds:1     -- 0.40 IPC (0.40 IPC) --  N/A  KHz (4.11 KHz)
**Core 03 Thread 119 Finished:   insts:44          cycles:10166      (355775)  seconds:1     -- 0.00 IPC (0.00 IPC) --  N/A  KHz (0.04 KHz) 
src/process_manager.cc:434: (I=20  C=355775):  setup_process:0 /benchrun/macsim/cuda6-transpose/sm86_rtx3070/input-repeat1-dimx32-dimy32/results/traces/_Z17transposeDiagonalPfS_ii_1/Trace.txt current_index:15 (16)
trace:/benchrun/macsim/cuda6-transpose/sm86_rtx3070/input-repeat1-dimx32-dimy32/results/traces/_Z17transposeDiagonalPfS_ii_1/Trace.txt is opened 
src/process_manager.cc:541: (I=20  C=355775):  thread_count:32
**Core 00 Thread 120 Finished:   insts:44          cycles:10827      (378910)  seconds:2     -- 0.00 IPC (0.00 IPC) --  N/A  KHz (0.02 KHz) 
**Core 00 Thread 121 Finished:   insts:44          cycles:10829      (378980)  seconds:2     -- 0.00 IPC (0.00 IPC) --  N/A  KHz (0.02 KHz) 
**Core 00 Thread 122 Finished:   insts:44          cycles:10831      (379050)  seconds:2     -- 0.00 IPC (0.00 IPC) --  N/A  KHz (0.02 KHz) 
**Core 00 Thread 123 Finished:   insts:44          cycles:10833      (379120)  seconds:2     -- 0.00 IPC (0.00 IPC) --  N/A  KHz (0.02 KHz) 
**Core 03 Thread 120 Finished:   insts:44          cycles:10833      (379120)  seconds:1     -- 0.00 IPC (0.00 IPC) --  N/A  KHz (0.04 KHz) 
**Core 03 Thread 121 Finished:   insts:44          cycles:10835      (379190)  seconds:1     -- 0.00 IPC (0.00 IPC) --  N/A  KHz (0.04 KHz) 
**Core 03 Thread 122 Finished:   insts:44          cycles:10837      (379260)  seconds:1     -- 0.00 IPC (0.00 IPC) --  N/A  KHz (0.04 KHz) 
**Core 02 Thread 120 Finished:   insts:44          cycles:10839      (379330)  seconds:1     -- 0.00 IPC (0.00 IPC) --  N/A  KHz (0.04 KHz) 
**Core 01 Thread 123 Finished:   insts:44          cycles:10841      (379400)  seconds:2     -- 0.00 IPC (0.00 IPC) --  N/A  KHz (0.02 KHz) 
**Core 00 Thread 124 Finished:   insts:44          cycles:10843      (379470)  seconds:2     -- 0.00 IPC (0.00 IPC) --  N/A  KHz (0.02 KHz) 
**Core 00 Thread 125 Finished:   insts:44          cycles:10845      (379540)  seconds:2     -- 0.00 IPC (0.00 IPC) --  N/A  KHz (0.02 KHz) 
**Core 02 Thread 121 Finished:   insts:44          cycles:10847      (379610)  seconds:1     -- 0.00 IPC (0.00 IPC) --  N/A  KHz (0.04 KHz) 
**Core 01 Thread 120 Finished:   insts:44          cycles:10848      (379645)  seconds:2     -- 0.00 IPC (0.00 IPC) --  N/A  KHz (0.02 KHz) 
**Core 02 Thread 122 Finished:   insts:44          cycles:10849      (379680)  seconds:1     -- 0.00 IPC (0.00 IPC) --  N/A  KHz (0.04 KHz) 
**Core 02 Thread 124 Finished:   insts:44          cycles:10850      (379715)  seconds:1     -- 0.00 IPC (0.00 IPC) --  N/A  KHz (0.04 KHz) 
**Core 02 Thread 125 Finished:   insts:44          cycles:10851      (379750)  seconds:1     -- 0.00 IPC (0.00 IPC) --  N/A  KHz (0.04 KHz) 
**Core 02 Thread 126 Finished:   insts:44          cycles:10852      (379785)  seconds:1     -- 0.00 IPC (0.00 IPC) --  N/A  KHz (0.04 KHz) 
**Core 01 Thread 127 Finished:   insts:44          cycles:10853      (379820)  seconds:2     -- 0.00 IPC (0.00 IPC) --  N/A  KHz (0.02 KHz) 
**Core 00 Thread 127 Finished:   insts:44          cycles:10854      (379855)  seconds:2     -- 0.00 IPC (0.00 IPC) --  N/A  KHz (0.02 KHz) 
**Core 00 Thread 126 Finished:   insts:44          cycles:10855      (379890)  seconds:2     -- 0.00 IPC (0.00 IPC) --  N/A  KHz (0.02 KHz) 
**Core 00 Core_Total  Finished:   insts:4466        cycles:10855      (379890) seconds:2     -- 0.41 IPC (0.41 IPC) --  N/A  KHz (2.23 KHz)
**Core 01 Thread 124 Finished:   insts:44          cycles:10856      (379925)  seconds:2     -- 0.00 IPC (0.00 IPC) --  N/A  KHz (0.02 KHz) 
**Core 01 Thread 122 Finished:   insts:44          cycles:10857      (379960)  seconds:2     -- 0.00 IPC (0.00 IPC) --  N/A  KHz (0.02 KHz) 
**Core 01 Thread 121 Finished:   insts:44          cycles:10858      (379995)  seconds:2     -- 0.00 IPC (0.00 IPC) --  N/A  KHz (0.02 KHz) 
**Core 01 Thread 125 Finished:   insts:44          cycles:10859      (380030)  seconds:2     -- 0.00 IPC (0.00 IPC) --  N/A  KHz (0.02 KHz) 
**Core 01 Thread 126 Finished:   insts:44          cycles:10860      (380065)  seconds:2     -- 0.00 IPC (0.00 IPC) --  N/A  KHz (0.02 KHz) 
**Core 01 Core_Total  Finished:   insts:4466        cycles:10860      (380065) seconds:2     -- 0.41 IPC (0.41 IPC) --  N/A  KHz (2.23 KHz)
**Core 03 Thread 123 Finished:   insts:44          cycles:10861      (380100)  seconds:1     -- 0.00 IPC (0.00 IPC) --  N/A  KHz (0.04 KHz) 
**Core 02 Thread 123 Finished:   insts:44          cycles:10862      (380135)  seconds:1     -- 0.00 IPC (0.00 IPC) --  N/A  KHz (0.04 KHz) 
**Core 02 Thread 127 Finished:   insts:44          cycles:10877      (380660)  seconds:1     -- 0.00 IPC (0.00 IPC) --  N/A  KHz (0.04 KHz) 
**Core 02 Core_Total  Finished:   insts:4466        cycles:10877      (380660) seconds:1     -- 0.41 IPC (0.41 IPC) --  N/A  KHz (4.47 KHz)
**Core 03 Thread 127 Finished:   insts:44          cycles:10878      (380695)  seconds:1     -- 0.00 IPC (0.00 IPC) --  N/A  KHz (0.04 KHz) 
**Core 03 Thread 124 Finished:   insts:44          cycles:10879      (380730)  seconds:1     -- 0.00 IPC (0.00 IPC) --  N/A  KHz (0.04 KHz) 
**Core 03 Thread 125 Finished:   insts:44          cycles:10880      (380765)  seconds:1     -- 0.00 IPC (0.00 IPC) --  N/A  KHz (0.04 KHz) 
**Core 03 Thread 126 Finished:   insts:44          cycles:10881      (380800)  seconds:1     -- 0.00 IPC (0.00 IPC) --  N/A  KHz (0.04 KHz) 
src/retire.cc:566: (I=20  C=380800):  ----- application 0 terminated (/benchrun/macsim/cuda6-transpose/sm86_rtx3070/input-repeat1-dimx32-dimy32/results/traces/_Z17transposeDiagonalPfS_ii_1/Trace.txt,0) at 380800
**Core 03 Core_Total  Finished:   insts:4466        cycles:10881      (380800) seconds:1     -- 0.41 IPC (0.41 IPC) --  N/A  KHz (4.47 KHz)
src/macsim.cc:620: (I=20  C=380801):  finalize simulation
src/macsim.cc:627: (I=20  C=380801):  elapsed time:1.7 seconds
Done
