Arguments: macsim --out=/benchrun/macsim/cuda4-matrixmul/sm86_rtx3070/input-32/results/stats 
src/macsim.cc:122: (I=0  C=0):  initialize knobs
number of cores : 46
src/macsim.cc:537: (I=0  C=0):  initialize simulation
src/macsim.cc:323: (I=0  C=0):  initialize cores (0/0/46)
src/memory.cc:1568: (I=0  C=0):  Memory system(l2_decoupled_network) has been initialized.
src/network_simple.cc:92: (I=0  C=0):  TOTAL_ROUTER:69 CPU:0 GPU:46 L3:1 LLC:6 MC:16
enabling bug detector
src/macsim.cc:750: (I=0  C=0):  Initializing new noc

src/macsim.cc:838: (I=0  C=0):  Clock LCM           : 385
src/macsim.cc:839: (I=0  C=0):  CPU clock frequency : 1 GHz
src/macsim.cc:840: (I=0  C=0):  GPU clock frequency : 1.132 GHz
src/macsim.cc:841: (I=0  C=0):  LLC clock frequency : 1.132 GHz
src/macsim.cc:842: (I=0  C=0):  NOC clock frequency : 1.132 GHz
src/macsim.cc:843: (I=0  C=0):  MC  clock frequency : 3.5005 GHz
src/process_manager.cc:434: (I=0  C=0):  setup_process:0 /benchrun/macsim/cuda4-matrixmul/sm86_rtx3070/input-32/results/traces/_Z8mult_gpuPfS_S_ii_0/Trace.txt current_index:0 (1)
trace:/benchrun/macsim/cuda4-matrixmul/sm86_rtx3070/input-32/results/traces/_Z8mult_gpuPfS_S_ii_0/Trace.txt is opened 
src/process_manager.cc:541: (I=0  C=0):  thread_count:32
**Core 00 Thread 03 Finished:   insts:159         cycles:5769       (201880)  seconds:1     -- 0.03 IPC (0.03 IPC) --  N/A  KHz (0.16 KHz) 
**Core 00 Thread 00 Finished:   insts:161         cycles:5784       (202405)  seconds:1     -- 0.03 IPC (0.03 IPC) --  N/A  KHz (0.16 KHz) 
**Core 00 Thread 07 Finished:   insts:159         cycles:5788       (202545)  seconds:1     -- 0.03 IPC (0.03 IPC) --  N/A  KHz (0.16 KHz) 
**Core 00 Thread 05 Finished:   insts:159         cycles:5789       (202580)  seconds:1     -- 0.03 IPC (0.03 IPC) --  N/A  KHz (0.16 KHz) 
**Core 00 Thread 02 Finished:   insts:159         cycles:5794       (202755)  seconds:1     -- 0.03 IPC (0.03 IPC) --  N/A  KHz (0.16 KHz) 
**Core 00 Thread 20 Finished:   insts:159         cycles:5798       (202895)  seconds:1     -- 0.03 IPC (0.03 IPC) --  N/A  KHz (0.16 KHz) 
**Core 00 Thread 22 Finished:   insts:159         cycles:5799       (202930)  seconds:1     -- 0.03 IPC (0.03 IPC) --  N/A  KHz (0.16 KHz) 
**Core 00 Thread 04 Finished:   insts:159         cycles:5804       (203105)  seconds:1     -- 0.03 IPC (0.03 IPC) --  N/A  KHz (0.16 KHz) 
**Core 00 Thread 01 Finished:   insts:159         cycles:5809       (203280)  seconds:1     -- 0.03 IPC (0.03 IPC) --  N/A  KHz (0.16 KHz) 
**Core 00 Thread 23 Finished:   insts:159         cycles:5814       (203455)  seconds:1     -- 0.03 IPC (0.03 IPC) --  N/A  KHz (0.16 KHz) 
**Core 00 Thread 09 Finished:   insts:159         cycles:5819       (203630)  seconds:1     -- 0.03 IPC (0.03 IPC) --  N/A  KHz (0.16 KHz) 
**Core 00 Thread 25 Finished:   insts:159         cycles:5824       (203805)  seconds:1     -- 0.03 IPC (0.03 IPC) --  N/A  KHz (0.16 KHz) 
**Core 00 Thread 08 Finished:   insts:159         cycles:5829       (203980)  seconds:1     -- 0.03 IPC (0.03 IPC) --  N/A  KHz (0.16 KHz) 
**Core 00 Thread 27 Finished:   insts:159         cycles:5834       (204155)  seconds:1     -- 0.03 IPC (0.03 IPC) --  N/A  KHz (0.16 KHz) 
**Core 00 Thread 13 Finished:   insts:159         cycles:5839       (204330)  seconds:1     -- 0.03 IPC (0.03 IPC) --  N/A  KHz (0.16 KHz) 
**Core 00 Thread 24 Finished:   insts:159         cycles:5844       (204505)  seconds:1     -- 0.03 IPC (0.03 IPC) --  N/A  KHz (0.16 KHz) 
**Core 00 Thread 15 Finished:   insts:159         cycles:5849       (204680)  seconds:1     -- 0.03 IPC (0.03 IPC) --  N/A  KHz (0.16 KHz) 
**Core 00 Thread 29 Finished:   insts:159         cycles:5854       (204855)  seconds:1     -- 0.03 IPC (0.03 IPC) --  N/A  KHz (0.16 KHz) 
**Core 00 Thread 17 Finished:   insts:159         cycles:5859       (205030)  seconds:1     -- 0.03 IPC (0.03 IPC) --  N/A  KHz (0.16 KHz) 
**Core 00 Thread 28 Finished:   insts:159         cycles:5864       (205205)  seconds:1     -- 0.03 IPC (0.03 IPC) --  N/A  KHz (0.16 KHz) 
**Core 00 Thread 10 Finished:   insts:159         cycles:5869       (205380)  seconds:1     -- 0.03 IPC (0.03 IPC) --  N/A  KHz (0.16 KHz) 
**Core 00 Thread 30 Finished:   insts:159         cycles:5874       (205555)  seconds:1     -- 0.03 IPC (0.03 IPC) --  N/A  KHz (0.16 KHz) 
**Core 00 Thread 12 Finished:   insts:159         cycles:5879       (205730)  seconds:1     -- 0.03 IPC (0.03 IPC) --  N/A  KHz (0.16 KHz) 
**Core 00 Thread 21 Finished:   insts:159         cycles:5884       (205905)  seconds:1     -- 0.03 IPC (0.03 IPC) --  N/A  KHz (0.16 KHz) 
**Core 00 Thread 14 Finished:   insts:159         cycles:5889       (206080)  seconds:1     -- 0.03 IPC (0.03 IPC) --  N/A  KHz (0.16 KHz) 
**Core 00 Thread 26 Finished:   insts:159         cycles:5894       (206255)  seconds:1     -- 0.03 IPC (0.03 IPC) --  N/A  KHz (0.16 KHz) 
**Core 00 Thread 19 Finished:   insts:159         cycles:5899       (206430)  seconds:1     -- 0.03 IPC (0.03 IPC) --  N/A  KHz (0.16 KHz) 
**Core 00 Thread 31 Finished:   insts:159         cycles:5905       (206640)  seconds:1     -- 0.03 IPC (0.03 IPC) --  N/A  KHz (0.16 KHz) 
**Core 00 Thread 18 Finished:   insts:159         cycles:5910       (206815)  seconds:1     -- 0.03 IPC (0.03 IPC) --  N/A  KHz (0.16 KHz) 
**Core 00 Thread 06 Finished:   insts:159         cycles:5918       (207095)  seconds:1     -- 0.03 IPC (0.03 IPC) --  N/A  KHz (0.16 KHz) 
**Core 00 Thread 11 Finished:   insts:159         cycles:5927       (207410)  seconds:1     -- 0.03 IPC (0.03 IPC) --  N/A  KHz (0.16 KHz) 
**Core 00 Thread 16 Finished:   insts:159         cycles:5936       (207725)  seconds:1     -- 0.03 IPC (0.03 IPC) --  N/A  KHz (0.16 KHz) 
src/retire.cc:566: (I=161  C=207725):  ----- application 0 terminated (/benchrun/macsim/cuda4-matrixmul/sm86_rtx3070/input-32/results/traces/_Z8mult_gpuPfS_S_ii_0/Trace.txt,0) at 207725
**Core 00 Core_Total  Finished:   insts:5090        cycles:5936       (207725) seconds:2     -- 0.86 IPC (0.86 IPC) --  N/A  KHz (2.54 KHz)
src/macsim.cc:620: (I=161  C=207726):  finalize simulation
src/macsim.cc:627: (I=161  C=207726):  elapsed time:1.3 seconds
Done
