(0.000419) CudaRuntime.cpp:3813: Adding external function 'malloc'
(0.000462) CudaRuntime.cpp:3813: Adding external function 'free'
(0.000468) CudaRuntime.cpp:3813: Adding external function 'vprintf'
(0.000473) CudaRuntime.cpp:3813: Adding external function 'cudaGetParameterBuffer'
(0.000509) CudaRuntime.cpp:595:  Loading module (fatbin) - transposeTejas.cu
(0.000517) CudaRuntime.cpp:738:  Registered kernel - _Z22transposeCoarseGrainedPfS_ii in module 'transposeTejas.cu'
(0.000526) CudaRuntime.cpp:738:  Registered kernel - _Z20transposeFineGrainedPfS_ii in module 'transposeTejas.cu'
(0.000532) CudaRuntime.cpp:738:  Registered kernel - _Z17transposeDiagonalPfS_ii in module 'transposeTejas.cu'
(0.000537) CudaRuntime.cpp:738:  Registered kernel - _Z24transposeNoBankConflictsPfS_ii in module 'transposeTejas.cu'
(0.000542) CudaRuntime.cpp:738:  Registered kernel - _Z18transposeCoalescedPfS_ii in module 'transposeTejas.cu'
(0.000547) CudaRuntime.cpp:738:  Registered kernel - _Z14transposeNaivePfS_ii in module 'transposeTejas.cu'
(0.000553) CudaRuntime.cpp:738:  Registered kernel - _Z13copySharedMemPfS_ii in module 'transposeTejas.cu'
(0.000557) CudaRuntime.cpp:738:  Registered kernel - _Z4copyPfS_ii in module 'transposeTejas.cu'
Transpose Starting...

(0.000600) CudaRuntime.cpp:446:  Creating new context for thread 0x2257ec0
(0.000618) CudaRuntime.cpp:276:  Creating devices.
(0.000716) CudaRuntime.cpp:288:   - Added 1 emulator devices.
(0.000789) CudaRuntime.cpp:2203: cuda::CudaRuntime::cudaGetDeviceProperties(dev = 0) - major: 2, minor: 1
(0.000799) CudaRuntime.cpp:2241:   returning: prop->major = 2, prop->minor = 1
(0.000930) CudaRuntime.cpp:276:  Creating devices.
(0.000990) CudaRuntime.cpp:288:   - Added 1 emulator devices.
(0.001026) CudaRuntime.cpp:2203: cuda::CudaRuntime::cudaGetDeviceProperties(dev = 0) - major: 2, minor: 1
(0.001033) CudaRuntime.cpp:2241:   returning: prop->major = 2, prop->minor = 1
(0.001088) CudaRuntime.cpp:2289: Setting device for thread 0x2257ec0 to 0
(0.001094) CudaRuntime.cpp:276:  Creating devices.
(0.001140) CudaRuntime.cpp:288:   - Added 1 emulator devices.
(0.001179) CudaRuntime.cpp:2203: cuda::CudaRuntime::cudaGetDeviceProperties(dev = 0) - major: 2, minor: 1
(0.001185) CudaRuntime.cpp:2241:   returning: prop->major = 2, prop->minor = 1
GPU Device 0: "Ocelot PTX Emulator" with compute capability 2.1

(0.001240) CudaRuntime.cpp:276:  Creating devices.
(0.001286) CudaRuntime.cpp:288:   - Added 1 emulator devices.
(0.001314) CudaRuntime.cpp:2203: cuda::CudaRuntime::cudaGetDeviceProperties(dev = 0) - major: 2, minor: 1
(0.001320) CudaRuntime.cpp:2241:   returning: prop->major = 2, prop->minor = 1
> Device 0: "Ocelot PTX Emulator"
> SM Capability 2.1 detected:
> [Ocelot PTX Emulator] has 1 MP(s) x 48 (Cores/MP) = 48 (Cores)
> Compute performance scaling factor = 4.00
> MatrixSize X = 32
> MatrixSize Y = 32
(0.001389) CudaRuntime.cpp:276:  Creating devices.
(0.001434) CudaRuntime.cpp:288:   - Added 1 emulator devices.
(0.001476) CudaRuntime.cpp:787:  cudaMalloc( *devPtr = 0x225ea00, size = 4096)
(0.001491) CudaRuntime.cpp:787:  cudaMalloc( *devPtr = 0x225fb00, size = 4096)
(0.001507) CudaRuntime.cpp:1131: cudaMemcpy(0x225ea00, 0x225b7e0, 4096)
(0.001513) CudaRuntime.cpp:251:    _memcpy(0x225ea00, 0x225b7e0, 4096 bytes) h-to-d

Matrix size: 32x32 (2x2 tiles), tile size: 16x16, block size: 16x16

(0.001539) CudaRuntime.cpp:2609: cudaConfigureCall()
(0.001545) CudaRuntime.cpp:2631: cudaSetupArgument() - offset 0, size 8
(0.001552) CudaRuntime.cpp:2631: cudaSetupArgument() - offset 8, size 8
(0.001557) CudaRuntime.cpp:2631: cudaSetupArgument() - offset 16, size 4
(0.001562) CudaRuntime.cpp:2631: cudaSetupArgument() - offset 20, size 4
(0.008904) CudaRuntime.cpp:142:  Mapping parameter at offset 0 of size 8 to offset 0 of size 8
   data = 0x00 0xfb 0x25 0x02 0x00 0x00 0x00 0x00 
(0.008920) CudaRuntime.cpp:142:  Mapping parameter at offset 8 of size 8 to offset 8 of size 8
   data = 0x00 0xea 0x25 0x02 0x00 0x00 0x00 0x00 
(0.008927) CudaRuntime.cpp:142:  Mapping parameter at offset 16 of size 4 to offset 16 of size 4
   data = 0x20 0x00 0x00 0x00 
(0.008941) CudaRuntime.cpp:142:  Mapping parameter at offset 20 of size 4 to offset 20 of size 4
   data = 0x20 0x00 0x00 0x00 
(0.008947) CudaRuntime.cpp:2685: kernel launch (_Z4copyPfS_ii) on thread 0x2257ec0
(0.008964) CudaRuntime.cpp:2706:  launch completed successfully
(0.018521) CudaRuntime.cpp:2609: cudaConfigureCall()
(0.018529) CudaRuntime.cpp:2631: cudaSetupArgument() - offset 0, size 8
(0.018533) CudaRuntime.cpp:2631: cudaSetupArgument() - offset 8, size 8
(0.018537) CudaRuntime.cpp:2631: cudaSetupArgument() - offset 16, size 4
(0.018540) CudaRuntime.cpp:2631: cudaSetupArgument() - offset 20, size 4
(0.018550) CudaRuntime.cpp:142:  Mapping parameter at offset 0 of size 8 to offset 0 of size 8
   data = 0x00 0xfb 0x25 0x02 0x00 0x00 0x00 0x00 
(0.018556) CudaRuntime.cpp:142:  Mapping parameter at offset 8 of size 8 to offset 8 of size 8
   data = 0x00 0xea 0x25 0x02 0x00 0x00 0x00 0x00 
(0.018561) CudaRuntime.cpp:142:  Mapping parameter at offset 16 of size 4 to offset 16 of size 4
   data = 0x20 0x00 0x00 0x00 
(0.018565) CudaRuntime.cpp:142:  Mapping parameter at offset 20 of size 4 to offset 20 of size 4
   data = 0x20 0x00 0x00 0x00 
(0.018569) CudaRuntime.cpp:2685: kernel launch (_Z4copyPfS_ii) on thread 0x2257ec0
(0.018578) CudaRuntime.cpp:2706:  launch completed successfully
(0.033315) CudaRuntime.cpp:1131: cudaMemcpy(0x225c7f0, 0x225fb00, 4096)
(0.033331) CudaRuntime.cpp:215:    _memcpy(0x225c7f0, 0x225fb00, 4096 bytes) d-to-h
(0.033347) CudaRuntime.cpp:1131: cudaMemcpy(0x225c7f0, 0x225fb00, 4096)
(0.033352) CudaRuntime.cpp:215:    _memcpy(0x225c7f0, 0x225fb00, 4096 bytes) d-to-h
transpose simple copy       , Throughput = 0.0005 GB/s, Time = 14.78815 ms, Size = 1024 fp32 elements, NumDevsUsed = 1, Workgroup = 256
(0.033369) CudaRuntime.cpp:2609: cudaConfigureCall()
(0.033377) CudaRuntime.cpp:2631: cudaSetupArgument() - offset 0, size 8
(0.033387) CudaRuntime.cpp:2631: cudaSetupArgument() - offset 8, size 8
(0.033394) CudaRuntime.cpp:2631: cudaSetupArgument() - offset 16, size 4
(0.033398) CudaRuntime.cpp:2631: cudaSetupArgument() - offset 20, size 4
(0.033413) CudaRuntime.cpp:142:  Mapping parameter at offset 0 of size 8 to offset 0 of size 8
   data = 0x00 0xfb 0x25 0x02 0x00 0x00 0x00 0x00 
(0.033427) CudaRuntime.cpp:142:  Mapping parameter at offset 8 of size 8 to offset 8 of size 8
   data = 0x00 0xea 0x25 0x02 0x00 0x00 0x00 0x00 
(0.033434) CudaRuntime.cpp:142:  Mapping parameter at offset 16 of size 4 to offset 16 of size 4
   data = 0x20 0x00 0x00 0x00 
(0.033442) CudaRuntime.cpp:142:  Mapping parameter at offset 20 of size 4 to offset 20 of size 4
   data = 0x20 0x00 0x00 0x00 
(0.033451) CudaRuntime.cpp:2685: kernel launch (_Z13copySharedMemPfS_ii) on thread 0x2257ec0
(0.033465) CudaRuntime.cpp:2706:  launch completed successfully
(0.046201) CudaRuntime.cpp:2609: cudaConfigureCall()
(0.046212) CudaRuntime.cpp:2631: cudaSetupArgument() - offset 0, size 8
(0.046217) CudaRuntime.cpp:2631: cudaSetupArgument() - offset 8, size 8
(0.046221) CudaRuntime.cpp:2631: cudaSetupArgument() - offset 16, size 4
(0.046225) CudaRuntime.cpp:2631: cudaSetupArgument() - offset 20, size 4
(0.046238) CudaRuntime.cpp:142:  Mapping parameter at offset 0 of size 8 to offset 0 of size 8
   data = 0x00 0xfb 0x25 0x02 0x00 0x00 0x00 0x00 
(0.046245) CudaRuntime.cpp:142:  Mapping parameter at offset 8 of size 8 to offset 8 of size 8
   data = 0x00 0xea 0x25 0x02 0x00 0x00 0x00 0x00 
(0.046251) CudaRuntime.cpp:142:  Mapping parameter at offset 16 of size 4 to offset 16 of size 4
   data = 0x20 0x00 0x00 0x00 
(0.046257) CudaRuntime.cpp:142:  Mapping parameter at offset 20 of size 4 to offset 20 of size 4
   data = 0x20 0x00 0x00 0x00 
(0.046261) CudaRuntime.cpp:2685: kernel launch (_Z13copySharedMemPfS_ii) on thread 0x2257ec0
(0.046273) CudaRuntime.cpp:2706:  launch completed successfully
(0.060674) CudaRuntime.cpp:1131: cudaMemcpy(0x225c7f0, 0x225fb00, 4096)
(0.060691) CudaRuntime.cpp:215:    _memcpy(0x225c7f0, 0x225fb00, 4096 bytes) d-to-h
(0.060710) CudaRuntime.cpp:1131: cudaMemcpy(0x225c7f0, 0x225fb00, 4096)
(0.060725) CudaRuntime.cpp:215:    _memcpy(0x225c7f0, 0x225fb00, 4096 bytes) d-to-h
transpose shared memory copy, Throughput = 0.0005 GB/s, Time = 14.46676 ms, Size = 1024 fp32 elements, NumDevsUsed = 1, Workgroup = 256
(0.060745) CudaRuntime.cpp:2609: cudaConfigureCall()
(0.060755) CudaRuntime.cpp:2631: cudaSetupArgument() - offset 0, size 8
(0.060764) CudaRuntime.cpp:2631: cudaSetupArgument() - offset 8, size 8
(0.060770) CudaRuntime.cpp:2631: cudaSetupArgument() - offset 16, size 4
(0.060774) CudaRuntime.cpp:2631: cudaSetupArgument() - offset 20, size 4
(0.060792) CudaRuntime.cpp:142:  Mapping parameter at offset 0 of size 8 to offset 0 of size 8
   data = 0x00 0xfb 0x25 0x02 0x00 0x00 0x00 0x00 
(0.060804) CudaRuntime.cpp:142:  Mapping parameter at offset 8 of size 8 to offset 8 of size 8
   data = 0x00 0xea 0x25 0x02 0x00 0x00 0x00 0x00 
(0.060812) CudaRuntime.cpp:142:  Mapping parameter at offset 16 of size 4 to offset 16 of size 4
   data = 0x20 0x00 0x00 0x00 
(0.060825) CudaRuntime.cpp:142:  Mapping parameter at offset 20 of size 4 to offset 20 of size 4
   data = 0x20 0x00 0x00 0x00 
(0.060834) CudaRuntime.cpp:2685: kernel launch (_Z14transposeNaivePfS_ii) on thread 0x2257ec0
(0.060850) CudaRuntime.cpp:2706:  launch completed successfully
(0.070861) CudaRuntime.cpp:2609: cudaConfigureCall()
(0.070871) CudaRuntime.cpp:2631: cudaSetupArgument() - offset 0, size 8
(0.070876) CudaRuntime.cpp:2631: cudaSetupArgument() - offset 8, size 8
(0.070880) CudaRuntime.cpp:2631: cudaSetupArgument() - offset 16, size 4
(0.070884) CudaRuntime.cpp:2631: cudaSetupArgument() - offset 20, size 4
(0.070896) CudaRuntime.cpp:142:  Mapping parameter at offset 0 of size 8 to offset 0 of size 8
   data = 0x00 0xfb 0x25 0x02 0x00 0x00 0x00 0x00 
(0.070902) CudaRuntime.cpp:142:  Mapping parameter at offset 8 of size 8 to offset 8 of size 8
   data = 0x00 0xea 0x25 0x02 0x00 0x00 0x00 0x00 
(0.070908) CudaRuntime.cpp:142:  Mapping parameter at offset 16 of size 4 to offset 16 of size 4
   data = 0x20 0x00 0x00 0x00 
(0.070914) CudaRuntime.cpp:142:  Mapping parameter at offset 20 of size 4 to offset 20 of size 4
   data = 0x20 0x00 0x00 0x00 
(0.070919) CudaRuntime.cpp:2685: kernel launch (_Z14transposeNaivePfS_ii) on thread 0x2257ec0
(0.070929) CudaRuntime.cpp:2706:  launch completed successfully
(0.082556) CudaRuntime.cpp:1131: cudaMemcpy(0x225c7f0, 0x225fb00, 4096)
(0.082566) CudaRuntime.cpp:215:    _memcpy(0x225c7f0, 0x225fb00, 4096 bytes) d-to-h
(0.082580) CudaRuntime.cpp:1131: cudaMemcpy(0x225c7f0, 0x225fb00, 4096)
(0.082584) CudaRuntime.cpp:215:    _memcpy(0x225c7f0, 0x225fb00, 4096 bytes) d-to-h
transpose naive             , Throughput = 0.0007 GB/s, Time = 11.69372 ms, Size = 1024 fp32 elements, NumDevsUsed = 1, Workgroup = 256
(0.082601) CudaRuntime.cpp:2609: cudaConfigureCall()
(0.082606) CudaRuntime.cpp:2631: cudaSetupArgument() - offset 0, size 8
(0.082611) CudaRuntime.cpp:2631: cudaSetupArgument() - offset 8, size 8
(0.082615) CudaRuntime.cpp:2631: cudaSetupArgument() - offset 16, size 4
(0.082619) CudaRuntime.cpp:2631: cudaSetupArgument() - offset 20, size 4
(0.082632) CudaRuntime.cpp:142:  Mapping parameter at offset 0 of size 8 to offset 0 of size 8
   data = 0x00 0xfb 0x25 0x02 0x00 0x00 0x00 0x00 
(0.082639) CudaRuntime.cpp:142:  Mapping parameter at offset 8 of size 8 to offset 8 of size 8
   data = 0x00 0xea 0x25 0x02 0x00 0x00 0x00 0x00 
(0.082648) CudaRuntime.cpp:142:  Mapping parameter at offset 16 of size 4 to offset 16 of size 4
   data = 0x20 0x00 0x00 0x00 
(0.082654) CudaRuntime.cpp:142:  Mapping parameter at offset 20 of size 4 to offset 20 of size 4
   data = 0x20 0x00 0x00 0x00 
(0.082659) CudaRuntime.cpp:2685: kernel launch (_Z18transposeCoalescedPfS_ii) on thread 0x2257ec0
(0.082670) CudaRuntime.cpp:2706:  launch completed successfully
(0.096238) CudaRuntime.cpp:2609: cudaConfigureCall()
(0.096262) CudaRuntime.cpp:2631: cudaSetupArgument() - offset 0, size 8
(0.096272) CudaRuntime.cpp:2631: cudaSetupArgument() - offset 8, size 8
(0.096277) CudaRuntime.cpp:2631: cudaSetupArgument() - offset 16, size 4
(0.096287) CudaRuntime.cpp:2631: cudaSetupArgument() - offset 20, size 4
(0.096308) CudaRuntime.cpp:142:  Mapping parameter at offset 0 of size 8 to offset 0 of size 8
   data = 0x00 0xfb 0x25 0x02 0x00 0x00 0x00 0x00 
(0.096316) CudaRuntime.cpp:142:  Mapping parameter at offset 8 of size 8 to offset 8 of size 8
   data = 0x00 0xea 0x25 0x02 0x00 0x00 0x00 0x00 
(0.096322) CudaRuntime.cpp:142:  Mapping parameter at offset 16 of size 4 to offset 16 of size 4
   data = 0x20 0x00 0x00 0x00 
(0.096331) CudaRuntime.cpp:142:  Mapping parameter at offset 20 of size 4 to offset 20 of size 4
   data = 0x20 0x00 0x00 0x00 
(0.096341) CudaRuntime.cpp:2685: kernel launch (_Z18transposeCoalescedPfS_ii) on thread 0x2257ec0
(0.096353) CudaRuntime.cpp:2706:  launch completed successfully
(0.111106) CudaRuntime.cpp:1131: cudaMemcpy(0x225c7f0, 0x225fb00, 4096)
(0.111119) CudaRuntime.cpp:215:    _memcpy(0x225c7f0, 0x225fb00, 4096 bytes) d-to-h
(0.111138) CudaRuntime.cpp:1131: cudaMemcpy(0x225c7f0, 0x225fb00, 4096)
(0.111145) CudaRuntime.cpp:215:    _memcpy(0x225c7f0, 0x225fb00, 4096 bytes) d-to-h
transpose coalesced         , Throughput = 0.0005 GB/s, Time = 14.86325 ms, Size = 1024 fp32 elements, NumDevsUsed = 1, Workgroup = 256
(0.111164) CudaRuntime.cpp:2609: cudaConfigureCall()
(0.111172) CudaRuntime.cpp:2631: cudaSetupArgument() - offset 0, size 8
(0.111182) CudaRuntime.cpp:2631: cudaSetupArgument() - offset 8, size 8
(0.111191) CudaRuntime.cpp:2631: cudaSetupArgument() - offset 16, size 4
(0.111196) CudaRuntime.cpp:2631: cudaSetupArgument() - offset 20, size 4
(0.111215) CudaRuntime.cpp:142:  Mapping parameter at offset 0 of size 8 to offset 0 of size 8
   data = 0x00 0xfb 0x25 0x02 0x00 0x00 0x00 0x00 
(0.111223) CudaRuntime.cpp:142:  Mapping parameter at offset 8 of size 8 to offset 8 of size 8
   data = 0x00 0xea 0x25 0x02 0x00 0x00 0x00 0x00 
(0.111236) CudaRuntime.cpp:142:  Mapping parameter at offset 16 of size 4 to offset 16 of size 4
   data = 0x20 0x00 0x00 0x00 
(0.111249) CudaRuntime.cpp:142:  Mapping parameter at offset 20 of size 4 to offset 20 of size 4
   data = 0x20 0x00 0x00 0x00 
(0.111258) CudaRuntime.cpp:2685: kernel launch (_Z24transposeNoBankConflictsPfS_ii) on thread 0x2257ec0
(0.111273) CudaRuntime.cpp:2706:  launch completed successfully
(0.123944) CudaRuntime.cpp:2609: cudaConfigureCall()
(0.123955) CudaRuntime.cpp:2631: cudaSetupArgument() - offset 0, size 8
(0.123960) CudaRuntime.cpp:2631: cudaSetupArgument() - offset 8, size 8
(0.123964) CudaRuntime.cpp:2631: cudaSetupArgument() - offset 16, size 4
(0.123972) CudaRuntime.cpp:2631: cudaSetupArgument() - offset 20, size 4
(0.123992) CudaRuntime.cpp:142:  Mapping parameter at offset 0 of size 8 to offset 0 of size 8
   data = 0x00 0xfb 0x25 0x02 0x00 0x00 0x00 0x00 
(0.124000) CudaRuntime.cpp:142:  Mapping parameter at offset 8 of size 8 to offset 8 of size 8
   data = 0x00 0xea 0x25 0x02 0x00 0x00 0x00 0x00 
(0.124013) CudaRuntime.cpp:142:  Mapping parameter at offset 16 of size 4 to offset 16 of size 4
   data = 0x20 0x00 0x00 0x00 
(0.124022) CudaRuntime.cpp:142:  Mapping parameter at offset 20 of size 4 to offset 20 of size 4
   data = 0x20 0x00 0x00 0x00 
(0.124027) CudaRuntime.cpp:2685: kernel launch (_Z24transposeNoBankConflictsPfS_ii) on thread 0x2257ec0
(0.124042) CudaRuntime.cpp:2706:  launch completed successfully
(0.136329) CudaRuntime.cpp:1131: cudaMemcpy(0x225c7f0, 0x225fb00, 4096)
(0.136336) CudaRuntime.cpp:215:    _memcpy(0x225c7f0, 0x225fb00, 4096 bytes) d-to-h
(0.136344) CudaRuntime.cpp:1131: cudaMemcpy(0x225c7f0, 0x225fb00, 4096)
(0.136347) CudaRuntime.cpp:215:    _memcpy(0x225c7f0, 0x225fb00, 4096 bytes) d-to-h
transpose optimized         , Throughput = 0.0006 GB/s, Time = 12.38990 ms, Size = 1024 fp32 elements, NumDevsUsed = 1, Workgroup = 256
(0.136357) CudaRuntime.cpp:2609: cudaConfigureCall()
(0.136360) CudaRuntime.cpp:2631: cudaSetupArgument() - offset 0, size 8
(0.136362) CudaRuntime.cpp:2631: cudaSetupArgument() - offset 8, size 8
(0.136364) CudaRuntime.cpp:2631: cudaSetupArgument() - offset 16, size 4
(0.136373) CudaRuntime.cpp:2631: cudaSetupArgument() - offset 20, size 4
(0.136382) CudaRuntime.cpp:142:  Mapping parameter at offset 0 of size 8 to offset 0 of size 8
   data = 0x00 0xfb 0x25 0x02 0x00 0x00 0x00 0x00 
(0.136386) CudaRuntime.cpp:142:  Mapping parameter at offset 8 of size 8 to offset 8 of size 8
   data = 0x00 0xea 0x25 0x02 0x00 0x00 0x00 0x00 
(0.136389) CudaRuntime.cpp:142:  Mapping parameter at offset 16 of size 4 to offset 16 of size 4
   data = 0x20 0x00 0x00 0x00 
(0.136393) CudaRuntime.cpp:142:  Mapping parameter at offset 20 of size 4 to offset 20 of size 4
   data = 0x20 0x00 0x00 0x00 
(0.136396) CudaRuntime.cpp:2685: kernel launch (_Z22transposeCoarseGrainedPfS_ii) on thread 0x2257ec0
(0.136403) CudaRuntime.cpp:2706:  launch completed successfully
(0.151242) CudaRuntime.cpp:2609: cudaConfigureCall()
(0.151253) CudaRuntime.cpp:2631: cudaSetupArgument() - offset 0, size 8
(0.151257) CudaRuntime.cpp:2631: cudaSetupArgument() - offset 8, size 8
(0.151261) CudaRuntime.cpp:2631: cudaSetupArgument() - offset 16, size 4
(0.151265) CudaRuntime.cpp:2631: cudaSetupArgument() - offset 20, size 4
(0.151278) CudaRuntime.cpp:142:  Mapping parameter at offset 0 of size 8 to offset 0 of size 8
   data = 0x00 0xfb 0x25 0x02 0x00 0x00 0x00 0x00 
(0.151285) CudaRuntime.cpp:142:  Mapping parameter at offset 8 of size 8 to offset 8 of size 8
   data = 0x00 0xea 0x25 0x02 0x00 0x00 0x00 0x00 
(0.151291) CudaRuntime.cpp:142:  Mapping parameter at offset 16 of size 4 to offset 16 of size 4
   data = 0x20 0x00 0x00 0x00 
(0.151296) CudaRuntime.cpp:142:  Mapping parameter at offset 20 of size 4 to offset 20 of size 4
   data = 0x20 0x00 0x00 0x00 
(0.151301) CudaRuntime.cpp:2685: kernel launch (_Z22transposeCoarseGrainedPfS_ii) on thread 0x2257ec0
(0.151314) CudaRuntime.cpp:2706:  launch completed successfully
(0.164974) CudaRuntime.cpp:1131: cudaMemcpy(0x225c7f0, 0x225fb00, 4096)
(0.164986) CudaRuntime.cpp:215:    _memcpy(0x225c7f0, 0x225fb00, 4096 bytes) d-to-h
(0.165002) CudaRuntime.cpp:1131: cudaMemcpy(0x225c7f0, 0x225fb00, 4096)
(0.165008) CudaRuntime.cpp:215:    _memcpy(0x225c7f0, 0x225fb00, 4096 bytes) d-to-h
transpose coarse-grained    , Throughput = 0.0006 GB/s, Time = 13.72719 ms, Size = 1024 fp32 elements, NumDevsUsed = 1, Workgroup = 256
(0.165029) CudaRuntime.cpp:2609: cudaConfigureCall()
(0.165035) CudaRuntime.cpp:2631: cudaSetupArgument() - offset 0, size 8
(0.165040) CudaRuntime.cpp:2631: cudaSetupArgument() - offset 8, size 8
(0.165046) CudaRuntime.cpp:2631: cudaSetupArgument() - offset 16, size 4
(0.165051) CudaRuntime.cpp:2631: cudaSetupArgument() - offset 20, size 4
(0.165067) CudaRuntime.cpp:142:  Mapping parameter at offset 0 of size 8 to offset 0 of size 8
   data = 0x00 0xfb 0x25 0x02 0x00 0x00 0x00 0x00 
(0.165076) CudaRuntime.cpp:142:  Mapping parameter at offset 8 of size 8 to offset 8 of size 8
   data = 0x00 0xea 0x25 0x02 0x00 0x00 0x00 0x00 
(0.165084) CudaRuntime.cpp:142:  Mapping parameter at offset 16 of size 4 to offset 16 of size 4
   data = 0x20 0x00 0x00 0x00 
(0.165091) CudaRuntime.cpp:142:  Mapping parameter at offset 20 of size 4 to offset 20 of size 4
   data = 0x20 0x00 0x00 0x00 
(0.165097) CudaRuntime.cpp:2685: kernel launch (_Z20transposeFineGrainedPfS_ii) on thread 0x2257ec0
(0.165110) CudaRuntime.cpp:2706:  launch completed successfully
(0.180081) CudaRuntime.cpp:2609: cudaConfigureCall()
(0.180097) CudaRuntime.cpp:2631: cudaSetupArgument() - offset 0, size 8
(0.180105) CudaRuntime.cpp:2631: cudaSetupArgument() - offset 8, size 8
(0.180113) CudaRuntime.cpp:2631: cudaSetupArgument() - offset 16, size 4
(0.180121) CudaRuntime.cpp:2631: cudaSetupArgument() - offset 20, size 4
(0.180141) CudaRuntime.cpp:142:  Mapping parameter at offset 0 of size 8 to offset 0 of size 8
   data = 0x00 0xfb 0x25 0x02 0x00 0x00 0x00 0x00 
(0.180153) CudaRuntime.cpp:142:  Mapping parameter at offset 8 of size 8 to offset 8 of size 8
   data = 0x00 0xea 0x25 0x02 0x00 0x00 0x00 0x00 
(0.180163) CudaRuntime.cpp:142:  Mapping parameter at offset 16 of size 4 to offset 16 of size 4
   data = 0x20 0x00 0x00 0x00 
(0.180186) CudaRuntime.cpp:142:  Mapping parameter at offset 20 of size 4 to offset 20 of size 4
   data = 0x20 0x00 0x00 0x00 
(0.180194) CudaRuntime.cpp:2685: kernel launch (_Z20transposeFineGrainedPfS_ii) on thread 0x2257ec0
(0.180213) CudaRuntime.cpp:2706:  launch completed successfully
(0.193876) CudaRuntime.cpp:1131: cudaMemcpy(0x225c7f0, 0x225fb00, 4096)
(0.193893) CudaRuntime.cpp:215:    _memcpy(0x225c7f0, 0x225fb00, 4096 bytes) d-to-h
(0.193918) CudaRuntime.cpp:1131: cudaMemcpy(0x225c7f0, 0x225fb00, 4096)
(0.193926) CudaRuntime.cpp:215:    _memcpy(0x225c7f0, 0x225fb00, 4096 bytes) d-to-h
transpose fine-grained      , Throughput = 0.0006 GB/s, Time = 13.79085 ms, Size = 1024 fp32 elements, NumDevsUsed = 1, Workgroup = 256
(0.193956) CudaRuntime.cpp:2609: cudaConfigureCall()
(0.193965) CudaRuntime.cpp:2631: cudaSetupArgument() - offset 0, size 8
(0.193973) CudaRuntime.cpp:2631: cudaSetupArgument() - offset 8, size 8
(0.193981) CudaRuntime.cpp:2631: cudaSetupArgument() - offset 16, size 4
(0.193990) CudaRuntime.cpp:2631: cudaSetupArgument() - offset 20, size 4
(0.194011) CudaRuntime.cpp:142:  Mapping parameter at offset 0 of size 8 to offset 0 of size 8
   data = 0x00 0xfb 0x25 0x02 0x00 0x00 0x00 0x00 
(0.194024) CudaRuntime.cpp:142:  Mapping parameter at offset 8 of size 8 to offset 8 of size 8
   data = 0x00 0xea 0x25 0x02 0x00 0x00 0x00 0x00 
(0.194035) CudaRuntime.cpp:142:  Mapping parameter at offset 16 of size 4 to offset 16 of size 4
   data = 0x20 0x00 0x00 0x00 
(0.194047) CudaRuntime.cpp:142:  Mapping parameter at offset 20 of size 4 to offset 20 of size 4
   data = 0x20 0x00 0x00 0x00 
(0.194056) CudaRuntime.cpp:2685: kernel launch (_Z17transposeDiagonalPfS_ii) on thread 0x2257ec0
(0.194075) CudaRuntime.cpp:2706:  launch completed successfully
(0.208416) CudaRuntime.cpp:2609: cudaConfigureCall()
(0.208442) CudaRuntime.cpp:2631: cudaSetupArgument() - offset 0, size 8
(0.208451) CudaRuntime.cpp:2631: cudaSetupArgument() - offset 8, size 8
(0.208459) CudaRuntime.cpp:2631: cudaSetupArgument() - offset 16, size 4
(0.208468) CudaRuntime.cpp:2631: cudaSetupArgument() - offset 20, size 4
(0.208490) CudaRuntime.cpp:142:  Mapping parameter at offset 0 of size 8 to offset 0 of size 8
   data = 0x00 0xfb 0x25 0x02 0x00 0x00 0x00 0x00 
(0.208503) CudaRuntime.cpp:142:  Mapping parameter at offset 8 of size 8 to offset 8 of size 8
   data = 0x00 0xea 0x25 0x02 0x00 0x00 0x00 0x00 
(0.208514) CudaRuntime.cpp:142:  Mapping parameter at offset 16 of size 4 to offset 16 of size 4
   data = 0x20 0x00 0x00 0x00 
(0.208526) CudaRuntime.cpp:142:  Mapping parameter at offset 20 of size 4 to offset 20 of size 4
   data = 0x20 0x00 0x00 0x00 
(0.208535) CudaRuntime.cpp:2685: kernel launch (_Z17transposeDiagonalPfS_ii) on thread 0x2257ec0
(0.208554) CudaRuntime.cpp:2706:  launch completed successfully
(0.223942) CudaRuntime.cpp:1131: cudaMemcpy(0x225c7f0, 0x225fb00, 4096)
(0.223959) CudaRuntime.cpp:215:    _memcpy(0x225c7f0, 0x225fb00, 4096 bytes) d-to-h
(0.223985) CudaRuntime.cpp:1131: cudaMemcpy(0x225c7f0, 0x225fb00, 4096)
(0.223993) CudaRuntime.cpp:215:    _memcpy(0x225c7f0, 0x225fb00, 4096 bytes) d-to-h
transpose diagonal          , Throughput = 0.0005 GB/s, Time = 15.52129 ms, Size = 1024 fp32 elements, NumDevsUsed = 1, Workgroup = 256
(0.224030) CudaRuntime.cpp:887:  cudaFree(0x225ea00)
(0.224044) CudaRuntime.cpp:887:  cudaFree(0x225fb00)
Test passed
