options: Options {
    input: "/benchrun/accelsim-sass/sm86_a4000/babelstream/input-arraysize-1024-numtimes-2/results/log.txt",
    output: "/benchrun/accelsim-sass/sm86_a4000/babelstream/input-arraysize-1024-numtimes-2/results/stats.csv",
    per_kernel: false,
    kernel_instance: false,
    configs_as_rows: false,
    config_list: None,
    benchmark_list: None,
    sim_name: None,
    strict: false,
}
GPGPU-sim version: Some("accelsim-commit-e02c99dbadefc0b9dc95317100be2a446eec142c_modified_0.0")
stats: {
    (
        "final_kernel",
        0,
        "gpgpu_simulation_rate",
    ): 1337.0,
    (
        "final_kernel",
        0,
        "total_dram_writes",
    ): 0.0,
    (
        "final_kernel",
        0,
        "l2_cache_write_hit",
    ): 2496.0,
    (
        "final_kernel",
        0,
        "total_core_cache_write_total",
    ): 3328.0,
    (
        "final_kernel",
        0,
        "total_core_cache_read_hit",
    ): 0.0,
    (
        "final_kernel",
        0,
        "gpu_total_instructions",
    ): 53101056.0,
    (
        "final_kernel",
        0,
        "l2_cache_read_miss",
    ): 0.0,
    (
        "final_kernel",
        0,
        "gpu_tot_sim_cycle",
    ): 147175.0,
    (
        "final_kernel",
        0,
        "gpgpu_n_tot_w_icount",
    ): 2432160.0,
    (
        "final_kernel",
        0,
        "gpu_ipc",
    ): 580.368,
    (
        "final_kernel",
        0,
        "l2_cache_read_total",
    ): 4096.0,
    (
        "final_kernel",
        0,
        "total_core_cache_write_hit",
    ): 0.0,
    (
        "final_kernel",
        0,
        "l2_bandwidth_gbps",
    ): 0.3958,
    (
        "final_kernel",
        0,
        "gpu_tot_ipc",
    ): 360.8022,
    (
        "final_kernel",
        0,
        "total_core_cache_read_total",
    ): 4096.0,
    (
        "final_kernel",
        0,
        "total_dram_reads",
    ): 0.0,
    (
        "final_kernel",
        0,
        "l2_cache_write_miss",
    ): 208.0,
    (
        "final_kernel",
        0,
        "gpu_occupancy",
    ): 64.1673,
    (
        "final_kernel",
        0,
        "gpgpu_silicon_slowdown",
    ): 549738.0,
    (
        "final_kernel",
        0,
        "kernel_launch_uid",
    ): 11.0,
    (
        "final_kernel",
        0,
        "gpgpu_simulation_time_sec",
    ): 110.0,
    (
        "final_kernel",
        0,
        "l2_cache_write_total",
    ): 3328.0,
    (
        "final_kernel",
        0,
        "total_core_cache_read_mshr_hit",
    ): 0.0,
    (
        "final_kernel",
        0,
        "l2_cache_read_hit",
    ): 4096.0,
}
done in 39.124765ms: 861.53 KiB parsed (16.00 EiB/s)
