####################################################################################################
Interval
####################################################################################################
Cumulative:         Cycles:                  20000     Instructions:                  1200
DRAM_PRECHARGE                                                  0                             0

DRAM_ACTIVATE                                                  11                            11

DRAM_COLUMN                                                    98                            98

DRAM_AVG_LATENCY_BASE                                          98                            98

DRAM_AVG_LATENCY                                             9299                       94.8878

BANDWIDTH_TOT                                               12416                         12416

DRAM_CHANNEL0_BANDWIDTH_SATURATED                              48                            48

DRAM_CHANNEL1_BANDWIDTH_SATURATED                              52                            52

DRAM_CHANNEL2_BANDWIDTH_SATURATED                              45                            45

DRAM_CHANNEL3_BANDWIDTH_SATURATED                               0                             0

DRAM_CHANNEL4_BANDWIDTH_SATURATED                               0                             0

DRAM_CHANNEL5_BANDWIDTH_SATURATED                               0                             0

DRAM_CHANNEL6_BANDWIDTH_SATURATED                               0                             0

DRAM_CHANNEL7_BANDWIDTH_SATURATED                               0                             0

DRAM_CHANNEL0_DBUS_IDLE                                    462712                        462712

DRAM_CHANNEL1_DBUS_IDLE                                    462648                        462648

DRAM_CHANNEL2_DBUS_IDLE                                    462688                        462688

DRAM_CHANNEL3_DBUS_IDLE                                    462944                        462944

DRAM_CHANNEL4_DBUS_IDLE                                         0                             0

DRAM_CHANNEL5_DBUS_IDLE                                         0                             0

DRAM_CHANNEL6_DBUS_IDLE                                         0                             0

DRAM_CHANNEL7_DBUS_IDLE                                         0                             0

