options: Options {
    input: "/benchrun/accelsim-sass/vectoradd/sm86_rtx3070/input-1000000/results/log.txt",
    output: "/benchrun/accelsim-sass/vectoradd/sm86_rtx3070/input-1000000/results/stats.csv",
    per_kernel: false,
    kernel_instance: false,
    configs_as_rows: false,
    config_list: None,
    benchmark_list: None,
    sim_name: None,
    strict: false,
}
GPGPU-sim version: Some("accelsim-commit-e02c99dbadefc0b9dc95317100be2a446eec142c_modified_0.0")
stats: {
    (
        "final_kernel",
        0,
        "total_dram_writes",
    ): 203220.0,
    (
        "final_kernel",
        0,
        "gpgpu_silicon_slowdown",
    ): 2172744.0,
    (
        "final_kernel",
        0,
        "gpgpu_simulation_rate",
    ): 521.0,
    (
        "final_kernel",
        0,
        "total_dram_reads",
    ): 500000.0,
    (
        "final_kernel",
        0,
        "total_core_cache_read_mshr_hit",
    ): 0.0,
    (
        "final_kernel",
        0,
        "total_core_cache_read_hit",
    ): 0.0,
    (
        "final_kernel",
        0,
        "total_core_cache_write_total",
    ): 250000.0,
    (
        "final_kernel",
        0,
        "gpu_occupancy",
    ): 55.2044,
    (
        "final_kernel",
        0,
        "gpu_tot_ipc",
    ): 319.4963,
    (
        "final_kernel",
        0,
        "gpgpu_simulation_time_sec",
    ): 132.0,
    (
        "final_kernel",
        0,
        "l2_cache_write_total",
    ): 250000.0,
    (
        "final_kernel",
        0,
        "kernel_launch_uid",
    ): 1.0,
    (
        "final_kernel",
        0,
        "gpgpu_n_tot_w_icount",
    ): 718876.0,
    (
        "final_kernel",
        0,
        "l2_cache_read_total",
    ): 500000.0,
    (
        "final_kernel",
        0,
        "l2_cache_read_miss",
    ): 125000.0,
    (
        "final_kernel",
        0,
        "l2_cache_read_hit",
    ): 0.0,
    (
        "final_kernel",
        0,
        "total_core_cache_write_hit",
    ): 0.0,
    (
        "final_kernel",
        0,
        "l2_bandwidth_gbps",
    ): 394.4766,
    (
        "final_kernel",
        0,
        "l2_cache_write_hit",
    ): 0.0,
    (
        "final_kernel",
        0,
        "total_core_cache_read_total",
    ): 500000.0,
    (
        "final_kernel",
        0,
        "l2_cache_write_miss",
    ): 62500.0,
    (
        "final_kernel",
        0,
        "gpu_total_instructions",
    ): 22004032.0,
    (
        "final_kernel",
        0,
        "gpu_ipc",
    ): 319.4963,
    (
        "final_kernel",
        0,
        "gpu_tot_sim_cycle",
    ): 68871.0,
}
done in 15.135151ms: 193.02 KiB parsed (16.00 EiB/s)
