(0.000497) CudaRuntime.cpp:3813: Adding external function 'malloc'
(0.000556) CudaRuntime.cpp:3813: Adding external function 'free'
(0.000565) CudaRuntime.cpp:3813: Adding external function 'vprintf'
(0.000571) CudaRuntime.cpp:3813: Adding external function 'cudaGetParameterBuffer'
(0.000619) CudaRuntime.cpp:595:  Loading module (fatbin) - matrixMulTejas.cu
(0.000629) CudaRuntime.cpp:738:  Registered kernel - _Z8mult_gpuPfS_S_ii in module 'matrixMulTejas.cu'
(0.000675) CudaRuntime.cpp:276:  Creating devices.
(0.000823) CudaRuntime.cpp:288:   - Added 1 emulator devices.
(0.000946) CudaRuntime.cpp:446:  Creating new context for thread 0x22e6160
(0.000997) CudaRuntime.cpp:787:  cudaMalloc( *devPtr = 0x22e8300, size = 65536)
(0.001020) CudaRuntime.cpp:787:  cudaMalloc( *devPtr = 0x2308500, size = 65536)
(0.001042) CudaRuntime.cpp:787:  cudaMalloc( *devPtr = 0x2328600, size = 65536)
(0.002773) CudaRuntime.cpp:1131: cudaMemcpy(0x22e8300, 0x22d6150, 65536)
(0.002782) CudaRuntime.cpp:251:    _memcpy(0x22e8300, 0x22d6150, 65536 bytes) h-to-d
(0.002855) CudaRuntime.cpp:1131: cudaMemcpy(0x2308500, 0x22f8410, 65536)
(0.002861) CudaRuntime.cpp:251:    _memcpy(0x2308500, 0x22f8410, 65536 bytes) h-to-d
grid: (4,4,1)
threads: (32,32,1)
(0.002943) CudaRuntime.cpp:2609: cudaConfigureCall()
(0.002952) CudaRuntime.cpp:2631: cudaSetupArgument() - offset 0, size 8
(0.002960) CudaRuntime.cpp:2631: cudaSetupArgument() - offset 8, size 8
(0.002968) CudaRuntime.cpp:2631: cudaSetupArgument() - offset 16, size 8
(0.002975) CudaRuntime.cpp:2631: cudaSetupArgument() - offset 24, size 4
(0.002982) CudaRuntime.cpp:2631: cudaSetupArgument() - offset 28, size 4
(0.007992) CudaRuntime.cpp:142:  Mapping parameter at offset 0 of size 8 to offset 0 of size 8
   data = 0x00 0x83 0x2e 0x02 0x00 0x00 0x00 0x00 
(0.008007) CudaRuntime.cpp:142:  Mapping parameter at offset 8 of size 8 to offset 8 of size 8
   data = 0x00 0x85 0x30 0x02 0x00 0x00 0x00 0x00 
(0.008018) CudaRuntime.cpp:142:  Mapping parameter at offset 16 of size 8 to offset 16 of size 8
   data = 0x00 0x86 0x32 0x02 0x00 0x00 0x00 0x00 
(0.008027) CudaRuntime.cpp:142:  Mapping parameter at offset 24 of size 4 to offset 24 of size 4
   data = 0x80 0x00 0x00 0x00 
(0.008035) CudaRuntime.cpp:142:  Mapping parameter at offset 28 of size 4 to offset 28 of size 4
   data = 0x80 0x00 0x00 0x00 
(0.008043) CudaRuntime.cpp:2685: kernel launch (_Z8mult_gpuPfS_S_ii) on thread 0x22e6160
(0.008066) CudaRuntime.cpp:2706:  launch completed successfully
The GPU Elapsed Time:0.641737 Sec.
(0.644701) CudaRuntime.cpp:1131: cudaMemcpy(0x2318530, 0x2328600, 65536)
(0.644715) CudaRuntime.cpp:215:    _memcpy(0x2318530, 0x2328600, 65536 bytes) d-to-h
The CPU Elapsed Time:0.015455 Sec.
Verifying
PASS
(0.660321) CudaRuntime.cpp:887:  cudaFree(0x22e8300)
(0.660334) CudaRuntime.cpp:887:  cudaFree(0x2308500)
(0.660340) CudaRuntime.cpp:887:  cudaFree(0x2328600)
