options: Options {
    input: "/benchrun/accelsim-sass/sm6_gtx1080/babelstream/input-arraysize-1024-numtimes-1/results/log.txt",
    output: "/benchrun/accelsim-sass/sm6_gtx1080/babelstream/input-arraysize-1024-numtimes-1/results/stats.csv",
    per_kernel: false,
    kernel_instance: false,
    configs_as_rows: false,
    config_list: None,
    benchmark_list: None,
    sim_name: None,
    strict: false,
}
GPGPU-sim version: Some("accelsim-commit-e02c99dbadefc0b9dc95317100be2a446eec142c_modified_0.0")
stats: {
    (
        "final_kernel",
        0,
        "l2_bandwidth_gbps",
    ): 0.6741,
    (
        "final_kernel",
        0,
        "l2_cache_write_miss",
    ): 208.0,
    (
        "final_kernel",
        0,
        "gpu_total_instructions",
    ): 29738240.0,
    (
        "final_kernel",
        0,
        "l2_cache_write_hit",
    ): 452.0,
    (
        "final_kernel",
        0,
        "total_dram_writes",
    ): 828.0,
    (
        "final_kernel",
        0,
        "total_dram_reads",
    ): 856.0,
    (
        "final_kernel",
        0,
        "l2_cache_read_total",
    ): 512.0,
    (
        "final_kernel",
        0,
        "total_core_cache_read_mshr_hit",
    ): 0.0,
    (
        "final_kernel",
        0,
        "kernel_launch_uid",
    ): 6.0,
    (
        "final_kernel",
        0,
        "gpu_ipc",
    ): 809.5201,
    (
        "final_kernel",
        0,
        "total_core_cache_write_hit",
    ): 0.0,
    (
        "final_kernel",
        0,
        "gpgpu_simulation_rate",
    ): 1690.0,
    (
        "final_kernel",
        0,
        "gpu_tot_ipc",
    ): 676.4072,
    (
        "final_kernel",
        0,
        "gpgpu_simulation_time_sec",
    ): 26.0,
    (
        "final_kernel",
        0,
        "l2_cache_write_total",
    ): 704.0,
    (
        "final_kernel",
        0,
        "gpgpu_n_tot_w_icount",
    ): 1390176.0,
    (
        "final_kernel",
        0,
        "l2_cache_read_miss",
    ): 0.0,
    (
        "final_kernel",
        0,
        "gpgpu_silicon_slowdown",
    ): 950887.0,
    (
        "final_kernel",
        0,
        "gpu_tot_sim_cycle",
    ): 43965.0,
    (
        "final_kernel",
        0,
        "l2_cache_read_hit",
    ): 512.0,
    (
        "final_kernel",
        0,
        "gpu_occupancy",
    ): 94.0658,
    (
        "final_kernel",
        0,
        "total_core_cache_read_hit",
    ): 0.0,
}
done in 19.640068ms: 299.39 KiB parsed (16.00 EiB/s)
