options: Options {
    input: "/benchrun/accelsim-sass/sm86_rtx3070/cuda6-transpose/input-repeat1-dimx128-dimy128/results/log.txt",
    output: "/benchrun/accelsim-sass/sm86_rtx3070/cuda6-transpose/input-repeat1-dimx128-dimy128/results/stats.csv",
    per_kernel: false,
    kernel_instance: false,
    configs_as_rows: false,
    config_list: None,
    benchmark_list: None,
    sim_name: None,
    strict: false,
}
GPGPU-sim version: Some("accelsim-commit-e02c99dbadefc0b9dc95317100be2a446eec142c_modified_0.0")
stats: {
    (
        "final_kernel",
        0,
        "gpgpu_simulation_time_sec",
    ): 34.0,
    (
        "final_kernel",
        0,
        "l2_cache_read_hit",
    ): 30720.0,
    (
        "final_kernel",
        0,
        "total_dram_reads",
    ): 2048.0,
    (
        "final_kernel",
        0,
        "gpgpu_silicon_slowdown",
    ): 411935.0,
    (
        "final_kernel",
        0,
        "l2_cache_read_total",
    ): 32768.0,
    (
        "final_kernel",
        0,
        "total_dram_writes",
    ): 0.0,
    (
        "final_kernel",
        0,
        "l2_cache_read_miss",
    ): 512.0,
    (
        "final_kernel",
        0,
        "total_core_cache_write_hit",
    ): 12288.0,
    (
        "final_kernel",
        0,
        "total_core_cache_read_hit",
    ): 0.0,
    (
        "final_kernel",
        0,
        "gpu_total_instructions",
    ): 6131200.0,
    (
        "final_kernel",
        0,
        "kernel_launch_uid",
    ): 16.0,
    (
        "final_kernel",
        0,
        "gpgpu_simulation_rate",
    ): 2748.0,
    (
        "final_kernel",
        0,
        "total_core_cache_write_total",
    ): 45056.0,
    (
        "final_kernel",
        0,
        "l2_bandwidth_gbps",
    ): 25.1225,
    (
        "final_kernel",
        0,
        "total_core_cache_read_total",
    ): 32768.0,
    (
        "final_kernel",
        0,
        "total_core_cache_read_mshr_hit",
    ): 0.0,
    (
        "final_kernel",
        0,
        "l2_cache_write_hit",
    ): 43008.0,
    (
        "final_kernel",
        0,
        "l2_cache_write_total",
    ): 45056.0,
    (
        "final_kernel",
        0,
        "gpu_tot_ipc",
    ): 65.6157,
    (
        "final_kernel",
        0,
        "gpgpu_n_tot_w_icount",
    ): 196608.0,
    (
        "final_kernel",
        0,
        "gpu_occupancy",
    ): 22.9712,
    (
        "final_kernel",
        0,
        "l2_cache_write_miss",
    ): 512.0,
    (
        "final_kernel",
        0,
        "gpu_tot_sim_cycle",
    ): 93441.0,
    (
        "final_kernel",
        0,
        "gpu_ipc",
    ): 116.8168,
}
done in 63.698606ms: 1.23 MiB parsed (16.00 EiB/s)
