options: Options {
    input: "/benchrun/accelsim-ptx/cuda10-transpose/sm86_rtx3070/input-repeat1-dimx32-dimy32/results/log.txt",
    output: "/benchrun/accelsim-ptx/cuda10-transpose/sm86_rtx3070/input-repeat1-dimx32-dimy32/results/stats.csv",
    per_kernel: false,
    kernel_instance: false,
    configs_as_rows: false,
    config_list: None,
    benchmark_list: None,
    sim_name: None,
    strict: false,
}
GPGPU-sim version: Some("gpgpu-sim_git-commit-13c67115070dc2f0876254a790d0238073ca364a_modified_0.0")
stats: {
    (
        "final_kernel",
        0,
        "l2_cache_read_miss",
    ): 0.0,
    (
        "final_kernel",
        0,
        "l2_cache_write_hit",
    ): 2688.0,
    (
        "final_kernel",
        0,
        "gpgpu_simulation_time_sec",
    ): 30.0,
    (
        "final_kernel",
        0,
        "gpu_occupancy",
    ): 16.3448,
    (
        "final_kernel",
        0,
        "total_core_cache_write_total",
    ): 2816.0,
    (
        "final_kernel",
        0,
        "gpgpu_simulation_rate",
    ): 3038.0,
    (
        "final_kernel",
        0,
        "l2_cache_write_miss",
    ): 32.0,
    (
        "final_kernel",
        0,
        "total_dram_reads",
    ): 0.0,
    (
        "final_kernel",
        0,
        "l2_cache_write_total",
    ): 2816.0,
    (
        "final_kernel",
        0,
        "total_core_cache_read_hit",
    ): 0.0,
    (
        "final_kernel",
        0,
        "total_core_cache_read_mshr_hit",
    ): 0.0,
    (
        "final_kernel",
        0,
        "l2_bandwidth_gbps",
    ): 1.6192,
    (
        "final_kernel",
        0,
        "gpu_tot_ipc",
    ): 5.6836,
    (
        "final_kernel",
        0,
        "gpu_ipc",
    ): 7.3309,
    (
        "final_kernel",
        0,
        "l2_cache_read_hit",
    ): 2048.0,
    (
        "final_kernel",
        0,
        "gpu_total_instructions",
    ): 518144.0,
    (
        "final_kernel",
        0,
        "l2_cache_read_total",
    ): 2048.0,
    (
        "final_kernel",
        0,
        "kernel_launch_uid",
    ): 16.0,
    (
        "final_kernel",
        0,
        "gpu_tot_sim_cycle",
    ): 91165.0,
    (
        "final_kernel",
        0,
        "total_dram_writes",
    ): 0.0,
    (
        "final_kernel",
        0,
        "gpgpu_n_tot_w_icount",
    ): 16320.0,
    (
        "final_kernel",
        0,
        "total_core_cache_write_hit",
    ): 768.0,
    (
        "final_kernel",
        0,
        "gpgpu_silicon_slowdown",
    ): 372613.0,
    (
        "final_kernel",
        0,
        "total_core_cache_read_total",
    ): 2048.0,
}
done in 65.695328ms: 1.15 MiB parsed (16.00 EiB/s)
