(0.000000) CudaRuntime.cpp:3813: Adding external function 'malloc'
(0.000000) CudaRuntime.cpp:3813: Adding external function 'free'
(0.000000) CudaRuntime.cpp:3813: Adding external function 'vprintf'
(0.000000) CudaRuntime.cpp:3813: Adding external function 'cudaGetParameterBuffer'
(0.000056) CudaRuntime.cpp:595:  Loading module (fatbin) - transpose.cu
(0.000069) CudaRuntime.cpp:738:  Registered kernel - _Z22transposeCoarseGrainedPfS_ii in module 'transpose.cu'
(0.000085) CudaRuntime.cpp:738:  Registered kernel - _Z20transposeFineGrainedPfS_ii in module 'transpose.cu'
(0.000094) CudaRuntime.cpp:738:  Registered kernel - _Z17transposeDiagonalPfS_ii in module 'transpose.cu'
(0.000103) CudaRuntime.cpp:738:  Registered kernel - _Z24transposeNoBankConflictsPfS_ii in module 'transpose.cu'
(0.000112) CudaRuntime.cpp:738:  Registered kernel - _Z18transposeCoalescedPfS_ii in module 'transpose.cu'
(0.000120) CudaRuntime.cpp:738:  Registered kernel - _Z14transposeNaivePfS_ii in module 'transpose.cu'
(0.000128) CudaRuntime.cpp:738:  Registered kernel - _Z13copySharedMemPfS_ii in module 'transpose.cu'
(0.000136) CudaRuntime.cpp:738:  Registered kernel - _Z4copyPfS_ii in module 'transpose.cu'
Transpose Starting...

(0.000195) CudaRuntime.cpp:446:  Creating new context for thread 0xf99920
(0.000224) CudaRuntime.cpp:276:  Creating devices.
(0.000362) CudaRuntime.cpp:288:   - Added 1 emulator devices.
(0.000465) CudaRuntime.cpp:2203: cuda::CudaRuntime::cudaGetDeviceProperties(dev = 0) - major: 2, minor: 1
(0.000481) CudaRuntime.cpp:2241:   returning: prop->major = 2, prop->minor = 1
(0.000615) CudaRuntime.cpp:276:  Creating devices.
(0.000697) CudaRuntime.cpp:288:   - Added 1 emulator devices.
(0.000767) CudaRuntime.cpp:2203: cuda::CudaRuntime::cudaGetDeviceProperties(dev = 0) - major: 2, minor: 1
(0.000777) CudaRuntime.cpp:2241:   returning: prop->major = 2, prop->minor = 1
(0.000875) CudaRuntime.cpp:2289: Setting device for thread 0xf99920 to 0
(0.000885) CudaRuntime.cpp:276:  Creating devices.
(0.000956) CudaRuntime.cpp:288:   - Added 1 emulator devices.
(0.001012) CudaRuntime.cpp:2203: cuda::CudaRuntime::cudaGetDeviceProperties(dev = 0) - major: 2, minor: 1
(0.001021) CudaRuntime.cpp:2241:   returning: prop->major = 2, prop->minor = 1
GPU Device 0: "Ocelot PTX Emulator" with compute capability 2.1

(0.001102) CudaRuntime.cpp:276:  Creating devices.
(0.001173) CudaRuntime.cpp:288:   - Added 1 emulator devices.
(0.001217) CudaRuntime.cpp:2203: cuda::CudaRuntime::cudaGetDeviceProperties(dev = 0) - major: 2, minor: 1
(0.001226) CudaRuntime.cpp:2241:   returning: prop->major = 2, prop->minor = 1
> Device 0: "Ocelot PTX Emulator"
> SM Capability 2.1 detected:
> [Ocelot PTX Emulator] has 1 MP(s) x 48 (Cores/MP) = 48 (Cores)
> Compute performance scaling factor = 4.00
> MatrixSize X = 128
> MatrixSize Y = 128
(0.001326) CudaRuntime.cpp:276:  Creating devices.
(0.001398) CudaRuntime.cpp:288:   - Added 1 emulator devices.
(0.001460) CudaRuntime.cpp:787:  cudaMalloc( *devPtr = 0xfcc900, size = 65536)
(0.001483) CudaRuntime.cpp:787:  cudaMalloc( *devPtr = 0xfdca00, size = 65536)
(0.001769) CudaRuntime.cpp:1131: cudaMemcpy(0xfcc900, 0xf9c8a0, 65536)
(0.001778) CudaRuntime.cpp:251:    _memcpy(0xfcc900, 0xf9c8a0, 65536 bytes) h-to-d

Matrix size: 128x128 (8x8 tiles), tile size: 16x16, block size: 16x16

(0.002164) CudaRuntime.cpp:2609: cudaConfigureCall()
(0.002170) CudaRuntime.cpp:2631: cudaSetupArgument() - offset 0, size 8
(0.002181) CudaRuntime.cpp:2631: cudaSetupArgument() - offset 8, size 8
(0.002187) CudaRuntime.cpp:2631: cudaSetupArgument() - offset 16, size 4
(0.002193) CudaRuntime.cpp:2631: cudaSetupArgument() - offset 20, size 4
(0.009660) CudaRuntime.cpp:142:  Mapping parameter at offset 0 of size 8 to offset 0 of size 8
   data = 0x00 0xca 0xfd 0x00 0x00 0x00 0x00 0x00 
(0.009674) CudaRuntime.cpp:142:  Mapping parameter at offset 8 of size 8 to offset 8 of size 8
   data = 0x00 0xc9 0xfc 0x00 0x00 0x00 0x00 0x00 
(0.009681) CudaRuntime.cpp:142:  Mapping parameter at offset 16 of size 4 to offset 16 of size 4
   data = 0x80 0x00 0x00 0x00 
(0.009698) CudaRuntime.cpp:142:  Mapping parameter at offset 20 of size 4 to offset 20 of size 4
   data = 0x80 0x00 0x00 0x00 
(0.009705) CudaRuntime.cpp:2685: kernel launch (_Z4copyPfS_ii) on thread 0xf99920
(0.009721) CudaRuntime.cpp:2706:  launch completed successfully
all enabled
(0.010538) X86TraceGenerator.cpp:776:  New kernel launched
(0.010561) X86TraceGenerator.cpp:777:  compute version:2.0
(0.010569) X86TraceGenerator.cpp:778:  grid  8 x 8 x 1
(0.010579) X86TraceGenerator.cpp:779:  block 16 x 16 x 1
(0.010587) X86TraceGenerator.cpp:780:  number of warps per block:8
(0.010594) X86TraceGenerator.cpp:781:  number of total warps:512
(0.010601) X86TraceGenerator.cpp:782:  # threads per block : 256
(0.010608) X86TraceGenerator.cpp:783:  number of register per thread:7
(0.010615) X86TraceGenerator.cpp:784:  number of shared memory per thread:0
(0.010624) X86TraceGenerator.cpp:822:  max blocks per core : 6
(0.014825) X86TraceGenerator.cpp:1082: mkdir -p /benchrun/macsim/cuda6-transpose/sm6_gtx1080/input-repeat1-dimx128-dimy128/results/traces/_Z4copyPfS_ii_0/ (status 0)

(0.014885) X86TraceGenerator.cpp:1083: errno is 0 message is Success

(0.158981) CudaRuntime.cpp:2609: cudaConfigureCall()
(0.158998) CudaRuntime.cpp:2631: cudaSetupArgument() - offset 0, size 8
(0.159002) CudaRuntime.cpp:2631: cudaSetupArgument() - offset 8, size 8
(0.159007) CudaRuntime.cpp:2631: cudaSetupArgument() - offset 16, size 4
(0.159011) CudaRuntime.cpp:2631: cudaSetupArgument() - offset 20, size 4
(0.159028) CudaRuntime.cpp:142:  Mapping parameter at offset 0 of size 8 to offset 0 of size 8
   data = 0x00 0xca 0xfd 0x00 0x00 0x00 0x00 0x00 
(0.159034) CudaRuntime.cpp:142:  Mapping parameter at offset 8 of size 8 to offset 8 of size 8
   data = 0x00 0xc9 0xfc 0x00 0x00 0x00 0x00 0x00 
(0.159040) CudaRuntime.cpp:142:  Mapping parameter at offset 16 of size 4 to offset 16 of size 4
   data = 0x80 0x00 0x00 0x00 
(0.159046) CudaRuntime.cpp:142:  Mapping parameter at offset 20 of size 4 to offset 20 of size 4
   data = 0x80 0x00 0x00 0x00 
(0.159054) CudaRuntime.cpp:2685: kernel launch (_Z4copyPfS_ii) on thread 0xf99920
(0.159066) CudaRuntime.cpp:2706:  launch completed successfully
(0.159851) X86TraceGenerator.cpp:776:  New kernel launched
(0.159857) X86TraceGenerator.cpp:777:  compute version:2.0
(0.159859) X86TraceGenerator.cpp:778:  grid  8 x 8 x 1
(0.159862) X86TraceGenerator.cpp:779:  block 16 x 16 x 1
(0.159864) X86TraceGenerator.cpp:780:  number of warps per block:8
(0.159867) X86TraceGenerator.cpp:781:  number of total warps:512
(0.159869) X86TraceGenerator.cpp:782:  # threads per block : 256
(0.159871) X86TraceGenerator.cpp:783:  number of register per thread:7
(0.159873) X86TraceGenerator.cpp:784:  number of shared memory per thread:0
(0.159876) X86TraceGenerator.cpp:822:  max blocks per core : 6
(0.162462) X86TraceGenerator.cpp:1082: mkdir -p /benchrun/macsim/cuda6-transpose/sm6_gtx1080/input-repeat1-dimx128-dimy128/results/traces/_Z4copyPfS_ii_1/ (status 0)

(0.162482) X86TraceGenerator.cpp:1083: errno is 0 message is Success

(0.274519) CudaRuntime.cpp:1131: cudaMemcpy(0xfac8b0, 0xfdca00, 65536)
(0.274536) CudaRuntime.cpp:215:    _memcpy(0xfac8b0, 0xfdca00, 65536 bytes) d-to-h
(0.274720) CudaRuntime.cpp:1131: cudaMemcpy(0xfac8b0, 0xfdca00, 65536)
(0.274725) CudaRuntime.cpp:215:    _memcpy(0xfac8b0, 0xfdca00, 65536 bytes) d-to-h
transpose simple copy       , Throughput = 0.0011 GB/s, Time = 115.52715 ms, Size = 16384 fp32 elements, NumDevsUsed = 1, Workgroup = 256
(0.274869) CudaRuntime.cpp:2609: cudaConfigureCall()
(0.274878) CudaRuntime.cpp:2631: cudaSetupArgument() - offset 0, size 8
(0.274882) CudaRuntime.cpp:2631: cudaSetupArgument() - offset 8, size 8
(0.274887) CudaRuntime.cpp:2631: cudaSetupArgument() - offset 16, size 4
(0.274896) CudaRuntime.cpp:2631: cudaSetupArgument() - offset 20, size 4
(0.274920) CudaRuntime.cpp:142:  Mapping parameter at offset 0 of size 8 to offset 0 of size 8
   data = 0x00 0xca 0xfd 0x00 0x00 0x00 0x00 0x00 
(0.274935) CudaRuntime.cpp:142:  Mapping parameter at offset 8 of size 8 to offset 8 of size 8
   data = 0x00 0xc9 0xfc 0x00 0x00 0x00 0x00 0x00 
(0.274950) CudaRuntime.cpp:142:  Mapping parameter at offset 16 of size 4 to offset 16 of size 4
   data = 0x80 0x00 0x00 0x00 
(0.274956) CudaRuntime.cpp:142:  Mapping parameter at offset 20 of size 4 to offset 20 of size 4
   data = 0x80 0x00 0x00 0x00 
(0.274961) CudaRuntime.cpp:2685: kernel launch (_Z13copySharedMemPfS_ii) on thread 0xf99920
(0.274979) CudaRuntime.cpp:2706:  launch completed successfully
(0.275961) X86TraceGenerator.cpp:776:  New kernel launched
(0.275966) X86TraceGenerator.cpp:777:  compute version:2.0
(0.275969) X86TraceGenerator.cpp:778:  grid  8 x 8 x 1
(0.275971) X86TraceGenerator.cpp:779:  block 16 x 16 x 1
(0.275974) X86TraceGenerator.cpp:780:  number of warps per block:8
(0.275976) X86TraceGenerator.cpp:781:  number of total warps:512
(0.275978) X86TraceGenerator.cpp:782:  # threads per block : 256
(0.275980) X86TraceGenerator.cpp:783:  number of register per thread:10
(0.275982) X86TraceGenerator.cpp:784:  number of shared memory per thread:1024
(0.275985) X86TraceGenerator.cpp:822:  max blocks per core : 6
(0.280007) X86TraceGenerator.cpp:1082: mkdir -p /benchrun/macsim/cuda6-transpose/sm6_gtx1080/input-repeat1-dimx128-dimy128/results/traces/_Z13copySharedMemPfS_ii_0/ (status 0)

(0.280022) X86TraceGenerator.cpp:1083: errno is 0 message is Success

(0.434040) CudaRuntime.cpp:2609: cudaConfigureCall()
(0.434049) CudaRuntime.cpp:2631: cudaSetupArgument() - offset 0, size 8
(0.434052) CudaRuntime.cpp:2631: cudaSetupArgument() - offset 8, size 8
(0.434054) CudaRuntime.cpp:2631: cudaSetupArgument() - offset 16, size 4
(0.434057) CudaRuntime.cpp:2631: cudaSetupArgument() - offset 20, size 4
(0.434073) CudaRuntime.cpp:142:  Mapping parameter at offset 0 of size 8 to offset 0 of size 8
   data = 0x00 0xca 0xfd 0x00 0x00 0x00 0x00 0x00 
(0.434077) CudaRuntime.cpp:142:  Mapping parameter at offset 8 of size 8 to offset 8 of size 8
   data = 0x00 0xc9 0xfc 0x00 0x00 0x00 0x00 0x00 
(0.434080) CudaRuntime.cpp:142:  Mapping parameter at offset 16 of size 4 to offset 16 of size 4
   data = 0x80 0x00 0x00 0x00 
(0.434084) CudaRuntime.cpp:142:  Mapping parameter at offset 20 of size 4 to offset 20 of size 4
   data = 0x80 0x00 0x00 0x00 
(0.434089) CudaRuntime.cpp:2685: kernel launch (_Z13copySharedMemPfS_ii) on thread 0xf99920
(0.434101) CudaRuntime.cpp:2706:  launch completed successfully
(0.435239) X86TraceGenerator.cpp:776:  New kernel launched
(0.435243) X86TraceGenerator.cpp:777:  compute version:2.0
(0.435245) X86TraceGenerator.cpp:778:  grid  8 x 8 x 1
(0.435248) X86TraceGenerator.cpp:779:  block 16 x 16 x 1
(0.435250) X86TraceGenerator.cpp:780:  number of warps per block:8
(0.435252) X86TraceGenerator.cpp:781:  number of total warps:512
(0.435254) X86TraceGenerator.cpp:782:  # threads per block : 256
(0.435256) X86TraceGenerator.cpp:783:  number of register per thread:10
(0.435258) X86TraceGenerator.cpp:784:  number of shared memory per thread:1024
(0.435260) X86TraceGenerator.cpp:822:  max blocks per core : 6
(0.439427) X86TraceGenerator.cpp:1082: mkdir -p /benchrun/macsim/cuda6-transpose/sm6_gtx1080/input-repeat1-dimx128-dimy128/results/traces/_Z13copySharedMemPfS_ii_1/ (status 0)

(0.439441) X86TraceGenerator.cpp:1083: errno is 0 message is Success

(0.594863) CudaRuntime.cpp:1131: cudaMemcpy(0xfac8b0, 0xfdca00, 65536)
(0.594871) CudaRuntime.cpp:215:    _memcpy(0xfac8b0, 0xfdca00, 65536 bytes) d-to-h
(0.594964) CudaRuntime.cpp:1131: cudaMemcpy(0xfac8b0, 0xfdca00, 65536)
(0.594966) CudaRuntime.cpp:215:    _memcpy(0xfac8b0, 0xfdca00, 65536 bytes) d-to-h
transpose shared memory copy, Throughput = 0.0008 GB/s, Time = 160.82072 ms, Size = 16384 fp32 elements, NumDevsUsed = 1, Workgroup = 256
(0.595036) CudaRuntime.cpp:2609: cudaConfigureCall()
(0.595038) CudaRuntime.cpp:2631: cudaSetupArgument() - offset 0, size 8
(0.595041) CudaRuntime.cpp:2631: cudaSetupArgument() - offset 8, size 8
(0.595043) CudaRuntime.cpp:2631: cudaSetupArgument() - offset 16, size 4
(0.595045) CudaRuntime.cpp:2631: cudaSetupArgument() - offset 20, size 4
(0.595063) CudaRuntime.cpp:142:  Mapping parameter at offset 0 of size 8 to offset 0 of size 8
   data = 0x00 0xca 0xfd 0x00 0x00 0x00 0x00 0x00 
(0.595074) CudaRuntime.cpp:142:  Mapping parameter at offset 8 of size 8 to offset 8 of size 8
   data = 0x00 0xc9 0xfc 0x00 0x00 0x00 0x00 0x00 
(0.595078) CudaRuntime.cpp:142:  Mapping parameter at offset 16 of size 4 to offset 16 of size 4
   data = 0x80 0x00 0x00 0x00 
(0.595081) CudaRuntime.cpp:142:  Mapping parameter at offset 20 of size 4 to offset 20 of size 4
   data = 0x80 0x00 0x00 0x00 
(0.595084) CudaRuntime.cpp:2685: kernel launch (_Z14transposeNaivePfS_ii) on thread 0xf99920
(0.595097) CudaRuntime.cpp:2706:  launch completed successfully
(0.596324) X86TraceGenerator.cpp:776:  New kernel launched
(0.596330) X86TraceGenerator.cpp:777:  compute version:2.0
(0.596332) X86TraceGenerator.cpp:778:  grid  8 x 8 x 1
(0.596335) X86TraceGenerator.cpp:779:  block 16 x 16 x 1
(0.596337) X86TraceGenerator.cpp:780:  number of warps per block:8
(0.596339) X86TraceGenerator.cpp:781:  number of total warps:512
(0.596342) X86TraceGenerator.cpp:782:  # threads per block : 256
(0.596344) X86TraceGenerator.cpp:783:  number of register per thread:10
(0.596346) X86TraceGenerator.cpp:784:  number of shared memory per thread:0
(0.596349) X86TraceGenerator.cpp:822:  max blocks per core : 6
(0.600798) X86TraceGenerator.cpp:1082: mkdir -p /benchrun/macsim/cuda6-transpose/sm6_gtx1080/input-repeat1-dimx128-dimy128/results/traces/_Z14transposeNaivePfS_ii_0/ (status 0)

(0.600811) X86TraceGenerator.cpp:1083: errno is 0 message is Success

(0.711225) CudaRuntime.cpp:2609: cudaConfigureCall()
(0.711234) CudaRuntime.cpp:2631: cudaSetupArgument() - offset 0, size 8
(0.711237) CudaRuntime.cpp:2631: cudaSetupArgument() - offset 8, size 8
(0.711239) CudaRuntime.cpp:2631: cudaSetupArgument() - offset 16, size 4
(0.711241) CudaRuntime.cpp:2631: cudaSetupArgument() - offset 20, size 4
(0.711258) CudaRuntime.cpp:142:  Mapping parameter at offset 0 of size 8 to offset 0 of size 8
   data = 0x00 0xca 0xfd 0x00 0x00 0x00 0x00 0x00 
(0.711262) CudaRuntime.cpp:142:  Mapping parameter at offset 8 of size 8 to offset 8 of size 8
   data = 0x00 0xc9 0xfc 0x00 0x00 0x00 0x00 0x00 
(0.711266) CudaRuntime.cpp:142:  Mapping parameter at offset 16 of size 4 to offset 16 of size 4
   data = 0x80 0x00 0x00 0x00 
(0.711269) CudaRuntime.cpp:142:  Mapping parameter at offset 20 of size 4 to offset 20 of size 4
   data = 0x80 0x00 0x00 0x00 
(0.711274) CudaRuntime.cpp:2685: kernel launch (_Z14transposeNaivePfS_ii) on thread 0xf99920
(0.711286) CudaRuntime.cpp:2706:  launch completed successfully
(0.712058) X86TraceGenerator.cpp:776:  New kernel launched
(0.712063) X86TraceGenerator.cpp:777:  compute version:2.0
(0.712065) X86TraceGenerator.cpp:778:  grid  8 x 8 x 1
(0.712068) X86TraceGenerator.cpp:779:  block 16 x 16 x 1
(0.712070) X86TraceGenerator.cpp:780:  number of warps per block:8
(0.712072) X86TraceGenerator.cpp:781:  number of total warps:512
(0.712074) X86TraceGenerator.cpp:782:  # threads per block : 256
(0.712077) X86TraceGenerator.cpp:783:  number of register per thread:10
(0.712079) X86TraceGenerator.cpp:784:  number of shared memory per thread:0
(0.712081) X86TraceGenerator.cpp:822:  max blocks per core : 6
(0.716347) X86TraceGenerator.cpp:1082: mkdir -p /benchrun/macsim/cuda6-transpose/sm6_gtx1080/input-repeat1-dimx128-dimy128/results/traces/_Z14transposeNaivePfS_ii_1/ (status 0)

(0.716360) X86TraceGenerator.cpp:1083: errno is 0 message is Success

(0.832855) CudaRuntime.cpp:1131: cudaMemcpy(0xfac8b0, 0xfdca00, 65536)
(0.832869) CudaRuntime.cpp:215:    _memcpy(0xfac8b0, 0xfdca00, 65536 bytes) d-to-h
(0.832967) CudaRuntime.cpp:1131: cudaMemcpy(0xfac8b0, 0xfdca00, 65536)
(0.832975) CudaRuntime.cpp:215:    _memcpy(0xfac8b0, 0xfdca00, 65536 bytes) d-to-h
transpose naive             , Throughput = 0.0010 GB/s, Time = 121.62495 ms, Size = 16384 fp32 elements, NumDevsUsed = 1, Workgroup = 256
(0.833050) CudaRuntime.cpp:2609: cudaConfigureCall()
(0.833058) CudaRuntime.cpp:2631: cudaSetupArgument() - offset 0, size 8
(0.833065) CudaRuntime.cpp:2631: cudaSetupArgument() - offset 8, size 8
(0.833078) CudaRuntime.cpp:2631: cudaSetupArgument() - offset 16, size 4
(0.833085) CudaRuntime.cpp:2631: cudaSetupArgument() - offset 20, size 4
(0.833111) CudaRuntime.cpp:142:  Mapping parameter at offset 0 of size 8 to offset 0 of size 8
   data = 0x00 0xca 0xfd 0x00 0x00 0x00 0x00 0x00 
(0.833122) CudaRuntime.cpp:142:  Mapping parameter at offset 8 of size 8 to offset 8 of size 8
   data = 0x00 0xc9 0xfc 0x00 0x00 0x00 0x00 0x00 
(0.833133) CudaRuntime.cpp:142:  Mapping parameter at offset 16 of size 4 to offset 16 of size 4
   data = 0x80 0x00 0x00 0x00 
(0.833143) CudaRuntime.cpp:142:  Mapping parameter at offset 20 of size 4 to offset 20 of size 4
   data = 0x80 0x00 0x00 0x00 
(0.833151) CudaRuntime.cpp:2685: kernel launch (_Z18transposeCoalescedPfS_ii) on thread 0xf99920
(0.833165) CudaRuntime.cpp:2706:  launch completed successfully
(0.834300) X86TraceGenerator.cpp:776:  New kernel launched
(0.834305) X86TraceGenerator.cpp:777:  compute version:2.0
(0.834308) X86TraceGenerator.cpp:778:  grid  8 x 8 x 1
(0.834310) X86TraceGenerator.cpp:779:  block 16 x 16 x 1
(0.834312) X86TraceGenerator.cpp:780:  number of warps per block:8
(0.834315) X86TraceGenerator.cpp:781:  number of total warps:512
(0.834317) X86TraceGenerator.cpp:782:  # threads per block : 256
(0.834319) X86TraceGenerator.cpp:783:  number of register per thread:8
(0.834321) X86TraceGenerator.cpp:784:  number of shared memory per thread:1024
(0.834324) X86TraceGenerator.cpp:822:  max blocks per core : 6
(0.838488) X86TraceGenerator.cpp:1082: mkdir -p /benchrun/macsim/cuda6-transpose/sm6_gtx1080/input-repeat1-dimx128-dimy128/results/traces/_Z18transposeCoalescedPfS_ii_0/ (status 0)

(0.838502) X86TraceGenerator.cpp:1083: errno is 0 message is Success

(1.004409) CudaRuntime.cpp:2609: cudaConfigureCall()
(1.004418) CudaRuntime.cpp:2631: cudaSetupArgument() - offset 0, size 8
(1.004421) CudaRuntime.cpp:2631: cudaSetupArgument() - offset 8, size 8
(1.004423) CudaRuntime.cpp:2631: cudaSetupArgument() - offset 16, size 4
(1.004425) CudaRuntime.cpp:2631: cudaSetupArgument() - offset 20, size 4
(1.004440) CudaRuntime.cpp:142:  Mapping parameter at offset 0 of size 8 to offset 0 of size 8
   data = 0x00 0xca 0xfd 0x00 0x00 0x00 0x00 0x00 
(1.004444) CudaRuntime.cpp:142:  Mapping parameter at offset 8 of size 8 to offset 8 of size 8
   data = 0x00 0xc9 0xfc 0x00 0x00 0x00 0x00 0x00 
(1.004447) CudaRuntime.cpp:142:  Mapping parameter at offset 16 of size 4 to offset 16 of size 4
   data = 0x80 0x00 0x00 0x00 
(1.004451) CudaRuntime.cpp:142:  Mapping parameter at offset 20 of size 4 to offset 20 of size 4
   data = 0x80 0x00 0x00 0x00 
(1.004456) CudaRuntime.cpp:2685: kernel launch (_Z18transposeCoalescedPfS_ii) on thread 0xf99920
(1.004468) CudaRuntime.cpp:2706:  launch completed successfully
(1.005674) X86TraceGenerator.cpp:776:  New kernel launched
(1.005679) X86TraceGenerator.cpp:777:  compute version:2.0
(1.005681) X86TraceGenerator.cpp:778:  grid  8 x 8 x 1
(1.005684) X86TraceGenerator.cpp:779:  block 16 x 16 x 1
(1.005686) X86TraceGenerator.cpp:780:  number of warps per block:8
(1.005688) X86TraceGenerator.cpp:781:  number of total warps:512
(1.005690) X86TraceGenerator.cpp:782:  # threads per block : 256
(1.005692) X86TraceGenerator.cpp:783:  number of register per thread:8
(1.005695) X86TraceGenerator.cpp:784:  number of shared memory per thread:1024
(1.005697) X86TraceGenerator.cpp:822:  max blocks per core : 6
(1.009917) X86TraceGenerator.cpp:1082: mkdir -p /benchrun/macsim/cuda6-transpose/sm6_gtx1080/input-repeat1-dimx128-dimy128/results/traces/_Z18transposeCoalescedPfS_ii_1/ (status 0)

(1.009936) X86TraceGenerator.cpp:1083: errno is 0 message is Success

(1.160615) CudaRuntime.cpp:1131: cudaMemcpy(0xfac8b0, 0xfdca00, 65536)
(1.160629) CudaRuntime.cpp:215:    _memcpy(0xfac8b0, 0xfdca00, 65536 bytes) d-to-h
(1.160727) CudaRuntime.cpp:1131: cudaMemcpy(0xfac8b0, 0xfdca00, 65536)
(1.160735) CudaRuntime.cpp:215:    _memcpy(0xfac8b0, 0xfdca00, 65536 bytes) d-to-h
transpose coalesced         , Throughput = 0.0008 GB/s, Time = 156.19946 ms, Size = 16384 fp32 elements, NumDevsUsed = 1, Workgroup = 256
(1.160816) CudaRuntime.cpp:2609: cudaConfigureCall()
(1.160824) CudaRuntime.cpp:2631: cudaSetupArgument() - offset 0, size 8
(1.160831) CudaRuntime.cpp:2631: cudaSetupArgument() - offset 8, size 8
(1.160838) CudaRuntime.cpp:2631: cudaSetupArgument() - offset 16, size 4
(1.160846) CudaRuntime.cpp:2631: cudaSetupArgument() - offset 20, size 4
(1.160871) CudaRuntime.cpp:142:  Mapping parameter at offset 0 of size 8 to offset 0 of size 8
   data = 0x00 0xca 0xfd 0x00 0x00 0x00 0x00 0x00 
(1.160882) CudaRuntime.cpp:142:  Mapping parameter at offset 8 of size 8 to offset 8 of size 8
   data = 0x00 0xc9 0xfc 0x00 0x00 0x00 0x00 0x00 
(1.160892) CudaRuntime.cpp:142:  Mapping parameter at offset 16 of size 4 to offset 16 of size 4
   data = 0x80 0x00 0x00 0x00 
(1.160903) CudaRuntime.cpp:142:  Mapping parameter at offset 20 of size 4 to offset 20 of size 4
   data = 0x80 0x00 0x00 0x00 
(1.160911) CudaRuntime.cpp:2685: kernel launch (_Z24transposeNoBankConflictsPfS_ii) on thread 0xf99920
(1.160923) CudaRuntime.cpp:2706:  launch completed successfully
(1.162225) X86TraceGenerator.cpp:776:  New kernel launched
(1.162230) X86TraceGenerator.cpp:777:  compute version:2.0
(1.162232) X86TraceGenerator.cpp:778:  grid  8 x 8 x 1
(1.162235) X86TraceGenerator.cpp:779:  block 16 x 16 x 1
(1.162237) X86TraceGenerator.cpp:780:  number of warps per block:8
(1.162240) X86TraceGenerator.cpp:781:  number of total warps:512
(1.162242) X86TraceGenerator.cpp:782:  # threads per block : 256
(1.162244) X86TraceGenerator.cpp:783:  number of register per thread:8
(1.162246) X86TraceGenerator.cpp:784:  number of shared memory per thread:1088
(1.162249) X86TraceGenerator.cpp:822:  max blocks per core : 6
(1.166523) X86TraceGenerator.cpp:1082: mkdir -p /benchrun/macsim/cuda6-transpose/sm6_gtx1080/input-repeat1-dimx128-dimy128/results/traces/_Z24transposeNoBankConflictsPfS_ii_0/ (status 0)

(1.166535) X86TraceGenerator.cpp:1083: errno is 0 message is Success

(1.346652) CudaRuntime.cpp:2609: cudaConfigureCall()
(1.346665) CudaRuntime.cpp:2631: cudaSetupArgument() - offset 0, size 8
(1.346670) CudaRuntime.cpp:2631: cudaSetupArgument() - offset 8, size 8
(1.346674) CudaRuntime.cpp:2631: cudaSetupArgument() - offset 16, size 4
(1.346678) CudaRuntime.cpp:2631: cudaSetupArgument() - offset 20, size 4
(1.346696) CudaRuntime.cpp:142:  Mapping parameter at offset 0 of size 8 to offset 0 of size 8
   data = 0x00 0xca 0xfd 0x00 0x00 0x00 0x00 0x00 
(1.346703) CudaRuntime.cpp:142:  Mapping parameter at offset 8 of size 8 to offset 8 of size 8
   data = 0x00 0xc9 0xfc 0x00 0x00 0x00 0x00 0x00 
(1.346709) CudaRuntime.cpp:142:  Mapping parameter at offset 16 of size 4 to offset 16 of size 4
   data = 0x80 0x00 0x00 0x00 
(1.346715) CudaRuntime.cpp:142:  Mapping parameter at offset 20 of size 4 to offset 20 of size 4
   data = 0x80 0x00 0x00 0x00 
(1.346722) CudaRuntime.cpp:2685: kernel launch (_Z24transposeNoBankConflictsPfS_ii) on thread 0xf99920
(1.346733) CudaRuntime.cpp:2706:  launch completed successfully
(1.347999) X86TraceGenerator.cpp:776:  New kernel launched
(1.348010) X86TraceGenerator.cpp:777:  compute version:2.0
(1.348017) X86TraceGenerator.cpp:778:  grid  8 x 8 x 1
(1.348024) X86TraceGenerator.cpp:779:  block 16 x 16 x 1
(1.348032) X86TraceGenerator.cpp:780:  number of warps per block:8
(1.348038) X86TraceGenerator.cpp:781:  number of total warps:512
(1.348045) X86TraceGenerator.cpp:782:  # threads per block : 256
(1.348052) X86TraceGenerator.cpp:783:  number of register per thread:8
(1.348059) X86TraceGenerator.cpp:784:  number of shared memory per thread:1088
(1.348066) X86TraceGenerator.cpp:822:  max blocks per core : 6
(1.351896) X86TraceGenerator.cpp:1082: mkdir -p /benchrun/macsim/cuda6-transpose/sm6_gtx1080/input-repeat1-dimx128-dimy128/results/traces/_Z24transposeNoBankConflictsPfS_ii_1/ (status 0)

(1.351916) X86TraceGenerator.cpp:1083: errno is 0 message is Success

(1.522263) CudaRuntime.cpp:1131: cudaMemcpy(0xfac8b0, 0xfdca00, 65536)
(1.522275) CudaRuntime.cpp:215:    _memcpy(0xfac8b0, 0xfdca00, 65536 bytes) d-to-h
(1.522449) CudaRuntime.cpp:1131: cudaMemcpy(0xfac8b0, 0xfdca00, 65536)
(1.522453) CudaRuntime.cpp:215:    _memcpy(0xfac8b0, 0xfdca00, 65536 bytes) d-to-h
transpose optimized         , Throughput = 0.0007 GB/s, Time = 175.60959 ms, Size = 16384 fp32 elements, NumDevsUsed = 1, Workgroup = 256
(1.522594) CudaRuntime.cpp:2609: cudaConfigureCall()
(1.522599) CudaRuntime.cpp:2631: cudaSetupArgument() - offset 0, size 8
(1.522604) CudaRuntime.cpp:2631: cudaSetupArgument() - offset 8, size 8
(1.522608) CudaRuntime.cpp:2631: cudaSetupArgument() - offset 16, size 4
(1.522612) CudaRuntime.cpp:2631: cudaSetupArgument() - offset 20, size 4
(1.522634) CudaRuntime.cpp:142:  Mapping parameter at offset 0 of size 8 to offset 0 of size 8
   data = 0x00 0xca 0xfd 0x00 0x00 0x00 0x00 0x00 
(1.522641) CudaRuntime.cpp:142:  Mapping parameter at offset 8 of size 8 to offset 8 of size 8
   data = 0x00 0xc9 0xfc 0x00 0x00 0x00 0x00 0x00 
(1.522647) CudaRuntime.cpp:142:  Mapping parameter at offset 16 of size 4 to offset 16 of size 4
   data = 0x80 0x00 0x00 0x00 
(1.522653) CudaRuntime.cpp:142:  Mapping parameter at offset 20 of size 4 to offset 20 of size 4
   data = 0x80 0x00 0x00 0x00 
(1.522657) CudaRuntime.cpp:2685: kernel launch (_Z22transposeCoarseGrainedPfS_ii) on thread 0xf99920
(1.522668) CudaRuntime.cpp:2706:  launch completed successfully
(1.524304) X86TraceGenerator.cpp:776:  New kernel launched
(1.524313) X86TraceGenerator.cpp:777:  compute version:2.0
(1.524315) X86TraceGenerator.cpp:778:  grid  8 x 8 x 1
(1.524318) X86TraceGenerator.cpp:779:  block 16 x 16 x 1
(1.524321) X86TraceGenerator.cpp:780:  number of warps per block:8
(1.524323) X86TraceGenerator.cpp:781:  number of total warps:512
(1.524325) X86TraceGenerator.cpp:782:  # threads per block : 256
(1.524327) X86TraceGenerator.cpp:783:  number of register per thread:8
(1.524329) X86TraceGenerator.cpp:784:  number of shared memory per thread:1088
(1.524332) X86TraceGenerator.cpp:822:  max blocks per core : 6
(1.528687) X86TraceGenerator.cpp:1082: mkdir -p /benchrun/macsim/cuda6-transpose/sm6_gtx1080/input-repeat1-dimx128-dimy128/results/traces/_Z22transposeCoarseGrainedPfS_ii_0/ (status 0)

(1.528702) X86TraceGenerator.cpp:1083: errno is 0 message is Success

(1.701736) CudaRuntime.cpp:2609: cudaConfigureCall()
(1.701761) CudaRuntime.cpp:2631: cudaSetupArgument() - offset 0, size 8
(1.701769) CudaRuntime.cpp:2631: cudaSetupArgument() - offset 8, size 8
(1.701816) CudaRuntime.cpp:2631: cudaSetupArgument() - offset 16, size 4
(1.701835) CudaRuntime.cpp:2631: cudaSetupArgument() - offset 20, size 4
(1.701869) CudaRuntime.cpp:142:  Mapping parameter at offset 0 of size 8 to offset 0 of size 8
   data = 0x00 0xca 0xfd 0x00 0x00 0x00 0x00 0x00 
(1.701882) CudaRuntime.cpp:142:  Mapping parameter at offset 8 of size 8 to offset 8 of size 8
   data = 0x00 0xc9 0xfc 0x00 0x00 0x00 0x00 0x00 
(1.701892) CudaRuntime.cpp:142:  Mapping parameter at offset 16 of size 4 to offset 16 of size 4
   data = 0x80 0x00 0x00 0x00 
(1.701903) CudaRuntime.cpp:142:  Mapping parameter at offset 20 of size 4 to offset 20 of size 4
   data = 0x80 0x00 0x00 0x00 
(1.701917) CudaRuntime.cpp:2685: kernel launch (_Z22transposeCoarseGrainedPfS_ii) on thread 0xf99920
(1.701939) CudaRuntime.cpp:2706:  launch completed successfully
(1.703411) X86TraceGenerator.cpp:776:  New kernel launched
(1.703426) X86TraceGenerator.cpp:777:  compute version:2.0
(1.703432) X86TraceGenerator.cpp:778:  grid  8 x 8 x 1
(1.703440) X86TraceGenerator.cpp:779:  block 16 x 16 x 1
(1.703450) X86TraceGenerator.cpp:780:  number of warps per block:8
(1.703457) X86TraceGenerator.cpp:781:  number of total warps:512
(1.703461) X86TraceGenerator.cpp:782:  # threads per block : 256
(1.703468) X86TraceGenerator.cpp:783:  number of register per thread:8
(1.703471) X86TraceGenerator.cpp:784:  number of shared memory per thread:1088
(1.703481) X86TraceGenerator.cpp:822:  max blocks per core : 6
(1.707649) X86TraceGenerator.cpp:1082: mkdir -p /benchrun/macsim/cuda6-transpose/sm6_gtx1080/input-repeat1-dimx128-dimy128/results/traces/_Z22transposeCoarseGrainedPfS_ii_1/ (status 0)

(1.707690) X86TraceGenerator.cpp:1083: errno is 0 message is Success

(1.873501) CudaRuntime.cpp:1131: cudaMemcpy(0xfac8b0, 0xfdca00, 65536)
(1.873520) CudaRuntime.cpp:215:    _memcpy(0xfac8b0, 0xfdca00, 65536 bytes) d-to-h
(1.873834) CudaRuntime.cpp:1131: cudaMemcpy(0xfac8b0, 0xfdca00, 65536)
(1.873843) CudaRuntime.cpp:215:    _memcpy(0xfac8b0, 0xfdca00, 65536 bytes) d-to-h
transpose coarse-grained    , Throughput = 0.0007 GB/s, Time = 171.76128 ms, Size = 16384 fp32 elements, NumDevsUsed = 1, Workgroup = 256
(1.874074) CudaRuntime.cpp:2609: cudaConfigureCall()
(1.874082) CudaRuntime.cpp:2631: cudaSetupArgument() - offset 0, size 8
(1.874090) CudaRuntime.cpp:2631: cudaSetupArgument() - offset 8, size 8
(1.874098) CudaRuntime.cpp:2631: cudaSetupArgument() - offset 16, size 4
(1.874105) CudaRuntime.cpp:2631: cudaSetupArgument() - offset 20, size 4
(1.874150) CudaRuntime.cpp:142:  Mapping parameter at offset 0 of size 8 to offset 0 of size 8
   data = 0x00 0xca 0xfd 0x00 0x00 0x00 0x00 0x00 
(1.874163) CudaRuntime.cpp:142:  Mapping parameter at offset 8 of size 8 to offset 8 of size 8
   data = 0x00 0xc9 0xfc 0x00 0x00 0x00 0x00 0x00 
(1.874173) CudaRuntime.cpp:142:  Mapping parameter at offset 16 of size 4 to offset 16 of size 4
   data = 0x80 0x00 0x00 0x00 
(1.874184) CudaRuntime.cpp:142:  Mapping parameter at offset 20 of size 4 to offset 20 of size 4
   data = 0x80 0x00 0x00 0x00 
(1.874192) CudaRuntime.cpp:2685: kernel launch (_Z20transposeFineGrainedPfS_ii) on thread 0xf99920
(1.874212) CudaRuntime.cpp:2706:  launch completed successfully
(1.875565) X86TraceGenerator.cpp:776:  New kernel launched
(1.875573) X86TraceGenerator.cpp:777:  compute version:2.0
(1.875575) X86TraceGenerator.cpp:778:  grid  8 x 8 x 1
(1.875578) X86TraceGenerator.cpp:779:  block 16 x 16 x 1
(1.875580) X86TraceGenerator.cpp:780:  number of warps per block:8
(1.875582) X86TraceGenerator.cpp:781:  number of total warps:512
(1.875584) X86TraceGenerator.cpp:782:  # threads per block : 256
(1.875586) X86TraceGenerator.cpp:783:  number of register per thread:8
(1.875588) X86TraceGenerator.cpp:784:  number of shared memory per thread:1088
(1.875591) X86TraceGenerator.cpp:822:  max blocks per core : 6
(1.880026) X86TraceGenerator.cpp:1082: mkdir -p /benchrun/macsim/cuda6-transpose/sm6_gtx1080/input-repeat1-dimx128-dimy128/results/traces/_Z20transposeFineGrainedPfS_ii_0/ (status 0)

(1.880042) X86TraceGenerator.cpp:1083: errno is 0 message is Success

(2.046885) CudaRuntime.cpp:2609: cudaConfigureCall()
(2.046924) CudaRuntime.cpp:2631: cudaSetupArgument() - offset 0, size 8
(2.046950) CudaRuntime.cpp:2631: cudaSetupArgument() - offset 8, size 8
(2.046974) CudaRuntime.cpp:2631: cudaSetupArgument() - offset 16, size 4
(2.046998) CudaRuntime.cpp:2631: cudaSetupArgument() - offset 20, size 4
(2.047060) CudaRuntime.cpp:142:  Mapping parameter at offset 0 of size 8 to offset 0 of size 8
   data = 0x00 0xca 0xfd 0x00 0x00 0x00 0x00 0x00 
(2.047098) CudaRuntime.cpp:142:  Mapping parameter at offset 8 of size 8 to offset 8 of size 8
   data = 0x00 0xc9 0xfc 0x00 0x00 0x00 0x00 0x00 
(2.047132) CudaRuntime.cpp:142:  Mapping parameter at offset 16 of size 4 to offset 16 of size 4
   data = 0x80 0x00 0x00 0x00 
(2.047167) CudaRuntime.cpp:142:  Mapping parameter at offset 20 of size 4 to offset 20 of size 4
   data = 0x80 0x00 0x00 0x00 
(2.047201) CudaRuntime.cpp:2685: kernel launch (_Z20transposeFineGrainedPfS_ii) on thread 0xf99920
(2.047240) CudaRuntime.cpp:2706:  launch completed successfully
(2.048489) X86TraceGenerator.cpp:776:  New kernel launched
(2.048496) X86TraceGenerator.cpp:777:  compute version:2.0
(2.048499) X86TraceGenerator.cpp:778:  grid  8 x 8 x 1
(2.048501) X86TraceGenerator.cpp:779:  block 16 x 16 x 1
(2.048504) X86TraceGenerator.cpp:780:  number of warps per block:8
(2.048506) X86TraceGenerator.cpp:781:  number of total warps:512
(2.048508) X86TraceGenerator.cpp:782:  # threads per block : 256
(2.048511) X86TraceGenerator.cpp:783:  number of register per thread:8
(2.048519) X86TraceGenerator.cpp:784:  number of shared memory per thread:1088
(2.048522) X86TraceGenerator.cpp:822:  max blocks per core : 6
(2.052956) X86TraceGenerator.cpp:1082: mkdir -p /benchrun/macsim/cuda6-transpose/sm6_gtx1080/input-repeat1-dimx128-dimy128/results/traces/_Z20transposeFineGrainedPfS_ii_1/ (status 0)

(2.052969) X86TraceGenerator.cpp:1083: errno is 0 message is Success

(2.231260) CudaRuntime.cpp:1131: cudaMemcpy(0xfac8b0, 0xfdca00, 65536)
(2.231279) CudaRuntime.cpp:215:    _memcpy(0xfac8b0, 0xfdca00, 65536 bytes) d-to-h
(2.231566) CudaRuntime.cpp:1131: cudaMemcpy(0xfac8b0, 0xfdca00, 65536)
(2.231574) CudaRuntime.cpp:215:    _memcpy(0xfac8b0, 0xfdca00, 65536 bytes) d-to-h
transpose fine-grained      , Throughput = 0.0007 GB/s, Time = 184.38721 ms, Size = 16384 fp32 elements, NumDevsUsed = 1, Workgroup = 256
(2.231826) CudaRuntime.cpp:2609: cudaConfigureCall()
(2.231835) CudaRuntime.cpp:2631: cudaSetupArgument() - offset 0, size 8
(2.231843) CudaRuntime.cpp:2631: cudaSetupArgument() - offset 8, size 8
(2.231850) CudaRuntime.cpp:2631: cudaSetupArgument() - offset 16, size 4
(2.231857) CudaRuntime.cpp:2631: cudaSetupArgument() - offset 20, size 4
(2.231908) CudaRuntime.cpp:142:  Mapping parameter at offset 0 of size 8 to offset 0 of size 8
   data = 0x00 0xca 0xfd 0x00 0x00 0x00 0x00 0x00 
(2.231921) CudaRuntime.cpp:142:  Mapping parameter at offset 8 of size 8 to offset 8 of size 8
   data = 0x00 0xc9 0xfc 0x00 0x00 0x00 0x00 0x00 
(2.231931) CudaRuntime.cpp:142:  Mapping parameter at offset 16 of size 4 to offset 16 of size 4
   data = 0x80 0x00 0x00 0x00 
(2.231942) CudaRuntime.cpp:142:  Mapping parameter at offset 20 of size 4 to offset 20 of size 4
   data = 0x80 0x00 0x00 0x00 
(2.231950) CudaRuntime.cpp:2685: kernel launch (_Z17transposeDiagonalPfS_ii) on thread 0xf99920
(2.231969) CudaRuntime.cpp:2706:  launch completed successfully
(2.234068) X86TraceGenerator.cpp:776:  New kernel launched
(2.234080) X86TraceGenerator.cpp:777:  compute version:2.0
(2.234087) X86TraceGenerator.cpp:778:  grid  8 x 8 x 1
(2.234095) X86TraceGenerator.cpp:779:  block 16 x 16 x 1
(2.234104) X86TraceGenerator.cpp:780:  number of warps per block:8
(2.234111) X86TraceGenerator.cpp:781:  number of total warps:512
(2.234117) X86TraceGenerator.cpp:782:  # threads per block : 256
(2.234124) X86TraceGenerator.cpp:783:  number of register per thread:10
(2.234132) X86TraceGenerator.cpp:784:  number of shared memory per thread:1088
(2.234139) X86TraceGenerator.cpp:822:  max blocks per core : 6
(2.239859) X86TraceGenerator.cpp:1082: mkdir -p /benchrun/macsim/cuda6-transpose/sm6_gtx1080/input-repeat1-dimx128-dimy128/results/traces/_Z17transposeDiagonalPfS_ii_0/ (status 0)

(2.239883) X86TraceGenerator.cpp:1083: errno is 0 message is Success

(2.479336) CudaRuntime.cpp:2609: cudaConfigureCall()
(2.479354) CudaRuntime.cpp:2631: cudaSetupArgument() - offset 0, size 8
(2.479363) CudaRuntime.cpp:2631: cudaSetupArgument() - offset 8, size 8
(2.479371) CudaRuntime.cpp:2631: cudaSetupArgument() - offset 16, size 4
(2.479378) CudaRuntime.cpp:2631: cudaSetupArgument() - offset 20, size 4
(2.479414) CudaRuntime.cpp:142:  Mapping parameter at offset 0 of size 8 to offset 0 of size 8
   data = 0x00 0xca 0xfd 0x00 0x00 0x00 0x00 0x00 
(2.479427) CudaRuntime.cpp:142:  Mapping parameter at offset 8 of size 8 to offset 8 of size 8
   data = 0x00 0xc9 0xfc 0x00 0x00 0x00 0x00 0x00 
(2.479437) CudaRuntime.cpp:142:  Mapping parameter at offset 16 of size 4 to offset 16 of size 4
   data = 0x80 0x00 0x00 0x00 
(2.479448) CudaRuntime.cpp:142:  Mapping parameter at offset 20 of size 4 to offset 20 of size 4
   data = 0x80 0x00 0x00 0x00 
(2.479464) CudaRuntime.cpp:2685: kernel launch (_Z17transposeDiagonalPfS_ii) on thread 0xf99920
(2.479487) CudaRuntime.cpp:2706:  launch completed successfully
(2.480868) X86TraceGenerator.cpp:776:  New kernel launched
(2.480880) X86TraceGenerator.cpp:777:  compute version:2.0
(2.480884) X86TraceGenerator.cpp:778:  grid  8 x 8 x 1
(2.480888) X86TraceGenerator.cpp:779:  block 16 x 16 x 1
(2.480891) X86TraceGenerator.cpp:780:  number of warps per block:8
(2.480901) X86TraceGenerator.cpp:781:  number of total warps:512
(2.480906) X86TraceGenerator.cpp:782:  # threads per block : 256
(2.480913) X86TraceGenerator.cpp:783:  number of register per thread:10
(2.480915) X86TraceGenerator.cpp:784:  number of shared memory per thread:1088
(2.480918) X86TraceGenerator.cpp:822:  max blocks per core : 6
(2.485293) X86TraceGenerator.cpp:1082: mkdir -p /benchrun/macsim/cuda6-transpose/sm6_gtx1080/input-repeat1-dimx128-dimy128/results/traces/_Z17transposeDiagonalPfS_ii_1/ (status 0)

(2.485305) X86TraceGenerator.cpp:1083: errno is 0 message is Success

(2.665198) CudaRuntime.cpp:1131: cudaMemcpy(0xfac8b0, 0xfdca00, 65536)
(2.665217) CudaRuntime.cpp:215:    _memcpy(0xfac8b0, 0xfdca00, 65536 bytes) d-to-h
(2.665502) CudaRuntime.cpp:1131: cudaMemcpy(0xfac8b0, 0xfdca00, 65536)
(2.665510) CudaRuntime.cpp:215:    _memcpy(0xfac8b0, 0xfdca00, 65536 bytes) d-to-h
transpose diagonal          , Throughput = 0.0007 GB/s, Time = 185.86111 ms, Size = 16384 fp32 elements, NumDevsUsed = 1, Workgroup = 256
(2.665780) CudaRuntime.cpp:887:  cudaFree(0xfcc900)
(2.665853) CudaRuntime.cpp:887:  cudaFree(0xfdca00)
Test passed
(2.667721) X86TraceGenerator.cpp:725:  destructor
(2.668029) X86TraceGenerator.cpp:2259: finalize
(2.668040) X86TraceGenerator.cpp:2263: total instruction count: 36864
