(0.000566) CudaRuntime.cpp:3813: Adding external function 'malloc'
(0.000628) CudaRuntime.cpp:3813: Adding external function 'free'
(0.000639) CudaRuntime.cpp:3813: Adding external function 'vprintf'
(0.000647) CudaRuntime.cpp:3813: Adding external function 'cudaGetParameterBuffer'
(0.000702) CudaRuntime.cpp:595:  Loading module (fatbin) - matrixMulTejas.cu
(0.000714) CudaRuntime.cpp:738:  Registered kernel - _Z8mult_gpuPfS_S_ii in module 'matrixMulTejas.cu'
(0.000750) CudaRuntime.cpp:276:  Creating devices.
(0.000908) CudaRuntime.cpp:288:   - Added 1 emulator devices.
(0.001047) CudaRuntime.cpp:446:  Creating new context for thread 0xd23160
(0.001092) CudaRuntime.cpp:787:  cudaMalloc( *devPtr = 0xd25300, size = 4096)
(0.001118) CudaRuntime.cpp:787:  cudaMalloc( *devPtr = 0xd27500, size = 4096)
(0.001138) CudaRuntime.cpp:787:  cudaMalloc( *devPtr = 0xd29600, size = 4096)
(0.001270) CudaRuntime.cpp:1131: cudaMemcpy(0xd25300, 0xd22150, 4096)
(0.001279) CudaRuntime.cpp:251:    _memcpy(0xd25300, 0xd22150, 4096 bytes) h-to-d
(0.001291) CudaRuntime.cpp:1131: cudaMemcpy(0xd27500, 0xd26410, 4096)
(0.001299) CudaRuntime.cpp:251:    _memcpy(0xd27500, 0xd26410, 4096 bytes) h-to-d
grid: (1,1,1)
threads: (32,32,1)
(0.001318) CudaRuntime.cpp:2609: cudaConfigureCall()
(0.001328) CudaRuntime.cpp:2631: cudaSetupArgument() - offset 0, size 8
(0.001338) CudaRuntime.cpp:2631: cudaSetupArgument() - offset 8, size 8
(0.001347) CudaRuntime.cpp:2631: cudaSetupArgument() - offset 16, size 8
(0.001356) CudaRuntime.cpp:2631: cudaSetupArgument() - offset 24, size 4
(0.001364) CudaRuntime.cpp:2631: cudaSetupArgument() - offset 28, size 4
(0.006072) CudaRuntime.cpp:142:  Mapping parameter at offset 0 of size 8 to offset 0 of size 8
   data = 0x00 0x53 0xd2 0x00 0x00 0x00 0x00 0x00 
(0.006084) CudaRuntime.cpp:142:  Mapping parameter at offset 8 of size 8 to offset 8 of size 8
   data = 0x00 0x75 0xd2 0x00 0x00 0x00 0x00 0x00 
(0.006091) CudaRuntime.cpp:142:  Mapping parameter at offset 16 of size 8 to offset 16 of size 8
   data = 0x00 0x96 0xd2 0x00 0x00 0x00 0x00 0x00 
(0.006098) CudaRuntime.cpp:142:  Mapping parameter at offset 24 of size 4 to offset 24 of size 4
   data = 0x20 0x00 0x00 0x00 
(0.006104) CudaRuntime.cpp:142:  Mapping parameter at offset 28 of size 4 to offset 28 of size 4
   data = 0x20 0x00 0x00 0x00 
(0.006110) CudaRuntime.cpp:2685: kernel launch (_Z8mult_gpuPfS_S_ii) on thread 0xd23160
(0.006128) CudaRuntime.cpp:2706:  launch completed successfully
The GPU Elapsed Time:0.035442 Sec.
(0.036780) CudaRuntime.cpp:1131: cudaMemcpy(0xd28530, 0xd29600, 4096)
(0.036795) CudaRuntime.cpp:215:    _memcpy(0xd28530, 0xd29600, 4096 bytes) d-to-h
The CPU Elapsed Time:0.000279 Sec.
Verifying
PASS
(0.037108) CudaRuntime.cpp:887:  cudaFree(0xd25300)
(0.037121) CudaRuntime.cpp:887:  cudaFree(0xd27500)
(0.037131) CudaRuntime.cpp:887:  cudaFree(0xd29600)
