Arguments: macsim --out=/benchrun/macsim/cuda6-transpose/sm6_gtx1080/input-repeat1-dimx32-dimy32/results/stats 
src/macsim.cc:122: (I=0  C=0):  initialize knobs
number of cores : 20
src/macsim.cc:537: (I=0  C=0):  initialize simulation
src/macsim.cc:323: (I=0  C=0):  initialize cores (0/0/20)
src/memory.cc:1568: (I=0  C=0):  Memory system(l2_decoupled_network) has been initialized.
src/network_simple.cc:92: (I=0  C=0):  TOTAL_ROUTER:35 CPU:0 GPU:20 L3:1 LLC:6 MC:8
enabling bug detector
src/macsim.cc:750: (I=0  C=0):  Initializing new noc

src/macsim.cc:838: (I=0  C=0):  Clock LCM           : 12528
src/macsim.cc:839: (I=0  C=0):  CPU clock frequency : 1 GHz
src/macsim.cc:840: (I=0  C=0):  GPU clock frequency : 1.607 GHz
src/macsim.cc:841: (I=0  C=0):  LLC clock frequency : 1.607 GHz
src/macsim.cc:842: (I=0  C=0):  NOC clock frequency : 2.962 GHz
src/macsim.cc:843: (I=0  C=0):  MC  clock frequency : 2.75 GHz
src/process_manager.cc:434: (I=0  C=0):  setup_process:0 /benchrun/macsim/cuda6-transpose/sm6_gtx1080/input-repeat1-dimx32-dimy32/results/traces/_Z4copyPfS_ii_0/Trace.txt current_index:0 (16)
trace:/benchrun/macsim/cuda6-transpose/sm6_gtx1080/input-repeat1-dimx32-dimy32/results/traces/_Z4copyPfS_ii_0/Trace.txt is opened 
src/process_manager.cc:541: (I=0  C=0):  thread_count:32
**Core 00 Thread 01 Finished:   insts:20          cycles:535        (418122)  seconds:0     -- 0.04 IPC (0.04 IPC) --  N/A  KHz (inf KHz) 
**Core 01 Thread 01 Finished:   insts:20          cycles:535        (418122)  seconds:0     -- 0.04 IPC (0.04 IPC) --  N/A  KHz (inf KHz) 
**Core 02 Thread 01 Finished:   insts:20          cycles:591        (461970)  seconds:0     -- 0.03 IPC (0.03 IPC) --  N/A  KHz (inf KHz) 
**Core 03 Thread 01 Finished:   insts:20          cycles:591        (461970)  seconds:0     -- 0.03 IPC (0.03 IPC) --  N/A  KHz (inf KHz) 
**Core 02 Thread 07 Finished:   insts:20          cycles:611        (477630)  seconds:0     -- 0.03 IPC (0.03 IPC) --  N/A  KHz (inf KHz) 
**Core 03 Thread 07 Finished:   insts:20          cycles:611        (477630)  seconds:0     -- 0.03 IPC (0.03 IPC) --  N/A  KHz (inf KHz) 
**Core 00 Thread 00 Finished:   insts:20          cycles:630        (492507)  seconds:0     -- 0.03 IPC (0.03 IPC) --  N/A  KHz (inf KHz) 
**Core 01 Thread 00 Finished:   insts:20          cycles:630        (492507)  seconds:0     -- 0.03 IPC (0.03 IPC) --  N/A  KHz (inf KHz) 
**Core 02 Thread 00 Finished:   insts:20          cycles:677        (529308)  seconds:0     -- 0.03 IPC (0.03 IPC) --  N/A  KHz (inf KHz) 
**Core 03 Thread 00 Finished:   insts:20          cycles:677        (529308)  seconds:0     -- 0.03 IPC (0.03 IPC) --  N/A  KHz (inf KHz) 
**Core 00 Thread 03 Finished:   insts:20          cycles:706        (552015)  seconds:0     -- 0.03 IPC (0.03 IPC) --  N/A  KHz (inf KHz) 
**Core 01 Thread 03 Finished:   insts:20          cycles:706        (552015)  seconds:0     -- 0.03 IPC (0.03 IPC) --  N/A  KHz (inf KHz) 
**Core 02 Thread 03 Finished:   insts:20          cycles:752        (588033)  seconds:0     -- 0.03 IPC (0.03 IPC) --  N/A  KHz (inf KHz) 
**Core 03 Thread 03 Finished:   insts:20          cycles:752        (588033)  seconds:0     -- 0.03 IPC (0.03 IPC) --  N/A  KHz (inf KHz) 
**Core 00 Thread 02 Finished:   insts:20          cycles:782        (611523)  seconds:0     -- 0.03 IPC (0.03 IPC) --  N/A  KHz (inf KHz) 
**Core 01 Thread 02 Finished:   insts:20          cycles:782        (611523)  seconds:0     -- 0.03 IPC (0.03 IPC) --  N/A  KHz (inf KHz) 
**Core 02 Thread 02 Finished:   insts:20          cycles:828        (647541)  seconds:0     -- 0.02 IPC (0.02 IPC) --  N/A  KHz (inf KHz) 
**Core 03 Thread 02 Finished:   insts:20          cycles:828        (647541)  seconds:0     -- 0.02 IPC (0.02 IPC) --  N/A  KHz (inf KHz) 
**Core 00 Thread 05 Finished:   insts:20          cycles:859        (671814)  seconds:0     -- 0.02 IPC (0.02 IPC) --  N/A  KHz (inf KHz) 
**Core 01 Thread 05 Finished:   insts:20          cycles:859        (671814)  seconds:0     -- 0.02 IPC (0.02 IPC) --  N/A  KHz (inf KHz) 
**Core 02 Thread 05 Finished:   insts:20          cycles:904        (707049)  seconds:0     -- 0.02 IPC (0.02 IPC) --  N/A  KHz (inf KHz) 
**Core 03 Thread 05 Finished:   insts:20          cycles:904        (707049)  seconds:0     -- 0.02 IPC (0.02 IPC) --  N/A  KHz (inf KHz) 
**Core 00 Thread 04 Finished:   insts:20          cycles:934        (730539)  seconds:0     -- 0.02 IPC (0.02 IPC) --  N/A  KHz (inf KHz) 
**Core 01 Thread 04 Finished:   insts:20          cycles:934        (730539)  seconds:0     -- 0.02 IPC (0.02 IPC) --  N/A  KHz (inf KHz) 
**Core 02 Thread 04 Finished:   insts:20          cycles:961        (751680)  seconds:0     -- 0.02 IPC (0.02 IPC) --  N/A  KHz (inf KHz) 
**Core 03 Thread 04 Finished:   insts:20          cycles:961        (751680)  seconds:0     -- 0.02 IPC (0.02 IPC) --  N/A  KHz (inf KHz) 
**Core 00 Thread 06 Finished:   insts:20          cycles:997        (779868)  seconds:0     -- 0.02 IPC (0.02 IPC) --  N/A  KHz (inf KHz) 
**Core 01 Thread 06 Finished:   insts:20          cycles:997        (779868)  seconds:0     -- 0.02 IPC (0.02 IPC) --  N/A  KHz (inf KHz) 
**Core 00 Thread 07 Finished:   insts:20          cycles:1032       (807273)  seconds:0     -- 0.02 IPC (0.02 IPC) --  N/A  KHz (inf KHz) 
**Core 00 Core_Total  Finished:   insts:160         cycles:1032       (807273) seconds:0     -- 0.16 IPC (0.16 IPC) --  N/A  KHz (inf KHz)
**Core 01 Thread 07 Finished:   insts:20          cycles:1032       (807273)  seconds:0     -- 0.02 IPC (0.02 IPC) --  N/A  KHz (inf KHz) 
**Core 01 Core_Total  Finished:   insts:160         cycles:1032       (807273) seconds:0     -- 0.16 IPC (0.16 IPC) --  N/A  KHz (inf KHz)
**Core 02 Thread 06 Finished:   insts:20          cycles:1042       (815103)  seconds:0     -- 0.02 IPC (0.02 IPC) --  N/A  KHz (inf KHz) 
**Core 02 Core_Total  Finished:   insts:160         cycles:1042       (815103) seconds:0     -- 0.15 IPC (0.15 IPC) --  N/A  KHz (inf KHz)
**Core 03 Thread 06 Finished:   insts:20          cycles:1042       (815103)  seconds:0     -- 0.02 IPC (0.02 IPC) --  N/A  KHz (inf KHz) 
src/process_manager.cc:434: (I=20  C=815103):  setup_process:0 /benchrun/macsim/cuda6-transpose/sm6_gtx1080/input-repeat1-dimx32-dimy32/results/traces/_Z4copyPfS_ii_1/Trace.txt current_index:1 (16)
trace:/benchrun/macsim/cuda6-transpose/sm6_gtx1080/input-repeat1-dimx32-dimy32/results/traces/_Z4copyPfS_ii_1/Trace.txt is opened 
src/process_manager.cc:541: (I=20  C=815103):  thread_count:32
**Core 03 Thread 08 Finished:   insts:20          cycles:1388       (1086021)  seconds:0     -- 0.01 IPC (0.01 IPC) --  N/A  KHz (inf KHz) 
**Core 02 Thread 08 Finished:   insts:20          cycles:1390       (1087587)  seconds:0     -- 0.01 IPC (0.01 IPC) --  N/A  KHz (inf KHz) 
**Core 00 Thread 08 Finished:   insts:20          cycles:1392       (1089153)  seconds:0     -- 0.01 IPC (0.01 IPC) --  N/A  KHz (inf KHz) 
**Core 00 Thread 09 Finished:   insts:20          cycles:1393       (1089936)  seconds:0     -- 0.01 IPC (0.01 IPC) --  N/A  KHz (inf KHz) 
**Core 01 Thread 08 Finished:   insts:20          cycles:1394       (1090719)  seconds:0     -- 0.01 IPC (0.01 IPC) --  N/A  KHz (inf KHz) 
**Core 01 Thread 09 Finished:   insts:20          cycles:1398       (1093851)  seconds:0     -- 0.01 IPC (0.01 IPC) --  N/A  KHz (inf KHz) 
**Core 02 Thread 09 Finished:   insts:20          cycles:1399       (1094634)  seconds:0     -- 0.01 IPC (0.01 IPC) --  N/A  KHz (inf KHz) 
**Core 03 Thread 09 Finished:   insts:20          cycles:1400       (1095417)  seconds:0     -- 0.01 IPC (0.01 IPC) --  N/A  KHz (inf KHz) 
**Core 02 Thread 10 Finished:   insts:20          cycles:1401       (1096200)  seconds:0     -- 0.01 IPC (0.01 IPC) --  N/A  KHz (inf KHz) 
**Core 03 Thread 10 Finished:   insts:20          cycles:1402       (1096983)  seconds:0     -- 0.01 IPC (0.01 IPC) --  N/A  KHz (inf KHz) 
**Core 00 Thread 10 Finished:   insts:20          cycles:1403       (1097766)  seconds:0     -- 0.01 IPC (0.01 IPC) --  N/A  KHz (inf KHz) 
**Core 00 Thread 11 Finished:   insts:20          cycles:1404       (1098549)  seconds:0     -- 0.01 IPC (0.01 IPC) --  N/A  KHz (inf KHz) 
**Core 01 Thread 10 Finished:   insts:20          cycles:1405       (1099332)  seconds:0     -- 0.01 IPC (0.01 IPC) --  N/A  KHz (inf KHz) 
**Core 01 Thread 11 Finished:   insts:20          cycles:1406       (1100115)  seconds:0     -- 0.01 IPC (0.01 IPC) --  N/A  KHz (inf KHz) 
**Core 02 Thread 11 Finished:   insts:20          cycles:1407       (1100898)  seconds:0     -- 0.01 IPC (0.01 IPC) --  N/A  KHz (inf KHz) 
**Core 02 Thread 12 Finished:   insts:20          cycles:1408       (1101681)  seconds:0     -- 0.01 IPC (0.01 IPC) --  N/A  KHz (inf KHz) 
**Core 03 Thread 11 Finished:   insts:20          cycles:1409       (1102464)  seconds:0     -- 0.01 IPC (0.01 IPC) --  N/A  KHz (inf KHz) 
**Core 00 Thread 12 Finished:   insts:20          cycles:1410       (1103247)  seconds:0     -- 0.01 IPC (0.01 IPC) --  N/A  KHz (inf KHz) 
**Core 00 Thread 13 Finished:   insts:20          cycles:1411       (1104030)  seconds:0     -- 0.01 IPC (0.01 IPC) --  N/A  KHz (inf KHz) 
**Core 01 Thread 12 Finished:   insts:20          cycles:1412       (1104813)  seconds:0     -- 0.01 IPC (0.01 IPC) --  N/A  KHz (inf KHz) 
**Core 00 Thread 15 Finished:   insts:20          cycles:1413       (1105596)  seconds:0     -- 0.01 IPC (0.01 IPC) --  N/A  KHz (inf KHz) 
**Core 00 Thread 14 Finished:   insts:20          cycles:1414       (1106379)  seconds:0     -- 0.01 IPC (0.01 IPC) --  N/A  KHz (inf KHz) 
**Core 00 Core_Total  Finished:   insts:320         cycles:1414       (1106379) seconds:0     -- 0.23 IPC (0.23 IPC) --  N/A  KHz (inf KHz)
**Core 01 Thread 13 Finished:   insts:20          cycles:1415       (1107162)  seconds:0     -- 0.01 IPC (0.01 IPC) --  N/A  KHz (inf KHz) 
**Core 01 Thread 15 Finished:   insts:20          cycles:1416       (1107945)  seconds:0     -- 0.01 IPC (0.01 IPC) --  N/A  KHz (inf KHz) 
**Core 01 Thread 14 Finished:   insts:20          cycles:1417       (1108728)  seconds:0     -- 0.01 IPC (0.01 IPC) --  N/A  KHz (inf KHz) 
**Core 01 Core_Total  Finished:   insts:320         cycles:1417       (1108728) seconds:0     -- 0.23 IPC (0.23 IPC) --  N/A  KHz (inf KHz)
**Core 02 Thread 13 Finished:   insts:20          cycles:1418       (1109511)  seconds:0     -- 0.01 IPC (0.01 IPC) --  N/A  KHz (inf KHz) 
**Core 02 Thread 14 Finished:   insts:20          cycles:1419       (1110294)  seconds:0     -- 0.01 IPC (0.01 IPC) --  N/A  KHz (inf KHz) 
**Core 02 Thread 15 Finished:   insts:20          cycles:1420       (1111077)  seconds:0     -- 0.01 IPC (0.01 IPC) --  N/A  KHz (inf KHz) 
**Core 02 Core_Total  Finished:   insts:320         cycles:1420       (1111077) seconds:0     -- 0.23 IPC (0.23 IPC) --  N/A  KHz (inf KHz)
**Core 03 Thread 12 Finished:   insts:20          cycles:1421       (1111860)  seconds:0     -- 0.01 IPC (0.01 IPC) --  N/A  KHz (inf KHz) 
**Core 03 Thread 14 Finished:   insts:20          cycles:1422       (1112643)  seconds:0     -- 0.01 IPC (0.01 IPC) --  N/A  KHz (inf KHz) 
**Core 03 Thread 13 Finished:   insts:20          cycles:1423       (1113426)  seconds:0     -- 0.01 IPC (0.01 IPC) --  N/A  KHz (inf KHz) 
**Core 03 Thread 15 Finished:   insts:20          cycles:1424       (1114209)  seconds:0     -- 0.01 IPC (0.01 IPC) --  N/A  KHz (inf KHz) 
src/process_manager.cc:434: (I=20  C=1114209):  setup_process:0 /benchrun/macsim/cuda6-transpose/sm6_gtx1080/input-repeat1-dimx32-dimy32/results/traces/_Z13copySharedMemPfS_ii_0/Trace.txt current_index:2 (16)
trace:/benchrun/macsim/cuda6-transpose/sm6_gtx1080/input-repeat1-dimx32-dimy32/results/traces/_Z13copySharedMemPfS_ii_0/Trace.txt is opened 
src/process_manager.cc:541: (I=20  C=1114209):  thread_count:32
**Core 03 Thread 16 Finished:   insts:40          cycles:2094       (1638819)  seconds:1     -- 0.02 IPC (0.02 IPC) --  N/A  KHz (0.04 KHz) 
**Core 00 Thread 17 Finished:   insts:39          cycles:2096       (1640385)  seconds:1     -- 0.02 IPC (0.02 IPC) --  N/A  KHz (0.04 KHz) 
**Core 01 Thread 17 Finished:   insts:39          cycles:2097       (1641168)  seconds:1     -- 0.02 IPC (0.02 IPC) --  N/A  KHz (0.04 KHz) 
**Core 02 Thread 17 Finished:   insts:39          cycles:2099       (1642734)  seconds:1     -- 0.02 IPC (0.02 IPC) --  N/A  KHz (0.04 KHz) 
**Core 00 Thread 18 Finished:   insts:39          cycles:2102       (1645083)  seconds:1     -- 0.02 IPC (0.02 IPC) --  N/A  KHz (0.04 KHz) 
**Core 01 Thread 19 Finished:   insts:39          cycles:2103       (1645866)  seconds:1     -- 0.02 IPC (0.02 IPC) --  N/A  KHz (0.04 KHz) 
**Core 01 Thread 18 Finished:   insts:39          cycles:2105       (1647432)  seconds:1     -- 0.02 IPC (0.02 IPC) --  N/A  KHz (0.04 KHz) 
**Core 00 Thread 20 Finished:   insts:39          cycles:2106       (1648215)  seconds:1     -- 0.02 IPC (0.02 IPC) --  N/A  KHz (0.04 KHz) 
**Core 00 Thread 19 Finished:   insts:39          cycles:2108       (1649781)  seconds:1     -- 0.02 IPC (0.02 IPC) --  N/A  KHz (0.04 KHz) 
**Core 01 Thread 20 Finished:   insts:39          cycles:2109       (1650564)  seconds:1     -- 0.02 IPC (0.02 IPC) --  N/A  KHz (0.04 KHz) 
**Core 01 Thread 21 Finished:   insts:39          cycles:2110       (1651347)  seconds:1     -- 0.02 IPC (0.02 IPC) --  N/A  KHz (0.04 KHz) 
**Core 00 Thread 21 Finished:   insts:39          cycles:2111       (1652130)  seconds:1     -- 0.02 IPC (0.02 IPC) --  N/A  KHz (0.04 KHz) 
**Core 00 Thread 22 Finished:   insts:39          cycles:2112       (1652913)  seconds:1     -- 0.02 IPC (0.02 IPC) --  N/A  KHz (0.04 KHz) 
**Core 02 Thread 19 Finished:   insts:39          cycles:2113       (1653696)  seconds:1     -- 0.02 IPC (0.02 IPC) --  N/A  KHz (0.04 KHz) 
**Core 00 Thread 16 Finished:   insts:40          cycles:2114       (1654479)  seconds:1     -- 0.02 IPC (0.02 IPC) --  N/A  KHz (0.04 KHz) 
**Core 00 Thread 23 Finished:   insts:39          cycles:2115       (1655262)  seconds:1     -- 0.02 IPC (0.02 IPC) --  N/A  KHz (0.04 KHz) 
**Core 00 Core_Total  Finished:   insts:633         cycles:2115       (1655262) seconds:1     -- 0.30 IPC (0.30 IPC) --  N/A  KHz (0.63 KHz)
**Core 03 Thread 23 Finished:   insts:39          cycles:2116       (1656045)  seconds:1     -- 0.02 IPC (0.02 IPC) --  N/A  KHz (0.04 KHz) 
**Core 01 Thread 23 Finished:   insts:39          cycles:2117       (1656828)  seconds:1     -- 0.02 IPC (0.02 IPC) --  N/A  KHz (0.04 KHz) 
**Core 01 Thread 22 Finished:   insts:39          cycles:2118       (1657611)  seconds:1     -- 0.02 IPC (0.02 IPC) --  N/A  KHz (0.04 KHz) 
**Core 01 Thread 16 Finished:   insts:40          cycles:2119       (1658394)  seconds:1     -- 0.02 IPC (0.02 IPC) --  N/A  KHz (0.04 KHz) 
**Core 01 Core_Total  Finished:   insts:633         cycles:2119       (1658394) seconds:1     -- 0.30 IPC (0.30 IPC) --  N/A  KHz (0.63 KHz)
**Core 02 Thread 18 Finished:   insts:39          cycles:2120       (1659177)  seconds:1     -- 0.02 IPC (0.02 IPC) --  N/A  KHz (0.04 KHz) 
**Core 02 Thread 20 Finished:   insts:39          cycles:2121       (1659960)  seconds:1     -- 0.02 IPC (0.02 IPC) --  N/A  KHz (0.04 KHz) 
**Core 02 Thread 21 Finished:   insts:39          cycles:2122       (1660743)  seconds:1     -- 0.02 IPC (0.02 IPC) --  N/A  KHz (0.04 KHz) 
**Core 02 Thread 23 Finished:   insts:39          cycles:2123       (1661526)  seconds:1     -- 0.02 IPC (0.02 IPC) --  N/A  KHz (0.04 KHz) 
**Core 02 Thread 22 Finished:   insts:39          cycles:2124       (1662309)  seconds:1     -- 0.02 IPC (0.02 IPC) --  N/A  KHz (0.04 KHz) 
**Core 02 Thread 16 Finished:   insts:40          cycles:2125       (1663092)  seconds:1     -- 0.02 IPC (0.02 IPC) --  N/A  KHz (0.04 KHz) 
**Core 02 Core_Total  Finished:   insts:633         cycles:2125       (1663092) seconds:1     -- 0.30 IPC (0.30 IPC) --  N/A  KHz (0.63 KHz)
**Core 03 Thread 17 Finished:   insts:39          cycles:2126       (1663875)  seconds:1     -- 0.02 IPC (0.02 IPC) --  N/A  KHz (0.04 KHz) 
**Core 03 Thread 18 Finished:   insts:39          cycles:2127       (1664658)  seconds:1     -- 0.02 IPC (0.02 IPC) --  N/A  KHz (0.04 KHz) 
**Core 03 Thread 20 Finished:   insts:39          cycles:2128       (1665441)  seconds:1     -- 0.02 IPC (0.02 IPC) --  N/A  KHz (0.04 KHz) 
**Core 03 Thread 19 Finished:   insts:39          cycles:2129       (1666224)  seconds:1     -- 0.02 IPC (0.02 IPC) --  N/A  KHz (0.04 KHz) 
**Core 03 Thread 21 Finished:   insts:39          cycles:2130       (1667007)  seconds:1     -- 0.02 IPC (0.02 IPC) --  N/A  KHz (0.04 KHz) 
**Core 03 Thread 22 Finished:   insts:39          cycles:2131       (1667790)  seconds:1     -- 0.02 IPC (0.02 IPC) --  N/A  KHz (0.04 KHz) 
src/process_manager.cc:434: (I=20  C=1667790):  setup_process:0 /benchrun/macsim/cuda6-transpose/sm6_gtx1080/input-repeat1-dimx32-dimy32/results/traces/_Z13copySharedMemPfS_ii_1/Trace.txt current_index:3 (16)
trace:/benchrun/macsim/cuda6-transpose/sm6_gtx1080/input-repeat1-dimx32-dimy32/results/traces/_Z13copySharedMemPfS_ii_1/Trace.txt is opened 
src/process_manager.cc:541: (I=20  C=1667790):  thread_count:32
**Core 03 Thread 25 Finished:   insts:39          cycles:2766       (2164995)  seconds:1     -- 0.01 IPC (0.01 IPC) --  N/A  KHz (0.04 KHz) 
**Core 00 Thread 26 Finished:   insts:39          cycles:2767       (2165778)  seconds:1     -- 0.01 IPC (0.01 IPC) --  N/A  KHz (0.04 KHz) 
**Core 02 Thread 25 Finished:   insts:39          cycles:2769       (2167344)  seconds:1     -- 0.01 IPC (0.01 IPC) --  N/A  KHz (0.04 KHz) 
**Core 03 Thread 26 Finished:   insts:39          cycles:2770       (2168127)  seconds:1     -- 0.01 IPC (0.01 IPC) --  N/A  KHz (0.04 KHz) 
**Core 01 Thread 25 Finished:   insts:39          cycles:2772       (2169693)  seconds:1     -- 0.01 IPC (0.01 IPC) --  N/A  KHz (0.04 KHz) 
**Core 02 Thread 26 Finished:   insts:39          cycles:2773       (2170476)  seconds:1     -- 0.01 IPC (0.01 IPC) --  N/A  KHz (0.04 KHz) 
**Core 01 Thread 26 Finished:   insts:39          cycles:2775       (2172042)  seconds:1     -- 0.01 IPC (0.01 IPC) --  N/A  KHz (0.04 KHz) 
**Core 03 Thread 27 Finished:   insts:39          cycles:2782       (2177523)  seconds:1     -- 0.01 IPC (0.01 IPC) --  N/A  KHz (0.04 KHz) 
**Core 00 Thread 28 Finished:   insts:39          cycles:2784       (2179089)  seconds:1     -- 0.01 IPC (0.01 IPC) --  N/A  KHz (0.04 KHz) 
**Core 00 Thread 25 Finished:   insts:39          cycles:2787       (2181438)  seconds:1     -- 0.01 IPC (0.01 IPC) --  N/A  KHz (0.04 KHz) 
**Core 02 Thread 27 Finished:   insts:39          cycles:2790       (2183787)  seconds:1     -- 0.01 IPC (0.01 IPC) --  N/A  KHz (0.04 KHz) 
**Core 03 Thread 28 Finished:   insts:39          cycles:2790       (2183787)  seconds:1     -- 0.01 IPC (0.01 IPC) --  N/A  KHz (0.04 KHz) 
**Core 00 Thread 27 Finished:   insts:39          cycles:2792       (2185353)  seconds:1     -- 0.01 IPC (0.01 IPC) --  N/A  KHz (0.04 KHz) 
**Core 01 Thread 27 Finished:   insts:39          cycles:2793       (2186136)  seconds:1     -- 0.01 IPC (0.01 IPC) --  N/A  KHz (0.04 KHz) 
**Core 02 Thread 28 Finished:   insts:39          cycles:2795       (2187702)  seconds:1     -- 0.01 IPC (0.01 IPC) --  N/A  KHz (0.04 KHz) 
**Core 00 Thread 30 Finished:   insts:39          cycles:2796       (2188485)  seconds:1     -- 0.01 IPC (0.01 IPC) --  N/A  KHz (0.04 KHz) 
**Core 01 Thread 28 Finished:   insts:39          cycles:2797       (2189268)  seconds:1     -- 0.01 IPC (0.01 IPC) --  N/A  KHz (0.04 KHz) 
**Core 00 Thread 29 Finished:   insts:39          cycles:2798       (2190051)  seconds:1     -- 0.01 IPC (0.01 IPC) --  N/A  KHz (0.04 KHz) 
**Core 00 Thread 24 Finished:   insts:40          cycles:2799       (2190834)  seconds:1     -- 0.01 IPC (0.01 IPC) --  N/A  KHz (0.04 KHz) 
**Core 01 Thread 29 Finished:   insts:39          cycles:2800       (2191617)  seconds:1     -- 0.01 IPC (0.01 IPC) --  N/A  KHz (0.04 KHz) 
**Core 00 Thread 31 Finished:   insts:39          cycles:2801       (2192400)  seconds:1     -- 0.01 IPC (0.01 IPC) --  N/A  KHz (0.04 KHz) 
**Core 00 Core_Total  Finished:   insts:946         cycles:2801       (2192400) seconds:1     -- 0.34 IPC (0.34 IPC) --  N/A  KHz (0.95 KHz)
**Core 01 Thread 30 Finished:   insts:39          cycles:2802       (2193183)  seconds:1     -- 0.01 IPC (0.01 IPC) --  N/A  KHz (0.04 KHz) 
**Core 01 Thread 31 Finished:   insts:39          cycles:2803       (2193966)  seconds:1     -- 0.01 IPC (0.01 IPC) --  N/A  KHz (0.04 KHz) 
**Core 02 Thread 29 Finished:   insts:39          cycles:2804       (2194749)  seconds:1     -- 0.01 IPC (0.01 IPC) --  N/A  KHz (0.04 KHz) 
**Core 01 Thread 24 Finished:   insts:40          cycles:2805       (2195532)  seconds:1     -- 0.01 IPC (0.01 IPC) --  N/A  KHz (0.04 KHz) 
**Core 01 Core_Total  Finished:   insts:946         cycles:2805       (2195532) seconds:1     -- 0.34 IPC (0.34 IPC) --  N/A  KHz (0.95 KHz)
**Core 02 Thread 30 Finished:   insts:39          cycles:2806       (2196315)  seconds:1     -- 0.01 IPC (0.01 IPC) --  N/A  KHz (0.04 KHz) 
**Core 02 Thread 31 Finished:   insts:39          cycles:2807       (2197098)  seconds:1     -- 0.01 IPC (0.01 IPC) --  N/A  KHz (0.04 KHz) 
**Core 02 Thread 24 Finished:   insts:40          cycles:2808       (2197881)  seconds:1     -- 0.01 IPC (0.01 IPC) --  N/A  KHz (0.04 KHz) 
**Core 02 Core_Total  Finished:   insts:946         cycles:2808       (2197881) seconds:1     -- 0.34 IPC (0.34 IPC) --  N/A  KHz (0.95 KHz)
**Core 03 Thread 29 Finished:   insts:39          cycles:2809       (2198664)  seconds:1     -- 0.01 IPC (0.01 IPC) --  N/A  KHz (0.04 KHz) 
**Core 03 Thread 30 Finished:   insts:39          cycles:2810       (2199447)  seconds:1     -- 0.01 IPC (0.01 IPC) --  N/A  KHz (0.04 KHz) 
**Core 03 Thread 31 Finished:   insts:39          cycles:2811       (2200230)  seconds:1     -- 0.01 IPC (0.01 IPC) --  N/A  KHz (0.04 KHz) 
**Core 03 Thread 24 Finished:   insts:40          cycles:2812       (2201013)  seconds:1     -- 0.01 IPC (0.01 IPC) --  N/A  KHz (0.04 KHz) 
src/process_manager.cc:434: (I=20  C=2201013):  setup_process:0 /benchrun/macsim/cuda6-transpose/sm6_gtx1080/input-repeat1-dimx32-dimy32/results/traces/_Z14transposeNaivePfS_ii_0/Trace.txt current_index:4 (16)
trace:/benchrun/macsim/cuda6-transpose/sm6_gtx1080/input-repeat1-dimx32-dimy32/results/traces/_Z14transposeNaivePfS_ii_0/Trace.txt is opened 
src/process_manager.cc:541: (I=20  C=2201013):  thread_count:32
**Core 00 Thread 32 Finished:   insts:25          cycles:3249       (2543184)  seconds:1     -- 0.01 IPC (0.01 IPC) --  N/A  KHz (0.03 KHz) 
**Core 00 Thread 33 Finished:   insts:25          cycles:3270       (2559627)  seconds:1     -- 0.01 IPC (0.01 IPC) --  N/A  KHz (0.03 KHz) 
**Core 00 Thread 34 Finished:   insts:25          cycles:3284       (2570589)  seconds:1     -- 0.01 IPC (0.01 IPC) --  N/A  KHz (0.03 KHz) 
**Core 00 Thread 35 Finished:   insts:25          cycles:3318       (2597211)  seconds:1     -- 0.01 IPC (0.01 IPC) --  N/A  KHz (0.03 KHz) 
**Core 00 Thread 36 Finished:   insts:25          cycles:3361       (2630880)  seconds:1     -- 0.01 IPC (0.01 IPC) --  N/A  KHz (0.03 KHz) 
**Core 00 Thread 37 Finished:   insts:25          cycles:3387       (2651238)  seconds:1     -- 0.01 IPC (0.01 IPC) --  N/A  KHz (0.03 KHz) 
**Core 00 Thread 38 Finished:   insts:25          cycles:3412       (2670813)  seconds:1     -- 0.01 IPC (0.01 IPC) --  N/A  KHz (0.03 KHz) 
**Core 00 Thread 39 Finished:   insts:25          cycles:3430       (2684907)  seconds:1     -- 0.01 IPC (0.01 IPC) --  N/A  KHz (0.03 KHz) 
**Core 00 Core_Total  Finished:   insts:1146        cycles:3430       (2684907) seconds:1     -- 0.33 IPC (0.33 IPC) --  N/A  KHz (1.15 KHz)
**Core 01 Thread 32 Finished:   insts:25          cycles:3441       (2693520)  seconds:1     -- 0.01 IPC (0.01 IPC) --  N/A  KHz (0.03 KHz) 
**Core 01 Thread 33 Finished:   insts:25          cycles:3466       (2713095)  seconds:1     -- 0.01 IPC (0.01 IPC) --  N/A  KHz (0.03 KHz) 
**Core 01 Thread 34 Finished:   insts:25          cycles:3483       (2726406)  seconds:1     -- 0.01 IPC (0.01 IPC) --  N/A  KHz (0.03 KHz) 
**Core 01 Thread 35 Finished:   insts:25          cycles:3506       (2744415)  seconds:1     -- 0.01 IPC (0.01 IPC) --  N/A  KHz (0.03 KHz) 
**Core 01 Thread 36 Finished:   insts:25          cycles:3526       (2760075)  seconds:1     -- 0.01 IPC (0.01 IPC) --  N/A  KHz (0.03 KHz) 
**Core 01 Thread 37 Finished:   insts:25          cycles:3548       (2777301)  seconds:1     -- 0.01 IPC (0.01 IPC) --  N/A  KHz (0.03 KHz) 
**Core 01 Thread 38 Finished:   insts:25          cycles:3576       (2799225)  seconds:1     -- 0.01 IPC (0.01 IPC) --  N/A  KHz (0.03 KHz) 
**Core 01 Thread 39 Finished:   insts:25          cycles:3602       (2819583)  seconds:1     -- 0.01 IPC (0.01 IPC) --  N/A  KHz (0.03 KHz) 
**Core 01 Core_Total  Finished:   insts:1146        cycles:3602       (2819583) seconds:1     -- 0.32 IPC (0.32 IPC) --  N/A  KHz (1.15 KHz)
**Core 02 Thread 32 Finished:   insts:25          cycles:3604       (2821149)  seconds:1     -- 0.01 IPC (0.01 IPC) --  N/A  KHz (0.03 KHz) 
**Core 02 Thread 33 Finished:   insts:25          cycles:3612       (2827413)  seconds:1     -- 0.01 IPC (0.01 IPC) --  N/A  KHz (0.03 KHz) 
**Core 02 Thread 34 Finished:   insts:25          cycles:3621       (2834460)  seconds:1     -- 0.01 IPC (0.01 IPC) --  N/A  KHz (0.03 KHz) 
**Core 02 Thread 35 Finished:   insts:25          cycles:3629       (2840724)  seconds:1     -- 0.01 IPC (0.01 IPC) --  N/A  KHz (0.03 KHz) 
**Core 03 Thread 33 Finished:   insts:25          cycles:3637       (2846988)  seconds:1     -- 0.01 IPC (0.01 IPC) --  N/A  KHz (0.03 KHz) 
**Core 02 Thread 36 Finished:   insts:25          cycles:3638       (2847771)  seconds:1     -- 0.01 IPC (0.01 IPC) --  N/A  KHz (0.03 KHz) 
**Core 02 Thread 37 Finished:   insts:25          cycles:3646       (2854035)  seconds:1     -- 0.01 IPC (0.01 IPC) --  N/A  KHz (0.03 KHz) 
**Core 02 Thread 38 Finished:   insts:25          cycles:3654       (2860299)  seconds:1     -- 0.01 IPC (0.01 IPC) --  N/A  KHz (0.03 KHz) 
**Core 02 Thread 39 Finished:   insts:25          cycles:3663       (2867346)  seconds:1     -- 0.01 IPC (0.01 IPC) --  N/A  KHz (0.03 KHz) 
**Core 02 Core_Total  Finished:   insts:1146        cycles:3663       (2867346) seconds:1     -- 0.31 IPC (0.31 IPC) --  N/A  KHz (1.15 KHz)
**Core 03 Thread 32 Finished:   insts:25          cycles:3670       (2872827)  seconds:1     -- 0.01 IPC (0.01 IPC) --  N/A  KHz (0.03 KHz) 
**Core 03 Thread 35 Finished:   insts:25          cycles:3678       (2879091)  seconds:1     -- 0.01 IPC (0.01 IPC) --  N/A  KHz (0.03 KHz) 
**Core 03 Thread 34 Finished:   insts:25          cycles:3686       (2885355)  seconds:1     -- 0.01 IPC (0.01 IPC) --  N/A  KHz (0.03 KHz) 
**Core 03 Thread 36 Finished:   insts:25          cycles:3694       (2891619)  seconds:1     -- 0.01 IPC (0.01 IPC) --  N/A  KHz (0.03 KHz) 
**Core 03 Thread 37 Finished:   insts:25          cycles:3702       (2897883)  seconds:1     -- 0.01 IPC (0.01 IPC) --  N/A  KHz (0.03 KHz) 
**Core 03 Thread 38 Finished:   insts:25          cycles:3710       (2904147)  seconds:1     -- 0.01 IPC (0.01 IPC) --  N/A  KHz (0.03 KHz) 
**Core 03 Thread 39 Finished:   insts:25          cycles:3718       (2910411)  seconds:1     -- 0.01 IPC (0.01 IPC) --  N/A  KHz (0.03 KHz) 
src/process_manager.cc:434: (I=20  C=2910411):  setup_process:0 /benchrun/macsim/cuda6-transpose/sm6_gtx1080/input-repeat1-dimx32-dimy32/results/traces/_Z14transposeNaivePfS_ii_1/Trace.txt current_index:5 (16)
trace:/benchrun/macsim/cuda6-transpose/sm6_gtx1080/input-repeat1-dimx32-dimy32/results/traces/_Z14transposeNaivePfS_ii_1/Trace.txt is opened 
src/process_manager.cc:541: (I=20  C=2910411):  thread_count:32
**Core 00 Thread 41 Finished:   insts:25          cycles:4157       (3254148)  seconds:1     -- 0.01 IPC (0.01 IPC) --  N/A  KHz (0.03 KHz) 
**Core 00 Thread 40 Finished:   insts:25          cycles:4174       (3267459)  seconds:1     -- 0.01 IPC (0.01 IPC) --  N/A  KHz (0.03 KHz) 
**Core 00 Thread 43 Finished:   insts:25          cycles:4195       (3283902)  seconds:1     -- 0.01 IPC (0.01 IPC) --  N/A  KHz (0.03 KHz) 
**Core 00 Thread 42 Finished:   insts:25          cycles:4230       (3311307)  seconds:1     -- 0.01 IPC (0.01 IPC) --  N/A  KHz (0.03 KHz) 
**Core 00 Thread 44 Finished:   insts:25          cycles:4276       (3347325)  seconds:1     -- 0.01 IPC (0.01 IPC) --  N/A  KHz (0.03 KHz) 
**Core 00 Thread 45 Finished:   insts:25          cycles:4296       (3362985)  seconds:1     -- 0.01 IPC (0.01 IPC) --  N/A  KHz (0.03 KHz) 
**Core 00 Thread 46 Finished:   insts:25          cycles:4322       (3383343)  seconds:1     -- 0.01 IPC (0.01 IPC) --  N/A  KHz (0.03 KHz) 
**Core 00 Thread 47 Finished:   insts:25          cycles:4338       (3395871)  seconds:1     -- 0.01 IPC (0.01 IPC) --  N/A  KHz (0.03 KHz) 
**Core 00 Core_Total  Finished:   insts:1346        cycles:4338       (3395871) seconds:1     -- 0.31 IPC (0.31 IPC) --  N/A  KHz (1.35 KHz)
**Core 01 Thread 41 Finished:   insts:25          cycles:4354       (3408399)  seconds:1     -- 0.01 IPC (0.01 IPC) --  N/A  KHz (0.03 KHz) 
**Core 01 Thread 40 Finished:   insts:25          cycles:4375       (3424842)  seconds:1     -- 0.01 IPC (0.01 IPC) --  N/A  KHz (0.03 KHz) 
**Core 01 Thread 43 Finished:   insts:25          cycles:4396       (3441285)  seconds:1     -- 0.01 IPC (0.01 IPC) --  N/A  KHz (0.03 KHz) 
**Core 01 Thread 42 Finished:   insts:25          cycles:4416       (3456945)  seconds:1     -- 0.01 IPC (0.01 IPC) --  N/A  KHz (0.03 KHz) 
**Core 01 Thread 44 Finished:   insts:25          cycles:4439       (3474954)  seconds:1     -- 0.01 IPC (0.01 IPC) --  N/A  KHz (0.03 KHz) 
**Core 01 Thread 45 Finished:   insts:25          cycles:4462       (3492963)  seconds:1     -- 0.01 IPC (0.01 IPC) --  N/A  KHz (0.03 KHz) 
**Core 01 Thread 46 Finished:   insts:25          cycles:4488       (3513321)  seconds:1     -- 0.01 IPC (0.01 IPC) --  N/A  KHz (0.03 KHz) 
**Core 03 Thread 40 Finished:   insts:25          cycles:4498       (3521151)  seconds:1     -- 0.01 IPC (0.01 IPC) --  N/A  KHz (0.03 KHz) 
**Core 01 Thread 47 Finished:   insts:25          cycles:4510       (3530547)  seconds:1     -- 0.01 IPC (0.01 IPC) --  N/A  KHz (0.03 KHz) 
**Core 01 Core_Total  Finished:   insts:1346        cycles:4510       (3530547) seconds:1     -- 0.30 IPC (0.30 IPC) --  N/A  KHz (1.35 KHz)
**Core 02 Thread 40 Finished:   insts:25          cycles:4511       (3531330)  seconds:1     -- 0.01 IPC (0.01 IPC) --  N/A  KHz (0.03 KHz) 
**Core 02 Thread 41 Finished:   insts:25          cycles:4519       (3537594)  seconds:1     -- 0.01 IPC (0.01 IPC) --  N/A  KHz (0.03 KHz) 
**Core 02 Thread 42 Finished:   insts:25          cycles:4528       (3544641)  seconds:1     -- 0.01 IPC (0.01 IPC) --  N/A  KHz (0.03 KHz) 
**Core 02 Thread 43 Finished:   insts:25          cycles:4536       (3550905)  seconds:1     -- 0.01 IPC (0.01 IPC) --  N/A  KHz (0.03 KHz) 
**Core 02 Thread 44 Finished:   insts:25          cycles:4544       (3557169)  seconds:1     -- 0.01 IPC (0.01 IPC) --  N/A  KHz (0.03 KHz) 
**Core 02 Thread 45 Finished:   insts:25          cycles:4553       (3564216)  seconds:1     -- 0.01 IPC (0.01 IPC) --  N/A  KHz (0.03 KHz) 
**Core 02 Thread 46 Finished:   insts:25          cycles:4561       (3570480)  seconds:1     -- 0.01 IPC (0.01 IPC) --  N/A  KHz (0.03 KHz) 
**Core 02 Thread 47 Finished:   insts:25          cycles:4570       (3577527)  seconds:1     -- 0.01 IPC (0.01 IPC) --  N/A  KHz (0.03 KHz) 
**Core 02 Core_Total  Finished:   insts:1346        cycles:4570       (3577527) seconds:1     -- 0.29 IPC (0.29 IPC) --  N/A  KHz (1.35 KHz)
**Core 03 Thread 41 Finished:   insts:25          cycles:4575       (3581442)  seconds:1     -- 0.01 IPC (0.01 IPC) --  N/A  KHz (0.03 KHz) 
**Core 03 Thread 42 Finished:   insts:25          cycles:4583       (3587706)  seconds:1     -- 0.01 IPC (0.01 IPC) --  N/A  KHz (0.03 KHz) 
**Core 03 Thread 43 Finished:   insts:25          cycles:4591       (3593970)  seconds:1     -- 0.01 IPC (0.01 IPC) --  N/A  KHz (0.03 KHz) 
**Core 03 Thread 44 Finished:   insts:25          cycles:4599       (3600234)  seconds:1     -- 0.01 IPC (0.01 IPC) --  N/A  KHz (0.03 KHz) 
**Core 03 Thread 45 Finished:   insts:25          cycles:4607       (3606498)  seconds:1     -- 0.01 IPC (0.01 IPC) --  N/A  KHz (0.03 KHz) 
**Core 03 Thread 46 Finished:   insts:25          cycles:4615       (3612762)  seconds:1     -- 0.01 IPC (0.01 IPC) --  N/A  KHz (0.03 KHz) 
**Core 03 Thread 47 Finished:   insts:25          cycles:4623       (3619026)  seconds:1     -- 0.01 IPC (0.01 IPC) --  N/A  KHz (0.03 KHz) 
src/process_manager.cc:434: (I=20  C=3619026):  setup_process:0 /benchrun/macsim/cuda6-transpose/sm6_gtx1080/input-repeat1-dimx32-dimy32/results/traces/_Z18transposeCoalescedPfS_ii_0/Trace.txt current_index:6 (16)
trace:/benchrun/macsim/cuda6-transpose/sm6_gtx1080/input-repeat1-dimx32-dimy32/results/traces/_Z18transposeCoalescedPfS_ii_0/Trace.txt is opened 
src/process_manager.cc:541: (I=20  C=3619026):  thread_count:32
**Core 03 Thread 49 Finished:   insts:39          cycles:5296       (4145985)  seconds:2     -- 0.01 IPC (0.01 IPC) --  N/A  KHz (0.02 KHz) 
**Core 03 Thread 48 Finished:   insts:39          cycles:5296       (4145985)  seconds:2     -- 0.01 IPC (0.01 IPC) --  N/A  KHz (0.02 KHz) 
**Core 01 Thread 49 Finished:   insts:39          cycles:5297       (4146768)  seconds:2     -- 0.01 IPC (0.01 IPC) --  N/A  KHz (0.02 KHz) 
**Core 01 Thread 48 Finished:   insts:39          cycles:5302       (4150683)  seconds:2     -- 0.01 IPC (0.01 IPC) --  N/A  KHz (0.02 KHz) 
**Core 03 Thread 51 Finished:   insts:39          cycles:5303       (4151466)  seconds:2     -- 0.01 IPC (0.01 IPC) --  N/A  KHz (0.02 KHz) 
**Core 00 Thread 49 Finished:   insts:39          cycles:5305       (4153032)  seconds:2     -- 0.01 IPC (0.01 IPC) --  N/A  KHz (0.02 KHz) 
**Core 02 Thread 48 Finished:   insts:39          cycles:5306       (4153815)  seconds:2     -- 0.01 IPC (0.01 IPC) --  N/A  KHz (0.02 KHz) 
**Core 00 Thread 48 Finished:   insts:39          cycles:5308       (4155381)  seconds:2     -- 0.01 IPC (0.01 IPC) --  N/A  KHz (0.02 KHz) 
**Core 02 Thread 49 Finished:   insts:39          cycles:5312       (4158513)  seconds:2     -- 0.01 IPC (0.01 IPC) --  N/A  KHz (0.02 KHz) 
**Core 03 Thread 50 Finished:   insts:39          cycles:5314       (4160079)  seconds:2     -- 0.01 IPC (0.01 IPC) --  N/A  KHz (0.02 KHz) 
**Core 01 Thread 51 Finished:   insts:39          cycles:5316       (4161645)  seconds:2     -- 0.01 IPC (0.01 IPC) --  N/A  KHz (0.02 KHz) 
**Core 00 Thread 51 Finished:   insts:39          cycles:5317       (4162428)  seconds:2     -- 0.01 IPC (0.01 IPC) --  N/A  KHz (0.02 KHz) 
**Core 01 Thread 50 Finished:   insts:39          cycles:5319       (4163994)  seconds:2     -- 0.01 IPC (0.01 IPC) --  N/A  KHz (0.02 KHz) 
**Core 03 Thread 53 Finished:   insts:39          cycles:5320       (4164777)  seconds:2     -- 0.01 IPC (0.01 IPC) --  N/A  KHz (0.02 KHz) 
**Core 02 Thread 50 Finished:   insts:39          cycles:5323       (4167126)  seconds:2     -- 0.01 IPC (0.01 IPC) --  N/A  KHz (0.02 KHz) 
**Core 00 Thread 50 Finished:   insts:39          cycles:5325       (4168692)  seconds:2     -- 0.01 IPC (0.01 IPC) --  N/A  KHz (0.02 KHz) 
**Core 01 Thread 53 Finished:   insts:39          cycles:5326       (4169475)  seconds:2     -- 0.01 IPC (0.01 IPC) --  N/A  KHz (0.02 KHz) 
**Core 02 Thread 51 Finished:   insts:39          cycles:5327       (4170258)  seconds:2     -- 0.01 IPC (0.01 IPC) --  N/A  KHz (0.02 KHz) 
**Core 01 Thread 52 Finished:   insts:39          cycles:5328       (4171041)  seconds:2     -- 0.01 IPC (0.01 IPC) --  N/A  KHz (0.02 KHz) 
**Core 03 Thread 52 Finished:   insts:39          cycles:5329       (4171824)  seconds:2     -- 0.01 IPC (0.01 IPC) --  N/A  KHz (0.02 KHz) 
**Core 00 Thread 53 Finished:   insts:39          cycles:5330       (4172607)  seconds:2     -- 0.01 IPC (0.01 IPC) --  N/A  KHz (0.02 KHz) 
**Core 00 Thread 52 Finished:   insts:39          cycles:5331       (4173390)  seconds:2     -- 0.01 IPC (0.01 IPC) --  N/A  KHz (0.02 KHz) 
**Core 01 Thread 55 Finished:   insts:39          cycles:5332       (4174173)  seconds:2     -- 0.01 IPC (0.01 IPC) --  N/A  KHz (0.02 KHz) 
**Core 02 Thread 52 Finished:   insts:39          cycles:5333       (4174956)  seconds:2     -- 0.01 IPC (0.01 IPC) --  N/A  KHz (0.02 KHz) 
**Core 02 Thread 53 Finished:   insts:39          cycles:5334       (4175739)  seconds:2     -- 0.01 IPC (0.01 IPC) --  N/A  KHz (0.02 KHz) 
**Core 00 Thread 55 Finished:   insts:39          cycles:5335       (4176522)  seconds:2     -- 0.01 IPC (0.01 IPC) --  N/A  KHz (0.02 KHz) 
**Core 03 Thread 55 Finished:   insts:39          cycles:5336       (4177305)  seconds:2     -- 0.01 IPC (0.01 IPC) --  N/A  KHz (0.02 KHz) 
**Core 00 Thread 54 Finished:   insts:39          cycles:5337       (4178088)  seconds:2     -- 0.01 IPC (0.01 IPC) --  N/A  KHz (0.02 KHz) 
**Core 00 Core_Total  Finished:   insts:1658        cycles:5337       (4178088) seconds:2     -- 0.31 IPC (0.31 IPC) --  N/A  KHz (0.83 KHz)
**Core 01 Thread 54 Finished:   insts:39          cycles:5338       (4178871)  seconds:2     -- 0.01 IPC (0.01 IPC) --  N/A  KHz (0.02 KHz) 
**Core 01 Core_Total  Finished:   insts:1658        cycles:5338       (4178871) seconds:2     -- 0.31 IPC (0.31 IPC) --  N/A  KHz (0.83 KHz)
**Core 02 Thread 54 Finished:   insts:39          cycles:5339       (4179654)  seconds:2     -- 0.01 IPC (0.01 IPC) --  N/A  KHz (0.02 KHz) 
**Core 02 Thread 55 Finished:   insts:39          cycles:5340       (4180437)  seconds:2     -- 0.01 IPC (0.01 IPC) --  N/A  KHz (0.02 KHz) 
**Core 02 Core_Total  Finished:   insts:1658        cycles:5340       (4180437) seconds:2     -- 0.31 IPC (0.31 IPC) --  N/A  KHz (0.83 KHz)
**Core 03 Thread 54 Finished:   insts:39          cycles:5341       (4181220)  seconds:2     -- 0.01 IPC (0.01 IPC) --  N/A  KHz (0.02 KHz) 
src/process_manager.cc:434: (I=20  C=4181220):  setup_process:0 /benchrun/macsim/cuda6-transpose/sm6_gtx1080/input-repeat1-dimx32-dimy32/results/traces/_Z18transposeCoalescedPfS_ii_1/Trace.txt current_index:7 (16)
trace:/benchrun/macsim/cuda6-transpose/sm6_gtx1080/input-repeat1-dimx32-dimy32/results/traces/_Z18transposeCoalescedPfS_ii_1/Trace.txt is opened 
src/process_manager.cc:541: (I=20  C=4181220):  thread_count:32
**Core 00 Thread 57 Finished:   insts:39          cycles:6016       (4709745)  seconds:2     -- 0.01 IPC (0.01 IPC) --  N/A  KHz (0.02 KHz) 
**Core 01 Thread 57 Finished:   insts:39          cycles:6016       (4709745)  seconds:2     -- 0.01 IPC (0.01 IPC) --  N/A  KHz (0.02 KHz) 
**Core 02 Thread 57 Finished:   insts:39          cycles:6018       (4711311)  seconds:2     -- 0.01 IPC (0.01 IPC) --  N/A  KHz (0.02 KHz) 
**Core 00 Thread 56 Finished:   insts:39          cycles:6019       (4712094)  seconds:2     -- 0.01 IPC (0.01 IPC) --  N/A  KHz (0.02 KHz) 
**Core 01 Thread 56 Finished:   insts:39          cycles:6022       (4714443)  seconds:2     -- 0.01 IPC (0.01 IPC) --  N/A  KHz (0.02 KHz) 
**Core 02 Thread 56 Finished:   insts:39          cycles:6024       (4716009)  seconds:2     -- 0.01 IPC (0.01 IPC) --  N/A  KHz (0.02 KHz) 
**Core 03 Thread 57 Finished:   insts:39          cycles:6027       (4718358)  seconds:2     -- 0.01 IPC (0.01 IPC) --  N/A  KHz (0.02 KHz) 
**Core 03 Thread 56 Finished:   insts:39          cycles:6028       (4719141)  seconds:2     -- 0.01 IPC (0.01 IPC) --  N/A  KHz (0.02 KHz) 
**Core 00 Thread 59 Finished:   insts:39          cycles:6029       (4719924)  seconds:2     -- 0.01 IPC (0.01 IPC) --  N/A  KHz (0.02 KHz) 
**Core 01 Thread 59 Finished:   insts:39          cycles:6030       (4720707)  seconds:2     -- 0.01 IPC (0.01 IPC) --  N/A  KHz (0.02 KHz) 
**Core 02 Thread 59 Finished:   insts:39          cycles:6032       (4722273)  seconds:2     -- 0.01 IPC (0.01 IPC) --  N/A  KHz (0.02 KHz) 
**Core 00 Thread 58 Finished:   insts:39          cycles:6035       (4724622)  seconds:2     -- 0.01 IPC (0.01 IPC) --  N/A  KHz (0.02 KHz) 
**Core 01 Thread 58 Finished:   insts:39          cycles:6036       (4725405)  seconds:2     -- 0.01 IPC (0.01 IPC) --  N/A  KHz (0.02 KHz) 
**Core 02 Thread 58 Finished:   insts:39          cycles:6038       (4726971)  seconds:2     -- 0.01 IPC (0.01 IPC) --  N/A  KHz (0.02 KHz) 
**Core 03 Thread 59 Finished:   insts:39          cycles:6039       (4727754)  seconds:2     -- 0.01 IPC (0.01 IPC) --  N/A  KHz (0.02 KHz) 
**Core 03 Thread 58 Finished:   insts:39          cycles:6041       (4729320)  seconds:2     -- 0.01 IPC (0.01 IPC) --  N/A  KHz (0.02 KHz) 
**Core 00 Thread 61 Finished:   insts:39          cycles:6044       (4731669)  seconds:2     -- 0.01 IPC (0.01 IPC) --  N/A  KHz (0.02 KHz) 
**Core 01 Thread 61 Finished:   insts:39          cycles:6045       (4732452)  seconds:2     -- 0.01 IPC (0.01 IPC) --  N/A  KHz (0.02 KHz) 
**Core 01 Thread 60 Finished:   insts:39          cycles:6048       (4734801)  seconds:2     -- 0.01 IPC (0.01 IPC) --  N/A  KHz (0.02 KHz) 
**Core 02 Thread 61 Finished:   insts:39          cycles:6048       (4734801)  seconds:2     -- 0.01 IPC (0.01 IPC) --  N/A  KHz (0.02 KHz) 
**Core 00 Thread 60 Finished:   insts:39          cycles:6049       (4735584)  seconds:2     -- 0.01 IPC (0.01 IPC) --  N/A  KHz (0.02 KHz) 
**Core 03 Thread 61 Finished:   insts:39          cycles:6050       (4736367)  seconds:2     -- 0.01 IPC (0.01 IPC) --  N/A  KHz (0.02 KHz) 
**Core 00 Thread 63 Finished:   insts:39          cycles:6051       (4737150)  seconds:2     -- 0.01 IPC (0.01 IPC) --  N/A  KHz (0.02 KHz) 
**Core 00 Thread 62 Finished:   insts:39          cycles:6052       (4737933)  seconds:2     -- 0.01 IPC (0.01 IPC) --  N/A  KHz (0.02 KHz) 
**Core 00 Core_Total  Finished:   insts:1970        cycles:6052       (4737933) seconds:2     -- 0.33 IPC (0.33 IPC) --  N/A  KHz (0.98 KHz)
**Core 01 Thread 63 Finished:   insts:39          cycles:6053       (4738716)  seconds:2     -- 0.01 IPC (0.01 IPC) --  N/A  KHz (0.02 KHz) 
**Core 01 Thread 62 Finished:   insts:39          cycles:6054       (4739499)  seconds:2     -- 0.01 IPC (0.01 IPC) --  N/A  KHz (0.02 KHz) 
**Core 01 Core_Total  Finished:   insts:1970        cycles:6054       (4739499) seconds:2     -- 0.33 IPC (0.33 IPC) --  N/A  KHz (0.98 KHz)
**Core 02 Thread 60 Finished:   insts:39          cycles:6055       (4740282)  seconds:2     -- 0.01 IPC (0.01 IPC) --  N/A  KHz (0.02 KHz) 
**Core 02 Thread 63 Finished:   insts:39          cycles:6056       (4741065)  seconds:2     -- 0.01 IPC (0.01 IPC) --  N/A  KHz (0.02 KHz) 
**Core 02 Thread 62 Finished:   insts:39          cycles:6057       (4741848)  seconds:2     -- 0.01 IPC (0.01 IPC) --  N/A  KHz (0.02 KHz) 
**Core 02 Core_Total  Finished:   insts:1970        cycles:6057       (4741848) seconds:2     -- 0.33 IPC (0.33 IPC) --  N/A  KHz (0.98 KHz)
**Core 03 Thread 60 Finished:   insts:39          cycles:6058       (4742631)  seconds:2     -- 0.01 IPC (0.01 IPC) --  N/A  KHz (0.02 KHz) 
**Core 03 Thread 63 Finished:   insts:39          cycles:6059       (4743414)  seconds:2     -- 0.01 IPC (0.01 IPC) --  N/A  KHz (0.02 KHz) 
**Core 03 Thread 62 Finished:   insts:39          cycles:6061       (4744980)  seconds:2     -- 0.01 IPC (0.01 IPC) --  N/A  KHz (0.02 KHz) 
src/process_manager.cc:434: (I=20  C=4744980):  setup_process:0 /benchrun/macsim/cuda6-transpose/sm6_gtx1080/input-repeat1-dimx32-dimy32/results/traces/_Z24transposeNoBankConflictsPfS_ii_0/Trace.txt current_index:8 (16)
trace:/benchrun/macsim/cuda6-transpose/sm6_gtx1080/input-repeat1-dimx32-dimy32/results/traces/_Z24transposeNoBankConflictsPfS_ii_0/Trace.txt is opened 
src/process_manager.cc:541: (I=20  C=4744980):  thread_count:32
**Core 00 Thread 64 Finished:   insts:39          cycles:6769       (5299344)  seconds:2     -- 0.01 IPC (0.01 IPC) --  N/A  KHz (0.02 KHz) 
**Core 00 Thread 65 Finished:   insts:39          cycles:6770       (5300127)  seconds:2     -- 0.01 IPC (0.01 IPC) --  N/A  KHz (0.02 KHz) 
**Core 02 Thread 64 Finished:   insts:39          cycles:6771       (5300910)  seconds:2     -- 0.01 IPC (0.01 IPC) --  N/A  KHz (0.02 KHz) 
**Core 02 Thread 65 Finished:   insts:39          cycles:6774       (5303259)  seconds:2     -- 0.01 IPC (0.01 IPC) --  N/A  KHz (0.02 KHz) 
**Core 03 Thread 64 Finished:   insts:39          cycles:6776       (5304825)  seconds:2     -- 0.01 IPC (0.01 IPC) --  N/A  KHz (0.02 KHz) 
**Core 01 Thread 64 Finished:   insts:39          cycles:6779       (5307174)  seconds:2     -- 0.01 IPC (0.01 IPC) --  N/A  KHz (0.02 KHz) 
**Core 03 Thread 65 Finished:   insts:39          cycles:6781       (5308740)  seconds:2     -- 0.01 IPC (0.01 IPC) --  N/A  KHz (0.02 KHz) 
**Core 00 Thread 66 Finished:   insts:39          cycles:6782       (5309523)  seconds:2     -- 0.01 IPC (0.01 IPC) --  N/A  KHz (0.02 KHz) 
**Core 00 Thread 67 Finished:   insts:39          cycles:6784       (5311089)  seconds:2     -- 0.01 IPC (0.01 IPC) --  N/A  KHz (0.02 KHz) 
**Core 01 Thread 65 Finished:   insts:39          cycles:6785       (5311872)  seconds:2     -- 0.01 IPC (0.01 IPC) --  N/A  KHz (0.02 KHz) 
**Core 02 Thread 66 Finished:   insts:39          cycles:6787       (5313438)  seconds:2     -- 0.01 IPC (0.01 IPC) --  N/A  KHz (0.02 KHz) 
**Core 02 Thread 67 Finished:   insts:39          cycles:6790       (5315787)  seconds:2     -- 0.01 IPC (0.01 IPC) --  N/A  KHz (0.02 KHz) 
**Core 03 Thread 66 Finished:   insts:39          cycles:6791       (5316570)  seconds:2     -- 0.01 IPC (0.01 IPC) --  N/A  KHz (0.02 KHz) 
**Core 00 Thread 69 Finished:   insts:39          cycles:6793       (5318136)  seconds:2     -- 0.01 IPC (0.01 IPC) --  N/A  KHz (0.02 KHz) 
**Core 00 Thread 68 Finished:   insts:39          cycles:6794       (5318919)  seconds:2     -- 0.01 IPC (0.01 IPC) --  N/A  KHz (0.02 KHz) 
**Core 01 Thread 66 Finished:   insts:39          cycles:6800       (5323617)  seconds:2     -- 0.01 IPC (0.01 IPC) --  N/A  KHz (0.02 KHz) 
**Core 01 Thread 67 Finished:   insts:39          cycles:6801       (5324400)  seconds:2     -- 0.01 IPC (0.01 IPC) --  N/A  KHz (0.02 KHz) 
**Core 02 Thread 69 Finished:   insts:39          cycles:6801       (5324400)  seconds:2     -- 0.01 IPC (0.01 IPC) --  N/A  KHz (0.02 KHz) 
**Core 00 Thread 71 Finished:   insts:39          cycles:6802       (5325183)  seconds:2     -- 0.01 IPC (0.01 IPC) --  N/A  KHz (0.02 KHz) 
**Core 03 Thread 67 Finished:   insts:39          cycles:6803       (5325966)  seconds:2     -- 0.01 IPC (0.01 IPC) --  N/A  KHz (0.02 KHz) 
**Core 00 Thread 70 Finished:   insts:39          cycles:6804       (5326749)  seconds:2     -- 0.01 IPC (0.01 IPC) --  N/A  KHz (0.02 KHz) 
**Core 00 Core_Total  Finished:   insts:2282        cycles:6804       (5326749) seconds:2     -- 0.34 IPC (0.34 IPC) --  N/A  KHz (1.14 KHz)
**Core 01 Thread 68 Finished:   insts:39          cycles:6805       (5327532)  seconds:2     -- 0.01 IPC (0.01 IPC) --  N/A  KHz (0.02 KHz) 
**Core 01 Thread 69 Finished:   insts:39          cycles:6806       (5328315)  seconds:2     -- 0.01 IPC (0.01 IPC) --  N/A  KHz (0.02 KHz) 
**Core 02 Thread 68 Finished:   insts:39          cycles:6807       (5329098)  seconds:2     -- 0.01 IPC (0.01 IPC) --  N/A  KHz (0.02 KHz) 
**Core 01 Thread 70 Finished:   insts:39          cycles:6808       (5329881)  seconds:2     -- 0.01 IPC (0.01 IPC) --  N/A  KHz (0.02 KHz) 
**Core 01 Thread 71 Finished:   insts:39          cycles:6809       (5330664)  seconds:2     -- 0.01 IPC (0.01 IPC) --  N/A  KHz (0.02 KHz) 
**Core 01 Core_Total  Finished:   insts:2282        cycles:6809       (5330664) seconds:2     -- 0.34 IPC (0.34 IPC) --  N/A  KHz (1.14 KHz)
**Core 02 Thread 71 Finished:   insts:39          cycles:6810       (5331447)  seconds:2     -- 0.01 IPC (0.01 IPC) --  N/A  KHz (0.02 KHz) 
**Core 02 Thread 70 Finished:   insts:39          cycles:6811       (5332230)  seconds:2     -- 0.01 IPC (0.01 IPC) --  N/A  KHz (0.02 KHz) 
**Core 02 Core_Total  Finished:   insts:2282        cycles:6811       (5332230) seconds:2     -- 0.34 IPC (0.34 IPC) --  N/A  KHz (1.14 KHz)
**Core 03 Thread 68 Finished:   insts:39          cycles:6812       (5333013)  seconds:2     -- 0.01 IPC (0.01 IPC) --  N/A  KHz (0.02 KHz) 
**Core 03 Thread 69 Finished:   insts:39          cycles:6813       (5333796)  seconds:2     -- 0.01 IPC (0.01 IPC) --  N/A  KHz (0.02 KHz) 
**Core 03 Thread 70 Finished:   insts:39          cycles:6814       (5334579)  seconds:2     -- 0.01 IPC (0.01 IPC) --  N/A  KHz (0.02 KHz) 
**Core 03 Thread 71 Finished:   insts:39          cycles:6815       (5335362)  seconds:2     -- 0.01 IPC (0.01 IPC) --  N/A  KHz (0.02 KHz) 
src/process_manager.cc:434: (I=20  C=5335362):  setup_process:0 /benchrun/macsim/cuda6-transpose/sm6_gtx1080/input-repeat1-dimx32-dimy32/results/traces/_Z24transposeNoBankConflictsPfS_ii_1/Trace.txt current_index:9 (16)
trace:/benchrun/macsim/cuda6-transpose/sm6_gtx1080/input-repeat1-dimx32-dimy32/results/traces/_Z24transposeNoBankConflictsPfS_ii_1/Trace.txt is opened 
src/process_manager.cc:541: (I=20  C=5335362):  thread_count:32
**Core 03 Thread 72 Finished:   insts:39          cycles:7522       (5888943)  seconds:2     -- 0.01 IPC (0.01 IPC) --  N/A  KHz (0.02 KHz) 
**Core 00 Thread 72 Finished:   insts:39          cycles:7524       (5890509)  seconds:2     -- 0.01 IPC (0.01 IPC) --  N/A  KHz (0.02 KHz) 
**Core 00 Thread 73 Finished:   insts:39          cycles:7526       (5892075)  seconds:2     -- 0.01 IPC (0.01 IPC) --  N/A  KHz (0.02 KHz) 
**Core 03 Thread 73 Finished:   insts:39          cycles:7529       (5894424)  seconds:2     -- 0.01 IPC (0.01 IPC) --  N/A  KHz (0.02 KHz) 
**Core 03 Thread 74 Finished:   insts:39          cycles:7531       (5895990)  seconds:2     -- 0.01 IPC (0.01 IPC) --  N/A  KHz (0.02 KHz) 
**Core 01 Thread 72 Finished:   insts:39          cycles:7534       (5898339)  seconds:2     -- 0.01 IPC (0.01 IPC) --  N/A  KHz (0.02 KHz) 
**Core 02 Thread 72 Finished:   insts:39          cycles:7535       (5899122)  seconds:2     -- 0.01 IPC (0.01 IPC) --  N/A  KHz (0.02 KHz) 
**Core 02 Thread 73 Finished:   insts:39          cycles:7537       (5900688)  seconds:2     -- 0.01 IPC (0.01 IPC) --  N/A  KHz (0.02 KHz) 
**Core 01 Thread 73 Finished:   insts:39          cycles:7538       (5901471)  seconds:2     -- 0.01 IPC (0.01 IPC) --  N/A  KHz (0.02 KHz) 
**Core 03 Thread 75 Finished:   insts:39          cycles:7540       (5903037)  seconds:2     -- 0.01 IPC (0.01 IPC) --  N/A  KHz (0.02 KHz) 
**Core 00 Thread 74 Finished:   insts:39          cycles:7543       (5905386)  seconds:2     -- 0.01 IPC (0.01 IPC) --  N/A  KHz (0.02 KHz) 
**Core 00 Thread 75 Finished:   insts:39          cycles:7544       (5906169)  seconds:2     -- 0.01 IPC (0.01 IPC) --  N/A  KHz (0.02 KHz) 
**Core 03 Thread 76 Finished:   insts:39          cycles:7547       (5908518)  seconds:2     -- 0.01 IPC (0.01 IPC) --  N/A  KHz (0.02 KHz) 
**Core 03 Thread 77 Finished:   insts:39          cycles:7549       (5910084)  seconds:2     -- 0.01 IPC (0.01 IPC) --  N/A  KHz (0.02 KHz) 
**Core 01 Thread 74 Finished:   insts:39          cycles:7552       (5912433)  seconds:2     -- 0.01 IPC (0.01 IPC) --  N/A  KHz (0.02 KHz) 
**Core 02 Thread 74 Finished:   insts:39          cycles:7553       (5913216)  seconds:2     -- 0.01 IPC (0.01 IPC) --  N/A  KHz (0.02 KHz) 
**Core 00 Thread 77 Finished:   insts:39          cycles:7554       (5913999)  seconds:2     -- 0.01 IPC (0.01 IPC) --  N/A  KHz (0.02 KHz) 
**Core 02 Thread 75 Finished:   insts:39          cycles:7555       (5914782)  seconds:2     -- 0.01 IPC (0.01 IPC) --  N/A  KHz (0.02 KHz) 
**Core 00 Thread 76 Finished:   insts:39          cycles:7556       (5915565)  seconds:2     -- 0.01 IPC (0.01 IPC) --  N/A  KHz (0.02 KHz) 
**Core 03 Thread 78 Finished:   insts:39          cycles:7557       (5916348)  seconds:2     -- 0.01 IPC (0.01 IPC) --  N/A  KHz (0.02 KHz) 
**Core 00 Thread 79 Finished:   insts:39          cycles:7558       (5917131)  seconds:2     -- 0.01 IPC (0.01 IPC) --  N/A  KHz (0.02 KHz) 
**Core 00 Thread 78 Finished:   insts:39          cycles:7559       (5917914)  seconds:2     -- 0.01 IPC (0.01 IPC) --  N/A  KHz (0.02 KHz) 
**Core 00 Core_Total  Finished:   insts:2594        cycles:7559       (5917914) seconds:2     -- 0.34 IPC (0.34 IPC) --  N/A  KHz (1.30 KHz)
**Core 01 Thread 75 Finished:   insts:39          cycles:7560       (5918697)  seconds:2     -- 0.01 IPC (0.01 IPC) --  N/A  KHz (0.02 KHz) 
**Core 01 Thread 76 Finished:   insts:39          cycles:7561       (5919480)  seconds:2     -- 0.01 IPC (0.01 IPC) --  N/A  KHz (0.02 KHz) 
**Core 01 Thread 77 Finished:   insts:39          cycles:7562       (5920263)  seconds:2     -- 0.01 IPC (0.01 IPC) --  N/A  KHz (0.02 KHz) 
**Core 01 Thread 78 Finished:   insts:39          cycles:7563       (5921046)  seconds:2     -- 0.01 IPC (0.01 IPC) --  N/A  KHz (0.02 KHz) 
**Core 01 Thread 79 Finished:   insts:39          cycles:7564       (5921829)  seconds:2     -- 0.01 IPC (0.01 IPC) --  N/A  KHz (0.02 KHz) 
**Core 01 Core_Total  Finished:   insts:2594        cycles:7564       (5921829) seconds:2     -- 0.34 IPC (0.34 IPC) --  N/A  KHz (1.30 KHz)
**Core 02 Thread 77 Finished:   insts:39          cycles:7565       (5922612)  seconds:2     -- 0.01 IPC (0.01 IPC) --  N/A  KHz (0.02 KHz) 
**Core 02 Thread 76 Finished:   insts:39          cycles:7566       (5923395)  seconds:2     -- 0.01 IPC (0.01 IPC) --  N/A  KHz (0.02 KHz) 
**Core 02 Thread 79 Finished:   insts:39          cycles:7567       (5924178)  seconds:2     -- 0.01 IPC (0.01 IPC) --  N/A  KHz (0.02 KHz) 
**Core 02 Thread 78 Finished:   insts:39          cycles:7568       (5924961)  seconds:2     -- 0.01 IPC (0.01 IPC) --  N/A  KHz (0.02 KHz) 
**Core 02 Core_Total  Finished:   insts:2594        cycles:7568       (5924961) seconds:2     -- 0.34 IPC (0.34 IPC) --  N/A  KHz (1.30 KHz)
**Core 03 Thread 79 Finished:   insts:39          cycles:7569       (5925744)  seconds:2     -- 0.01 IPC (0.01 IPC) --  N/A  KHz (0.02 KHz) 
src/process_manager.cc:434: (I=20  C=5925744):  setup_process:0 /benchrun/macsim/cuda6-transpose/sm6_gtx1080/input-repeat1-dimx32-dimy32/results/traces/_Z22transposeCoarseGrainedPfS_ii_0/Trace.txt current_index:10 (16)
trace:/benchrun/macsim/cuda6-transpose/sm6_gtx1080/input-repeat1-dimx32-dimy32/results/traces/_Z22transposeCoarseGrainedPfS_ii_0/Trace.txt is opened 
src/process_manager.cc:541: (I=20  C=5925744):  thread_count:32
**Core 02 Thread 80 Finished:   insts:35          cycles:8221       (6436260)  seconds:3     -- 0.00 IPC (0.00 IPC) --  N/A  KHz (0.01 KHz) 
**Core 02 Thread 81 Finished:   insts:35          cycles:8227       (6440958)  seconds:3     -- 0.00 IPC (0.00 IPC) --  N/A  KHz (0.01 KHz) 
**Core 00 Thread 80 Finished:   insts:35          cycles:8230       (6443307)  seconds:3     -- 0.00 IPC (0.00 IPC) --  N/A  KHz (0.01 KHz) 
**Core 02 Thread 82 Finished:   insts:35          cycles:8230       (6443307)  seconds:3     -- 0.00 IPC (0.00 IPC) --  N/A  KHz (0.01 KHz) 
**Core 00 Thread 81 Finished:   insts:35          cycles:8232       (6444873)  seconds:3     -- 0.00 IPC (0.00 IPC) --  N/A  KHz (0.01 KHz) 
**Core 02 Thread 83 Finished:   insts:35          cycles:8233       (6445656)  seconds:3     -- 0.00 IPC (0.00 IPC) --  N/A  KHz (0.01 KHz) 
**Core 00 Thread 82 Finished:   insts:35          cycles:8235       (6447222)  seconds:3     -- 0.00 IPC (0.00 IPC) --  N/A  KHz (0.01 KHz) 
**Core 03 Thread 81 Finished:   insts:35          cycles:8236       (6448005)  seconds:3     -- 0.00 IPC (0.00 IPC) --  N/A  KHz (0.01 KHz) 
**Core 02 Thread 84 Finished:   insts:35          cycles:8238       (6449571)  seconds:3     -- 0.00 IPC (0.00 IPC) --  N/A  KHz (0.01 KHz) 
**Core 00 Thread 83 Finished:   insts:35          cycles:8239       (6450354)  seconds:3     -- 0.00 IPC (0.00 IPC) --  N/A  KHz (0.01 KHz) 
**Core 01 Thread 80 Finished:   insts:35          cycles:8241       (6451920)  seconds:3     -- 0.00 IPC (0.00 IPC) --  N/A  KHz (0.01 KHz) 
**Core 02 Thread 85 Finished:   insts:35          cycles:8244       (6454269)  seconds:3     -- 0.00 IPC (0.00 IPC) --  N/A  KHz (0.01 KHz) 
**Core 00 Thread 84 Finished:   insts:35          cycles:8245       (6455052)  seconds:3     -- 0.00 IPC (0.00 IPC) --  N/A  KHz (0.01 KHz) 
**Core 01 Thread 81 Finished:   insts:35          cycles:8247       (6456618)  seconds:3     -- 0.00 IPC (0.00 IPC) --  N/A  KHz (0.01 KHz) 
**Core 02 Thread 86 Finished:   insts:35          cycles:8248       (6457401)  seconds:3     -- 0.00 IPC (0.00 IPC) --  N/A  KHz (0.01 KHz) 
**Core 03 Thread 83 Finished:   insts:35          cycles:8249       (6458184)  seconds:3     -- 0.00 IPC (0.00 IPC) --  N/A  KHz (0.01 KHz) 
**Core 00 Thread 85 Finished:   insts:35          cycles:8250       (6458967)  seconds:3     -- 0.00 IPC (0.00 IPC) --  N/A  KHz (0.01 KHz) 
**Core 01 Thread 82 Finished:   insts:35          cycles:8251       (6459750)  seconds:3     -- 0.00 IPC (0.00 IPC) --  N/A  KHz (0.01 KHz) 
**Core 02 Thread 87 Finished:   insts:35          cycles:8252       (6460533)  seconds:3     -- 0.00 IPC (0.00 IPC) --  N/A  KHz (0.01 KHz) 
**Core 02 Core_Total  Finished:   insts:2874        cycles:8252       (6460533) seconds:3     -- 0.35 IPC (0.35 IPC) --  N/A  KHz (0.96 KHz)
**Core 00 Thread 86 Finished:   insts:35          cycles:8253       (6461316)  seconds:3     -- 0.00 IPC (0.00 IPC) --  N/A  KHz (0.01 KHz) 
**Core 03 Thread 80 Finished:   insts:35          cycles:8254       (6462099)  seconds:3     -- 0.00 IPC (0.00 IPC) --  N/A  KHz (0.01 KHz) 
**Core 01 Thread 83 Finished:   insts:35          cycles:8255       (6462882)  seconds:3     -- 0.00 IPC (0.00 IPC) --  N/A  KHz (0.01 KHz) 
**Core 00 Thread 87 Finished:   insts:35          cycles:8256       (6463665)  seconds:3     -- 0.00 IPC (0.00 IPC) --  N/A  KHz (0.01 KHz) 
**Core 00 Core_Total  Finished:   insts:2874        cycles:8256       (6463665) seconds:3     -- 0.35 IPC (0.35 IPC) --  N/A  KHz (0.96 KHz)
**Core 03 Thread 82 Finished:   insts:35          cycles:8257       (6464448)  seconds:3     -- 0.00 IPC (0.00 IPC) --  N/A  KHz (0.01 KHz) 
**Core 01 Thread 84 Finished:   insts:35          cycles:8258       (6465231)  seconds:3     -- 0.00 IPC (0.00 IPC) --  N/A  KHz (0.01 KHz) 
**Core 01 Thread 85 Finished:   insts:35          cycles:8259       (6466014)  seconds:3     -- 0.00 IPC (0.00 IPC) --  N/A  KHz (0.01 KHz) 
**Core 01 Thread 86 Finished:   insts:35          cycles:8260       (6466797)  seconds:3     -- 0.00 IPC (0.00 IPC) --  N/A  KHz (0.01 KHz) 
**Core 01 Thread 87 Finished:   insts:35          cycles:8261       (6467580)  seconds:3     -- 0.00 IPC (0.00 IPC) --  N/A  KHz (0.01 KHz) 
**Core 01 Core_Total  Finished:   insts:2874        cycles:8261       (6467580) seconds:3     -- 0.35 IPC (0.35 IPC) --  N/A  KHz (0.96 KHz)
**Core 03 Thread 84 Finished:   insts:35          cycles:8262       (6468363)  seconds:3     -- 0.00 IPC (0.00 IPC) --  N/A  KHz (0.01 KHz) 
**Core 03 Thread 85 Finished:   insts:35          cycles:8263       (6469146)  seconds:3     -- 0.00 IPC (0.00 IPC) --  N/A  KHz (0.01 KHz) 
**Core 03 Thread 86 Finished:   insts:35          cycles:8264       (6469929)  seconds:3     -- 0.00 IPC (0.00 IPC) --  N/A  KHz (0.01 KHz) 
**Core 03 Thread 87 Finished:   insts:35          cycles:8265       (6470712)  seconds:3     -- 0.00 IPC (0.00 IPC) --  N/A  KHz (0.01 KHz) 
src/process_manager.cc:434: (I=20  C=6470712):  setup_process:0 /benchrun/macsim/cuda6-transpose/sm6_gtx1080/input-repeat1-dimx32-dimy32/results/traces/_Z22transposeCoarseGrainedPfS_ii_1/Trace.txt current_index:11 (16)
trace:/benchrun/macsim/cuda6-transpose/sm6_gtx1080/input-repeat1-dimx32-dimy32/results/traces/_Z22transposeCoarseGrainedPfS_ii_1/Trace.txt is opened 
src/process_manager.cc:541: (I=20  C=6470712):  thread_count:32
**Core 00 Thread 88 Finished:   insts:35          cycles:8918       (6982011)  seconds:3     -- 0.00 IPC (0.00 IPC) --  N/A  KHz (0.01 KHz) 
**Core 00 Thread 89 Finished:   insts:35          cycles:8920       (6983577)  seconds:3     -- 0.00 IPC (0.00 IPC) --  N/A  KHz (0.01 KHz) 
**Core 00 Thread 90 Finished:   insts:35          cycles:8923       (6985926)  seconds:3     -- 0.00 IPC (0.00 IPC) --  N/A  KHz (0.01 KHz) 
**Core 00 Thread 91 Finished:   insts:35          cycles:8928       (6989841)  seconds:3     -- 0.00 IPC (0.00 IPC) --  N/A  KHz (0.01 KHz) 
**Core 03 Thread 89 Finished:   insts:35          cycles:8929       (6990624)  seconds:3     -- 0.00 IPC (0.00 IPC) --  N/A  KHz (0.01 KHz) 
**Core 00 Thread 92 Finished:   insts:35          cycles:8931       (6992190)  seconds:3     -- 0.00 IPC (0.00 IPC) --  N/A  KHz (0.01 KHz) 
**Core 01 Thread 88 Finished:   insts:35          cycles:8932       (6992973)  seconds:3     -- 0.00 IPC (0.00 IPC) --  N/A  KHz (0.01 KHz) 
**Core 02 Thread 88 Finished:   insts:35          cycles:8934       (6994539)  seconds:3     -- 0.00 IPC (0.00 IPC) --  N/A  KHz (0.01 KHz) 
**Core 00 Thread 93 Finished:   insts:35          cycles:8937       (6996888)  seconds:3     -- 0.00 IPC (0.00 IPC) --  N/A  KHz (0.01 KHz) 
**Core 01 Thread 89 Finished:   insts:35          cycles:8938       (6997671)  seconds:3     -- 0.00 IPC (0.00 IPC) --  N/A  KHz (0.01 KHz) 
**Core 00 Thread 94 Finished:   insts:35          cycles:8940       (6999237)  seconds:3     -- 0.00 IPC (0.00 IPC) --  N/A  KHz (0.01 KHz) 
**Core 02 Thread 89 Finished:   insts:35          cycles:8941       (7000020)  seconds:3     -- 0.00 IPC (0.00 IPC) --  N/A  KHz (0.01 KHz) 
**Core 01 Thread 90 Finished:   insts:35          cycles:8944       (7002369)  seconds:3     -- 0.00 IPC (0.00 IPC) --  N/A  KHz (0.01 KHz) 
**Core 02 Thread 90 Finished:   insts:35          cycles:8945       (7003152)  seconds:3     -- 0.00 IPC (0.00 IPC) --  N/A  KHz (0.01 KHz) 
**Core 00 Thread 95 Finished:   insts:35          cycles:8946       (7003935)  seconds:3     -- 0.00 IPC (0.00 IPC) --  N/A  KHz (0.01 KHz) 
**Core 00 Core_Total  Finished:   insts:3154        cycles:8946       (7003935) seconds:3     -- 0.35 IPC (0.35 IPC) --  N/A  KHz (1.05 KHz)
**Core 03 Thread 91 Finished:   insts:35          cycles:8947       (7004718)  seconds:3     -- 0.00 IPC (0.00 IPC) --  N/A  KHz (0.01 KHz) 
**Core 02 Thread 91 Finished:   insts:35          cycles:8948       (7005501)  seconds:3     -- 0.00 IPC (0.00 IPC) --  N/A  KHz (0.01 KHz) 
**Core 01 Thread 91 Finished:   insts:35          cycles:8949       (7006284)  seconds:3     -- 0.00 IPC (0.00 IPC) --  N/A  KHz (0.01 KHz) 
**Core 03 Thread 88 Finished:   insts:35          cycles:8950       (7007067)  seconds:3     -- 0.00 IPC (0.00 IPC) --  N/A  KHz (0.01 KHz) 
**Core 01 Thread 92 Finished:   insts:35          cycles:8951       (7007850)  seconds:3     -- 0.00 IPC (0.00 IPC) --  N/A  KHz (0.01 KHz) 
**Core 02 Thread 92 Finished:   insts:35          cycles:8952       (7008633)  seconds:3     -- 0.00 IPC (0.00 IPC) --  N/A  KHz (0.01 KHz) 
**Core 01 Thread 93 Finished:   insts:35          cycles:8953       (7009416)  seconds:3     -- 0.00 IPC (0.00 IPC) --  N/A  KHz (0.01 KHz) 
**Core 02 Thread 93 Finished:   insts:35          cycles:8954       (7010199)  seconds:3     -- 0.00 IPC (0.00 IPC) --  N/A  KHz (0.01 KHz) 
**Core 03 Thread 90 Finished:   insts:35          cycles:8955       (7010982)  seconds:3     -- 0.00 IPC (0.00 IPC) --  N/A  KHz (0.01 KHz) 
**Core 01 Thread 94 Finished:   insts:35          cycles:8956       (7011765)  seconds:3     -- 0.00 IPC (0.00 IPC) --  N/A  KHz (0.01 KHz) 
**Core 01 Thread 95 Finished:   insts:35          cycles:8957       (7012548)  seconds:3     -- 0.00 IPC (0.00 IPC) --  N/A  KHz (0.01 KHz) 
**Core 01 Core_Total  Finished:   insts:3154        cycles:8957       (7012548) seconds:3     -- 0.35 IPC (0.35 IPC) --  N/A  KHz (1.05 KHz)
**Core 02 Thread 94 Finished:   insts:35          cycles:8958       (7013331)  seconds:3     -- 0.00 IPC (0.00 IPC) --  N/A  KHz (0.01 KHz) 
**Core 02 Thread 95 Finished:   insts:35          cycles:8959       (7014114)  seconds:3     -- 0.00 IPC (0.00 IPC) --  N/A  KHz (0.01 KHz) 
**Core 02 Core_Total  Finished:   insts:3154        cycles:8959       (7014114) seconds:3     -- 0.35 IPC (0.35 IPC) --  N/A  KHz (1.05 KHz)
**Core 03 Thread 92 Finished:   insts:35          cycles:8960       (7014897)  seconds:3     -- 0.00 IPC (0.00 IPC) --  N/A  KHz (0.01 KHz) 
**Core 03 Thread 93 Finished:   insts:35          cycles:8961       (7015680)  seconds:3     -- 0.00 IPC (0.00 IPC) --  N/A  KHz (0.01 KHz) 
**Core 03 Thread 94 Finished:   insts:35          cycles:8962       (7016463)  seconds:3     -- 0.00 IPC (0.00 IPC) --  N/A  KHz (0.01 KHz) 
**Core 03 Thread 95 Finished:   insts:35          cycles:8963       (7017246)  seconds:3     -- 0.00 IPC (0.00 IPC) --  N/A  KHz (0.01 KHz) 
src/process_manager.cc:434: (I=20  C=7017246):  setup_process:0 /benchrun/macsim/cuda6-transpose/sm6_gtx1080/input-repeat1-dimx32-dimy32/results/traces/_Z20transposeFineGrainedPfS_ii_0/Trace.txt current_index:12 (16)
trace:/benchrun/macsim/cuda6-transpose/sm6_gtx1080/input-repeat1-dimx32-dimy32/results/traces/_Z20transposeFineGrainedPfS_ii_0/Trace.txt is opened 
src/process_manager.cc:541: (I=20  C=7017246):  thread_count:32
**Core 00 Thread 97 Finished:   insts:38          cycles:9645       (7551252)  seconds:3     -- 0.00 IPC (0.00 IPC) --  N/A  KHz (0.01 KHz) 
**Core 02 Thread 97 Finished:   insts:38          cycles:9645       (7551252)  seconds:3     -- 0.00 IPC (0.00 IPC) --  N/A  KHz (0.01 KHz) 
**Core 03 Thread 96 Finished:   insts:38          cycles:9648       (7553601)  seconds:3     -- 0.00 IPC (0.00 IPC) --  N/A  KHz (0.01 KHz) 
**Core 01 Thread 97 Finished:   insts:38          cycles:9651       (7555950)  seconds:3     -- 0.00 IPC (0.00 IPC) --  N/A  KHz (0.01 KHz) 
**Core 00 Thread 99 Finished:   insts:38          cycles:9657       (7560648)  seconds:3     -- 0.00 IPC (0.00 IPC) --  N/A  KHz (0.01 KHz) 
**Core 02 Thread 99 Finished:   insts:38          cycles:9659       (7562214)  seconds:3     -- 0.00 IPC (0.00 IPC) --  N/A  KHz (0.01 KHz) 
**Core 03 Thread 97 Finished:   insts:38          cycles:9662       (7564563)  seconds:3     -- 0.00 IPC (0.00 IPC) --  N/A  KHz (0.01 KHz) 
**Core 03 Thread 98 Finished:   insts:38          cycles:9663       (7565346)  seconds:3     -- 0.00 IPC (0.00 IPC) --  N/A  KHz (0.01 KHz) 
**Core 00 Thread 96 Finished:   insts:38          cycles:9665       (7566912)  seconds:3     -- 0.00 IPC (0.00 IPC) --  N/A  KHz (0.01 KHz) 
**Core 02 Thread 96 Finished:   insts:38          cycles:9668       (7569261)  seconds:3     -- 0.00 IPC (0.00 IPC) --  N/A  KHz (0.01 KHz) 
**Core 01 Thread 99 Finished:   insts:38          cycles:9671       (7571610)  seconds:3     -- 0.00 IPC (0.00 IPC) --  N/A  KHz (0.01 KHz) 
**Core 03 Thread 100 Finished:   insts:38          cycles:9673       (7573176)  seconds:3     -- 0.00 IPC (0.00 IPC) --  N/A  KHz (0.01 KHz) 
**Core 00 Thread 101 Finished:   insts:38          cycles:9675       (7574742)  seconds:3     -- 0.00 IPC (0.00 IPC) --  N/A  KHz (0.01 KHz) 
**Core 00 Thread 98 Finished:   insts:38          cycles:9676       (7575525)  seconds:3     -- 0.00 IPC (0.00 IPC) --  N/A  KHz (0.01 KHz) 
**Core 01 Thread 96 Finished:   insts:38          cycles:9677       (7576308)  seconds:3     -- 0.00 IPC (0.00 IPC) --  N/A  KHz (0.01 KHz) 
**Core 02 Thread 101 Finished:   insts:38          cycles:9678       (7577091)  seconds:3     -- 0.00 IPC (0.00 IPC) --  N/A  KHz (0.01 KHz) 
**Core 02 Thread 98 Finished:   insts:38          cycles:9679       (7577874)  seconds:3     -- 0.00 IPC (0.00 IPC) --  N/A  KHz (0.01 KHz) 
**Core 00 Thread 103 Finished:   insts:38          cycles:9680       (7578657)  seconds:3     -- 0.00 IPC (0.00 IPC) --  N/A  KHz (0.01 KHz) 
**Core 03 Thread 99 Finished:   insts:38          cycles:9681       (7579440)  seconds:3     -- 0.00 IPC (0.00 IPC) --  N/A  KHz (0.01 KHz) 
**Core 02 Thread 103 Finished:   insts:38          cycles:9682       (7580223)  seconds:3     -- 0.00 IPC (0.00 IPC) --  N/A  KHz (0.01 KHz) 
**Core 03 Thread 102 Finished:   insts:38          cycles:9683       (7581006)  seconds:3     -- 0.00 IPC (0.00 IPC) --  N/A  KHz (0.01 KHz) 
**Core 00 Thread 100 Finished:   insts:38          cycles:9684       (7581789)  seconds:3     -- 0.00 IPC (0.00 IPC) --  N/A  KHz (0.01 KHz) 
**Core 01 Thread 101 Finished:   insts:38          cycles:9685       (7582572)  seconds:3     -- 0.00 IPC (0.00 IPC) --  N/A  KHz (0.01 KHz) 
**Core 01 Thread 98 Finished:   insts:38          cycles:9686       (7583355)  seconds:3     -- 0.00 IPC (0.00 IPC) --  N/A  KHz (0.01 KHz) 
**Core 02 Thread 100 Finished:   insts:38          cycles:9687       (7584138)  seconds:3     -- 0.00 IPC (0.00 IPC) --  N/A  KHz (0.01 KHz) 
**Core 00 Thread 102 Finished:   insts:38          cycles:9688       (7584921)  seconds:3     -- 0.00 IPC (0.00 IPC) --  N/A  KHz (0.01 KHz) 
**Core 00 Core_Total  Finished:   insts:3458        cycles:9688       (7584921) seconds:3     -- 0.36 IPC (0.36 IPC) --  N/A  KHz (1.15 KHz)
**Core 01 Thread 103 Finished:   insts:38          cycles:9689       (7585704)  seconds:3     -- 0.00 IPC (0.00 IPC) --  N/A  KHz (0.01 KHz) 
**Core 01 Thread 100 Finished:   insts:38          cycles:9690       (7586487)  seconds:3     -- 0.00 IPC (0.00 IPC) --  N/A  KHz (0.01 KHz) 
**Core 02 Thread 102 Finished:   insts:38          cycles:9691       (7587270)  seconds:3     -- 0.00 IPC (0.00 IPC) --  N/A  KHz (0.01 KHz) 
**Core 02 Core_Total  Finished:   insts:3458        cycles:9691       (7587270) seconds:3     -- 0.36 IPC (0.36 IPC) --  N/A  KHz (1.15 KHz)
**Core 03 Thread 101 Finished:   insts:38          cycles:9692       (7588053)  seconds:3     -- 0.00 IPC (0.00 IPC) --  N/A  KHz (0.01 KHz) 
**Core 03 Thread 103 Finished:   insts:38          cycles:9693       (7588836)  seconds:3     -- 0.00 IPC (0.00 IPC) --  N/A  KHz (0.01 KHz) 
**Core 03 Core_Total  Finished:   insts:3458        cycles:9693       (7588836) seconds:3     -- 0.36 IPC (0.36 IPC) --  N/A  KHz (1.15 KHz)
**Core 01 Thread 102 Finished:   insts:38          cycles:9694       (7589619)  seconds:3     -- 0.00 IPC (0.00 IPC) --  N/A  KHz (0.01 KHz) 
src/process_manager.cc:434: (I=20  C=7589619):  setup_process:0 /benchrun/macsim/cuda6-transpose/sm6_gtx1080/input-repeat1-dimx32-dimy32/results/traces/_Z20transposeFineGrainedPfS_ii_1/Trace.txt current_index:13 (16)
trace:/benchrun/macsim/cuda6-transpose/sm6_gtx1080/input-repeat1-dimx32-dimy32/results/traces/_Z20transposeFineGrainedPfS_ii_1/Trace.txt is opened 
src/process_manager.cc:541: (I=20  C=7589619):  thread_count:32
**Core 01 Thread 104 Finished:   insts:38          cycles:10381      (8127540)  seconds:3     -- 0.00 IPC (0.00 IPC) --  N/A  KHz (0.01 KHz) 
**Core 02 Thread 104 Finished:   insts:38          cycles:10381      (8127540)  seconds:3     -- 0.00 IPC (0.00 IPC) --  N/A  KHz (0.01 KHz) 
**Core 03 Thread 105 Finished:   insts:38          cycles:10382      (8128323)  seconds:3     -- 0.00 IPC (0.00 IPC) --  N/A  KHz (0.01 KHz) 
**Core 00 Thread 105 Finished:   insts:38          cycles:10383      (8129106)  seconds:3     -- 0.00 IPC (0.00 IPC) --  N/A  KHz (0.01 KHz) 
**Core 01 Thread 106 Finished:   insts:38          cycles:10395      (8138502)  seconds:3     -- 0.00 IPC (0.00 IPC) --  N/A  KHz (0.01 KHz) 
**Core 02 Thread 106 Finished:   insts:38          cycles:10396      (8139285)  seconds:3     -- 0.00 IPC (0.00 IPC) --  N/A  KHz (0.01 KHz) 
**Core 03 Thread 107 Finished:   insts:38          cycles:10398      (8140851)  seconds:3     -- 0.00 IPC (0.00 IPC) --  N/A  KHz (0.01 KHz) 
**Core 00 Thread 107 Finished:   insts:38          cycles:10401      (8143200)  seconds:3     -- 0.00 IPC (0.00 IPC) --  N/A  KHz (0.01 KHz) 
**Core 01 Thread 105 Finished:   insts:38          cycles:10402      (8143983)  seconds:3     -- 0.00 IPC (0.00 IPC) --  N/A  KHz (0.01 KHz) 
**Core 02 Thread 105 Finished:   insts:38          cycles:10404      (8145549)  seconds:3     -- 0.00 IPC (0.00 IPC) --  N/A  KHz (0.01 KHz) 
**Core 03 Thread 104 Finished:   insts:38          cycles:10405      (8146332)  seconds:3     -- 0.00 IPC (0.00 IPC) --  N/A  KHz (0.01 KHz) 
**Core 00 Thread 104 Finished:   insts:38          cycles:10407      (8147898)  seconds:3     -- 0.00 IPC (0.00 IPC) --  N/A  KHz (0.01 KHz) 
**Core 02 Thread 108 Finished:   insts:38          cycles:10411      (8151030)  seconds:3     -- 0.00 IPC (0.00 IPC) --  N/A  KHz (0.01 KHz) 
**Core 01 Thread 108 Finished:   insts:38          cycles:10412      (8151813)  seconds:3     -- 0.00 IPC (0.00 IPC) --  N/A  KHz (0.01 KHz) 
**Core 00 Thread 109 Finished:   insts:38          cycles:10413      (8152596)  seconds:3     -- 0.00 IPC (0.00 IPC) --  N/A  KHz (0.01 KHz) 
**Core 03 Thread 109 Finished:   insts:38          cycles:10414      (8153379)  seconds:3     -- 0.00 IPC (0.00 IPC) --  N/A  KHz (0.01 KHz) 
**Core 00 Thread 106 Finished:   insts:38          cycles:10415      (8154162)  seconds:3     -- 0.00 IPC (0.00 IPC) --  N/A  KHz (0.01 KHz) 
**Core 01 Thread 107 Finished:   insts:38          cycles:10416      (8154945)  seconds:3     -- 0.00 IPC (0.00 IPC) --  N/A  KHz (0.01 KHz) 
**Core 01 Thread 110 Finished:   insts:38          cycles:10417      (8155728)  seconds:3     -- 0.00 IPC (0.00 IPC) --  N/A  KHz (0.01 KHz) 
**Core 02 Thread 107 Finished:   insts:38          cycles:10418      (8156511)  seconds:3     -- 0.00 IPC (0.00 IPC) --  N/A  KHz (0.01 KHz) 
**Core 02 Thread 110 Finished:   insts:38          cycles:10419      (8157294)  seconds:3     -- 0.00 IPC (0.00 IPC) --  N/A  KHz (0.01 KHz) 
**Core 03 Thread 106 Finished:   insts:38          cycles:10420      (8158077)  seconds:3     -- 0.00 IPC (0.00 IPC) --  N/A  KHz (0.01 KHz) 
**Core 00 Thread 111 Finished:   insts:38          cycles:10421      (8158860)  seconds:3     -- 0.00 IPC (0.00 IPC) --  N/A  KHz (0.01 KHz) 
**Core 01 Thread 109 Finished:   insts:38          cycles:10422      (8159643)  seconds:3     -- 0.00 IPC (0.00 IPC) --  N/A  KHz (0.01 KHz) 
**Core 00 Thread 108 Finished:   insts:38          cycles:10423      (8160426)  seconds:3     -- 0.00 IPC (0.00 IPC) --  N/A  KHz (0.01 KHz) 
**Core 02 Thread 109 Finished:   insts:38          cycles:10424      (8161209)  seconds:3     -- 0.00 IPC (0.00 IPC) --  N/A  KHz (0.01 KHz) 
**Core 01 Thread 111 Finished:   insts:38          cycles:10425      (8161992)  seconds:3     -- 0.00 IPC (0.00 IPC) --  N/A  KHz (0.01 KHz) 
**Core 01 Core_Total  Finished:   insts:3762        cycles:10425      (8161992) seconds:3     -- 0.36 IPC (0.36 IPC) --  N/A  KHz (1.25 KHz)
**Core 02 Thread 111 Finished:   insts:38          cycles:10426      (8162775)  seconds:3     -- 0.00 IPC (0.00 IPC) --  N/A  KHz (0.01 KHz) 
**Core 02 Core_Total  Finished:   insts:3762        cycles:10426      (8162775) seconds:3     -- 0.36 IPC (0.36 IPC) --  N/A  KHz (1.25 KHz)
**Core 00 Thread 110 Finished:   insts:38          cycles:10427      (8163558)  seconds:3     -- 0.00 IPC (0.00 IPC) --  N/A  KHz (0.01 KHz) 
**Core 00 Core_Total  Finished:   insts:3762        cycles:10427      (8163558) seconds:3     -- 0.36 IPC (0.36 IPC) --  N/A  KHz (1.25 KHz)
**Core 03 Thread 111 Finished:   insts:38          cycles:10428      (8164341)  seconds:3     -- 0.00 IPC (0.00 IPC) --  N/A  KHz (0.01 KHz) 
**Core 03 Thread 108 Finished:   insts:38          cycles:10429      (8165124)  seconds:3     -- 0.00 IPC (0.00 IPC) --  N/A  KHz (0.01 KHz) 
**Core 03 Thread 110 Finished:   insts:38          cycles:10430      (8165907)  seconds:3     -- 0.00 IPC (0.00 IPC) --  N/A  KHz (0.01 KHz) 
src/process_manager.cc:434: (I=20  C=8165907):  setup_process:0 /benchrun/macsim/cuda6-transpose/sm6_gtx1080/input-repeat1-dimx32-dimy32/results/traces/_Z17transposeDiagonalPfS_ii_0/Trace.txt current_index:14 (16)
trace:/benchrun/macsim/cuda6-transpose/sm6_gtx1080/input-repeat1-dimx32-dimy32/results/traces/_Z17transposeDiagonalPfS_ii_0/Trace.txt is opened 
src/process_manager.cc:541: (I=20  C=8165907):  thread_count:32
**Core 03 Thread 118 Finished:   insts:44          cycles:11168      (8743761)  seconds:3     -- 0.00 IPC (0.00 IPC) --  N/A  KHz (0.01 KHz) 
**Core 03 Thread 119 Finished:   insts:44          cycles:11169      (8744544)  seconds:3     -- 0.00 IPC (0.00 IPC) --  N/A  KHz (0.01 KHz) 
**Core 00 Thread 118 Finished:   insts:44          cycles:11170      (8745327)  seconds:3     -- 0.00 IPC (0.00 IPC) --  N/A  KHz (0.01 KHz) 
**Core 00 Thread 119 Finished:   insts:44          cycles:11174      (8748459)  seconds:3     -- 0.00 IPC (0.00 IPC) --  N/A  KHz (0.01 KHz) 
**Core 00 Thread 112 Finished:   insts:44          cycles:11180      (8753157)  seconds:3     -- 0.00 IPC (0.00 IPC) --  N/A  KHz (0.01 KHz) 
**Core 03 Thread 112 Finished:   insts:44          cycles:11181      (8753940)  seconds:3     -- 0.00 IPC (0.00 IPC) --  N/A  KHz (0.01 KHz) 
**Core 03 Thread 113 Finished:   insts:44          cycles:11182      (8754723)  seconds:3     -- 0.00 IPC (0.00 IPC) --  N/A  KHz (0.01 KHz) 
**Core 00 Thread 113 Finished:   insts:44          cycles:11184      (8756289)  seconds:3     -- 0.00 IPC (0.00 IPC) --  N/A  KHz (0.01 KHz) 
**Core 00 Thread 114 Finished:   insts:44          cycles:11188      (8759421)  seconds:3     -- 0.00 IPC (0.00 IPC) --  N/A  KHz (0.01 KHz) 
**Core 03 Thread 115 Finished:   insts:44          cycles:11189      (8760204)  seconds:3     -- 0.00 IPC (0.00 IPC) --  N/A  KHz (0.01 KHz) 
**Core 00 Thread 115 Finished:   insts:44          cycles:11191      (8761770)  seconds:3     -- 0.00 IPC (0.00 IPC) --  N/A  KHz (0.01 KHz) 
**Core 03 Thread 114 Finished:   insts:44          cycles:11195      (8764902)  seconds:3     -- 0.00 IPC (0.00 IPC) --  N/A  KHz (0.01 KHz) 
**Core 00 Thread 116 Finished:   insts:44          cycles:11197      (8766468)  seconds:3     -- 0.00 IPC (0.00 IPC) --  N/A  KHz (0.01 KHz) 
**Core 01 Thread 118 Finished:   insts:44          cycles:11198      (8767251)  seconds:3     -- 0.00 IPC (0.00 IPC) --  N/A  KHz (0.01 KHz) 
**Core 02 Thread 119 Finished:   insts:44          cycles:11202      (8770383)  seconds:3     -- 0.00 IPC (0.00 IPC) --  N/A  KHz (0.01 KHz) 
**Core 00 Thread 117 Finished:   insts:44          cycles:11203      (8771166)  seconds:3     -- 0.00 IPC (0.00 IPC) --  N/A  KHz (0.01 KHz) 
**Core 00 Core_Total  Finished:   insts:4114        cycles:11203      (8771166) seconds:3     -- 0.37 IPC (0.37 IPC) --  N/A  KHz (1.37 KHz)
**Core 02 Thread 118 Finished:   insts:44          cycles:11204      (8771949)  seconds:3     -- 0.00 IPC (0.00 IPC) --  N/A  KHz (0.01 KHz) 
**Core 03 Thread 117 Finished:   insts:44          cycles:11205      (8772732)  seconds:3     -- 0.00 IPC (0.00 IPC) --  N/A  KHz (0.01 KHz) 
**Core 01 Thread 119 Finished:   insts:44          cycles:11206      (8773515)  seconds:3     -- 0.00 IPC (0.00 IPC) --  N/A  KHz (0.01 KHz) 
**Core 03 Thread 116 Finished:   insts:44          cycles:11207      (8774298)  seconds:3     -- 0.00 IPC (0.00 IPC) --  N/A  KHz (0.01 KHz) 
**Core 03 Core_Total  Finished:   insts:4114        cycles:11207      (8774298) seconds:3     -- 0.37 IPC (0.37 IPC) --  N/A  KHz (1.37 KHz)
**Core 01 Thread 112 Finished:   insts:44          cycles:11208      (8775081)  seconds:3     -- 0.00 IPC (0.00 IPC) --  N/A  KHz (0.01 KHz) 
**Core 02 Thread 113 Finished:   insts:44          cycles:11209      (8775864)  seconds:3     -- 0.00 IPC (0.00 IPC) --  N/A  KHz (0.01 KHz) 
**Core 02 Thread 112 Finished:   insts:44          cycles:11210      (8776647)  seconds:3     -- 0.00 IPC (0.00 IPC) --  N/A  KHz (0.01 KHz) 
**Core 01 Thread 113 Finished:   insts:44          cycles:11211      (8777430)  seconds:3     -- 0.00 IPC (0.00 IPC) --  N/A  KHz (0.01 KHz) 
**Core 01 Thread 114 Finished:   insts:44          cycles:11212      (8778213)  seconds:3     -- 0.00 IPC (0.00 IPC) --  N/A  KHz (0.01 KHz) 
**Core 02 Thread 114 Finished:   insts:44          cycles:11213      (8778996)  seconds:3     -- 0.00 IPC (0.00 IPC) --  N/A  KHz (0.01 KHz) 
**Core 01 Thread 115 Finished:   insts:44          cycles:11214      (8779779)  seconds:3     -- 0.00 IPC (0.00 IPC) --  N/A  KHz (0.01 KHz) 
**Core 02 Thread 115 Finished:   insts:44          cycles:11215      (8780562)  seconds:3     -- 0.00 IPC (0.00 IPC) --  N/A  KHz (0.01 KHz) 
**Core 01 Thread 116 Finished:   insts:44          cycles:11216      (8781345)  seconds:4     -- 0.00 IPC (0.00 IPC) --  N/A  KHz (0.01 KHz) 
**Core 02 Thread 116 Finished:   insts:44          cycles:11217      (8782128)  seconds:4     -- 0.00 IPC (0.00 IPC) --  N/A  KHz (0.01 KHz) 
**Core 01 Thread 117 Finished:   insts:44          cycles:11218      (8782911)  seconds:4     -- 0.00 IPC (0.00 IPC) --  N/A  KHz (0.01 KHz) 
**Core 01 Core_Total  Finished:   insts:4114        cycles:11218      (8782911) seconds:4     -- 0.37 IPC (0.37 IPC) --  N/A  KHz (1.03 KHz)
**Core 02 Thread 117 Finished:   insts:44          cycles:11219      (8783694)  seconds:4     -- 0.00 IPC (0.00 IPC) --  N/A  KHz (0.01 KHz) 
src/process_manager.cc:434: (I=20  C=8783694):  setup_process:0 /benchrun/macsim/cuda6-transpose/sm6_gtx1080/input-repeat1-dimx32-dimy32/results/traces/_Z17transposeDiagonalPfS_ii_1/Trace.txt current_index:15 (16)
trace:/benchrun/macsim/cuda6-transpose/sm6_gtx1080/input-repeat1-dimx32-dimy32/results/traces/_Z17transposeDiagonalPfS_ii_1/Trace.txt is opened 
src/process_manager.cc:541: (I=20  C=8783694):  thread_count:32
**Core 02 Thread 121 Finished:   insts:44          cycles:11939      (9347454)  seconds:4     -- 0.00 IPC (0.00 IPC) --  N/A  KHz (0.01 KHz) 
**Core 02 Thread 120 Finished:   insts:44          cycles:11942      (9349803)  seconds:4     -- 0.00 IPC (0.00 IPC) --  N/A  KHz (0.01 KHz) 
**Core 01 Thread 120 Finished:   insts:44          cycles:11943      (9350586)  seconds:4     -- 0.00 IPC (0.00 IPC) --  N/A  KHz (0.01 KHz) 
**Core 01 Thread 121 Finished:   insts:44          cycles:11947      (9353718)  seconds:4     -- 0.00 IPC (0.00 IPC) --  N/A  KHz (0.01 KHz) 
**Core 03 Thread 120 Finished:   insts:44          cycles:11948      (9354501)  seconds:4     -- 0.00 IPC (0.00 IPC) --  N/A  KHz (0.01 KHz) 
**Core 00 Thread 120 Finished:   insts:44          cycles:11952      (9357633)  seconds:4     -- 0.00 IPC (0.00 IPC) --  N/A  KHz (0.01 KHz) 
**Core 03 Thread 121 Finished:   insts:44          cycles:11952      (9357633)  seconds:4     -- 0.00 IPC (0.00 IPC) --  N/A  KHz (0.01 KHz) 
**Core 00 Thread 121 Finished:   insts:44          cycles:11954      (9359199)  seconds:4     -- 0.00 IPC (0.00 IPC) --  N/A  KHz (0.01 KHz) 
**Core 02 Thread 123 Finished:   insts:44          cycles:11958      (9362331)  seconds:4     -- 0.00 IPC (0.00 IPC) --  N/A  KHz (0.01 KHz) 
**Core 02 Thread 122 Finished:   insts:44          cycles:11959      (9363114)  seconds:4     -- 0.00 IPC (0.00 IPC) --  N/A  KHz (0.01 KHz) 
**Core 01 Thread 122 Finished:   insts:44          cycles:11960      (9363897)  seconds:4     -- 0.00 IPC (0.00 IPC) --  N/A  KHz (0.01 KHz) 
**Core 03 Thread 122 Finished:   insts:44          cycles:11963      (9366246)  seconds:4     -- 0.00 IPC (0.00 IPC) --  N/A  KHz (0.01 KHz) 
**Core 01 Thread 123 Finished:   insts:44          cycles:11963      (9366246)  seconds:4     -- 0.00 IPC (0.00 IPC) --  N/A  KHz (0.01 KHz) 
**Core 00 Thread 122 Finished:   insts:44          cycles:11965      (9367812)  seconds:4     -- 0.00 IPC (0.00 IPC) --  N/A  KHz (0.01 KHz) 
**Core 00 Thread 123 Finished:   insts:44          cycles:11966      (9368595)  seconds:4     -- 0.00 IPC (0.00 IPC) --  N/A  KHz (0.01 KHz) 
**Core 02 Thread 124 Finished:   insts:44          cycles:11968      (9370161)  seconds:4     -- 0.00 IPC (0.00 IPC) --  N/A  KHz (0.01 KHz) 
**Core 02 Thread 125 Finished:   insts:44          cycles:11970      (9371727)  seconds:4     -- 0.00 IPC (0.00 IPC) --  N/A  KHz (0.01 KHz) 
**Core 03 Thread 123 Finished:   insts:44          cycles:11971      (9372510)  seconds:4     -- 0.00 IPC (0.00 IPC) --  N/A  KHz (0.01 KHz) 
**Core 01 Thread 124 Finished:   insts:44          cycles:11972      (9373293)  seconds:4     -- 0.00 IPC (0.00 IPC) --  N/A  KHz (0.01 KHz) 
**Core 01 Thread 125 Finished:   insts:44          cycles:11973      (9374076)  seconds:4     -- 0.00 IPC (0.00 IPC) --  N/A  KHz (0.01 KHz) 
**Core 02 Thread 126 Finished:   insts:44          cycles:11974      (9374859)  seconds:4     -- 0.00 IPC (0.00 IPC) --  N/A  KHz (0.01 KHz) 
**Core 00 Thread 125 Finished:   insts:44          cycles:11975      (9375642)  seconds:4     -- 0.00 IPC (0.00 IPC) --  N/A  KHz (0.01 KHz) 
**Core 00 Thread 124 Finished:   insts:44          cycles:11976      (9376425)  seconds:4     -- 0.00 IPC (0.00 IPC) --  N/A  KHz (0.01 KHz) 
**Core 01 Thread 126 Finished:   insts:44          cycles:11977      (9377208)  seconds:4     -- 0.00 IPC (0.00 IPC) --  N/A  KHz (0.01 KHz) 
**Core 02 Thread 127 Finished:   insts:44          cycles:11978      (9377991)  seconds:4     -- 0.00 IPC (0.00 IPC) --  N/A  KHz (0.01 KHz) 
**Core 02 Core_Total  Finished:   insts:4466        cycles:11978      (9377991) seconds:4     -- 0.37 IPC (0.37 IPC) --  N/A  KHz (1.12 KHz)
**Core 00 Thread 127 Finished:   insts:44          cycles:11979      (9378774)  seconds:4     -- 0.00 IPC (0.00 IPC) --  N/A  KHz (0.01 KHz) 
**Core 03 Thread 125 Finished:   insts:44          cycles:11980      (9379557)  seconds:4     -- 0.00 IPC (0.00 IPC) --  N/A  KHz (0.01 KHz) 
**Core 00 Thread 126 Finished:   insts:44          cycles:11981      (9380340)  seconds:4     -- 0.00 IPC (0.00 IPC) --  N/A  KHz (0.01 KHz) 
**Core 00 Core_Total  Finished:   insts:4466        cycles:11981      (9380340) seconds:4     -- 0.37 IPC (0.37 IPC) --  N/A  KHz (1.12 KHz)
**Core 01 Thread 127 Finished:   insts:44          cycles:11982      (9381123)  seconds:4     -- 0.00 IPC (0.00 IPC) --  N/A  KHz (0.01 KHz) 
**Core 01 Core_Total  Finished:   insts:4466        cycles:11982      (9381123) seconds:4     -- 0.37 IPC (0.37 IPC) --  N/A  KHz (1.12 KHz)
**Core 03 Thread 124 Finished:   insts:44          cycles:11983      (9381906)  seconds:4     -- 0.00 IPC (0.00 IPC) --  N/A  KHz (0.01 KHz) 
**Core 03 Thread 127 Finished:   insts:44          cycles:11984      (9382689)  seconds:4     -- 0.00 IPC (0.00 IPC) --  N/A  KHz (0.01 KHz) 
**Core 03 Thread 126 Finished:   insts:44          cycles:11985      (9383472)  seconds:4     -- 0.00 IPC (0.00 IPC) --  N/A  KHz (0.01 KHz) 
src/retire.cc:566: (I=20  C=9383472):  ----- application 0 terminated (/benchrun/macsim/cuda6-transpose/sm6_gtx1080/input-repeat1-dimx32-dimy32/results/traces/_Z17transposeDiagonalPfS_ii_1/Trace.txt,0) at 9383472
**Core 03 Core_Total  Finished:   insts:4466        cycles:11985      (9383472) seconds:4     -- 0.37 IPC (0.37 IPC) --  N/A  KHz (1.12 KHz)
src/macsim.cc:620: (I=20  C=9383473):  finalize simulation
src/macsim.cc:627: (I=20  C=9383473):  elapsed time:4.2 seconds
Done
