options: Options {
    input: "/benchrun/accelsim-sass/cuda6-transpose/sm86_rtx3070/input-repeat1-dimx32-dimy32/results/log.txt",
    output: "/benchrun/accelsim-sass/cuda6-transpose/sm86_rtx3070/input-repeat1-dimx32-dimy32/results/stats.csv",
    per_kernel: false,
    kernel_instance: false,
    configs_as_rows: false,
    config_list: None,
    benchmark_list: None,
    sim_name: None,
    strict: false,
}
GPGPU-sim version: Some("accelsim-commit-e02c99dbadefc0b9dc95317100be2a446eec142c_modified_0.0")
stats: {
    (
        "final_kernel",
        0,
        "l2_cache_write_hit",
    ): 2688.0,
    (
        "final_kernel",
        0,
        "total_core_cache_write_total",
    ): 2816.0,
    (
        "final_kernel",
        0,
        "gpgpu_n_tot_w_icount",
    ): 17920.0,
    (
        "final_kernel",
        0,
        "total_core_cache_read_total",
    ): 2048.0,
    (
        "final_kernel",
        0,
        "l2_cache_write_total",
    ): 2816.0,
    (
        "final_kernel",
        0,
        "l2_cache_read_total",
    ): 2048.0,
    (
        "final_kernel",
        0,
        "l2_cache_read_miss",
    ): 32.0,
    (
        "final_kernel",
        0,
        "total_core_cache_write_hit",
    ): 768.0,
    (
        "final_kernel",
        0,
        "total_core_cache_read_mshr_hit",
    ): 0.0,
    (
        "final_kernel",
        0,
        "gpu_total_instructions",
    ): 565760.0,
    (
        "final_kernel",
        0,
        "gpu_ipc",
    ): 11.6464,
    (
        "final_kernel",
        0,
        "total_core_cache_read_hit",
    ): 0.0,
    (
        "final_kernel",
        0,
        "total_dram_reads",
    ): 128.0,
    (
        "final_kernel",
        0,
        "gpgpu_simulation_time_sec",
    ): 28.0,
    (
        "final_kernel",
        0,
        "l2_bandwidth_gbps",
    ): 1.592,
    (
        "final_kernel",
        0,
        "gpu_tot_ipc",
    ): 6.2137,
    (
        "final_kernel",
        0,
        "l2_cache_write_miss",
    ): 32.0,
    (
        "final_kernel",
        0,
        "total_dram_writes",
    ): 0.0,
    (
        "final_kernel",
        0,
        "gpgpu_simulation_rate",
    ): 3251.0,
    (
        "final_kernel",
        0,
        "l2_cache_read_hit",
    ): 1920.0,
    (
        "final_kernel",
        0,
        "gpu_occupancy",
    ): 16.3827,
    (
        "final_kernel",
        0,
        "gpgpu_silicon_slowdown",
    ): 348200.0,
    (
        "final_kernel",
        0,
        "kernel_launch_uid",
    ): 16.0,
    (
        "final_kernel",
        0,
        "gpu_tot_sim_cycle",
    ): 91050.0,
}
done in 48.760526ms: 1.15 MiB parsed (16.00 EiB/s)
