Arguments: macsim --out=/benchrun/macsim/cuda6-transpose/sm86_a4000/input-repeat1-dimx32-dimy32/results/stats 
src/macsim.cc:122: (I=0  C=0):  initialize knobs
number of cores : 48
src/macsim.cc:537: (I=0  C=0):  initialize simulation
src/macsim.cc:323: (I=0  C=0):  initialize cores (0/0/48)
src/memory.cc:1568: (I=0  C=0):  Memory system(l2_decoupled_network) has been initialized.
src/network_simple.cc:92: (I=0  C=0):  TOTAL_ROUTER:71 CPU:0 GPU:48 L3:1 LLC:6 MC:16
enabling bug detector
src/macsim.cc:750: (I=0  C=0):  Initializing new noc

src/macsim.cc:838: (I=0  C=0):  Clock LCM           : 35
src/macsim.cc:839: (I=0  C=0):  CPU clock frequency : 1 GHz
src/macsim.cc:840: (I=0  C=0):  GPU clock frequency : 0.735 GHz
src/macsim.cc:841: (I=0  C=0):  LLC clock frequency : 0.735 GHz
src/macsim.cc:842: (I=0  C=0):  NOC clock frequency : 0.735 GHz
src/macsim.cc:843: (I=0  C=0):  MC  clock frequency : 3.5 GHz
src/process_manager.cc:434: (I=0  C=0):  setup_process:0 /benchrun/macsim/cuda6-transpose/sm86_a4000/input-repeat1-dimx32-dimy32/results/traces/_Z4copyPfS_ii_0/Trace.txt current_index:0 (16)
trace:/benchrun/macsim/cuda6-transpose/sm86_a4000/input-repeat1-dimx32-dimy32/results/traces/_Z4copyPfS_ii_0/Trace.txt is opened 
src/process_manager.cc:541: (I=0  C=0):  thread_count:32
**Core 01 Thread 00 Finished:   insts:20          cycles:408        (2035)  seconds:2     -- 0.05 IPC (0.05 IPC) --  N/A  KHz (0.01 KHz) 
**Core 00 Thread 00 Finished:   insts:20          cycles:409        (2040)  seconds:2     -- 0.05 IPC (0.05 IPC) --  N/A  KHz (0.01 KHz) 
**Core 02 Thread 00 Finished:   insts:20          cycles:422        (2105)  seconds:1     -- 0.05 IPC (0.05 IPC) --  N/A  KHz (0.02 KHz) 
**Core 03 Thread 00 Finished:   insts:20          cycles:422        (2105)  seconds:1     -- 0.05 IPC (0.05 IPC) --  N/A  KHz (0.02 KHz) 
**Core 00 Thread 05 Finished:   insts:20          cycles:424        (2115)  seconds:2     -- 0.05 IPC (0.05 IPC) --  N/A  KHz (0.01 KHz) 
**Core 01 Thread 05 Finished:   insts:20          cycles:425        (2120)  seconds:2     -- 0.05 IPC (0.05 IPC) --  N/A  KHz (0.01 KHz) 
**Core 02 Thread 04 Finished:   insts:20          cycles:445        (2220)  seconds:1     -- 0.04 IPC (0.04 IPC) --  N/A  KHz (0.02 KHz) 
**Core 03 Thread 04 Finished:   insts:20          cycles:445        (2220)  seconds:1     -- 0.04 IPC (0.04 IPC) --  N/A  KHz (0.02 KHz) 
**Core 00 Thread 01 Finished:   insts:20          cycles:449        (2240)  seconds:2     -- 0.04 IPC (0.04 IPC) --  N/A  KHz (0.01 KHz) 
**Core 01 Thread 01 Finished:   insts:20          cycles:449        (2240)  seconds:2     -- 0.04 IPC (0.04 IPC) --  N/A  KHz (0.01 KHz) 
**Core 02 Thread 07 Finished:   insts:20          cycles:453        (2260)  seconds:1     -- 0.04 IPC (0.04 IPC) --  N/A  KHz (0.02 KHz) 
**Core 03 Thread 07 Finished:   insts:20          cycles:453        (2260)  seconds:1     -- 0.04 IPC (0.04 IPC) --  N/A  KHz (0.02 KHz) 
**Core 00 Thread 06 Finished:   insts:20          cycles:465        (2320)  seconds:2     -- 0.04 IPC (0.04 IPC) --  N/A  KHz (0.01 KHz) 
**Core 01 Thread 06 Finished:   insts:20          cycles:465        (2320)  seconds:2     -- 0.04 IPC (0.04 IPC) --  N/A  KHz (0.01 KHz) 
**Core 00 Thread 02 Finished:   insts:20          cycles:469        (2340)  seconds:2     -- 0.04 IPC (0.04 IPC) --  N/A  KHz (0.01 KHz) 
**Core 01 Thread 02 Finished:   insts:20          cycles:469        (2340)  seconds:2     -- 0.04 IPC (0.04 IPC) --  N/A  KHz (0.01 KHz) 
**Core 02 Thread 02 Finished:   insts:20          cycles:486        (2425)  seconds:1     -- 0.04 IPC (0.04 IPC) --  N/A  KHz (0.02 KHz) 
**Core 03 Thread 02 Finished:   insts:20          cycles:486        (2425)  seconds:1     -- 0.04 IPC (0.04 IPC) --  N/A  KHz (0.02 KHz) 
**Core 00 Thread 04 Finished:   insts:20          cycles:490        (2445)  seconds:2     -- 0.04 IPC (0.04 IPC) --  N/A  KHz (0.01 KHz) 
**Core 01 Thread 04 Finished:   insts:20          cycles:490        (2445)  seconds:2     -- 0.04 IPC (0.04 IPC) --  N/A  KHz (0.01 KHz) 
**Core 02 Thread 03 Finished:   insts:20          cycles:501        (2500)  seconds:1     -- 0.04 IPC (0.04 IPC) --  N/A  KHz (0.02 KHz) 
**Core 03 Thread 03 Finished:   insts:20          cycles:501        (2500)  seconds:1     -- 0.04 IPC (0.04 IPC) --  N/A  KHz (0.02 KHz) 
**Core 00 Thread 03 Finished:   insts:20          cycles:504        (2515)  seconds:2     -- 0.04 IPC (0.04 IPC) --  N/A  KHz (0.01 KHz) 
**Core 01 Thread 03 Finished:   insts:20          cycles:504        (2515)  seconds:2     -- 0.04 IPC (0.04 IPC) --  N/A  KHz (0.01 KHz) 
**Core 02 Thread 06 Finished:   insts:20          cycles:507        (2530)  seconds:1     -- 0.04 IPC (0.04 IPC) --  N/A  KHz (0.02 KHz) 
**Core 03 Thread 06 Finished:   insts:20          cycles:507        (2530)  seconds:1     -- 0.04 IPC (0.04 IPC) --  N/A  KHz (0.02 KHz) 
**Core 02 Thread 01 Finished:   insts:20          cycles:516        (2575)  seconds:1     -- 0.04 IPC (0.04 IPC) --  N/A  KHz (0.02 KHz) 
**Core 03 Thread 01 Finished:   insts:20          cycles:516        (2575)  seconds:1     -- 0.04 IPC (0.04 IPC) --  N/A  KHz (0.02 KHz) 
**Core 00 Thread 07 Finished:   insts:20          cycles:527        (2630)  seconds:2     -- 0.04 IPC (0.04 IPC) --  N/A  KHz (0.01 KHz) 
**Core 00 Core_Total  Finished:   insts:160         cycles:527        (2630) seconds:2     -- 0.30 IPC (0.30 IPC) --  N/A  KHz (0.08 KHz)
**Core 01 Thread 07 Finished:   insts:20          cycles:527        (2630)  seconds:2     -- 0.04 IPC (0.04 IPC) --  N/A  KHz (0.01 KHz) 
**Core 01 Core_Total  Finished:   insts:160         cycles:527        (2630) seconds:2     -- 0.30 IPC (0.30 IPC) --  N/A  KHz (0.08 KHz)
**Core 02 Thread 05 Finished:   insts:20          cycles:538        (2685)  seconds:1     -- 0.04 IPC (0.04 IPC) --  N/A  KHz (0.02 KHz) 
**Core 02 Core_Total  Finished:   insts:160         cycles:538        (2685) seconds:1     -- 0.30 IPC (0.30 IPC) --  N/A  KHz (0.16 KHz)
**Core 03 Thread 05 Finished:   insts:20          cycles:538        (2685)  seconds:1     -- 0.04 IPC (0.04 IPC) --  N/A  KHz (0.02 KHz) 
src/process_manager.cc:434: (I=20  C=2685):  setup_process:0 /benchrun/macsim/cuda6-transpose/sm86_a4000/input-repeat1-dimx32-dimy32/results/traces/_Z4copyPfS_ii_1/Trace.txt current_index:1 (16)
trace:/benchrun/macsim/cuda6-transpose/sm86_a4000/input-repeat1-dimx32-dimy32/results/traces/_Z4copyPfS_ii_1/Trace.txt is opened 
src/process_manager.cc:541: (I=20  C=2685):  thread_count:32
**Core 00 Thread 08 Finished:   insts:20          cycles:841        (4200)  seconds:2     -- 0.02 IPC (0.02 IPC) --  N/A  KHz (0.01 KHz) 
**Core 01 Thread 08 Finished:   insts:20          cycles:841        (4200)  seconds:2     -- 0.02 IPC (0.02 IPC) --  N/A  KHz (0.01 KHz) 
**Core 00 Thread 09 Finished:   insts:20          cycles:843        (4210)  seconds:2     -- 0.02 IPC (0.02 IPC) --  N/A  KHz (0.01 KHz) 
**Core 01 Thread 09 Finished:   insts:20          cycles:843        (4210)  seconds:2     -- 0.02 IPC (0.02 IPC) --  N/A  KHz (0.01 KHz) 
**Core 00 Thread 11 Finished:   insts:20          cycles:846        (4225)  seconds:2     -- 0.02 IPC (0.02 IPC) --  N/A  KHz (0.01 KHz) 
**Core 01 Thread 11 Finished:   insts:20          cycles:847        (4230)  seconds:2     -- 0.02 IPC (0.02 IPC) --  N/A  KHz (0.01 KHz) 
**Core 00 Thread 12 Finished:   insts:20          cycles:848        (4235)  seconds:2     -- 0.02 IPC (0.02 IPC) --  N/A  KHz (0.01 KHz) 
**Core 01 Thread 12 Finished:   insts:20          cycles:849        (4240)  seconds:2     -- 0.02 IPC (0.02 IPC) --  N/A  KHz (0.01 KHz) 
**Core 00 Thread 13 Finished:   insts:20          cycles:850        (4245)  seconds:2     -- 0.02 IPC (0.02 IPC) --  N/A  KHz (0.01 KHz) 
**Core 02 Thread 11 Finished:   insts:20          cycles:851        (4250)  seconds:1     -- 0.02 IPC (0.02 IPC) --  N/A  KHz (0.02 KHz) 
**Core 00 Thread 15 Finished:   insts:20          cycles:852        (4255)  seconds:2     -- 0.02 IPC (0.02 IPC) --  N/A  KHz (0.01 KHz) 
**Core 01 Thread 13 Finished:   insts:20          cycles:853        (4260)  seconds:2     -- 0.02 IPC (0.02 IPC) --  N/A  KHz (0.01 KHz) 
**Core 01 Thread 15 Finished:   insts:20          cycles:854        (4265)  seconds:2     -- 0.02 IPC (0.02 IPC) --  N/A  KHz (0.01 KHz) 
**Core 02 Thread 15 Finished:   insts:20          cycles:860        (4295)  seconds:1     -- 0.02 IPC (0.02 IPC) --  N/A  KHz (0.02 KHz) 
**Core 02 Thread 09 Finished:   insts:20          cycles:861        (4300)  seconds:1     -- 0.02 IPC (0.02 IPC) --  N/A  KHz (0.02 KHz) 
**Core 00 Thread 10 Finished:   insts:20          cycles:862        (4305)  seconds:2     -- 0.02 IPC (0.02 IPC) --  N/A  KHz (0.01 KHz) 
**Core 00 Thread 14 Finished:   insts:20          cycles:863        (4310)  seconds:2     -- 0.02 IPC (0.02 IPC) --  N/A  KHz (0.01 KHz) 
**Core 00 Core_Total  Finished:   insts:320         cycles:863        (4310) seconds:2     -- 0.37 IPC (0.37 IPC) --  N/A  KHz (0.16 KHz)
**Core 01 Thread 10 Finished:   insts:20          cycles:864        (4315)  seconds:2     -- 0.02 IPC (0.02 IPC) --  N/A  KHz (0.01 KHz) 
**Core 01 Thread 14 Finished:   insts:20          cycles:865        (4320)  seconds:2     -- 0.02 IPC (0.02 IPC) --  N/A  KHz (0.01 KHz) 
**Core 01 Core_Total  Finished:   insts:320         cycles:865        (4320) seconds:2     -- 0.37 IPC (0.37 IPC) --  N/A  KHz (0.16 KHz)
**Core 02 Thread 13 Finished:   insts:20          cycles:866        (4325)  seconds:1     -- 0.02 IPC (0.02 IPC) --  N/A  KHz (0.02 KHz) 
**Core 02 Thread 10 Finished:   insts:20          cycles:874        (4365)  seconds:1     -- 0.02 IPC (0.02 IPC) --  N/A  KHz (0.02 KHz) 
**Core 02 Thread 08 Finished:   insts:20          cycles:875        (4370)  seconds:1     -- 0.02 IPC (0.02 IPC) --  N/A  KHz (0.02 KHz) 
**Core 02 Thread 14 Finished:   insts:20          cycles:876        (4375)  seconds:1     -- 0.02 IPC (0.02 IPC) --  N/A  KHz (0.02 KHz) 
**Core 02 Thread 12 Finished:   insts:20          cycles:877        (4380)  seconds:1     -- 0.02 IPC (0.02 IPC) --  N/A  KHz (0.02 KHz) 
**Core 02 Core_Total  Finished:   insts:320         cycles:877        (4380) seconds:1     -- 0.36 IPC (0.36 IPC) --  N/A  KHz (0.32 KHz)
**Core 03 Thread 10 Finished:   insts:20          cycles:878        (4385)  seconds:1     -- 0.02 IPC (0.02 IPC) --  N/A  KHz (0.02 KHz) 
**Core 03 Thread 11 Finished:   insts:20          cycles:881        (4400)  seconds:1     -- 0.02 IPC (0.02 IPC) --  N/A  KHz (0.02 KHz) 
**Core 03 Thread 14 Finished:   insts:20          cycles:882        (4405)  seconds:1     -- 0.02 IPC (0.02 IPC) --  N/A  KHz (0.02 KHz) 
**Core 03 Thread 15 Finished:   insts:20          cycles:883        (4410)  seconds:1     -- 0.02 IPC (0.02 IPC) --  N/A  KHz (0.02 KHz) 
**Core 03 Thread 08 Finished:   insts:20          cycles:884        (4415)  seconds:1     -- 0.02 IPC (0.02 IPC) --  N/A  KHz (0.02 KHz) 
**Core 03 Thread 12 Finished:   insts:20          cycles:885        (4420)  seconds:1     -- 0.02 IPC (0.02 IPC) --  N/A  KHz (0.02 KHz) 
**Core 03 Thread 09 Finished:   insts:20          cycles:886        (4425)  seconds:1     -- 0.02 IPC (0.02 IPC) --  N/A  KHz (0.02 KHz) 
**Core 03 Thread 13 Finished:   insts:20          cycles:887        (4430)  seconds:1     -- 0.02 IPC (0.02 IPC) --  N/A  KHz (0.02 KHz) 
src/process_manager.cc:434: (I=20  C=4430):  setup_process:0 /benchrun/macsim/cuda6-transpose/sm86_a4000/input-repeat1-dimx32-dimy32/results/traces/_Z13copySharedMemPfS_ii_0/Trace.txt current_index:2 (16)
trace:/benchrun/macsim/cuda6-transpose/sm86_a4000/input-repeat1-dimx32-dimy32/results/traces/_Z13copySharedMemPfS_ii_0/Trace.txt is opened 
src/process_manager.cc:541: (I=20  C=4430):  thread_count:32
**Core 03 Thread 17 Finished:   insts:39          cycles:1500       (7495)  seconds:1     -- 0.03 IPC (0.03 IPC) --  N/A  KHz (0.04 KHz) 
**Core 01 Thread 17 Finished:   insts:39          cycles:1501       (7500)  seconds:2     -- 0.03 IPC (0.03 IPC) --  N/A  KHz (0.02 KHz) 
**Core 02 Thread 17 Finished:   insts:39          cycles:1502       (7505)  seconds:1     -- 0.03 IPC (0.03 IPC) --  N/A  KHz (0.04 KHz) 
**Core 01 Thread 18 Finished:   insts:39          cycles:1503       (7510)  seconds:2     -- 0.03 IPC (0.03 IPC) --  N/A  KHz (0.02 KHz) 
**Core 02 Thread 18 Finished:   insts:39          cycles:1504       (7515)  seconds:1     -- 0.03 IPC (0.03 IPC) --  N/A  KHz (0.04 KHz) 
**Core 00 Thread 17 Finished:   insts:39          cycles:1505       (7520)  seconds:2     -- 0.03 IPC (0.03 IPC) --  N/A  KHz (0.02 KHz) 
**Core 01 Thread 19 Finished:   insts:39          cycles:1505       (7520)  seconds:2     -- 0.03 IPC (0.03 IPC) --  N/A  KHz (0.02 KHz) 
**Core 00 Thread 19 Finished:   insts:39          cycles:1507       (7530)  seconds:2     -- 0.03 IPC (0.03 IPC) --  N/A  KHz (0.02 KHz) 
**Core 01 Thread 20 Finished:   insts:39          cycles:1507       (7530)  seconds:2     -- 0.03 IPC (0.03 IPC) --  N/A  KHz (0.02 KHz) 
**Core 00 Thread 20 Finished:   insts:39          cycles:1509       (7540)  seconds:2     -- 0.03 IPC (0.03 IPC) --  N/A  KHz (0.02 KHz) 
**Core 01 Thread 21 Finished:   insts:39          cycles:1513       (7560)  seconds:2     -- 0.03 IPC (0.03 IPC) --  N/A  KHz (0.02 KHz) 
**Core 00 Thread 21 Finished:   insts:39          cycles:1514       (7565)  seconds:2     -- 0.03 IPC (0.03 IPC) --  N/A  KHz (0.02 KHz) 
**Core 01 Thread 22 Finished:   insts:39          cycles:1515       (7570)  seconds:2     -- 0.03 IPC (0.03 IPC) --  N/A  KHz (0.02 KHz) 
**Core 00 Thread 22 Finished:   insts:39          cycles:1516       (7575)  seconds:2     -- 0.03 IPC (0.03 IPC) --  N/A  KHz (0.02 KHz) 
**Core 01 Thread 23 Finished:   insts:39          cycles:1517       (7580)  seconds:2     -- 0.03 IPC (0.03 IPC) --  N/A  KHz (0.02 KHz) 
**Core 00 Thread 23 Finished:   insts:39          cycles:1518       (7585)  seconds:2     -- 0.03 IPC (0.03 IPC) --  N/A  KHz (0.02 KHz) 
**Core 00 Thread 16 Finished:   insts:40          cycles:1528       (7635)  seconds:2     -- 0.03 IPC (0.03 IPC) --  N/A  KHz (0.02 KHz) 
**Core 00 Thread 18 Finished:   insts:39          cycles:1529       (7640)  seconds:2     -- 0.03 IPC (0.03 IPC) --  N/A  KHz (0.02 KHz) 
**Core 00 Core_Total  Finished:   insts:633         cycles:1529       (7640) seconds:2     -- 0.41 IPC (0.41 IPC) --  N/A  KHz (0.32 KHz)
**Core 01 Thread 16 Finished:   insts:40          cycles:1530       (7645)  seconds:2     -- 0.03 IPC (0.03 IPC) --  N/A  KHz (0.02 KHz) 
**Core 01 Core_Total  Finished:   insts:633         cycles:1530       (7645) seconds:2     -- 0.41 IPC (0.41 IPC) --  N/A  KHz (0.32 KHz)
**Core 02 Thread 19 Finished:   insts:39          cycles:1531       (7650)  seconds:1     -- 0.03 IPC (0.03 IPC) --  N/A  KHz (0.04 KHz) 
**Core 02 Thread 20 Finished:   insts:39          cycles:1534       (7665)  seconds:1     -- 0.03 IPC (0.03 IPC) --  N/A  KHz (0.04 KHz) 
**Core 02 Thread 21 Finished:   insts:39          cycles:1535       (7670)  seconds:1     -- 0.03 IPC (0.03 IPC) --  N/A  KHz (0.04 KHz) 
**Core 02 Thread 22 Finished:   insts:39          cycles:1536       (7675)  seconds:1     -- 0.03 IPC (0.03 IPC) --  N/A  KHz (0.04 KHz) 
**Core 02 Thread 23 Finished:   insts:39          cycles:1538       (7685)  seconds:1     -- 0.03 IPC (0.03 IPC) --  N/A  KHz (0.04 KHz) 
**Core 02 Thread 16 Finished:   insts:40          cycles:1539       (7690)  seconds:1     -- 0.03 IPC (0.03 IPC) --  N/A  KHz (0.04 KHz) 
**Core 02 Core_Total  Finished:   insts:633         cycles:1539       (7690) seconds:1     -- 0.41 IPC (0.41 IPC) --  N/A  KHz (0.63 KHz)
**Core 03 Thread 18 Finished:   insts:39          cycles:1540       (7695)  seconds:1     -- 0.03 IPC (0.03 IPC) --  N/A  KHz (0.04 KHz) 
**Core 03 Thread 19 Finished:   insts:39          cycles:1541       (7700)  seconds:1     -- 0.03 IPC (0.03 IPC) --  N/A  KHz (0.04 KHz) 
**Core 03 Thread 20 Finished:   insts:39          cycles:1542       (7705)  seconds:1     -- 0.03 IPC (0.03 IPC) --  N/A  KHz (0.04 KHz) 
**Core 03 Thread 21 Finished:   insts:39          cycles:1543       (7710)  seconds:1     -- 0.03 IPC (0.03 IPC) --  N/A  KHz (0.04 KHz) 
**Core 03 Thread 22 Finished:   insts:39          cycles:1546       (7725)  seconds:1     -- 0.03 IPC (0.03 IPC) --  N/A  KHz (0.04 KHz) 
**Core 03 Thread 23 Finished:   insts:39          cycles:1547       (7730)  seconds:1     -- 0.03 IPC (0.03 IPC) --  N/A  KHz (0.04 KHz) 
**Core 03 Thread 16 Finished:   insts:40          cycles:1551       (7750)  seconds:1     -- 0.03 IPC (0.03 IPC) --  N/A  KHz (0.04 KHz) 
src/process_manager.cc:434: (I=20  C=7750):  setup_process:0 /benchrun/macsim/cuda6-transpose/sm86_a4000/input-repeat1-dimx32-dimy32/results/traces/_Z13copySharedMemPfS_ii_1/Trace.txt current_index:3 (16)
trace:/benchrun/macsim/cuda6-transpose/sm86_a4000/input-repeat1-dimx32-dimy32/results/traces/_Z13copySharedMemPfS_ii_1/Trace.txt is opened 
src/process_manager.cc:541: (I=20  C=7750):  thread_count:32
**Core 03 Thread 25 Finished:   insts:39          cycles:2167       (10830)  seconds:1     -- 0.02 IPC (0.02 IPC) --  N/A  KHz (0.04 KHz) 
**Core 00 Thread 25 Finished:   insts:39          cycles:2168       (10835)  seconds:2     -- 0.02 IPC (0.02 IPC) --  N/A  KHz (0.02 KHz) 
**Core 01 Thread 25 Finished:   insts:39          cycles:2169       (10840)  seconds:2     -- 0.02 IPC (0.02 IPC) --  N/A  KHz (0.02 KHz) 
**Core 00 Thread 26 Finished:   insts:39          cycles:2170       (10845)  seconds:2     -- 0.02 IPC (0.02 IPC) --  N/A  KHz (0.02 KHz) 
**Core 01 Thread 28 Finished:   insts:39          cycles:2171       (10850)  seconds:2     -- 0.02 IPC (0.02 IPC) --  N/A  KHz (0.02 KHz) 
**Core 00 Thread 27 Finished:   insts:39          cycles:2172       (10855)  seconds:2     -- 0.02 IPC (0.02 IPC) --  N/A  KHz (0.02 KHz) 
**Core 02 Thread 25 Finished:   insts:39          cycles:2173       (10860)  seconds:1     -- 0.02 IPC (0.02 IPC) --  N/A  KHz (0.04 KHz) 
**Core 00 Thread 28 Finished:   insts:39          cycles:2174       (10865)  seconds:2     -- 0.02 IPC (0.02 IPC) --  N/A  KHz (0.02 KHz) 
**Core 01 Thread 26 Finished:   insts:39          cycles:2175       (10870)  seconds:2     -- 0.02 IPC (0.02 IPC) --  N/A  KHz (0.02 KHz) 
**Core 00 Thread 29 Finished:   insts:39          cycles:2181       (10900)  seconds:2     -- 0.02 IPC (0.02 IPC) --  N/A  KHz (0.02 KHz) 
**Core 01 Thread 27 Finished:   insts:39          cycles:2182       (10905)  seconds:2     -- 0.02 IPC (0.02 IPC) --  N/A  KHz (0.02 KHz) 
**Core 00 Thread 30 Finished:   insts:39          cycles:2183       (10910)  seconds:2     -- 0.02 IPC (0.02 IPC) --  N/A  KHz (0.02 KHz) 
**Core 01 Thread 24 Finished:   insts:40          cycles:2184       (10915)  seconds:2     -- 0.02 IPC (0.02 IPC) --  N/A  KHz (0.02 KHz) 
**Core 00 Thread 31 Finished:   insts:39          cycles:2185       (10920)  seconds:2     -- 0.02 IPC (0.02 IPC) --  N/A  KHz (0.02 KHz) 
**Core 01 Thread 29 Finished:   insts:39          cycles:2186       (10925)  seconds:2     -- 0.02 IPC (0.02 IPC) --  N/A  KHz (0.02 KHz) 
**Core 00 Thread 24 Finished:   insts:40          cycles:2187       (10930)  seconds:2     -- 0.02 IPC (0.02 IPC) --  N/A  KHz (0.02 KHz) 
**Core 00 Core_Total  Finished:   insts:946         cycles:2187       (10930) seconds:2     -- 0.43 IPC (0.43 IPC) --  N/A  KHz (0.47 KHz)
**Core 01 Thread 30 Finished:   insts:39          cycles:2188       (10935)  seconds:2     -- 0.02 IPC (0.02 IPC) --  N/A  KHz (0.02 KHz) 
**Core 02 Thread 28 Finished:   insts:39          cycles:2189       (10940)  seconds:1     -- 0.02 IPC (0.02 IPC) --  N/A  KHz (0.04 KHz) 
**Core 01 Thread 31 Finished:   insts:39          cycles:2195       (10970)  seconds:2     -- 0.02 IPC (0.02 IPC) --  N/A  KHz (0.02 KHz) 
**Core 01 Core_Total  Finished:   insts:946         cycles:2195       (10970) seconds:2     -- 0.43 IPC (0.43 IPC) --  N/A  KHz (0.47 KHz)
**Core 03 Thread 26 Finished:   insts:39          cycles:2196       (10975)  seconds:1     -- 0.02 IPC (0.02 IPC) --  N/A  KHz (0.04 KHz) 
**Core 02 Thread 26 Finished:   insts:39          cycles:2197       (10980)  seconds:1     -- 0.02 IPC (0.02 IPC) --  N/A  KHz (0.04 KHz) 
**Core 02 Thread 27 Finished:   insts:39          cycles:2198       (10985)  seconds:1     -- 0.02 IPC (0.02 IPC) --  N/A  KHz (0.04 KHz) 
**Core 02 Thread 24 Finished:   insts:40          cycles:2199       (10990)  seconds:1     -- 0.02 IPC (0.02 IPC) --  N/A  KHz (0.04 KHz) 
**Core 02 Thread 29 Finished:   insts:39          cycles:2200       (10995)  seconds:1     -- 0.02 IPC (0.02 IPC) --  N/A  KHz (0.04 KHz) 
**Core 02 Thread 30 Finished:   insts:39          cycles:2201       (11000)  seconds:1     -- 0.02 IPC (0.02 IPC) --  N/A  KHz (0.04 KHz) 
**Core 02 Thread 31 Finished:   insts:39          cycles:2204       (11015)  seconds:1     -- 0.02 IPC (0.02 IPC) --  N/A  KHz (0.04 KHz) 
**Core 02 Core_Total  Finished:   insts:946         cycles:2204       (11015) seconds:1     -- 0.43 IPC (0.43 IPC) --  N/A  KHz (0.95 KHz)
**Core 03 Thread 27 Finished:   insts:39          cycles:2205       (11020)  seconds:1     -- 0.02 IPC (0.02 IPC) --  N/A  KHz (0.04 KHz) 
**Core 03 Thread 28 Finished:   insts:39          cycles:2206       (11025)  seconds:1     -- 0.02 IPC (0.02 IPC) --  N/A  KHz (0.04 KHz) 
**Core 03 Thread 29 Finished:   insts:39          cycles:2207       (11030)  seconds:1     -- 0.02 IPC (0.02 IPC) --  N/A  KHz (0.04 KHz) 
**Core 03 Thread 30 Finished:   insts:39          cycles:2208       (11035)  seconds:1     -- 0.02 IPC (0.02 IPC) --  N/A  KHz (0.04 KHz) 
**Core 03 Thread 31 Finished:   insts:39          cycles:2216       (11075)  seconds:1     -- 0.02 IPC (0.02 IPC) --  N/A  KHz (0.04 KHz) 
**Core 03 Thread 24 Finished:   insts:40          cycles:2217       (11080)  seconds:1     -- 0.02 IPC (0.02 IPC) --  N/A  KHz (0.04 KHz) 
src/process_manager.cc:434: (I=20  C=11080):  setup_process:0 /benchrun/macsim/cuda6-transpose/sm86_a4000/input-repeat1-dimx32-dimy32/results/traces/_Z14transposeNaivePfS_ii_0/Trace.txt current_index:4 (16)
trace:/benchrun/macsim/cuda6-transpose/sm86_a4000/input-repeat1-dimx32-dimy32/results/traces/_Z14transposeNaivePfS_ii_0/Trace.txt is opened 
src/process_manager.cc:541: (I=20  C=11080):  thread_count:32
**Core 00 Thread 32 Finished:   insts:25          cycles:2607       (13030)  seconds:2     -- 0.01 IPC (0.01 IPC) --  N/A  KHz (0.01 KHz) 
**Core 00 Thread 34 Finished:   insts:25          cycles:2623       (13110)  seconds:2     -- 0.01 IPC (0.01 IPC) --  N/A  KHz (0.01 KHz) 
**Core 00 Thread 35 Finished:   insts:25          cycles:2641       (13200)  seconds:2     -- 0.01 IPC (0.01 IPC) --  N/A  KHz (0.01 KHz) 
**Core 00 Thread 36 Finished:   insts:25          cycles:2664       (13315)  seconds:2     -- 0.01 IPC (0.01 IPC) --  N/A  KHz (0.01 KHz) 
**Core 00 Thread 33 Finished:   insts:25          cycles:2672       (13355)  seconds:2     -- 0.01 IPC (0.01 IPC) --  N/A  KHz (0.01 KHz) 
**Core 00 Thread 38 Finished:   insts:25          cycles:2694       (13465)  seconds:2     -- 0.01 IPC (0.01 IPC) --  N/A  KHz (0.01 KHz) 
**Core 00 Thread 39 Finished:   insts:25          cycles:2710       (13545)  seconds:2     -- 0.01 IPC (0.01 IPC) --  N/A  KHz (0.01 KHz) 
**Core 00 Thread 37 Finished:   insts:25          cycles:2729       (13640)  seconds:2     -- 0.01 IPC (0.01 IPC) --  N/A  KHz (0.01 KHz) 
**Core 00 Core_Total  Finished:   insts:1146        cycles:2729       (13640) seconds:2     -- 0.42 IPC (0.42 IPC) --  N/A  KHz (0.57 KHz)
**Core 01 Thread 32 Finished:   insts:25          cycles:2740       (13695)  seconds:2     -- 0.01 IPC (0.01 IPC) --  N/A  KHz (0.01 KHz) 
**Core 01 Thread 33 Finished:   insts:25          cycles:2763       (13810)  seconds:2     -- 0.01 IPC (0.01 IPC) --  N/A  KHz (0.01 KHz) 
**Core 01 Thread 34 Finished:   insts:25          cycles:2778       (13885)  seconds:2     -- 0.01 IPC (0.01 IPC) --  N/A  KHz (0.01 KHz) 
**Core 01 Thread 35 Finished:   insts:25          cycles:2793       (13960)  seconds:2     -- 0.01 IPC (0.01 IPC) --  N/A  KHz (0.01 KHz) 
**Core 01 Thread 39 Finished:   insts:25          cycles:2809       (14040)  seconds:2     -- 0.01 IPC (0.01 IPC) --  N/A  KHz (0.01 KHz) 
**Core 01 Thread 36 Finished:   insts:25          cycles:2823       (14110)  seconds:2     -- 0.01 IPC (0.01 IPC) --  N/A  KHz (0.01 KHz) 
**Core 01 Thread 37 Finished:   insts:25          cycles:2842       (14205)  seconds:2     -- 0.01 IPC (0.01 IPC) --  N/A  KHz (0.01 KHz) 
**Core 01 Thread 38 Finished:   insts:25          cycles:2863       (14310)  seconds:2     -- 0.01 IPC (0.01 IPC) --  N/A  KHz (0.01 KHz) 
**Core 01 Core_Total  Finished:   insts:1146        cycles:2863       (14310) seconds:2     -- 0.40 IPC (0.40 IPC) --  N/A  KHz (0.57 KHz)
**Core 02 Thread 32 Finished:   insts:25          cycles:2869       (14340)  seconds:1     -- 0.01 IPC (0.01 IPC) --  N/A  KHz (0.03 KHz) 
**Core 02 Thread 33 Finished:   insts:25          cycles:2882       (14405)  seconds:1     -- 0.01 IPC (0.01 IPC) --  N/A  KHz (0.03 KHz) 
**Core 02 Thread 34 Finished:   insts:25          cycles:2906       (14525)  seconds:1     -- 0.01 IPC (0.01 IPC) --  N/A  KHz (0.03 KHz) 
**Core 02 Thread 35 Finished:   insts:25          cycles:2919       (14590)  seconds:1     -- 0.01 IPC (0.01 IPC) --  N/A  KHz (0.03 KHz) 
**Core 02 Thread 36 Finished:   insts:25          cycles:2936       (14675)  seconds:1     -- 0.01 IPC (0.01 IPC) --  N/A  KHz (0.03 KHz) 
**Core 02 Thread 37 Finished:   insts:25          cycles:2950       (14745)  seconds:1     -- 0.01 IPC (0.01 IPC) --  N/A  KHz (0.03 KHz) 
**Core 02 Thread 38 Finished:   insts:25          cycles:2969       (14840)  seconds:1     -- 0.01 IPC (0.01 IPC) --  N/A  KHz (0.03 KHz) 
**Core 02 Thread 39 Finished:   insts:25          cycles:2982       (14905)  seconds:1     -- 0.01 IPC (0.01 IPC) --  N/A  KHz (0.03 KHz) 
**Core 02 Core_Total  Finished:   insts:1146        cycles:2982       (14905) seconds:1     -- 0.38 IPC (0.38 IPC) --  N/A  KHz (1.15 KHz)
**Core 03 Thread 32 Finished:   insts:25          cycles:2983       (14910)  seconds:1     -- 0.01 IPC (0.01 IPC) --  N/A  KHz (0.03 KHz) 
**Core 03 Thread 33 Finished:   insts:25          cycles:3005       (15020)  seconds:1     -- 0.01 IPC (0.01 IPC) --  N/A  KHz (0.03 KHz) 
**Core 03 Thread 34 Finished:   insts:25          cycles:3019       (15090)  seconds:1     -- 0.01 IPC (0.01 IPC) --  N/A  KHz (0.03 KHz) 
**Core 03 Thread 35 Finished:   insts:25          cycles:3036       (15175)  seconds:1     -- 0.01 IPC (0.01 IPC) --  N/A  KHz (0.03 KHz) 
**Core 03 Thread 36 Finished:   insts:25          cycles:3050       (15245)  seconds:1     -- 0.01 IPC (0.01 IPC) --  N/A  KHz (0.03 KHz) 
**Core 03 Thread 37 Finished:   insts:25          cycles:3065       (15320)  seconds:1     -- 0.01 IPC (0.01 IPC) --  N/A  KHz (0.03 KHz) 
**Core 03 Thread 38 Finished:   insts:25          cycles:3081       (15400)  seconds:1     -- 0.01 IPC (0.01 IPC) --  N/A  KHz (0.03 KHz) 
**Core 03 Thread 39 Finished:   insts:25          cycles:3097       (15480)  seconds:1     -- 0.01 IPC (0.01 IPC) --  N/A  KHz (0.03 KHz) 
src/process_manager.cc:434: (I=20  C=15480):  setup_process:0 /benchrun/macsim/cuda6-transpose/sm86_a4000/input-repeat1-dimx32-dimy32/results/traces/_Z14transposeNaivePfS_ii_1/Trace.txt current_index:5 (16)
trace:/benchrun/macsim/cuda6-transpose/sm86_a4000/input-repeat1-dimx32-dimy32/results/traces/_Z14transposeNaivePfS_ii_1/Trace.txt is opened 
src/process_manager.cc:541: (I=20  C=15480):  thread_count:32
**Core 00 Thread 40 Finished:   insts:25          cycles:3487       (17430)  seconds:2     -- 0.01 IPC (0.01 IPC) --  N/A  KHz (0.01 KHz) 
**Core 00 Thread 42 Finished:   insts:25          cycles:3503       (17510)  seconds:2     -- 0.01 IPC (0.01 IPC) --  N/A  KHz (0.01 KHz) 
**Core 00 Thread 43 Finished:   insts:25          cycles:3519       (17590)  seconds:2     -- 0.01 IPC (0.01 IPC) --  N/A  KHz (0.01 KHz) 
**Core 00 Thread 44 Finished:   insts:25          cycles:3533       (17660)  seconds:2     -- 0.01 IPC (0.01 IPC) --  N/A  KHz (0.01 KHz) 
**Core 00 Thread 41 Finished:   insts:25          cycles:3552       (17755)  seconds:2     -- 0.01 IPC (0.01 IPC) --  N/A  KHz (0.01 KHz) 
**Core 00 Thread 46 Finished:   insts:25          cycles:3574       (17865)  seconds:2     -- 0.01 IPC (0.01 IPC) --  N/A  KHz (0.01 KHz) 
**Core 00 Thread 47 Finished:   insts:25          cycles:3589       (17940)  seconds:2     -- 0.01 IPC (0.01 IPC) --  N/A  KHz (0.01 KHz) 
**Core 00 Thread 45 Finished:   insts:25          cycles:3604       (18015)  seconds:2     -- 0.01 IPC (0.01 IPC) --  N/A  KHz (0.01 KHz) 
**Core 00 Core_Total  Finished:   insts:1346        cycles:3604       (18015) seconds:2     -- 0.37 IPC (0.37 IPC) --  N/A  KHz (0.67 KHz)
**Core 01 Thread 40 Finished:   insts:25          cycles:3619       (18090)  seconds:2     -- 0.01 IPC (0.01 IPC) --  N/A  KHz (0.01 KHz) 
**Core 01 Thread 43 Finished:   insts:25          cycles:3633       (18160)  seconds:2     -- 0.01 IPC (0.01 IPC) --  N/A  KHz (0.01 KHz) 
**Core 01 Thread 41 Finished:   insts:25          cycles:3651       (18250)  seconds:2     -- 0.01 IPC (0.01 IPC) --  N/A  KHz (0.01 KHz) 
**Core 01 Thread 45 Finished:   insts:25          cycles:3672       (18355)  seconds:2     -- 0.01 IPC (0.01 IPC) --  N/A  KHz (0.01 KHz) 
**Core 01 Thread 42 Finished:   insts:25          cycles:3688       (18435)  seconds:2     -- 0.01 IPC (0.01 IPC) --  N/A  KHz (0.01 KHz) 
**Core 01 Thread 47 Finished:   insts:25          cycles:3703       (18510)  seconds:2     -- 0.01 IPC (0.01 IPC) --  N/A  KHz (0.01 KHz) 
**Core 01 Thread 44 Finished:   insts:25          cycles:3720       (18595)  seconds:2     -- 0.01 IPC (0.01 IPC) --  N/A  KHz (0.01 KHz) 
**Core 01 Thread 46 Finished:   insts:25          cycles:3734       (18665)  seconds:2     -- 0.01 IPC (0.01 IPC) --  N/A  KHz (0.01 KHz) 
**Core 01 Core_Total  Finished:   insts:1346        cycles:3734       (18665) seconds:2     -- 0.36 IPC (0.36 IPC) --  N/A  KHz (0.67 KHz)
**Core 02 Thread 40 Finished:   insts:25          cycles:3748       (18735)  seconds:1     -- 0.01 IPC (0.01 IPC) --  N/A  KHz (0.03 KHz) 
**Core 02 Thread 43 Finished:   insts:25          cycles:3762       (18805)  seconds:1     -- 0.01 IPC (0.01 IPC) --  N/A  KHz (0.03 KHz) 
**Core 02 Thread 41 Finished:   insts:25          cycles:3780       (18895)  seconds:1     -- 0.01 IPC (0.01 IPC) --  N/A  KHz (0.03 KHz) 
**Core 02 Thread 45 Finished:   insts:25          cycles:3794       (18965)  seconds:1     -- 0.01 IPC (0.01 IPC) --  N/A  KHz (0.03 KHz) 
**Core 02 Thread 42 Finished:   insts:25          cycles:3815       (19070)  seconds:1     -- 0.01 IPC (0.01 IPC) --  N/A  KHz (0.03 KHz) 
**Core 02 Thread 47 Finished:   insts:25          cycles:3830       (19145)  seconds:1     -- 0.01 IPC (0.01 IPC) --  N/A  KHz (0.03 KHz) 
**Core 02 Thread 44 Finished:   insts:25          cycles:3846       (19225)  seconds:1     -- 0.01 IPC (0.01 IPC) --  N/A  KHz (0.03 KHz) 
**Core 02 Thread 46 Finished:   insts:25          cycles:3860       (19295)  seconds:1     -- 0.01 IPC (0.01 IPC) --  N/A  KHz (0.03 KHz) 
**Core 02 Core_Total  Finished:   insts:1346        cycles:3860       (19295) seconds:1     -- 0.35 IPC (0.35 IPC) --  N/A  KHz (1.35 KHz)
**Core 03 Thread 40 Finished:   insts:25          cycles:3865       (19320)  seconds:1     -- 0.01 IPC (0.01 IPC) --  N/A  KHz (0.03 KHz) 
**Core 03 Thread 41 Finished:   insts:25          cycles:3885       (19420)  seconds:1     -- 0.01 IPC (0.01 IPC) --  N/A  KHz (0.03 KHz) 
**Core 03 Thread 42 Finished:   insts:25          cycles:3900       (19495)  seconds:1     -- 0.01 IPC (0.01 IPC) --  N/A  KHz (0.03 KHz) 
**Core 03 Thread 43 Finished:   insts:25          cycles:3916       (19575)  seconds:1     -- 0.01 IPC (0.01 IPC) --  N/A  KHz (0.03 KHz) 
**Core 03 Thread 44 Finished:   insts:25          cycles:3929       (19640)  seconds:1     -- 0.01 IPC (0.01 IPC) --  N/A  KHz (0.03 KHz) 
**Core 03 Thread 45 Finished:   insts:25          cycles:3947       (19730)  seconds:1     -- 0.01 IPC (0.01 IPC) --  N/A  KHz (0.03 KHz) 
**Core 03 Thread 46 Finished:   insts:25          cycles:3960       (19795)  seconds:1     -- 0.01 IPC (0.01 IPC) --  N/A  KHz (0.03 KHz) 
**Core 03 Thread 47 Finished:   insts:25          cycles:3977       (19880)  seconds:1     -- 0.01 IPC (0.01 IPC) --  N/A  KHz (0.03 KHz) 
src/process_manager.cc:434: (I=20  C=19880):  setup_process:0 /benchrun/macsim/cuda6-transpose/sm86_a4000/input-repeat1-dimx32-dimy32/results/traces/_Z18transposeCoalescedPfS_ii_0/Trace.txt current_index:6 (16)
trace:/benchrun/macsim/cuda6-transpose/sm86_a4000/input-repeat1-dimx32-dimy32/results/traces/_Z18transposeCoalescedPfS_ii_0/Trace.txt is opened 
src/process_manager.cc:541: (I=20  C=19880):  thread_count:32
**Core 03 Thread 48 Finished:   insts:39          cycles:4609       (23040)  seconds:1     -- 0.01 IPC (0.01 IPC) --  N/A  KHz (0.04 KHz) 
**Core 01 Thread 48 Finished:   insts:39          cycles:4610       (23045)  seconds:2     -- 0.01 IPC (0.01 IPC) --  N/A  KHz (0.02 KHz) 
**Core 00 Thread 48 Finished:   insts:39          cycles:4611       (23050)  seconds:2     -- 0.01 IPC (0.01 IPC) --  N/A  KHz (0.02 KHz) 
**Core 03 Thread 49 Finished:   insts:39          cycles:4612       (23055)  seconds:1     -- 0.01 IPC (0.01 IPC) --  N/A  KHz (0.04 KHz) 
**Core 00 Thread 49 Finished:   insts:39          cycles:4613       (23060)  seconds:2     -- 0.01 IPC (0.01 IPC) --  N/A  KHz (0.02 KHz) 
**Core 01 Thread 49 Finished:   insts:39          cycles:4614       (23065)  seconds:2     -- 0.01 IPC (0.01 IPC) --  N/A  KHz (0.02 KHz) 
**Core 01 Thread 50 Finished:   insts:39          cycles:4615       (23070)  seconds:2     -- 0.01 IPC (0.01 IPC) --  N/A  KHz (0.02 KHz) 
**Core 01 Thread 52 Finished:   insts:39          cycles:4616       (23075)  seconds:2     -- 0.01 IPC (0.01 IPC) --  N/A  KHz (0.02 KHz) 
**Core 00 Thread 50 Finished:   insts:39          cycles:4617       (23080)  seconds:2     -- 0.01 IPC (0.01 IPC) --  N/A  KHz (0.02 KHz) 
**Core 00 Thread 51 Finished:   insts:39          cycles:4623       (23110)  seconds:2     -- 0.01 IPC (0.01 IPC) --  N/A  KHz (0.02 KHz) 
**Core 01 Thread 53 Finished:   insts:39          cycles:4624       (23115)  seconds:2     -- 0.01 IPC (0.01 IPC) --  N/A  KHz (0.02 KHz) 
**Core 01 Thread 54 Finished:   insts:39          cycles:4625       (23120)  seconds:2     -- 0.01 IPC (0.01 IPC) --  N/A  KHz (0.02 KHz) 
**Core 00 Thread 52 Finished:   insts:39          cycles:4626       (23125)  seconds:2     -- 0.01 IPC (0.01 IPC) --  N/A  KHz (0.02 KHz) 
**Core 01 Thread 51 Finished:   insts:39          cycles:4627       (23130)  seconds:2     -- 0.01 IPC (0.01 IPC) --  N/A  KHz (0.02 KHz) 
**Core 00 Thread 55 Finished:   insts:39          cycles:4628       (23135)  seconds:2     -- 0.01 IPC (0.01 IPC) --  N/A  KHz (0.02 KHz) 
**Core 00 Thread 53 Finished:   insts:39          cycles:4629       (23140)  seconds:2     -- 0.01 IPC (0.01 IPC) --  N/A  KHz (0.02 KHz) 
**Core 00 Thread 54 Finished:   insts:39          cycles:4630       (23145)  seconds:2     -- 0.01 IPC (0.01 IPC) --  N/A  KHz (0.02 KHz) 
**Core 00 Core_Total  Finished:   insts:1658        cycles:4630       (23145) seconds:2     -- 0.36 IPC (0.36 IPC) --  N/A  KHz (0.83 KHz)
**Core 02 Thread 48 Finished:   insts:39          cycles:4631       (23150)  seconds:1     -- 0.01 IPC (0.01 IPC) --  N/A  KHz (0.04 KHz) 
**Core 01 Thread 55 Finished:   insts:39          cycles:4637       (23180)  seconds:2     -- 0.01 IPC (0.01 IPC) --  N/A  KHz (0.02 KHz) 
**Core 01 Core_Total  Finished:   insts:1658        cycles:4637       (23180) seconds:2     -- 0.36 IPC (0.36 IPC) --  N/A  KHz (0.83 KHz)
**Core 02 Thread 49 Finished:   insts:39          cycles:4638       (23185)  seconds:1     -- 0.01 IPC (0.01 IPC) --  N/A  KHz (0.04 KHz) 
**Core 02 Thread 50 Finished:   insts:39          cycles:4639       (23190)  seconds:1     -- 0.01 IPC (0.01 IPC) --  N/A  KHz (0.04 KHz) 
**Core 02 Thread 53 Finished:   insts:39          cycles:4640       (23195)  seconds:1     -- 0.01 IPC (0.01 IPC) --  N/A  KHz (0.04 KHz) 
**Core 02 Thread 51 Finished:   insts:39          cycles:4641       (23200)  seconds:1     -- 0.01 IPC (0.01 IPC) --  N/A  KHz (0.04 KHz) 
**Core 02 Thread 54 Finished:   insts:39          cycles:4646       (23225)  seconds:1     -- 0.01 IPC (0.01 IPC) --  N/A  KHz (0.04 KHz) 
**Core 02 Thread 52 Finished:   insts:39          cycles:4647       (23230)  seconds:1     -- 0.01 IPC (0.01 IPC) --  N/A  KHz (0.04 KHz) 
**Core 02 Thread 55 Finished:   insts:39          cycles:4648       (23235)  seconds:1     -- 0.01 IPC (0.01 IPC) --  N/A  KHz (0.04 KHz) 
**Core 02 Core_Total  Finished:   insts:1658        cycles:4648       (23235) seconds:1     -- 0.36 IPC (0.36 IPC) --  N/A  KHz (1.66 KHz)
**Core 03 Thread 50 Finished:   insts:39          cycles:4649       (23240)  seconds:1     -- 0.01 IPC (0.01 IPC) --  N/A  KHz (0.04 KHz) 
**Core 03 Thread 52 Finished:   insts:39          cycles:4650       (23245)  seconds:1     -- 0.01 IPC (0.01 IPC) --  N/A  KHz (0.04 KHz) 
**Core 03 Thread 53 Finished:   insts:39          cycles:4656       (23275)  seconds:1     -- 0.01 IPC (0.01 IPC) --  N/A  KHz (0.04 KHz) 
**Core 03 Thread 54 Finished:   insts:39          cycles:4657       (23280)  seconds:1     -- 0.01 IPC (0.01 IPC) --  N/A  KHz (0.04 KHz) 
**Core 03 Thread 51 Finished:   insts:39          cycles:4658       (23285)  seconds:1     -- 0.01 IPC (0.01 IPC) --  N/A  KHz (0.04 KHz) 
**Core 03 Thread 55 Finished:   insts:39          cycles:4659       (23290)  seconds:1     -- 0.01 IPC (0.01 IPC) --  N/A  KHz (0.04 KHz) 
src/process_manager.cc:434: (I=20  C=23290):  setup_process:0 /benchrun/macsim/cuda6-transpose/sm86_a4000/input-repeat1-dimx32-dimy32/results/traces/_Z18transposeCoalescedPfS_ii_1/Trace.txt current_index:7 (16)
trace:/benchrun/macsim/cuda6-transpose/sm86_a4000/input-repeat1-dimx32-dimy32/results/traces/_Z18transposeCoalescedPfS_ii_1/Trace.txt is opened 
src/process_manager.cc:541: (I=20  C=23290):  thread_count:32
**Core 02 Thread 56 Finished:   insts:39          cycles:5291       (26450)  seconds:1     -- 0.01 IPC (0.01 IPC) --  N/A  KHz (0.04 KHz) 
**Core 02 Thread 57 Finished:   insts:39          cycles:5293       (26460)  seconds:1     -- 0.01 IPC (0.01 IPC) --  N/A  KHz (0.04 KHz) 
**Core 00 Thread 56 Finished:   insts:39          cycles:5294       (26465)  seconds:2     -- 0.01 IPC (0.01 IPC) --  N/A  KHz (0.02 KHz) 
**Core 01 Thread 56 Finished:   insts:39          cycles:5294       (26465)  seconds:2     -- 0.01 IPC (0.01 IPC) --  N/A  KHz (0.02 KHz) 
**Core 00 Thread 57 Finished:   insts:39          cycles:5296       (26475)  seconds:2     -- 0.01 IPC (0.01 IPC) --  N/A  KHz (0.02 KHz) 
**Core 01 Thread 57 Finished:   insts:39          cycles:5296       (26475)  seconds:2     -- 0.01 IPC (0.01 IPC) --  N/A  KHz (0.02 KHz) 
**Core 00 Thread 58 Finished:   insts:39          cycles:5298       (26485)  seconds:2     -- 0.01 IPC (0.01 IPC) --  N/A  KHz (0.02 KHz) 
**Core 01 Thread 58 Finished:   insts:39          cycles:5298       (26485)  seconds:2     -- 0.01 IPC (0.01 IPC) --  N/A  KHz (0.02 KHz) 
**Core 00 Thread 60 Finished:   insts:39          cycles:5300       (26495)  seconds:2     -- 0.01 IPC (0.01 IPC) --  N/A  KHz (0.02 KHz) 
**Core 01 Thread 60 Finished:   insts:39          cycles:5305       (26520)  seconds:2     -- 0.01 IPC (0.01 IPC) --  N/A  KHz (0.02 KHz) 
**Core 00 Thread 59 Finished:   insts:39          cycles:5306       (26525)  seconds:2     -- 0.01 IPC (0.01 IPC) --  N/A  KHz (0.02 KHz) 
**Core 01 Thread 61 Finished:   insts:39          cycles:5307       (26530)  seconds:2     -- 0.01 IPC (0.01 IPC) --  N/A  KHz (0.02 KHz) 
**Core 00 Thread 61 Finished:   insts:39          cycles:5308       (26535)  seconds:2     -- 0.01 IPC (0.01 IPC) --  N/A  KHz (0.02 KHz) 
**Core 01 Thread 62 Finished:   insts:39          cycles:5309       (26540)  seconds:2     -- 0.01 IPC (0.01 IPC) --  N/A  KHz (0.02 KHz) 
**Core 00 Thread 62 Finished:   insts:39          cycles:5310       (26545)  seconds:2     -- 0.01 IPC (0.01 IPC) --  N/A  KHz (0.02 KHz) 
**Core 03 Thread 56 Finished:   insts:39          cycles:5311       (26550)  seconds:1     -- 0.01 IPC (0.01 IPC) --  N/A  KHz (0.04 KHz) 
**Core 00 Thread 63 Finished:   insts:39          cycles:5319       (26590)  seconds:2     -- 0.01 IPC (0.01 IPC) --  N/A  KHz (0.02 KHz) 
**Core 00 Core_Total  Finished:   insts:1970        cycles:5319       (26590) seconds:2     -- 0.37 IPC (0.37 IPC) --  N/A  KHz (0.98 KHz)
**Core 01 Thread 59 Finished:   insts:39          cycles:5320       (26595)  seconds:2     -- 0.01 IPC (0.01 IPC) --  N/A  KHz (0.02 KHz) 
**Core 01 Thread 63 Finished:   insts:39          cycles:5321       (26600)  seconds:2     -- 0.01 IPC (0.01 IPC) --  N/A  KHz (0.02 KHz) 
**Core 01 Core_Total  Finished:   insts:1970        cycles:5321       (26600) seconds:2     -- 0.37 IPC (0.37 IPC) --  N/A  KHz (0.98 KHz)
**Core 02 Thread 58 Finished:   insts:39          cycles:5322       (26605)  seconds:1     -- 0.01 IPC (0.01 IPC) --  N/A  KHz (0.04 KHz) 
**Core 02 Thread 59 Finished:   insts:39          cycles:5323       (26610)  seconds:1     -- 0.01 IPC (0.01 IPC) --  N/A  KHz (0.04 KHz) 
**Core 02 Thread 60 Finished:   insts:39          cycles:5327       (26630)  seconds:1     -- 0.01 IPC (0.01 IPC) --  N/A  KHz (0.04 KHz) 
**Core 02 Thread 63 Finished:   insts:39          cycles:5329       (26640)  seconds:1     -- 0.01 IPC (0.01 IPC) --  N/A  KHz (0.04 KHz) 
**Core 02 Thread 61 Finished:   insts:39          cycles:5330       (26645)  seconds:1     -- 0.01 IPC (0.01 IPC) --  N/A  KHz (0.04 KHz) 
**Core 02 Thread 62 Finished:   insts:39          cycles:5331       (26650)  seconds:1     -- 0.01 IPC (0.01 IPC) --  N/A  KHz (0.04 KHz) 
**Core 02 Core_Total  Finished:   insts:1970        cycles:5331       (26650) seconds:1     -- 0.37 IPC (0.37 IPC) --  N/A  KHz (1.97 KHz)
**Core 03 Thread 57 Finished:   insts:39          cycles:5332       (26655)  seconds:1     -- 0.01 IPC (0.01 IPC) --  N/A  KHz (0.04 KHz) 
**Core 03 Thread 58 Finished:   insts:39          cycles:5333       (26660)  seconds:1     -- 0.01 IPC (0.01 IPC) --  N/A  KHz (0.04 KHz) 
**Core 03 Thread 60 Finished:   insts:39          cycles:5334       (26665)  seconds:1     -- 0.01 IPC (0.01 IPC) --  N/A  KHz (0.04 KHz) 
**Core 03 Thread 59 Finished:   insts:39          cycles:5338       (26685)  seconds:1     -- 0.01 IPC (0.01 IPC) --  N/A  KHz (0.04 KHz) 
**Core 03 Thread 61 Finished:   insts:39          cycles:5339       (26690)  seconds:1     -- 0.01 IPC (0.01 IPC) --  N/A  KHz (0.04 KHz) 
**Core 03 Thread 62 Finished:   insts:39          cycles:5340       (26695)  seconds:1     -- 0.01 IPC (0.01 IPC) --  N/A  KHz (0.04 KHz) 
**Core 03 Thread 63 Finished:   insts:39          cycles:5342       (26705)  seconds:1     -- 0.01 IPC (0.01 IPC) --  N/A  KHz (0.04 KHz) 
src/process_manager.cc:434: (I=20  C=26705):  setup_process:0 /benchrun/macsim/cuda6-transpose/sm86_a4000/input-repeat1-dimx32-dimy32/results/traces/_Z24transposeNoBankConflictsPfS_ii_0/Trace.txt current_index:8 (16)
trace:/benchrun/macsim/cuda6-transpose/sm86_a4000/input-repeat1-dimx32-dimy32/results/traces/_Z24transposeNoBankConflictsPfS_ii_0/Trace.txt is opened 
src/process_manager.cc:541: (I=20  C=26705):  thread_count:32
**Core 00 Thread 67 Finished:   insts:39          cycles:5975       (29870)  seconds:2     -- 0.01 IPC (0.01 IPC) --  N/A  KHz (0.02 KHz) 
**Core 03 Thread 67 Finished:   insts:39          cycles:5976       (29875)  seconds:1     -- 0.01 IPC (0.01 IPC) --  N/A  KHz (0.04 KHz) 
**Core 00 Thread 65 Finished:   insts:39          cycles:5979       (29890)  seconds:2     -- 0.01 IPC (0.01 IPC) --  N/A  KHz (0.02 KHz) 
**Core 01 Thread 67 Finished:   insts:39          cycles:5979       (29890)  seconds:2     -- 0.01 IPC (0.01 IPC) --  N/A  KHz (0.02 KHz) 
**Core 03 Thread 65 Finished:   insts:39          cycles:5980       (29895)  seconds:1     -- 0.01 IPC (0.01 IPC) --  N/A  KHz (0.04 KHz) 
**Core 02 Thread 66 Finished:   insts:39          cycles:5982       (29905)  seconds:1     -- 0.01 IPC (0.01 IPC) --  N/A  KHz (0.04 KHz) 
**Core 01 Thread 65 Finished:   insts:39          cycles:5983       (29910)  seconds:2     -- 0.01 IPC (0.01 IPC) --  N/A  KHz (0.02 KHz) 
**Core 02 Thread 64 Finished:   insts:39          cycles:5986       (29925)  seconds:1     -- 0.01 IPC (0.01 IPC) --  N/A  KHz (0.04 KHz) 
**Core 00 Thread 69 Finished:   insts:39          cycles:5987       (29930)  seconds:2     -- 0.01 IPC (0.01 IPC) --  N/A  KHz (0.02 KHz) 
**Core 03 Thread 69 Finished:   insts:39          cycles:5988       (29935)  seconds:1     -- 0.01 IPC (0.01 IPC) --  N/A  KHz (0.04 KHz) 
**Core 00 Thread 71 Finished:   insts:39          cycles:5989       (29940)  seconds:2     -- 0.01 IPC (0.01 IPC) --  N/A  KHz (0.02 KHz) 
**Core 00 Thread 66 Finished:   insts:39          cycles:5991       (29950)  seconds:2     -- 0.01 IPC (0.01 IPC) --  N/A  KHz (0.02 KHz) 
**Core 00 Thread 64 Finished:   insts:39          cycles:5991       (29950)  seconds:2     -- 0.01 IPC (0.01 IPC) --  N/A  KHz (0.02 KHz) 
**Core 00 Thread 70 Finished:   insts:39          cycles:6001       (30000)  seconds:2     -- 0.01 IPC (0.01 IPC) --  N/A  KHz (0.02 KHz) 
**Core 00 Thread 68 Finished:   insts:39          cycles:6002       (30005)  seconds:2     -- 0.01 IPC (0.01 IPC) --  N/A  KHz (0.02 KHz) 
**Core 00 Core_Total  Finished:   insts:2282        cycles:6002       (30005) seconds:2     -- 0.38 IPC (0.38 IPC) --  N/A  KHz (1.14 KHz)
**Core 01 Thread 69 Finished:   insts:39          cycles:6003       (30010)  seconds:2     -- 0.01 IPC (0.01 IPC) --  N/A  KHz (0.02 KHz) 
**Core 01 Thread 71 Finished:   insts:39          cycles:6004       (30015)  seconds:2     -- 0.01 IPC (0.01 IPC) --  N/A  KHz (0.02 KHz) 
**Core 01 Thread 66 Finished:   insts:39          cycles:6007       (30030)  seconds:2     -- 0.01 IPC (0.01 IPC) --  N/A  KHz (0.02 KHz) 
**Core 01 Thread 64 Finished:   insts:39          cycles:6008       (30035)  seconds:2     -- 0.01 IPC (0.01 IPC) --  N/A  KHz (0.02 KHz) 
**Core 01 Thread 70 Finished:   insts:39          cycles:6009       (30040)  seconds:2     -- 0.01 IPC (0.01 IPC) --  N/A  KHz (0.02 KHz) 
**Core 01 Thread 68 Finished:   insts:39          cycles:6014       (30065)  seconds:2     -- 0.01 IPC (0.01 IPC) --  N/A  KHz (0.02 KHz) 
**Core 01 Core_Total  Finished:   insts:2282        cycles:6014       (30065) seconds:2     -- 0.38 IPC (0.38 IPC) --  N/A  KHz (1.14 KHz)
**Core 02 Thread 68 Finished:   insts:39          cycles:6015       (30070)  seconds:1     -- 0.01 IPC (0.01 IPC) --  N/A  KHz (0.04 KHz) 
**Core 02 Thread 70 Finished:   insts:39          cycles:6016       (30075)  seconds:1     -- 0.01 IPC (0.01 IPC) --  N/A  KHz (0.04 KHz) 
**Core 02 Thread 65 Finished:   insts:39          cycles:6017       (30080)  seconds:1     -- 0.01 IPC (0.01 IPC) --  N/A  KHz (0.04 KHz) 
**Core 02 Thread 67 Finished:   insts:39          cycles:6018       (30085)  seconds:1     -- 0.01 IPC (0.01 IPC) --  N/A  KHz (0.04 KHz) 
**Core 03 Thread 71 Finished:   insts:39          cycles:6019       (30090)  seconds:1     -- 0.01 IPC (0.01 IPC) --  N/A  KHz (0.04 KHz) 
**Core 02 Thread 69 Finished:   insts:39          cycles:6020       (30095)  seconds:1     -- 0.01 IPC (0.01 IPC) --  N/A  KHz (0.04 KHz) 
**Core 02 Thread 71 Finished:   insts:39          cycles:6021       (30100)  seconds:1     -- 0.01 IPC (0.01 IPC) --  N/A  KHz (0.04 KHz) 
**Core 02 Core_Total  Finished:   insts:2282        cycles:6021       (30100) seconds:1     -- 0.38 IPC (0.38 IPC) --  N/A  KHz (2.28 KHz)
**Core 03 Thread 66 Finished:   insts:39          cycles:6024       (30115)  seconds:1     -- 0.01 IPC (0.01 IPC) --  N/A  KHz (0.04 KHz) 
**Core 03 Thread 64 Finished:   insts:39          cycles:6025       (30120)  seconds:1     -- 0.01 IPC (0.01 IPC) --  N/A  KHz (0.04 KHz) 
**Core 03 Thread 70 Finished:   insts:39          cycles:6026       (30125)  seconds:1     -- 0.01 IPC (0.01 IPC) --  N/A  KHz (0.04 KHz) 
**Core 03 Thread 68 Finished:   insts:39          cycles:6027       (30130)  seconds:1     -- 0.01 IPC (0.01 IPC) --  N/A  KHz (0.04 KHz) 
src/process_manager.cc:434: (I=20  C=30130):  setup_process:0 /benchrun/macsim/cuda6-transpose/sm86_a4000/input-repeat1-dimx32-dimy32/results/traces/_Z24transposeNoBankConflictsPfS_ii_1/Trace.txt current_index:9 (16)
trace:/benchrun/macsim/cuda6-transpose/sm86_a4000/input-repeat1-dimx32-dimy32/results/traces/_Z24transposeNoBankConflictsPfS_ii_1/Trace.txt is opened 
src/process_manager.cc:541: (I=20  C=30130):  thread_count:32
**Core 02 Thread 75 Finished:   insts:39          cycles:6662       (33305)  seconds:1     -- 0.01 IPC (0.01 IPC) --  N/A  KHz (0.04 KHz) 
**Core 03 Thread 74 Finished:   insts:39          cycles:6662       (33305)  seconds:1     -- 0.01 IPC (0.01 IPC) --  N/A  KHz (0.04 KHz) 
**Core 00 Thread 75 Finished:   insts:39          cycles:6664       (33315)  seconds:2     -- 0.01 IPC (0.01 IPC) --  N/A  KHz (0.02 KHz) 
**Core 01 Thread 75 Finished:   insts:39          cycles:6668       (33335)  seconds:2     -- 0.01 IPC (0.01 IPC) --  N/A  KHz (0.02 KHz) 
**Core 02 Thread 73 Finished:   insts:39          cycles:6669       (33340)  seconds:1     -- 0.01 IPC (0.01 IPC) --  N/A  KHz (0.04 KHz) 
**Core 03 Thread 72 Finished:   insts:39          cycles:6670       (33345)  seconds:1     -- 0.01 IPC (0.01 IPC) --  N/A  KHz (0.04 KHz) 
**Core 00 Thread 73 Finished:   insts:39          cycles:6671       (33350)  seconds:2     -- 0.01 IPC (0.01 IPC) --  N/A  KHz (0.02 KHz) 
**Core 01 Thread 73 Finished:   insts:39          cycles:6672       (33355)  seconds:2     -- 0.01 IPC (0.01 IPC) --  N/A  KHz (0.02 KHz) 
**Core 02 Thread 77 Finished:   insts:39          cycles:6674       (33365)  seconds:1     -- 0.01 IPC (0.01 IPC) --  N/A  KHz (0.04 KHz) 
**Core 03 Thread 76 Finished:   insts:39          cycles:6674       (33365)  seconds:1     -- 0.01 IPC (0.01 IPC) --  N/A  KHz (0.04 KHz) 
**Core 00 Thread 77 Finished:   insts:39          cycles:6676       (33375)  seconds:2     -- 0.01 IPC (0.01 IPC) --  N/A  KHz (0.02 KHz) 
**Core 00 Thread 79 Finished:   insts:39          cycles:6682       (33405)  seconds:2     -- 0.01 IPC (0.01 IPC) --  N/A  KHz (0.02 KHz) 
**Core 00 Thread 74 Finished:   insts:39          cycles:6683       (33410)  seconds:2     -- 0.01 IPC (0.01 IPC) --  N/A  KHz (0.02 KHz) 
**Core 00 Thread 72 Finished:   insts:39          cycles:6684       (33415)  seconds:2     -- 0.01 IPC (0.01 IPC) --  N/A  KHz (0.02 KHz) 
**Core 01 Thread 77 Finished:   insts:39          cycles:6685       (33420)  seconds:2     -- 0.01 IPC (0.01 IPC) --  N/A  KHz (0.02 KHz) 
**Core 01 Thread 79 Finished:   insts:39          cycles:6686       (33425)  seconds:2     -- 0.01 IPC (0.01 IPC) --  N/A  KHz (0.02 KHz) 
**Core 00 Thread 78 Finished:   insts:39          cycles:6691       (33450)  seconds:2     -- 0.01 IPC (0.01 IPC) --  N/A  KHz (0.02 KHz) 
**Core 00 Thread 76 Finished:   insts:39          cycles:6696       (33475)  seconds:2     -- 0.01 IPC (0.01 IPC) --  N/A  KHz (0.02 KHz) 
**Core 00 Core_Total  Finished:   insts:2594        cycles:6696       (33475) seconds:2     -- 0.39 IPC (0.39 IPC) --  N/A  KHz (1.30 KHz)
**Core 01 Thread 74 Finished:   insts:39          cycles:6697       (33480)  seconds:2     -- 0.01 IPC (0.01 IPC) --  N/A  KHz (0.02 KHz) 
**Core 01 Thread 72 Finished:   insts:39          cycles:6698       (33485)  seconds:2     -- 0.01 IPC (0.01 IPC) --  N/A  KHz (0.02 KHz) 
**Core 01 Thread 78 Finished:   insts:39          cycles:6699       (33490)  seconds:2     -- 0.01 IPC (0.01 IPC) --  N/A  KHz (0.02 KHz) 
**Core 01 Thread 76 Finished:   insts:39          cycles:6700       (33495)  seconds:2     -- 0.01 IPC (0.01 IPC) --  N/A  KHz (0.02 KHz) 
**Core 01 Core_Total  Finished:   insts:2594        cycles:6700       (33495) seconds:2     -- 0.39 IPC (0.39 IPC) --  N/A  KHz (1.30 KHz)
**Core 02 Thread 79 Finished:   insts:39          cycles:6702       (33505)  seconds:1     -- 0.01 IPC (0.01 IPC) --  N/A  KHz (0.04 KHz) 
**Core 02 Thread 74 Finished:   insts:39          cycles:6703       (33510)  seconds:1     -- 0.01 IPC (0.01 IPC) --  N/A  KHz (0.04 KHz) 
**Core 02 Thread 72 Finished:   insts:39          cycles:6704       (33515)  seconds:1     -- 0.01 IPC (0.01 IPC) --  N/A  KHz (0.04 KHz) 
**Core 02 Thread 78 Finished:   insts:39          cycles:6705       (33520)  seconds:1     -- 0.01 IPC (0.01 IPC) --  N/A  KHz (0.04 KHz) 
**Core 02 Thread 76 Finished:   insts:39          cycles:6707       (33530)  seconds:1     -- 0.01 IPC (0.01 IPC) --  N/A  KHz (0.04 KHz) 
**Core 02 Core_Total  Finished:   insts:2594        cycles:6707       (33530) seconds:1     -- 0.39 IPC (0.39 IPC) --  N/A  KHz (2.59 KHz)
**Core 03 Thread 78 Finished:   insts:39          cycles:6708       (33535)  seconds:1     -- 0.01 IPC (0.01 IPC) --  N/A  KHz (0.04 KHz) 
**Core 03 Thread 73 Finished:   insts:39          cycles:6709       (33540)  seconds:1     -- 0.01 IPC (0.01 IPC) --  N/A  KHz (0.04 KHz) 
**Core 03 Thread 75 Finished:   insts:39          cycles:6710       (33545)  seconds:1     -- 0.01 IPC (0.01 IPC) --  N/A  KHz (0.04 KHz) 
**Core 03 Thread 77 Finished:   insts:39          cycles:6715       (33570)  seconds:1     -- 0.01 IPC (0.01 IPC) --  N/A  KHz (0.04 KHz) 
**Core 03 Thread 79 Finished:   insts:39          cycles:6720       (33595)  seconds:1     -- 0.01 IPC (0.01 IPC) --  N/A  KHz (0.04 KHz) 
src/process_manager.cc:434: (I=20  C=33595):  setup_process:0 /benchrun/macsim/cuda6-transpose/sm86_a4000/input-repeat1-dimx32-dimy32/results/traces/_Z22transposeCoarseGrainedPfS_ii_0/Trace.txt current_index:10 (16)
trace:/benchrun/macsim/cuda6-transpose/sm86_a4000/input-repeat1-dimx32-dimy32/results/traces/_Z22transposeCoarseGrainedPfS_ii_0/Trace.txt is opened 
src/process_manager.cc:541: (I=20  C=33595):  thread_count:32
**Core 03 Thread 80 Finished:   insts:35          cycles:7312       (36555)  seconds:1     -- 0.00 IPC (0.00 IPC) --  N/A  KHz (0.04 KHz) 
**Core 00 Thread 80 Finished:   insts:35          cycles:7314       (36565)  seconds:2     -- 0.00 IPC (0.00 IPC) --  N/A  KHz (0.02 KHz) 
**Core 02 Thread 80 Finished:   insts:35          cycles:7315       (36570)  seconds:1     -- 0.00 IPC (0.00 IPC) --  N/A  KHz (0.04 KHz) 
**Core 00 Thread 81 Finished:   insts:35          cycles:7316       (36575)  seconds:2     -- 0.00 IPC (0.00 IPC) --  N/A  KHz (0.02 KHz) 
**Core 02 Thread 81 Finished:   insts:35          cycles:7317       (36580)  seconds:1     -- 0.00 IPC (0.00 IPC) --  N/A  KHz (0.04 KHz) 
**Core 00 Thread 82 Finished:   insts:35          cycles:7321       (36600)  seconds:2     -- 0.00 IPC (0.00 IPC) --  N/A  KHz (0.02 KHz) 
**Core 01 Thread 80 Finished:   insts:35          cycles:7322       (36605)  seconds:2     -- 0.00 IPC (0.00 IPC) --  N/A  KHz (0.02 KHz) 
**Core 00 Thread 84 Finished:   insts:35          cycles:7323       (36610)  seconds:2     -- 0.00 IPC (0.00 IPC) --  N/A  KHz (0.02 KHz) 
**Core 01 Thread 81 Finished:   insts:35          cycles:7324       (36615)  seconds:2     -- 0.00 IPC (0.00 IPC) --  N/A  KHz (0.02 KHz) 
**Core 00 Thread 85 Finished:   insts:35          cycles:7325       (36620)  seconds:2     -- 0.00 IPC (0.00 IPC) --  N/A  KHz (0.02 KHz) 
**Core 01 Thread 82 Finished:   insts:35          cycles:7326       (36625)  seconds:2     -- 0.00 IPC (0.00 IPC) --  N/A  KHz (0.02 KHz) 
**Core 00 Thread 86 Finished:   insts:35          cycles:7327       (36630)  seconds:2     -- 0.00 IPC (0.00 IPC) --  N/A  KHz (0.02 KHz) 
**Core 01 Thread 84 Finished:   insts:35          cycles:7328       (36635)  seconds:2     -- 0.00 IPC (0.00 IPC) --  N/A  KHz (0.02 KHz) 
**Core 01 Thread 85 Finished:   insts:35          cycles:7329       (36640)  seconds:2     -- 0.00 IPC (0.00 IPC) --  N/A  KHz (0.02 KHz) 
**Core 00 Thread 83 Finished:   insts:35          cycles:7330       (36645)  seconds:2     -- 0.00 IPC (0.00 IPC) --  N/A  KHz (0.02 KHz) 
**Core 00 Thread 87 Finished:   insts:35          cycles:7335       (36670)  seconds:2     -- 0.00 IPC (0.00 IPC) --  N/A  KHz (0.02 KHz) 
**Core 00 Core_Total  Finished:   insts:2874        cycles:7335       (36670) seconds:2     -- 0.39 IPC (0.39 IPC) --  N/A  KHz (1.44 KHz)
**Core 01 Thread 86 Finished:   insts:35          cycles:7336       (36675)  seconds:2     -- 0.00 IPC (0.00 IPC) --  N/A  KHz (0.02 KHz) 
**Core 01 Thread 83 Finished:   insts:35          cycles:7337       (36680)  seconds:2     -- 0.00 IPC (0.00 IPC) --  N/A  KHz (0.02 KHz) 
**Core 01 Thread 87 Finished:   insts:35          cycles:7338       (36685)  seconds:2     -- 0.00 IPC (0.00 IPC) --  N/A  KHz (0.02 KHz) 
**Core 01 Core_Total  Finished:   insts:2874        cycles:7338       (36685) seconds:2     -- 0.39 IPC (0.39 IPC) --  N/A  KHz (1.44 KHz)
**Core 02 Thread 82 Finished:   insts:35          cycles:7339       (36690)  seconds:1     -- 0.00 IPC (0.00 IPC) --  N/A  KHz (0.04 KHz) 
**Core 02 Thread 86 Finished:   insts:35          cycles:7348       (36735)  seconds:1     -- 0.00 IPC (0.00 IPC) --  N/A  KHz (0.04 KHz) 
**Core 02 Thread 83 Finished:   insts:35          cycles:7349       (36740)  seconds:1     -- 0.00 IPC (0.00 IPC) --  N/A  KHz (0.04 KHz) 
**Core 02 Thread 84 Finished:   insts:35          cycles:7350       (36745)  seconds:1     -- 0.00 IPC (0.00 IPC) --  N/A  KHz (0.04 KHz) 
**Core 02 Thread 85 Finished:   insts:35          cycles:7351       (36750)  seconds:1     -- 0.00 IPC (0.00 IPC) --  N/A  KHz (0.04 KHz) 
**Core 02 Thread 87 Finished:   insts:35          cycles:7354       (36765)  seconds:1     -- 0.00 IPC (0.00 IPC) --  N/A  KHz (0.04 KHz) 
**Core 02 Core_Total  Finished:   insts:2874        cycles:7354       (36765) seconds:1     -- 0.39 IPC (0.39 IPC) --  N/A  KHz (2.87 KHz)
**Core 03 Thread 81 Finished:   insts:35          cycles:7355       (36770)  seconds:1     -- 0.00 IPC (0.00 IPC) --  N/A  KHz (0.04 KHz) 
**Core 03 Thread 82 Finished:   insts:35          cycles:7356       (36775)  seconds:1     -- 0.00 IPC (0.00 IPC) --  N/A  KHz (0.04 KHz) 
**Core 03 Thread 86 Finished:   insts:35          cycles:7357       (36780)  seconds:1     -- 0.00 IPC (0.00 IPC) --  N/A  KHz (0.04 KHz) 
**Core 03 Thread 83 Finished:   insts:35          cycles:7358       (36785)  seconds:1     -- 0.00 IPC (0.00 IPC) --  N/A  KHz (0.04 KHz) 
**Core 03 Thread 84 Finished:   insts:35          cycles:7359       (36790)  seconds:1     -- 0.00 IPC (0.00 IPC) --  N/A  KHz (0.04 KHz) 
**Core 03 Thread 85 Finished:   insts:35          cycles:7360       (36795)  seconds:1     -- 0.00 IPC (0.00 IPC) --  N/A  KHz (0.04 KHz) 
**Core 03 Thread 87 Finished:   insts:35          cycles:7361       (36800)  seconds:1     -- 0.00 IPC (0.00 IPC) --  N/A  KHz (0.04 KHz) 
src/process_manager.cc:434: (I=20  C=36800):  setup_process:0 /benchrun/macsim/cuda6-transpose/sm86_a4000/input-repeat1-dimx32-dimy32/results/traces/_Z22transposeCoarseGrainedPfS_ii_1/Trace.txt current_index:11 (16)
trace:/benchrun/macsim/cuda6-transpose/sm86_a4000/input-repeat1-dimx32-dimy32/results/traces/_Z22transposeCoarseGrainedPfS_ii_1/Trace.txt is opened 
src/process_manager.cc:541: (I=20  C=36800):  thread_count:32
**Core 00 Thread 88 Finished:   insts:35          cycles:7954       (39765)  seconds:2     -- 0.00 IPC (0.00 IPC) --  N/A  KHz (0.02 KHz) 
**Core 02 Thread 88 Finished:   insts:35          cycles:7954       (39765)  seconds:1     -- 0.00 IPC (0.00 IPC) --  N/A  KHz (0.04 KHz) 
**Core 00 Thread 89 Finished:   insts:35          cycles:7956       (39775)  seconds:2     -- 0.00 IPC (0.00 IPC) --  N/A  KHz (0.02 KHz) 
**Core 02 Thread 89 Finished:   insts:35          cycles:7960       (39795)  seconds:1     -- 0.00 IPC (0.00 IPC) --  N/A  KHz (0.04 KHz) 
**Core 03 Thread 88 Finished:   insts:35          cycles:7961       (39800)  seconds:1     -- 0.00 IPC (0.00 IPC) --  N/A  KHz (0.04 KHz) 
**Core 03 Thread 89 Finished:   insts:35          cycles:7962       (39805)  seconds:1     -- 0.00 IPC (0.00 IPC) --  N/A  KHz (0.04 KHz) 
**Core 00 Thread 90 Finished:   insts:35          cycles:7963       (39810)  seconds:2     -- 0.00 IPC (0.00 IPC) --  N/A  KHz (0.02 KHz) 
**Core 01 Thread 88 Finished:   insts:35          cycles:7964       (39815)  seconds:2     -- 0.00 IPC (0.00 IPC) --  N/A  KHz (0.02 KHz) 
**Core 02 Thread 90 Finished:   insts:35          cycles:7965       (39820)  seconds:1     -- 0.00 IPC (0.00 IPC) --  N/A  KHz (0.04 KHz) 
**Core 03 Thread 90 Finished:   insts:35          cycles:7966       (39825)  seconds:1     -- 0.00 IPC (0.00 IPC) --  N/A  KHz (0.04 KHz) 
**Core 03 Thread 92 Finished:   insts:35          cycles:7967       (39830)  seconds:1     -- 0.00 IPC (0.00 IPC) --  N/A  KHz (0.04 KHz) 
**Core 03 Thread 93 Finished:   insts:35          cycles:7968       (39835)  seconds:1     -- 0.00 IPC (0.00 IPC) --  N/A  KHz (0.04 KHz) 
**Core 03 Thread 94 Finished:   insts:35          cycles:7969       (39840)  seconds:1     -- 0.00 IPC (0.00 IPC) --  N/A  KHz (0.04 KHz) 
**Core 01 Thread 89 Finished:   insts:35          cycles:7974       (39865)  seconds:2     -- 0.00 IPC (0.00 IPC) --  N/A  KHz (0.02 KHz) 
**Core 03 Thread 91 Finished:   insts:35          cycles:7975       (39870)  seconds:1     -- 0.00 IPC (0.00 IPC) --  N/A  KHz (0.04 KHz) 
**Core 00 Thread 94 Finished:   insts:35          cycles:7976       (39875)  seconds:2     -- 0.00 IPC (0.00 IPC) --  N/A  KHz (0.02 KHz) 
**Core 00 Thread 91 Finished:   insts:35          cycles:7977       (39880)  seconds:2     -- 0.00 IPC (0.00 IPC) --  N/A  KHz (0.02 KHz) 
**Core 00 Thread 92 Finished:   insts:35          cycles:7978       (39885)  seconds:2     -- 0.00 IPC (0.00 IPC) --  N/A  KHz (0.02 KHz) 
**Core 00 Thread 93 Finished:   insts:35          cycles:7979       (39890)  seconds:2     -- 0.00 IPC (0.00 IPC) --  N/A  KHz (0.02 KHz) 
**Core 00 Thread 95 Finished:   insts:35          cycles:7980       (39895)  seconds:2     -- 0.00 IPC (0.00 IPC) --  N/A  KHz (0.02 KHz) 
**Core 00 Core_Total  Finished:   insts:3154        cycles:7980       (39895) seconds:2     -- 0.40 IPC (0.40 IPC) --  N/A  KHz (1.58 KHz)
**Core 01 Thread 90 Finished:   insts:35          cycles:7989       (39940)  seconds:2     -- 0.00 IPC (0.00 IPC) --  N/A  KHz (0.02 KHz) 
**Core 01 Thread 92 Finished:   insts:35          cycles:7990       (39945)  seconds:2     -- 0.00 IPC (0.00 IPC) --  N/A  KHz (0.02 KHz) 
**Core 01 Thread 93 Finished:   insts:35          cycles:7991       (39950)  seconds:2     -- 0.00 IPC (0.00 IPC) --  N/A  KHz (0.02 KHz) 
**Core 01 Thread 94 Finished:   insts:35          cycles:7992       (39955)  seconds:2     -- 0.00 IPC (0.00 IPC) --  N/A  KHz (0.02 KHz) 
**Core 01 Thread 91 Finished:   insts:35          cycles:7995       (39970)  seconds:2     -- 0.00 IPC (0.00 IPC) --  N/A  KHz (0.02 KHz) 
**Core 01 Thread 95 Finished:   insts:35          cycles:7996       (39975)  seconds:2     -- 0.00 IPC (0.00 IPC) --  N/A  KHz (0.02 KHz) 
**Core 01 Core_Total  Finished:   insts:3154        cycles:7996       (39975) seconds:2     -- 0.39 IPC (0.39 IPC) --  N/A  KHz (1.58 KHz)
**Core 02 Thread 94 Finished:   insts:35          cycles:7997       (39980)  seconds:1     -- 0.00 IPC (0.00 IPC) --  N/A  KHz (0.04 KHz) 
**Core 02 Thread 91 Finished:   insts:35          cycles:7998       (39985)  seconds:1     -- 0.00 IPC (0.00 IPC) --  N/A  KHz (0.04 KHz) 
**Core 02 Thread 92 Finished:   insts:35          cycles:7999       (39990)  seconds:1     -- 0.00 IPC (0.00 IPC) --  N/A  KHz (0.04 KHz) 
**Core 02 Thread 93 Finished:   insts:35          cycles:8000       (39995)  seconds:1     -- 0.00 IPC (0.00 IPC) --  N/A  KHz (0.04 KHz) 
**Core 02 Thread 95 Finished:   insts:35          cycles:8001       (40000)  seconds:1     -- 0.00 IPC (0.00 IPC) --  N/A  KHz (0.04 KHz) 
**Core 02 Core_Total  Finished:   insts:3154        cycles:8001       (40000) seconds:1     -- 0.39 IPC (0.39 IPC) --  N/A  KHz (3.15 KHz)
**Core 03 Thread 95 Finished:   insts:35          cycles:8002       (40005)  seconds:1     -- 0.00 IPC (0.00 IPC) --  N/A  KHz (0.04 KHz) 
src/process_manager.cc:434: (I=20  C=40005):  setup_process:0 /benchrun/macsim/cuda6-transpose/sm86_a4000/input-repeat1-dimx32-dimy32/results/traces/_Z20transposeFineGrainedPfS_ii_0/Trace.txt current_index:12 (16)
trace:/benchrun/macsim/cuda6-transpose/sm86_a4000/input-repeat1-dimx32-dimy32/results/traces/_Z20transposeFineGrainedPfS_ii_0/Trace.txt is opened 
src/process_manager.cc:541: (I=20  C=40005):  thread_count:32
**Core 02 Thread 97 Finished:   insts:38          cycles:8631       (43150)  seconds:1     -- 0.00 IPC (0.00 IPC) --  N/A  KHz (0.04 KHz) 
**Core 03 Thread 99 Finished:   insts:38          cycles:8632       (43155)  seconds:1     -- 0.00 IPC (0.00 IPC) --  N/A  KHz (0.04 KHz) 
**Core 01 Thread 99 Finished:   insts:38          cycles:8633       (43160)  seconds:2     -- 0.00 IPC (0.00 IPC) --  N/A  KHz (0.02 KHz) 
**Core 01 Thread 97 Finished:   insts:38          cycles:8633       (43160)  seconds:2     -- 0.00 IPC (0.00 IPC) --  N/A  KHz (0.02 KHz) 
**Core 02 Thread 99 Finished:   insts:38          cycles:8633       (43160)  seconds:1     -- 0.00 IPC (0.00 IPC) --  N/A  KHz (0.04 KHz) 
**Core 03 Thread 97 Finished:   insts:38          cycles:8635       (43170)  seconds:1     -- 0.00 IPC (0.00 IPC) --  N/A  KHz (0.04 KHz) 
**Core 00 Thread 98 Finished:   insts:38          cycles:8636       (43175)  seconds:2     -- 0.00 IPC (0.00 IPC) --  N/A  KHz (0.02 KHz) 
**Core 02 Thread 101 Finished:   insts:38          cycles:8642       (43205)  seconds:1     -- 0.00 IPC (0.00 IPC) --  N/A  KHz (0.04 KHz) 
**Core 02 Thread 96 Finished:   insts:38          cycles:8643       (43210)  seconds:1     -- 0.00 IPC (0.00 IPC) --  N/A  KHz (0.04 KHz) 
**Core 00 Thread 99 Finished:   insts:38          cycles:8644       (43215)  seconds:2     -- 0.00 IPC (0.00 IPC) --  N/A  KHz (0.02 KHz) 
**Core 01 Thread 103 Finished:   insts:38          cycles:8645       (43220)  seconds:2     -- 0.00 IPC (0.00 IPC) --  N/A  KHz (0.02 KHz) 
**Core 03 Thread 103 Finished:   insts:38          cycles:8646       (43225)  seconds:1     -- 0.00 IPC (0.00 IPC) --  N/A  KHz (0.04 KHz) 
**Core 00 Thread 96 Finished:   insts:38          cycles:8647       (43230)  seconds:2     -- 0.00 IPC (0.00 IPC) --  N/A  KHz (0.02 KHz) 
**Core 00 Thread 100 Finished:   insts:38          cycles:8656       (43275)  seconds:2     -- 0.00 IPC (0.00 IPC) --  N/A  KHz (0.02 KHz) 
**Core 00 Thread 102 Finished:   insts:38          cycles:8657       (43280)  seconds:2     -- 0.00 IPC (0.00 IPC) --  N/A  KHz (0.02 KHz) 
**Core 00 Thread 103 Finished:   insts:38          cycles:8658       (43285)  seconds:2     -- 0.00 IPC (0.00 IPC) --  N/A  KHz (0.02 KHz) 
**Core 00 Thread 97 Finished:   insts:38          cycles:8659       (43290)  seconds:2     -- 0.00 IPC (0.00 IPC) --  N/A  KHz (0.02 KHz) 
**Core 01 Thread 101 Finished:   insts:38          cycles:8660       (43295)  seconds:2     -- 0.00 IPC (0.00 IPC) --  N/A  KHz (0.02 KHz) 
**Core 02 Thread 103 Finished:   insts:38          cycles:8661       (43300)  seconds:1     -- 0.00 IPC (0.00 IPC) --  N/A  KHz (0.04 KHz) 
**Core 00 Thread 101 Finished:   insts:38          cycles:8663       (43310)  seconds:2     -- 0.00 IPC (0.00 IPC) --  N/A  KHz (0.02 KHz) 
**Core 00 Core_Total  Finished:   insts:3458        cycles:8663       (43310) seconds:2     -- 0.40 IPC (0.40 IPC) --  N/A  KHz (1.73 KHz)
**Core 01 Thread 98 Finished:   insts:38          cycles:8664       (43315)  seconds:2     -- 0.00 IPC (0.00 IPC) --  N/A  KHz (0.02 KHz) 
**Core 01 Thread 96 Finished:   insts:38          cycles:8669       (43340)  seconds:2     -- 0.00 IPC (0.00 IPC) --  N/A  KHz (0.02 KHz) 
**Core 01 Thread 100 Finished:   insts:38          cycles:8670       (43345)  seconds:2     -- 0.00 IPC (0.00 IPC) --  N/A  KHz (0.02 KHz) 
**Core 01 Thread 102 Finished:   insts:38          cycles:8671       (43350)  seconds:2     -- 0.00 IPC (0.00 IPC) --  N/A  KHz (0.02 KHz) 
**Core 01 Core_Total  Finished:   insts:3458        cycles:8671       (43350) seconds:2     -- 0.40 IPC (0.40 IPC) --  N/A  KHz (1.73 KHz)
**Core 02 Thread 100 Finished:   insts:38          cycles:8672       (43355)  seconds:1     -- 0.00 IPC (0.00 IPC) --  N/A  KHz (0.04 KHz) 
**Core 02 Thread 98 Finished:   insts:38          cycles:8673       (43360)  seconds:1     -- 0.00 IPC (0.00 IPC) --  N/A  KHz (0.04 KHz) 
**Core 02 Thread 102 Finished:   insts:38          cycles:8674       (43365)  seconds:1     -- 0.00 IPC (0.00 IPC) --  N/A  KHz (0.04 KHz) 
**Core 02 Core_Total  Finished:   insts:3458        cycles:8674       (43365) seconds:1     -- 0.40 IPC (0.40 IPC) --  N/A  KHz (3.46 KHz)
**Core 03 Thread 101 Finished:   insts:38          cycles:8676       (43375)  seconds:1     -- 0.00 IPC (0.00 IPC) --  N/A  KHz (0.04 KHz) 
**Core 03 Thread 98 Finished:   insts:38          cycles:8679       (43390)  seconds:1     -- 0.00 IPC (0.00 IPC) --  N/A  KHz (0.04 KHz) 
**Core 03 Thread 96 Finished:   insts:38          cycles:8680       (43395)  seconds:1     -- 0.00 IPC (0.00 IPC) --  N/A  KHz (0.04 KHz) 
**Core 03 Thread 100 Finished:   insts:38          cycles:8681       (43400)  seconds:1     -- 0.00 IPC (0.00 IPC) --  N/A  KHz (0.04 KHz) 
**Core 03 Thread 102 Finished:   insts:38          cycles:8682       (43405)  seconds:1     -- 0.00 IPC (0.00 IPC) --  N/A  KHz (0.04 KHz) 
src/process_manager.cc:434: (I=20  C=43405):  setup_process:0 /benchrun/macsim/cuda6-transpose/sm86_a4000/input-repeat1-dimx32-dimy32/results/traces/_Z20transposeFineGrainedPfS_ii_1/Trace.txt current_index:13 (16)
trace:/benchrun/macsim/cuda6-transpose/sm86_a4000/input-repeat1-dimx32-dimy32/results/traces/_Z20transposeFineGrainedPfS_ii_1/Trace.txt is opened 
src/process_manager.cc:541: (I=20  C=43405):  thread_count:32
**Core 00 Thread 105 Finished:   insts:38          cycles:9311       (46550)  seconds:2     -- 0.00 IPC (0.00 IPC) --  N/A  KHz (0.02 KHz) 
**Core 02 Thread 105 Finished:   insts:38          cycles:9311       (46550)  seconds:1     -- 0.00 IPC (0.00 IPC) --  N/A  KHz (0.04 KHz) 
**Core 02 Thread 107 Finished:   insts:38          cycles:9313       (46560)  seconds:1     -- 0.00 IPC (0.00 IPC) --  N/A  KHz (0.04 KHz) 
**Core 03 Thread 107 Finished:   insts:38          cycles:9313       (46560)  seconds:1     -- 0.00 IPC (0.00 IPC) --  N/A  KHz (0.04 KHz) 
**Core 00 Thread 107 Finished:   insts:38          cycles:9313       (46560)  seconds:2     -- 0.00 IPC (0.00 IPC) --  N/A  KHz (0.02 KHz) 
**Core 03 Thread 105 Finished:   insts:38          cycles:9314       (46565)  seconds:1     -- 0.00 IPC (0.00 IPC) --  N/A  KHz (0.04 KHz) 
**Core 00 Thread 109 Finished:   insts:38          cycles:9319       (46590)  seconds:2     -- 0.00 IPC (0.00 IPC) --  N/A  KHz (0.02 KHz) 
**Core 01 Thread 106 Finished:   insts:38          cycles:9320       (46595)  seconds:2     -- 0.00 IPC (0.00 IPC) --  N/A  KHz (0.02 KHz) 
**Core 00 Thread 104 Finished:   insts:38          cycles:9323       (46610)  seconds:2     -- 0.00 IPC (0.00 IPC) --  N/A  KHz (0.02 KHz) 
**Core 02 Thread 109 Finished:   insts:38          cycles:9324       (46615)  seconds:1     -- 0.00 IPC (0.00 IPC) --  N/A  KHz (0.04 KHz) 
**Core 02 Thread 104 Finished:   insts:38          cycles:9325       (46620)  seconds:1     -- 0.00 IPC (0.00 IPC) --  N/A  KHz (0.04 KHz) 
**Core 03 Thread 111 Finished:   insts:38          cycles:9326       (46625)  seconds:1     -- 0.00 IPC (0.00 IPC) --  N/A  KHz (0.04 KHz) 
**Core 03 Thread 109 Finished:   insts:38          cycles:9327       (46630)  seconds:1     -- 0.00 IPC (0.00 IPC) --  N/A  KHz (0.04 KHz) 
**Core 00 Thread 111 Finished:   insts:38          cycles:9330       (46645)  seconds:2     -- 0.00 IPC (0.00 IPC) --  N/A  KHz (0.02 KHz) 
**Core 00 Thread 108 Finished:   insts:38          cycles:9331       (46650)  seconds:2     -- 0.00 IPC (0.00 IPC) --  N/A  KHz (0.02 KHz) 
**Core 00 Thread 106 Finished:   insts:38          cycles:9338       (46685)  seconds:2     -- 0.00 IPC (0.00 IPC) --  N/A  KHz (0.02 KHz) 
**Core 00 Thread 110 Finished:   insts:38          cycles:9339       (46690)  seconds:2     -- 0.00 IPC (0.00 IPC) --  N/A  KHz (0.02 KHz) 
**Core 00 Core_Total  Finished:   insts:3762        cycles:9339       (46690) seconds:2     -- 0.40 IPC (0.40 IPC) --  N/A  KHz (1.88 KHz)
**Core 01 Thread 107 Finished:   insts:38          cycles:9340       (46695)  seconds:2     -- 0.00 IPC (0.00 IPC) --  N/A  KHz (0.02 KHz) 
**Core 01 Thread 104 Finished:   insts:38          cycles:9341       (46700)  seconds:2     -- 0.00 IPC (0.00 IPC) --  N/A  KHz (0.02 KHz) 
**Core 01 Thread 108 Finished:   insts:38          cycles:9343       (46710)  seconds:2     -- 0.00 IPC (0.00 IPC) --  N/A  KHz (0.02 KHz) 
**Core 01 Thread 110 Finished:   insts:38          cycles:9344       (46715)  seconds:2     -- 0.00 IPC (0.00 IPC) --  N/A  KHz (0.02 KHz) 
**Core 01 Thread 111 Finished:   insts:38          cycles:9349       (46740)  seconds:2     -- 0.00 IPC (0.00 IPC) --  N/A  KHz (0.02 KHz) 
**Core 01 Thread 105 Finished:   insts:38          cycles:9350       (46745)  seconds:2     -- 0.00 IPC (0.00 IPC) --  N/A  KHz (0.02 KHz) 
**Core 01 Thread 109 Finished:   insts:38          cycles:9351       (46750)  seconds:2     -- 0.00 IPC (0.00 IPC) --  N/A  KHz (0.02 KHz) 
**Core 01 Core_Total  Finished:   insts:3762        cycles:9351       (46750) seconds:2     -- 0.40 IPC (0.40 IPC) --  N/A  KHz (1.88 KHz)
**Core 02 Thread 111 Finished:   insts:38          cycles:9352       (46755)  seconds:1     -- 0.00 IPC (0.00 IPC) --  N/A  KHz (0.04 KHz) 
**Core 02 Thread 108 Finished:   insts:38          cycles:9353       (46760)  seconds:1     -- 0.00 IPC (0.00 IPC) --  N/A  KHz (0.04 KHz) 
**Core 03 Thread 106 Finished:   insts:38          cycles:9354       (46765)  seconds:1     -- 0.00 IPC (0.00 IPC) --  N/A  KHz (0.04 KHz) 
**Core 02 Thread 106 Finished:   insts:38          cycles:9356       (46775)  seconds:1     -- 0.00 IPC (0.00 IPC) --  N/A  KHz (0.04 KHz) 
**Core 02 Thread 110 Finished:   insts:38          cycles:9359       (46790)  seconds:1     -- 0.00 IPC (0.00 IPC) --  N/A  KHz (0.04 KHz) 
**Core 02 Core_Total  Finished:   insts:3762        cycles:9359       (46790) seconds:1     -- 0.40 IPC (0.40 IPC) --  N/A  KHz (3.76 KHz)
**Core 03 Thread 104 Finished:   insts:38          cycles:9360       (46795)  seconds:1     -- 0.00 IPC (0.00 IPC) --  N/A  KHz (0.04 KHz) 
**Core 03 Thread 108 Finished:   insts:38          cycles:9361       (46800)  seconds:1     -- 0.00 IPC (0.00 IPC) --  N/A  KHz (0.04 KHz) 
**Core 03 Thread 110 Finished:   insts:38          cycles:9362       (46805)  seconds:1     -- 0.00 IPC (0.00 IPC) --  N/A  KHz (0.04 KHz) 
src/process_manager.cc:434: (I=20  C=46805):  setup_process:0 /benchrun/macsim/cuda6-transpose/sm86_a4000/input-repeat1-dimx32-dimy32/results/traces/_Z17transposeDiagonalPfS_ii_0/Trace.txt current_index:14 (16)
trace:/benchrun/macsim/cuda6-transpose/sm86_a4000/input-repeat1-dimx32-dimy32/results/traces/_Z17transposeDiagonalPfS_ii_0/Trace.txt is opened 
src/process_manager.cc:541: (I=20  C=46805):  thread_count:32
**Core 03 Thread 116 Finished:   insts:44          cycles:10033      (50160)  seconds:1     -- 0.00 IPC (0.00 IPC) --  N/A  KHz (0.04 KHz) 
**Core 00 Thread 116 Finished:   insts:44          cycles:10034      (50165)  seconds:2     -- 0.00 IPC (0.00 IPC) --  N/A  KHz (0.02 KHz) 
**Core 03 Thread 117 Finished:   insts:44          cycles:10035      (50170)  seconds:1     -- 0.00 IPC (0.00 IPC) --  N/A  KHz (0.04 KHz) 
**Core 00 Thread 117 Finished:   insts:44          cycles:10036      (50175)  seconds:2     -- 0.00 IPC (0.00 IPC) --  N/A  KHz (0.02 KHz) 
**Core 00 Thread 118 Finished:   insts:44          cycles:10037      (50180)  seconds:2     -- 0.00 IPC (0.00 IPC) --  N/A  KHz (0.02 KHz) 
**Core 03 Thread 112 Finished:   insts:44          cycles:10042      (50205)  seconds:1     -- 0.00 IPC (0.00 IPC) --  N/A  KHz (0.04 KHz) 
**Core 00 Thread 112 Finished:   insts:44          cycles:10043      (50210)  seconds:2     -- 0.00 IPC (0.00 IPC) --  N/A  KHz (0.02 KHz) 
**Core 02 Thread 114 Finished:   insts:44          cycles:10044      (50215)  seconds:1     -- 0.00 IPC (0.00 IPC) --  N/A  KHz (0.04 KHz) 
**Core 00 Thread 113 Finished:   insts:44          cycles:10048      (50235)  seconds:2     -- 0.00 IPC (0.00 IPC) --  N/A  KHz (0.02 KHz) 
**Core 01 Thread 119 Finished:   insts:44          cycles:10049      (50240)  seconds:2     -- 0.00 IPC (0.00 IPC) --  N/A  KHz (0.02 KHz) 
**Core 00 Thread 114 Finished:   insts:44          cycles:10050      (50245)  seconds:2     -- 0.00 IPC (0.00 IPC) --  N/A  KHz (0.02 KHz) 
**Core 02 Thread 115 Finished:   insts:44          cycles:10051      (50250)  seconds:1     -- 0.00 IPC (0.00 IPC) --  N/A  KHz (0.04 KHz) 
**Core 02 Thread 112 Finished:   insts:44          cycles:10052      (50255)  seconds:1     -- 0.00 IPC (0.00 IPC) --  N/A  KHz (0.04 KHz) 
**Core 00 Thread 119 Finished:   insts:44          cycles:10053      (50260)  seconds:2     -- 0.00 IPC (0.00 IPC) --  N/A  KHz (0.02 KHz) 
**Core 00 Thread 115 Finished:   insts:44          cycles:10055      (50270)  seconds:2     -- 0.00 IPC (0.00 IPC) --  N/A  KHz (0.02 KHz) 
**Core 00 Core_Total  Finished:   insts:4114        cycles:10055      (50270) seconds:2     -- 0.41 IPC (0.41 IPC) --  N/A  KHz (2.06 KHz)
**Core 01 Thread 116 Finished:   insts:44          cycles:10062      (50305)  seconds:2     -- 0.00 IPC (0.00 IPC) --  N/A  KHz (0.02 KHz) 
**Core 01 Thread 115 Finished:   insts:44          cycles:10063      (50310)  seconds:2     -- 0.00 IPC (0.00 IPC) --  N/A  KHz (0.02 KHz) 
**Core 01 Thread 112 Finished:   insts:44          cycles:10064      (50315)  seconds:2     -- 0.00 IPC (0.00 IPC) --  N/A  KHz (0.02 KHz) 
**Core 01 Thread 118 Finished:   insts:44          cycles:10065      (50320)  seconds:2     -- 0.00 IPC (0.00 IPC) --  N/A  KHz (0.02 KHz) 
**Core 03 Thread 113 Finished:   insts:44          cycles:10066      (50325)  seconds:1     -- 0.00 IPC (0.00 IPC) --  N/A  KHz (0.04 KHz) 
**Core 01 Thread 117 Finished:   insts:44          cycles:10070      (50345)  seconds:2     -- 0.00 IPC (0.00 IPC) --  N/A  KHz (0.02 KHz) 
**Core 01 Thread 113 Finished:   insts:44          cycles:10073      (50360)  seconds:2     -- 0.00 IPC (0.00 IPC) --  N/A  KHz (0.02 KHz) 
**Core 01 Thread 114 Finished:   insts:44          cycles:10074      (50365)  seconds:2     -- 0.00 IPC (0.00 IPC) --  N/A  KHz (0.02 KHz) 
**Core 01 Core_Total  Finished:   insts:4114        cycles:10074      (50365) seconds:2     -- 0.41 IPC (0.41 IPC) --  N/A  KHz (2.06 KHz)
**Core 02 Thread 116 Finished:   insts:44          cycles:10075      (50370)  seconds:1     -- 0.00 IPC (0.00 IPC) --  N/A  KHz (0.04 KHz) 
**Core 02 Thread 118 Finished:   insts:44          cycles:10076      (50375)  seconds:1     -- 0.00 IPC (0.00 IPC) --  N/A  KHz (0.04 KHz) 
**Core 02 Thread 119 Finished:   insts:44          cycles:10077      (50380)  seconds:1     -- 0.00 IPC (0.00 IPC) --  N/A  KHz (0.04 KHz) 
**Core 02 Thread 113 Finished:   insts:44          cycles:10078      (50385)  seconds:1     -- 0.00 IPC (0.00 IPC) --  N/A  KHz (0.04 KHz) 
**Core 02 Thread 117 Finished:   insts:44          cycles:10081      (50400)  seconds:1     -- 0.00 IPC (0.00 IPC) --  N/A  KHz (0.04 KHz) 
**Core 02 Core_Total  Finished:   insts:4114        cycles:10081      (50400) seconds:1     -- 0.41 IPC (0.41 IPC) --  N/A  KHz (4.11 KHz)
**Core 03 Thread 118 Finished:   insts:44          cycles:10082      (50405)  seconds:1     -- 0.00 IPC (0.00 IPC) --  N/A  KHz (0.04 KHz) 
**Core 03 Thread 114 Finished:   insts:44          cycles:10083      (50410)  seconds:1     -- 0.00 IPC (0.00 IPC) --  N/A  KHz (0.04 KHz) 
**Core 03 Thread 119 Finished:   insts:44          cycles:10085      (50420)  seconds:1     -- 0.00 IPC (0.00 IPC) --  N/A  KHz (0.04 KHz) 
**Core 03 Thread 115 Finished:   insts:44          cycles:10086      (50425)  seconds:1     -- 0.00 IPC (0.00 IPC) --  N/A  KHz (0.04 KHz) 
src/process_manager.cc:434: (I=20  C=50425):  setup_process:0 /benchrun/macsim/cuda6-transpose/sm86_a4000/input-repeat1-dimx32-dimy32/results/traces/_Z17transposeDiagonalPfS_ii_1/Trace.txt current_index:15 (16)
trace:/benchrun/macsim/cuda6-transpose/sm86_a4000/input-repeat1-dimx32-dimy32/results/traces/_Z17transposeDiagonalPfS_ii_1/Trace.txt is opened 
src/process_manager.cc:541: (I=20  C=50425):  thread_count:32
**Core 01 Thread 120 Finished:   insts:44          cycles:10746      (53725)  seconds:2     -- 0.00 IPC (0.00 IPC) --  N/A  KHz (0.02 KHz) 
**Core 02 Thread 123 Finished:   insts:44          cycles:10747      (53730)  seconds:1     -- 0.00 IPC (0.00 IPC) --  N/A  KHz (0.04 KHz) 
**Core 03 Thread 120 Finished:   insts:44          cycles:10747      (53730)  seconds:1     -- 0.00 IPC (0.00 IPC) --  N/A  KHz (0.04 KHz) 
**Core 01 Thread 121 Finished:   insts:44          cycles:10748      (53735)  seconds:2     -- 0.00 IPC (0.00 IPC) --  N/A  KHz (0.02 KHz) 
**Core 01 Thread 122 Finished:   insts:44          cycles:10750      (53745)  seconds:2     -- 0.00 IPC (0.00 IPC) --  N/A  KHz (0.02 KHz) 
**Core 03 Thread 121 Finished:   insts:44          cycles:10750      (53745)  seconds:1     -- 0.00 IPC (0.00 IPC) --  N/A  KHz (0.04 KHz) 
**Core 02 Thread 120 Finished:   insts:44          cycles:10751      (53750)  seconds:1     -- 0.00 IPC (0.00 IPC) --  N/A  KHz (0.04 KHz) 
**Core 03 Thread 122 Finished:   insts:44          cycles:10751      (53750)  seconds:1     -- 0.00 IPC (0.00 IPC) --  N/A  KHz (0.04 KHz) 
**Core 00 Thread 120 Finished:   insts:44          cycles:10754      (53765)  seconds:2     -- 0.00 IPC (0.00 IPC) --  N/A  KHz (0.02 KHz) 
**Core 03 Thread 123 Finished:   insts:44          cycles:10758      (53785)  seconds:1     -- 0.00 IPC (0.00 IPC) --  N/A  KHz (0.04 KHz) 
**Core 00 Thread 121 Finished:   insts:44          cycles:10759      (53790)  seconds:2     -- 0.00 IPC (0.00 IPC) --  N/A  KHz (0.02 KHz) 
**Core 01 Thread 124 Finished:   insts:44          cycles:10760      (53795)  seconds:2     -- 0.00 IPC (0.00 IPC) --  N/A  KHz (0.02 KHz) 
**Core 00 Thread 122 Finished:   insts:44          cycles:10761      (53800)  seconds:2     -- 0.00 IPC (0.00 IPC) --  N/A  KHz (0.02 KHz) 
**Core 01 Thread 125 Finished:   insts:44          cycles:10762      (53805)  seconds:2     -- 0.00 IPC (0.00 IPC) --  N/A  KHz (0.02 KHz) 
**Core 00 Thread 123 Finished:   insts:44          cycles:10763      (53810)  seconds:2     -- 0.00 IPC (0.00 IPC) --  N/A  KHz (0.02 KHz) 
**Core 00 Thread 127 Finished:   insts:44          cycles:10772      (53855)  seconds:2     -- 0.00 IPC (0.00 IPC) --  N/A  KHz (0.02 KHz) 
**Core 00 Thread 124 Finished:   insts:44          cycles:10773      (53860)  seconds:2     -- 0.00 IPC (0.00 IPC) --  N/A  KHz (0.02 KHz) 
**Core 00 Thread 125 Finished:   insts:44          cycles:10774      (53865)  seconds:2     -- 0.00 IPC (0.00 IPC) --  N/A  KHz (0.02 KHz) 
**Core 00 Thread 126 Finished:   insts:44          cycles:10775      (53870)  seconds:2     -- 0.00 IPC (0.00 IPC) --  N/A  KHz (0.02 KHz) 
**Core 00 Core_Total  Finished:   insts:4466        cycles:10775      (53870) seconds:2     -- 0.41 IPC (0.41 IPC) --  N/A  KHz (2.23 KHz)
**Core 03 Thread 127 Finished:   insts:44          cycles:10776      (53875)  seconds:1     -- 0.00 IPC (0.00 IPC) --  N/A  KHz (0.04 KHz) 
**Core 01 Thread 126 Finished:   insts:44          cycles:10779      (53890)  seconds:2     -- 0.00 IPC (0.00 IPC) --  N/A  KHz (0.02 KHz) 
**Core 01 Thread 123 Finished:   insts:44          cycles:10780      (53895)  seconds:2     -- 0.00 IPC (0.00 IPC) --  N/A  KHz (0.02 KHz) 
**Core 01 Thread 127 Finished:   insts:44          cycles:10783      (53910)  seconds:2     -- 0.00 IPC (0.00 IPC) --  N/A  KHz (0.02 KHz) 
**Core 01 Core_Total  Finished:   insts:4466        cycles:10783      (53910) seconds:2     -- 0.41 IPC (0.41 IPC) --  N/A  KHz (2.23 KHz)
**Core 02 Thread 127 Finished:   insts:44          cycles:10784      (53915)  seconds:1     -- 0.00 IPC (0.00 IPC) --  N/A  KHz (0.04 KHz) 
**Core 02 Thread 124 Finished:   insts:44          cycles:10785      (53920)  seconds:1     -- 0.00 IPC (0.00 IPC) --  N/A  KHz (0.04 KHz) 
**Core 02 Thread 122 Finished:   insts:44          cycles:10786      (53925)  seconds:1     -- 0.00 IPC (0.00 IPC) --  N/A  KHz (0.04 KHz) 
**Core 02 Thread 121 Finished:   insts:44          cycles:10787      (53930)  seconds:1     -- 0.00 IPC (0.00 IPC) --  N/A  KHz (0.04 KHz) 
**Core 02 Thread 125 Finished:   insts:44          cycles:10788      (53935)  seconds:1     -- 0.00 IPC (0.00 IPC) --  N/A  KHz (0.04 KHz) 
**Core 02 Thread 126 Finished:   insts:44          cycles:10791      (53950)  seconds:1     -- 0.00 IPC (0.00 IPC) --  N/A  KHz (0.04 KHz) 
**Core 02 Core_Total  Finished:   insts:4466        cycles:10791      (53950) seconds:1     -- 0.41 IPC (0.41 IPC) --  N/A  KHz (4.47 KHz)
**Core 03 Thread 124 Finished:   insts:44          cycles:10792      (53955)  seconds:1     -- 0.00 IPC (0.00 IPC) --  N/A  KHz (0.04 KHz) 
**Core 03 Thread 125 Finished:   insts:44          cycles:10795      (53970)  seconds:1     -- 0.00 IPC (0.00 IPC) --  N/A  KHz (0.04 KHz) 
**Core 03 Thread 126 Finished:   insts:44          cycles:10796      (53975)  seconds:1     -- 0.00 IPC (0.00 IPC) --  N/A  KHz (0.04 KHz) 
src/retire.cc:566: (I=20  C=53975):  ----- application 0 terminated (/benchrun/macsim/cuda6-transpose/sm86_a4000/input-repeat1-dimx32-dimy32/results/traces/_Z17transposeDiagonalPfS_ii_1/Trace.txt,0) at 53975
**Core 03 Core_Total  Finished:   insts:4466        cycles:10796      (53975) seconds:1     -- 0.41 IPC (0.41 IPC) --  N/A  KHz (4.47 KHz)
src/macsim.cc:620: (I=20  C=53976):  finalize simulation
src/macsim.cc:627: (I=20  C=53976):  elapsed time:1.5 seconds
Done
