

Performing the initial setup !!!
Reading the configuration file
initializing cores...
Cache paramtersS_NUCA
Cache paramtersS_NUCA
initializing memory system...
0TPC idjava thread0
0SM idjava thread0
--  starting java thread0
1TPC idjava thread1
0SM idjava thread1
--  starting java thread1
2TPC idjava thread2
0SM idjava thread2
--  starting java thread2
3TPC idjava thread3
0SM idjava thread3
--  starting java thread3
4TPC idjava thread4
0SM idjava thread4
--  starting java thread4
5TPC idjava thread5
0SM idjava thread5
--  starting java thread5
6TPC idjava thread6
0SM idjava thread6
--  starting java thread6
7TPC idjava thread7
0SM idjava thread7
--  starting java thread7


Running the simulation !!!
runners started for thread
1
1
1
1
Simulated 1 kernels on 1
Blocks are executed1for the thread1
Simulated 1 kernels on 0
Blocks are executed1for the thread0
1
1
Simulated 1 kernels on 2
Simulated 1 kernels on 3
Blocks are executed1for the thread2
Blocks are executed1for the thread3
1
1
Simulated 2 kernels on 0
Blocks are executed1for the thread0
Simulated 2 kernels on 1
Blocks are executed1for the thread1
1
Simulated 2 kernels on 2
Blocks are executed1for the thread2
Simulated 2 kernels on 3
Blocks are executed1for the thread3
1
1
1
Simulated 3 kernels on 0
Blocks are executed1for the thread0
1
Simulated 3 kernels on 1
Blocks are executed1for the thread1
1
Simulated 3 kernels on 3
Blocks are executed1for the thread3
Simulated 3 kernels on 2
Blocks are executed1for the thread2
1
1
Simulated 4 kernels on 0
Blocks are executed1for the thread0
1
Simulated 4 kernels on 2
Blocks are executed1for the thread2
1
Simulated 5 kernels on 0
Simulated 4 kernels on 1
Blocks are executed1for the thread1
Simulated 4 kernels on 3
Blocks are executed1for the thread0
Blocks are executed1for the thread3
1
1
1
Simulated 5 kernels on 2
Blocks are executed1for the thread2
1
Simulated 5 kernels on 3
Blocks are executed1for the thread3
Simulated 6 kernels on 0
Blocks are executed1for the thread0
1
1
Simulated 5 kernels on 1
Blocks are executed1for the thread1
1
Simulated 6 kernels on 2
Blocks are executed1for the thread2
1
Simulated 6 kernels on 3
Blocks are executed1for the thread3
1
Simulated 7 kernels on 0
Blocks are executed1for the thread0
1
Simulated 6 kernels on 1
Blocks are executed1for the thread1
1
Simulated 7 kernels on 2
Blocks are executed1for the thread2
1
Simulated 7 kernels on 3
Blocks are executed1for the thread3
1
Simulated 8 kernels on 0
Blocks are executed1for the thread0
1
Simulated 7 kernels on 1
Blocks are executed1for the thread1
1
Simulated 8 kernels on 3
Blocks are executed1for the thread3
Simulated 8 kernels on 2
Blocks are executed1for the thread2
1
1
Simulated 9 kernels on 0
Blocks are executed1for the thread0
Simulated 8 kernels on 1
Blocks are executed1for the thread1
1
1
Simulated 9 kernels on 2
Blocks are executed1for the thread2
Simulated 9 kernels on 3
Blocks are executed1for the thread3
1
1
Simulated 10 kernels on 0
Blocks are executed1for the thread0
Simulated 9 kernels on 1
Blocks are executed1for the thread1
1
1
Simulated 10 kernels on 2
Blocks are executed1for the thread2
1
Simulated 10 kernels on 3
Blocks are executed1for the thread3
1
Simulated 11 kernels on 0
Blocks are executed1for the thread0
1
Simulated 10 kernels on 1
Blocks are executed1for the thread1
1
Simulated 11 kernels on 2
Blocks are executed1for the thread2
1
Simulated 11 kernels on 3
Blocks are executed1for the thread3
1
Simulated 12 kernels on 0
Blocks are executed1for the thread0
Simulated 11 kernels on 1
Blocks are executed1for the thread1
1
1
Simulated 12 kernels on 2
Blocks are executed1for the thread2
1
Simulated 12 kernels on 3
Blocks are executed1for the thread3
1
Simulated 12 kernels on 1
Simulated 13 kernels on 0
Blocks are executed1for the thread1
Blocks are executed1for the thread0
1
1
Simulated 13 kernels on 2
Blocks are executed1for the thread2
1
Simulated 13 kernels on 3
Blocks are executed1for the thread3
1
Simulated 13 kernels on 1
Blocks are executed1for the thread1
Simulated 14 kernels on 0
Blocks are executed1for the thread0
1
Simulated 14 kernels on 2
Blocks are executed1for the thread2
1
1
Simulated 14 kernels on 3
Blocks are executed1for the thread3
1
Simulated 14 kernels on 1
Blocks are executed1for the thread1
1
Simulated 15 kernels on 2
Blocks are executed1for the thread2
1
Simulated 15 kernels on 0
Blocks are executed1for the thread0
1
Simulated 15 kernels on 3
Blocks are executed1for the thread3
1
Simulated 15 kernels on 1
Blocks are executed1for the thread1
1
Simulated 16 kernels on 2
Blocks are executed1for the thread2
Simulated 16 kernels on 0
Blocks are executed1for the thread0
Simulated 16 kernels on 3
Blocks are executed1for the thread3
Simulated 16 kernels on 1
Blocks are executed1for the thread1


Instructions per Second	=	0.12435904355805041 KIPS		
****************************************************************************
TOTAL INSTRUCTIONS = 2304
TOTAL CYCLES = 9440
TOTAL INSTRUCTIONS PER CYCLE = 0.2440677966101695
****************************************************************************


Simulation completed !!
shut down
