options: Options {
    input: "/benchrun/tejas/cuda6-transpose/sm6_gtx1080/input-repeat1-dimx32-dimy32/results/stats.txt",
    output: "/benchrun/tejas/cuda6-transpose/sm6_gtx1080/input-repeat1-dimx32-dimy32/results/stats.csv",
}
stats: Stats {
    emulator_type: Some(
        "OCELOT",
    ),
    created: None,
    sim_time: Some(
        18.371s,
    ),
    total_inst_count: Some(
        2304,
    ),
    total_cycle_count: Some(
        9440,
    ),
    dram_total_reads: 0,
    dram_total_writes: 0,
    dram_avg_read_latency: Some(
        0.0,
    ),
    total_instr_cache_access: Some(
        0,
    ),
    total_const_cache_access: Some(
        0,
    ),
    total_shared_cache_access: Some(
        0,
    ),
    total_instr_cache_misses: Some(
        4,
    ),
    total_const_cache_misses: Some(
        68,
    ),
    total_shared_cache_misses: Some(
        0,
    ),
    kips: Some(
        0.12541505633879485,
    ),
    total_ipc: Some(
        0.2440677966101695,
    ),
}
done after 20.536283ms
