options: Options {
    input: "/benchrun/accelsim-sass/sm86_rtx3070/vectoradd/input-1000000/results/log.txt",
    output: "/benchrun/accelsim-sass/sm86_rtx3070/vectoradd/input-1000000/results/stats.csv",
    per_kernel: false,
    kernel_instance: false,
    configs_as_rows: false,
    config_list: None,
    benchmark_list: None,
    sim_name: None,
    strict: false,
}
GPGPU-sim version: Some("accelsim-commit-e02c99dbadefc0b9dc95317100be2a446eec142c_modified_0.0")
stats: {
    (
        "final_kernel",
        0,
        "l2_bandwidth_gbps",
    ): 389.2654,
    (
        "final_kernel",
        0,
        "gpgpu_simulation_rate",
    ): 658.0,
    (
        "final_kernel",
        0,
        "gpu_ipc",
    ): 214.9598,
    (
        "final_kernel",
        0,
        "gpu_tot_ipc",
    ): 214.9598,
    (
        "final_kernel",
        0,
        "gpu_tot_sim_cycle",
    ): 69793.0,
    (
        "final_kernel",
        0,
        "total_core_cache_read_total",
    ): 500000.0,
    (
        "final_kernel",
        0,
        "l2_cache_read_hit",
    ): 0.0,
    (
        "final_kernel",
        0,
        "total_dram_reads",
    ): 500000.0,
    (
        "final_kernel",
        0,
        "gpu_occupancy",
    ): 51.9514,
    (
        "final_kernel",
        0,
        "total_core_cache_read_hit",
    ): 0.0,
    (
        "final_kernel",
        0,
        "gpgpu_n_tot_w_icount",
    ): 500084.0,
    (
        "final_kernel",
        0,
        "l2_cache_read_total",
    ): 500000.0,
    (
        "final_kernel",
        0,
        "kernel_launch_uid",
    ): 1.0,
    (
        "final_kernel",
        0,
        "l2_cache_read_miss",
    ): 125000.0,
    (
        "final_kernel",
        0,
        "l2_cache_write_hit",
    ): 0.0,
    (
        "final_kernel",
        0,
        "total_dram_writes",
    ): 202780.0,
    (
        "final_kernel",
        0,
        "gpgpu_silicon_slowdown",
    ): 1720364.0,
    (
        "final_kernel",
        0,
        "l2_cache_write_miss",
    ): 62500.0,
    (
        "final_kernel",
        0,
        "total_core_cache_write_total",
    ): 250000.0,
    (
        "final_kernel",
        0,
        "gpgpu_simulation_time_sec",
    ): 106.0,
    (
        "final_kernel",
        0,
        "total_core_cache_read_mshr_hit",
    ): 0.0,
    (
        "final_kernel",
        0,
        "total_core_cache_write_hit",
    ): 0.0,
    (
        "final_kernel",
        0,
        "gpu_total_instructions",
    ): 15002688.0,
    (
        "final_kernel",
        0,
        "l2_cache_write_total",
    ): 250000.0,
}
done in 14.882514ms: 189.23 KiB parsed (16.00 EiB/s)
