options: Options {
    input: "/benchrun/accelsim-ptx/cuda4-matrixmul/sm6_gtx1080/input-32/results/log.txt",
    output: "/benchrun/accelsim-ptx/cuda4-matrixmul/sm6_gtx1080/input-32/results/stats.csv",
    per_kernel: false,
    kernel_instance: false,
    configs_as_rows: false,
    config_list: None,
    benchmark_list: None,
    sim_name: None,
    strict: false,
}
GPGPU-sim version: Some("gpgpu-sim_git-commit-13c67115070dc2f0876254a790d0238073ca364a_modified_0.0")
stats: {
    (
        "final_kernel",
        0,
        "total_core_cache_read_hit",
    ): 0.0,
    (
        "final_kernel",
        0,
        "gpu_ipc",
    ): 31.1837,
    (
        "final_kernel",
        0,
        "l2_cache_write_total",
    ): 32.0,
    (
        "final_kernel",
        0,
        "kernel_launch_uid",
    ): 1.0,
    (
        "final_kernel",
        0,
        "total_dram_reads",
    ): 172.0,
    (
        "final_kernel",
        0,
        "total_core_cache_write_hit",
    ): 0.0,
    (
        "final_kernel",
        0,
        "l2_cache_read_miss",
    ): 0.0,
    (
        "final_kernel",
        0,
        "l2_cache_read_hit",
    ): 64.0,
    (
        "final_kernel",
        0,
        "gpgpu_n_tot_w_icount",
    ): 4992.0,
    (
        "final_kernel",
        0,
        "gpu_occupancy",
    ): 49.5444,
    (
        "final_kernel",
        0,
        "gpu_total_instructions",
    ): 157696.0,
    (
        "final_kernel",
        0,
        "l2_bandwidth_gbps",
    ): 2.0055,
    (
        "final_kernel",
        0,
        "l2_cache_write_miss",
    ): 32.0,
    (
        "final_kernel",
        0,
        "l2_cache_write_hit",
    ): 0.0,
    (
        "final_kernel",
        0,
        "gpgpu_silicon_slowdown",
    ): 317777.0,
    (
        "final_kernel",
        0,
        "total_core_cache_read_mshr_hit",
    ): 0.0,
    (
        "final_kernel",
        0,
        "gpu_tot_sim_cycle",
    ): 5057.0,
    (
        "final_kernel",
        0,
        "gpgpu_simulation_time_sec",
    ): 1.0,
    (
        "final_kernel",
        0,
        "l2_cache_read_total",
    ): 64.0,
    (
        "final_kernel",
        0,
        "gpgpu_simulation_rate",
    ): 5057.0,
    (
        "final_kernel",
        0,
        "const_cache_read_total",
    ): 1.0,
    (
        "final_kernel",
        0,
        "total_dram_writes",
    ): 128.0,
    (
        "final_kernel",
        0,
        "gpu_tot_ipc",
    ): 31.1837,
}
done in 13.03729ms: 76.05 KiB parsed (16.00 EiB/s)
